#  log(Observed catch)- log(Expected catch)
# Species,Quarter,Year, Age_0, Age_1, Age_2, Age_3, Age_4, Age_5, Age_6, Age_7, Age_8
2,1,1974     ,-0.2332,0.4143,0.4343,0.1740,-0.0989,-0.1336,-0.3930,-0.3846
2,1,1975     ,0.5590,0.6517,0.1871,0.2407,-0.0115,-0.7126,-0.2245,-0.0249
2,1,1976     ,0.0373,-1.0368,-0.0919,0.2157,-0.0381,-0.0453,0.2305,0.2185
2,1,1977     ,-0.4433,-0.0920,0.4819,0.1963,0.1913,-0.2831,-0.3343,-0.2132
2,1,1978     ,0.1943,0.6754,0.3916,0.5670,0.2926,0.1547,0.2369,-0.0375
2,1,1979     ,-1.6972,0.5053,0.4825,-0.1096,-0.3495,-0.4042,0.0538,-0.0938
2,1,1980     ,1.1055,0.2128,0.2528,0.0814,-0.0684,-0.2917,-0.0645,0.1164
2,1,1981     ,-0.8050,0.2839,0.3204,0.2239,-0.1507,0.2310,0.5390,0.4567
2,1,1982     ,-0.4779,0.4282,0.5354,-0.1305,-0.2920,-0.4051,0.0910,0.1976
2,1,1983     ,0.0170,0.0878,0.6752,0.4872,0.1998,0.3818,0.5025,0.6293
2,1,1984     ,-0.1589,-0.0066,0.1929,0.4940,-0.0427,0.1008,0.1966,0.3021
2,1,1985     ,0.6487,-0.7056,-0.2657,-0.2612,-0.4457,-0.4960,-0.6930,-1.3638
2,1,1986     ,0.4724,-0.1865,0.1409,0.2407,0.1766,-0.0894,-0.5773,-0.6454
2,1,1987     ,-0.7177,-0.8500,-0.5775,-0.3703,-0.1783,0.0993,-0.7253,-0.2955
2,1,1988     ,1.5591,-0.2246,-0.2773,0.0657,0.1336,0.2562,0.2965,0.0259
2,1,1989     ,-0.6448,-0.4151,0.4562,-0.0702,-0.1152,0.1191,-0.2202,-0.4938
2,1,1990     ,-1.2439,0.1754,-0.3285,0.1002,-0.3083,-0.1879,-0.0323,-0.6588
2,1,1991     ,-1.4863,-0.1562,-0.1922,-0.3224,-0.0987,0.0912,0.1789,-0.1187
2,1,1992     ,-0.3819,0.3009,0.5001,0.0048,-0.0965,0.4914,0.5479,0.1058
2,1,1993     ,-0.3533,0.0923,0.1138,0.0360,-0.4171,-0.4272,-0.2896,-0.7819
2,1,1994     ,-0.8326,-1.0176,-0.7843,-0.4018,0.0179,0.3456,0.7026,-0.2933
2,1,1995     ,-0.0461,0.0247,0.4933,0.5328,-0.1625,-0.2132,-0.3659,-0.3475
2,1,1996     ,0.2425,-0.5568,-0.5094,-0.3261,-0.4767,-0.0584,-0.2491,-0.3688
2,1,1997     ,-0.2063,-0.0062,-0.2096,-0.0305,-0.2020,-0.3861,-0.4665,-0.9294
2,1,1998     ,0.7411,0.0436,0.0550,0.3486,0.3497,0.1779,0.0720,-0.2256
2,1,1999     ,1.0754,0.6576,-0.0544,0.5064,0.3513,0.3814,0.3127,-0.2556
2,1,2000     ,1.0000,0.8247,0.3903,0.3328,0.2315,0.3220,0.1290,-0.2734
2,1,2001     ,0.8611,0.2703,-0.2303,0.0381,-0.0372,0.0508,0.3591,0.0536
2,1,2002     ,0.5397,0.0012,0.3730,-0.0398,0.2108,0.3864,0.4111,0.2758
2,1,2003     ,0.4327,-0.3167,-0.3483,0.2005,-0.0255,0.0573,0.4641,0.5940
2,1,2004     ,0.2747,-0.0576,0.0926,0.2354,-0.0521,0.3630,0.2036,0.1975
2,1,2005     ,-0.4992,-0.0594,-0.1901,-0.0733,-0.2518,-0.3685,-0.5704,-0.5669
2,1,2006     ,-0.2520,-0.6651,-0.1337,-0.1486,-0.2213,0.0354,0.1150,0.3081
2,1,2007     ,-0.2688,0.0446,0.0375,0.0083,-0.4566,-0.3490,-0.5129,-0.8948
2,1,2008     ,-0.7402,0.0277,0.0639,-0.1694,-0.3151,-0.0492,-0.3864,-0.2927
2,1,2009     ,-0.0339,0.0436,0.0702,0.0687,-0.2257,0.0329,0.3415,-0.0514
2,1,2010     ,-0.8010,-0.6140,-0.0606,-0.1334,-0.3207,-0.2734,0.0967,-0.1047
2,1,2011     ,-0.2720,-0.3548,-0.1358,0.1742,-0.1856,-0.1080,0.0775,-0.3342
2,1,2012     ,0.1059,0.1228,0.0492,0.1794,0.0952,0.1081,0.0241,-0.0139
2,1,2013     ,0.0486,0.4967,-0.0959,0.2141,0.2734,0.2375,0.1711,-0.0366
2,1,2014     ,0.2092,0.4176,0.5512,0.3782,0.2711,0.2889,0.0068,-0.0678
2,1,2015     ,0.6299,-0.0130,0.1585,0.4558,-0.1740,-0.0641,0.0636,-0.1919
2,1,2016     ,-0.0116,0.4937,-0.1557,-0.0618,-0.1312,0.1134,0.5946,-0.1661
2,1,2017     ,0.3496,-0.2755,0.2166,-0.1395,-0.1361,-0.1948,0.3715,-0.4027
2,1,2018     ,0.4761,-0.0778,-0.1517,0.1344,-0.0450,0.0381,0.2936,-0.3281
2,1,2019     ,-0.1340,0.1755,0.0276,-0.1304,0.1516,0.2379,0.1773,-0.4555
2,1,2020     ,0.4184,-0.2582,0.1208,-0.1818,-0.2802,0.0388,-0.1664,-0.4866
2,1,2021     ,0.6978,0.3165,0.2541,-0.0179,-0.1785,0.3006,0.1875,-0.6373
# Species,Quarter,Year, Age_0, Age_1, Age_2, Age_3, Age_4, Age_5, Age_6, Age_7, Age_8
2,2,1974     ,0.0457,-0.0179,-0.0465,-0.1090,-0.6363,-0.3476,-0.1404,-0.7842
2,2,1975     ,0.2864,0.3802,-0.0965,-0.0836,-0.3342,-0.7770,-0.5091,-0.3957
2,2,1976     ,-0.3032,-0.3050,-0.2523,-0.2027,-0.1724,0.0109,-0.0655,0.1106
2,2,1977     ,-0.6479,-0.3216,0.2314,-0.0684,-0.0042,0.0894,0.0213,0.0886
2,2,1978     ,0.2572,0.5158,0.0282,0.2561,-0.1786,-0.3552,-0.0232,-0.1099
2,2,1979     ,-1.2659,-0.0411,0.1239,0.0482,-0.0359,-0.3935,0.0668,-0.0244
2,2,1980     ,0.9700,0.3987,0.0583,-0.2317,0.1407,-0.2655,0.0572,-0.0297
2,2,1981     ,-0.1316,0.3188,0.1822,-0.0699,-0.3127,0.1991,-0.3284,-0.1487
2,2,1982     ,-0.0843,0.4443,0.5003,0.2764,0.0383,-0.1682,0.3684,0.0740
2,2,1983     ,0.6954,-0.2994,0.0566,0.1417,-0.2604,-0.0391,-0.1724,-0.0637
2,2,1984     ,0.2306,-0.2646,-0.0190,0.2456,0.1104,0.0669,0.3553,0.1361
2,2,1985     ,-0.4782,-0.0587,0.0614,0.3028,0.4727,0.5931,0.6735,0.4893
2,2,1986     ,0.6337,0.0042,0.0722,0.2960,0.2162,0.1356,0.1057,-0.0237
2,2,1987     ,-0.1490,-0.3310,0.1489,0.3469,0.3677,0.4879,0.4548,0.1920
2,2,1988     ,0.0278,0.1301,-0.0363,0.1662,0.3360,0.3652,0.5441,0.1136
2,2,1989     ,-0.4596,-0.0620,0.3556,0.0169,0.0367,0.4655,0.3051,0.2204
2,2,1990     ,-1.7237,0.0133,-0.4345,0.1736,-0.2256,0.2169,0.2152,0.0660
2,2,1991     ,-1.6176,0.0361,-0.0299,-0.1424,0.2463,0.0406,0.3828,0.2032
2,2,1992     ,-0.6293,0.1104,0.2778,0.1113,-0.1461,0.4954,0.3446,0.4544
2,2,1993     ,0.3128,0.3303,0.0102,0.2868,-0.0555,0.2797,0.3434,0.1095
2,2,1994     ,0.0039,0.0542,-0.0226,0.0995,0.2203,0.3106,0.3023,0.5572
2,2,1995     ,0.0277,-0.2383,-0.1874,-0.0825,-0.1208,-0.0323,0.2364,0.3130
2,2,1996     ,-0.1610,-0.0160,-0.1028,0.1460,0.1115,0.5015,0.5733,0.5484
2,2,1997     ,0.5603,0.1144,-0.3902,-0.0567,-0.0364,0.0857,0.2410,-0.0912
2,2,1998     ,0.3517,-0.0873,-0.3667,-0.2799,-0.1235,0.0351,0.0078,0.5338
2,2,1999     ,0.5757,0.0521,-0.0382,-0.1389,-0.4031,-0.0967,-0.0075,-0.0834
2,2,2000     ,0.6412,0.1615,-0.3125,-0.2381,-0.2825,-0.4418,-0.3420,-0.2223
2,2,2001     ,0.7804,0.0243,-0.4294,-0.4833,-0.7400,-0.4092,-0.4555,-0.0846
2,2,2002     ,0.9986,-0.0844,-0.2863,-0.2291,-0.4627,-0.1037,-0.0820,0.4097
2,2,2003     ,0.2419,0.1360,-0.1831,-0.1202,-0.2158,-0.3174,0.1981,0.4780
2,2,2004     ,0.0545,-0.7197,-0.4337,-0.1876,-0.6661,-0.1064,-0.2942,0.1811
2,2,2005     ,1.0873,0.2809,-0.0739,0.1410,0.1162,0.1653,0.6358,1.1251
2,2,2006     ,0.5527,0.1531,0.1182,-0.1295,-0.0998,-0.0016,-0.1616,0.2156
2,2,2007     ,0.1732,0.1661,0.1194,-0.2714,-0.2518,-0.0987,-0.0632,-0.3490
2,2,2008     ,-0.5020,-0.0465,-0.0008,0.0363,-0.4689,0.3190,0.1075,0.4186
2,2,2009     ,-0.0437,0.1194,0.0004,-0.0254,-0.5841,-0.6029,0.2075,0.0175
2,2,2010     ,-0.2370,-0.1192,0.1449,-0.1178,-0.0054,0.2056,-0.2697,0.1589
2,2,2011     ,0.3978,0.2475,0.2889,0.4192,0.0985,0.1846,0.1776,0.0869
2,2,2012     ,-0.8059,0.4119,0.1724,0.0793,-0.0886,-0.0135,-0.0694,0.2739
2,2,2013     ,-0.2404,0.0767,0.2314,0.3187,-0.0523,-0.2629,0.4192,0.1670
2,2,2014     ,0.8823,0.0974,0.2005,-0.0420,0.0977,0.0715,-0.2468,-0.0806
2,2,2015     ,-0.6165,0.1449,0.0069,-0.1772,-0.3403,-0.1128,-0.0091,-0.2706
2,2,2016     ,0.2634,-0.4974,0.1145,0.0587,-0.2485,0.0162,0.4136,0.1999
2,2,2017     ,-0.1586,-0.6901,-0.4849,-0.4190,-0.4462,-0.3252,-0.2420,-0.3395
2,2,2018     ,-0.1959,0.0182,0.0969,-0.2186,-0.2196,-0.0257,-0.0461,-0.2248
2,2,2019     ,-0.6584,0.1805,-0.0755,-0.1016,-0.2581,0.1783,0.5376,-0.3439
2,2,2020     ,-0.1770,-0.5612,-0.0980,-0.6445,-0.2131,-0.4063,-0.2296,-0.3316
2,2,2021     ,0.2398,-0.0678,0.1745,-0.1989,0.0454,0.1060,-0.3493,-0.4313
# Species,Quarter,Year, Age_0, Age_1, Age_2, Age_3, Age_4, Age_5, Age_6, Age_7, Age_8
2,3,1974,-99.9,0.2776,-0.2856,-0.3962,-0.7599,0.7156,0.4399,-0.0943,0.2327
2,3,1975,-99.9,0.3265,-0.0045,-0.5322,-0.3852,0.5428,0.2643,-0.0115,0.5520
2,3,1976,-99.9,-0.2678,0.0449,0.2131,0.0994,0.2974,0.2918,0.4419,0.3353
2,3,1977,-99.9,0.7179,0.2320,0.0936,-0.3674,-0.2157,-0.3033,-0.1327,0.3146
2,3,1978,-99.9,0.9904,0.3506,-0.4787,-0.4711,-0.8282,-0.2151,-0.2580,-0.1892
2,3,1979,-99.9,-0.0867,0.1243,-0.0875,0.0817,-0.0516,0.2226,0.4109,0.6446
2,3,1980,-99.9,0.1970,0.0991,-0.3257,-0.2575,-0.2258,0.0060,-0.0611,0.0094
2,3,1981,-99.9,0.3919,0.2163,-0.2653,-0.1468,-0.2767,-0.0043,0.1911,0.3890
2,3,1982,-99.9,-0.2510,0.1860,-0.5423,-0.3550,-0.4433,-0.2588,-0.0764,0.1071
2,3,1983,-99.9,-0.5065,-0.2102,-0.0843,-0.2214,-0.3033,-0.3112,0.1538,0.3482
2,3,1984,-99.9,-0.5138,-0.4285,-0.5084,-0.1224,-0.2743,0.0074,-0.0972,0.4547
2,3,1985,-99.9,-0.0643,-0.1107,-0.1938,-0.0971,-0.0465,0.2172,0.6927,0.8106
2,3,1986,-99.9,-0.7450,0.0403,-0.2934,0.1743,0.2313,0.2211,0.5904,0.9439
2,3,1987,-99.9,-0.0029,0.1637,-0.2749,0.0983,0.4387,0.4860,0.2177,0.4258
2,3,1988,-99.9,-0.3201,-0.1768,-0.4003,-0.4410,-0.2327,0.1086,0.3228,0.1463
2,3,1989,-99.9,0.5003,0.1593,0.0349,0.1919,0.1215,0.4838,0.5931,0.7019
2,3,1990,-99.9,0.0209,0.8005,0.6075,0.0817,0.7929,0.4871,-0.0381,-0.1008
2,3,1991,-99.9,-0.5985,0.2555,0.2762,0.1203,-0.0735,0.3133,0.2183,-0.0494
2,3,1992,-99.9,0.2712,-0.0935,-0.2382,-0.1682,-0.1363,-0.4010,0.2080,-0.5722
2,3,1993,-99.9,-0.3011,0.0201,0.0007,-0.0132,0.0698,0.5218,-0.0756,-0.5016
2,3,1994,-99.9,-0.7565,-0.1117,0.1310,0.0880,-0.0882,-0.0664,0.4001,-0.2758
2,3,1995,-99.9,-0.4877,-0.3353,-0.0697,0.0469,0.1015,0.2527,0.0319,0.0011
2,3,1996,-99.9,-0.0410,0.0066,-0.0625,0.1434,0.2158,0.4873,0.2557,-0.0536
2,3,1997,-99.9,-0.3001,-0.0893,-0.1066,0.1374,0.1503,0.1469,0.2654,-0.2195
2,3,1998,-99.9,0.4093,0.2620,0.2725,-0.0659,-0.2857,-0.0400,-0.1624,-0.2338
2,3,1999,-99.9,0.5335,0.0355,0.0607,-0.5309,-0.5460,-0.1940,-0.2668,-0.6952
2,3,2000,-99.9,0.5783,0.1729,-0.2084,-0.4199,-0.5368,-0.4279,-0.0320,-0.3493
2,3,2001,-99.9,0.8641,0.5178,0.1477,-0.0339,-0.1853,0.3693,0.4912,0.3672
2,3,2002,-99.9,0.4664,-0.4922,-0.3059,-0.5661,-0.3498,-0.4370,0.0116,0.4355
2,3,2003,-99.9,-0.6179,-0.3848,-0.6399,-0.2952,-0.4714,-0.0477,0.2188,0.4486
2,3,2004,-99.9,-0.6333,-0.8170,-0.5823,-0.2450,-0.0953,0.1825,0.2395,0.5998
2,3,2005,-99.9,-0.0143,-0.0626,-0.3313,0.0950,-0.0811,-0.0455,0.3166,0.1658
2,3,2006,-99.9,0.3871,0.4944,-0.2508,-0.1537,-0.1476,0.2538,-0.2909,-0.1524
2,3,2007,-99.9,-0.1644,-0.2593,-0.1753,-0.0679,0.0729,0.4145,0.3943,-0.0878
2,3,2008,-99.9,0.1616,-0.0111,-0.2646,-0.1283,-0.0004,0.2838,0.1582,-0.0432
2,3,2009,-99.9,0.0623,0.2693,-0.3433,-0.0791,-0.2428,0.2970,0.4640,0.3560
2,3,2010,-99.9,0.4749,-0.0654,-0.0986,0.1056,-0.0214,0.2579,0.0511,-0.6147
2,3,2011,-99.9,0.3769,0.6689,-0.1442,0.0949,-0.1548,-0.0563,0.3081,-0.0661
2,3,2012,-99.9,-0.3246,0.4308,-0.4617,0.0718,0.4011,0.6570,0.3459,-0.0232
2,3,2013,-99.9,0.1067,-0.1375,-0.5000,-0.5376,0.4236,0.7483,1.1657,0.8825
2,3,2014,-99.9,0.1274,-0.7145,-0.3926,-0.3362,-0.5387,-0.0608,0.0120,-0.0507
2,3,2015,-99.9,-0.7831,-0.0363,-0.3394,-0.0608,-0.3275,-0.1439,0.3825,0.1067
2,3,2016,-99.9,-0.7198,-0.6138,-0.2919,0.0543,-0.2190,-0.3266,0.1662,0.3283
2,3,2017,-99.9,0.2115,0.1674,0.0886,0.2095,-0.0635,0.3524,0.5919,-0.0183
2,3,2018,-99.9,0.1594,-0.2572,-0.5014,-0.4551,-0.1701,-0.1896,-0.2121,-0.2243
2,3,2019,-99.9,0.0003,0.0533,-0.2885,-0.3149,-0.6154,0.0678,0.2104,-0.4144
2,3,2020,-99.9,-0.1690,0.2039,-0.1587,0.0316,0.1105,0.4521,0.3579,-0.1941
2,3,2021,-99.9,0.0881,-0.1481,-0.2106,-0.2331,-0.2620,0.2572,-0.2272,-0.0190
# Species,Quarter,Year, Age_0, Age_1, Age_2, Age_3, Age_4, Age_5, Age_6, Age_7, Age_8
2,4,1974,-99.9,0.0630,-0.0124,0.4041,0.2497,0.6629,0.4979,0.4459,0.2755
2,4,1975,-99.9,0.9934,0.1543,0.0074,0.0219,0.3461,-0.0232,0.1105,0.1702
2,4,1976,-99.9,-0.1532,0.1449,0.4447,-0.0840,-0.0576,-0.0654,-0.1795,-0.2809
2,4,1977,-99.9,0.0176,0.0029,0.2139,-0.0840,0.0579,0.0081,0.0207,0.1376
2,4,1978,-99.9,0.1947,0.1357,-0.0652,-0.1040,-0.3147,-0.3317,-0.1311,-0.4284
2,4,1979,-99.9,-0.5286,-0.2298,-0.1166,-0.0563,-0.3466,0.0874,0.2559,0.5374
2,4,1980,-99.9,0.4177,-0.0015,-0.0038,-0.2854,-0.0670,-0.1054,0.0520,-0.2464
2,4,1981,-99.9,-0.0537,0.0528,-0.2501,-0.1927,-0.4763,-0.3686,-0.2759,-0.2034
2,4,1982,-99.9,-0.0774,0.0712,-0.0883,-0.0042,-0.1576,0.0973,0.0619,0.2048
2,4,1983,-99.9,-0.1857,-0.0962,-0.0136,0.0174,-0.2801,-0.2013,-0.4276,-0.2709
2,4,1984,-99.9,-0.3377,-0.1713,0.2633,0.2384,0.0843,0.2072,-0.1291,-0.1337
2,4,1985,-99.9,0.5604,0.4103,0.2439,0.1583,0.0025,0.2203,0.5732,0.2081
2,4,1986,-99.9,-0.1184,-0.0641,0.1850,-0.0372,-0.1746,-0.4500,0.1394,-0.1583
2,4,1987,-99.9,0.0969,-0.3852,0.2088,0.5309,0.1907,0.3316,0.3783,-0.1211
2,4,1988,-99.9,-0.4598,0.3725,0.0224,-0.1280,0.1140,0.0267,-0.3230,-0.5498
2,4,1989,-99.9,-0.0959,-0.7523,0.1215,-0.3011,-0.0683,0.0461,0.1775,0.0086
2,4,1990,-99.9,-0.7828,0.0252,0.3088,0.5630,0.4593,0.5323,0.2488,-0.1048
2,4,1991,-99.9,-0.5009,0.0148,0.2787,-0.0526,-0.0057,0.3412,0.0063,-0.3795
2,4,1992,-99.9,0.3336,-0.3383,-0.4101,-0.3822,-0.6047,-0.5411,-0.4951,-1.3847
2,4,1993,-99.9,-0.0329,0.2039,0.2858,0.0348,0.0150,0.1925,-0.4381,-1.1705
2,4,1994,-99.9,-0.3535,-0.0244,0.2820,0.0547,-0.1832,-0.3906,-0.1680,-0.5874
2,4,1995,-99.9,-0.6147,-0.4213,-0.0160,0.0910,-0.1354,-0.1394,-0.3144,-0.2579
2,4,1996,-99.9,0.1797,-0.1411,0.0003,0.1276,-0.0530,-0.0531,-0.2260,-0.9879
2,4,1997,-99.9,0.0158,0.1561,0.3164,0.5358,0.4683,0.4623,0.4911,-0.1439
2,4,1998,-99.9,0.4747,0.0049,0.2084,-0.0266,-0.1232,0.0074,-0.7033,-0.9172
2,4,1999,-99.9,0.1221,0.1871,0.4457,0.3560,0.3073,0.2725,0.2447,-0.4105
2,4,2000,-99.9,0.4504,0.0221,0.3987,0.4956,0.5060,0.4829,0.5504,0.2418
2,4,2001,-99.9,0.1182,0.2404,-0.0027,0.0065,-0.0527,-0.0790,0.1815,0.0455
2,4,2002,-99.9,-0.0128,0.2457,0.4098,-0.0195,-0.0580,-0.1456,-0.3961,0.0071
2,4,2003,-99.9,0.1241,0.1218,0.2065,-0.1196,0.0746,0.1746,-0.0591,-0.1505
2,4,2004,-99.9,0.2400,0.1888,0.2588,0.1706,0.1445,0.1051,0.0716,0.1402
2,4,2005,-99.9,-0.5738,-0.0732,0.2134,0.1935,-0.0394,-0.3857,-0.2938,-0.6046
2,4,2006,-99.9,0.5062,0.3489,0.1020,0.2349,-0.1294,-0.0834,-0.3965,-0.6126
2,4,2007,-99.9,0.0891,0.2178,0.7236,0.5084,0.2477,0.3293,0.1992,-0.1562
2,4,2008,-99.9,0.1998,0.0640,0.2765,0.1791,0.0059,0.1845,0.0657,-0.2131
2,4,2009,-99.9,-0.0480,-0.0843,-0.1914,0.1262,-0.3743,-0.0694,0.1139,-0.2267
2,4,2010,-99.9,0.4547,-0.3719,0.0932,0.2749,0.1288,0.6008,0.8532,0.0940
2,4,2011,-99.9,0.1675,-0.0896,-0.0108,-0.1914,-0.4599,-0.4135,-0.2907,-0.5564
2,4,2012,-99.9,-0.4032,-0.2169,-0.5490,-0.5988,-0.5376,-0.5818,-0.1632,-0.2054
2,4,2013,-99.9,0.2732,-0.3730,-0.3874,-0.5556,-0.8633,-0.9224,-1.0765,-0.9476
2,4,2014,-99.9,-0.0215,0.0857,0.2034,-0.0202,-0.2125,-0.2110,-0.4181,-0.6186
2,4,2015,-99.9,-0.8450,-0.2274,0.3158,0.3098,0.0382,0.0343,0.1251,-0.2882
2,4,2016,-99.9,-0.3305,-0.2042,-0.1938,-0.3402,-0.6155,-0.2055,0.1081,-0.6809
2,4,2017,-99.9,0.5244,-0.0235,0.1359,0.1787,0.0726,0.0338,0.4898,-0.1521
2,4,2018,-99.9,0.8723,0.4830,0.3331,0.2072,0.2931,0.3970,0.2184,-0.0474
2,4,2019,-99.9,-0.5127,-0.0470,0.2956,0.2309,0.1983,0.2785,0.2208,-0.5489
2,4,2020,-99.9,0.0641,0.4446,0.3646,0.5602,0.5501,0.8592,0.7039,0.0346
2,4,2021,-99.9,-0.6521,-0.0981,0.5811,0.3089,0.2851,0.5440,0.1544,-0.3488
# Species,Quarter,Year, Age_0, Age_1, Age_2, Age_3, Age_4, Age_5, Age_6, Age_7
3,1,1974     ,-1.5321,-1.0440,0.2397,0.0499,-1.1282,-0.9170,-0.4619
3,1,1975     ,-0.0641,-0.1490,-0.4668,0.0911,-0.3433,-0.0685,-0.1038
3,1,1976     ,-0.2923,0.3017,0.1238,-0.4246,-1.5263,-1.2266,-0.3694
3,1,1977     ,0.2096,-0.8087,0.0388,-0.4887,0.4306,-0.4458,-0.4165
3,1,1978     ,0.3787,0.0152,-0.6028,-0.4192,0.1742,0.0569,-0.8003
3,1,1979     ,-0.2242,-1.4033,-0.7213,-0.4286,-1.0432,-0.7653,0.0147
3,1,1980     ,0.1597,0.1758,0.0457,0.2247,0.0895,0.6165,-0.3539
3,1,1981     ,-1.3888,-0.3949,-0.8843,-1.3359,-0.9322,-0.0355,-1.5625
3,1,1982     ,-0.3732,0.8181,0.4067,0.5378,0.9794,0.3164,0.1127
3,1,1983     ,-1.4171,-1.2503,-0.6470,-0.3572,-0.3421,-0.2101,0.3526
3,1,1984     ,-0.1115,0.5529,0.3429,0.8004,1.0507,0.8058,0.7548
3,1,1985     ,-0.5245,0.3302,0.5618,0.6692,0.2485,-0.3537,-0.2923
3,1,1986     ,0.8224,-0.4273,-0.0282,0.4074,0.4116,0.0300,-1.3910
3,1,1987     ,-1.5294,-0.5767,-0.1204,0.7982,0.7305,0.5375,0.0476
3,1,1988     ,0.4196,1.3210,0.8248,0.6870,0.7826,0.6507,0.1112
3,1,1989     ,0.5610,1.1563,-0.2175,0.6971,0.1899,0.5537,-0.8470
3,1,1990     ,1.1388,0.2259,0.2588,0.1699,0.3808,-0.2207,-0.5345
3,1,1991     ,0.9950,0.4825,0.7087,0.7752,0.3918,0.0333,-0.3187
3,1,1992     ,0.4128,0.1749,0.3598,0.4613,0.5736,-0.2135,-0.0199
3,1,1993     ,0.5300,0.2294,0.1146,-0.1725,-0.1519,-0.0947,-0.5355
3,1,1994     ,-0.3899,-0.1904,0.1529,0.1128,0.0773,-0.3404,-0.0102
3,1,1995     ,-0.0646,-1.4593,-0.3237,0.0891,0.1987,-0.0801,-0.2767
3,1,1996     ,1.5096,0.3731,-0.0023,0.2778,-0.0236,-0.2235,-0.5669
3,1,1997     ,-0.3074,0.1964,-0.1138,0.7528,0.2286,-0.2032,-0.4364
3,1,1998     ,1.0948,-0.9108,0.0031,0.3179,0.1034,-0.4347,0.2237
3,1,1999     ,0.0153,0.0423,0.0084,0.1231,0.1259,0.1512,-0.0166
3,1,2000     ,0.0660,-0.8608,-0.2089,-0.3010,-0.3890,-0.2508,0.5924
3,1,2001     ,-0.1708,0.3017,-0.5491,0.1301,0.2244,-0.1058,0.3156
3,1,2002     ,0.0442,-0.4733,-0.1974,-0.1424,-0.5700,-0.2486,0.2179
3,1,2003     ,-0.6203,-0.2260,-0.1112,-0.2324,0.5381,-0.8841,1.1348
3,1,2004     ,-0.1349,-0.5588,-0.2370,-0.1123,-0.1096,0.3257,0.1317
3,1,2005     ,-0.4549,-0.2027,-0.3322,-0.2056,0.1236,-0.7760,1.1208
3,1,2006     ,0.4006,-0.6050,0.0962,0.1403,0.0355,0.0903,0.3267
3,1,2007     ,0.2815,0.1028,-0.2860,-0.0570,-0.0837,-0.4657,0.6622
3,1,2008     ,-0.8011,0.0910,-0.0131,0.2732,-0.2203,0.0501,0.3665
3,1,2009     ,0.3168,0.1582,0.2795,0.2417,0.5159,-0.1076,0.3023
3,1,2010     ,0.0905,-0.0102,-0.1162,-0.0721,-0.3623,0.3099,-0.1867
3,1,2011     ,0.8246,-0.4200,-0.0406,-0.0624,-0.3573,-0.5990,1.0146
3,1,2012     ,0.0534,0.0590,-0.2970,0.1244,0.0169,-0.1939,0.8094
3,1,2013     ,0.1425,0.2933,0.0507,0.0982,0.0745,-0.2310,0.1904
3,1,2014     ,0.0036,0.2142,0.2747,-0.0348,0.2606,-0.3038,0.5271
3,1,2015     ,0.2709,-0.1453,0.3649,0.4231,0.3308,0.4301,0.1717
3,1,2016     ,-0.4793,0.0873,0.1046,0.3614,0.2504,0.0768,1.4172
3,1,2017     ,-0.2391,-0.3658,0.0236,0.2470,0.0812,-0.2832,0.2442
3,1,2018     ,0.2117,0.0516,0.0787,0.1860,0.3148,-0.3472,-0.1892
3,1,2019     ,0.4340,-0.0676,-0.1112,0.1587,-0.1260,-0.5202,-0.2845
3,1,2020     ,-0.2928,-0.1867,-0.1336,0.2688,0.2108,-0.3611,-0.3277
3,1,2021     ,-0.0685,0.2450,0.3679,0.4285,0.4284,0.3494,0.1139
# Species,Quarter,Year, Age_0, Age_1, Age_2, Age_3, Age_4, Age_5, Age_6, Age_7
3,2,1974     ,0.6467,-0.7380,0.6815,0.4551,-0.2298,0.0410,-0.0617
3,2,1975     ,1.8373,-0.9041,-0.3802,0.4782,-0.0811,0.0564,-0.0086
3,2,1976     ,0.6605,0.4391,0.4831,0.0072,-0.7656,-0.1843,0.2255
3,2,1977     ,0.3132,-0.6206,0.0909,0.2681,0.2684,0.0653,0.3221
3,2,1978     ,0.5506,0.4829,0.2574,1.1448,1.0558,0.8290,-0.4802
3,2,1979     ,0.5081,-0.1263,0.1935,0.3944,0.6773,-0.0297,0.7694
3,2,1980     ,-0.9151,-0.4400,-0.4162,-0.3231,0.2152,1.2984,-0.8950
3,2,1981     ,0.3237,-0.0600,-0.5755,0.1057,-0.3937,0.3274,-0.2228
3,2,1982     ,-1.4752,-0.7676,-0.7113,-0.5639,-0.2548,-0.5848,0.8530
3,2,1983     ,-0.5509,-1.8270,-0.9487,-0.7514,-0.5815,-0.2055,-0.2850
3,2,1984     ,-2.0241,-1.4879,-1.4544,-1.0371,-0.5000,-0.7905,-0.2851
3,2,1985     ,-0.0940,-0.6554,-0.5920,0.4593,-0.7157,-0.4460,-0.6727
3,2,1986     ,1.4487,-1.1235,-0.0941,0.1722,0.7280,-0.1277,-0.4021
3,2,1987     ,0.4633,-0.6188,0.2237,1.1132,1.0424,0.9898,0.6167
3,2,1988     ,-0.2714,0.5704,0.3525,0.0807,0.1080,-0.3187,-0.9606
3,2,1989     ,-0.7294,0.2938,-0.2734,0.2960,-0.0355,0.1961,-0.8743
3,2,1990     ,0.2446,0.9488,0.1520,0.5842,0.4906,0.3336,-0.1314
3,2,1991     ,0.9697,0.4893,0.7438,0.3168,0.2558,0.2924,-0.2605
3,2,1992     ,-1.3703,-0.2004,0.0361,-0.0937,0.4082,-0.4924,0.0725
3,2,1993     ,0.1934,0.0972,-0.0724,-0.0762,-0.2569,0.5681,-0.2413
3,2,1994     ,0.1200,0.4500,0.3486,0.2646,0.2189,-0.0881,-0.1159
3,2,1995     ,0.0162,-0.6624,-0.0394,0.4715,0.4635,0.5109,-0.0681
3,2,1996     ,0.5087,-0.0016,-0.3602,0.0262,0.0116,-0.0679,-0.2389
3,2,1997     ,-0.6619,0.0961,-0.1317,0.5246,0.0556,-0.5885,-0.6054
3,2,1998     ,0.8321,-0.6573,-0.2883,0.1923,0.2168,0.1190,0.5624
3,2,1999     ,-1.5262,-0.2915,-0.2823,-0.0181,0.2258,-0.1375,0.0919
3,2,2000     ,0.3881,-0.6197,0.0777,0.0156,-0.2179,-0.2213,0.8604
3,2,2001     ,-0.3227,-0.1425,-0.0259,0.0499,0.2007,-0.1733,-0.4833
3,2,2002     ,0.2323,0.1123,0.3613,0.8483,-0.3715,-0.1867,0.5484
3,2,2003     ,-0.2278,0.0523,0.2301,-0.0438,-0.1235,-0.4663,0.8612
3,2,2004     ,-0.1281,-0.5450,0.0099,0.1645,0.1503,0.2336,0.2436
3,2,2005     ,-0.5854,-0.0640,-0.1029,-0.0513,0.5145,-0.4749,1.3868
3,2,2006     ,1.2123,-0.2477,0.1790,0.1651,-0.0174,-0.0844,0.3251
3,2,2007     ,0.4979,0.4169,0.0371,0.2234,0.0117,-0.5481,0.4604
3,2,2008     ,0.0437,0.1024,0.0096,0.0363,-0.2569,0.0852,0.1335
3,2,2009     ,-0.0059,-0.4130,-0.0437,-0.1186,0.1133,-0.3366,0.1192
3,2,2010     ,-0.0112,0.0864,0.0409,0.0506,-0.0498,0.3241,0.0175
3,2,2011     ,0.5029,0.0297,0.1434,0.1415,-0.3155,-0.2201,1.2735
3,2,2012     ,-0.1843,0.1250,0.2003,0.4232,0.1208,-0.3040,0.6812
3,2,2013     ,0.6082,0.3844,0.1674,0.3821,0.1942,0.1137,-0.1565
3,2,2014     ,0.1946,-0.4609,-0.0950,-0.4592,0.1074,-0.7402,0.1594
3,2,2015     ,-0.6735,-0.2330,0.1708,0.2647,-0.1078,0.1899,-0.1242
3,2,2016     ,-0.2703,-0.1501,0.2912,0.1336,-0.4482,-0.4379,0.5543
3,2,2017     ,-0.1494,-0.2092,-0.3725,-0.0882,-0.4191,-0.7655,0.0127
3,2,2018     ,-0.1105,-0.1270,-0.1115,0.0068,0.0269,-0.3914,-0.2813
3,2,2019     ,0.3406,0.1160,0.1648,0.2715,0.0470,-0.2585,-0.3355
3,2,2020     ,-0.4365,-0.0239,-0.1770,0.0207,0.1376,-0.0983,0.1107
3,2,2021     ,-0.9888,-0.4339,-0.3571,-0.1234,-0.4747,0.0464,-0.4604
# Species,Quarter,Year, Age_0, Age_1, Age_2, Age_3, Age_4, Age_5, Age_6, Age_7
3,3,1974,-99.9,-2.0030,-0.1210,1.4537,1.0116,0.3773,0.2528,0.6751
3,3,1975,-99.9,-4.1617,0.6706,1.0267,1.9848,1.4643,1.5402,1.4441
3,3,1976,-99.9,0.1115,0.8391,1.1273,0.6464,0.1120,0.3248,1.2360
3,3,1977,-99.9,0.8794,0.1867,0.8719,1.1956,0.6836,0.6905,1.3891
3,3,1978,-99.9,0.6105,1.3007,0.5203,0.4701,0.9331,0.5723,-0.3491
3,3,1979,-99.9,0.2596,0.0613,0.4899,1.1821,-0.0425,0.3340,1.6317
3,3,1980,-99.9,0.8310,0.1742,0.6767,-0.1069,0.8252,1.7735,0.1944
3,3,1981,-99.9,0.9916,1.1027,0.9804,1.0438,1.0613,1.6711,1.0993
3,3,1982,-99.9,-0.2523,0.0738,-0.0103,0.1914,-0.0290,0.1707,1.7368
3,3,1983,-99.9,0.8871,-0.2942,-0.0237,0.5358,0.4068,0.8124,0.6677
3,3,1984,-99.9,1.8548,0.2223,-0.5117,-0.6566,-0.5972,-1.2957,-0.5590
3,3,1985,-99.9,0.7754,-0.3887,-0.3845,-0.1611,-0.2883,-1.1677,-0.8931
3,3,1986,-99.9,-0.2852,-0.1894,-0.1443,0.2006,0.6715,0.1470,-0.3095
3,3,1987,-99.9,0.6886,-1.0871,-0.6928,-1.5961,-1.2267,-1.1836,-0.1298
3,3,1988,-99.9,-1.0991,-0.5034,-0.9681,-0.4856,-0.9504,-0.7333,-1.0308
3,3,1989,-99.9,-1.2919,-0.2454,-0.3445,-0.0501,0.2855,0.2153,-0.2475
3,3,1990,-99.9,1.5686,0.5189,-0.6518,0.4499,-1.5108,0.2758,-3.0223
3,3,1991,-99.9,-0.1073,-0.8855,-0.9627,-2.4838,-1.1397,-2.7189,-1.1579
3,3,1992,-99.9,0.5530,-0.5423,-0.3537,-0.1895,0.0452,-0.9660,-1.0930
3,3,1993,-99.9,-0.6307,0.0846,-0.4512,-0.4573,-0.7933,-0.6673,-1.1141
3,3,1994,-99.9,-0.0575,0.1618,0.0348,-0.3417,-0.6402,-1.0451,-0.5154
3,3,1995,-99.9,-0.9539,-0.4205,-0.1201,-0.2229,-0.8504,-0.6333,-0.8509
3,3,1996,-99.9,-0.0370,-0.1393,-0.2622,-0.1135,-0.0954,-0.0588,-0.6834
3,3,1997,-99.9,-0.3486,-0.0437,-0.2293,-0.1294,-0.2273,-0.8633,-0.9074
3,3,1998,-99.9,0.6321,-0.1284,0.0370,-0.0064,0.0976,-0.5469,-0.5569
3,3,1999,-99.9,0.6140,0.3265,0.1826,-0.3802,0.0107,-0.5835,-0.1195
3,3,2000,-99.9,0.8065,0.0823,0.2879,-0.0659,-0.1520,0.5121,0.8301
3,3,2001,-99.9,0.0945,0.5080,0.0559,0.1193,0.0435,-0.3160,0.3826
3,3,2002,-99.9,1.0356,0.3216,0.6502,-0.0498,0.2088,0.0997,1.8424
3,3,2003,-99.9,-0.1075,0.4025,0.0713,0.1915,-0.2653,-0.2012,1.2676
3,3,2004,-99.9,-0.0902,0.1758,0.3419,-0.3785,0.1498,-0.3824,-0.0701
3,3,2005,-99.9,-0.4185,0.3055,0.1414,0.0711,-0.4418,-0.7598,0.9613
3,3,2006,-99.9,1.0013,0.0869,0.4380,-0.0729,-0.2125,-0.8139,0.0099
3,3,2007,-99.9,0.0694,0.1826,-0.2628,-0.1276,-0.1474,-0.2135,0.3841
3,3,2008,-99.9,0.6577,0.4859,0.3992,-0.0209,0.1395,-0.0127,0.9031
3,3,2009,-99.9,-0.3039,-0.1994,0.0429,-0.1442,0.1434,0.0796,0.6373
3,3,2010,-99.9,0.1319,-0.0190,0.0317,-0.0399,-0.6088,0.5090,-0.0495
3,3,2011,-99.9,0.1648,0.3040,-0.0959,-0.3973,-0.2735,-0.4864,1.3093
3,3,2012,-99.9,0.1569,0.2977,-0.3721,-0.1029,-0.2954,-0.1507,0.5146
3,3,2013,-99.9,0.2391,0.1037,-0.0437,-0.3723,-0.3164,-0.2866,-0.2106
3,3,2014,-99.9,-0.5085,-0.0915,-0.1393,-0.3058,-0.8783,-0.4540,0.0981
3,3,2015,-99.9,-0.2472,-0.0641,0.0902,0.0153,-0.6566,-0.4083,-0.1332
3,3,2016,-99.9,-1.2614,-0.2660,0.1315,0.1505,-0.0614,-0.1509,0.6825
3,3,2017,-99.9,-0.4609,-0.3037,-0.0297,0.5281,0.6250,-0.0925,1.5989
3,3,2018,-99.9,-0.5005,-0.8223,-0.6375,-0.4513,-0.5296,-0.9458,0.0023
3,3,2019,-99.9,0.0896,0.3926,-0.5178,-0.3077,-0.0867,-0.2035,0.0492
3,3,2020,-99.9,0.0448,-0.1169,-0.1318,-0.3367,-0.4001,0.1954,0.2168
3,3,2021,-99.9,-0.6357,-0.0687,-0.1461,-0.2822,0.3874,-0.0415,0.4449
# Species,Quarter,Year, Age_0, Age_1, Age_2, Age_3, Age_4, Age_5, Age_6, Age_7
3,4,1974,-99.9,0.0115,-0.5609,0.9516,-0.0355,0.1062,0.0642,0.5297
3,4,1975,-99.9,-2.4864,-0.5126,-0.1076,0.1070,-0.3169,0.4752,0.7115
3,4,1976,-99.9,-0.5813,0.6774,0.7054,-0.0192,-0.3535,-0.8070,0.7828
3,4,1977,-99.9,0.2264,-0.5245,-0.0519,0.0341,-0.2890,-1.3102,0.5174
3,4,1978,-99.9,-0.0752,-0.3518,-0.3846,-1.0569,-0.6742,0.4152,-1.3684
3,4,1979,-99.9,0.5428,-0.0304,-0.3113,0.4468,-0.3995,0.1424,1.0894
3,4,1980,-99.9,0.3350,-0.2957,-0.1673,-0.7388,0.1585,0.4140,-0.5359
3,4,1981,-99.9,1.3088,0.7328,0.2532,0.3421,-0.1442,1.0222,-0.0166
3,4,1982,-99.9,-0.5176,0.0685,-0.1011,-0.2226,-0.1637,-0.3244,1.0815
3,4,1983,-99.9,1.0325,0.3158,0.7362,1.1160,1.0548,0.0742,0.7118
3,4,1984,-99.9,1.0857,0.8343,0.4203,0.5991,0.1154,-0.2426,-1.0037
3,4,1985,-99.9,0.3569,0.6516,0.3609,0.3721,0.0931,-0.1503,0.0418
3,4,1986,-99.9,-0.2337,0.0362,-0.3333,0.0550,-0.0199,-0.2689,-0.0413
3,4,1987,-99.9,1.0680,0.0985,-0.2034,-0.5711,-0.6297,-0.7631,-0.5710
3,4,1988,-99.9,-1.6486,0.5484,-0.1208,-0.1023,-0.6921,-0.0770,-0.6569
3,4,1989,-99.9,-0.3518,1.0805,-0.3365,-0.0300,-0.3835,-0.5910,-1.0405
3,4,1990,-99.9,-0.3346,0.1385,-0.2398,-0.2581,-0.4185,-0.9447,-2.4477
3,4,1991,-99.9,0.3381,0.4459,0.1000,-0.8449,-0.2478,-0.1979,0.3889
3,4,1992,-99.9,0.2194,-0.2448,-0.2425,-0.2427,0.2553,-0.5848,-0.5520
3,4,1993,-99.9,0.2839,0.5116,0.1305,0.1555,0.0196,0.2063,-0.2210
3,4,1994,-99.9,-0.4240,0.2451,0.0561,-0.1730,-0.2690,-0.8919,-0.0354
3,4,1995,-99.9,0.0901,-0.2690,0.0714,0.3740,0.5521,0.2650,-0.9229
3,4,1996,-99.9,-0.3131,0.1765,0.0870,0.3134,-0.2535,0.0647,-0.5424
3,4,1997,-99.9,-0.2400,0.4845,0.3984,0.1416,-0.1210,-0.6253,-0.6593
3,4,1998,-99.9,0.0591,-0.2083,0.0480,0.0801,-0.0422,-0.9132,-0.7276
3,4,1999,-99.9,0.4322,0.4387,0.4062,-0.0992,-0.1422,-0.3379,-0.3755
3,4,2000,-99.9,0.4817,-0.1693,0.1743,0.1359,0.0124,0.2332,0.9194
3,4,2001,-99.9,-0.2094,0.2211,-0.0965,0.1509,0.2476,0.3780,0.5334
3,4,2002,-99.9,0.3244,0.1863,0.2464,0.0040,-0.2374,-0.0779,1.5186
3,4,2003,-99.9,-0.1682,0.0498,-0.0263,-0.1282,0.3235,-0.2659,1.5574
3,4,2004,-99.9,-0.0768,-0.1110,0.0794,0.2549,-0.2751,0.4801,0.3769
3,4,2005,-99.9,-0.5565,0.1176,0.0655,0.0233,-0.1216,-0.9647,1.0573
3,4,2006,-99.9,0.4333,-0.3368,-0.0150,-0.1257,-0.1301,-0.6633,-0.2916
3,4,2007,-99.9,0.3718,0.3764,-0.1600,-0.1125,-0.0706,-0.0965,0.8508
3,4,2008,-99.9,0.4678,0.4785,0.1175,-0.0765,-0.0793,0.1789,0.0532
3,4,2009,-99.9,0.2798,0.1132,-0.0612,-0.1926,0.0904,-0.4654,0.2411
3,4,2010,-99.9,-0.1680,0.4755,0.3414,-0.0455,-0.3266,0.8885,0.2739
3,4,2011,-99.9,0.2215,-0.1585,0.0801,-0.1502,-0.5299,0.0268,1.6820
3,4,2012,-99.9,0.1456,-0.0538,-0.5072,-0.2431,-0.3483,-0.5685,0.4335
3,4,2013,-99.9,-0.1591,0.0017,-0.1200,-0.4358,-0.2484,-0.1079,-0.0528
3,4,2014,-99.9,-0.4619,0.1569,0.2505,0.1274,0.0850,-0.2460,0.9229
3,4,2015,-99.9,0.0058,0.0117,0.0668,-0.3269,-0.3281,-0.4442,-0.4768
3,4,2016,-99.9,-0.4912,-0.2370,-0.4319,-0.4647,-0.2769,-0.0150,1.3941
3,4,2017,-99.9,-0.1905,-0.3113,-0.0511,0.0637,0.2350,0.2926,1.1344
3,4,2018,-99.9,0.1283,0.2826,0.1485,0.3022,0.0108,-0.2275,0.4238
3,4,2019,-99.9,-0.3956,0.1105,-0.2144,-0.1720,0.0941,-0.0431,0.3315
3,4,2020,-99.9,0.0211,0.1473,0.2502,0.0006,-0.0647,0.3831,0.6256
3,4,2021,-99.9,-0.0541,0.0858,0.1883,-0.0009,-0.0139,0.0852,0.0680