

Observed catches

Species: Herring    



Age             1974      1975      1976      1977      1978      1979      1980      1981
         0      4828     77118      8718     33304    104903     27800    164767    148246
         1    547198    731155    775065    552458    615266    163914   1100686   1029903
         2   1622768   1416518    852286   1305206   1130315    765244   1031591   1466828
         3   1431347   1277005   1270381    845150    947709    709456    990168    731236
         4   1397086    855095   1241577    552190    389295    652811    548836    619650
         5    927254   1226701    886416    675844    270043    218968    721507    366048
         6    394877    353851    956867    360623    244018    172887    190824    459610
         7    227814    176217    424575    358651    164435    227889    192275    134765
         8    674048    687545    838410    547293    347325    480997    542303    514351

Yield         377003    349685    394769    270121    209750    225917    267906    281710


Age             1982      1983      1984      1985      1986      1987      1988      1989
         0    101212    245447    188923     68197    123101     17853     87917    110239
         1    856289   1037490   1041622   1289831    562024    819918    428409    766265
         2   2387645   1899863   1384274   2229116   1840317    665141   2204325    561812
         3   1156498   2024986   1535438   1246480   1848814   1275323    824470   2355412
         4    438699    759204   1209128    983121    949443   1137536    982418    673684
         5    382800    285467    400040    729160    681208    562206    872405    812955
         6    221933    289710    178254    268383    339821    384086    367064    666586
         7    274028    185464    177676    137429    122772    190859    255162    239571
         8    390016    477163    373150    340822    214701    146189    197107    288594

Yield         286530    323691    279565    316330    256813    222608    252127    261876


Age             1990      1991      1992      1993      1994      1995      1996      1997
         0     21108    111711    150340    116784    170800     69700     78436    157154
         1    622958    476200   1165861   1018503    650300   1052800   1414578    753390
         2   1593239   1762377   1296293   2233957   1425400   1277100   1891430   2280998
         3    821778   1332623   1842620   1801065   1924600   2105800   1377254   2298366
         4   1768712    521542    798035   1697837   1325100   1982300   1464217   1519310
         5    596000    955230    298631    682512   1238000    922900   1089135   1147640
         6    595738    300293    520879    293043    535500    611400    675753    679254
         7    322766    285952    153691    276272    220600    244600    406714    334774
         8    229183    262194    234844    166918    337600    263600    280767    247188

Yield         279259    196685    187841    230306    241656    221653    195666    197331


Age             1998      1999      2000      2001      2002      2003      2004      2005
         0     92327    245265    198774    294565    455300    238800     45600    153400
         1   2137481    990703   2101249   1871946   1034600   1347400    656700    326100
         2   1243407   2106830   1492317   2391637   1013200    782600   1242900    753500
         3   2326961   1106340   2041559    983215   1340000    687400    673600   1187000
         4   2065802   1624255    942715   1271700    456700    686600    568200    557000
         5    986841   1107352   1122592    457004    522500    261400    384400    378700
         6    598054    423909    651159    512102    179600    226700    162500    219800
         7    301907    246617    226398    359287    169800     89800    119700     82500
         8    353600    201300    238452    270367    230000    202700    129800    159200

Yield         221690    174096    208546    202481    131045    112255     93370     90586


Age             2006      2007      2008      2009      2010      2011      2012      2013
         0    172500    238300    181700    159400    206500    164700     49700     66400
         1    808300    457500    789400    656300    546300    293100    331700    470300
         2    505500    920400    735300   1364100    645400    568900    315000    655400
         3    754000    630200    968200    721900   1357300    770700    411000    260100
         4   1105000    703000    461700    845300    662000   1130400    504800    410400
         5    408900    823500    485800    299500    630100    415400    621800    467500
         6    264800    268800    710900    340600    283800    312800    225400    403600
         7    154400    136100    165700    486800    283800    129100    153700    172900
         8    147600    111700    215600    239500    362400    235200    199500    223700

Yield         109545    114606    125342    131229    135658    115769     97499    100558


Age             2014      2015      2016      2017      2018      2019      2020      2021
         0    223600     93100    321800    466300    210200    328395    363377     58384
         1    470200   1415800    602100    983600   1737600    416845   1644919    691437
         2    902600    745000   3015000    823500   1280300   1561422    781308   1805171
         3   1003800   1264800    935000   2898600   1174000   1127574   1423813    831906
         4    385400   1252900   1189000    840700   2637500    891781    788676    867236
         5    488300    378000    838200    923600    789200   1957138    662488    519655
         6    409900    384900    331900    527500    664100    485303   1080601    377932
         7    285200    370200    465800    248400    398800    396556    199821    373009
         8    250900    473500    629200    411600    335200    239355    228471    129976

Yield         129420    174257    190496    200422    244048    202023    175532    128966
Species: Sprat      



Age             1974      1975      1976      1977      1978      1979      1980      1981
         0    175407         0    373997     36711     71987     43969     42913     22354
         1   1816400    699409   3406277   1702177    349977    741949    469341   1928665
         2   4336039   3993034   1812968   6765070   2265686    298030   1122507    624249
         3   9534953   5393091   4259756   1160666   4433927    814814    332668    363277
         4   3322600   3935341   2131640   1785061    427037   2522195    477282     93348
         5    793994   1214471    379878   2034861    856222    119726   1198030    107671
         6    570894    761217    238555    425053    695181    174844    163659    504942
         7    448893    489369    271726    343530     81566    366383     68543     14111

Yield         262216    212175    142798    166497    111860     66754     48800     42978


Age             1982      1983      1984      1985      1986      1987      1988      1989
         0     29998    139089     73033     33729     17092      4203    149281     64081
         1    228193   1404116    745171    447996    303862    715923     73944    353103
         2   2412420    238605   2315378   1423237    965691    331852   2680551    835876
         3    354236    514610    340767   2364339   1288477   1196326    729563    667385
         4    247363    106185    448018    427971   2047385   1684562   1101230    400691
         5     79939     65563     75211    226098    341189   1702049    734094    466388
         6     64975     12919     36260     23098    184261    209441    716766    397301
         7    244324     25651      8226     15151     15380    134245     57663    140307

Yield          42876     26274     42673     58748     66524     87801     76238     45858


Age             1990      1991      1992      1993      1994      1995      1996      1997
         0     16209    712329    206337     61518    225416    530400     71200   1345599
         1    704898    841925   2236484   1649333    902715   5656600   8266600   1430547
         2   1776439   2291704   4062217   5331350   7453314   2008600  27174100  22998457
         3    314975   2106995   4735378   3028190   7843059   6175200   4658600  23217218
         4    659512    311619   2710272   1776246   3416704   6172900   6485800   6298881
         5    188720    456471    617775    881231   2120986   3131700   3303900   4084781
         6    236341    111755    475152    216862    765190   1762800   1494100   1642956
         7     92121    167409    181626    217277    183411    583100    686700    678452

Yield          53839     86488    208936    131870    264826    278270    418355    511217


Age             1998      1999      2000      2001      2002      2003      2004      2005
         0    222857   1450622    382597    652640   2255301   3962657    213742   1916220
         1  11017463   2059018  10534630   2775601   6846948   9366111  23263510   2842586
         2   3802547  19883018   2948174  11557197   5491776   7108722  13094317  30967900
         3  17687621   5831191  14716712   2670375  10384310   4805394   5447560  11254006
         4  19617466   9987126   2870184   9252388   3784331   5067481   3086404   2933589
         5   2658612   8850933   4284142   1998797   4157403   2396044   3245594   1868255
         6   1777763   1181962   4076633   2651424   1027488   1902532   1333956    842965
         7   1957223   1204202   1468059   2786052   4324835   2216395   2507460   1614911

Yield         469680    415598    388712    339407    331904    296472    373008    397446


Age             2006      2007      2008      2009      2010      2011      2012      2013
         0   1712120   1497406   2496564   1336214   1776228   1203434   1136587    503207
         1  10851128  13795744   6390489  21087244   4583750   8753340   5218195   6267298
         2   3265522  11967706  15476697   8880105  21493094   4334644   5712233   9612881
         3  21097242   3706322   6682852  10163730   5363115  12479155   2727479   4501503
         4   6832239  13722623   2935808   3901859   4234433   2692668   7040544   2397811
         5   1380358   3854954   5717955   1793153   1239447   1454903   1245814   3847178
         6    613632    623133   2255171   2836605    881009    533446    736463    682989
         7    935063    839363    661469   1361316   1504566    931523    735255    627200

Yield         344385    383019    371268    401629    334173    256559    226649    271410


Age             2014      2015      2016      2017      2018      2019      2020      2021
         0   1597095    382980    920195    824664    779751    842681    864414    194933
         1   4911208  17057263   2973969   3579884   6278336   5962092   6439838   4966000
         2   7619008   4720316  18520734   6141001   6497104  10263401   5655737  11230937
         3   6498613   5121411   3801288  16543725   6473215   5560056   6219636   5202421
         4   2373559   3272068   2547751   3195711  12795134   5543538   3809510   4906849
         5   1458602   1244627   1226450   1563614   1871268   7445687   2817502   2118510
         6   1402152    659072    508161    675502    610191    777196   3492510   1651561
         7    724280    877404    856892    639665    463099    525849    574739   2116468

Yield         238589    245999    243038    282482    302904    311490    268360    284787

Stock numbers

Species: Herring    



Age             1974      1975      1976      1977      1978      1979      1980      1981
         0         0         0         0         0         0         0         0         0
         1  16002078  12322202  22649632  16625694  21408180  18802182  25019886  34860039
         2  14537492   9851883   7265672  14068857   9990755  10383761   7622100   9848599
         3   8444472   9286259   6128009   4464496   8921542   6172710   6257865   3899874
         4   8701425   5375188   5803537   3645312   2822799   5531450   3806011   3328208
         5   3852317   5530787   3366739   3421662   2306540   1760365   3407287   2072598
         6   1744961   2364781   3353348   1885869   2097817   1422383   1064565   1753262
         7   1099861   1073573   1435033   1881117   1158701   1327741    867750    575110
         8   3882062   3183241   2689714   2390320   2714396   2544706   2526961   1929427

TSB          2420408   2146596   1978718   1800916   1868355   2168820   1811746   1651038
SSB          2029408   1845490   1577893   1430315   1443072   1752405   1362496   1098331


Age             1982      1983      1984      1985      1986      1987      1988      1989
         0         0         0         0         0         0         0         0         0
         1  35935026  25685207  31124963  22873714  12498997  24778749   9674730  13848146
         2  14836760  15058608  11563993  15573246  12575592   7177082  14311444   5492480
         3   5047306   7782502   7079047   5788685   8284589   7069784   4497803   8231544
         4   2070064   2681571   3885159   3587463   3131668   4436984   4308989   2635683
         5   1817842   1142427   1327243   2048619   1984290   1745219   2684070   2484920
         6   1101661    980259    546164    649565   1091066   1052052   1035169   1475797
         7    931938    605472    482760    274908    348500    589307    634249    582803
         8   1418549   1337780    993363    775604    581045    516342    680221    761579

TSB          1932229   1675809   1457525   1536085   1053885   1408089   1055093    857345
SSB          1293855   1194032    963581   1100411    798437   1022497    837322    650499


Age             1990      1991      1992      1993      1994      1995      1996      1997
         0         0         0         0         0         0         0         0         0
         1  17607619  14684811  18690576  17662854  14919351  20429920  16616870   8483015
         2   8357926  12079444  10770867  13817435  12154443  10111091  14246295  11983423
         3   3478695   5621033   8411676   7749736   9201337   7922108   6636086   9494028
         4   4683671   2123793   3611817   5689435   4854084   5540807   4700711   4014845
         5   1456998   2607230   1283837   2354611   3372488   2779493   3071022   2634563
         6   1274250    743270   1408801    778270   1291042   1755487   1390061   1547422
         7    765295    654295    408946    846578    431156    680132    882409    706226
         8    717424    769051    784540    727270    873996    698037    702247    813728

TSB           954130    854470    910443    992886   1048326    867174    917994    641374
SSB           695844    617838    653390    729939    826550    615955    674867    508165


Age             1998      1999      2000      2001      2002      2003      2004      2005
         0         0         0         0         0         0         0         0         0
         1  13606576   7839692  13162029  10405943   9910913  20904542  11730776   7962719
         2   6186051   9754918   5582909   8507156   6418495   6296220  14190854   8280450
         3   7926293   4024010   6522974   3499722   4961606   4040996   4379909   9622631
         4   5592647   4507260   2437336   3593423   1762065   2866296   2606143   2917871
         5   2165681   2897212   2524610   1223264   1596078    953569   1746032   1661711
         6   1260553    980440   1462852   1114348    463734    773643    533447   1050007
         7    744468    574496    500234    655150    425631    227097    436156    322672
         8    735806    679467    645256    518194    450433    431312    374726    495149

TSB           678313    535837    601288    608392    471976    736329    567673    541196
SSB           517425    422574    443009    460273    345708    493183    410718    431691


Age             2006      2007      2008      2009      2010      2011      2012      2013
         0         0         0         0         0         0         0         0         0
         1  14105496  11521517  21102582  15151454  11471990   7038844  14444187  15590718
         2   5349201   9145222   7424303  13223058   9339144   6741427   4137683   9060761
         3   5559383   3713167   6263609   5030585   8682928   5853359   4444691   3020934
         4   6326792   3666464   2478495   4102108   3274067   5449038   3759883   3103436
         5   1899013   3988035   2358153   1558234   2526529   1992334   3441375   2600259
         6   1009317   1113349   2363802   1374718    887999   1385962   1173623   2281806
         7    647816    609311    679609   1366470    797076    496365    821575    785381
         8    511757    709761    821668    896538   1304959   1195054   1020499   1253571

TSB           693866    694724    796429    818729    789590    716604    697525    791480
SSB           527386    546761    569783    616019    631650    603763    551575    616362


Age             2014      2015      2016      2017      2018      2019      2020      2021
         0         0         0         0         0         0         0         0         0
         1  11359821  30370515  10589423   9802804  12266752   7486519  19517065  10564188
         2   9998969   7204996  20348708   7109976   6761656   8531642   5234916  13983873
         3   6524089   7049055   5084377  13053134   4805435   4560602   5843168   3659506
         4   2230581   4647008   4802672   3271677   8224541   3037121   2875836   3820019
         5   2194426   1568259   3015270   2861361   1939922   4678970   1753037   1719695
         6   1770285   1421360    925085   1572754   1464075    948091   2277268    906409
         7   1576032   1170244    839141    487211    811981    716470    468101   1176391
         8   1422832   2001287   1895725   1454332   1013927    898981    801796    664626

TSB           810693    953258    763139    727677    751466    631966    614237    613571
SSB           660544    685386    619269    610092    626818    530354    455397    477073
Species: Sprat      



Age             1974      1975      1976      1977      1978      1979      1980      1981
         0         0         0         0         0         0         0         0         0
         1  95135003  28166319 238680316  71925889  31574484  71544307  44834666 134025814
         2  75706152  43034336  12661866 124650622  30851612   9738876  19775041  12438566
         3  27814535  37163636  20695582   6943425  61582390  12981709   3911418   7492528
         4  13695731  13439707  17552873  11256805   3509393  26572424   5380332   1616794
         5   6392461   6752037   6482890   9688017   5785451   1636377  10940676   2254355
         6   4025990   3151503   3256969   3578124   4979170   2725880    713298   4536858
         7   2408956   2011154   1542641   1814788   1861932   2369319   1183206    307305

TSB          1831504   1345114   1739981   1996383   1424011   1055300    720141   1001137
SSB          1475296   1223114    935925   1664901   1293395    797091    547139    508050


Age             1982      1983      1984      1985      1986      1987      1988      1989
         0         0         0         0         0         0         0         0         0
         1  70009185 208212383  93918312  77286511  28253264  57495999  19111341  62323911
         2  42733844  22504824  86961340  45381491  40642490  14580560  29537308  10123445
         3   5709977  18841026  11101375  46818773  26197637  23873401   8595566  17592657
         4   3479825   2670028   9802279   6349629  27536033  15440772  14430583   5092009
         5    778140   1656467   1413445   5631955   3784544  16643737   9484531   8805423
         6   1082035    380597    889274    825388   3418696   2321209  10271673   5876609
         7   2119031    514370    206852    522450    508997   2109832   1433459   6384997

TSB           933863   1466427   1529997   1514789   1351951   1355669    981731   1061007
SSB           650484    691492   1130974   1201832   1219311   1131203    890562    823846


Age             1990      1991      1992      1993      1994      1995      1996      1997
         0         0         0         0         0         0         0         0         0
         1  70042861  73620165 109584397 110646248  66179112 259701421 184997758  63038393
         2  36906584  47974937  52527566  75946949  74576627  44277097 180914021 131953528
         3   6494479  26216611  35337315  36159887  50799718  48065612  28975110 116715485
         4  11400254   4558219  19056628  23550241  23833914  31643723  29709153  17674573
         5   3312833   8044096   3324265  12704219  15650294  14972957  19626959  18071577
         6   5779686   2351200   5878578   2223928   8474742   9853190   9324666  12004046
         7   3868860   4095525   1720588   3938290   1488886   5357682   6147119   5710723

TSB          1290573   1665985   2116230   2116823   2278508   2920461   3096874   2732251
SSB          1000203   1353956   1676452   1675458   2000495   1997646   2387124   2459300


Age             1998      1999      2000      2001      2002      2003      2004      2005
         0         0         0         0         0         0         0         0         0
         1 187511529  52670380 115584339  58617335  69578855 165333772 289991054  55979481
         2  45019743 132044421  36184469  73083843  36927391  42107180 103448602 183890741
         3  84253604  27967648  82195135  21937016  44739593  21131258  24464851  58947778
         4  69073771  48015338  16228670  47277959  13039020  24221743  11599808  13274775
         5  10493372  39247437  27697665   9200472  27603815   6942139  12978855   6173390
         6  10801004   6008351  22669339  15765736   5404570  14707102   3739298   6891310
         7   7178921   6195807   3494651  12938817   9237938   2880647   7893339   1989965

TSB          2721386   2313623   2324805   1990767   1630852   1784796   2484470   2117040
SSB          2087383   2078495   1938071   1764251   1395053   1257539   1564245   1869916


Age             2006      2007      2008      2009      2010      2011      2012      2013
         0         0         0         0         0         0         0         0         0
         1  85918382 119209687  81689174 200269432  59009827  65130606  76298843  70584336
         2  33778480  51431245  69021522  45977593 112701291  32205925  35300538  43035533
         3 101076933  19260880  27735015  36950584  24543675  58470612  17083063  19936404
         4  30777516  55070349   9901547  14008144  18721900  12312651  29449795   9364703
         5   6919143  16584686  27616870   4921606   6965040   9272399   6147563  15842940
         6   3234446   3800514   8334997  13665464   2454756   3459691   4689700   3337282
         7   3627732   1786943   1936479   4117227   6776369   1224109   1746906   2554268

TSB          1791367   1658349   1645899   1901121   1677803   1327641   1214626   1264829
SSB          1519135   1280938   1363430   1285765   1445610   1119411    971966   1032774


Age             2014      2015      2016      2017      2018      2019      2020      2021
         0         0         0         0         0         0         0         0         0
         1  67057566 250982960  87424310  66535990  85824176  59245970 108380664  93402948
         2  39341659  36919890 155115095  56096740  42970703  56243740  38357489  72069104
         3  23892713  21295382  22216084  95466577  34272779  26712919  33574676  23925095
         4  10741881  12393806  12349379  13471812  55874880  20447599  15202368  19935997
         5   4968972   5529032   7105216   7452955   7848605  32786547  11429127   8889049
         6   8416373   2573514   3187638   4300724   4368971   4647200  18326088   6699557
         7   1775847   4356444   1489754   1936174   2521276   2600106   2627181  10732156

TSB          1132360   1742831   1808923   1748722   1672703   1497228   1546468   1595937
SSB           915126    996201   1486140   1528286   1400862   1296919   1209953   1286248

Fishing mortality

Species: Herring    



Age             1974      1975      1976      1977      1978      1979      1980      1981
         0    0.0000    0.0000    0.0000    0.0000    0.0000    0.0000    0.0000    0.0000
         1    0.0430    0.0420    0.0567    0.0401    0.0293    0.0283    0.0465    0.0519
         2    0.1369    0.1337    0.1804    0.1278    0.0932    0.0903    0.1480    0.1654
         3    0.1983    0.1935    0.2612    0.1850    0.1350    0.1307    0.2143    0.2395
         4    0.2193    0.2141    0.2890    0.2047    0.1493    0.1446    0.2371    0.2649
         5    0.2677    0.2613    0.3527    0.2498    0.1822    0.1765    0.2894    0.3233
         6    0.2677    0.2613    0.3527    0.2498    0.1822    0.1765    0.2894    0.3233
         7    0.2677    0.2613    0.3527    0.2498    0.1822    0.1765    0.2894    0.3233
         8    0.2677    0.2613    0.3527    0.2498    0.1822    0.1765    0.2894    0.3233

Avg. F 3-6     0.238     0.233     0.314     0.222     0.162     0.157     0.258     0.288


Age             1982      1983      1984      1985      1986      1987      1988      1989
         0    0.0000    0.0000    0.0000    0.0000    0.0000    0.0000    0.0000    0.0000
         1    0.0507    0.0684    0.0667    0.0613    0.0635    0.0487    0.0583    0.0824
         2    0.1615    0.2180    0.2123    0.1954    0.2024    0.1551    0.1855    0.1721
         3    0.2339    0.3156    0.3074    0.2829    0.2930    0.2246    0.2686    0.2773
         4    0.2587    0.3491    0.3401    0.3129    0.3242    0.2485    0.2972    0.3538
         5    0.3158    0.4261    0.4150    0.3819    0.3956    0.3032    0.3627    0.4554
         6    0.3158    0.4261    0.4150    0.3819    0.3956    0.3032    0.3627    0.4554
         7    0.3158    0.4261    0.4150    0.3819    0.3956    0.3032    0.3627    0.4554
         8    0.3158    0.4261    0.4150    0.3819    0.3956    0.3032    0.3627    0.4554

Avg. F 3-6     0.281     0.379     0.369     0.340     0.352     0.270     0.323     0.385


Age             1990      1991      1992      1993      1994      1995      1996      1997
         0    0.0000    0.0000    0.0000    0.0000    0.0000    0.0000    0.0000    0.0000
         1    0.0916    0.0828    0.0658    0.0774    0.0849    0.0923    0.0923    0.1042
         2    0.1912    0.1728    0.1374    0.1617    0.1774    0.1927    0.1927    0.2177
         3    0.3082    0.2786    0.2214    0.2605    0.2858    0.3105    0.3106    0.3509
         4    0.3932    0.3554    0.2825    0.3324    0.3647    0.3962    0.3963    0.4477
         5    0.5061    0.4574    0.3635    0.4278    0.4694    0.5099    0.5101    0.5761
         6    0.5061    0.4574    0.3635    0.4278    0.4694    0.5099    0.5101    0.5761
         7    0.5061    0.4574    0.3635    0.4278    0.4694    0.5099    0.5101    0.5761
         8    0.5061    0.4574    0.3635    0.4278    0.4694    0.5099    0.5101    0.5761

Avg. F 3-6     0.428     0.387     0.308     0.362     0.397     0.432     0.432     0.488


Age             1998      1999      2000      2001      2002      2003      2004      2005
         0    0.0000    0.0000    0.0000    0.0000    0.0000    0.0000    0.0000    0.0000
         1    0.1154    0.0941    0.1122    0.1405    0.0958    0.0740    0.0622    0.0526
         2    0.2411    0.1967    0.2343    0.2934    0.2001    0.1547    0.1299    0.1082
         3    0.3885    0.3169    0.3777    0.4729    0.3224    0.2492    0.2094    0.1607
         4    0.4957    0.4044    0.4819    0.6033    0.4114    0.3180    0.2671    0.2185
         5    0.6380    0.5204    0.6202    0.7765    0.5294    0.4093    0.3438    0.3117
         6    0.6380    0.5204    0.6202    0.7765    0.5294    0.4093    0.3438    0.3117
         7    0.6380    0.5204    0.6202    0.7765    0.5294    0.4093    0.3438    0.3117
         8    0.6380    0.5204    0.6202    0.7765    0.5294    0.4093    0.3438    0.3117

Avg. F 3-6     0.540     0.441     0.525     0.657     0.448     0.346     0.291     0.251


Age             2006      2007      2008      2009      2010      2011      2012      2013
         0    0.0000    0.0000    0.0000    0.0000    0.0000    0.0000    0.0000    0.0000
         1    0.0548    0.0527    0.0572    0.0592    0.0618    0.0523    0.0382    0.0350
         2    0.1127    0.1085    0.1176    0.1218    0.1272    0.1076    0.0786    0.0719
         3    0.1675    0.1612    0.1747    0.1809    0.1889    0.1600    0.1169    0.1069
         4    0.2276    0.2190    0.2375    0.2459    0.2568    0.2174    0.1588    0.1453
         5    0.3248    0.3125    0.3389    0.3509    0.3664    0.3102    0.2267    0.2073
         6    0.3248    0.3125    0.3389    0.3509    0.3664    0.3102    0.2267    0.2073
         7    0.3248    0.3125    0.3389    0.3509    0.3664    0.3102    0.2267    0.2073
         8    0.3248    0.3125    0.3389    0.3509    0.3664    0.3102    0.2267    0.2073

Avg. F 3-6     0.261     0.251     0.272     0.282     0.295     0.249     0.182     0.167


Age             2014      2015      2016      2017      2018      2019      2020      2021
         0    0.0000    0.0000    0.0000    0.0000    0.0000    0.0000    0.0000    0.0000
         1    0.0425    0.0620    0.0816    0.0869    0.0975    0.0962    0.0874    0.0664
         2    0.0874    0.1276    0.1678    0.1788    0.2005    0.1978    0.1798    0.1365
         3    0.1299    0.1896    0.2494    0.2656    0.2979    0.2939    0.2672    0.2028
         4    0.1766    0.2577    0.3389    0.3611    0.4049    0.3995    0.3631    0.2757
         5    0.2519    0.3678    0.4837    0.5152    0.5777    0.5700    0.5182    0.3934
         6    0.2519    0.3678    0.4837    0.5152    0.5777    0.5700    0.5182    0.3934
         7    0.2519    0.3678    0.4837    0.5152    0.5777    0.5700    0.5182    0.3934
         8    0.2519    0.3678    0.4837    0.5152    0.5777    0.5700    0.5182    0.3934

Avg. F 3-6     0.203     0.296     0.389     0.414     0.465     0.458     0.417     0.316
Species: Sprat      



Age             1974      1975      1976      1977      1978      1979      1980      1981
         0    0.0000    0.0000    0.0000    0.0000    0.0000    0.0000    0.0000    0.0000
         1    0.0381    0.0378    0.0263    0.0302    0.0184    0.0175    0.0193    0.0140
         2    0.1679    0.1666    0.1161    0.1330    0.0811    0.0769    0.0851    0.0615
         3    0.2490    0.2470    0.1721    0.1972    0.1203    0.1141    0.1262    0.0912
         4    0.2546    0.2526    0.1760    0.2016    0.1230    0.1166    0.1291    0.0932
         5    0.2546    0.2526    0.1760    0.2016    0.1230    0.1166    0.1291    0.0932
         6    0.2546    0.2526    0.1760    0.2016    0.1230    0.1166    0.1291    0.0932
         7    0.2546    0.2526    0.1760    0.2016    0.1230    0.1166    0.1291    0.0932

Avg. F 3-5     0.253     0.251     0.175     0.200     0.122     0.116     0.128     0.093


Age             1982      1983      1984      1985      1986      1987      1988      1989
         0    0.0000    0.0000    0.0000    0.0000    0.0000    0.0000    0.0000    0.0000
         1    0.0116    0.0069    0.0055    0.0073    0.0104    0.0099    0.0096    0.0090
         2    0.0513    0.0303    0.0243    0.0323    0.0457    0.0435    0.0425    0.0399
         3    0.0760    0.0449    0.0361    0.0479    0.0678    0.0645    0.0630    0.0591
         4    0.0778    0.0459    0.0369    0.0490    0.0693    0.0659    0.0644    0.0604
         5    0.0778    0.0459    0.0369    0.0490    0.0693    0.0659    0.0644    0.0604
         6    0.0778    0.0459    0.0369    0.0490    0.0693    0.0659    0.0644    0.0604
         7    0.0778    0.0459    0.0369    0.0490    0.0693    0.0659    0.0644    0.0604

Avg. F 3-5     0.077     0.046     0.037     0.049     0.069     0.065     0.064     0.060


Age             1990      1991      1992      1993      1994      1995      1996      1997
         0    0.0000    0.0000    0.0000    0.0000    0.0000    0.0000    0.0000    0.0000
         1    0.0078    0.0080    0.0211    0.0145    0.0239    0.0278    0.0330    0.0383
         2    0.0342    0.0353    0.0932    0.0640    0.1055    0.1227    0.1454    0.1687
         3    0.0507    0.0523    0.1381    0.0949    0.1564    0.1819    0.2156    0.2501
         4    0.0518    0.0534    0.1412    0.0970    0.1600    0.1860    0.2204    0.2557
         5    0.0518    0.0534    0.1412    0.0970    0.1600    0.1860    0.2204    0.2557
         6    0.0518    0.0534    0.1412    0.0970    0.1600    0.1860    0.2204    0.2557
         7    0.0518    0.0534    0.1412    0.0970    0.1600    0.1860    0.2204    0.2557

Avg. F 3-5     0.051     0.053     0.140     0.096     0.159     0.185     0.219     0.254


Age             1998      1999      2000      2001      2002      2003      2004      2005
         0    0.0000    0.0000    0.0000    0.0000    0.0000    0.0000    0.0000    0.0000
         1    0.0432    0.0385    0.0829    0.0710    0.0976    0.1026    0.1110    0.1060
         2    0.1904    0.1698    0.1841    0.1577    0.2168    0.2281    0.2467    0.2354
         3    0.2823    0.2517    0.2350    0.2013    0.2768    0.2911    0.3149    0.3005
         4    0.2886    0.2574    0.2547    0.2182    0.2999    0.3155    0.3412    0.3257
         5    0.2886    0.2574    0.2547    0.2182    0.2999    0.3155    0.3412    0.3257
         6    0.2886    0.2574    0.2547    0.2182    0.2999    0.3155    0.3412    0.3257
         7    0.2886    0.2574    0.2547    0.2182    0.2999    0.3155    0.3412    0.3257

Avg. F 3-5     0.287     0.255     0.248     0.213     0.292     0.307     0.332     0.317


Age             2006      2007      2008      2009      2010      2011      2012      2013
         0    0.0000    0.0000    0.0000    0.0000    0.0000    0.0000    0.0000    0.0000
         1    0.0839    0.1068    0.1095    0.1099    0.1018    0.0978    0.0860    0.0972
         2    0.1864    0.2374    0.2432    0.2443    0.2263    0.2173    0.1911    0.2159
         3    0.2379    0.3030    0.3105    0.3119    0.2888    0.2774    0.2439    0.2756
         4    0.2579    0.3284    0.3365    0.3379    0.3130    0.3006    0.2643    0.2987
         5    0.2579    0.3284    0.3365    0.3379    0.3130    0.3006    0.2643    0.2987
         6    0.2579    0.3284    0.3365    0.3379    0.3130    0.3006    0.2643    0.2987
         7    0.2579    0.3284    0.3365    0.3379    0.3130    0.3006    0.2643    0.2987

Avg. F 3-5     0.251     0.320     0.328     0.329     0.305     0.293     0.258     0.291


Age             2014      2015      2016      2017      2018      2019      2020      2021
         0    0.0000    0.0000    0.0000    0.0000    0.0000    0.0000    0.0000    0.0000
         1    0.1060    0.0813    0.0674    0.0826    0.0806    0.0986    0.0876    0.0788
         2    0.2356    0.1806    0.1498    0.1835    0.1790    0.2191    0.1946    0.1751
         3    0.3007    0.2305    0.1913    0.2342    0.2285    0.2797    0.2483    0.2236
         4    0.3259    0.2498    0.2073    0.2538    0.2476    0.3031    0.2691    0.2423
         5    0.3259    0.2498    0.2073    0.2538    0.2476    0.3031    0.2691    0.2423
         6    0.3259    0.2498    0.2073    0.2538    0.2476    0.3031    0.2691    0.2423
         7    0.3259    0.2498    0.2073    0.2538    0.2476    0.3031    0.2691    0.2423

Avg. F 3-5     0.318     0.243     0.202     0.247     0.241     0.295     0.262     0.236

Predation mortality

Species: Herring    



Age             1974      1975      1976      1977      1978      1979      1980      1981
         0    0.4122    0.3444    0.3366    0.4766    0.6763    0.7616    0.6552    0.6652
         1    0.3421    0.3863    0.3195    0.3692    0.5943    0.7746    0.7859    0.7023
         2    0.2113    0.2411    0.2066    0.2277    0.2883    0.3161    0.4221    0.4031
         3    0.1535    0.1765    0.1582    0.1734    0.2431    0.2528    0.3171    0.2939
         4    0.1338    0.1537    0.1393    0.1530    0.2229    0.2399    0.2707    0.2398
         5    0.1203    0.1391    0.1268    0.1394    0.2012    0.2265    0.2751    0.2086
         6    0.1180    0.1382    0.1254    0.1373    0.1752    0.2177    0.2264    0.2086
         7    0.1036    0.1235    0.1132    0.1220    0.1598    0.1830    0.2019    0.1760
         8    0.0737    0.0893    0.0822    0.0893    0.1286    0.1338    0.1668    0.1361




Age             1982      1983      1984      1985      1986      1987      1988      1989
         0    0.6154    0.5499    0.4477    0.3965    0.3643    0.3975    0.3437    0.2521
         1    0.7190    0.6296    0.5258    0.4369    0.3912    0.4002    0.4079    0.3226
         2    0.3837    0.4369    0.3797    0.3358    0.2735    0.2122    0.2676    0.1847
         3    0.2986    0.2792    0.2723    0.2315    0.2314    0.1705    0.1658    0.1866
         4    0.2357    0.2542    0.1999    0.1793    0.1605    0.1542    0.1533    0.1389
         5    0.2018    0.2119    0.1995    0.1481    0.1389    0.1191    0.1354    0.1125
         6    0.1828    0.1822    0.1714    0.1408    0.1203    0.1028    0.1118    0.1013
         7    0.1798    0.1649    0.1464    0.1267    0.1073    0.0916    0.0940    0.0834
         8    0.1274    0.1361    0.1199    0.1046    0.0834    0.0723    0.0730    0.0646




Age             1990      1991      1992      1993      1994      1995      1996      1997
         0    0.1444    0.1084    0.1400    0.1897    0.1606    0.1348    0.1109    0.0961
         1    0.1853    0.1272    0.1363    0.1964    0.2041    0.1683    0.1346    0.1115
         2    0.1055    0.0890    0.0918    0.1449    0.1507    0.1284    0.1131    0.0956
         3    0.0853    0.0637    0.0696    0.1073    0.1214    0.1114    0.0919    0.0783
         4    0.0926    0.0479    0.0454    0.0905    0.0928    0.0939    0.0827    0.0696
         5    0.0670    0.0581    0.0370    0.0731    0.0835    0.0830    0.0754    0.0610
         6    0.0605    0.0401    0.0458    0.0628    0.0715    0.0779    0.0671    0.0555
         7    0.0539    0.0435    0.0340    0.0703    0.0574    0.0658    0.0615    0.0519
         8    0.0467    0.0338    0.0307    0.0490    0.0559    0.0628    0.0501    0.0471




Age             1998      1999      2000      2001      2002      2003      2004      2005
         0    0.1206    0.1448    0.1512    0.1608    0.1484    0.1151    0.1427    0.1865
         1    0.1174    0.1453    0.2242    0.2427    0.2579    0.2133    0.1861    0.2452
         2    0.0889    0.1058    0.1327    0.1458    0.1626    0.1083    0.1586    0.1902
         3    0.0760    0.0844    0.1186    0.1133    0.1263    0.0894    0.0968    0.1586
         4    0.0620    0.0752    0.1075    0.1082    0.1027    0.0777    0.0829    0.1110
         5    0.0545    0.0629    0.0977    0.0935    0.0948    0.0716    0.0648    0.0868
         6    0.0478    0.0525    0.0831    0.0860    0.0845    0.0638    0.0589    0.0712
         7    0.0464    0.0502    0.0743    0.0822    0.0773    0.0563    0.0527    0.0627
         8    0.0349    0.0388    0.0722    0.0793    0.0810    0.0533    0.0458    0.0534




Age             2006      2007      2008      2009      2010      2011      2012      2013
         0    0.1886    0.2019    0.2064    0.2366    0.2563    0.2354    0.2159    0.2319
         1    0.2785    0.2867    0.3103    0.3247    0.3698    0.3790    0.3281    0.3092
         2    0.1524    0.1700    0.1716    0.1988    0.2400    0.2089    0.1359    0.1565
         3    0.1488    0.1431    0.1485    0.1486    0.1770    0.1827    0.1423    0.0964
         4    0.1339    0.1223    0.1266    0.1387    0.1399    0.1422    0.1099    0.1013
         5    0.1092    0.1105    0.1008    0.1114    0.1340    0.1190    0.0843    0.0772
         6    0.0799    0.0811    0.1092    0.0941    0.1152    0.1127    0.0750    0.0628
         7    0.0701    0.0689    0.0830    0.1090    0.1000    0.0944    0.0639    0.0566
         8    0.0611    0.0539    0.0714    0.0855    0.0972    0.0953    0.0537    0.0499




Age             2014      2015      2016      2017      2018      2019      2020      2021
         0    0.1766    0.1600    0.1373    0.1185    0.1160    0.0974    0.0932    0.0794
         1    0.3128    0.2384    0.2168    0.1845    0.1656    0.1616    0.1460    0.1395
         2    0.1622    0.1210    0.1762    0.1130    0.0933    0.0807    0.0782    0.0759
         3    0.1094    0.0941    0.0915    0.0963    0.0609    0.0672    0.0578    0.0644
         4    0.0757    0.0748    0.0789    0.0616    0.0592    0.0501    0.0510    0.0505
         5    0.0824    0.0601    0.0672    0.0549    0.0382    0.0501    0.0414    0.0468
         6    0.0620    0.0592    0.0575    0.0459    0.0369    0.0357    0.0423    0.0401
         7    0.0554    0.0497    0.0527    0.0371    0.0346    0.0328    0.0297    0.0380
         8    0.0493    0.0452    0.0457    0.0336    0.0278    0.0286    0.0290    0.0323


Species: Sprat      



Age             1974      1975      1976      1977      1978      1979      1980      1981
         0    0.3178    0.2321    0.2367    0.3840    0.4958    0.4932    0.4173    0.4370
         1    0.5552    0.5617    0.4233    0.6163    0.9578    1.0684    1.0629    0.9291
         2    0.3436    0.3655    0.2847    0.3722    0.5845    0.6353    0.6854    0.5171
         3    0.2784    0.3031    0.2369    0.2852    0.5202    0.5667    0.5572    0.4757
         4    0.2527    0.2765    0.2184    0.2640    0.4399    0.5708    0.5408    0.4381
         5    0.2527    0.2765    0.2184    0.2640    0.4295    0.5137    0.5512    0.4408
         6    0.2395    0.2618    0.2089    0.2516    0.4196    0.5179    0.5130    0.4680
         7    0.2488    0.2719    0.2157    0.2604    0.4196    0.5331    0.5313    0.4197




Age             1982      1983      1984      1985      1986      1987      1988      1989
         0    0.3746    0.3140    0.2499    0.2279    0.2277    0.2444    0.1973    0.1428
         1    0.9233    0.6662    0.5218    0.4354    0.4511    0.4562    0.4258    0.3149
         2    0.5677    0.4764    0.3948    0.3171    0.2863    0.2849    0.2757    0.2040
         3    0.4841    0.4085    0.3226    0.2829    0.2608    0.2389    0.2606    0.1748
         4    0.4645    0.3901    0.3173    0.2685    0.2341    0.2214    0.2296    0.1695
         5    0.4374    0.3761    0.3010    0.2502    0.2195    0.2167    0.2143    0.1606
         6    0.4659    0.3638    0.2950    0.2344    0.2133    0.2161    0.2111    0.1576
         7    0.4737    0.3614    0.2935    0.2429    0.2096    0.2050    0.2004    0.1537




Age             1990      1991      1992      1993      1994      1995      1996      1997
         0    0.0800    0.0664    0.0868    0.1060    0.0849    0.0696    0.0582    0.0530
         1    0.1707    0.1296    0.1455    0.1800    0.1780    0.1337    0.1049    0.0984
         2    0.1078    0.0705    0.0802    0.1382    0.1337    0.1013    0.0929    0.0799
         3    0.1033    0.0667    0.0677    0.1220    0.1169    0.0992    0.0787    0.0745
         4    0.0969    0.0622    0.0642    0.1116    0.1049    0.0916    0.0767    0.0657
         5    0.0910    0.0602    0.0607    0.1078    0.1027    0.0876    0.0712    0.0590
         6    0.0926    0.0588    0.0593    0.1042    0.0986    0.0858    0.0699    0.0584
         7    0.0865    0.0596    0.0572    0.0984    0.0984    0.0848    0.0705    0.0564




Age             1998      1999      2000      2001      2002      2003      2004      2005
         0    0.0678    0.0799    0.0754    0.0796    0.0707    0.0543    0.0697    0.0893
         1    0.1075    0.1369    0.1755    0.1911    0.2047    0.1663    0.1445    0.1992
         2    0.0857    0.1043    0.1163    0.1330    0.1414    0.1149    0.1157    0.1630
         3    0.0800    0.0926    0.1180    0.1189    0.1368    0.1087    0.0965    0.1493
         4    0.0766    0.0928    0.1128    0.1199    0.1304    0.1085    0.0895    0.1259
         5    0.0689    0.0915    0.1088    0.1138    0.1297    0.1032    0.0918    0.1207
         6    0.0671    0.0845    0.1061    0.1163    0.1293    0.1068    0.0896    0.1160
         7    0.0678    0.0809    0.0982    0.1166    0.1295    0.1082    0.0910    0.1213




Age             2006      2007      2008      2009      2010      2011      2012      2013
         0    0.0905    0.0977    0.0989    0.1137    0.1226    0.1135    0.1079    0.1176
         1    0.2293    0.2396    0.2653    0.2650    0.3037    0.3147    0.2866    0.2873
         2    0.1753    0.1801    0.1816    0.1834    0.2299    0.2168    0.1803    0.1725
         3    0.1693    0.1624    0.1726    0.1680    0.2010    0.2085    0.1572    0.1428
         4    0.1605    0.1618    0.1626    0.1608    0.1897    0.1940    0.1557    0.1350
         5    0.1413    0.1596    0.1671    0.1577    0.1867    0.1811    0.1466    0.1338
         6    0.1355    0.1459    0.1688    0.1635    0.1828    0.1828    0.1433    0.1322
         7    0.1361    0.1352    0.1501    0.1561    0.1856    0.1767    0.1448    0.1329




Age             2014      2015      2016      2017      2018      2019      2020      2021
         0    0.0879    0.0787    0.0669    0.0591    0.0591    0.0482    0.0466    0.0387
         1    0.2908    0.1999    0.1763    0.1547    0.1421    0.1361    0.1205    0.1100
         2    0.1782    0.1273    0.1356    0.1093    0.0964    0.0968    0.0775    0.0763
         3    0.1556    0.1143    0.1090    0.1015    0.0880    0.0840    0.0729    0.0686
         4    0.1382    0.1065    0.0977    0.0865    0.0855    0.0786    0.0675    0.0658
         5    0.1320    0.1009    0.0948    0.0803    0.0765    0.0786    0.0650    0.0631
         6    0.1326    0.0968    0.0913    0.0802    0.0714    0.0672    0.0660    0.0583
         7    0.1383    0.1028    0.0925    0.0799    0.0736    0.0673    0.0604    0.0620



Observed catches

Species: Herring    



Age             1974      1975      1976      1977      1978      1979      1980      1981
         0      4828     77118      8718     33304    104903     27800    164767    148246
         1    547198    731155    775065    552458    615266    163914   1100686   1029903
         2   1622768   1416518    852286   1305206   1130315    765244   1031591   1466828
         3   1431347   1277005   1270381    845150    947709    709456    990168    731236
         4   1397086    855095   1241577    552190    389295    652811    548836    619650
         5    927254   1226701    886416    675844    270043    218968    721507    366048
         6    394877    353851    956867    360623    244018    172887    190824    459610
         7    227814    176217    424575    358651    164435    227889    192275    134765
         8    674048    687545    838410    547293    347325    480997    542303    514351

Yield         377003    349685    394769    270121    209750    225917    267906    281710


Age             1982      1983      1984      1985      1986      1987      1988      1989
         0    101212    245447    188923     68197    123101     17853     87917    110239
         1    856289   1037490   1041622   1289831    562024    819918    428409    766265
         2   2387645   1899863   1384274   2229116   1840317    665141   2204325    561812
         3   1156498   2024986   1535438   1246480   1848814   1275323    824470   2355412
         4    438699    759204   1209128    983121    949443   1137536    982418    673684
         5    382800    285467    400040    729160    681208    562206    872405    812955
         6    221933    289710    178254    268383    339821    384086    367064    666586
         7    274028    185464    177676    137429    122772    190859    255162    239571
         8    390016    477163    373150    340822    214701    146189    197107    288594

Yield         286530    323691    279565    316330    256813    222608    252127    261876


Age             1990      1991      1992      1993      1994      1995      1996      1997
         0     21108    111711    150340    116784    170800     69700     78436    157154
         1    622958    476200   1165861   1018503    650300   1052800   1414578    753390
         2   1593239   1762377   1296293   2233957   1425400   1277100   1891430   2280998
         3    821778   1332623   1842620   1801065   1924600   2105800   1377254   2298366
         4   1768712    521542    798035   1697837   1325100   1982300   1464217   1519310
         5    596000    955230    298631    682512   1238000    922900   1089135   1147640
         6    595738    300293    520879    293043    535500    611400    675753    679254
         7    322766    285952    153691    276272    220600    244600    406714    334774
         8    229183    262194    234844    166918    337600    263600    280767    247188

Yield         279259    196685    187841    230306    241656    221653    195666    197331


Age             1998      1999      2000      2001      2002      2003      2004      2005
         0     92327    245265    198774    294565    455300    238800     45600    153400
         1   2137481    990703   2101249   1871946   1034600   1347400    656700    326100
         2   1243407   2106830   1492317   2391637   1013200    782600   1242900    753500
         3   2326961   1106340   2041559    983215   1340000    687400    673600   1187000
         4   2065802   1624255    942715   1271700    456700    686600    568200    557000
         5    986841   1107352   1122592    457004    522500    261400    384400    378700
         6    598054    423909    651159    512102    179600    226700    162500    219800
         7    301907    246617    226398    359287    169800     89800    119700     82500
         8    353600    201300    238452    270367    230000    202700    129800    159200

Yield         221690    174096    208546    202481    131045    112255     93370     90586


Age             2006      2007      2008      2009      2010      2011      2012      2013
         0    172500    238300    181700    159400    206500    164700     49700     66400
         1    808300    457500    789400    656300    546300    293100    331700    470300
         2    505500    920400    735300   1364100    645400    568900    315000    655400
         3    754000    630200    968200    721900   1357300    770700    411000    260100
         4   1105000    703000    461700    845300    662000   1130400    504800    410400
         5    408900    823500    485800    299500    630100    415400    621800    467500
         6    264800    268800    710900    340600    283800    312800    225400    403600
         7    154400    136100    165700    486800    283800    129100    153700    172900
         8    147600    111700    215600    239500    362400    235200    199500    223700

Yield         109545    114606    125342    131229    135658    115769     97499    100558


Age             2014      2015      2016      2017      2018      2019      2020      2021
         0    223600     93100    321800    466300    210200    328395    363377     58384
         1    470200   1415800    602100    983600   1737600    416845   1644919    691437
         2    902600    745000   3015000    823500   1280300   1561422    781308   1805171
         3   1003800   1264800    935000   2898600   1174000   1127574   1423813    831906
         4    385400   1252900   1189000    840700   2637500    891781    788676    867236
         5    488300    378000    838200    923600    789200   1957138    662488    519655
         6    409900    384900    331900    527500    664100    485303   1080601    377932
         7    285200    370200    465800    248400    398800    396556    199821    373009
         8    250900    473500    629200    411600    335200    239355    228471    129976

Yield         129420    174257    190496    200422    244048    202023    175532    128966
Species: Sprat      



Age             1974      1975      1976      1977      1978      1979      1980      1981
         0    175407         0    373997     36711     71987     43969     42913     22354
         1   1816400    699409   3406277   1702177    349977    741949    469341   1928665
         2   4336039   3993034   1812968   6765070   2265686    298030   1122507    624249
         3   9534953   5393091   4259756   1160666   4433927    814814    332668    363277
         4   3322600   3935341   2131640   1785061    427037   2522195    477282     93348
         5    793994   1214471    379878   2034861    856222    119726   1198030    107671
         6    570894    761217    238555    425053    695181    174844    163659    504942
         7    448893    489369    271726    343530     81566    366383     68543     14111

Yield         262216    212175    142798    166497    111860     66754     48800     42978


Age             1982      1983      1984      1985      1986      1987      1988      1989
         0     29998    139089     73033     33729     17092      4203    149281     64081
         1    228193   1404116    745171    447996    303862    715923     73944    353103
         2   2412420    238605   2315378   1423237    965691    331852   2680551    835876
         3    354236    514610    340767   2364339   1288477   1196326    729563    667385
         4    247363    106185    448018    427971   2047385   1684562   1101230    400691
         5     79939     65563     75211    226098    341189   1702049    734094    466388
         6     64975     12919     36260     23098    184261    209441    716766    397301
         7    244324     25651      8226     15151     15380    134245     57663    140307

Yield          42876     26274     42673     58748     66524     87801     76238     45858


Age             1990      1991      1992      1993      1994      1995      1996      1997
         0     16209    712329    206337     61518    225416    530400     71200   1345599
         1    704898    841925   2236484   1649333    902715   5656600   8266600   1430547
         2   1776439   2291704   4062217   5331350   7453314   2008600  27174100  22998457
         3    314975   2106995   4735378   3028190   7843059   6175200   4658600  23217218
         4    659512    311619   2710272   1776246   3416704   6172900   6485800   6298881
         5    188720    456471    617775    881231   2120986   3131700   3303900   4084781
         6    236341    111755    475152    216862    765190   1762800   1494100   1642956
         7     92121    167409    181626    217277    183411    583100    686700    678452

Yield          53839     86488    208936    131870    264826    278270    418355    511217


Age             1998      1999      2000      2001      2002      2003      2004      2005
         0    222857   1450622    382597    652640   2255301   3962657    213742   1916220
         1  11017463   2059018  10534630   2775601   6846948   9366111  23263510   2842586
         2   3802547  19883018   2948174  11557197   5491776   7108722  13094317  30967900
         3  17687621   5831191  14716712   2670375  10384310   4805394   5447560  11254006
         4  19617466   9987126   2870184   9252388   3784331   5067481   3086404   2933589
         5   2658612   8850933   4284142   1998797   4157403   2396044   3245594   1868255
         6   1777763   1181962   4076633   2651424   1027488   1902532   1333956    842965
         7   1957223   1204202   1468059   2786052   4324835   2216395   2507460   1614911

Yield         469680    415598    388712    339407    331904    296472    373008    397446


Age             2006      2007      2008      2009      2010      2011      2012      2013
         0   1712120   1497406   2496564   1336214   1776228   1203434   1136587    503207
         1  10851128  13795744   6390489  21087244   4583750   8753340   5218195   6267298
         2   3265522  11967706  15476697   8880105  21493094   4334644   5712233   9612881
         3  21097242   3706322   6682852  10163730   5363115  12479155   2727479   4501503
         4   6832239  13722623   2935808   3901859   4234433   2692668   7040544   2397811
         5   1380358   3854954   5717955   1793153   1239447   1454903   1245814   3847178
         6    613632    623133   2255171   2836605    881009    533446    736463    682989
         7    935063    839363    661469   1361316   1504566    931523    735255    627200

Yield         344385    383019    371268    401629    334173    256559    226649    271410


Age             2014      2015      2016      2017      2018      2019      2020      2021
         0   1597095    382980    920195    824664    779751    842681    864414    194933
         1   4911208  17057263   2973969   3579884   6278336   5962092   6439838   4966000
         2   7619008   4720316  18520734   6141001   6497104  10263401   5655737  11230937
         3   6498613   5121411   3801288  16543725   6473215   5560056   6219636   5202421
         4   2373559   3272068   2547751   3195711  12795134   5543538   3809510   4906849
         5   1458602   1244627   1226450   1563614   1871268   7445687   2817502   2118510
         6   1402152    659072    508161    675502    610191    777196   3492510   1651561
         7    724280    877404    856892    639665    463099    525849    574739   2116468

Yield         238589    245999    243038    282482    302904    311490    268360    284787

Stock numbers

Species: Herring    



Age             1974      1975      1976      1977      1978      1979      1980      1981
         0         0         0         0         0         0         0         0         0
         1  16000748  12321270  22646693  16620934  21400684  18792799  25010848  34848262
         2  14536427   9850976   7264648  14065658   9986939  10379285   7618889   9844704
         3   8443804   9285424   6127265   4463538   8918866   6170204   6255742   3898681
         4   8700725   5374599   5802810   3644582   2821988   5529588   3804728   3327377
         5   3851931   5530162   3366247   3420954   2305908   1759778   3406396   2072064
         6   1744779   2364478   3352861   1885444   2097229   1421916   1064276   1752953
         7   1099757   1073442   1434822   1880715   1158367   1327325    867510    574990
         8   3881683   3182884   2689363   2389858   2713703   2543965   2526292   1928986

TSB          2420201   2146375   1978454   1800517   1867775   2168003   1811144   1650546
SSB          2029232   1845293   1577682   1430013   1442642   1751783   1362062   1098030


Age             1982      1983      1984      1985      1986      1987      1988      1989
         0         0         0         0         0         0         0         0         0
         1  35933484  25681269  31129412  22878587  12500745  24781323   9675308  13849393
         2  14832624  15055734  11561069  15572976  12575932   7177246  14311730   5492321
         3   5046181   7781056   7077882   5787216   8283420   7070037   4497982   8231943
         4   2069676   2681113   3884597   3587078   3130688   4436417   4309133   2635830
         5   1817578   1142271   1327090   2048445   1984087   1744734   2683725   2485045
         6   1101472    980152    546116    649528   1090995   1051988   1034893   1475646
         7    931861    605389    482730    274898    348492    589297    634220    582661
         8   1418313   1337657    993306    775610    581071    516374    680245    761594

TSB          1931894   1675536   1457402   1536021   1053824   1408067   1055085    857360
SSB          1293590   1193838    963431   1100299    798357   1022444    837305    650501


Age             1990      1991      1992      1993      1994      1995      1996      1997
         0         0         0         0         0         0         0         0         0
         1  17608597  14685318  18692228  17665055  14921635  20433250  16618185   8483349
         2   8358032  12079468  10770868  13817891  12154960  10111676  14247187  11983482
         3   3478675   5621182   8411638   7749611   9201153   7922122   6636146   9493999
         4   4683912   2123793   3611925   5689374   4853899   5540630   4700620   4014762
         5   1457090   2607342   1283839   2354678   3372441   2779394   3070919   2634468
         6   1274336    743314   1408864    778275   1291083   1755463   1390037   1547366
         7    765232    654335    408971    846614    431163    680154    882415    706220
         8    717369    768991    784533    727283    874037    698073    702296    813770

TSB           954151    854485    910467    992914   1048349    867208    918019    641373
SSB           695855    617847    653397    729944    826549    615956    674876    508161


Age             1998      1999      2000      2001      2002      2003      2004      2005
         0         0         0         0         0         0         0         0         0
         1  13606149   7838842  13159211  10403535   9908612  20899055  11727503   7960680
         2   6185984   9753994   5581942   8505354   6416990   6294883  14187344   8278170
         3   7926153   4023748   6522170   3499229   4960676   4040312   4379106   9620243
         4   5592510   4506958   2437053   3593025   1761791   2865879   2605721   2917360
         5   2165594   2897015   2524313   1223123   1595844    953446   1745801   1661455
         6   1260500    980367   1462693   1114220    463660    773538    533375   1049863
         7    744442    574456    500179    655080    425561    227061    436095    322627
         8    735824    679454    645207    518150    450370    431246    374666    495069

TSB           678297    535795    601201    608294    471885    736186    567556    541079
SSB           517413    422544    442953    460207    345645    493100    410642    431602


Age             2006      2007      2008      2009      2010      2011      2012      2013
         0         0         0         0         0         0         0         0         0
         1  14100775  11517497  21095797  15145751  11468007   7036829  14440404  15586685
         2   5347921   9142491   7422125  13218941   9336034   6739417   4136808   9059064
         3   5558100   3712246   6262059   5029321   8680766   5851871   4443817   3020548
         4   6325448   3665728   2477951   4101216   3273422   5448030   3759332   3103085
         5   1898707   3987309   2357768   1557920   2526053   1992024   3441033   2600078
         6   1009169   1113177   2363435   1374498    887841   1385761   1173508   2281711
         7    647735    609229    679507   1366276    796966    496296    821506    785345
         8    511680    709668    821557    896406   1304790   1194919   1020413   1253522

TSB           693709    694562    796237    818516    789395    716448    697414    791379
SSB           527280    546647    569662    615876    631508    603640    551500    616301


Age             2014      2015      2016      2017      2018      2019      2020      2021
         0         0         0         0         0         0         0         0         0
         1  11356896  30362987  10587310   9801231  12264812   7485376  19514419  10562793
         2   9997061   7203569  20345122   7108976   6760856   8530558   5234274  13982252
         3   6523270   7048253   5083718  13051617   4805008   4560166   5842609   3659132
         4   2230355   4646669   4802306   3271410   8223961   3036897   2875624   3819708
         5   2194267   1568146   3015126   2861248   1939825   4678706   1752933   1719581
         6   1770230   1421321    925032   1572727   1464058    948060   2277165    906362
         7   1576010   1170252    839128    487195    811983    716469    468089   1176345
         8   1422809   2001315   1895760   1454368   1013948    898997    801805    664624

TSB           810598    953144    763059    727615    751412    631916    614184    613514
SSB           660482    685334    619215    610048    626780    530318    455365    477033
Species: Sprat      



Age             1974      1975      1976      1977      1978      1979      1980      1981
         0         0         0         0         0         0         0         0         0
         1  95028963  28143627 238394806  71832261  31538785  71516396  44821626 133918939
         2  75609960  42984107  12643558 124475758  30807110   9722117  19753864  12418585
         3  27782218  37118248  20664299   6932782  61499205  12963248   3905506   7481209
         4  13678907  13422705  17523979  11237675   3503626  26536092   5373080   1613803
         5   6383978   6742813   6471875   9670091   5774780   1633753  10926103   2250605
         6   4020577   3146887   3251107   3571313   4969235   2721125    712233   4529229
         7   2405706   2008200   1539756   1811176   1858144   2364826   1181279    306760

TSB          1829266   1343500   1737589   1993452   1421961   1054063    719414    999994
SSB          1473463   1221609    934498   1662410   1291499    795965    546474    507310


Age             1982      1983      1984      1985      1986      1987      1988      1989
         0         0         0         0         0         0         0         0         0
         1  69978031 208024673  93797682  77160289  28216811  57421654  19093156  62260203
         2  42671422  22469458  86844669  45306102  40565695  14557016  29492768  10110321
         3   5701858  18807256  11084386  46754941  26153815  23826353   8582765  17565050
         4   3474716   2665649   9785538   6340338  27498361  15413832  14403506   5084007
         5    776779   1653747   1411226   5622669   3778959  16620164   9468867   8788346
         6   1080310    379882    887921    824138   3413258   2317754  10257875   5866733
         7   2115436    513450    206484    521697    508252   2106420   1431483   6376293

TSB           932797   1464673   1527877   1512472   1349784   1353469    980239   1059483
SSB           649575    690447   1129370   1200027   1217333   1129297    889168    822567


Age             1990      1991      1992      1993      1994      1995      1996      1997
         0         0         0         0         0         0         0         0         0
         1  69992612  73574649 109504946 110577993  66152410 259566640 184917609  63014003
         2  36859402  47934719  52490946  75888490  74530687  44254622 180812138 131894235
         3   6485675  26182737  35307115  36132858  50764718  48033339  28959797 116645809
         4  11381850   4551870  19031304  23527816  23817295  31619427  29686974  17663931
         5   3307417   8030783   3319467  12685559  15635572  14960891  19609725  18055899
         6   5768182   2347259   5868564   2220409   8462333   9842853   9316158  11992082
         7   3862222   4087233   1717626   3931046   1486565   5349245   6140025   5704871

TSB          1288906   1664206   2114297   2115029   2276886   2918555   3095004   2730655
SSB           998763   1352380   1674837   1673943   1998995   1996219   2385573   2457814


Age             1998      1999      2000      2001      2002      2003      2004      2005
         0         0         0         0         0         0         0         0         0
         1 187426153  52655530 115567644  58611554  69572731 165320569 289935406  55975868
         2  45000845 131985678  36174412  73064623  36918533  42094696 103420073 183843072
         3  84211088  27955404  82158573  21930276  44726522  21124776  24455746  58930600
         4  69024911  47987084  16220759  47253978  13034425  24212362  11595001  13269152
         5  10485301  39213627  27678433   9194785  27586693   6938472  12971238   6169869
         6  10789933   6002780  22647370  15752817   5400606  14695413   3736597   6886200
         7   7170648   6188458   3491047  12924661   9229308   2878030   7885508   1988213

TSB          2719805   2312334   2323712   1989909   1630252   1784251   2483700   2116420
SSB          2086090   2077284   1937037   1763423   1394477   1257043   1563656   1869327


Age             2006      2007      2008      2009      2010      2011      2012      2013
         0         0         0         0         0         0         0         0         0
         1  85915178 119197159  81686039 200253595  59010882  65130494  76292732  70579774
         2  33773161  51420174  69002420  45963370 112673379  32198749  35289106  43019096
         3 101048389  19256915  27727064  36937185  24535719  58451754  17077642  19927769
         4  30766967  55050880   9898547  14002531  18714207  12307591  29436753   9360536
         5   6915357  16576599  27602007   4919127   6961263   9267034   6143830  15832625
         6   3232181   3797958   8329458  13655347   2453195   3457300   4686107   3334624
         7   3624565   1785461   1934862   4113637   6770292   1223154   1745394   2551829

TSB          1790893   1657901   1645388   1900563   1677312   1327253   1214206   1264315
SSB          1518674   1280531   1362940   1285262   1445131   1119028    971571   1032284


Age             2014      2015      2016      2017      2018      2019      2020      2021
         0         0         0         0         0         0         0         0         0
         1  67064663 250955027  87411603  66521417  85802126  59232075 108349384  93371403
         2  39328934  36908041 155070057  56078990  42954007  56221319  38341581  72037430
         3  23882742  21284691  22207886  95430632  34258813  26700668  33557100  23912898
         4  10736464  12386156  12342126  13465497  55847175  20437001  15192934  19922762
         5   4966028   5524732   7099697   7447434   7843505  32764367  11420318   8881519
         6   8409661   2571311   3184661   4296759   4364967   4643336  18309134   6692897
         7   1774173   4351819   1488245   1934095   2518510   2597271   2624360  10719908

TSB          1131969   1742281   1808306   1748036   1671958   1496490   1545641   1595046
SSB           914721    995738   1485580   1527652   1400190   1296232   1209226   1285466

Fishing mortality

Species: Herring    



Age             1974      1975      1976      1977      1978      1979      1980      1981
         0    0.0000    0.0000    0.0000    0.0000    0.0000    0.0000    0.0000    0.0000
         1    0.0430    0.0420    0.0567    0.0401    0.0293    0.0284    0.0465    0.0519
         2    0.1369    0.1337    0.1804    0.1278    0.0932    0.0903    0.1481    0.1654
         3    0.1983    0.1936    0.2613    0.1851    0.1350    0.1308    0.2144    0.2395
         4    0.2194    0.2141    0.2891    0.2047    0.1494    0.1447    0.2372    0.2650
         5    0.2677    0.2613    0.3528    0.2499    0.1823    0.1765    0.2894    0.3234
         6    0.2677    0.2613    0.3528    0.2499    0.1823    0.1765    0.2894    0.3234
         7    0.2677    0.2613    0.3528    0.2499    0.1823    0.1765    0.2894    0.3234
         8    0.2677    0.2613    0.3528    0.2499    0.1823    0.1765    0.2894    0.3234

Avg. F 3-6     0.238     0.233     0.314     0.222     0.162     0.157     0.258     0.288


Age             1982      1983      1984      1985      1986      1987      1988      1989
         0    0.0000    0.0000    0.0000    0.0000    0.0000    0.0000    0.0000    0.0000
         1    0.0507    0.0684    0.0667    0.0613    0.0635    0.0487    0.0582    0.0824
         2    0.1615    0.2180    0.2123    0.1953    0.2024    0.1551    0.1855    0.1721
         3    0.2339    0.3156    0.3074    0.2828    0.2930    0.2246    0.2686    0.2773
         4    0.2588    0.3491    0.3401    0.3129    0.3242    0.2485    0.2972    0.3538
         5    0.3158    0.4261    0.4150    0.3819    0.3956    0.3033    0.3627    0.4554
         6    0.3158    0.4261    0.4150    0.3819    0.3956    0.3033    0.3627    0.4554
         7    0.3158    0.4261    0.4150    0.3819    0.3956    0.3033    0.3627    0.4554
         8    0.3158    0.4261    0.4150    0.3819    0.3956    0.3033    0.3627    0.4554

Avg. F 3-6     0.281     0.379     0.369     0.340     0.352     0.270     0.323     0.385


Age             1990      1991      1992      1993      1994      1995      1996      1997
         0    0.0000    0.0000    0.0000    0.0000    0.0000    0.0000    0.0000    0.0000
         1    0.0916    0.0828    0.0658    0.0774    0.0849    0.0922    0.0923    0.1042
         2    0.1912    0.1728    0.1374    0.1617    0.1774    0.1927    0.1927    0.2177
         3    0.3082    0.2786    0.2214    0.2605    0.2858    0.3105    0.3106    0.3509
         4    0.3932    0.3554    0.2825    0.3324    0.3647    0.3962    0.3963    0.4477
         5    0.5061    0.4574    0.3635    0.4278    0.4694    0.5099    0.5100    0.5761
         6    0.5061    0.4574    0.3635    0.4278    0.4694    0.5099    0.5100    0.5761
         7    0.5061    0.4574    0.3635    0.4278    0.4694    0.5099    0.5100    0.5761
         8    0.5061    0.4574    0.3635    0.4278    0.4694    0.5099    0.5100    0.5761

Avg. F 3-6     0.428     0.387     0.308     0.362     0.397     0.432     0.432     0.488


Age             1998      1999      2000      2001      2002      2003      2004      2005
         0    0.0000    0.0000    0.0000    0.0000    0.0000    0.0000    0.0000    0.0000
         1    0.1154    0.0942    0.1122    0.1405    0.0958    0.0740    0.0622    0.0526
         2    0.2411    0.1967    0.2344    0.2934    0.2001    0.1547    0.1299    0.1082
         3    0.3885    0.3169    0.3777    0.4729    0.3224    0.2493    0.2094    0.1608
         4    0.4957    0.4044    0.4819    0.6034    0.4114    0.3181    0.2672    0.2185
         5    0.6380    0.5204    0.6202    0.7766    0.5295    0.4093    0.3438    0.3118
         6    0.6380    0.5204    0.6202    0.7766    0.5295    0.4093    0.3438    0.3118
         7    0.6380    0.5204    0.6202    0.7766    0.5295    0.4093    0.3438    0.3118
         8    0.6380    0.5204    0.6202    0.7766    0.5295    0.4093    0.3438    0.3118

Avg. F 3-6     0.540     0.441     0.525     0.657     0.448     0.346     0.291     0.251


Age             2006      2007      2008      2009      2010      2011      2012      2013
         0    0.0000    0.0000    0.0000    0.0000    0.0000    0.0000    0.0000    0.0000
         1    0.0548    0.0527    0.0572    0.0592    0.0618    0.0523    0.0382    0.0350
         2    0.1127    0.1085    0.1176    0.1218    0.1272    0.1077    0.0787    0.0719
         3    0.1675    0.1612    0.1748    0.1810    0.1890    0.1600    0.1169    0.1069
         4    0.2276    0.2191    0.2375    0.2460    0.2568    0.2174    0.1589    0.1453
         5    0.3248    0.3126    0.3389    0.3510    0.3665    0.3102    0.2267    0.2073
         6    0.3248    0.3126    0.3389    0.3510    0.3665    0.3102    0.2267    0.2073
         7    0.3248    0.3126    0.3389    0.3510    0.3665    0.3102    0.2267    0.2073
         8    0.3248    0.3126    0.3389    0.3510    0.3665    0.3102    0.2267    0.2073

Avg. F 3-6     0.261     0.251     0.273     0.282     0.295     0.249     0.182     0.167


Age             2014      2015      2016      2017      2018      2019      2020      2021
         0    0.0000    0.0000    0.0000    0.0000    0.0000    0.0000    0.0000    0.0000
         1    0.0425    0.0621    0.0816    0.0869    0.0975    0.0962    0.0874    0.0664
         2    0.0874    0.1276    0.1678    0.1788    0.2005    0.1978    0.1798    0.1365
         3    0.1299    0.1896    0.2494    0.2657    0.2979    0.2939    0.2672    0.2028
         4    0.1766    0.2578    0.3390    0.3611    0.4049    0.3995    0.3632    0.2757
         5    0.2519    0.3678    0.4837    0.5152    0.5778    0.5701    0.5182    0.3934
         6    0.2519    0.3678    0.4837    0.5152    0.5778    0.5701    0.5182    0.3934
         7    0.2519    0.3678    0.4837    0.5152    0.5778    0.5701    0.5182    0.3934
         8    0.2519    0.3678    0.4837    0.5152    0.5778    0.5701    0.5182    0.3934

Avg. F 3-6     0.203     0.296     0.389     0.414     0.465     0.458     0.417     0.316
Species: Sprat      



Age             1974      1975      1976      1977      1978      1979      1980      1981
         0    0.0000    0.0000    0.0000    0.0000    0.0000    0.0000    0.0000    0.0000
         1    0.0382    0.0379    0.0264    0.0302    0.0184    0.0175    0.0194    0.0140
         2    0.1681    0.1668    0.1162    0.1332    0.0813    0.0771    0.0853    0.0616
         3    0.2493    0.2474    0.1724    0.1975    0.1205    0.1143    0.1265    0.0914
         4    0.2550    0.2530    0.1763    0.2020    0.1233    0.1168    0.1293    0.0934
         5    0.2550    0.2530    0.1763    0.2020    0.1233    0.1168    0.1293    0.0934
         6    0.2550    0.2530    0.1763    0.2020    0.1233    0.1168    0.1293    0.0934
         7    0.2550    0.2530    0.1763    0.2020    0.1233    0.1168    0.1293    0.0934

Avg. F 3-5     0.253     0.251     0.175     0.201     0.122     0.116     0.128     0.093


Age             1982      1983      1984      1985      1986      1987      1988      1989
         0    0.0000    0.0000    0.0000    0.0000    0.0000    0.0000    0.0000    0.0000
         1    0.0117    0.0069    0.0055    0.0073    0.0104    0.0099    0.0097    0.0091
         2    0.0514    0.0304    0.0244    0.0324    0.0458    0.0436    0.0425    0.0399
         3    0.0762    0.0450    0.0361    0.0480    0.0679    0.0646    0.0631    0.0592
         4    0.0779    0.0460    0.0370    0.0491    0.0695    0.0661    0.0645    0.0605
         5    0.0779    0.0460    0.0370    0.0491    0.0695    0.0661    0.0645    0.0605
         6    0.0779    0.0460    0.0370    0.0491    0.0695    0.0661    0.0645    0.0605
         7    0.0779    0.0460    0.0370    0.0491    0.0695    0.0661    0.0645    0.0605

Avg. F 3-5     0.077     0.046     0.037     0.049     0.069     0.066     0.064     0.060


Age             1990      1991      1992      1993      1994      1995      1996      1997
         0    0.0000    0.0000    0.0000    0.0000    0.0000    0.0000    0.0000    0.0000
         1    0.0078    0.0080    0.0212    0.0145    0.0240    0.0279    0.0330    0.0383
         2    0.0342    0.0353    0.0933    0.0641    0.1056    0.1228    0.1455    0.1688
         3    0.0508    0.0523    0.1383    0.0950    0.1566    0.1821    0.2157    0.2502
         4    0.0519    0.0535    0.1414    0.0971    0.1601    0.1862    0.2206    0.2559
         5    0.0519    0.0535    0.1414    0.0971    0.1601    0.1862    0.2206    0.2559
         6    0.0519    0.0535    0.1414    0.0971    0.1601    0.1862    0.2206    0.2559
         7    0.0519    0.0535    0.1414    0.0971    0.1601    0.1862    0.2206    0.2559

Avg. F 3-5     0.052     0.053     0.140     0.096     0.159     0.185     0.219     0.254


Age             1998      1999      2000      2001      2002      2003      2004      2005
         0    0.0000    0.0000    0.0000    0.0000    0.0000    0.0000    0.0000    0.0000
         1    0.0432    0.0385    0.0829    0.0710    0.0976    0.1027    0.1110    0.1060
         2    0.1905    0.1698    0.1842    0.1578    0.2169    0.2281    0.2467    0.2355
         3    0.2825    0.2518    0.2351    0.2014    0.2768    0.2912    0.3150    0.3006
         4    0.2889    0.2576    0.2549    0.2183    0.3001    0.3156    0.3414    0.3259
         5    0.2889    0.2576    0.2549    0.2183    0.3001    0.3156    0.3414    0.3259
         6    0.2889    0.2576    0.2549    0.2183    0.3001    0.3156    0.3414    0.3259
         7    0.2889    0.2576    0.2549    0.2183    0.3001    0.3156    0.3414    0.3259

Avg. F 3-5     0.287     0.256     0.248     0.213     0.292     0.307     0.333     0.317


Age             2006      2007      2008      2009      2010      2011      2012      2013
         0    0.0000    0.0000    0.0000    0.0000    0.0000    0.0000    0.0000    0.0000
         1    0.0839    0.1069    0.1095    0.1100    0.1019    0.0978    0.0860    0.0972
         2    0.1865    0.2375    0.2433    0.2444    0.2263    0.2173    0.1911    0.2160
         3    0.2380    0.3031    0.3106    0.3120    0.2889    0.2774    0.2440    0.2757
         4    0.2580    0.3286    0.3367    0.3382    0.3132    0.3007    0.2645    0.2989
         5    0.2580    0.3286    0.3367    0.3382    0.3132    0.3007    0.2645    0.2989
         6    0.2580    0.3286    0.3367    0.3382    0.3132    0.3007    0.2645    0.2989
         7    0.2580    0.3286    0.3367    0.3382    0.3132    0.3007    0.2645    0.2989

Avg. F 3-5     0.251     0.320     0.328     0.329     0.305     0.293     0.258     0.291


Age             2014      2015      2016      2017      2018      2019      2020      2021
         0    0.0000    0.0000    0.0000    0.0000    0.0000    0.0000    0.0000    0.0000
         1    0.1061    0.0813    0.0675    0.0826    0.0806    0.0987    0.0876    0.0789
         2    0.2357    0.1807    0.1499    0.1835    0.1791    0.2192    0.1946    0.1752
         3    0.3009    0.2307    0.1914    0.2343    0.2286    0.2799    0.2485    0.2237
         4    0.3261    0.2500    0.2074    0.2540    0.2478    0.3034    0.2693    0.2425
         5    0.3261    0.2500    0.2074    0.2540    0.2478    0.3034    0.2693    0.2425
         6    0.3261    0.2500    0.2074    0.2540    0.2478    0.3034    0.2693    0.2425
         7    0.3261    0.2500    0.2074    0.2540    0.2478    0.3034    0.2693    0.2425

Avg. F 3-5     0.318     0.244     0.202     0.247     0.241     0.296     0.262     0.236

Predation mortality

Species: Herring    



Age             1974      1975      1976      1977      1978      1979      1980      1981
         0    0.4128    0.3451    0.3374    0.4773    0.6773    0.7625    0.6562    0.6660
         1    0.3421    0.3863    0.3196    0.3693    0.5943    0.7745    0.7859    0.7022
         2    0.2113    0.2411    0.2066    0.2278    0.2883    0.3160    0.4219    0.4029
         3    0.1535    0.1766    0.1582    0.1734    0.2431    0.2527    0.3169    0.2937
         4    0.1338    0.1538    0.1394    0.1530    0.2229    0.2398    0.2705    0.2397
         5    0.1203    0.1391    0.1269    0.1394    0.2012    0.2263    0.2749    0.2085
         6    0.1181    0.1382    0.1254    0.1373    0.1752    0.2176    0.2263    0.2085
         7    0.1036    0.1235    0.1132    0.1220    0.1598    0.1829    0.2018    0.1759
         8    0.0737    0.0893    0.0822    0.0893    0.1286    0.1337    0.1666    0.1360




Age             1982      1983      1984      1985      1986      1987      1988      1989
         0    0.6167    0.5511    0.4486    0.3972    0.3649    0.3980    0.3442    0.2526
         1    0.7192    0.6297    0.5260    0.4371    0.3913    0.4003    0.4080    0.3226
         2    0.3836    0.4368    0.3797    0.3359    0.2735    0.2122    0.2675    0.1846
         3    0.2985    0.2791    0.2722    0.2316    0.2314    0.1705    0.1658    0.1866
         4    0.2356    0.2541    0.1999    0.1793    0.1605    0.1542    0.1533    0.1389
         5    0.2017    0.2119    0.1995    0.1481    0.1388    0.1191    0.1354    0.1125
         6    0.1827    0.1822    0.1714    0.1408    0.1203    0.1028    0.1117    0.1013
         7    0.1797    0.1648    0.1464    0.1267    0.1073    0.0916    0.0940    0.0833
         8    0.1273    0.1360    0.1198    0.1045    0.0833    0.0723    0.0730    0.0645




Age             1990      1991      1992      1993      1994      1995      1996      1997
         0    0.1447    0.1086    0.1403    0.1901    0.1611    0.1352    0.1113    0.0964
         1    0.1853    0.1273    0.1364    0.1965    0.2042    0.1684    0.1347    0.1116
         2    0.1054    0.0890    0.0918    0.1450    0.1507    0.1285    0.1132    0.0957
         3    0.0852    0.0637    0.0696    0.1073    0.1214    0.1114    0.0919    0.0784
         4    0.0926    0.0479    0.0454    0.0905    0.0928    0.0939    0.0827    0.0696
         5    0.0670    0.0581    0.0370    0.0731    0.0835    0.0830    0.0754    0.0610
         6    0.0605    0.0401    0.0458    0.0628    0.0716    0.0779    0.0671    0.0555
         7    0.0539    0.0435    0.0340    0.0703    0.0574    0.0658    0.0616    0.0519
         8    0.0467    0.0338    0.0307    0.0490    0.0559    0.0628    0.0500    0.0471




Age             1998      1999      2000      2001      2002      2003      2004      2005
         0    0.1209    0.1452    0.1515    0.1612    0.1487    0.1154    0.1430    0.1869
         1    0.1174    0.1454    0.2242    0.2427    0.2579    0.2133    0.1861    0.2452
         2    0.0890    0.1058    0.1326    0.1457    0.1626    0.1082    0.1586    0.1902
         3    0.0760    0.0845    0.1185    0.1133    0.1262    0.0893    0.0968    0.1585
         4    0.0620    0.0753    0.1075    0.1082    0.1026    0.0776    0.0829    0.1110
         5    0.0545    0.0630    0.0976    0.0935    0.0947    0.0715    0.0647    0.0868
         6    0.0478    0.0525    0.0831    0.0859    0.0845    0.0638    0.0589    0.0712
         7    0.0465    0.0502    0.0742    0.0822    0.0772    0.0562    0.0526    0.0627
         8    0.0349    0.0388    0.0721    0.0792    0.0810    0.0533    0.0458    0.0533




Age             2006      2007      2008      2009      2010      2011      2012      2013
         0    0.1890    0.2023    0.2069    0.2371    0.2567    0.2358    0.2162    0.2322
         1    0.2785    0.2867    0.3102    0.3246    0.3698    0.3789    0.3280    0.3091
         2    0.1524    0.1699    0.1716    0.1988    0.2399    0.2088    0.1358    0.1564
         3    0.1487    0.1430    0.1485    0.1485    0.1769    0.1825    0.1422    0.0964
         4    0.1338    0.1222    0.1266    0.1387    0.1398    0.1421    0.1098    0.1013
         5    0.1091    0.1104    0.1007    0.1114    0.1339    0.1189    0.0842    0.0771
         6    0.0799    0.0810    0.1091    0.0941    0.1151    0.1126    0.0750    0.0627
         7    0.0700    0.0688    0.0830    0.1089    0.0999    0.0943    0.0638    0.0566
         8    0.0611    0.0539    0.0714    0.0855    0.0971    0.0953    0.0537    0.0499




Age             2014      2015      2016      2017      2018      2019      2020      2021
         0    0.1770    0.1604    0.1376    0.1188    0.1162    0.0976    0.0934    0.0796
         1    0.3127    0.2383    0.2167    0.1844    0.1656    0.1615    0.1459    0.1395
         2    0.1621    0.1209    0.1761    0.1129    0.0933    0.0807    0.0782    0.0759
         3    0.1093    0.0940    0.0914    0.0962    0.0609    0.0671    0.0578    0.0644
         4    0.0757    0.0748    0.0789    0.0615    0.0591    0.0500    0.0510    0.0505
         5    0.0823    0.0600    0.0672    0.0548    0.0382    0.0500    0.0414    0.0468
         6    0.0619    0.0592    0.0575    0.0459    0.0369    0.0357    0.0423    0.0401
         7    0.0554    0.0497    0.0527    0.0371    0.0346    0.0328    0.0297    0.0380
         8    0.0492    0.0452    0.0457    0.0335    0.0278    0.0286    0.0290    0.0323


Species: Sprat      



Age             1974      1975      1976      1977      1978      1979      1980      1981
         0    0.3165    0.2314    0.2359    0.3823    0.4937    0.4910    0.4156    0.4351
         1    0.5552    0.5623    0.4234    0.6164    0.9584    1.0691    1.0641    0.9297
         2    0.3433    0.3656    0.2846    0.3719    0.5843    0.6350    0.6857    0.5168
         3    0.2781    0.3032    0.2368    0.2849    0.5200    0.5665    0.5573    0.4755
         4    0.2524    0.2765    0.2182    0.2638    0.4396    0.5705    0.5409    0.4378
         5    0.2524    0.2765    0.2182    0.2638    0.4292    0.5134    0.5513    0.4405
         6    0.2392    0.2618    0.2087    0.2513    0.4193    0.5176    0.5130    0.4679
         7    0.2486    0.2718    0.2156    0.2601    0.4194    0.5328    0.5313    0.4194




Age             1982      1983      1984      1985      1986      1987      1988      1989
         0    0.3733    0.3130    0.2491    0.2271    0.2267    0.2433    0.1965    0.1422
         1    0.9244    0.6666    0.5222    0.4356    0.4514    0.4564    0.4261    0.3152
         2    0.5679    0.4763    0.3948    0.3171    0.2863    0.2847    0.2757    0.2040
         3    0.4842    0.4083    0.3225    0.2828    0.2608    0.2387    0.2606    0.1747
         4    0.4646    0.3900    0.3171    0.2684    0.2340    0.2212    0.2295    0.1694
         5    0.4374    0.3759    0.3009    0.2501    0.2194    0.2165    0.2142    0.1605
         6    0.4659    0.3636    0.2948    0.2343    0.2132    0.2158    0.2109    0.1575
         7    0.4737    0.3613    0.2933    0.2427    0.2095    0.2048    0.2003    0.1536




Age             1990      1991      1992      1993      1994      1995      1996      1997
         0    0.0797    0.0662    0.0865    0.1057    0.0847    0.0694    0.0580    0.0528
         1    0.1708    0.1297    0.1455    0.1800    0.1780    0.1337    0.1049    0.0984
         2    0.1078    0.0705    0.0802    0.1380    0.1337    0.1013    0.0928    0.0799
         3    0.1033    0.0667    0.0676    0.1218    0.1169    0.0991    0.0787    0.0744
         4    0.0968    0.0622    0.0642    0.1115    0.1048    0.0915    0.0766    0.0656
         5    0.0910    0.0601    0.0607    0.1077    0.1027    0.0875    0.0712    0.0589
         6    0.0926    0.0588    0.0593    0.1041    0.0985    0.0857    0.0698    0.0583
         7    0.0865    0.0596    0.0571    0.0983    0.0983    0.0847    0.0705    0.0564




Age             1998      1999      2000      2001      2002      2003      2004      2005
         0    0.0675    0.0796    0.0752    0.0794    0.0705    0.0542    0.0695    0.0890
         1    0.1075    0.1369    0.1756    0.1912    0.2049    0.1664    0.1445    0.1993
         2    0.0856    0.1042    0.1163    0.1330    0.1414    0.1149    0.1157    0.1630
         3    0.0799    0.0925    0.1180    0.1189    0.1369    0.1087    0.0964    0.1493
         4    0.0766    0.0927    0.1128    0.1199    0.1304    0.1085    0.0895    0.1258
         5    0.0689    0.0914    0.1088    0.1138    0.1297    0.1033    0.0918    0.1207
         6    0.0670    0.0845    0.1060    0.1163    0.1293    0.1069    0.0895    0.1159
         7    0.0677    0.0808    0.0982    0.1166    0.1295    0.1082    0.0909    0.1212




Age             2006      2007      2008      2009      2010      2011      2012      2013
         0    0.0902    0.0974    0.0986    0.1133    0.1221    0.1131    0.1074    0.1171
         1    0.2294    0.2398    0.2656    0.2651    0.3039    0.3150    0.2869    0.2876
         2    0.1753    0.1802    0.1816    0.1833    0.2300    0.2168    0.1803    0.1725
         3    0.1693    0.1623    0.1726    0.1680    0.2010    0.2085    0.1573    0.1427
         4    0.1604    0.1618    0.1626    0.1607    0.1896    0.1940    0.1557    0.1350
         5    0.1413    0.1596    0.1671    0.1576    0.1867    0.1811    0.1466    0.1338
         6    0.1355    0.1458    0.1688    0.1634    0.1828    0.1828    0.1433    0.1321
         7    0.1361    0.1352    0.1501    0.1561    0.1856    0.1767    0.1448    0.1329




Age             2014      2015      2016      2017      2018      2019      2020      2021
         0    0.0876    0.0784    0.0666    0.0589    0.0588    0.0480    0.0464    0.0386
         1    0.2912    0.2001    0.1764    0.1548    0.1422    0.1363    0.1206    0.1101
         2    0.1783    0.1273    0.1356    0.1093    0.0964    0.0968    0.0775    0.0763
         3    0.1557    0.1143    0.1090    0.1015    0.0880    0.0840    0.0729    0.0686
         4    0.1383    0.1065    0.0977    0.0865    0.0855    0.0786    0.0675    0.0658
         5    0.1321    0.1009    0.0948    0.0803    0.0765    0.0786    0.0650    0.0631
         6    0.1327    0.0968    0.0913    0.0802    0.0714    0.0672    0.0660    0.0583
         7    0.1383    0.1028    0.0925    0.0798    0.0736    0.0673    0.0604    0.0620

