# file incl_stom.out 
# A value >=1 indicate that the stomach sample is used in SMS. Default number is no. of hauls (a number > 0)
##############

##############
# Predator: 1  Cod        
# Quarter: 1
# Year: 
#   1974  1975  1976  1977  1978  1979  1980  1981  1982  1983  1984  1985  1986  1987  1988  1989  1990  1991  1993  1994  1995  1996  1997  1998  1999  2000  2001  2002  2003  2004  2005  2006  2007  2008  2009  2010  2011  2012  2013  2014
   -17    10     0    16    17    16     0    10    10    10    10     0     0     0     0     0     0     0     0     0     0     0     0     0     0    10     0    10     0     0    10    10    13    23     0    10    10    10    19    10 # Size: 3
   -36    10     0    10    54    11     0    10    10     0    10    10     0     0   -10     0     0     0     0     0     0     0     0     0    11    18     0    10     0     0    12    10    20    33    19    10    10    11    31    12 # Size: 4
   -57    15    10    43   100    42    10    10    60    10    10    10    10    10    31     0    12     0    10     0    12    10     0     0    12    19    10    10     0     0    12    10    18    29    15    10    10    12    37    18 # Size: 5
   -25    26    10    33    26    42    11    10    34    21    10    19    10    10    38    10    35    12    10     0    10    10     0     0    10    10    10    10     0     0    10    10    10    16    13    10    10    10    21    10 # Size: 6
   -15    27    11    31    12    36    24    11    21    33    16    17    10    10    21    15    28    27    10     0    10    10     0     0    10    10    10    10     0    10   -10    10    10    19    14    10    10    10    21    12 # Size: 7
   -50    28    10    66    20    39    34    35    30    46    55    41    23    29    53    57    23    35    10     0    10    10     0     0    13    10    10     0    10    10    10    11    16    28    21    15    10    12    51    28 # Size: 8
   -39    13    10    33    17   -15    16    11    21    20    40    31    27    24    31    45    43    47    10     0    10    10     0     0    10    10    10     0     0    10     0    10    10    15    16    17    10    13    18    10 # Size: 9
   -15    10     0    15    10    10    10    10    10    10    10    10    10    10    10    19    27    10    10     0    10    10     0     0    10     0     0     0     0    10     0     0     0    10    10    12    10    10    10     0 # Size: 10
   -10    10     0    10     0    10     0     0    10     0    10    10    10     0    10    10    11    10     0     0    10     0     0     0    10     0     0     0     0     0     0     0     0    10    10    13    10    10    10     0 # Size: 11
# Quarter: 2
# Year: 
#   1974  1975  1976  1977  1978  1979  1980  1981  1982  1983  1984  1985  1986  1987  1988  1989  1990  1991  1993  1994  1995  1996  1997  1998  1999  2000  2001  2002  2003  2004  2005  2006  2007  2008  2009  2010  2011  2012  2013  2014
     0    10    18    26    10     0     0     0    10     0    10     0     0     0     0     0     0     0     0     0     0     0     0     0     0     0     0     0     0     0     0     0     0     0     0     0     0     0     0     0 # Size: 3
     0    13    10    13    32     0     0     0    10     0     0     0     0    10     0     0     0     0     0     0     0     0     0   -10   -10     0     0     0     0     0     0     0     0     0     0     0     0     0     0     0 # Size: 4
     0   -32    19    15   -35     0    10     0   -31    10     0    10    25    54   -10     0    10     0     0    10     0     0     0   -10   -10     0     0     0     0     0     0     0     0     0     0     0     0     0     0     0 # Size: 5
   -44   -34    24    18    16     0    22    10    24    14    10    21    27    50   -10    10    10     0   -10    11     0     0     0     0    10     0     0     0     0     0     0     0     0     0     0     0     0     0     0     0 # Size: 6
   -35   -39    35    21    11   -10    36    10    22    19    10    17    26    27   -10    10    14   -10     0    10     0     0     0     0     0     0     0     0     0     0     0     0     0     0     0     0     0    10     0     0 # Size: 7
   -50    54   -61   -55    22   -11    43   -32    60    38    18    58    69    75    28    52    12   -10     0    10     0     0     0   -10   -10     0     0     0     0     0     0     0     0     0     0     0     0    10     0     0 # Size: 8
   -32    17    36    42    16   -10    17    25    39    22    10    49   100    64    30    60    28     0   -10    10     0     0     0     0   -10     0     0     0     0     0     0     0     0     0     0     0     0     0     0     0 # Size: 9
   -10    10    12    20    10     0    10    10    10    10    10    17    52    25    12    35    18     0   -10    10     0     0     0     0     0     0     0     0     0     0     0     0     0     0     0     0     0     0     0     0 # Size: 10
   -10    10    10    10    10     0     0     0    10    10     0    10    13    12    10    14    10     0   -10     0     0     0     0     0     0     0     0     0     0     0     0     0     0     0     0     0     0     0     0     0 # Size: 11
# Quarter: 3
# Year: 
#   1974  1975  1976  1977  1978  1979  1980  1981  1982  1983  1984  1985  1986  1987  1988  1989  1990  1991  1993  1994  1995  1996  1997  1998  1999  2000  2001  2002  2003  2004  2005  2006  2007  2008  2009  2010  2011  2012  2013  2014
     0     0    10     0     0     0     0    10    10     0     0     0     0     0     0     0     0     0     0     0     0     0     0     0     0     0     0     0     0     0     0     0     0     0     0     0     0     0     0     0 # Size: 3
     0    10    10     0     0     0     0    10     0     0     0     0     0     0     0     0    10    10     0     0     0     0     0     0     0     0     0     0     0     0     0     0     0     0     0     0     0     0     0     0 # Size: 4
     0    10    16    10     0    11     0    10    12     0   -10     0     0     0     0     0    17    10     0     0     0     0     0     0     0     0     0     0     0     0     0     0     0     0     0     0     0     0     0     0 # Size: 5
     0    10    16    10     0    13    10    10    24     0     0     0     0     0     0     0    10     0     0     0     0     0     0     0     0     0     0     0     0     0     0     0     0     0     0     0     0   -10     0     0 # Size: 6
     0    10    13    10     0    16    10    10    45     0    10     0     0     0     0     0    10     0     0     0     0     0     0     0     0     0     0     0     0     0     0     0     0     0     0     0     0   -10     0     0 # Size: 7
     0    11    22     0     0    14    15    10    54    10    10     0     0     0     0     0    25    10     0     0     0     0     0     0     0     0     0     0     0     0     0     0     0     0     0     0     0   -10     0     0 # Size: 8
     0    10    12     0     0    10    10    10    30    10    10     0     0     0     0     0    12    10     0     0     0     0     0     0     0     0     0     0     0     0     0     0     0     0     0     0     0     0     0     0 # Size: 9
     0    10    10     0     0     0     0    10    10     0     0     0     0     0     0     0    10    10     0     0     0     0     0     0     0     0     0     0     0     0     0     0     0     0     0     0     0     0     0     0 # Size: 10
     0     0     0     0     0     0     0     0    10     0     0     0     0     0     0     0    10    10     0     0     0     0     0     0     0     0     0     0     0     0     0     0     0     0     0     0     0     0     0     0 # Size: 11
# Quarter: 4
# Year: 
#   1974  1975  1976  1977  1978  1979  1980  1981  1982  1983  1984  1985  1986  1987  1988  1989  1990  1991  1993  1994  1995  1996  1997  1998  1999  2000  2001  2002  2003  2004  2005  2006  2007  2008  2009  2010  2011  2012  2013  2014
     0    10     0     0     0     0     0    10     0    10     0     0     0     0     0     0     0     0     0     0     0     0     0     0    15     0    10    10    10    10    10    11    12    14    10     0    10    21    21     0 # Size: 3
    10    10   -10    16    10    16    10    10    10    10     0    10    10     0     0     0     0     0     0     0     0     0     0     0    10     0    10    10    14    10    10    23    16    14    10     0    10    20    24     0 # Size: 4
    11     0   -42    24    28    28    10    23    10    18    10    12    16    10     0    13     0     0     0     0     0     0    10     0    10     0    10    10    11    10    10    22    24    20    10     0    10    23    26     0 # Size: 5
    11    10    20    10    27    43    10    15    10    20    10    10    12    10     0    17     0     0     0     0     0     0     0     0     0    10    10    10    10    10    10    14    11    13    10     0    10    13    18     0 # Size: 6
    10    10    11    10    19    70    13    10    15    39    10    10    14    10    10    10     0     0     0     0     0     0    10     0   -10    10   -10    10    10    10    10    13    11    11    10     0    10    11    15     0 # Size: 7
    13    10    24    10    26    77    42    20    17   100    21    13    36    10    19    10     0     0     0     0     0     0    17     0    10    15   -10     0    10    10    12    17    17    18    10     0    10    18    19     0 # Size: 8
    10    10    16    10    10    20    23    12    10    63    15    10    13     0    10    11     0     0     0     0     0     0    10     0    10    10     0     0     0    10    10    10    15    14    10     0    10    10    10     0 # Size: 9
     0     0    10    10    10    10    10    10     0    11    10    10    10     0     0    10     0     0     0     0     0     0    10     0    10     0     0     0    10     0    10    10    11    10    10     0    10    10     0     0 # Size: 10
     0     0     0    10     0     0     0     0     0    10     0     0     0     0     0     0     0     0     0     0     0     0    10     0    10     0     0     0     0     0     0     0    10    10    10     0    10    10     0     0 # Size: 11
