Species.n Year Quarter Age N west consum size
1 1974 1 1 519086 0.003646 0.004 50
1 1974 1 2 1.59458e+06 0.021192 0.032 119
1 1974 1 3 531876 0.055496 0.071 168
1 1974 1 4 584192 0.12441 0.131 220
1 1974 1 5 320154 0.225408 0.208 269
1 1974 1 6 275834 0.370895 0.246 317
1 1974 1 7 102986 0.587078 0.349 369
1 1974 1 8 126078 0.953028 0.498 431
1 1974 1 9 36257 1.79205 0.798 530
1 1974 1 10 9686 3.03775 1.181 629
1 1974 1 11 2973 5.32349 1.76 749
1 1974 2 1 153681 0.003646 0.004 50
1 1974 2 2 882589 0.023486 0.03 124
1 1974 2 3 656538 0.056288 0.061 169
1 1974 2 4 553705 0.120703 0.109 218
1 1974 2 5 287520 0.226669 0.179 270
1 1974 2 6 298474 0.372663 0.179 317
1 1974 2 7 110926 0.58622 0.254 369
1 1974 2 8 130208 0.954447 0.362 431
1 1974 2 9 37819 1.78924 0.581 530
1 1974 2 10 9809 3.03555 0.859 629
1 1974 2 11 2954 5.32287 1.28 749
1 1974 3 0 -1 -1 0 -1
1 1974 3 1 3.64562e+06 0.003646 0.004 50
1 1974 3 2 403037 0.024494 0.034 126
1 1974 3 3 503158 0.057601 0.067 170
1 1974 3 4 597747 0.12021 0.118 217
1 1974 3 5 260632 0.226275 0.192 269
1 1974 3 6 294808 0.375897 0.339 318
1 1974 3 7 124264 0.586562 0.476 369
1 1974 3 8 143766 0.952993 0.678 431
1 1974 3 9 42442 1.79066 1.088 530
1 1974 3 10 10986 3.03443 1.61 629
1 1974 3 11 3279 5.32358 2.4 749
1 1974 4 0 -1 -1 0 -1
1 1974 4 1 1.73917e+06 0.003646 0.004 50
1 1974 4 2 1.08682e+06 0.01679 0.025 110
1 1974 4 3 303336 0.058331 0.068 171
1 1974 4 4 532989 0.12317 0.12 219
1 1974 4 5 263745 0.225685 0.192 269
1 1974 4 6 281092 0.37664 0.361 318
1 1974 4 7 130432 0.587708 0.507 369
1 1974 4 8 161233 0.953421 0.724 431
1 1974 4 9 48237 1.79359 1.161 530
1 1974 4 10 12721 3.034 1.717 629
1 1974 4 11 3779 5.32451 2.56 749
1 1975 1 1 434746 0.003646 0.004 50
1 1975 1 2 1.32038e+06 0.021121 0.032 119
1 1975 1 3 404188 0.055141 0.071 168
1 1975 1 4 408789 0.124822 0.131 220
1 1975 1 5 249804 0.226336 0.208 269
1 1975 1 6 269171 0.375711 0.248 318
1 1975 1 7 124567 0.588322 0.349 369
1 1975 1 8 166566 0.957227 0.498 431
1 1975 1 9 50660 1.7936 0.798 530
1 1975 1 10 13415 3.03331 1.181 629
1 1975 1 11 3934 5.32048 1.76 749
1 1975 2 1 128369 0.003646 0.004 50
1 1975 2 2 733079 0.023457 0.03 124
1 1975 2 3 530160 0.056163 0.061 169
1 1975 2 4 406896 0.119894 0.108 217
1 1975 2 5 210758 0.227167 0.179 270
1 1975 2 6 253843 0.376495 0.181 318
1 1975 2 7 117899 0.588243 0.254 369
1 1975 2 8 163946 0.96229 0.364 432
1 1975 2 9 52104 1.79249 0.581 530
1 1975 2 10 13677 3.03274 0.859 629
1 1975 2 11 3952 5.3126 1.276 748
1 1975 3 0 -1 -1 0 -1
1 1975 3 1 5.21219e+06 0.003646 0.004 50
1 1975 3 2 336956 0.024391 0.034 126
1 1975 3 3 412031 0.057548 0.067 170
1 1975 3 4 465556 0.119524 0.118 217
1 1975 3 5 190412 0.226262 0.192 269
1 1975 3 6 231377 0.378429 0.341 319
1 1975 3 7 115658 0.588516 0.476 369
1 1975 3 8 166426 0.966515 0.686 433
1 1975 3 9 57115 1.7954 1.088 530
1 1975 3 10 15243 3.03348 1.61 629
1 1975 3 11 4404 5.30821 2.393 748
1 1975 4 0 -1 -1 0 -1
1 1975 4 1 2.48952e+06 0.003646 0.004 50
1 1975 4 2 1.45727e+06 0.016179 0.024 109
1 1975 4 3 251889 0.0582 0.068 171
1 1975 4 4 426076 0.12279 0.12 219
1 1975 4 5 199912 0.225418 0.192 269
1 1975 4 6 213226 0.377795 0.364 319
1 1975 4 7 110301 0.589217 0.507 369
1 1975 4 8 168769 0.97035 0.731 433
1 1975 4 9 62723 1.80122 1.166 531
1 1975 4 10 17468 3.03501 1.717 629
1 1975 4 11 5086 5.30653 2.552 748
1 1976 1 1 620318 0.003646 0.004 50
1 1976 1 2 1.85205e+06 0.021009 0.032 119
1 1976 1 3 482837 0.054345 0.07 167
1 1976 1 4 342163 0.123688 0.131 220
1 1976 1 5 195302 0.226107 0.208 269
1 1976 1 6 204304 0.375651 0.248 318
1 1976 1 7 98763 0.589286 0.349 369
1 1976 1 8 157674 0.974089 0.505 434
1 1976 1 9 62377 1.80631 0.802 531
1 1976 1 10 18151 3.03659 1.181 629
1 1976 1 11 5303 5.30256 1.755 748
1 1976 2 1 182391 0.003646 0.004 50
1 1976 2 2 1.03275e+06 0.02341 0.03 124
1 1976 2 3 711633 0.055933 0.061 169
1 1976 2 4 426566 0.116664 0.106 215
1 1976 2 5 169850 0.226768 0.179 270
1 1976 2 6 195290 0.375925 0.181 318
1 1976 2 7 90286 0.588597 0.254 369
1 1976 2 8 141458 0.976337 0.368 434
1 1976 2 9 58767 1.81035 0.586 532
1 1976 2 10 17843 3.03917 0.862 630
1 1976 2 11 5247 5.2971 1.276 748
1 1976 3 0 -1 -1 0 -1
1 1976 3 1 1.12555e+07 0.003646 0.004 50
1 1976 3 2 478428 0.024257 0.033 125
1 1976 3 3 566400 0.057452 0.067 170
1 1976 3 4 573055 0.117722 0.117 216
1 1976 3 5 175531 0.224873 0.192 269
1 1976 3 6 183522 0.377241 0.341 319
1 1976 3 7 88733 0.5885 0.476 369
1 1976 3 8 136177 0.976585 0.689 434
1 1976 3 9 59339 1.81589 1.098 532
1 1976 3 10 19135 3.04437 1.616 630
1 1976 3 11 5792 5.29768 2.393 748
1 1976 4 0 -1 -1 0 -1
1 1976 4 1 5.37915e+06 0.003646 0.004 50
1 1976 4 2 3.04624e+06 0.015854 0.024 108
1 1976 4 3 353191 0.058018 0.068 171
1 1976 4 4 556522 0.121911 0.12 219
1 1976 4 5 220706 0.22414 0.192 269
1 1976 4 6 186484 0.37445 0.361 318
1 1976 4 7 86972 0.588934 0.507 369
1 1976 4 8 136466 0.976855 0.735 434
1 1976 4 9 61873 1.82211 1.176 533
1 1976 4 10 21432 3.05124 1.724 630
1 1976 4 11 6799 5.30496 2.552 748
1 1977 1 1 1.33826e+06 0.003646 0.004 50
1 1977 1 2 3.96227e+06 0.020954 0.032 119
1 1977 1 3 943274 0.053834 0.069 166
1 1977 1 4 480731 0.122077 0.13 219
1 1977 1 5 239826 0.225374 0.208 269
1 1977 1 6 208103 0.371458 0.246 317
1 1977 1 7 83512 0.588269 0.349 369
1 1977 1 8 128990 0.97713 0.505 434
1 1977 1 9 59349 1.82591 0.809 533
1 1977 1 10 21764 3.05788 1.189 631
1 1977 1 11 7250 5.31458 1.755 748
1 1977 2 1 392711 0.003646 0.004 50
1 1977 2 2 2.21446e+06 0.023388 0.03 124
1 1977 2 3 1.48879e+06 0.055812 0.06 168
1 1977 2 4 758544 0.114037 0.105 214
1 1977 2 5 224954 0.226034 0.177 269
1 1977 2 6 225197 0.3728 0.179 317
1 1977 2 7 86508 0.58691 0.254 369
1 1977 2 8 120627 0.974342 0.368 434
1 1977 2 9 54750 1.82734 0.588 533
1 1977 2 10 20871 3.06411 0.865 631
1 1977 2 11 7313 5.32746 1.28 749
1 1977 3 0 -1 -1 0 -1
1 1977 3 1 9.22829e+06 0.003646 0.004 50
1 1977 3 2 1.00916e+06 0.024439 0.034 126
1 1977 3 3 1.1998e+06 0.057404 0.067 170
1 1977 3 4 1.14123e+06 0.116619 0.115 215
1 1977 3 5 276500 0.223365 0.191 268
1 1977 3 6 231504 0.374252 0.339 318
1 1977 3 7 95413 0.586892 0.476 369
1 1977 3 8 123882 0.968325 0.686 433
1 1977 3 9 54336 1.82919 1.103 533
1 1977 3 10 21534 3.07062 1.628 632
1 1977 3 11 8013 5.34807 2.407 750
1 1977 4 0 -1 -1 0 -1
1 1977 4 1 4.40189e+06 0.003646 0.004 50
1 1977 4 2 2.74388e+06 0.016763 0.025 110
1 1977 4 3 733410 0.058217 0.068 171
1 1977 4 4 1.14655e+06 0.121418 0.119 218
1 1977 4 5 407204 0.223163 0.191 268
1 1977 4 6 271220 0.369724 0.356 316
1 1977 4 7 102231 0.587401 0.507 369
1 1977 4 8 133812 0.964446 0.728 432
1 1977 4 9 56123 1.83045 1.181 534
1 1977 4 10 23053 3.07692 1.736 632
1 1977 4 11 9146 5.37509 2.576 751
1 1978 1 1 1.10013e+06 0.003646 0.004 50
1 1978 1 2 3.3386e+06 0.021114 0.032 119
1 1978 1 3 1.00734e+06 0.055053 0.071 168
1 1978 1 4 932175 0.123772 0.131 220
1 1978 1 5 475866 0.22491 0.208 269
1 1978 1 6 356639 0.367425 0.245 316
1 1978 1 7 112244 0.586197 0.349 369
1 1978 1 8 140102 0.962947 0.5 432
1 1978 1 9 55747 1.82807 0.809 533
1 1978 1 10 23135 3.08187 1.194 632
1 1978 1 11 9725 5.40475 1.776 752
1 1978 2 1 324767 0.003646 0.004 50
1 1978 2 2 1.85399e+06 0.023454 0.03 124
1 1978 2 3 1.33504e+06 0.056139 0.061 169
1 1978 2 4 980444 0.119113 0.108 217
1 1978 2 5 446792 0.22632 0.177 269
1 1978 2 6 426779 0.370499 0.179 317
1 1978 2 7 137461 0.5848 0.254 369
1 1978 2 8 149108 0.957204 0.362 431
1 1978 2 9 55012 1.82318 0.588 533
1 1978 2 10 22433 3.08509 0.871 633
1 1978 2 11 9913 5.43623 1.296 753
1 1978 3 0 -1 -1 0 -1
1 1978 3 1 5.49713e+06 0.003646 0.004 50
1 1978 3 2 843730 0.024511 0.034 126
1 1978 3 3 1.0396e+06 0.057537 0.067 170
1 1978 3 4 1.15321e+06 0.119164 0.118 217
1 1978 3 5 433274 0.225595 0.192 269
1 1978 3 6 444683 0.37432 0.339 318
1 1978 3 7 169528 0.585395 0.476 369
1 1978 3 8 173624 0.947988 0.675 430
1 1978 3 9 57566 1.81919 1.098 532
1 1978 3 10 22906 3.08682 1.634 633
1 1978 3 11 10585 5.47105 2.437 754
1 1978 4 0 -1 -1 0 -1
1 1978 4 1 2.61921e+06 0.003646 0.004 50
1 1978 4 2 1.73301e+06 0.017289 0.025 111
1 1978 4 3 627016 0.058334 0.068 171
1 1978 4 4 1.06542e+06 0.122621 0.12 219
1 1978 4 5 478667 0.225001 0.192 269
1 1978 4 6 449912 0.374575 0.361 318
1 1978 4 7 189240 0.586819 0.507 369
1 1978 4 8 207930 0.944806 0.72 430
1 1978 4 9 62385 1.814 1.171 532
1 1978 4 10 23971 3.08685 1.743 633
1 1978 4 11 11477 5.50752 2.615 756
1 1979 1 1 656677 0.003646 0.004 50
1 1979 1 2 2.02561e+06 0.021219 0.032 119
1 1979 1 3 699425 0.055647 0.071 168
1 1979 1 4 823092 0.124865 0.131 220
1 1979 1 5 482845 0.22592 0.208 269
1 1979 1 6 470075 0.373479 0.246 317
1 1979 1 7 194594 0.587422 0.349 369
1 1979 1 8 233612 0.948709 0.495 430
1 1979 1 9 66528 1.80448 0.802 531
1 1979 1 10 23788 3.08432 1.198 633
1 1979 1 11 11587 5.54196 1.803 757
1 1979 2 1 194657 0.003646 0.004 50
1 1979 2 2 1.12031e+06 0.023498 0.03 124
1 1979 2 3 843769 0.056346 0.061 169
1 1979 2 4 752755 0.121382 0.109 218
1 1979 2 5 419937 0.227013 0.179 270
1 1979 2 6 475930 0.37484 0.181 318
1 1979 2 7 200226 0.587266 0.254 369
1 1979 2 8 249226 0.954161 0.362 431
1 1979 2 9 71760 1.79507 0.581 530
1 1979 2 10 23230 3.07873 0.868 632
1 1979 2 11 11273 5.57216 1.315 758
1 1979 3 0 -1 -1 0 -1
1 1979 3 1 9.04538e+06 0.003646 0.004 50
1 1979 3 2 516596 0.024386 0.034 126
1 1979 3 3 642967 0.057627 0.067 170
1 1979 3 4 786395 0.120662 0.119 218
1 1979 3 5 367429 0.226652 0.194 270
1 1979 3 6 447696 0.377485 0.341 319
1 1979 3 7 208314 0.587635 0.476 369
1 1979 3 8 267348 0.957644 0.682 432
1 1979 3 9 80987 1.79224 1.088 530
1 1979 3 10 24291 3.07069 1.628 632
1 1979 3 11 11542 5.59903 2.474 759
1 1979 4 0 -1 -1 0 -1
1 1979 4 1 4.32144e+06 0.003646 0.004 50
1 1979 4 2 2.50229e+06 0.016075 0.024 109
1 1979 4 3 392288 0.058216 0.068 171
1 1979 4 4 691759 0.123419 0.12 219
1 1979 4 5 358399 0.226026 0.192 269
1 1979 4 6 411180 0.378127 0.364 319
1 1979 4 7 207434 0.588592 0.507 369
1 1979 4 8 286722 0.961303 0.728 432
1 1979 4 9 92584 1.79471 1.161 530
1 1979 4 10 26893 3.0619 1.73 631
1 1979 4 11 12311 5.62071 2.647 760
1 1980 1 1 1.0763e+06 0.003646 0.004 50
1 1980 1 2 3.20492e+06 0.020992 0.032 119
1 1980 1 3 814744 0.054216 0.07 167
1 1980 1 4 551301 0.123869 0.131 220
1 1980 1 5 333252 0.226577 0.21 270
1 1980 1 6 382763 0.377216 0.25 319
1 1980 1 7 192745 0.589156 0.349 369
1 1980 1 8 288539 0.96657 0.503 433
1 1980 1 9 99680 1.79795 0.802 531
1 1980 1 10 28698 3.05377 1.185 630
1 1980 1 11 12430 5.63187 1.82 760
1 1980 2 1 316292 0.003646 0.004 50
1 1980 2 2 1.78864e+06 0.023404 0.03 124
1 1980 2 3 1.22411e+06 0.055901 0.061 169
1 1980 2 4 710864 0.11629 0.106 215
1 1980 2 5 282113 0.227048 0.179 270
1 1980 2 6 350080 0.377675 0.182 319
1 1980 2 7 175342 0.589069 0.254 369
1 1980 2 8 272812 0.971756 0.368 434
1 1980 2 9 101222 1.80098 0.583 531
1 1980 2 10 29249 3.04785 0.862 630
1 1980 2 11 11874 5.62807 1.323 760
1 1980 3 0 -1 -1 0 -1
1 1980 3 1 9.18054e+06 0.003646 0.004 50
1 1980 3 2 817187 0.02442 0.034 126
1 1980 3 3 977518 0.057439 0.067 170
1 1980 3 4 975367 0.117504 0.117 216
1 1980 3 5 290636 0.224837 0.192 269
1 1980 3 6 314402 0.378492 0.341 319
1 1980 3 7 163520 0.58918 0.476 369
1 1980 3 8 260334 0.975432 0.689 434
1 1980 3 9 104426 1.80598 1.093 531
1 1980 3 10 31100 3.04582 1.616 630
1 1980 3 11 12008 5.61448 2.474 759
1 1980 4 0 -1 -1 0 -1
1 1980 4 1 4.38172e+06 0.003646 0.004 50
1 1980 4 2 2.65532e+06 0.016505 0.025 110
1 1980 4 3 597953 0.058204 0.068 171
1 1980 4 4 953718 0.121801 0.119 218
1 1980 4 5 371102 0.224017 0.192 269
1 1980 4 6 311944 0.374883 0.361 318
1 1980 4 7 152223 0.589526 0.507 369
1 1980 4 8 252081 0.978512 0.739 435
1 1980 4 9 109049 1.81276 1.171 532
1 1980 4 10 34328 3.04714 1.724 630
1 1980 4 11 12884 5.5958 2.639 759
1 1981 1 1 1.09356e+06 0.003646 0.004 50
1 1981 1 2 3.29408e+06 0.021067 0.032 119
1 1981 1 3 932124 0.054754 0.07 167
1 1981 1 4 774130 0.123676 0.131 220
1 1981 1 5 407547 0.225295 0.208 269
1 1981 1 6 348473 0.371293 0.246 317
1 1981 1 7 141482 0.588636 0.349 369
1 1981 1 8 230676 0.980626 0.508 435
1 1981 1 9 105331 1.81865 0.805 532
1 1981 1 10 35119 3.05001 1.185 630
1 1981 1 11 12955 5.57152 1.809 758
1 1981 2 1 322211 0.003646 0.004 50
1 1981 2 2 1.8325e+06 0.023434 0.03 124
1 1981 2 3 1.29324e+06 0.056046 0.061 169
1 1981 2 4 869316 0.118087 0.107 216
1 1981 2 5 373005 0.226431 0.179 270
1 1981 2 6 378780 0.372539 0.179 317
1 1981 2 7 144156 0.586952 0.254 369
1 1981 2 8 207663 0.977979 0.368 434
1 1981 2 9 96167 1.823 0.588 533
1 1981 2 10 33771 3.0541 0.865 631
1 1981 2 11 12395 5.54404 1.311 757
1 1981 3 0 -1 -1 0 -1
1 1981 3 1 6.08493e+06 0.003646 0.004 50
1 1981 3 2 834125 0.024489 0.034 126
1 1981 3 3 1.01679e+06 0.057498 0.067 170
1 1981 3 4 1.08118e+06 0.118512 0.117 216
1 1981 3 5 371222 0.225266 0.192 269
1 1981 3 6 379532 0.375237 0.339 318
1 1981 3 7 158461 0.586785 0.476 369
1 1981 3 8 206871 0.970333 0.686 433
1 1981 3 9 93008 1.82739 1.103 533
1 1981 3 10 34611 3.06014 1.622 631
1 1981 3 11 12957 5.52445 2.452 756
1 1981 4 0 -1 -1 0 -1
1 1981 4 1 2.90048e+06 0.003646 0.004 50
1 1981 4 2 1.87776e+06 0.017101 0.025 111
1 1981 4 3 615710 0.0583 0.068 171
1 1981 4 4 1.02165e+06 0.122292 0.12 219
1 1981 4 5 433548 0.224611 0.192 269
1 1981 4 6 386913 0.374319 0.361 318
1 1981 4 7 167996 0.587638 0.507 369
1 1981 4 8 221278 0.964908 0.731 433
1 1981 4 9 94411 1.8304 1.181 534
1 1981 4 10 37162 3.06737 1.73 631
1 1981 4 11 14473 5.51498 2.615 756
1 1982 1 1 726306 0.003646 0.004 50
1 1982 1 2 2.22677e+06 0.02118 0.032 119
1 1982 1 3 732740 0.055444 0.071 168
1 1982 1 4 799019 0.124543 0.131 220
1 1982 1 5 451029 0.22566 0.208 269
1 1982 1 6 415156 0.372446 0.246 317
1 1982 1 7 167666 0.587657 0.349 369
1 1982 1 8 224634 0.963516 0.5 432
1 1982 1 9 89762 1.82814 0.809 533
1 1982 1 10 36125 3.07372 1.194 632
1 1982 1 11 14674 5.51116 1.792 755
1 1982 2 1 214948 0.003646 0.004 50
1 1982 2 2 1.23329e+06 0.023481 0.03 124
1 1982 2 3 913414 0.05627 0.061 169
1 1982 2 4 761557 0.12064 0.109 218
1 1982 2 5 399213 0.226813 0.179 270
1 1982 2 6 432731 0.373831 0.181 318
1 1982 2 7 173409 0.586995 0.254 369
1 1982 2 8 224322 0.963086 0.364 432
1 1982 2 9 85104 1.82201 0.588 533
1 1982 2 10 33678 3.0783 0.868 632
1 1982 2 11 14250 5.51281 1.308 756
1 1982 3 0 -1 -1 0 -1
1 1982 3 1 3.78138e+06 0.003646 0.004 50
1 1982 3 2 561713 0.024523 0.034 126
1 1982 3 3 701557 0.057593 0.067 170
1 1982 3 4 827953 0.12013 0.118 217
1 1982 3 5 359870 0.226326 0.192 269
1 1982 3 6 417409 0.376657 0.339 318
1 1982 3 7 185731 0.587234 0.476 369
1 1982 3 8 236820 0.961626 0.682 432
1 1982 3 9 87762 1.81819 1.098 532
1 1982 3 10 33972 3.08117 1.628 632
1 1982 3 11 14991 5.52472 2.452 756
1 1982 4 0 -1 -1 0 -1
1 1982 4 1 1.80206e+06 0.003646 0.004 50
1 1982 4 2 1.18504e+06 0.017239 0.025 111
1 1982 4 3 421669 0.058363 0.068 171
1 1982 4 4 740767 0.123122 0.12 219
1 1982 4 5 364766 0.225676 0.192 269
1 1982 4 6 392802 0.377085 0.361 318
1 1982 4 7 188909 0.588191 0.507 369
1 1982 4 8 253666 0.961618 0.728 432
1 1982 4 9 92889 1.8165 1.171 532
1 1982 4 10 35278 3.08178 1.736 632
1 1982 4 11 16105 5.54315 2.623 757
1 1983 1 1 451673 0.003646 0.004 50
1 1983 1 2 1.39096e+06 0.021209 0.032 119
1 1983 1 3 475726 0.055617 0.071 168
1 1983 1 4 564002 0.125132 0.131 220
1 1983 1 5 348227 0.226335 0.208 269
1 1983 1 6 377495 0.375982 0.248 318
1 1983 1 7 179140 0.588688 0.349 369
1 1983 1 8 256799 0.964647 0.503 433
1 1983 1 9 94109 1.81394 0.805 532
1 1983 1 10 34720 3.08004 1.194 632
1 1983 1 11 16124 5.56341 1.809 758
1 1983 2 1 133820 0.003646 0.004 50
1 1983 2 2 769492 0.023493 0.03 124
1 1983 2 3 577359 0.05633 0.061 169
1 1983 2 4 512350 0.12142 0.109 218
1 1983 2 5 292737 0.227246 0.179 270
1 1983 2 6 355147 0.376632 0.181 318
1 1983 2 7 167418 0.588488 0.254 369
1 1983 2 8 245584 0.968322 0.366 433
1 1983 2 9 91678 1.81075 0.586 532
1 1983 2 10 32472 3.07647 0.868 632
1 1983 2 11 15065 5.58057 1.315 758
1 1983 3 0 -1 -1 0 -1
1 1983 3 1 3.22765e+06 0.003646 0.004 50
1 1983 3 2 351494 0.024497 0.034 126
1 1983 3 3 440640 0.05762 0.067 170
1 1983 3 4 536350 0.120621 0.119 218
1 1983 3 5 252035 0.22677 0.194 270
1 1983 3 6 320367 0.378662 0.341 319
1 1983 3 7 161714 0.588636 0.476 369
1 1983 3 8 240957 0.970906 0.686 433
1 1983 3 9 93929 1.81091 1.098 532
1 1983 3 10 32583 3.07314 1.628 632
1 1983 3 11 15030 5.59702 2.474 759
1 1983 4 0 -1 -1 0 -1
1 1983 4 1 1.53986e+06 0.003646 0.004 50
1 1983 4 2 960199 0.016771 0.025 110
1 1983 4 3 265543 0.058341 0.068 171
1 1983 4 4 473026 0.123391 0.12 219
1 1983 4 5 245133 0.226067 0.192 269
1 1983 4 6 288324 0.37893 0.364 319
1 1983 4 7 154256 0.589352 0.507 369
1 1983 4 8 242558 0.97371 0.735 434
1 1983 4 9 100028 1.8145 1.171 532
1 1983 4 10 35065 3.07105 1.736 632
1 1983 4 11 16109 5.61275 2.639 759
1 1984 1 1 384870 0.003646 0.004 50
1 1984 1 2 1.16816e+06 0.021117 0.032 119
1 1984 1 3 355907 0.055121 0.071 168
1 1984 1 4 359634 0.124917 0.131 220
1 1984 1 5 224767 0.226541 0.21 270
1 1984 1 6 258336 0.377446 0.25 319
1 1984 1 7 133837 0.58962 0.351 370
1 1984 1 8 219731 0.97631 0.505 434
1 1984 1 9 93776 1.81686 0.805 532
1 1984 1 10 33061 3.06825 1.189 631
1 1984 1 11 14895 5.6211 1.82 760
1 1984 2 1 113612 0.003646 0.004 50
1 1984 2 2 648563 0.023455 0.03 124
1 1984 2 3 468147 0.056155 0.061 169
1 1984 2 4 357112 0.11985 0.108 217
1 1984 2 5 185956 0.22726 0.179 270
1 1984 2 6 231755 0.377515 0.182 319
1 1984 2 7 116191 0.589227 0.254 369
1 1984 2 8 190889 0.978511 0.37 435
1 1984 2 9 83757 1.81806 0.586 532
1 1984 2 10 29613 3.06597 0.865 631
1 1984 2 11 12990 5.61962 1.323 760
1 1984 3 0 -1 -1 0 -1
1 1984 3 1 3.37571e+06 0.003646 0.004 50
1 1984 3 2 296717 0.024446 0.034 126
1 1984 3 3 364097 0.057544 0.067 170
1 1984 3 4 409862 0.119473 0.118 217
1 1984 3 5 167115 0.226286 0.192 269
1 1984 3 6 206839 0.379046 0.341 319
1 1984 3 7 108695 0.589223 0.476 369
1 1984 3 8 179031 0.980389 0.693 435
1 1984 3 9 82584 1.82174 1.103 533
1 1984 3 10 30091 3.067 1.622 631
1 1984 3 11 13118 5.61902 2.474 759
1 1984 4 0 -1 -1 0 -1
1 1984 4 1 1.61133e+06 0.003646 0.004 50
1 1984 4 2 975314 0.016496 0.025 110
1 1984 4 3 221224 0.058262 0.068 171
1 1984 4 4 375870 0.122763 0.12 219
1 1984 4 5 175820 0.225411 0.192 269
1 1984 4 6 189068 0.378167 0.364 319
1 1984 4 7 101138 0.589717 0.511 370
1 1984 4 8 172188 0.982032 0.739 435
1 1984 4 9 83475 1.82685 1.176 533
1 1984 4 10 31858 3.06989 1.736 632
1 1984 4 11 13998 5.61911 2.639 759
1 1985 1 1 402124 0.003646 0.004 50
1 1985 1 2 1.21094e+06 0.021065 0.032 119
1 1985 1 3 342918 0.054767 0.07 167
1 1985 1 4 295031 0.124215 0.131 220
1 1985 1 5 171158 0.226078 0.208 269
1 1985 1 6 178480 0.37569 0.248 318
1 1985 1 7 87476 0.589571 0.351 370
1 1985 1 8 150378 0.982892 0.508 435
1 1985 1 9 74396 1.82995 0.812 534
1 1985 1 10 29381 3.07239 1.194 632
1 1985 1 11 12974 5.61599 1.814 759
1 1985 2 1 118471 0.003646 0.004 50
1 1985 2 2 673652 0.023433 0.03 124
1 1985 2 3 475385 0.056047 0.061 169
1 1985 2 4 323250 0.118362 0.107 216
1 1985 2 5 147198 0.226875 0.179 270
1 1985 2 6 169300 0.375772 0.181 318
1 1985 2 7 78005 0.588659 0.254 369
1 1985 2 8 127317 0.982189 0.37 435
1 1985 2 9 62956 1.83102 0.591 534
1 1985 2 10 25391 3.07479 0.868 632
1 1985 2 11 11274 5.60887 1.319 759
1 1985 3 0 -1 -1 0 -1
1 1985 3 1 5.06068e+06 0.003646 0.004 50
1 1985 3 2 309692 0.024367 0.034 126
1 1985 3 3 373765 0.057498 0.067 170
1 1985 3 4 398903 0.118604 0.118 217
1 1985 3 5 141354 0.225569 0.192 269
1 1985 3 6 157556 0.377436 0.341 319
1 1985 3 7 76111 0.588451 0.476 369
1 1985 3 8 118885 0.980188 0.693 435
1 1985 3 9 59165 1.83347 1.107 534
1 1985 3 10 24677 3.07888 1.628 632
1 1985 3 11 11219 5.60924 2.474 759
1 1985 4 0 -1 -1 0 -1
1 1985 4 1 2.41733e+06 0.003646 0.004 50
1 1985 4 2 1.40765e+06 0.016128 0.024 109
1 1985 4 3 229527 0.058157 0.068 171
1 1985 4 4 375949 0.122325 0.12 219
1 1985 4 5 161535 0.224757 0.192 269
1 1985 4 6 152405 0.375916 0.361 318
1 1985 4 7 73776 0.588929 0.507 369
1 1985 4 8 116234 0.978456 0.735 434
1 1985 4 9 57862 1.83646 1.181 534
1 1985 4 10 25105 3.08364 1.736 632
1 1985 4 11 11812 5.61588 2.639 759
1 1986 1 1 602140 0.003646 0.004 50
1 1986 1 2 1.79522e+06 0.021 0.032 119
1 1986 1 3 460596 0.054255 0.07 167
1 1986 1 4 306502 0.123248 0.13 219
1 1986 1 5 164901 0.225676 0.208 269
1 1986 1 6 154376 0.373134 0.246 317
1 1986 1 7 66362 0.588526 0.349 369
1 1986 1 8 102477 0.976289 0.505 434
1 1986 1 9 48963 1.83565 0.812 534
1 1986 1 10 21489 3.08668 1.198 633
1 1986 1 11 10371 5.62346 1.82 760
1 1986 2 1 176965 0.003646 0.004 50
1 1986 2 2 1.00127e+06 0.023406 0.03 124
1 1986 2 3 686647 0.055909 0.061 169
1 1986 2 4 397796 0.116098 0.106 215
1 1986 2 5 147024 0.226441 0.179 270
1 1986 2 6 155554 0.373813 0.181 318
1 1986 2 7 63210 0.587347 0.254 369
1 1986 2 8 89223 0.972672 0.368 434
1 1986 2 9 40017 1.83143 0.591 534
1 1986 2 10 17255 3.08812 0.871 633
1 1986 2 11 8480 5.6288 1.323 760
1 1986 3 0 -1 -1 0 -1
1 1986 3 1 3.10606e+06 0.003646 0.004 50
1 1986 3 2 455223 0.02448 0.034 126
1 1986 3 3 547635 0.057442 0.067 170
1 1986 3 4 546383 0.117466 0.117 216
1 1986 3 5 157996 0.224466 0.192 269
1 1986 3 6 152243 0.375585 0.339 318
1 1986 3 7 66250 0.587299 0.476 369
1 1986 3 8 88466 0.968264 0.686 433
1 1986 3 9 38069 1.82957 1.103 533
1 1986 3 10 16313 3.09017 1.634 633
1 1986 3 11 8247 5.6426 2.481 760
1 1986 4 0 -1 -1 0 -1
1 1986 4 1 1.48007e+06 0.003646 0.004 50
1 1986 4 2 969894 0.017204 0.025 111
1 1986 4 3 332513 0.058275 0.068 171
1 1986 4 4 534119 0.121788 0.119 218
1 1986 4 5 205727 0.22387 0.191 268
1 1986 4 6 161263 0.372706 0.359 317
1 1986 4 7 68048 0.58791 0.507 369
1 1986 4 8 92539 0.965726 0.731 433
1 1986 4 9 38415 1.82885 1.176 533
1 1986 4 10 16461 3.09191 1.743 633
1 1986 4 11 8577 5.66169 2.655 761
1 1987 1 1 370789 0.003646 0.004 50
1 1987 1 2 1.14024e+06 0.021199 0.032 119
1 1987 1 3 382953 0.055521 0.071 168
1 1987 1 4 420653 0.124291 0.131 220
1 1987 1 5 224980 0.225204 0.208 269
1 1987 1 6 184083 0.369755 0.245 316
1 1987 1 7 65960 0.5871 0.349 369
1 1987 1 8 86745 0.963571 0.5 432
1 1987 1 9 33458 1.8234 0.809 533
1 1987 1 10 13784 3.0905 1.198 633
1 1987 1 11 7252 5.67979 1.831 762
1 1987 2 1 109767 0.003646 0.004 50
1 1987 2 2 630616 0.023488 0.03 124
1 1987 2 3 469744 0.056294 0.061 169
1 1987 2 4 396338 0.120657 0.109 218
1 1987 2 5 202609 0.226528 0.179 270
1 1987 2 6 201897 0.371565 0.179 317
1 1987 2 7 70113 0.585613 0.254 369
1 1987 2 8 80962 0.958269 0.364 432
1 1987 2 9 28347 1.81455 0.586 532
1 1987 2 10 10807 3.08612 0.871 633
1 1987 2 11 5622 5.69025 1.331 762
1 1987 3 0 -1 -1 0 -1
1 1987 3 1 1.939e+06 0.003646 0.004 50
1 1987 3 2 287158 0.024526 0.034 126
1 1987 3 3 359523 0.057602 0.067 170
1 1987 3 4 426921 0.120187 0.118 217
1 1987 3 5 184400 0.226179 0.192 269
1 1987 3 6 202648 0.375127 0.339 318
1 1987 3 7 80988 0.585933 0.476 369
1 1987 3 8 88344 0.951376 0.678 431
1 1987 3 9 28673 1.8104 1.098 532
1 1987 3 10 10391 3.08247 1.628 632
1 1987 3 11 5373 5.7047 2.504 763
1 1987 4 0 -1 -1 0 -1
1 1987 4 1 924068 0.003646 0.004 50
1 1987 4 2 607304 0.017234 0.025 111
1 1987 4 3 215836 0.058367 0.068 171
1 1987 4 4 380340 0.123155 0.12 219
1 1987 4 5 187190 0.225625 0.192 269
1 1987 4 6 195491 0.376079 0.361 318
1 1987 4 7 87271 0.587232 0.507 369
1 1987 4 8 101272 0.94907 0.72 430
1 1987 4 9 30911 1.80755 1.166 531
1 1987 4 10 10803 3.07877 1.736 632
1 1987 4 11 5537 5.71956 2.671 763
1 1988 1 1 231564 0.003646 0.004 50
1 1988 1 2 712793 0.021206 0.032 119
1 1988 1 3 242925 0.055602 0.071 168
1 1988 1 4 286346 0.125099 0.131 220
1 1988 1 5 175567 0.226266 0.208 269
1 1988 1 6 185124 0.375133 0.248 318
1 1988 1 7 82489 0.587888 0.349 369
1 1988 1 8 103171 0.951206 0.498 431
1 1988 1 9 29607 1.799 0.802 531
1 1988 1 10 9525 3.07174 1.194 632
1 1988 1 11 4699 5.72572 1.836 763
1 1988 2 1 68574 0.003646 0.004 50
1 1988 2 2 394142 0.023491 0.03 124
1 1988 2 3 294998 0.056319 0.061 169
1 1988 2 4 258862 0.121284 0.109 218
1 1988 2 5 145661 0.227161 0.179 270
1 1988 2 6 171999 0.375851 0.181 318
1 1988 2 7 76522 0.587749 0.254 369
1 1988 2 8 98878 0.955532 0.362 431
1 1988 2 9 28047 1.78877 0.581 530
1 1988 2 10 8004 3.06161 0.865 631
1 1988 2 11 3693 5.71835 1.335 763
1 1988 3 0 -1 -1 0 -1
1 1988 3 1 1.94379e+06 0.003646 0.004 50
1 1988 3 2 180283 0.024473 0.034 126
1 1988 3 3 225257 0.057613 0.067 170
1 1988 3 4 272195 0.120507 0.119 218
1 1988 3 5 125651 0.226668 0.194 270
1 1988 3 6 155960 0.378075 0.341 319
1 1988 3 7 75354 0.588046 0.476 369
1 1988 3 8 100760 0.959734 0.682 432
1 1988 3 9 30427 1.78715 1.084 529
1 1988 3 10 8113 3.05223 1.616 630
1 1988 3 11 3507 5.70874 2.504 763
1 1988 4 0 -1 -1 0 -1
1 1988 4 1 927742 0.003646 0.004 50
1 1988 4 2 565534 0.016563 0.025 110
1 1988 4 3 135990 0.058311 0.068 171
1 1988 4 4 240351 0.123311 0.12 219
1 1988 4 5 122712 0.225955 0.192 269
1 1988 4 6 140623 0.378359 0.364 319
1 1988 4 7 72496 0.588886 0.507 369
1 1988 4 8 104062 0.96394 0.728 432
1 1988 4 9 34061 1.79143 1.161 530
1 1988 4 10 8987 3.0442 1.724 630
1 1988 4 11 3635 5.69434 2.663 762
1 1989 1 1 231614 0.003646 0.004 50
1 1989 1 2 698788 0.021078 0.032 119
1 1989 1 3 201806 0.054869 0.071 168
1 1989 1 4 184459 0.124637 0.131 220
1 1989 1 5 113198 0.226458 0.21 270
1 1989 1 6 127196 0.37689 0.248 318
1 1989 1 7 63671 0.589229 0.349 369
1 1989 1 8 97025 0.968212 0.503 433
1 1989 1 9 33821 1.79541 0.798 530
1 1989 1 10 8953 3.03673 1.181 629
1 1989 1 11 3323 5.66505 1.825 761
1 1989 2 1 68255 0.003646 0.004 50
1 1989 2 2 388432 0.023438 0.03 124
1 1989 2 3 275548 0.056073 0.061 169
1 1989 2 4 193551 0.118843 0.108 217
1 1989 2 5 93171 0.227116 0.179 270
1 1989 2 6 112943 0.37688 0.181 318
1 1989 2 7 54376 0.588775 0.254 369
1 1989 2 8 83000 0.971164 0.366 433
1 1989 2 9 30290 1.79788 0.583 531
1 1989 2 10 8058 3.03127 0.859 629
1 1989 2 11 2718 5.61486 1.319 759
1 1989 3 0 -1 -1 0 -1
1 1989 3 1 1.43103e+06 0.003646 0.004 50
1 1989 3 2 176910 0.02448 0.034 126
1 1989 3 3 215937 0.057508 0.067 170
1 1989 3 4 233257 0.118815 0.118 217
1 1989 3 5 86034 0.225817 0.192 269
1 1989 3 6 100240 0.37823 0.341 319
1 1989 3 7 50274 0.588701 0.476 369
1 1989 3 8 76282 0.972725 0.689 434
1 1989 3 9 29456 1.8026 1.093 531
1 1989 3 10 8135 3.0311 1.61 629
1 1989 3 11 2587 5.56184 2.459 757
1 1989 4 0 -1 -1 0 -1
1 1989 4 1 682378 0.003646 0.004 50
1 1989 4 2 433874 0.016943 0.025 111
1 1989 4 3 130793 0.058292 0.068 171
1 1989 4 4 218407 0.122424 0.12 219
1 1989 4 5 95874 0.224939 0.192 269
1 1989 4 6 94411 0.376776 0.361 318
1 1989 4 7 47578 0.58923 0.507 369
1 1989 4 8 74983 0.974691 0.735 434
1 1989 4 9 30850 1.8096 1.171 532
1 1989 4 10 9127 3.03517 1.717 629
1 1989 4 11 2856 5.51656 2.607 755
1 1990 1 1 170699 0.003646 0.001 50
1 1990 1 2 520711 0.021148 0.014 119
1 1990 1 3 164644 0.055274 0.035 168
1 1990 1 4 169855 0.124464 0.073 220
1 1990 1 5 96484 0.225771 0.127 269
1 1990 1 6 92919 0.373874 0.175 318
1 1990 1 7 41653 0.588885 0.261 369
1 1990 1 8 65717 0.975493 0.406 434
1 1990 1 9 27683 1.81372 0.706 532
1 1990 1 10 8619 3.03913 1.117 630
1 1990 1 11 2666 5.46921 1.818 754
1 1990 2 1 50433 0.003646 0.001 50
1 1990 2 2 288572 0.023466 0.014 124
1 1990 2 3 210621 0.056203 0.033 169
1 1990 2 4 165648 0.120014 0.065 217
1 1990 2 5 83305 0.22678 0.117 270
1 1990 2 6 90759 0.374161 0.158 318
1 1990 2 7 37779 0.587625 0.237 369
1 1990 2 8 54678 0.97322 0.367 434
1 1990 2 9 22665 1.81441 0.639 532
1 1990 2 10 7236 3.04262 1.01 630
1 1990 2 11 2222 5.42133 1.633 752
1 1990 3 0 -1 -1 0 -1
1 1990 3 1 2.83402e+06 0.003646 0.001 50
1 1990 3 2 133420 0.024318 0.018 126
1 1990 3 3 162717 0.057562 0.041 170
1 1990 3 4 185854 0.119642 0.08 217
1 1990 3 5 75720 0.226068 0.143 269
1 1990 3 6 85657 0.37652 0.258 318
1 1990 3 7 38256 0.587419 0.386 369
1 1990 3 8 51790 0.9688 0.596 433
1 1990 3 9 21099 1.81647 1.042 532
1 1990 3 10 6983 3.04784 1.648 630
1 1990 3 11 2193 5.39212 2.655 751
1 1990 4 0 -1 -1 0 -1
1 1990 4 1 1.35428e+06 0.003646 0.001 50
1 1990 4 2 772332 0.015925 0.012 108
1 1990 4 3 100133 0.058117 0.042 171
1 1990 4 4 168610 0.122839 0.082 219
1 1990 4 5 79121 0.22535 0.143 269
1 1990 4 6 80831 0.376402 0.241 318
1 1990 4 7 38115 0.588173 0.361 369
1 1990 4 8 52456 0.965811 0.557 433
1 1990 4 9 20881 1.81892 0.975 532
1 1990 4 10 7206 3.0537 1.549 631
1 1990 4 11 2356 5.37873 2.475 750
1 1991 1 1 341768 0.003646 0.001 50
1 1991 1 2 1.00087e+06 0.020917 0.014 119
1 1991 1 3 239200 0.053958 0.035 167
1 1991 1 4 137909 0.122938 0.073 219
1 1991 1 5 75396 0.225972 0.127 269
1 1991 1 6 75751 0.374512 0.175 318
1 1991 1 7 33698 0.588266 0.261 369
1 1991 1 8 46778 0.963665 0.401 432
1 1991 1 9 17379 1.81551 0.706 532
1 1991 1 10 5964 3.05636 1.121 631
1 1991 1 11 1993 5.3681 1.792 750
1 1991 2 1 107997 0.003646 0.001 50
1 1991 2 2 584050 0.023221 0.014 123
1 1991 2 3 363967 0.05563 0.032 168
1 1991 2 4 183750 0.115152 0.062 214
1 1991 2 5 64602 0.226493 0.117 270
1 1991 2 6 69766 0.37448 0.158 318
1 1991 2 7 29416 0.587548 0.237 369
1 1991 2 8 39145 0.961835 0.363 432
1 1991 2 9 13404 1.80687 0.635 531
1 1991 2 10 4334 3.05543 1.015 631
1 1991 2 11 1449 5.35424 1.622 750
1 1991 3 0 -1 -1 0 -1
1 1991 3 1 3.38361e+06 0.003646 0.001 50
1 1991 3 2 284055 0.024254 0.018 125
1 1991 3 3 310160 0.057166 0.041 170
1 1991 3 4 266175 0.115998 0.078 215
1 1991 3 5 67398 0.224366 0.143 269
1 1991 3 6 65254 0.375727 0.258 318
1 1991 3 7 28611 0.587395 0.386 369
1 1991 3 8 37085 0.961121 0.592 432
1 1991 3 9 12482 1.80254 1.036 531
1 1991 3 10 3869 3.05462 1.655 631
1 1991 3 11 1305 5.35173 2.646 750
1 1991 4 0 -1 -1 0 -1
1 1991 4 1 1.61552e+06 0.003646 0.001 50
1 1991 4 2 978254 0.016485 0.013 110
1 1991 4 3 203934 0.057964 0.042 171
1 1991 4 4 281292 0.120234 0.081 218
1 1991 4 5 90559 0.223157 0.141 268
1 1991 4 6 66894 0.37285 0.239 317
1 1991 4 7 28454 0.587889 0.361 369
1 1991 4 8 37816 0.96145 0.554 432
1 1991 4 9 12931 1.80311 0.97 531
1 1991 4 10 3974 3.05408 1.549 631
1 1991 4 11 1361 5.35755 2.475 750
1 1992 1 1 401721 0.003646 0.001 50
1 1992 1 2 1.2146e+06 0.021079 0.014 119
1 1992 1 3 340630 0.054649 0.035 167
1 1992 1 4 248885 0.122285 0.073 219
1 1992 1 5 111067 0.224388 0.127 269
1 1992 1 6 80551 0.368426 0.172 316
1 1992 1 7 28203 0.587301 0.261 369
1 1992 1 8 37331 0.96224 0.401 432
1 1992 1 9 12811 1.8032 0.702 531
1 1992 1 10 3886 3.05159 1.117 630
1 1992 1 11 1329 5.3631 1.792 750
1 1992 2 1 116144 0.003646 0.001 50
1 1992 2 2 667593 0.023474 0.014 124
1 1992 2 3 478608 0.056071 0.033 169
1 1992 2 4 308599 0.117016 0.064 216
1 1992 2 5 112770 0.225657 0.116 269
1 1992 2 6 98800 0.369539 0.155 316
1 1992 2 7 31728 0.585411 0.237 369
1 1992 2 8 37077 0.959916 0.363 432
1 1992 2 9 12510 1.80224 0.635 531
1 1992 2 10 3728 3.04851 1.01 630
1 1992 2 11 1256 5.36605 1.622 750
1 1992 3 0 -1 -1 0 -1
1 1992 3 1 2.29768e+06 0.003646 0.001 50
1 1992 3 2 299335 0.024517 0.018 126
1 1992 3 3 371186 0.057545 0.041 170
1 1992 3 4 397551 0.118317 0.079 216
1 1992 3 5 124920 0.224463 0.143 269
1 1992 3 6 109497 0.372425 0.256 317
1 1992 3 7 39086 0.585226 0.386 369
1 1992 3 8 41100 0.951756 0.588 431
1 1992 3 9 13159 1.8031 1.036 531
1 1992 3 10 3934 3.04768 1.648 630
1 1992 3 11 1319 5.36977 2.646 750
1 1992 4 0 -1 -1 0 -1
1 1992 4 1 1.09535e+06 0.003646 0.001 50
1 1992 4 2 701200 0.017006 0.013 111
1 1992 4 3 221248 0.058334 0.042 171
1 1992 4 4 373766 0.122402 0.082 219
1 1992 4 5 155848 0.224252 0.143 269
1 1992 4 6 123294 0.371332 0.239 317
1 1992 4 7 45549 0.586163 0.361 369
1 1992 4 8 48685 0.945932 0.547 430
1 1992 4 9 14416 1.80357 0.97 531
1 1992 4 10 4363 3.04852 1.542 630
1 1992 4 11 1469 5.37438 2.484 751
1 1993 1 1 270963 0.003646 0.001 50
1 1993 1 2 836199 0.021196 0.014 119
1 1993 1 3 271416 0.055343 0.035 168
1 1993 1 4 289360 0.124688 0.073 220
1 1993 1 5 165841 0.225662 0.127 269
1 1993 1 6 145988 0.37059 0.173 317
1 1993 1 7 51409 0.586148 0.261 369
1 1993 1 8 56425 0.945973 0.396 430
1 1993 1 9 15587 1.79867 0.702 531
1 1993 1 10 4627 3.049 1.117 630
1 1993 1 11 1559 5.37554 1.799 751
1 1993 2 1 75620 0.003646 0.001 50
1 1993 2 2 446877 0.023598 0.014 124
1 1993 2 3 347452 0.056366 0.033 169
1 1993 2 4 288184 0.120162 0.065 217
1 1993 2 5 147231 0.226902 0.117 270
1 1993 2 6 160888 0.373543 0.157 317
1 1993 2 7 60809 0.585926 0.237 369
1 1993 2 8 66133 0.9472 0.358 430
1 1993 2 9 17830 1.79199 0.632 530
1 1993 2 10 5051 3.04885 1.01 630
1 1993 2 11 1704 5.37688 1.627 751
1 1993 3 0 -1 -1 0 -1
1 1993 3 1 1.92653e+06 0.003646 0.001 50
1 1993 3 2 194626 0.024577 0.018 126
1 1993 3 3 255638 0.057743 0.041 170
1 1993 3 4 319030 0.120353 0.081 218
1 1993 3 5 136238 0.226097 0.143 269
1 1993 3 6 155911 0.376795 0.258 318
1 1993 3 7 68796 0.586829 0.386 369
1 1993 3 8 77738 0.947397 0.585 430
1 1993 3 9 20862 1.78852 1.031 530
1 1993 3 10 5632 3.04645 1.648 630
1 1993 3 11 1892 5.37974 2.655 751
1 1993 4 0 -1 -1 0 -1
1 1993 4 1 919133 0.003646 0.001 50
1 1993 4 2 563812 0.016629 0.013 110
1 1993 4 3 146900 0.058443 0.042 171
1 1993 4 4 276110 0.123767 0.083 220
1 1993 4 5 142054 0.225661 0.143 269
1 1993 4 6 149447 0.376613 0.241 318
1 1993 4 7 70963 0.58812 0.361 369
1 1993 4 8 89410 0.951531 0.55 431
1 1993 4 9 24641 1.78734 0.965 530
1 1993 4 10 6415 3.04186 1.542 630
1 1993 4 11 2116 5.38198 2.484 751
1 1994 1 1 228280 0.00386 0.001 50
1 1994 1 2 692894 0.021434 0.014 119
1 1994 1 3 205396 0.054702 0.035 168
1 1994 1 4 204297 0.1223 0.074 221
1 1994 1 5 132375 0.21827 0.128 270
1 1994 1 6 145674 0.357692 0.175 318
1 1994 1 7 67614 0.554681 0.261 369
1 1994 1 8 93135 0.893314 0.401 432
1 1994 1 9 27306 1.64105 0.695 529
1 1994 1 10 6865 2.75587 1.112 629
1 1994 1 11 2178 4.81556 1.799 751
1 1994 2 1 65521 0.00386 0.001 50
1 1994 2 2 378786 0.023816 0.014 124
1 1994 2 3 278312 0.055858 0.033 169
1 1994 2 4 208549 0.116773 0.065 217
1 1994 2 5 108052 0.219046 0.117 270
1 1994 2 6 135611 0.358946 0.158 318
1 1994 2 7 63906 0.554476 0.237 369
1 1994 2 8 90226 0.898232 0.363 432
1 1994 2 9 28506 1.64142 0.629 529
1 1994 2 10 6953 2.74995 1.006 629
1 1994 2 11 2079 4.80213 1.622 750
1 1994 3 0 -1 -1 0 -1
1 1994 3 1 1.88181e+06 0.00386 0.001 50
1 1994 3 2 169535 0.024797 0.018 126
1 1994 3 3 212979 0.057246 0.041 170
1 1994 3 4 244482 0.116751 0.08 217
1 1994 3 5 98078 0.217891 0.143 269
1 1994 3 6 121216 0.360874 0.26 319
1 1994 3 7 62452 0.554866 0.386 369
1 1994 3 8 91218 0.901463 0.596 433
1 1994 3 9 31535 1.64671 1.031 530
1 1994 3 10 7892 2.74723 1.641 629
1 1994 3 11 2264 4.7885 2.636 749
1 1994 4 0 -1 -1 0 -1
1 1994 4 1 898129 0.00386 0.001 50
1 1994 4 2 544161 0.016861 0.013 110
1 1994 4 3 126605 0.057942 0.042 171
1 1994 4 4 221808 0.120121 0.082 219
1 1994 4 5 105235 0.217117 0.143 269
1 1994 4 6 111432 0.359758 0.243 319
1 1994 4 7 58818 0.555608 0.361 369
1 1994 4 8 92338 0.905153 0.561 434
1 1994 4 9 34816 1.65382 0.97 531
1 1994 4 10 9283 2.74787 1.535 629
1 1994 4 11 2607 4.77446 2.466 749
1 1995 1 1 223544 0.00386 0.001 50
1 1995 1 2 674982 0.021406 0.014 119
1 1995 1 3 192902 0.054526 0.035 167
1 1995 1 4 171818 0.121574 0.073 220
1 1995 1 5 102958 0.217911 0.127 269
1 1995 1 6 108591 0.357668 0.175 318
1 1995 1 7 52889 0.555581 0.261 369
1 1995 1 8 86959 0.909308 0.406 434
1 1995 1 9 35265 1.65937 0.702 531
1 1995 1 10 10012 2.75029 1.112 629
1 1995 1 11 2775 4.75556 1.779 748
1 1995 2 1 65030 0.00386 0.001 50
1 1995 2 2 372599 0.023777 0.014 124
1 1995 2 3 267309 0.055778 0.033 169
1 1995 2 4 186978 0.11595 0.065 217
1 1995 2 5 88277 0.218706 0.117 270
1 1995 2 6 104801 0.358266 0.158 318
1 1995 2 7 49294 0.554919 0.237 369
1 1995 2 8 79503 0.911823 0.37 435
1 1995 2 9 34304 1.66398 0.639 532
1 1995 2 10 10338 2.7544 1.006 629
1 1995 2 11 2875 4.73619 1.604 747
1 1995 3 0 -1 -1 0 -1
1 1995 3 1 1.40577e+06 0.00386 0.001 50
1 1995 3 2 168280 0.024804 0.018 126
1 1995 3 3 207944 0.057185 0.041 170
1 1995 3 4 228138 0.116197 0.08 217
1 1995 3 5 84069 0.21748 0.143 269
1 1995 3 6 97005 0.359929 0.26 319
1 1995 3 7 48402 0.554877 0.386 369
1 1995 3 8 76434 0.911872 0.603 435
1 1995 3 9 34717 1.66965 1.042 532
1 1995 3 10 11237 2.76037 1.648 630
1 1995 3 11 3223 4.72482 2.617 747
1 1995 4 0 -1 -1 0 -1
1 1995 4 1 670393 0.00386 0.001 50
1 1995 4 2 423554 0.017238 0.013 110
1 1995 4 3 124745 0.057936 0.042 171
1 1995 4 4 211576 0.119695 0.082 219
1 1995 4 5 93858 0.216707 0.143 269
1 1995 4 6 91336 0.358401 0.241 318
1 1995 4 7 45422 0.555296 0.361 369
1 1995 4 8 72574 0.9109 0.561 434
1 1995 4 9 33692 1.67469 0.98 533
1 1995 4 10 11683 2.76669 1.542 630
1 1995 4 11 3498 4.71961 2.448 747
1 1996 1 1 169676 0.00386 0.001 50
1 1996 1 2 511682 0.021431 0.014 119
1 1996 1 3 158992 0.054964 0.035 168
1 1996 1 4 164748 0.121553 0.073 220
1 1996 1 5 93981 0.217516 0.127 269
1 1996 1 6 90668 0.355988 0.175 318
1 1996 1 7 40478 0.55498 0.261 369
1 1996 1 8 63933 0.909844 0.406 434
1 1996 1 9 29235 1.6763 0.709 533
1 1996 1 10 10552 2.77159 1.121 631
1 1996 1 11 3274 4.71498 1.766 746
1 1996 2 1 53388 0.00386 0.001 50
1 1996 2 2 294808 0.023638 0.014 124
1 1996 2 3 202129 0.055747 0.033 169
1 1996 2 4 157021 0.117659 0.066 218
1 1996 2 5 81642 0.218445 0.117 270
1 1996 2 6 88688 0.356305 0.158 318
1 1996 2 7 37337 0.554047 0.237 369
1 1996 2 8 55061 0.907824 0.367 434
1 1996 2 9 24364 1.67524 0.642 533
1 1996 2 10 8920 2.77536 1.015 631
1 1996 2 11 2855 4.71239 1.598 746
1 1996 3 0 -1 -1 0 -1
1 1996 3 1 2.61449e+06 0.00386 0.001 50
1 1996 3 2 143507 0.024541 0.018 125
1 1996 3 3 164023 0.057017 0.041 170
1 1996 3 4 174192 0.116604 0.08 217
1 1996 3 5 72393 0.218041 0.143 269
1 1996 3 6 83388 0.358329 0.258 318
1 1996 3 7 37095 0.553762 0.386 369
1 1996 3 8 51393 0.904426 0.596 433
1 1996 3 9 22075 1.6747 1.047 533
1 1996 3 10 8187 2.77916 1.655 631
1 1996 3 11 2725 4.71682 2.617 747
1 1996 4 0 -1 -1 0 -1
1 1996 4 1 1.24929e+06 0.00386 0.001 50
1 1996 4 2 723685 0.016425 0.012 109
1 1996 4 3 106638 0.057619 0.042 171
1 1996 4 4 163996 0.119141 0.082 219
1 1996 4 5 72743 0.217146 0.143 269
1 1996 4 6 76428 0.358734 0.241 318
1 1996 4 7 36032 0.554237 0.361 369
1 1996 4 8 49447 0.900762 0.557 433
1 1996 4 9 20366 1.67437 0.98 533
1 1996 4 10 7628 2.78228 1.549 631
1 1996 4 11 2642 4.72595 2.448 747
1 1997 1 1 316180 0.003558 0.001 50
1 1997 1 2 928690 0.020096 0.014 119
1 1997 1 3 230436 0.051541 0.035 167
1 1997 1 4 140964 0.115676 0.073 219
1 1997 1 5 71941 0.212 0.127 269
1 1997 1 6 71910 0.350685 0.175 318
1 1997 1 7 32916 0.547757 0.261 369
1 1997 1 8 45787 0.89361 0.401 432
1 1997 1 9 17676 1.67665 0.709 533
1 1997 1 10 6514 2.8117 1.121 631
1 1997 1 11 2310 4.81854 1.773 747
1 1997 2 1 101214 0.003558 0.001 50
1 1997 2 2 545072 0.022251 0.014 123
1 1997 2 3 339795 0.052961 0.032 168
1 1997 2 4 180756 0.109508 0.063 215
1 1997 2 5 65401 0.212499 0.116 269
1 1997 2 6 68722 0.350176 0.158 318
1 1997 2 7 29922 0.547449 0.237 369
1 1997 2 8 41404 0.893302 0.363 432
1 1997 2 9 15129 1.67127 0.639 532
1 1997 2 10 5355 2.81102 1.015 631
1 1997 2 11 1919 4.82482 1.61 748
1 1997 3 0 -1 -1 0 -1
1 1997 3 1 2.67634e+06 0.003558 0.001 50
1 1997 3 2 267689 0.023252 0.018 125
1 1997 3 3 290317 0.054364 0.041 170
1 1997 3 4 251215 0.109908 0.078 215
1 1997 3 5 67653 0.210969 0.143 269
1 1997 3 6 65434 0.350839 0.258 318
1 1997 3 7 28658 0.547138 0.386 369
1 1997 3 8 38814 0.893432 0.592 432
1 1997 3 9 13864 1.66664 1.042 532
1 1997 3 10 4694 2.80966 1.655 631
1 1997 3 11 1693 4.8324 2.627 748
1 1997 4 0 -1 -1 0 -1
1 1997 4 1 1.27743e+06 0.003558 0.001 50
1 1997 4 2 793472 0.016073 0.013 110
1 1997 4 3 192365 0.055133 0.042 171
1 1997 4 4 263220 0.113546 0.08 217
1 1997 4 5 86110 0.20984 0.141 268
1 1997 4 6 65661 0.348625 0.239 317
1 1997 4 7 27576 0.547199 0.361 369
1 1997 4 8 36935 0.892548 0.554 432
1 1997 4 9 13026 1.66406 0.97 531
1 1997 4 10 4239 2.80727 1.549 631
1 1997 4 11 1528 4.84016 2.457 748
1 1998 1 1 322738 0.003558 0.001 50
1 1998 1 2 970907 0.020228 0.014 119
1 1998 1 3 285225 0.052273 0.035 168
1 1998 1 4 232043 0.115575 0.073 219
1 1998 1 5 102326 0.210726 0.127 269
1 1998 1 6 75174 0.345041 0.172 316
1 1998 1 7 26864 0.546717 0.261 369
1 1998 1 8 35047 0.891215 0.401 432
1 1998 1 9 12072 1.66207 0.702 531
1 1998 1 10 3768 2.80298 1.121 631
1 1998 1 11 1334 4.84442 1.779 748
1 1998 2 1 100912 0.003558 0.001 50
1 1998 2 2 558077 0.022363 0.014 124
1 1998 2 3 377764 0.05326 0.033 169
1 1998 2 4 256006 0.111787 0.064 216
1 1998 2 5 102980 0.211884 0.116 269
1 1998 2 6 88042 0.34527 0.155 316
1 1998 2 7 28583 0.545326 0.237 369
1 1998 2 8 33752 0.888541 0.363 432
1 1998 2 9 11218 1.66014 0.635 531
1 1998 2 10 3373 2.79812 1.01 630
1 1998 2 11 1159 4.8449 1.61 748
1 1998 3 0 -1 -1 0 -1
1 1998 3 1 2.74222e+06 0.003558 0.001 50
1 1998 3 2 268217 0.023333 0.018 126
1 1998 3 3 308056 0.054548 0.041 170
1 1998 3 4 309358 0.111723 0.079 216
1 1998 3 5 104500 0.211405 0.143 269
1 1998 3 6 95075 0.347669 0.256 317
1 1998 3 7 32842 0.54474 0.386 369
1 1998 3 8 34581 0.881907 0.588 431
1 1998 3 9 10741 1.6583 1.036 531
1 1998 3 10 3131 2.79391 1.648 630
1 1998 3 11 1040 4.84214 2.627 748
1 1998 4 0 -1 -1 0 -1
1 1998 4 1 1.30889e+06 0.003558 0.001 50
1 1998 4 2 808398 0.016032 0.013 110
1 1998 4 3 197500 0.055262 0.042 171
1 1998 4 4 299688 0.114767 0.081 218
1 1998 4 5 118354 0.210784 0.143 269
1 1998 4 6 98896 0.347918 0.239 317
1 1998 4 7 36290 0.545241 0.361 369
1 1998 4 8 36696 0.873871 0.544 429
1 1998 4 9 10142 1.65525 0.965 530
1 1998 4 10 2847 2.78982 1.542 630
1 1998 4 11 909 4.83482 2.457 748
1 1999 1 1 327681 0.003558 0.001 50
1 1999 1 2 991314 0.020245 0.014 119
1 1999 1 3 291758 0.052267 0.035 168
1 1999 1 4 249421 0.116428 0.073 219
1 1999 1 5 125788 0.211516 0.127 269
1 1999 1 6 106343 0.346606 0.173 317
1 1999 1 7 37678 0.545515 0.261 369
1 1999 1 8 38165 0.86887 0.394 429
1 1999 1 9 9009 1.64663 0.695 529
1 1999 1 10 2322 2.78343 1.112 629
1 1999 1 11 695 4.81774 1.773 747
1 1999 2 1 97934 0.003558 0.001 50
1 1999 2 2 554935 0.022455 0.014 124
1 1999 2 3 391906 0.053351 0.033 169
1 1999 2 4 272868 0.111913 0.064 216
1 1999 2 5 116722 0.21244 0.116 269
1 1999 2 6 113266 0.347518 0.157 317
1 1999 2 7 39872 0.545163 0.237 369
1 1999 2 8 39856 0.868119 0.354 428
1 1999 2 9 8392 1.63364 0.626 528
1 1999 2 10 1888 2.77528 1.006 629
1 1999 2 11 522 4.79365 1.598 746
1 1999 3 0 -1 -1 0 -1
1 1999 3 1 2.13621e+06 0.003558 0.001 50
1 1999 3 2 256594 0.023439 0.018 126
1 1999 3 3 309546 0.054674 0.041 170
1 1999 3 4 329792 0.112119 0.08 217
1 1999 3 5 115839 0.211605 0.143 269
1 1999 3 6 114576 0.349751 0.258 318
1 1999 3 7 44394 0.545422 0.386 369
1 1999 3 8 44797 0.868877 0.581 429
1 1999 3 9 9245 1.62583 1.015 527
1 1999 3 10 1850 2.76716 1.634 628
1 1999 3 11 476 4.77151 2.598 745
1 1999 4 0 -1 -1 0 -1
1 1999 4 1 1.01889e+06 0.003558 0.001 50
1 1999 4 2 646512 0.016271 0.013 111
1 1999 4 3 190548 0.055404 0.042 171
1 1999 4 4 311054 0.115412 0.082 219
1 1999 4 5 131820 0.211033 0.143 269
1 1999 4 6 116864 0.349343 0.241 318
1 1999 4 7 47688 0.546282 0.361 369
1 1999 4 8 51530 0.871264 0.544 429
1 1999 4 9 10964 1.62445 0.95 527
1 1999 4 10 2055 2.75895 1.529 628
1 1999 4 11 492 4.75153 2.422 744
1 2000 1 1 257264 0.003493 0.001 50
1 2000 1 2 779010 0.019815 0.012 119
1 2000 1 3 244272 0.051312 0.037 168
1 2000 1 4 247336 0.11419 0.088 220
1 2000 1 5 134951 0.206045 0.168 269
1 2000 1 6 121745 0.337915 0.363 317
1 2000 1 7 47035 0.530354 0.594 369
1 2000 1 8 53335 0.847653 0.968 429
1 2000 1 9 11591 1.57104 1.886 527
1 2000 1 10 2025 2.65712 3.313 627
1 2000 1 11 434 4.55965 5.745 743
1 2000 2 1 79964 0.003493 0 50
1 2000 2 2 445311 0.021891 0.007 124
1 2000 2 3 310068 0.052076 0.02 169
1 2000 2 4 240082 0.110547 0.045 217
1 2000 2 5 119403 0.20695 0.091 270
1 2000 2 6 122600 0.338596 0.181 317
1 2000 2 7 46260 0.529824 0.297 369
1 2000 2 8 51612 0.849405 0.487 430
1 2000 2 9 11413 1.56905 0.943 527
1 2000 2 10 1863 2.64605 1.648 626
1 2000 2 11 347 4.51889 2.848 741
1 2000 3 0 -1 -1 0 -1
1 2000 3 1 2.76868e+06 0.003493 0 50
1 2000 3 2 213697 0.022793 0.008 126
1 2000 3 3 249116 0.053278 0.02 170
1 2000 3 4 267854 0.109795 0.045 217
1 2000 3 5 108280 0.206542 0.09 269
1 2000 3 6 118000 0.340737 0.106 318
1 2000 3 7 48223 0.529866 0.172 369
1 2000 3 8 53171 0.849692 0.282 430
1 2000 3 9 12168 1.57061 0.546 527
1 2000 3 10 1957 2.63959 0.949 625
1 2000 3 11 326 4.47734 1.634 739
1 2000 4 0 -1 -1 0 -1
1 2000 4 1 1.32224e+06 0.003493 0.001 50
1 2000 4 2 792043 0.015423 0.011 109
1 2000 4 3 159278 0.053914 0.049 171
1 2000 4 4 250914 0.11233 0.109 219
1 2000 4 5 111111 0.205798 0.213 269
1 2000 4 6 111429 0.341176 0.309 318
1 2000 4 7 48898 0.530563 0.5 369
1 2000 4 8 56121 0.850117 0.821 430
1 2000 4 9 13246 1.57407 1.588 527
1 2000 4 10 2178 2.63669 2.761 625
1 2000 4 11 335 4.43685 4.713 737
1 2001 1 1 331745 0.003493 0.001 50
1 2001 1 2 992402 0.019734 0.012 119
1 2001 1 3 271950 0.050707 0.036 167
1 2001 1 4 208391 0.1134 0.086 219
1 2001 1 5 110700 0.206212 0.168 269
1 2001 1 6 108135 0.339872 0.366 318
1 2001 1 7 46470 0.530985 0.594 369
1 2001 1 8 56268 0.851999 0.975 430
1 2001 1 9 13529 1.57582 1.897 528
1 2001 1 10 2265 2.63499 3.279 625
1 2001 1 11 324 4.39371 5.572 736
1 2001 2 1 100939 0.003493 0 50
1 2001 2 2 563405 0.021889 0.007 124
1 2001 2 3 381899 0.051919 0.02 169
1 2001 2 4 240911 0.108158 0.044 216
1 2001 2 5 98703 0.206809 0.09 269
1 2001 2 6 103674 0.339726 0.183 318
1 2001 2 7 42780 0.530667 0.297 369
1 2001 2 8 52225 0.854193 0.491 431
1 2001 2 9 12747 1.57516 0.943 527
1 2001 2 10 2128 2.63397 1.639 625
1 2001 2 11 286 4.35124 2.761 734
1 2001 3 0 -1 -1 0 -1
1 2001 3 1 1.83923e+06 0.003493 0 50
1 2001 3 2 264592 0.022878 0.008 126
1 2001 3 3 309495 0.053243 0.02 170
1 2001 3 4 307129 0.108434 0.044 216
1 2001 3 5 98243 0.205617 0.09 269
1 2001 3 6 98392 0.340791 0.106 318
1 2001 3 7 41872 0.530508 0.172 369
1 2001 3 8 50615 0.855507 0.284 431
1 2001 3 9 12811 1.5761 0.549 528
1 2001 3 10 2158 2.63453 0.949 625
1 2001 3 11 282 4.31942 1.585 732
1 2001 4 0 -1 -1 0 -1
1 2001 4 1 876771 0.003493 0.001 50
1 2001 4 2 576174 0.016192 0.012 111
1 2001 4 3 194438 0.053995 0.049 171
1 2001 4 4 300585 0.111799 0.108 218
1 2001 4 5 116733 0.204859 0.213 269
1 2001 4 6 98781 0.339406 0.309 318
1 2001 4 7 41879 0.530883 0.5 369
1 2001 4 8 51950 0.856718 0.827 431
1 2001 4 9 13833 1.58016 1.598 528
1 2001 4 10 2434 2.63686 2.761 625
1 2001 4 11 320 4.30084 4.589 731
1 2002 1 1 221783 0.003493 0.001 50
1 2002 1 2 678737 0.019875 0.012 119
1 2002 1 3 228612 0.051566 0.037 168
1 2002 1 4 245354 0.11391 0.088 220
1 2002 1 5 126230 0.205693 0.168 269
1 2002 1 6 106824 0.337168 0.363 317
1 2002 1 7 40934 0.530692 0.594 369
1 2002 1 8 51264 0.857843 0.982 431
1 2002 1 9 14069 1.58341 1.897 528
1 2002 1 10 2576 2.63885 3.279 625
1 2002 1 11 341 4.28703 5.45 731
1 2002 2 1 69103 0.003493 0 50
1 2002 2 2 387149 0.021919 0.007 124
1 2002 2 3 277082 0.052185 0.02 169
1 2002 2 4 232729 0.111117 0.045 218
1 2002 2 5 116885 0.206727 0.09 269
1 2002 2 6 113980 0.337736 0.181 317
1 2002 2 7 41687 0.52987 0.297 369
1 2002 2 8 49644 0.857702 0.491 431
1 2002 2 9 13800 1.58535 0.955 529
1 2002 2 10 2611 2.64116 1.648 626
1 2002 2 11 349 4.27716 2.713 730
1 2002 3 0 -1 -1 0 -1
1 2002 3 1 2.23592e+06 0.003493 0 50
1 2002 3 2 185976 0.022819 0.008 126
1 2002 3 3 220018 0.053327 0.02 170
1 2002 3 4 248608 0.110397 0.045 217
1 2002 3 5 106967 0.206602 0.09 269
1 2002 3 6 114061 0.340018 0.106 318
1 2002 3 7 44904 0.529692 0.172 369
1 2002 3 8 50919 0.855418 0.284 431
1 2002 3 9 14160 1.5876 0.553 529
1 2002 3 10 2783 2.64471 0.954 626
1 2002 3 11 381 4.27301 1.571 730
1 2002 4 0 -1 -1 0 -1
1 2002 4 1 1.06771e+06 0.003493 0.001 50
1 2002 4 2 645668 0.015506 0.012 110
1 2002 4 3 140252 0.053955 0.049 171
1 2002 4 4 227686 0.112694 0.109 219
1 2002 4 5 106801 0.206068 0.213 269
1 2002 4 6 109602 0.340976 0.309 318
1 2002 4 7 46898 0.530303 0.5 369
1 2002 4 8 53769 0.853084 0.821 430
1 2002 4 9 14711 1.58974 1.608 529
1 2002 4 10 3006 2.64867 2.775 626
1 2002 4 11 427 4.27325 4.569 730
1 2003 1 1 270576 0.003469 0.001 50
1 2003 1 2 805057 0.019562 0.012 119
1 2003 1 3 224729 0.050399 0.036 167
1 2003 1 4 186304 0.112687 0.088 220
1 2003 1 5 102772 0.204443 0.168 269
1 2003 1 6 104592 0.336983 0.366 318
1 2003 1 7 45118 0.525388 0.594 369
1 2003 1 8 53577 0.843333 0.975 430
1 2003 1 9 14092 1.57143 1.909 529
1 2003 1 10 2899 2.62113 3.296 626
1 2003 1 11 421 4.22343 5.426 730
1 2003 2 1 86654 0.003469 0 50
1 2003 2 2 470657 0.021612 0.007 124
1 2003 2 3 305939 0.051402 0.02 169
1 2003 2 4 200655 0.108143 0.044 216
1 2003 2 5 91183 0.205034 0.091 270
1 2003 2 6 99989 0.337184 0.183 318
1 2003 2 7 43008 0.525443 0.297 369
1 2003 2 8 52578 0.844988 0.487 430
1 2003 2 9 13624 1.56869 0.955 529
1 2003 2 10 2763 2.62232 1.648 626
1 2003 2 11 407 4.22309 2.713 730
1 2003 3 0 -1 -1 0 -1
1 2003 3 1 3.84112e+06 0.003469 0 50
1 2003 3 2 233315 0.022482 0.007 125
1 2003 3 3 256417 0.052653 0.02 170
1 2003 3 4 244992 0.107559 0.044 216
1 2003 3 5 85997 0.204275 0.09 269
1 2003 3 6 94150 0.338369 0.106 318
1 2003 3 7 42325 0.525551 0.172 369
1 2003 3 8 53187 0.847821 0.284 431
1 2003 3 9 14221 1.56767 0.553 529
1 2003 3 10 2867 2.62375 0.954 626
1 2003 3 11 431 4.22583 1.571 730
1 2003 4 0 -1 -1 0 -1
1 2003 4 1 1.83529e+06 0.003469 0.001 50
1 2003 4 2 1.07493e+06 0.015099 0.011 109
1 2003 4 3 171206 0.053266 0.049 171
1 2003 4 4 243674 0.110302 0.108 218
1 2003 4 5 94002 0.203261 0.213 269
1 2003 4 6 88625 0.337792 0.309 318
1 2003 4 7 40510 0.525879 0.5 369
1 2003 4 8 52531 0.849857 0.827 431
1 2003 4 9 14565 1.56795 1.608 529
1 2003 4 10 2921 2.62397 2.775 626
1 2003 4 11 445 4.22893 4.589 731
1 2004 1 1 460608 0.003469 0.001 50
1 2004 1 2 1.36855e+06 0.019535 0.012 119
1 2004 1 3 352046 0.04996 0.036 167
1 2004 1 4 217580 0.111117 0.085 218
1 2004 1 5 100937 0.203651 0.168 269
1 2004 1 6 89052 0.335407 0.363 317
1 2004 1 7 37553 0.525894 0.594 369
1 2004 1 8 49670 0.851298 0.99 432
1 2004 1 9 14110 1.56843 1.909 529
1 2004 1 10 2800 2.62228 3.296 626
1 2004 1 11 424 4.23 5.45 731
1 2004 2 1 141231 0.003469 0 50
1 2004 2 2 782363 0.021678 0.007 124
1 2004 2 3 516478 0.051368 0.019 168
1 2004 2 4 289539 0.105631 0.043 215
1 2004 2 5 97973 0.204257 0.09 269
1 2004 2 6 92650 0.334838 0.181 317
1 2004 2 7 35994 0.525188 0.297 369
1 2004 2 8 46189 0.852024 0.495 432
1 2004 2 9 13361 1.56919 0.955 529
1 2004 2 10 2638 2.62013 1.648 626
1 2004 2 11 392 4.22912 2.725 731
1 2004 3 0 -1 -1 0 -1
1 2004 3 1 3.03699e+06 0.003469 0 50
1 2004 3 2 371444 0.022649 0.008 126
1 2004 3 3 425603 0.052719 0.02 170
1 2004 3 4 398102 0.106637 0.044 216
1 2004 3 5 108730 0.202853 0.09 269
1 2004 3 6 95063 0.335688 0.105 317
1 2004 3 7 37299 0.524729 0.172 369
1 2004 3 8 45496 0.851049 0.284 431
1 2004 3 9 13383 1.5713 0.553 529
1 2004 3 10 2690 2.61988 0.954 626
1 2004 3 11 398 4.22838 1.571 730
1 2004 4 0 -1 -1 0 -1
1 2004 4 1 1.44866e+06 0.003469 0.001 50
1 2004 4 2 925876 0.015838 0.012 111
1 2004 4 3 271618 0.053459 0.049 171
1 2004 4 4 402064 0.110275 0.108 218
1 2004 4 5 141676 0.202261 0.21 268
1 2004 4 6 103192 0.333634 0.305 317
1 2004 4 7 38839 0.524817 0.5 369
1 2004 4 8 46308 0.84873 0.827 431
1 2004 4 9 13585 1.5739 1.608 529
1 2004 4 10 2815 2.62106 2.775 626
1 2004 4 11 417 4.22761 4.569 730
1 2005 1 1 365253 0.003469 0.001 50
1 2005 1 2 1.11128e+06 0.019675 0.012 119
1 2005 1 3 352521 0.050873 0.037 168
1 2005 1 4 337833 0.112345 0.086 219
1 2005 1 5 162228 0.203316 0.168 269
1 2005 1 6 122243 0.331398 0.359 316
1 2005 1 7 40410 0.524295 0.594 369
1 2005 1 8 46337 0.846202 0.982 431
1 2005 1 9 13125 1.57451 1.909 529
1 2005 1 10 2761 2.62193 3.296 626
1 2005 1 11 409 4.2241 5.426 730
1 2005 2 1 112779 0.003469 0 50
1 2005 2 2 632437 0.021738 0.007 124
1 2005 2 3 446851 0.051659 0.02 169
1 2005 2 4 344099 0.109143 0.045 217
1 2005 2 5 156905 0.204443 0.09 269
1 2005 2 6 141405 0.332673 0.179 316
1 2005 2 7 45628 0.52337 0.297 369
1 2005 2 8 48194 0.843408 0.487 430
1 2005 2 9 13121 1.57397 0.955 529
1 2005 2 10 2786 2.62348 1.648 626
1 2005 2 11 415 4.22086 2.713 730
1 2005 3 0 -1 -1 0 -1
1 2005 3 1 3.73714e+06 0.003469 0 50
1 2005 3 2 302784 0.02263 0.008 126
1 2005 3 3 356961 0.052843 0.02 170
1 2005 3 4 388471 0.108795 0.045 217
1 2005 3 5 151464 0.204188 0.09 269
1 2005 3 6 149173 0.335349 0.105 317
1 2005 3 7 53512 0.523384 0.172 369
1 2005 3 8 53572 0.839184 0.28 429
1 2005 3 9 13913 1.57353 0.553 529
1 2005 3 10 2985 2.62579 0.959 627
1 2005 3 11 453 4.22013 1.571 730
1 2005 4 0 -1 -1 0 -1
1 2005 4 1 1.78466e+06 0.003469 0.001 50
1 2005 4 2 1.07554e+06 0.015353 0.012 110
1 2005 4 3 227537 0.05347 0.049 171
1 2005 4 4 362345 0.111366 0.109 219
1 2005 4 5 159367 0.203663 0.213 269
1 2005 4 6 148861 0.336084 0.309 318
1 2005 4 7 58159 0.524108 0.5 369
1 2005 4 8 58810 0.835049 0.815 429
1 2005 4 9 14086 1.57112 1.608 529
1 2005 4 10 2981 2.62671 2.79 627
1 2005 4 11 457 4.21928 4.569 730
1 2006 1 1 455721 0.003583 0.001 50
1 2006 1 2 1.3458e+06 0.019789 0.012 119
1 2006 1 3 370242 0.050536 0.036 167
1 2006 1 4 300138 0.111824 0.086 219
1 2006 1 5 158003 0.201742 0.168 269
1 2006 1 6 147984 0.329648 0.363 317
1 2006 1 7 57839 0.513188 0.594 369
1 2006 1 8 60629 0.811465 0.968 429
1 2006 1 9 13316 1.51311 1.897 528
1 2006 1 10 2665 2.52334 3.313 627
1 2006 1 11 402 4.03038 5.426 730
1 2006 2 1 152289 0.003583 0 50
1 2006 2 2 805986 0.021776 0.007 123
1 2006 2 3 499838 0.051458 0.019 168
1 2006 2 4 318777 0.107608 0.044 216
1 2006 2 5 141794 0.202364 0.09 269
1 2006 2 6 143991 0.329865 0.181 317
1 2006 2 7 55829 0.513155 0.297 369
1 2006 2 8 59624 0.812374 0.484 429
1 2006 2 9 12411 1.50602 0.943 527
1 2006 2 10 2284 2.51957 1.648 626
1 2006 2 11 332 4.02241 2.701 729
1 2006 3 0 -1 -1 0 -1
1 2006 3 1 3.94277e+06 0.003583 0 50
1 2006 3 2 411583 0.022736 0.007 125
1 2006 3 3 431966 0.052664 0.02 170
1 2006 3 4 387216 0.106679 0.044 216
1 2006 3 5 133222 0.201831 0.09 269
1 2006 3 6 138405 0.33115 0.106 318
1 2006 3 7 56206 0.513215 0.172 369
1 2006 3 8 61164 0.814449 0.28 429
1 2006 3 9 12802 1.50165 0.546 527
1 2006 3 10 2199 2.5158 0.954 626
1 2006 3 11 309 4.01578 1.564 729
1 2006 4 0 -1 -1 0 -1
1 2006 4 1 1.88244e+06 0.003583 0.001 50
1 2006 4 2 1.18471e+06 0.015937 0.012 110
1 2006 4 3 297678 0.053374 0.049 171
1 2006 4 4 396152 0.109088 0.108 218
1 2006 4 5 144353 0.200832 0.213 269
1 2006 4 6 133362 0.331245 0.309 318
1 2006 4 7 56488 0.513613 0.5 369
1 2006 4 8 63809 0.816632 0.821 430
1 2006 4 9 13844 1.50063 1.588 527
1 2006 4 10 2283 2.51206 2.775 626
1 2006 4 11 310 4.00987 4.549 729
1 2007 1 1 480628 0.003583 0.001 50
1 2007 1 2 1.44209e+06 0.019872 0.012 119
1 2007 1 3 432782 0.050821 0.037 168
1 2007 1 4 355332 0.110635 0.086 219
1 2007 1 5 156512 0.200975 0.168 269
1 2007 1 6 133230 0.329387 0.363 317
1 2007 1 7 53877 0.513833 0.594 369
1 2007 1 8 62770 0.818106 0.975 430
1 2007 1 9 13886 1.49969 1.886 527
1 2007 1 10 2179 2.50604 3.279 625
1 2007 1 11 279 4.00048 5.378 728
1 2007 2 1 158787 0.003583 0 50
1 2007 2 2 854176 0.021841 0.007 123
1 2007 2 3 555011 0.051608 0.02 169
1 2007 2 4 380579 0.107663 0.045 217
1 2007 2 5 154420 0.201642 0.09 269
1 2007 2 6 137283 0.328305 0.181 317
1 2007 2 7 51183 0.513431 0.297 369
1 2007 2 8 59262 0.819163 0.487 430
1 2007 2 9 13256 1.49885 0.943 527
1 2007 2 10 1986 2.49913 1.639 625
1 2007 2 11 235 3.98769 2.689 728
1 2007 3 0 -1 -1 0 -1
1 2007 3 1 3.71798e+06 0.003583 0 50
1 2007 3 2 431296 0.022795 0.007 125
1 2007 3 3 468176 0.052761 0.02 170
1 2007 3 4 447254 0.107191 0.044 216
1 2007 3 5 154259 0.201385 0.09 269
1 2007 3 6 141887 0.329119 0.105 317
1 2007 3 7 52648 0.512974 0.172 369
1 2007 3 8 59299 0.819938 0.282 430
1 2007 3 9 13650 1.49995 0.546 527
1 2007 3 10 2027 2.49492 0.944 624
1 2007 3 11 225 3.97527 1.55 727
1 2007 4 0 -1 -1 0 -1
1 2007 4 1 1.77468e+06 0.003583 0.001 50
1 2007 4 2 1.1353e+06 0.016074 0.012 111
1 2007 4 3 317177 0.053458 0.049 171
1 2007 4 4 444836 0.10958 0.108 218
1 2007 4 5 169757 0.200806 0.213 269
1 2007 4 6 146565 0.32942 0.305 317
1 2007 4 7 55966 0.51303 0.5 369
1 2007 4 8 62470 0.81998 0.821 430
1 2007 4 9 14873 1.50279 1.588 527
1 2007 4 10 2261 2.49362 2.747 624
1 2007 4 11 241 3.96432 4.488 726
1 2008 1 1 449339 0.003583 0.001 50
1 2008 1 2 1.36548e+06 0.019927 0.012 119
1 2008 1 3 430607 0.05099 0.037 168
1 2008 1 4 388759 0.111214 0.086 219
1 2008 1 5 182819 0.201186 0.168 269
1 2008 1 6 155145 0.328434 0.363 317
1 2008 1 7 57733 0.513123 0.594 369
1 2008 1 8 64162 0.818867 0.975 430
1 2008 1 9 15302 1.50477 1.886 527
1 2008 1 10 2366 2.49239 3.262 624
1 2008 1 11 242 3.95181 5.33 726
1 2008 2 1 141760 0.003583 0 50
1 2008 2 2 786593 0.021957 0.007 124
1 2008 2 3 544692 0.051769 0.02 169
1 2008 2 4 406678 0.108244 0.045 217
1 2008 2 5 177467 0.201941 0.09 269
1 2008 2 6 164638 0.328447 0.181 317
1 2008 2 7 59430 0.512838 0.297 369
1 2008 2 8 64489 0.817438 0.487 430
1 2008 2 9 15026 1.50512 0.943 527
1 2008 2 10 2336 2.49132 1.631 624
1 2008 2 11 230 3.93876 2.653 725
1 2008 3 0 -1 -1 0 -1
1 2008 3 1 3.89347e+06 0.003583 0 50
1 2008 3 2 383377 0.022879 0.008 126
1 2008 3 3 442101 0.052926 0.02 170
1 2008 3 4 464398 0.107949 0.045 217
1 2008 3 5 174296 0.201645 0.09 269
1 2008 3 6 169168 0.329858 0.105 317
1 2008 3 7 63781 0.512735 0.172 369
1 2008 3 8 67932 0.816579 0.28 429
1 2008 3 9 15633 1.5053 0.546 527
1 2008 3 10 2457 2.49177 0.944 624
1 2008 3 11 238 3.92873 1.536 725
1 2008 4 0 -1 -1 0 -1
1 2008 4 1 1.85883e+06 0.003583 0.001 50
1 2008 4 2 1.15306e+06 0.015834 0.012 110
1 2008 4 3 287930 0.053581 0.049 171
1 2008 4 4 442819 0.110437 0.108 218
1 2008 4 5 187565 0.201162 0.213 269
1 2008 4 6 172114 0.330238 0.309 318
1 2008 4 7 68274 0.513127 0.5 369
1 2008 4 8 74127 0.816553 0.815 429
1 2008 4 9 17133 1.50612 1.588 527
1 2008 4 10 2745 2.49341 2.747 624
1 2008 4 11 266 3.9223 4.448 724
1 2009 1 1 471000 0.003342 0.001 50
1 2009 1 2 1.41503e+06 0.018741 0.012 119
1 2009 1 3 420614 0.048188 0.037 168
1 2009 1 4 372539 0.106573 0.086 219
1 2009 1 5 191950 0.192916 0.168 269
1 2009 1 6 176507 0.316253 0.363 317
1 2009 1 7 69197 0.494122 0.594 369
1 2009 1 8 76979 0.78846 0.975 430
1 2009 1 9 17599 1.45893 1.886 527
1 2009 1 10 2809 2.42426 3.262 624
1 2009 1 11 270 3.8171 5.282 724
1 2009 2 1 150479 0.003342 0 50
1 2009 2 2 824047 0.020674 0.007 124
1 2009 2 3 551332 0.049012 0.02 169
1 2009 2 4 391204 0.103059 0.045 217
1 2009 2 5 177325 0.193567 0.09 269
1 2009 2 6 178106 0.316498 0.181 317
1 2009 2 7 68983 0.493987 0.297 369
1 2009 2 8 76847 0.788772 0.487 430
1 2009 2 9 17278 1.45694 0.943 527
1 2009 2 10 2688 2.42294 1.631 624
1 2009 2 11 252 3.80911 2.629 723
1 2009 3 0 -1 -1 0 -1
1 2009 3 1 3.36341e+06 0.003342 0 50
1 2009 3 2 406006 0.021581 0.008 126
1 2009 3 3 456674 0.050143 0.02 170
1 2009 3 4 457528 0.102533 0.044 216
1 2009 3 5 169423 0.193121 0.09 269
1 2009 3 6 174908 0.31778 0.106 318
1 2009 3 7 71007 0.494008 0.172 369
1 2009 3 8 79406 0.789545 0.282 430
1 2009 3 9 17993 1.4561 0.546 527
1 2009 3 10 2759 2.42198 0.944 624
1 2009 3 11 254 3.80315 1.522 723
1 2009 4 0 -1 -1 0 -1
1 2009 4 1 1.60508e+06 0.003342 0.001 50
1 2009 4 2 1.03056e+06 0.015176 0.012 111
1 2009 4 3 301703 0.050807 0.049 171
1 2009 4 4 445994 0.104902 0.108 218
1 2009 4 5 181624 0.192432 0.213 269
1 2009 4 6 171243 0.317863 0.309 318
1 2009 4 7 72362 0.494379 0.5 369
1 2009 4 8 83228 0.790573 0.821 430
1 2009 4 9 19270 1.45653 1.588 527
1 2009 4 10 2949 2.42137 2.747 624
1 2009 4 11 268 3.79855 4.428 723
1 2010 1 1 409915 0.003342 0.001 50
1 2010 1 2 1.23842e+06 0.018782 0.012 119
1 2010 1 3 394858 0.048455 0.037 168
1 2010 1 4 379607 0.106414 0.086 219
1 2010 1 5 188014 0.192744 0.168 269
1 2010 1 6 171325 0.316629 0.363 317
1 2010 1 7 70135 0.494565 0.594 369
1 2010 1 8 82718 0.791385 0.975 430
1 2010 1 9 19271 1.45614 1.886 527
1 2010 1 10 2901 2.41924 3.262 624
1 2010 1 11 255 3.79126 5.259 723
1 2010 2 1 135420 0.003342 0 50
1 2010 2 2 732572 0.020638 0.007 124
1 2010 2 3 489002 0.049064 0.02 169
1 2010 2 4 377287 0.103828 0.045 217
1 2010 2 5 176593 0.193391 0.09 269
1 2010 2 6 171946 0.316315 0.181 317
1 2010 2 7 67579 0.494324 0.297 369
1 2010 2 8 79507 0.792035 0.487 430
1 2010 2 9 18513 1.45506 0.943 527
1 2010 2 10 2712 2.41605 1.622 623
1 2010 2 11 227 3.78141 2.618 722
1 2010 3 0 -1 -1 0 -1
1 2010 3 1 3.59932e+06 0.003342 0 50
1 2010 3 2 371513 0.021519 0.007 125
1 2010 3 3 408383 0.050108 0.02 170
1 2010 3 4 416364 0.103026 0.045 217
1 2010 3 5 166194 0.19326 0.09 269
1 2010 3 6 169854 0.31731 0.106 318
1 2010 3 7 68075 0.494128 0.172 369
1 2010 3 8 79202 0.792664 0.282 430
1 2010 3 9 18713 1.45506 0.546 527
1 2010 3 10 2709 2.41379 0.939 623
1 2010 3 11 218 3.77253 1.509 721
1 2010 4 0 -1 -1 0 -1
1 2010 4 1 1.71869e+06 0.003342 0.001 50
1 2010 4 2 1.07991e+06 0.015005 0.012 110
1 2010 4 3 277146 0.050735 0.049 171
1 2010 4 4 401303 0.104917 0.108 218
1 2010 4 5 169264 0.192707 0.213 269
1 2010 4 6 164684 0.317771 0.309 318
1 2010 4 7 68426 0.494265 0.5 369
1 2010 4 8 79662 0.792691 0.821 430
1 2010 4 9 19077 1.45578 1.588 527
1 2010 4 10 2757 2.41212 2.733 623
1 2010 4 11 214 3.76435 4.389 721
1 2011 1 1 441651 0.003342 0.001 50
1 2011 1 2 1.31864e+06 0.01873 0.012 119
1 2011 1 3 397608 0.048264 0.037 168
1 2011 1 4 348230 0.106071 0.086 219
1 2011 1 5 170050 0.192842 0.168 269
1 2011 1 6 160026 0.317055 0.366 318
1 2011 1 7 65776 0.494413 0.594 369
1 2011 1 8 76840 0.791974 0.975 430
1 2011 1 9 18199 1.45541 1.886 527
1 2011 1 10 2584 2.40922 3.245 623
1 2011 1 11 190 3.75367 5.188 720
1 2011 2 1 151493 0.003342 0 50
1 2011 2 2 797824 0.020541 0.007 123
1 2011 2 3 502549 0.048918 0.02 169
1 2011 2 4 356266 0.103296 0.045 217
1 2011 2 5 158900 0.19331 0.09 269
1 2011 2 6 155140 0.316619 0.181 317
1 2011 2 7 61768 0.494284 0.297 369
1 2011 2 8 71427 0.791045 0.487 430
1 2011 2 9 16452 1.45379 0.943 527
1 2011 2 10 2256 2.4052 1.622 623
1 2011 2 11 154 3.74072 2.594 720
1 2011 3 0 -1 -1 0 -1
1 2011 3 1 4.8752e+06 0.003342 0 50
1 2011 3 2 418690 0.021407 0.007 125
1 2011 3 3 433557 0.049961 0.02 170
1 2011 3 4 404385 0.102351 0.044 216
1 2011 3 5 150274 0.1931 0.09 269
1 2011 3 6 150084 0.31715 0.106 318
1 2011 3 7 59958 0.494118 0.172 369
1 2011 3 8 68456 0.790686 0.282 430
1 2011 3 9 15525 1.45247 0.546 527
1 2011 3 10 2071 2.40186 0.934 622
1 2011 3 11 133 3.729 1.495 719
1 2011 4 0 -1 -1 0 -1
1 2011 4 1 2.32914e+06 0.003342 0.001 50
1 2011 4 2 1.4306e+06 0.014818 0.012 110
1 2011 4 3 306454 0.050575 0.048 170
1 2011 4 4 404010 0.104143 0.108 218
1 2011 4 5 155151 0.192437 0.213 269
1 2011 4 6 144827 0.31733 0.309 318
1 2011 4 7 58885 0.494155 0.5 369
1 2011 4 8 66976 0.790458 0.821 430
1 2011 4 9 15100 1.4517 1.588 527
1 2011 4 10 1974 2.39918 2.718 622
1 2011 4 11 120 3.71854 4.33 718
1 2012 1 1 601426 0.003539 0.001 50
1 2012 1 2 1.7751e+06 0.019297 0.012 119
1 2012 1 3 499591 0.048987 0.036 167
1 2012 1 4 367935 0.106062 0.085 218
1 2012 1 5 159536 0.192692 0.168 269
1 2012 1 6 139651 0.314506 0.363 317
1 2012 1 7 54943 0.488462 0.594 369
1 2012 1 8 61530 0.774619 0.975 430
1 2012 1 9 13352 1.41136 1.874 526
1 2012 1 10 1665 2.31616 3.228 622
1 2012 1 11 94 3.56331 5.142 718
1 2012 2 1 212884 0.003539 0 50
1 2012 2 2 1.09396e+06 0.021107 0.007 123
1 2012 2 3 649511 0.049747 0.019 168
1 2012 2 4 402485 0.103107 0.044 216
1 2012 2 5 154455 0.193063 0.09 269
1 2012 2 6 136398 0.313573 0.181 317
1 2012 2 7 50550 0.488183 0.297 369
1 2012 2 8 54842 0.772508 0.484 429
1 2012 2 9 11232 1.40785 0.937 526
1 2012 2 10 1309 2.31057 1.606 621
1 2012 2 11 67 3.55043 2.559 717
1 2012 3 0 -1 -1 0 -1
1 2012 3 1 4.9912e+06 0.003539 0 50
1 2012 3 2 587606 0.022031 0.007 125
1 2012 3 3 577377 0.050815 0.02 170
1 2012 3 4 482684 0.102314 0.044 216
1 2012 3 5 153169 0.192788 0.09 269
1 2012 3 6 135885 0.31374 0.105 317
1 2012 3 7 49364 0.487882 0.172 369
1 2012 3 8 52087 0.771428 0.28 429
1 2012 3 9 10325 1.40547 0.543 526
1 2012 3 10 1144 2.3059 0.93 621
1 2012 3 11 53 3.53914 1.475 716
1 2012 4 0 -1 -1 0 -1
1 2012 4 1 2.38373e+06 0.003539 0.001 50
1 2012 4 2 1.54561e+06 0.01577 0.012 111
1 2012 4 3 419307 0.051489 0.048 170
1 2012 4 4 503051 0.104195 0.106 217
1 2012 4 5 166067 0.19206 0.213 269
1 2012 4 6 134953 0.313587 0.305 317
1 2012 4 7 48630 0.487702 0.5 369
1 2012 4 8 49807 0.769935 0.815 429
1 2012 4 9 9544 1.40326 1.569 525
1 2012 4 10 1007 2.30143 2.69 620
1 2012 4 11 43 3.52887 4.291 716
1 2013 1 1 616013 0.003539 0.001 50
1 2013 1 2 1.85455e+06 0.019398 0.012 119
1 2013 1 3 583899 0.049351 0.037 168
1 2013 1 4 471339 0.105577 0.085 218
1 2013 1 5 182270 0.19206 0.168 269
1 2013 1 6 137595 0.312243 0.359 316
1 2013 1 7 47001 0.487528 0.594 369
1 2013 1 8 46357 0.767221 0.96 428
1 2013 1 9 8354 1.39996 1.863 525
1 2013 1 10 824 2.29603 3.195 620
1 2013 1 11 32 3.51859 5.072 715
1 2013 2 1 215734 0.003539 0 50
1 2013 2 2 1.13068e+06 0.021184 0.007 123
1 2013 2 3 713477 0.049944 0.02 169
1 2013 2 4 499675 0.103674 0.045 217
1 2013 2 5 187792 0.192585 0.09 269
1 2013 2 6 145589 0.31129 0.179 316
1 2013 2 7 46373 0.487161 0.297 369
1 2013 2 8 43818 0.7646 0.48 428
1 2013 2 9 7396 1.39652 0.926 524
1 2013 2 10 680 2.29049 1.589 619
1 2013 2 11 24 3.50858 2.525 714
1 2013 3 0 -1 -1 0 -1
1 2013 3 1 3.13108e+06 0.003539 0 50
1 2013 3 2 599433 0.022128 0.007 125
1 2013 3 3 616679 0.05094 0.02 170
1 2013 3 4 566604 0.103149 0.044 216
1 2013 3 5 191103 0.192598 0.09 269
1 2013 3 6 154435 0.311703 0.104 316
1 2013 3 7 48336 0.486757 0.17 368
1 2013 3 8 43701 0.762636 0.276 427
1 2013 3 9 7023 1.39382 0.536 524
1 2013 3 10 609 2.2857 0.92 619
1 2013 3 11 19 3.49976 1.462 714
1 2013 4 0 -1 -1 0 -1
1 2013 4 1 1.49363e+06 0.003539 0.001 50
1 2013 4 2 1.07802e+06 0.016546 0.013 113
1 2013 4 3 437964 0.051623 0.049 171
1 2013 4 4 567517 0.104902 0.106 217
1 2013 4 5 204670 0.192226 0.213 269
1 2013 4 6 161058 0.312118 0.302 316
1 2013 4 7 51171 0.486604 0.495 368
1 2013 4 8 44586 0.760392 0.803 427
1 2013 4 9 6823 1.39136 1.559 524
1 2013 4 10 561 2.28129 2.676 619
1 2013 4 11 16 3.49199 4.233 713
1 2014 1 1 386143 0.003539 0.001 50
1 2014 1 2 1.21056e+06 0.019604 0.012 120
1 2014 1 3 475463 0.050043 0.037 169
1 2014 1 4 507719 0.106566 0.086 219
1 2014 1 5 218405 0.192397 0.168 269
1 2014 1 6 169305 0.311707 0.359 316
1 2014 1 7 53315 0.486593 0.588 368
1 2014 1 8 45102 0.75739 0.946 426
1 2014 1 9 6419 1.38799 1.84 523
1 2014 1 10 494 2.2765 3.161 618
1 2014 1 11 13 3.48472 5.027 713
1 2014 2 1 131632 0.003539 0 50
1 2014 2 2 719886 0.021352 0.007 124
1 2014 2 3 516785 0.050349 0.02 169
1 2014 2 4 479857 0.10565 0.045 218
1 2014 2 5 216934 0.192999 0.09 269
1 2014 2 6 178891 0.311604 0.179 316
1 2014 2 7 55311 0.486473 0.294 368
1 2014 2 8 45540 0.754639 0.473 426
1 2014 2 9 5963 1.38382 0.92 523
1 2014 2 10 423 2.27144 1.581 618
1 2014 2 11 10 3.47805 2.513 713
1 2014 3 0 -1 -1 0 -1
1 2014 3 1 2.51645e+06 0.003539 0 50
1 2014 3 2 373093 0.02224 0.008 126
1 2014 3 3 420883 0.051212 0.02 170
1 2014 3 4 479716 0.105195 0.045 218
1 2014 3 5 207676 0.193255 0.09 269
1 2014 3 6 185254 0.312576 0.105 317
1 2014 3 7 58884 0.486396 0.17 368
1 2014 3 8 47656 0.753078 0.274 426
1 2014 3 9 5869 1.38 0.529 522
1 2014 3 10 387 2.26684 0.91 617
1 2014 3 11 9 3.47225 1.448 712
1 2014 4 0 -1 -1 0 -1
1 2014 4 1 1.20118e+06 0.003539 0.001 50
1 2014 4 2 811794 0.016104 0.012 112
1 2014 4 3 287770 0.051809 0.049 171
1 2014 4 4 439438 0.106569 0.109 219
1 2014 4 5 202523 0.193166 0.213 269
1 2014 4 6 185869 0.313622 0.305 317
1 2014 4 7 62624 0.486598 0.495 368
1 2014 4 8 50896 0.752297 0.79 425
1 2014 4 9 6023 1.37683 1.54 522
1 2014 4 10 371 2.26268 2.648 617
1 2014 4 11 8 3.46722 4.214 712
1 2015 1 1 308583 0.003769 0.001 50
1 2015 1 2 948225 0.020381 0.012 120
1 2015 1 3 338583 0.051588 0.037 168
1 2015 1 4 370369 0.110639 0.086 219
1 2015 1 5 194300 0.197413 0.168 269
1 2015 1 6 182321 0.318956 0.363 317
1 2015 1 7 63970 0.492323 0.594 369
1 2015 1 8 52928 0.756444 0.939 425
1 2015 1 9 5992 1.37316 1.828 522
1 2015 1 10 340 2.24626 3.145 617
1 2015 1 11 6 3.42876 4.981 711
1 2015 2 1 103960 0.003769 0 50
1 2015 2 2 564258 0.022262 0.007 124
1 2015 2 3 390649 0.052003 0.02 169
1 2015 2 4 346845 0.10876 0.045 218
1 2015 2 5 176106 0.19785 0.09 269
1 2015 2 6 175034 0.319345 0.181 317
1 2015 2 7 62992 0.492555 0.297 369
1 2015 2 8 53237 0.756426 0.469 425
1 2015 2 9 5793 1.36912 0.909 521
1 2015 2 10 299 2.24075 1.564 616
1 2015 2 11 5 3.42332 2.49 711
1 2015 3 0 -1 -1 0 -1
1 2015 3 1 1.733e+06 0.003769 0 50
1 2015 3 2 290696 0.023211 0.008 126
1 2015 3 3 323110 0.052961 0.02 170
1 2015 3 4 355099 0.107867 0.045 218
1 2015 3 5 159796 0.197835 0.09 269
1 2015 3 6 166402 0.320265 0.106 318
1 2015 3 7 62678 0.492795 0.172 369
1 2015 3 8 54662 0.757752 0.274 426
1 2015 3 9 5938 1.36648 0.526 521
1 2015 3 10 285 2.23602 0.906 616
1 2015 3 11 4 3.4185 1.442 711
1 2015 4 0 -1 -1 0 -1
1 2015 4 1 826858 0.003769 0.001 50
1 2015 4 2 574052 0.017064 0.012 112
1 2015 4 3 221220 0.05361 0.049 171
1 2015 4 4 330935 0.109281 0.109 219
1 2015 4 5 153084 0.197456 0.213 269
1 2015 4 6 156474 0.3209 0.309 318
1 2015 4 7 61980 0.493154 0.5 369
1 2015 4 8 56415 0.759843 0.796 426
1 2015 4 9 6303 1.36539 1.53 521
1 2015 4 10 289 2.23222 2.62 615
1 2015 4 11 4 3.41429 4.194 711
1 2016 1 1 214276 0.003769 0.001 50
1 2016 1 2 660719 0.020413 0.012 120
1 2016 1 3 247322 0.051747 0.037 169
1 2016 1 4 280730 0.110541 0.086 219
1 2016 1 5 146136 0.197482 0.168 269
1 2016 1 6 146011 0.320671 0.366 318
1 2016 1 7 58638 0.493444 0.594 369
1 2016 1 8 55313 0.761445 0.946 426
1 2016 1 9 6291 1.36406 1.806 520
1 2016 1 10 273 2.22767 3.112 615
1 2016 1 11 3 3.40897 4.958 710
1 2016 2 1 74988 0.003769 0 50
1 2016 2 2 400574 0.022211 0.007 123
1 2016 2 3 274977 0.052039 0.02 169
1 2016 2 4 257212 0.109151 0.045 218
1 2016 2 5 132837 0.197831 0.09 269
1 2016 2 6 135837 0.32041 0.183 318
1 2016 2 7 54077 0.493529 0.297 369
1 2016 2 8 52102 0.76268 0.477 427
1 2016 2 9 5985 1.36256 0.903 520
1 2016 2 10 244 2.22274 1.556 615
1 2016 2 11 3 3.4029 2.479 710
1 2016 3 0 -1 -1 0 -1
1 2016 3 1 2.78728e+06 0.003769 0 50
1 2016 3 2 214393 0.023063 0.007 125
1 2016 3 3 229991 0.052914 0.02 170
1 2016 3 4 254943 0.108212 0.045 218
1 2016 3 5 119723 0.197907 0.09 269
1 2016 3 6 126785 0.320779 0.106 318
1 2016 3 7 50904 0.493544 0.172 369
1 2016 3 8 49824 0.764124 0.276 427
1 2016 3 9 5857 1.36201 0.523 520
1 2016 3 10 230 2.21894 0.896 614
1 2016 3 11 2 3.39783 1.429 709
1 2016 4 0 -1 -1 0 -1
1 2016 4 1 1.33219e+06 0.003769 0.001 50
1 2016 4 2 809176 0.016003 0.012 110
1 2016 4 3 163620 0.053447 0.049 171
1 2016 4 4 236450 0.109272 0.109 219
1 2016 4 5 112012 0.197626 0.213 269
1 2016 4 6 117669 0.321241 0.309 318
1 2016 4 7 48419 0.493641 0.5 369
1 2016 4 8 48205 0.765518 0.803 427
1 2016 4 9 5841 1.36227 1.521 520
1 2016 4 10 225 2.21622 2.607 614
1 2016 4 11 2 3.39376 4.156 709
1 2017 1 1 343480 0.003769 0.001 50
1 2017 1 2 1.01262e+06 0.020163 0.012 119
1 2017 1 3 280758 0.05068 0.036 167
1 2017 1 4 210187 0.109603 0.086 219
1 2017 1 5 105224 0.197571 0.168 269
1 2017 1 6 108001 0.321096 0.366 318
1 2017 1 7 44696 0.493743 0.594 369
1 2017 1 8 44942 0.766039 0.953 427
1 2017 1 9 5502 1.36194 1.806 520
1 2017 1 10 206 2.21323 3.095 614
1 2017 1 11 2 3.38952 4.936 709
1 2017 2 1 121408 0.003769 0 50
1 2017 2 2 624425 0.022046 0.007 123
1 2017 2 3 370236 0.051506 0.019 168
1 2017 2 4 230109 0.106169 0.044 216
1 2017 2 5 96171 0.197722 0.09 269
1 2017 2 6 98889 0.320771 0.183 318
1 2017 2 7 40405 0.493747 0.297 369
1 2017 2 8 40682 0.765998 0.477 427
1 2017 2 9 4948 1.36095 0.903 520
1 2017 2 10 178 2.20998 1.54 613
1 2017 2 11 1 3.38521 2.468 709
1 2017 3 0 -1 -1 0 -1
1 2017 3 1 2.25874e+06 0.003769 0 50
1 2017 3 2 336319 0.023017 0.007 125
1 2017 3 3 329985 0.0526 0.02 170
1 2017 3 4 275673 0.105217 0.044 216
1 2017 3 5 91659 0.197231 0.09 269
1 2017 3 6 91536 0.320778 0.106 318
1 2017 3 7 37226 0.493712 0.172 369
1 2017 3 8 37536 0.766226 0.276 427
1 2017 3 9 4562 1.36024 0.523 520
1 2017 3 10 159 2.20741 0.891 613
1 2017 3 11 1 3.38174 1.422 708
1 2017 4 0 -1 -1 0 -1
1 2017 4 1 1.07845e+06 0.003769 0.001 50
1 2017 4 2 734916 0.016895 0.012 112
1 2017 4 3 240675 0.053306 0.048 170
1 2017 4 4 287291 0.107035 0.106 217
1 2017 4 5 96849 0.196348 0.213 269
1 2017 4 6 86060 0.320277 0.309 318
1 2017 4 7 34582 0.493702 0.5 369
1 2017 4 8 34924 0.766497 0.803 427
1 2017 4 9 4253 1.35968 1.521 520
1 2017 4 10 144 2.20531 2.593 613
1 2017 4 11 1 3.37893 4.137 708
1 2018 1 1 280199 0.003621 0.001 50
1 2018 1 2 857366 0.020051 0.012 119
1 2018 1 3 298770 0.051253 0.037 168
1 2018 1 4 268002 0.109284 0.085 218
1 2018 1 5 104484 0.199123 0.168 269
1 2018 1 6 84037 0.325591 0.363 317
1 2018 1 7 31856 0.507326 0.594 369
1 2018 1 8 31939 0.79248 0.953 427
1 2018 1 9 3852 1.41618 1.806 520
1 2018 1 10 126 2.31145 3.079 613
1 2018 1 11 1 3.56315 4.913 708
1 2018 2 1 99758 0.003621 0 50
1 2018 2 2 525183 0.021829 0.007 123
1 2018 2 3 343832 0.051692 0.02 169
1 2018 2 4 270531 0.107997 0.045 217
1 2018 2 5 106335 0.199548 0.09 269
1 2018 2 6 84848 0.324091 0.181 317
1 2018 2 7 29474 0.506935 0.297 369
1 2018 2 8 28746 0.791613 0.477 427
1 2018 2 9 3391 1.41464 0.903 520
1 2018 2 10 106 2.30872 1.54 613
1 2018 2 11 1 3.56007 2.457 708
1 2018 3 0 -1 -1 0 -1
1 2018 3 1 1.10695e+06 0.003621 0 50
1 2018 3 2 282651 0.022792 0.007 125
1 2018 3 3 293884 0.052616 0.02 170
1 2018 3 4 288299 0.107465 0.045 217
1 2018 3 5 105708 0.199668 0.09 269
1 2018 3 6 86573 0.323849 0.104 316
1 2018 3 7 28494 0.506377 0.172 369
1 2018 3 8 26556 0.790361 0.276 427
1 2018 3 9 3059 1.41325 0.519 519
1 2018 3 10 92 2.30624 0.887 612
1 2018 3 11 1 3.5573 1.422 708
1 2018 4 0 -1 -1 0 -1
1 2018 4 1 527912 0.003621 0.001 50
1 2018 4 2 418025 0.017634 0.013 114
1 2018 4 3 210504 0.053293 0.049 171
1 2018 4 4 280003 0.1089 0.108 218
1 2018 4 5 108188 0.199451 0.213 269
1 2018 4 6 87747 0.324047 0.302 316
1 2018 4 7 28475 0.505978 0.5 369
1 2018 4 8 25289 0.788493 0.803 427
1 2018 4 9 2831 1.41206 1.511 519
1 2018 4 10 82 2.30399 2.579 612
1 2018 4 11 0 3.55475 4.118 707
1 2019 1 1 137924 0.003621 0.001 50
1 2019 1 2 446869 0.020348 0.012 120
1 2019 1 3 205665 0.052056 0.037 169
1 2019 1 4 247609 0.110491 0.086 219
1 2019 1 5 110838 0.199584 0.168 269
1 2019 1 6 89582 0.323881 0.359 316
1 2019 1 7 28742 0.505785 0.588 368
1 2019 1 8 24499 0.785953 0.946 426
1 2019 1 9 2632 1.41089 1.794 519
1 2019 1 10 74 2.3021 3.063 612
1 2019 1 11 0 3.55262 4.891 707
1 2019 2 1 48229 0.003621 0 50
1 2019 2 2 267298 0.02204 0.007 124
1 2019 2 3 205780 0.052214 0.02 169
1 2019 2 4 223570 0.110183 0.046 219
1 2019 2 5 107627 0.200085 0.09 269
1 2019 2 6 91302 0.323851 0.179 316
1 2019 2 7 28897 0.505607 0.294 368
1 2019 2 8 23723 0.783068 0.473 426
1 2019 2 9 2409 1.40936 0.897 519
1 2019 2 10 65 2.3005 1.531 612
1 2019 2 11 0 3.55086 2.445 707
1 2019 3 0 -1 -1 0 -1
1 2019 3 1 1.92506e+06 0.003621 0 50
1 2019 3 2 142700 0.022833 0.007 125
1 2019 3 3 164548 0.052963 0.02 170
1 2019 3 4 209182 0.109894 0.045 218
1 2019 3 5 100628 0.200428 0.09 269
1 2019 3 6 91662 0.324594 0.105 317
1 2019 3 7 29528 0.505503 0.17 368
1 2019 3 8 23616 0.780803 0.272 425
1 2019 3 9 2271 1.40752 0.519 519
1 2019 3 10 59 2.29895 0.887 612
1 2019 3 11 0 3.54922 1.416 707
1 2019 4 0 -1 -1 0 -1
1 2019 4 1 920238 0.003621 0.001 50
1 2019 4 2 556728 0.015676 0.012 110
1 2019 4 3 115006 0.053429 0.049 171
1 2019 4 4 184949 0.110975 0.109 219
1 2019 4 5 94483 0.20052 0.213 269
1 2019 4 6 90442 0.325666 0.305 317
1 2019 4 7 30662 0.505663 0.495 368
1 2019 4 8 24536 0.77985 0.79 425
1 2019 4 9 2284 1.40589 1.511 519
1 2019 4 10 58 2.29748 2.579 612
1 2019 4 11 0 3.54768 4.118 707
1 2020 1 1 235146 0.003621 0.001 50
1 2020 1 2 698147 0.01987 0.012 119
1 2020 1 3 196381 0.050536 0.036 167
1 2020 1 4 159295 0.111241 0.086 219
1 2020 1 5 87776 0.200751 0.168 269
1 2020 1 6 87772 0.326479 0.363 317
1 2020 1 7 31364 0.50599 0.594 369
1 2020 1 8 25586 0.779614 0.939 425
1 2020 1 9 2329 1.4043 1.783 518
1 2020 1 10 57 2.29606 3.047 611
1 2020 1 11 0 3.5464 4.891 707
1 2020 2 1 79522 0.003621 0 50
1 2020 2 2 420816 0.021828 0.007 123
1 2020 2 3 262827 0.051436 0.019 168
1 2020 2 4 173810 0.107385 0.045 217
1 2020 2 5 79255 0.201048 0.091 270
1 2020 2 6 83924 0.327259 0.183 318
1 2020 2 7 31487 0.506352 0.297 369
1 2020 2 8 26523 0.780268 0.469 425
1 2020 2 9 2395 1.40285 0.892 518
1 2020 2 10 56 2.29467 1.523 611
1 2020 2 11 0 3.5453 2.445 707
1 2020 3 0 -1 -1 0 -1
1 2020 3 1 871207 0.003621 0 50
1 2020 3 2 218833 0.022828 0.007 125
1 2020 3 3 228289 0.052575 0.02 170
1 2020 3 4 207025 0.10652 0.044 216
1 2020 3 5 74842 0.200502 0.09 269
1 2020 3 6 78805 0.328081 0.106 318
1 2020 3 7 31088 0.506709 0.172 369
1 2020 3 8 27201 0.781674 0.272 425
1 2020 3 9 2476 1.40167 0.516 518
1 2020 3 10 56 2.29326 0.882 611
1 2020 3 11 0 3.54423 1.416 707
1 2020 4 0 -1 -1 0 -1
1 2020 4 1 415158 0.003621 0.001 50
1 2020 4 2 323607 0.017544 0.013 114
1 2020 4 3 160407 0.053319 0.049 171
1 2020 4 4 210502 0.108545 0.108 218
1 2020 4 5 78683 0.199629 0.213 269
1 2020 4 6 74573 0.327959 0.309 318
1 2020 4 7 30225 0.507083 0.5 369
1 2020 4 8 27604 0.783622 0.796 426
1 2020 4 9 2570 1.40097 1.502 518
1 2020 4 10 57 2.29197 2.566 611
1 2020 4 11 0 3.54322 4.118 707
1 2021 1 1 107695 0.003621 0.001 50
1 2021 1 2 347732 0.020325 0.012 120
1 2021 1 3 156748 0.05201 0.037 169
1 2021 1 4 187515 0.110488 0.086 219
1 2021 1 5 83715 0.199632 0.168 269
1 2021 1 6 73798 0.326685 0.363 317
1 2021 1 7 29175 0.507337 0.594 369
1 2021 1 8 27775 0.786008 0.946 426
1 2021 1 9 2683 1.40098 1.783 518
1 2021 1 10 59 2.29111 3.047 611
1 2021 1 11 0 3.54255 4.891 707
1 2021 2 1 36649 0.003621 0 50
1 2021 2 2 205359 0.022077 0.007 124
1 2021 2 3 159606 0.052209 0.02 169
1 2021 2 4 171350 0.11012 0.046 219
1 2021 2 5 83096 0.2002 0.09 269
1 2021 2 6 75317 0.325842 0.181 317
1 2021 2 7 28468 0.507275 0.297 369
1 2021 2 8 27745 0.788441 0.477 427
1 2021 2 9 2804 1.40164 0.892 518
1 2021 2 10 62 2.29081 1.523 611
1 2021 2 11 0 3.54233 2.445 707
1 2021 3 0 -1 -1 0 -1
1 2021 3 1 1.77097e+06 0.003621 0 50
1 2021 3 2 107857 0.022839 0.007 125
1 2021 3 3 126578 0.053003 0.02 170
1 2021 3 4 162273 0.10987 0.045 218
1 2021 3 5 78480 0.200539 0.09 269
1 2021 3 6 75714 0.326191 0.105 317
1 2021 3 7 28276 0.50704 0.172 369
1 2021 3 8 27556 0.790114 0.276 427
1 2021 3 9 2902 1.40272 0.516 518
1 2021 3 10 65 2.29091 0.882 611
1 2021 3 11 0 3.54245 1.416 707
1 2021 4 0 -1 -1 0 -1
1 2021 4 1 846650 0.003621 0.001 50
1 2021 4 2 499965 0.015472 0.011 109
1 2021 4 3 87305 0.053443 0.049 171
1 2021 4 4 143070 0.111099 0.109 219
1 2021 4 5 74026 0.200597 0.213 269
1 2021 4 6 74077 0.32694 0.305 317
1 2021 4 7 28301 0.506962 0.5 369
1 2021 4 8 27443 0.790834 0.803 427
1 2021 4 9 2981 1.40406 1.502 518
1 2021 4 10 68 2.29141 2.566 611
1 2021 4 11 0 3.54295 4.118 707
