par parNo species year quarter area age predator prey fleet idx1 idx2 idx3 used
log_rec 1 2 1974 -1 -1 0 -1 -1 -1 2 1974 -1 used
log_rec 2 2 1975 -1 -1 0 -1 -1 -1 2 1975 -1 used
log_rec 3 2 1976 -1 -1 0 -1 -1 -1 2 1976 -1 used
log_rec 4 2 1977 -1 -1 0 -1 -1 -1 2 1977 -1 used
log_rec 5 2 1978 -1 -1 0 -1 -1 -1 2 1978 -1 used
log_rec 6 2 1979 -1 -1 0 -1 -1 -1 2 1979 -1 used
log_rec 7 2 1980 -1 -1 0 -1 -1 -1 2 1980 -1 used
log_rec 8 2 1981 -1 -1 0 -1 -1 -1 2 1981 -1 used
log_rec 9 2 1982 -1 -1 0 -1 -1 -1 2 1982 -1 used
log_rec 10 2 1983 -1 -1 0 -1 -1 -1 2 1983 -1 used
log_rec 11 2 1984 -1 -1 0 -1 -1 -1 2 1984 -1 used
log_rec 12 2 1985 -1 -1 0 -1 -1 -1 2 1985 -1 used
log_rec 13 2 1986 -1 -1 0 -1 -1 -1 2 1986 -1 used
log_rec 14 2 1987 -1 -1 0 -1 -1 -1 2 1987 -1 used
log_rec 15 2 1988 -1 -1 0 -1 -1 -1 2 1988 -1 used
log_rec 16 2 1989 -1 -1 0 -1 -1 -1 2 1989 -1 used
log_rec 17 2 1990 -1 -1 0 -1 -1 -1 2 1990 -1 used
log_rec 18 2 1991 -1 -1 0 -1 -1 -1 2 1991 -1 used
log_rec 19 2 1992 -1 -1 0 -1 -1 -1 2 1992 -1 used
log_rec 20 2 1993 -1 -1 0 -1 -1 -1 2 1993 -1 used
log_rec 21 2 1994 -1 -1 0 -1 -1 -1 2 1994 -1 used
log_rec 22 2 1995 -1 -1 0 -1 -1 -1 2 1995 -1 used
log_rec 23 2 1996 -1 -1 0 -1 -1 -1 2 1996 -1 used
log_rec 24 2 1997 -1 -1 0 -1 -1 -1 2 1997 -1 used
log_rec 25 2 1998 -1 -1 0 -1 -1 -1 2 1998 -1 used
log_rec 26 2 1999 -1 -1 0 -1 -1 -1 2 1999 -1 used
log_rec 27 2 2000 -1 -1 0 -1 -1 -1 2 2000 -1 used
log_rec 28 2 2001 -1 -1 0 -1 -1 -1 2 2001 -1 used
log_rec 29 2 2002 -1 -1 0 -1 -1 -1 2 2002 -1 used
log_rec 30 2 2003 -1 -1 0 -1 -1 -1 2 2003 -1 used
log_rec 31 2 2004 -1 -1 0 -1 -1 -1 2 2004 -1 used
log_rec 32 2 2005 -1 -1 0 -1 -1 -1 2 2005 -1 used
log_rec 33 2 2006 -1 -1 0 -1 -1 -1 2 2006 -1 used
log_rec 34 2 2007 -1 -1 0 -1 -1 -1 2 2007 -1 used
log_rec 35 2 2008 -1 -1 0 -1 -1 -1 2 2008 -1 used
log_rec 36 2 2009 -1 -1 0 -1 -1 -1 2 2009 -1 used
log_rec 37 2 2010 -1 -1 0 -1 -1 -1 2 2010 -1 used
log_rec 38 2 2011 -1 -1 0 -1 -1 -1 2 2011 -1 used
log_rec 39 2 2012 -1 -1 0 -1 -1 -1 2 2012 -1 used
log_rec 40 2 2013 -1 -1 0 -1 -1 -1 2 2013 -1 used
log_rec 41 2 2014 -1 -1 0 -1 -1 -1 2 2014 -1 used
log_rec 42 2 2015 -1 -1 0 -1 -1 -1 2 2015 -1 used
log_rec 43 2 2016 -1 -1 0 -1 -1 -1 2 2016 -1 used
log_rec 44 2 2017 -1 -1 0 -1 -1 -1 2 2017 -1 used
log_rec 45 2 2018 -1 -1 0 -1 -1 -1 2 2018 -1 used
log_rec 46 2 2019 -1 -1 0 -1 -1 -1 2 2019 -1 used
log_rec 47 2 2020 -1 -1 0 -1 -1 -1 2 2020 -1 used
log_rec 48 2 2021 -1 -1 0 -1 -1 -1 2 2021 -1 used
log_rec 49 3 1974 -1 -1 0 -1 -1 -1 3 1974 -1 used
log_rec 50 3 1975 -1 -1 0 -1 -1 -1 3 1975 -1 used
log_rec 51 3 1976 -1 -1 0 -1 -1 -1 3 1976 -1 used
log_rec 52 3 1977 -1 -1 0 -1 -1 -1 3 1977 -1 used
log_rec 53 3 1978 -1 -1 0 -1 -1 -1 3 1978 -1 used
log_rec 54 3 1979 -1 -1 0 -1 -1 -1 3 1979 -1 used
log_rec 55 3 1980 -1 -1 0 -1 -1 -1 3 1980 -1 used
log_rec 56 3 1981 -1 -1 0 -1 -1 -1 3 1981 -1 used
log_rec 57 3 1982 -1 -1 0 -1 -1 -1 3 1982 -1 used
log_rec 58 3 1983 -1 -1 0 -1 -1 -1 3 1983 -1 used
log_rec 59 3 1984 -1 -1 0 -1 -1 -1 3 1984 -1 used
log_rec 60 3 1985 -1 -1 0 -1 -1 -1 3 1985 -1 used
log_rec 61 3 1986 -1 -1 0 -1 -1 -1 3 1986 -1 used
log_rec 62 3 1987 -1 -1 0 -1 -1 -1 3 1987 -1 used
log_rec 63 3 1988 -1 -1 0 -1 -1 -1 3 1988 -1 used
log_rec 64 3 1989 -1 -1 0 -1 -1 -1 3 1989 -1 used
log_rec 65 3 1990 -1 -1 0 -1 -1 -1 3 1990 -1 used
log_rec 66 3 1991 -1 -1 0 -1 -1 -1 3 1991 -1 used
log_rec 67 3 1992 -1 -1 0 -1 -1 -1 3 1992 -1 used
log_rec 68 3 1993 -1 -1 0 -1 -1 -1 3 1993 -1 used
log_rec 69 3 1994 -1 -1 0 -1 -1 -1 3 1994 -1 used
log_rec 70 3 1995 -1 -1 0 -1 -1 -1 3 1995 -1 used
log_rec 71 3 1996 -1 -1 0 -1 -1 -1 3 1996 -1 used
log_rec 72 3 1997 -1 -1 0 -1 -1 -1 3 1997 -1 used
log_rec 73 3 1998 -1 -1 0 -1 -1 -1 3 1998 -1 used
log_rec 74 3 1999 -1 -1 0 -1 -1 -1 3 1999 -1 used
log_rec 75 3 2000 -1 -1 0 -1 -1 -1 3 2000 -1 used
log_rec 76 3 2001 -1 -1 0 -1 -1 -1 3 2001 -1 used
log_rec 77 3 2002 -1 -1 0 -1 -1 -1 3 2002 -1 used
log_rec 78 3 2003 -1 -1 0 -1 -1 -1 3 2003 -1 used
log_rec 79 3 2004 -1 -1 0 -1 -1 -1 3 2004 -1 used
log_rec 80 3 2005 -1 -1 0 -1 -1 -1 3 2005 -1 used
log_rec 81 3 2006 -1 -1 0 -1 -1 -1 3 2006 -1 used
log_rec 82 3 2007 -1 -1 0 -1 -1 -1 3 2007 -1 used
log_rec 83 3 2008 -1 -1 0 -1 -1 -1 3 2008 -1 used
log_rec 84 3 2009 -1 -1 0 -1 -1 -1 3 2009 -1 used
log_rec 85 3 2010 -1 -1 0 -1 -1 -1 3 2010 -1 used
log_rec 86 3 2011 -1 -1 0 -1 -1 -1 3 2011 -1 used
log_rec 87 3 2012 -1 -1 0 -1 -1 -1 3 2012 -1 used
log_rec 88 3 2013 -1 -1 0 -1 -1 -1 3 2013 -1 used
log_rec 89 3 2014 -1 -1 0 -1 -1 -1 3 2014 -1 used
log_rec 90 3 2015 -1 -1 0 -1 -1 -1 3 2015 -1 used
log_rec 91 3 2016 -1 -1 0 -1 -1 -1 3 2016 -1 used
log_rec 92 3 2017 -1 -1 0 -1 -1 -1 3 2017 -1 used
log_rec 93 3 2018 -1 -1 0 -1 -1 -1 3 2018 -1 used
log_rec 94 3 2019 -1 -1 0 -1 -1 -1 3 2019 -1 used
log_rec 95 3 2020 -1 -1 0 -1 -1 -1 3 2020 -1 used
log_rec 96 3 2021 -1 -1 0 -1 -1 -1 3 2021 -1 used
log_rec_older 97 2 1974 1 -1 1 -1 -1 -1 2 1 -1 used
log_rec_older 98 2 1974 1 -1 2 -1 -1 -1 2 2 -1 used
log_rec_older 99 2 1974 1 -1 3 -1 -1 -1 2 3 -1 used
log_rec_older 100 2 1974 1 -1 4 -1 -1 -1 2 4 -1 used
log_rec_older 101 2 1974 1 -1 5 -1 -1 -1 2 5 -1 used
log_rec_older 102 2 1974 1 -1 6 -1 -1 -1 2 6 -1 used
log_rec_older 103 2 1974 1 -1 7 -1 -1 -1 2 7 -1 used
log_rec_older 104 2 1974 1 -1 8 -1 -1 -1 2 8 -1 used
log_rec_older 105 3 1974 1 -1 1 -1 -1 -1 3 1 -1 used
log_rec_older 106 3 1974 1 -1 2 -1 -1 -1 3 2 -1 used
log_rec_older 107 3 1974 1 -1 3 -1 -1 -1 3 3 -1 used
log_rec_older 108 3 1974 1 -1 4 -1 -1 -1 3 4 -1 used
log_rec_older 109 3 1974 1 -1 5 -1 -1 -1 3 5 -1 used
log_rec_older 110 3 1974 1 -1 6 -1 -1 -1 3 6 -1 used
log_rec_older 111 3 1974 1 -1 7 -1 -1 -1 3 7 -1 used
F_y_ini 112 2 1975 -1 -1 -1 -1 -1 -1 2 1975 -1 used
F_y_ini 113 2 1976 -1 -1 -1 -1 -1 -1 2 1976 -1 used
F_y_ini 114 2 1977 -1 -1 -1 -1 -1 -1 2 1977 -1 used
F_y_ini 115 2 1978 -1 -1 -1 -1 -1 -1 2 1978 -1 used
F_y_ini 116 2 1979 -1 -1 -1 -1 -1 -1 2 1979 -1 used
F_y_ini 117 2 1980 -1 -1 -1 -1 -1 -1 2 1980 -1 used
F_y_ini 118 2 1981 -1 -1 -1 -1 -1 -1 2 1981 -1 used
F_y_ini 119 2 1982 -1 -1 -1 -1 -1 -1 2 1982 -1 used
F_y_ini 120 2 1983 -1 -1 -1 -1 -1 -1 2 1983 -1 used
F_y_ini 121 2 1984 -1 -1 -1 -1 -1 -1 2 1984 -1 used
F_y_ini 122 2 1985 -1 -1 -1 -1 -1 -1 2 1985 -1 used
F_y_ini 123 2 1986 -1 -1 -1 -1 -1 -1 2 1986 -1 used
F_y_ini 124 2 1987 -1 -1 -1 -1 -1 -1 2 1987 -1 used
F_y_ini 125 2 1988 -1 -1 -1 -1 -1 -1 2 1988 -1 used
F_y_ini 126 2 1989 -1 -1 -1 -1 -1 -1 2 1989 -1 not_used
F_y_ini 127 2 1990 -1 -1 -1 -1 -1 -1 2 1990 -1 used
F_y_ini 128 2 1991 -1 -1 -1 -1 -1 -1 2 1991 -1 used
F_y_ini 129 2 1992 -1 -1 -1 -1 -1 -1 2 1992 -1 used
F_y_ini 130 2 1993 -1 -1 -1 -1 -1 -1 2 1993 -1 used
F_y_ini 131 2 1994 -1 -1 -1 -1 -1 -1 2 1994 -1 used
F_y_ini 132 2 1995 -1 -1 -1 -1 -1 -1 2 1995 -1 used
F_y_ini 133 2 1996 -1 -1 -1 -1 -1 -1 2 1996 -1 used
F_y_ini 134 2 1997 -1 -1 -1 -1 -1 -1 2 1997 -1 used
F_y_ini 135 2 1998 -1 -1 -1 -1 -1 -1 2 1998 -1 used
F_y_ini 136 2 1999 -1 -1 -1 -1 -1 -1 2 1999 -1 used
F_y_ini 137 2 2000 -1 -1 -1 -1 -1 -1 2 2000 -1 used
F_y_ini 138 2 2001 -1 -1 -1 -1 -1 -1 2 2001 -1 used
F_y_ini 139 2 2002 -1 -1 -1 -1 -1 -1 2 2002 -1 used
F_y_ini 140 2 2003 -1 -1 -1 -1 -1 -1 2 2003 -1 used
F_y_ini 141 2 2004 -1 -1 -1 -1 -1 -1 2 2004 -1 used
F_y_ini 142 2 2005 -1 -1 -1 -1 -1 -1 2 2005 -1 not_used
F_y_ini 143 2 2006 -1 -1 -1 -1 -1 -1 2 2006 -1 used
F_y_ini 144 2 2007 -1 -1 -1 -1 -1 -1 2 2007 -1 used
F_y_ini 145 2 2008 -1 -1 -1 -1 -1 -1 2 2008 -1 used
F_y_ini 146 2 2009 -1 -1 -1 -1 -1 -1 2 2009 -1 used
F_y_ini 147 2 2010 -1 -1 -1 -1 -1 -1 2 2010 -1 used
F_y_ini 148 2 2011 -1 -1 -1 -1 -1 -1 2 2011 -1 used
F_y_ini 149 2 2012 -1 -1 -1 -1 -1 -1 2 2012 -1 used
F_y_ini 150 2 2013 -1 -1 -1 -1 -1 -1 2 2013 -1 used
F_y_ini 151 2 2014 -1 -1 -1 -1 -1 -1 2 2014 -1 used
F_y_ini 152 2 2015 -1 -1 -1 -1 -1 -1 2 2015 -1 used
F_y_ini 153 2 2016 -1 -1 -1 -1 -1 -1 2 2016 -1 used
F_y_ini 154 2 2017 -1 -1 -1 -1 -1 -1 2 2017 -1 used
F_y_ini 155 2 2018 -1 -1 -1 -1 -1 -1 2 2018 -1 used
F_y_ini 156 2 2019 -1 -1 -1 -1 -1 -1 2 2019 -1 used
F_y_ini 157 2 2020 -1 -1 -1 -1 -1 -1 2 2020 -1 used
F_y_ini 158 2 2021 -1 -1 -1 -1 -1 -1 2 2021 -1 used
F_y_ini 159 3 1975 -1 -1 -1 -1 -1 -1 3 1975 -1 used
F_y_ini 160 3 1976 -1 -1 -1 -1 -1 -1 3 1976 -1 used
F_y_ini 161 3 1977 -1 -1 -1 -1 -1 -1 3 1977 -1 used
F_y_ini 162 3 1978 -1 -1 -1 -1 -1 -1 3 1978 -1 used
F_y_ini 163 3 1979 -1 -1 -1 -1 -1 -1 3 1979 -1 used
F_y_ini 164 3 1980 -1 -1 -1 -1 -1 -1 3 1980 -1 used
F_y_ini 165 3 1981 -1 -1 -1 -1 -1 -1 3 1981 -1 used
F_y_ini 166 3 1982 -1 -1 -1 -1 -1 -1 3 1982 -1 used
F_y_ini 167 3 1983 -1 -1 -1 -1 -1 -1 3 1983 -1 used
F_y_ini 168 3 1984 -1 -1 -1 -1 -1 -1 3 1984 -1 used
F_y_ini 169 3 1985 -1 -1 -1 -1 -1 -1 3 1985 -1 used
F_y_ini 170 3 1986 -1 -1 -1 -1 -1 -1 3 1986 -1 used
F_y_ini 171 3 1987 -1 -1 -1 -1 -1 -1 3 1987 -1 used
F_y_ini 172 3 1988 -1 -1 -1 -1 -1 -1 3 1988 -1 used
F_y_ini 173 3 1989 -1 -1 -1 -1 -1 -1 3 1989 -1 used
F_y_ini 174 3 1990 -1 -1 -1 -1 -1 -1 3 1990 -1 used
F_y_ini 175 3 1991 -1 -1 -1 -1 -1 -1 3 1991 -1 used
F_y_ini 176 3 1992 -1 -1 -1 -1 -1 -1 3 1992 -1 used
F_y_ini 177 3 1993 -1 -1 -1 -1 -1 -1 3 1993 -1 used
F_y_ini 178 3 1994 -1 -1 -1 -1 -1 -1 3 1994 -1 used
F_y_ini 179 3 1995 -1 -1 -1 -1 -1 -1 3 1995 -1 used
F_y_ini 180 3 1996 -1 -1 -1 -1 -1 -1 3 1996 -1 used
F_y_ini 181 3 1997 -1 -1 -1 -1 -1 -1 3 1997 -1 used
F_y_ini 182 3 1998 -1 -1 -1 -1 -1 -1 3 1998 -1 used
F_y_ini 183 3 1999 -1 -1 -1 -1 -1 -1 3 1999 -1 used
F_y_ini 184 3 2000 -1 -1 -1 -1 -1 -1 3 2000 -1 not_used
F_y_ini 185 3 2001 -1 -1 -1 -1 -1 -1 3 2001 -1 used
F_y_ini 186 3 2002 -1 -1 -1 -1 -1 -1 3 2002 -1 used
F_y_ini 187 3 2003 -1 -1 -1 -1 -1 -1 3 2003 -1 used
F_y_ini 188 3 2004 -1 -1 -1 -1 -1 -1 3 2004 -1 used
F_y_ini 189 3 2005 -1 -1 -1 -1 -1 -1 3 2005 -1 used
F_y_ini 190 3 2006 -1 -1 -1 -1 -1 -1 3 2006 -1 used
F_y_ini 191 3 2007 -1 -1 -1 -1 -1 -1 3 2007 -1 used
F_y_ini 192 3 2008 -1 -1 -1 -1 -1 -1 3 2008 -1 used
F_y_ini 193 3 2009 -1 -1 -1 -1 -1 -1 3 2009 -1 used
F_y_ini 194 3 2010 -1 -1 -1 -1 -1 -1 3 2010 -1 used
F_y_ini 195 3 2011 -1 -1 -1 -1 -1 -1 3 2011 -1 used
F_y_ini 196 3 2012 -1 -1 -1 -1 -1 -1 3 2012 -1 used
F_y_ini 197 3 2013 -1 -1 -1 -1 -1 -1 3 2013 -1 used
F_y_ini 198 3 2014 -1 -1 -1 -1 -1 -1 3 2014 -1 used
F_y_ini 199 3 2015 -1 -1 -1 -1 -1 -1 3 2015 -1 used
F_y_ini 200 3 2016 -1 -1 -1 -1 -1 -1 3 2016 -1 used
F_y_ini 201 3 2017 -1 -1 -1 -1 -1 -1 3 2017 -1 used
F_y_ini 202 3 2018 -1 -1 -1 -1 -1 -1 3 2018 -1 used
F_y_ini 203 3 2019 -1 -1 -1 -1 -1 -1 3 2019 -1 used
F_y_ini 204 3 2020 -1 -1 -1 -1 -1 -1 3 2020 -1 used
F_y_ini 205 3 2021 -1 -1 -1 -1 -1 -1 3 2021 -1 used
F_q_ini 206 2 1974 1 -1 1 -1 -1 -1 1 1 -1 used
F_q_ini 207 2 1974 2 -1 1 -1 -1 -1 1 2 -1 used
F_q_ini 208 2 1974 3 -1 1 -1 -1 -1 1 3 -1 used
F_q_ini 209 2 1989 1 -1 1 -1 -1 -1 2 1 -1 used
F_q_ini 210 2 1989 2 -1 1 -1 -1 -1 2 2 -1 used
F_q_ini 211 2 1989 3 -1 1 -1 -1 -1 2 3 -1 used
F_q_ini 212 2 2005 1 -1 1 -1 -1 -1 3 1 -1 used
F_q_ini 213 2 2005 2 -1 1 -1 -1 -1 3 2 -1 used
F_q_ini 214 2 2005 3 -1 1 -1 -1 -1 3 3 -1 used
F_q_ini 215 2 1974 1 -1 2 -1 -1 -1 4 1 -1 used
F_q_ini 216 2 1974 2 -1 2 -1 -1 -1 4 2 -1 used
F_q_ini 217 2 1974 3 -1 2 -1 -1 -1 4 3 -1 used
F_q_ini 218 2 1989 1 -1 2 -1 -1 -1 5 1 -1 used
F_q_ini 219 2 1989 2 -1 2 -1 -1 -1 5 2 -1 used
F_q_ini 220 2 1989 3 -1 2 -1 -1 -1 5 3 -1 used
F_q_ini 221 2 2005 1 -1 2 -1 -1 -1 6 1 -1 used
F_q_ini 222 2 2005 2 -1 2 -1 -1 -1 6 2 -1 used
F_q_ini 223 2 2005 3 -1 2 -1 -1 -1 6 3 -1 used
F_q_ini 224 2 1974 1 -1 3 -1 -1 -1 7 1 -1 used
F_q_ini 225 2 1974 2 -1 3 -1 -1 -1 7 2 -1 used
F_q_ini 226 2 1974 3 -1 3 -1 -1 -1 7 3 -1 used
F_q_ini 227 2 1989 1 -1 3 -1 -1 -1 8 1 -1 used
F_q_ini 228 2 1989 2 -1 3 -1 -1 -1 8 2 -1 used
F_q_ini 229 2 1989 3 -1 3 -1 -1 -1 8 3 -1 used
F_q_ini 230 2 2005 1 -1 3 -1 -1 -1 9 1 -1 used
F_q_ini 231 2 2005 2 -1 3 -1 -1 -1 9 2 -1 used
F_q_ini 232 2 2005 3 -1 3 -1 -1 -1 9 3 -1 used
F_q_ini 233 3 1974 1 -1 1 -1 -1 -1 10 1 -1 used
F_q_ini 234 3 1974 2 -1 1 -1 -1 -1 10 2 -1 used
F_q_ini 235 3 1974 3 -1 1 -1 -1 -1 10 3 -1 used
F_q_ini 236 3 2000 1 -1 1 -1 -1 -1 11 1 -1 used
F_q_ini 237 3 2000 2 -1 1 -1 -1 -1 11 2 -1 used
F_q_ini 238 3 2000 3 -1 1 -1 -1 -1 11 3 -1 used
F_q_ini 239 3 1974 1 -1 2 -1 -1 -1 12 1 -1 used
F_q_ini 240 3 1974 2 -1 2 -1 -1 -1 12 2 -1 used
F_q_ini 241 3 1974 3 -1 2 -1 -1 -1 12 3 -1 used
F_q_ini 242 3 2000 1 -1 2 -1 -1 -1 13 1 -1 used
F_q_ini 243 3 2000 2 -1 2 -1 -1 -1 13 2 -1 used
F_q_ini 244 3 2000 3 -1 2 -1 -1 -1 13 3 -1 used
log_F_a_ini 245 2 1974 -1 -1 1 -1 -1 -1 2 1 1 used
log_F_a_ini 246 2 1989 -1 -1 1 -1 -1 -1 2 1 2 used
log_F_a_ini 247 2 2005 -1 -1 1 -1 -1 -1 2 1 3 used
log_F_a_ini 248 2 1974 -1 -1 2 -1 -1 -1 2 2 1 used
log_F_a_ini 249 2 1989 -1 -1 2 -1 -1 -1 2 2 2 used
log_F_a_ini 250 2 2005 -1 -1 2 -1 -1 -1 2 2 3 used
log_F_a_ini 251 2 1974 -1 -1 3 -1 -1 -1 2 3 1 used
log_F_a_ini 252 2 1989 -1 -1 3 -1 -1 -1 2 3 2 used
log_F_a_ini 253 2 2005 -1 -1 3 -1 -1 -1 2 3 3 used
log_F_a_ini 254 2 1974 -1 -1 4 -1 -1 -1 2 4 1 used
log_F_a_ini 255 2 1989 -1 -1 4 -1 -1 -1 2 4 2 used
log_F_a_ini 256 2 2005 -1 -1 4 -1 -1 -1 2 4 3 used
log_F_a_ini 257 2 1974 -1 -1 5 -1 -1 -1 2 5 1 used
log_F_a_ini 258 2 1989 -1 -1 5 -1 -1 -1 2 5 2 used
log_F_a_ini 259 2 2005 -1 -1 5 -1 -1 -1 2 5 3 used
log_F_a_ini 260 3 1974 -1 -1 1 -1 -1 -1 3 1 1 used
log_F_a_ini 261 3 2000 -1 -1 1 -1 -1 -1 3 1 2 used
log_F_a_ini 262 3 1974 -1 -1 2 -1 -1 -1 3 2 1 used
log_F_a_ini 263 3 2000 -1 -1 2 -1 -1 -1 3 2 2 used
log_F_a_ini 264 3 1974 -1 -1 3 -1 -1 -1 3 3 1 used
log_F_a_ini 265 3 2000 -1 -1 3 -1 -1 -1 3 3 2 used
log_F_a_ini 266 3 1974 -1 -1 4 -1 -1 -1 3 4 1 used
log_F_a_ini 267 3 2000 -1 -1 4 -1 -1 -1 3 4 2 used
qq_ini 268 2 -1 -1 -1 1 -1 -1 1 1 1 -1 used
qq_ini 269 2 -1 -1 -1 2 -1 -1 1 1 2 -1 used
qq_ini 270 2 -1 -1 -1 3 -1 -1 1 1 3 -1 used
qq_ini 271 2 -1 -1 -1 4 -1 -1 1 1 4 -1 used
qq_ini 272 2 -1 -1 -1 1 -1 -1 2 2 1 -1 used
qq_ini 273 2 -1 -1 -1 2 -1 -1 2 2 2 -1 used
qq_ini 274 2 -1 -1 -1 3 -1 -1 2 2 3 -1 used
qq_ini 275 2 -1 -1 -1 4 -1 -1 2 2 4 -1 used
qq_ini 276 3 -1 -1 -1 1 -1 -1 1 3 1 -1 used
qq_ini 277 3 -1 -1 -1 2 -1 -1 1 3 2 -1 used
qq_ini 278 3 -1 -1 -1 3 -1 -1 1 3 3 -1 used
qq_ini 279 3 -1 -1 -1 4 -1 -1 1 3 4 -1 used
qq_ini 280 3 -1 -1 -1 1 -1 -1 2 4 1 -1 used
qq_ini 281 3 -1 -1 -1 2 -1 -1 2 4 2 -1 used
qq_ini 282 3 -1 -1 -1 3 -1 -1 2 4 3 -1 used
qq_ini 283 3 -1 -1 -1 4 -1 -1 2 4 4 -1 used
qq_ini 284 3 -1 -1 -1 1 -1 -1 3 5 1 -1 used
qq_s2_ini 285 2 -1 -1 -1 1 -1 -1 1 1 1 -1 used
qq_s2_ini 286 2 -1 -1 -1 4 -1 -1 1 1 2 -1 used
qq_s2_ini 287 2 -1 -1 -1 1 -1 -1 2 2 1 -1 used
qq_s2_ini 288 2 -1 -1 -1 2 -1 -1 2 2 2 -1 used
qq_s2_ini 289 2 -1 -1 -1 6 -1 -1 2 2 3 -1 used
qq_s2_ini 290 3 -1 -1 -1 1 -1 -1 1 3 1 -1 used
qq_s2_ini 291 3 -1 -1 -1 2 -1 -1 1 3 2 -1 used
qq_s2_ini 292 3 -1 -1 -1 4 -1 -1 1 3 3 -1 used
qq_s2_ini 293 3 -1 -1 -1 1 -1 -1 2 4 1 -1 used
qq_s2_ini 294 3 -1 -1 -1 2 -1 -1 2 4 2 -1 used
qq_s2_ini 295 3 -1 -1 -1 4 -1 -1 2 4 3 -1 used
qq_s2_ini 296 3 -1 -1 -1 1 -1 -1 3 5 1 -1 used
SSB_R_alfa 297 2 -1 -1 -1 -1 -1 -1 -1 2 -1 -1 used
SSB_R_alfa 298 3 -1 -1 -1 -1 -1 -1 -1 3 -1 -1 used
catch_s2_ini 299 2 -1 1 -1 1 -1 -1 -1 2 1 1 used
catch_s2_ini 300 2 -1 1 -1 2 -1 -1 -1 2 1 2 used
catch_s2_ini 301 3 -1 1 -1 1 -1 -1 -1 3 1 1 used
catch_s2_ini 302 3 -1 1 -1 2 -1 -1 -1 3 1 2 used
catch_s2_ini 303 3 -1 1 -1 3 -1 -1 -1 3 1 3 used
catch_s2_ini 304 3 -1 1 -1 6 -1 -1 -1 3 1 4 used
catch_s2_ini 305 3 -1 2 -1 1 -1 -1 -1 3 2 1 used
catch_s2_ini 306 3 -1 2 -1 2 -1 -1 -1 3 2 2 used
catch_s2_ini 307 3 -1 2 -1 3 -1 -1 -1 3 2 3 used
catch_s2_ini 308 3 -1 2 -1 6 -1 -1 -1 3 2 4 used
catch_s2_ini 309 3 -1 3 -1 1 -1 -1 -1 3 3 1 used
catch_s2_ini 310 3 -1 3 -1 2 -1 -1 -1 3 3 2 used
catch_s2_ini 311 3 -1 3 -1 3 -1 -1 -1 3 3 3 used
catch_s2_ini 312 3 -1 3 -1 6 -1 -1 -1 3 3 4 used
catch_s2_ini 313 3 -1 4 -1 1 -1 -1 -1 3 4 1 used
catch_s2_ini 314 3 -1 4 -1 2 -1 -1 -1 3 4 2 used
catch_s2_ini 315 3 -1 4 -1 3 -1 -1 -1 3 4 3 used
catch_s2_ini 316 3 -1 4 -1 6 -1 -1 -1 3 4 4 used
SSB_R_s2_ini 317 2 -1 -1 -1 -1 -1 -1 -1 2 -1 -1 used
SSB_R_s2_ini 318 3 -1 -1 -1 -1 -1 -1 -1 3 -1 -1 used
vulnera 319 -1 -1 -1 1 -1 1 2 -1 2 -1 -1 used
vulnera 320 -1 -1 -1 1 -1 1 3 -1 3 -1 -1 used
init_stl_other_suit_slope 321 -1 -1 -1 -1 -1 1 -1 -1 1 -1 -1 used
init_pref_size_ratio 322 -1 -1 -1 -1 -1 1 -1 -1 1 -1 -1 used
var_size_ratio_ini 323 -1 -1 -1 -1 -1 1 -1 -1 1 -1 -1  used
init_season_overlap 324 -1 -1 -1 -1 -1 -1 -1 -1 1 -1 -1 used
init_season_overlap 325 -1 -1 -1 -1 -1 -1 -1 -1 2 -1 -1 used
init_season_overlap 326 -1 -1 -1 -1 -1 -1 -1 -1 3 -1 -1 used
init_season_overlap 327 -1 -1 -1 -1 -1 -1 -1 -1 4 -1 -1 used
init_season_overlap 328 -1 -1 -1 -1 -1 -1 -1 -1 5 -1 -1 used
Stom_var 329 -1 -1 -1 -1 -1 1 -1  -1 1 -1 -1 used
other_pred_noise_fac 330 -1 -1 -1 -1 0 1 -1  -1 1 -1 -1 used
other_pred_noise_fac_s2 331 -1 -1 -1 -1 0 1 -1  -1 1 -1 -1 used
avg_F 332 2 1974 -1 -1 -1 -1 -1 -1 2 1974 -1 used
avg_F 333 2 1975 -1 -1 -1 -1 -1 -1 2 1975 -1 used
avg_F 334 2 1976 -1 -1 -1 -1 -1 -1 2 1976 -1 used
avg_F 335 2 1977 -1 -1 -1 -1 -1 -1 2 1977 -1 used
avg_F 336 2 1978 -1 -1 -1 -1 -1 -1 2 1978 -1 used
avg_F 337 2 1979 -1 -1 -1 -1 -1 -1 2 1979 -1 used
avg_F 338 2 1980 -1 -1 -1 -1 -1 -1 2 1980 -1 used
avg_F 339 2 1981 -1 -1 -1 -1 -1 -1 2 1981 -1 used
avg_F 340 2 1982 -1 -1 -1 -1 -1 -1 2 1982 -1 used
avg_F 341 2 1983 -1 -1 -1 -1 -1 -1 2 1983 -1 used
avg_F 342 2 1984 -1 -1 -1 -1 -1 -1 2 1984 -1 used
avg_F 343 2 1985 -1 -1 -1 -1 -1 -1 2 1985 -1 used
avg_F 344 2 1986 -1 -1 -1 -1 -1 -1 2 1986 -1 used
avg_F 345 2 1987 -1 -1 -1 -1 -1 -1 2 1987 -1 used
avg_F 346 2 1988 -1 -1 -1 -1 -1 -1 2 1988 -1 used
avg_F 347 2 1989 -1 -1 -1 -1 -1 -1 2 1989 -1 used
avg_F 348 2 1990 -1 -1 -1 -1 -1 -1 2 1990 -1 used
avg_F 349 2 1991 -1 -1 -1 -1 -1 -1 2 1991 -1 used
avg_F 350 2 1992 -1 -1 -1 -1 -1 -1 2 1992 -1 used
avg_F 351 2 1993 -1 -1 -1 -1 -1 -1 2 1993 -1 used
avg_F 352 2 1994 -1 -1 -1 -1 -1 -1 2 1994 -1 used
avg_F 353 2 1995 -1 -1 -1 -1 -1 -1 2 1995 -1 used
avg_F 354 2 1996 -1 -1 -1 -1 -1 -1 2 1996 -1 used
avg_F 355 2 1997 -1 -1 -1 -1 -1 -1 2 1997 -1 used
avg_F 356 2 1998 -1 -1 -1 -1 -1 -1 2 1998 -1 used
avg_F 357 2 1999 -1 -1 -1 -1 -1 -1 2 1999 -1 used
avg_F 358 2 2000 -1 -1 -1 -1 -1 -1 2 2000 -1 used
avg_F 359 2 2001 -1 -1 -1 -1 -1 -1 2 2001 -1 used
avg_F 360 2 2002 -1 -1 -1 -1 -1 -1 2 2002 -1 used
avg_F 361 2 2003 -1 -1 -1 -1 -1 -1 2 2003 -1 used
avg_F 362 2 2004 -1 -1 -1 -1 -1 -1 2 2004 -1 used
avg_F 363 2 2005 -1 -1 -1 -1 -1 -1 2 2005 -1 used
avg_F 364 2 2006 -1 -1 -1 -1 -1 -1 2 2006 -1 used
avg_F 365 2 2007 -1 -1 -1 -1 -1 -1 2 2007 -1 used
avg_F 366 2 2008 -1 -1 -1 -1 -1 -1 2 2008 -1 used
avg_F 367 2 2009 -1 -1 -1 -1 -1 -1 2 2009 -1 used
avg_F 368 2 2010 -1 -1 -1 -1 -1 -1 2 2010 -1 used
avg_F 369 2 2011 -1 -1 -1 -1 -1 -1 2 2011 -1 used
avg_F 370 2 2012 -1 -1 -1 -1 -1 -1 2 2012 -1 used
avg_F 371 2 2013 -1 -1 -1 -1 -1 -1 2 2013 -1 used
avg_F 372 2 2014 -1 -1 -1 -1 -1 -1 2 2014 -1 used
avg_F 373 2 2015 -1 -1 -1 -1 -1 -1 2 2015 -1 used
avg_F 374 2 2016 -1 -1 -1 -1 -1 -1 2 2016 -1 used
avg_F 375 2 2017 -1 -1 -1 -1 -1 -1 2 2017 -1 used
avg_F 376 2 2018 -1 -1 -1 -1 -1 -1 2 2018 -1 used
avg_F 377 2 2019 -1 -1 -1 -1 -1 -1 2 2019 -1 used
avg_F 378 2 2020 -1 -1 -1 -1 -1 -1 2 2020 -1 used
avg_F 379 2 2021 -1 -1 -1 -1 -1 -1 2 2021 -1 used
avg_F 380 3 1974 -1 -1 -1 -1 -1 -1 3 1974 -1 used
avg_F 381 3 1975 -1 -1 -1 -1 -1 -1 3 1975 -1 used
avg_F 382 3 1976 -1 -1 -1 -1 -1 -1 3 1976 -1 used
avg_F 383 3 1977 -1 -1 -1 -1 -1 -1 3 1977 -1 used
avg_F 384 3 1978 -1 -1 -1 -1 -1 -1 3 1978 -1 used
avg_F 385 3 1979 -1 -1 -1 -1 -1 -1 3 1979 -1 used
avg_F 386 3 1980 -1 -1 -1 -1 -1 -1 3 1980 -1 used
avg_F 387 3 1981 -1 -1 -1 -1 -1 -1 3 1981 -1 used
avg_F 388 3 1982 -1 -1 -1 -1 -1 -1 3 1982 -1 used
avg_F 389 3 1983 -1 -1 -1 -1 -1 -1 3 1983 -1 used
avg_F 390 3 1984 -1 -1 -1 -1 -1 -1 3 1984 -1 used
avg_F 391 3 1985 -1 -1 -1 -1 -1 -1 3 1985 -1 used
avg_F 392 3 1986 -1 -1 -1 -1 -1 -1 3 1986 -1 used
avg_F 393 3 1987 -1 -1 -1 -1 -1 -1 3 1987 -1 used
avg_F 394 3 1988 -1 -1 -1 -1 -1 -1 3 1988 -1 used
avg_F 395 3 1989 -1 -1 -1 -1 -1 -1 3 1989 -1 used
avg_F 396 3 1990 -1 -1 -1 -1 -1 -1 3 1990 -1 used
avg_F 397 3 1991 -1 -1 -1 -1 -1 -1 3 1991 -1 used
avg_F 398 3 1992 -1 -1 -1 -1 -1 -1 3 1992 -1 used
avg_F 399 3 1993 -1 -1 -1 -1 -1 -1 3 1993 -1 used
avg_F 400 3 1994 -1 -1 -1 -1 -1 -1 3 1994 -1 used
avg_F 401 3 1995 -1 -1 -1 -1 -1 -1 3 1995 -1 used
avg_F 402 3 1996 -1 -1 -1 -1 -1 -1 3 1996 -1 used
avg_F 403 3 1997 -1 -1 -1 -1 -1 -1 3 1997 -1 used
avg_F 404 3 1998 -1 -1 -1 -1 -1 -1 3 1998 -1 used
avg_F 405 3 1999 -1 -1 -1 -1 -1 -1 3 1999 -1 used
avg_F 406 3 2000 -1 -1 -1 -1 -1 -1 3 2000 -1 used
avg_F 407 3 2001 -1 -1 -1 -1 -1 -1 3 2001 -1 used
avg_F 408 3 2002 -1 -1 -1 -1 -1 -1 3 2002 -1 used
avg_F 409 3 2003 -1 -1 -1 -1 -1 -1 3 2003 -1 used
avg_F 410 3 2004 -1 -1 -1 -1 -1 -1 3 2004 -1 used
avg_F 411 3 2005 -1 -1 -1 -1 -1 -1 3 2005 -1 used
avg_F 412 3 2006 -1 -1 -1 -1 -1 -1 3 2006 -1 used
avg_F 413 3 2007 -1 -1 -1 -1 -1 -1 3 2007 -1 used
avg_F 414 3 2008 -1 -1 -1 -1 -1 -1 3 2008 -1 used
avg_F 415 3 2009 -1 -1 -1 -1 -1 -1 3 2009 -1 used
avg_F 416 3 2010 -1 -1 -1 -1 -1 -1 3 2010 -1 used
avg_F 417 3 2011 -1 -1 -1 -1 -1 -1 3 2011 -1 used
avg_F 418 3 2012 -1 -1 -1 -1 -1 -1 3 2012 -1 used
avg_F 419 3 2013 -1 -1 -1 -1 -1 -1 3 2013 -1 used
avg_F 420 3 2014 -1 -1 -1 -1 -1 -1 3 2014 -1 used
avg_F 421 3 2015 -1 -1 -1 -1 -1 -1 3 2015 -1 used
avg_F 422 3 2016 -1 -1 -1 -1 -1 -1 3 2016 -1 used
avg_F 423 3 2017 -1 -1 -1 -1 -1 -1 3 2017 -1 used
avg_F 424 3 2018 -1 -1 -1 -1 -1 -1 3 2018 -1 used
avg_F 425 3 2019 -1 -1 -1 -1 -1 -1 3 2019 -1 used
avg_F 426 3 2020 -1 -1 -1 -1 -1 -1 3 2020 -1 used
avg_F 427 3 2021 -1 -1 -1 -1 -1 -1 3 2021 -1 used
hist_SSB 428 2 1974 -1 -1 -1 -1 -1 -1 2 1974 -1 used
hist_SSB 429 2 1975 -1 -1 -1 -1 -1 -1 2 1975 -1 used
hist_SSB 430 2 1976 -1 -1 -1 -1 -1 -1 2 1976 -1 used
hist_SSB 431 2 1977 -1 -1 -1 -1 -1 -1 2 1977 -1 used
hist_SSB 432 2 1978 -1 -1 -1 -1 -1 -1 2 1978 -1 used
hist_SSB 433 2 1979 -1 -1 -1 -1 -1 -1 2 1979 -1 used
hist_SSB 434 2 1980 -1 -1 -1 -1 -1 -1 2 1980 -1 used
hist_SSB 435 2 1981 -1 -1 -1 -1 -1 -1 2 1981 -1 used
hist_SSB 436 2 1982 -1 -1 -1 -1 -1 -1 2 1982 -1 used
hist_SSB 437 2 1983 -1 -1 -1 -1 -1 -1 2 1983 -1 used
hist_SSB 438 2 1984 -1 -1 -1 -1 -1 -1 2 1984 -1 used
hist_SSB 439 2 1985 -1 -1 -1 -1 -1 -1 2 1985 -1 used
hist_SSB 440 2 1986 -1 -1 -1 -1 -1 -1 2 1986 -1 used
hist_SSB 441 2 1987 -1 -1 -1 -1 -1 -1 2 1987 -1 used
hist_SSB 442 2 1988 -1 -1 -1 -1 -1 -1 2 1988 -1 used
hist_SSB 443 2 1989 -1 -1 -1 -1 -1 -1 2 1989 -1 used
hist_SSB 444 2 1990 -1 -1 -1 -1 -1 -1 2 1990 -1 used
hist_SSB 445 2 1991 -1 -1 -1 -1 -1 -1 2 1991 -1 used
hist_SSB 446 2 1992 -1 -1 -1 -1 -1 -1 2 1992 -1 used
hist_SSB 447 2 1993 -1 -1 -1 -1 -1 -1 2 1993 -1 used
hist_SSB 448 2 1994 -1 -1 -1 -1 -1 -1 2 1994 -1 used
hist_SSB 449 2 1995 -1 -1 -1 -1 -1 -1 2 1995 -1 used
hist_SSB 450 2 1996 -1 -1 -1 -1 -1 -1 2 1996 -1 used
hist_SSB 451 2 1997 -1 -1 -1 -1 -1 -1 2 1997 -1 used
hist_SSB 452 2 1998 -1 -1 -1 -1 -1 -1 2 1998 -1 used
hist_SSB 453 2 1999 -1 -1 -1 -1 -1 -1 2 1999 -1 used
hist_SSB 454 2 2000 -1 -1 -1 -1 -1 -1 2 2000 -1 used
hist_SSB 455 2 2001 -1 -1 -1 -1 -1 -1 2 2001 -1 used
hist_SSB 456 2 2002 -1 -1 -1 -1 -1 -1 2 2002 -1 used
hist_SSB 457 2 2003 -1 -1 -1 -1 -1 -1 2 2003 -1 used
hist_SSB 458 2 2004 -1 -1 -1 -1 -1 -1 2 2004 -1 used
hist_SSB 459 2 2005 -1 -1 -1 -1 -1 -1 2 2005 -1 used
hist_SSB 460 2 2006 -1 -1 -1 -1 -1 -1 2 2006 -1 used
hist_SSB 461 2 2007 -1 -1 -1 -1 -1 -1 2 2007 -1 used
hist_SSB 462 2 2008 -1 -1 -1 -1 -1 -1 2 2008 -1 used
hist_SSB 463 2 2009 -1 -1 -1 -1 -1 -1 2 2009 -1 used
hist_SSB 464 2 2010 -1 -1 -1 -1 -1 -1 2 2010 -1 used
hist_SSB 465 2 2011 -1 -1 -1 -1 -1 -1 2 2011 -1 used
hist_SSB 466 2 2012 -1 -1 -1 -1 -1 -1 2 2012 -1 used
hist_SSB 467 2 2013 -1 -1 -1 -1 -1 -1 2 2013 -1 used
hist_SSB 468 2 2014 -1 -1 -1 -1 -1 -1 2 2014 -1 used
hist_SSB 469 2 2015 -1 -1 -1 -1 -1 -1 2 2015 -1 used
hist_SSB 470 2 2016 -1 -1 -1 -1 -1 -1 2 2016 -1 used
hist_SSB 471 2 2017 -1 -1 -1 -1 -1 -1 2 2017 -1 used
hist_SSB 472 2 2018 -1 -1 -1 -1 -1 -1 2 2018 -1 used
hist_SSB 473 2 2019 -1 -1 -1 -1 -1 -1 2 2019 -1 used
hist_SSB 474 2 2020 -1 -1 -1 -1 -1 -1 2 2020 -1 used
hist_SSB 475 2 2021 -1 -1 -1 -1 -1 -1 2 2021 -1 used
hist_SSB 476 3 1974 -1 -1 -1 -1 -1 -1 3 1974 -1 used
hist_SSB 477 3 1975 -1 -1 -1 -1 -1 -1 3 1975 -1 used
hist_SSB 478 3 1976 -1 -1 -1 -1 -1 -1 3 1976 -1 used
hist_SSB 479 3 1977 -1 -1 -1 -1 -1 -1 3 1977 -1 used
hist_SSB 480 3 1978 -1 -1 -1 -1 -1 -1 3 1978 -1 used
hist_SSB 481 3 1979 -1 -1 -1 -1 -1 -1 3 1979 -1 used
hist_SSB 482 3 1980 -1 -1 -1 -1 -1 -1 3 1980 -1 used
hist_SSB 483 3 1981 -1 -1 -1 -1 -1 -1 3 1981 -1 used
hist_SSB 484 3 1982 -1 -1 -1 -1 -1 -1 3 1982 -1 used
hist_SSB 485 3 1983 -1 -1 -1 -1 -1 -1 3 1983 -1 used
hist_SSB 486 3 1984 -1 -1 -1 -1 -1 -1 3 1984 -1 used
hist_SSB 487 3 1985 -1 -1 -1 -1 -1 -1 3 1985 -1 used
hist_SSB 488 3 1986 -1 -1 -1 -1 -1 -1 3 1986 -1 used
hist_SSB 489 3 1987 -1 -1 -1 -1 -1 -1 3 1987 -1 used
hist_SSB 490 3 1988 -1 -1 -1 -1 -1 -1 3 1988 -1 used
hist_SSB 491 3 1989 -1 -1 -1 -1 -1 -1 3 1989 -1 used
hist_SSB 492 3 1990 -1 -1 -1 -1 -1 -1 3 1990 -1 used
hist_SSB 493 3 1991 -1 -1 -1 -1 -1 -1 3 1991 -1 used
hist_SSB 494 3 1992 -1 -1 -1 -1 -1 -1 3 1992 -1 used
hist_SSB 495 3 1993 -1 -1 -1 -1 -1 -1 3 1993 -1 used
hist_SSB 496 3 1994 -1 -1 -1 -1 -1 -1 3 1994 -1 used
hist_SSB 497 3 1995 -1 -1 -1 -1 -1 -1 3 1995 -1 used
hist_SSB 498 3 1996 -1 -1 -1 -1 -1 -1 3 1996 -1 used
hist_SSB 499 3 1997 -1 -1 -1 -1 -1 -1 3 1997 -1 used
hist_SSB 500 3 1998 -1 -1 -1 -1 -1 -1 3 1998 -1 used
hist_SSB 501 3 1999 -1 -1 -1 -1 -1 -1 3 1999 -1 used
hist_SSB 502 3 2000 -1 -1 -1 -1 -1 -1 3 2000 -1 used
hist_SSB 503 3 2001 -1 -1 -1 -1 -1 -1 3 2001 -1 used
hist_SSB 504 3 2002 -1 -1 -1 -1 -1 -1 3 2002 -1 used
hist_SSB 505 3 2003 -1 -1 -1 -1 -1 -1 3 2003 -1 used
hist_SSB 506 3 2004 -1 -1 -1 -1 -1 -1 3 2004 -1 used
hist_SSB 507 3 2005 -1 -1 -1 -1 -1 -1 3 2005 -1 used
hist_SSB 508 3 2006 -1 -1 -1 -1 -1 -1 3 2006 -1 used
hist_SSB 509 3 2007 -1 -1 -1 -1 -1 -1 3 2007 -1 used
hist_SSB 510 3 2008 -1 -1 -1 -1 -1 -1 3 2008 -1 used
hist_SSB 511 3 2009 -1 -1 -1 -1 -1 -1 3 2009 -1 used
hist_SSB 512 3 2010 -1 -1 -1 -1 -1 -1 3 2010 -1 used
hist_SSB 513 3 2011 -1 -1 -1 -1 -1 -1 3 2011 -1 used
hist_SSB 514 3 2012 -1 -1 -1 -1 -1 -1 3 2012 -1 used
hist_SSB 515 3 2013 -1 -1 -1 -1 -1 -1 3 2013 -1 used
hist_SSB 516 3 2014 -1 -1 -1 -1 -1 -1 3 2014 -1 used
hist_SSB 517 3 2015 -1 -1 -1 -1 -1 -1 3 2015 -1 used
hist_SSB 518 3 2016 -1 -1 -1 -1 -1 -1 3 2016 -1 used
hist_SSB 519 3 2017 -1 -1 -1 -1 -1 -1 3 2017 -1 used
hist_SSB 520 3 2018 -1 -1 -1 -1 -1 -1 3 2018 -1 used
hist_SSB 521 3 2019 -1 -1 -1 -1 -1 -1 3 2019 -1 used
hist_SSB 522 3 2020 -1 -1 -1 -1 -1 -1 3 2020 -1 used
hist_SSB 523 3 2021 -1 -1 -1 -1 -1 -1 3 2021 -1 used
M2_sd0 524 2 1974 -1 -1 0 -1 -1 -1 2 1974 -1 used
M2_sd0 525 2 1975 -1 -1 0 -1 -1 -1 2 1975 -1 used
M2_sd0 526 2 1976 -1 -1 0 -1 -1 -1 2 1976 -1 used
M2_sd0 527 2 1977 -1 -1 0 -1 -1 -1 2 1977 -1 used
M2_sd0 528 2 1978 -1 -1 0 -1 -1 -1 2 1978 -1 used
M2_sd0 529 2 1979 -1 -1 0 -1 -1 -1 2 1979 -1 used
M2_sd0 530 2 1980 -1 -1 0 -1 -1 -1 2 1980 -1 used
M2_sd0 531 2 1981 -1 -1 0 -1 -1 -1 2 1981 -1 used
M2_sd0 532 2 1982 -1 -1 0 -1 -1 -1 2 1982 -1 used
M2_sd0 533 2 1983 -1 -1 0 -1 -1 -1 2 1983 -1 used
M2_sd0 534 2 1984 -1 -1 0 -1 -1 -1 2 1984 -1 used
M2_sd0 535 2 1985 -1 -1 0 -1 -1 -1 2 1985 -1 used
M2_sd0 536 2 1986 -1 -1 0 -1 -1 -1 2 1986 -1 used
M2_sd0 537 2 1987 -1 -1 0 -1 -1 -1 2 1987 -1 used
M2_sd0 538 2 1988 -1 -1 0 -1 -1 -1 2 1988 -1 used
M2_sd0 539 2 1989 -1 -1 0 -1 -1 -1 2 1989 -1 used
M2_sd0 540 2 1990 -1 -1 0 -1 -1 -1 2 1990 -1 used
M2_sd0 541 2 1991 -1 -1 0 -1 -1 -1 2 1991 -1 used
M2_sd0 542 2 1992 -1 -1 0 -1 -1 -1 2 1992 -1 used
M2_sd0 543 2 1993 -1 -1 0 -1 -1 -1 2 1993 -1 used
M2_sd0 544 2 1994 -1 -1 0 -1 -1 -1 2 1994 -1 used
M2_sd0 545 2 1995 -1 -1 0 -1 -1 -1 2 1995 -1 used
M2_sd0 546 2 1996 -1 -1 0 -1 -1 -1 2 1996 -1 used
M2_sd0 547 2 1997 -1 -1 0 -1 -1 -1 2 1997 -1 used
M2_sd0 548 2 1998 -1 -1 0 -1 -1 -1 2 1998 -1 used
M2_sd0 549 2 1999 -1 -1 0 -1 -1 -1 2 1999 -1 used
M2_sd0 550 2 2000 -1 -1 0 -1 -1 -1 2 2000 -1 used
M2_sd0 551 2 2001 -1 -1 0 -1 -1 -1 2 2001 -1 used
M2_sd0 552 2 2002 -1 -1 0 -1 -1 -1 2 2002 -1 used
M2_sd0 553 2 2003 -1 -1 0 -1 -1 -1 2 2003 -1 used
M2_sd0 554 2 2004 -1 -1 0 -1 -1 -1 2 2004 -1 used
M2_sd0 555 2 2005 -1 -1 0 -1 -1 -1 2 2005 -1 used
M2_sd0 556 2 2006 -1 -1 0 -1 -1 -1 2 2006 -1 used
M2_sd0 557 2 2007 -1 -1 0 -1 -1 -1 2 2007 -1 used
M2_sd0 558 2 2008 -1 -1 0 -1 -1 -1 2 2008 -1 used
M2_sd0 559 2 2009 -1 -1 0 -1 -1 -1 2 2009 -1 used
M2_sd0 560 2 2010 -1 -1 0 -1 -1 -1 2 2010 -1 used
M2_sd0 561 2 2011 -1 -1 0 -1 -1 -1 2 2011 -1 used
M2_sd0 562 2 2012 -1 -1 0 -1 -1 -1 2 2012 -1 used
M2_sd0 563 2 2013 -1 -1 0 -1 -1 -1 2 2013 -1 used
M2_sd0 564 2 2014 -1 -1 0 -1 -1 -1 2 2014 -1 used
M2_sd0 565 2 2015 -1 -1 0 -1 -1 -1 2 2015 -1 used
M2_sd0 566 2 2016 -1 -1 0 -1 -1 -1 2 2016 -1 used
M2_sd0 567 2 2017 -1 -1 0 -1 -1 -1 2 2017 -1 used
M2_sd0 568 2 2018 -1 -1 0 -1 -1 -1 2 2018 -1 used
M2_sd0 569 2 2019 -1 -1 0 -1 -1 -1 2 2019 -1 used
M2_sd0 570 2 2020 -1 -1 0 -1 -1 -1 2 2020 -1 used
M2_sd0 571 2 2021 -1 -1 0 -1 -1 -1 2 2021 -1 used
M2_sd0 572 3 1974 -1 -1 0 -1 -1 -1 3 1974 -1 used
M2_sd0 573 3 1975 -1 -1 0 -1 -1 -1 3 1975 -1 used
M2_sd0 574 3 1976 -1 -1 0 -1 -1 -1 3 1976 -1 used
M2_sd0 575 3 1977 -1 -1 0 -1 -1 -1 3 1977 -1 used
M2_sd0 576 3 1978 -1 -1 0 -1 -1 -1 3 1978 -1 used
M2_sd0 577 3 1979 -1 -1 0 -1 -1 -1 3 1979 -1 used
M2_sd0 578 3 1980 -1 -1 0 -1 -1 -1 3 1980 -1 used
M2_sd0 579 3 1981 -1 -1 0 -1 -1 -1 3 1981 -1 used
M2_sd0 580 3 1982 -1 -1 0 -1 -1 -1 3 1982 -1 used
M2_sd0 581 3 1983 -1 -1 0 -1 -1 -1 3 1983 -1 used
M2_sd0 582 3 1984 -1 -1 0 -1 -1 -1 3 1984 -1 used
M2_sd0 583 3 1985 -1 -1 0 -1 -1 -1 3 1985 -1 used
M2_sd0 584 3 1986 -1 -1 0 -1 -1 -1 3 1986 -1 used
M2_sd0 585 3 1987 -1 -1 0 -1 -1 -1 3 1987 -1 used
M2_sd0 586 3 1988 -1 -1 0 -1 -1 -1 3 1988 -1 used
M2_sd0 587 3 1989 -1 -1 0 -1 -1 -1 3 1989 -1 used
M2_sd0 588 3 1990 -1 -1 0 -1 -1 -1 3 1990 -1 used
M2_sd0 589 3 1991 -1 -1 0 -1 -1 -1 3 1991 -1 used
M2_sd0 590 3 1992 -1 -1 0 -1 -1 -1 3 1992 -1 used
M2_sd0 591 3 1993 -1 -1 0 -1 -1 -1 3 1993 -1 used
M2_sd0 592 3 1994 -1 -1 0 -1 -1 -1 3 1994 -1 used
M2_sd0 593 3 1995 -1 -1 0 -1 -1 -1 3 1995 -1 used
M2_sd0 594 3 1996 -1 -1 0 -1 -1 -1 3 1996 -1 used
M2_sd0 595 3 1997 -1 -1 0 -1 -1 -1 3 1997 -1 used
M2_sd0 596 3 1998 -1 -1 0 -1 -1 -1 3 1998 -1 used
M2_sd0 597 3 1999 -1 -1 0 -1 -1 -1 3 1999 -1 used
M2_sd0 598 3 2000 -1 -1 0 -1 -1 -1 3 2000 -1 used
M2_sd0 599 3 2001 -1 -1 0 -1 -1 -1 3 2001 -1 used
M2_sd0 600 3 2002 -1 -1 0 -1 -1 -1 3 2002 -1 used
M2_sd0 601 3 2003 -1 -1 0 -1 -1 -1 3 2003 -1 used
M2_sd0 602 3 2004 -1 -1 0 -1 -1 -1 3 2004 -1 used
M2_sd0 603 3 2005 -1 -1 0 -1 -1 -1 3 2005 -1 used
M2_sd0 604 3 2006 -1 -1 0 -1 -1 -1 3 2006 -1 used
M2_sd0 605 3 2007 -1 -1 0 -1 -1 -1 3 2007 -1 used
M2_sd0 606 3 2008 -1 -1 0 -1 -1 -1 3 2008 -1 used
M2_sd0 607 3 2009 -1 -1 0 -1 -1 -1 3 2009 -1 used
M2_sd0 608 3 2010 -1 -1 0 -1 -1 -1 3 2010 -1 used
M2_sd0 609 3 2011 -1 -1 0 -1 -1 -1 3 2011 -1 used
M2_sd0 610 3 2012 -1 -1 0 -1 -1 -1 3 2012 -1 used
M2_sd0 611 3 2013 -1 -1 0 -1 -1 -1 3 2013 -1 used
M2_sd0 612 3 2014 -1 -1 0 -1 -1 -1 3 2014 -1 used
M2_sd0 613 3 2015 -1 -1 0 -1 -1 -1 3 2015 -1 used
M2_sd0 614 3 2016 -1 -1 0 -1 -1 -1 3 2016 -1 used
M2_sd0 615 3 2017 -1 -1 0 -1 -1 -1 3 2017 -1 used
M2_sd0 616 3 2018 -1 -1 0 -1 -1 -1 3 2018 -1 used
M2_sd0 617 3 2019 -1 -1 0 -1 -1 -1 3 2019 -1 used
M2_sd0 618 3 2020 -1 -1 0 -1 -1 -1 3 2020 -1 used
M2_sd0 619 3 2021 -1 -1 0 -1 -1 -1 3 2021 -1 used
M2_sd1 620 2 1974 -1 -1 1 -1 -1 -1 2 1974 -1 used
M2_sd1 621 2 1975 -1 -1 1 -1 -1 -1 2 1975 -1 used
M2_sd1 622 2 1976 -1 -1 1 -1 -1 -1 2 1976 -1 used
M2_sd1 623 2 1977 -1 -1 1 -1 -1 -1 2 1977 -1 used
M2_sd1 624 2 1978 -1 -1 1 -1 -1 -1 2 1978 -1 used
M2_sd1 625 2 1979 -1 -1 1 -1 -1 -1 2 1979 -1 used
M2_sd1 626 2 1980 -1 -1 1 -1 -1 -1 2 1980 -1 used
M2_sd1 627 2 1981 -1 -1 1 -1 -1 -1 2 1981 -1 used
M2_sd1 628 2 1982 -1 -1 1 -1 -1 -1 2 1982 -1 used
M2_sd1 629 2 1983 -1 -1 1 -1 -1 -1 2 1983 -1 used
M2_sd1 630 2 1984 -1 -1 1 -1 -1 -1 2 1984 -1 used
M2_sd1 631 2 1985 -1 -1 1 -1 -1 -1 2 1985 -1 used
M2_sd1 632 2 1986 -1 -1 1 -1 -1 -1 2 1986 -1 used
M2_sd1 633 2 1987 -1 -1 1 -1 -1 -1 2 1987 -1 used
M2_sd1 634 2 1988 -1 -1 1 -1 -1 -1 2 1988 -1 used
M2_sd1 635 2 1989 -1 -1 1 -1 -1 -1 2 1989 -1 used
M2_sd1 636 2 1990 -1 -1 1 -1 -1 -1 2 1990 -1 used
M2_sd1 637 2 1991 -1 -1 1 -1 -1 -1 2 1991 -1 used
M2_sd1 638 2 1992 -1 -1 1 -1 -1 -1 2 1992 -1 used
M2_sd1 639 2 1993 -1 -1 1 -1 -1 -1 2 1993 -1 used
M2_sd1 640 2 1994 -1 -1 1 -1 -1 -1 2 1994 -1 used
M2_sd1 641 2 1995 -1 -1 1 -1 -1 -1 2 1995 -1 used
M2_sd1 642 2 1996 -1 -1 1 -1 -1 -1 2 1996 -1 used
M2_sd1 643 2 1997 -1 -1 1 -1 -1 -1 2 1997 -1 used
M2_sd1 644 2 1998 -1 -1 1 -1 -1 -1 2 1998 -1 used
M2_sd1 645 2 1999 -1 -1 1 -1 -1 -1 2 1999 -1 used
M2_sd1 646 2 2000 -1 -1 1 -1 -1 -1 2 2000 -1 used
M2_sd1 647 2 2001 -1 -1 1 -1 -1 -1 2 2001 -1 used
M2_sd1 648 2 2002 -1 -1 1 -1 -1 -1 2 2002 -1 used
M2_sd1 649 2 2003 -1 -1 1 -1 -1 -1 2 2003 -1 used
M2_sd1 650 2 2004 -1 -1 1 -1 -1 -1 2 2004 -1 used
M2_sd1 651 2 2005 -1 -1 1 -1 -1 -1 2 2005 -1 used
M2_sd1 652 2 2006 -1 -1 1 -1 -1 -1 2 2006 -1 used
M2_sd1 653 2 2007 -1 -1 1 -1 -1 -1 2 2007 -1 used
M2_sd1 654 2 2008 -1 -1 1 -1 -1 -1 2 2008 -1 used
M2_sd1 655 2 2009 -1 -1 1 -1 -1 -1 2 2009 -1 used
M2_sd1 656 2 2010 -1 -1 1 -1 -1 -1 2 2010 -1 used
M2_sd1 657 2 2011 -1 -1 1 -1 -1 -1 2 2011 -1 used
M2_sd1 658 2 2012 -1 -1 1 -1 -1 -1 2 2012 -1 used
M2_sd1 659 2 2013 -1 -1 1 -1 -1 -1 2 2013 -1 used
M2_sd1 660 2 2014 -1 -1 1 -1 -1 -1 2 2014 -1 used
M2_sd1 661 2 2015 -1 -1 1 -1 -1 -1 2 2015 -1 used
M2_sd1 662 2 2016 -1 -1 1 -1 -1 -1 2 2016 -1 used
M2_sd1 663 2 2017 -1 -1 1 -1 -1 -1 2 2017 -1 used
M2_sd1 664 2 2018 -1 -1 1 -1 -1 -1 2 2018 -1 used
M2_sd1 665 2 2019 -1 -1 1 -1 -1 -1 2 2019 -1 used
M2_sd1 666 2 2020 -1 -1 1 -1 -1 -1 2 2020 -1 used
M2_sd1 667 2 2021 -1 -1 1 -1 -1 -1 2 2021 -1 used
M2_sd1 668 3 1974 -1 -1 1 -1 -1 -1 3 1974 -1 used
M2_sd1 669 3 1975 -1 -1 1 -1 -1 -1 3 1975 -1 used
M2_sd1 670 3 1976 -1 -1 1 -1 -1 -1 3 1976 -1 used
M2_sd1 671 3 1977 -1 -1 1 -1 -1 -1 3 1977 -1 used
M2_sd1 672 3 1978 -1 -1 1 -1 -1 -1 3 1978 -1 used
M2_sd1 673 3 1979 -1 -1 1 -1 -1 -1 3 1979 -1 used
M2_sd1 674 3 1980 -1 -1 1 -1 -1 -1 3 1980 -1 used
M2_sd1 675 3 1981 -1 -1 1 -1 -1 -1 3 1981 -1 used
M2_sd1 676 3 1982 -1 -1 1 -1 -1 -1 3 1982 -1 used
M2_sd1 677 3 1983 -1 -1 1 -1 -1 -1 3 1983 -1 used
M2_sd1 678 3 1984 -1 -1 1 -1 -1 -1 3 1984 -1 used
M2_sd1 679 3 1985 -1 -1 1 -1 -1 -1 3 1985 -1 used
M2_sd1 680 3 1986 -1 -1 1 -1 -1 -1 3 1986 -1 used
M2_sd1 681 3 1987 -1 -1 1 -1 -1 -1 3 1987 -1 used
M2_sd1 682 3 1988 -1 -1 1 -1 -1 -1 3 1988 -1 used
M2_sd1 683 3 1989 -1 -1 1 -1 -1 -1 3 1989 -1 used
M2_sd1 684 3 1990 -1 -1 1 -1 -1 -1 3 1990 -1 used
M2_sd1 685 3 1991 -1 -1 1 -1 -1 -1 3 1991 -1 used
M2_sd1 686 3 1992 -1 -1 1 -1 -1 -1 3 1992 -1 used
M2_sd1 687 3 1993 -1 -1 1 -1 -1 -1 3 1993 -1 used
M2_sd1 688 3 1994 -1 -1 1 -1 -1 -1 3 1994 -1 used
M2_sd1 689 3 1995 -1 -1 1 -1 -1 -1 3 1995 -1 used
M2_sd1 690 3 1996 -1 -1 1 -1 -1 -1 3 1996 -1 used
M2_sd1 691 3 1997 -1 -1 1 -1 -1 -1 3 1997 -1 used
M2_sd1 692 3 1998 -1 -1 1 -1 -1 -1 3 1998 -1 used
M2_sd1 693 3 1999 -1 -1 1 -1 -1 -1 3 1999 -1 used
M2_sd1 694 3 2000 -1 -1 1 -1 -1 -1 3 2000 -1 used
M2_sd1 695 3 2001 -1 -1 1 -1 -1 -1 3 2001 -1 used
M2_sd1 696 3 2002 -1 -1 1 -1 -1 -1 3 2002 -1 used
M2_sd1 697 3 2003 -1 -1 1 -1 -1 -1 3 2003 -1 used
M2_sd1 698 3 2004 -1 -1 1 -1 -1 -1 3 2004 -1 used
M2_sd1 699 3 2005 -1 -1 1 -1 -1 -1 3 2005 -1 used
M2_sd1 700 3 2006 -1 -1 1 -1 -1 -1 3 2006 -1 used
M2_sd1 701 3 2007 -1 -1 1 -1 -1 -1 3 2007 -1 used
M2_sd1 702 3 2008 -1 -1 1 -1 -1 -1 3 2008 -1 used
M2_sd1 703 3 2009 -1 -1 1 -1 -1 -1 3 2009 -1 used
M2_sd1 704 3 2010 -1 -1 1 -1 -1 -1 3 2010 -1 used
M2_sd1 705 3 2011 -1 -1 1 -1 -1 -1 3 2011 -1 used
M2_sd1 706 3 2012 -1 -1 1 -1 -1 -1 3 2012 -1 used
M2_sd1 707 3 2013 -1 -1 1 -1 -1 -1 3 2013 -1 used
M2_sd1 708 3 2014 -1 -1 1 -1 -1 -1 3 2014 -1 used
M2_sd1 709 3 2015 -1 -1 1 -1 -1 -1 3 2015 -1 used
M2_sd1 710 3 2016 -1 -1 1 -1 -1 -1 3 2016 -1 used
M2_sd1 711 3 2017 -1 -1 1 -1 -1 -1 3 2017 -1 used
M2_sd1 712 3 2018 -1 -1 1 -1 -1 -1 3 2018 -1 used
M2_sd1 713 3 2019 -1 -1 1 -1 -1 -1 3 2019 -1 used
M2_sd1 714 3 2020 -1 -1 1 -1 -1 -1 3 2020 -1 used
M2_sd1 715 3 2021 -1 -1 1 -1 -1 -1 3 2021 -1 used
M2_sd2 716 2 1974 -1 -1 2 -1 -1 -1 2 1974 -1 used
M2_sd2 717 2 1975 -1 -1 2 -1 -1 -1 2 1975 -1 used
M2_sd2 718 2 1976 -1 -1 2 -1 -1 -1 2 1976 -1 used
M2_sd2 719 2 1977 -1 -1 2 -1 -1 -1 2 1977 -1 used
M2_sd2 720 2 1978 -1 -1 2 -1 -1 -1 2 1978 -1 used
M2_sd2 721 2 1979 -1 -1 2 -1 -1 -1 2 1979 -1 used
M2_sd2 722 2 1980 -1 -1 2 -1 -1 -1 2 1980 -1 used
M2_sd2 723 2 1981 -1 -1 2 -1 -1 -1 2 1981 -1 used
M2_sd2 724 2 1982 -1 -1 2 -1 -1 -1 2 1982 -1 used
M2_sd2 725 2 1983 -1 -1 2 -1 -1 -1 2 1983 -1 used
M2_sd2 726 2 1984 -1 -1 2 -1 -1 -1 2 1984 -1 used
M2_sd2 727 2 1985 -1 -1 2 -1 -1 -1 2 1985 -1 used
M2_sd2 728 2 1986 -1 -1 2 -1 -1 -1 2 1986 -1 used
M2_sd2 729 2 1987 -1 -1 2 -1 -1 -1 2 1987 -1 used
M2_sd2 730 2 1988 -1 -1 2 -1 -1 -1 2 1988 -1 used
M2_sd2 731 2 1989 -1 -1 2 -1 -1 -1 2 1989 -1 used
M2_sd2 732 2 1990 -1 -1 2 -1 -1 -1 2 1990 -1 used
M2_sd2 733 2 1991 -1 -1 2 -1 -1 -1 2 1991 -1 used
M2_sd2 734 2 1992 -1 -1 2 -1 -1 -1 2 1992 -1 used
M2_sd2 735 2 1993 -1 -1 2 -1 -1 -1 2 1993 -1 used
M2_sd2 736 2 1994 -1 -1 2 -1 -1 -1 2 1994 -1 used
M2_sd2 737 2 1995 -1 -1 2 -1 -1 -1 2 1995 -1 used
M2_sd2 738 2 1996 -1 -1 2 -1 -1 -1 2 1996 -1 used
M2_sd2 739 2 1997 -1 -1 2 -1 -1 -1 2 1997 -1 used
M2_sd2 740 2 1998 -1 -1 2 -1 -1 -1 2 1998 -1 used
M2_sd2 741 2 1999 -1 -1 2 -1 -1 -1 2 1999 -1 used
M2_sd2 742 2 2000 -1 -1 2 -1 -1 -1 2 2000 -1 used
M2_sd2 743 2 2001 -1 -1 2 -1 -1 -1 2 2001 -1 used
M2_sd2 744 2 2002 -1 -1 2 -1 -1 -1 2 2002 -1 used
M2_sd2 745 2 2003 -1 -1 2 -1 -1 -1 2 2003 -1 used
M2_sd2 746 2 2004 -1 -1 2 -1 -1 -1 2 2004 -1 used
M2_sd2 747 2 2005 -1 -1 2 -1 -1 -1 2 2005 -1 used
M2_sd2 748 2 2006 -1 -1 2 -1 -1 -1 2 2006 -1 used
M2_sd2 749 2 2007 -1 -1 2 -1 -1 -1 2 2007 -1 used
M2_sd2 750 2 2008 -1 -1 2 -1 -1 -1 2 2008 -1 used
M2_sd2 751 2 2009 -1 -1 2 -1 -1 -1 2 2009 -1 used
M2_sd2 752 2 2010 -1 -1 2 -1 -1 -1 2 2010 -1 used
M2_sd2 753 2 2011 -1 -1 2 -1 -1 -1 2 2011 -1 used
M2_sd2 754 2 2012 -1 -1 2 -1 -1 -1 2 2012 -1 used
M2_sd2 755 2 2013 -1 -1 2 -1 -1 -1 2 2013 -1 used
M2_sd2 756 2 2014 -1 -1 2 -1 -1 -1 2 2014 -1 used
M2_sd2 757 2 2015 -1 -1 2 -1 -1 -1 2 2015 -1 used
M2_sd2 758 2 2016 -1 -1 2 -1 -1 -1 2 2016 -1 used
M2_sd2 759 2 2017 -1 -1 2 -1 -1 -1 2 2017 -1 used
M2_sd2 760 2 2018 -1 -1 2 -1 -1 -1 2 2018 -1 used
M2_sd2 761 2 2019 -1 -1 2 -1 -1 -1 2 2019 -1 used
M2_sd2 762 2 2020 -1 -1 2 -1 -1 -1 2 2020 -1 used
M2_sd2 763 2 2021 -1 -1 2 -1 -1 -1 2 2021 -1 used
M2_sd2 764 3 1974 -1 -1 2 -1 -1 -1 3 1974 -1 used
M2_sd2 765 3 1975 -1 -1 2 -1 -1 -1 3 1975 -1 used
M2_sd2 766 3 1976 -1 -1 2 -1 -1 -1 3 1976 -1 used
M2_sd2 767 3 1977 -1 -1 2 -1 -1 -1 3 1977 -1 used
M2_sd2 768 3 1978 -1 -1 2 -1 -1 -1 3 1978 -1 used
M2_sd2 769 3 1979 -1 -1 2 -1 -1 -1 3 1979 -1 used
M2_sd2 770 3 1980 -1 -1 2 -1 -1 -1 3 1980 -1 used
M2_sd2 771 3 1981 -1 -1 2 -1 -1 -1 3 1981 -1 used
M2_sd2 772 3 1982 -1 -1 2 -1 -1 -1 3 1982 -1 used
M2_sd2 773 3 1983 -1 -1 2 -1 -1 -1 3 1983 -1 used
M2_sd2 774 3 1984 -1 -1 2 -1 -1 -1 3 1984 -1 used
M2_sd2 775 3 1985 -1 -1 2 -1 -1 -1 3 1985 -1 used
M2_sd2 776 3 1986 -1 -1 2 -1 -1 -1 3 1986 -1 used
M2_sd2 777 3 1987 -1 -1 2 -1 -1 -1 3 1987 -1 used
M2_sd2 778 3 1988 -1 -1 2 -1 -1 -1 3 1988 -1 used
M2_sd2 779 3 1989 -1 -1 2 -1 -1 -1 3 1989 -1 used
M2_sd2 780 3 1990 -1 -1 2 -1 -1 -1 3 1990 -1 used
M2_sd2 781 3 1991 -1 -1 2 -1 -1 -1 3 1991 -1 used
M2_sd2 782 3 1992 -1 -1 2 -1 -1 -1 3 1992 -1 used
M2_sd2 783 3 1993 -1 -1 2 -1 -1 -1 3 1993 -1 used
M2_sd2 784 3 1994 -1 -1 2 -1 -1 -1 3 1994 -1 used
M2_sd2 785 3 1995 -1 -1 2 -1 -1 -1 3 1995 -1 used
M2_sd2 786 3 1996 -1 -1 2 -1 -1 -1 3 1996 -1 used
M2_sd2 787 3 1997 -1 -1 2 -1 -1 -1 3 1997 -1 used
M2_sd2 788 3 1998 -1 -1 2 -1 -1 -1 3 1998 -1 used
M2_sd2 789 3 1999 -1 -1 2 -1 -1 -1 3 1999 -1 used
M2_sd2 790 3 2000 -1 -1 2 -1 -1 -1 3 2000 -1 used
M2_sd2 791 3 2001 -1 -1 2 -1 -1 -1 3 2001 -1 used
M2_sd2 792 3 2002 -1 -1 2 -1 -1 -1 3 2002 -1 used
M2_sd2 793 3 2003 -1 -1 2 -1 -1 -1 3 2003 -1 used
M2_sd2 794 3 2004 -1 -1 2 -1 -1 -1 3 2004 -1 used
M2_sd2 795 3 2005 -1 -1 2 -1 -1 -1 3 2005 -1 used
M2_sd2 796 3 2006 -1 -1 2 -1 -1 -1 3 2006 -1 used
M2_sd2 797 3 2007 -1 -1 2 -1 -1 -1 3 2007 -1 used
M2_sd2 798 3 2008 -1 -1 2 -1 -1 -1 3 2008 -1 used
M2_sd2 799 3 2009 -1 -1 2 -1 -1 -1 3 2009 -1 used
M2_sd2 800 3 2010 -1 -1 2 -1 -1 -1 3 2010 -1 used
M2_sd2 801 3 2011 -1 -1 2 -1 -1 -1 3 2011 -1 used
M2_sd2 802 3 2012 -1 -1 2 -1 -1 -1 3 2012 -1 used
M2_sd2 803 3 2013 -1 -1 2 -1 -1 -1 3 2013 -1 used
M2_sd2 804 3 2014 -1 -1 2 -1 -1 -1 3 2014 -1 used
M2_sd2 805 3 2015 -1 -1 2 -1 -1 -1 3 2015 -1 used
M2_sd2 806 3 2016 -1 -1 2 -1 -1 -1 3 2016 -1 used
M2_sd2 807 3 2017 -1 -1 2 -1 -1 -1 3 2017 -1 used
M2_sd2 808 3 2018 -1 -1 2 -1 -1 -1 3 2018 -1 used
M2_sd2 809 3 2019 -1 -1 2 -1 -1 -1 3 2019 -1 used
M2_sd2 810 3 2020 -1 -1 2 -1 -1 -1 3 2020 -1 used
M2_sd2 811 3 2021 -1 -1 2 -1 -1 -1 3 2021 -1 used
