#  log(Observed catch)- log(Expected catch)
# Species,Quarter,Year, Age_0, Age_1, Age_2, Age_3, Age_4, Age_5, Age_6, Age_7, Age_8
21,1,1974     ,0.4071,-0.0004,-1.0366,-0.1319,-0.2211,0.5383,-0.0707,-0.5973
21,1,1975     ,1.4062,-0.0676,-1.3164,-1.5459,-0.4263,-0.4192,0.1315,-0.4491
21,1,1976     ,-1.5565,0.7546,0.2804,0.2063,-0.4870,-2.8918,-1.8187,-1.2344
21,1,1977     ,1.4981,0.7644,3.3706,2.1393,1.9466,1.6791,2.1266,1.3267
21,1,1978,-99.9,-99.9,-99.9,-99.9,-99.9,-99.9,-99.9,-99.9
21,1,1979,-99.9,-99.9,-99.9,-99.9,-99.9,-99.9,-99.9,-99.9
21,1,1980     ,1.1759,-0.1450,0.9135,0.3378,0.9348,-2.3820,-99.9,-99.9
21,1,1981     ,-0.0444,-0.9647,-2.1243,-2.7838,-2.7189,-0.8109,-99.9,-99.9
21,1,1982     ,-0.5523,0.3559,1.7580,1.1681,0.7574,0.3255,0.8109,0.7280
21,1,1983     ,-0.9373,-0.4802,-1.0416,-0.1030,-0.3791,-1.0179,-1.6724,-1.9142
21,1,1984     ,-0.0925,-0.6972,-0.4183,-0.5319,-0.0054,0.0902,-0.2731,0.3589
21,1,1985     ,1.4658,-1.2282,0.2053,0.1460,0.1765,0.1181,1.3168,0.8994
21,1,1986     ,0.2697,0.2570,0.7059,0.6406,0.5576,0.9025,0.8669,1.8821
21,1,1987     ,1.8225,0.3232,0.6679,0.8133,0.8029,0.2457,-0.0945,0.6227
21,1,1988     ,0.4878,-0.3513,0.3144,0.8237,1.2695,1.0750,1.0156,0.7138
21,1,1989     ,-0.9731,0.5895,0.3369,0.4876,0.3813,0.2555,0.2974,-0.4889
21,1,1990     ,1.3098,-0.1026,-0.1705,0.1964,0.5337,-0.3220,-0.0135,-0.1685
21,1,1991     ,-1.5634,0.1557,-0.2056,0.1007,0.3951,0.0928,0.0999,-0.5041
21,1,1992     ,-1.7545,0.6579,-0.4961,-0.3596,0.0421,0.2419,-0.3726,-0.5611
21,1,1993     ,1.5348,0.3103,-0.5982,-0.7350,-0.6544,-0.8764,-0.4464,-0.5191
21,1,1994     ,-0.1791,-0.4301,-0.8447,-0.0930,-1.1228,-0.7190,-0.2650,-0.2824
21,1,1995     ,-0.7823,-1.2861,-0.0553,-0.6765,-0.5303,-1.3530,-1.2446,-1.1991
21,1,1996     ,2.0254,-0.3477,0.7191,0.1863,0.6028,0.7126,-0.2432,-0.7197
21,1,1997     ,-1.8484,-1.0019,-0.0609,0.4745,-0.0077,0.2006,-0.4677,0.5936
21,1,1998     ,2.7677,-0.3845,-0.0645,-0.5426,-0.7554,0.6494,0.1187,0.4199
21,1,1999     ,1.0115,-0.3252,0.1061,0.3582,-0.2269,0.0536,-0.0536,-1.4546
21,1,2000     ,0.2586,-0.3421,-0.7512,-0.0443,-0.4214,-1.0878,-1.4735,-2.0198
21,1,2001     ,1.8040,0.2929,0.5225,0.3378,0.3992,0.3878,-0.0764,-0.9739
21,1,2002     ,0.6531,1.2743,0.1178,0.1310,-0.6310,0.1647,-0.0442,-0.3530
21,1,2003     ,1.8429,-0.5388,-0.0093,0.3739,0.4169,0.1449,0.5490,0.3134
21,1,2004     ,-0.7382,0.8182,-0.0612,0.4751,0.2482,0.6022,0.7746,-0.2857
21,1,2005     ,1.2163,1.1298,0.0281,0.2315,0.1902,0.2475,0.0214,-0.5287
21,1,2006     ,1.4849,0.7899,0.5303,0.4394,0.1651,0.0152,-0.1519,-0.0047
21,1,2007     ,0.8090,0.9181,0.2886,0.2885,0.1887,0.1130,0.4860,0.4697
21,1,2008     ,0.5753,1.4966,-0.1450,-0.2878,0.2708,-0.9031,-0.4321,-1.6701
21,1,2009     ,0.9704,0.3631,0.4146,0.7328,0.6040,-0.5881,0.8918,0.3376
21,1,2010     ,0.9128,1.0228,0.6538,0.6979,-0.0563,-0.9334,0.5896,-0.0456
21,1,2011     ,0.3272,1.2037,0.3619,0.1880,0.9537,0.9391,0.6312,1.4644
21,1,2012     ,1.0905,0.1853,0.9262,-0.3739,-0.7656,-0.1461,-0.6719,-0.6530
21,1,2013     ,-0.1498,0.4758,-0.0158,0.6609,-0.5984,0.0981,0.6340,0.6968
21,1,2014     ,-3.0606,0.4001,-0.1560,0.1152,0.0585,-0.4747,-0.1963,-0.2998
21,1,2015     ,0.1042,0.2740,-0.0834,0.1872,0.3481,0.7782,0.0799,0.3367
21,1,2016     ,0.4444,-0.4264,-0.5165,-0.5528,-0.8466,-0.2315,-0.4004,-0.5449
21,1,2017     ,0.6066,-0.4426,-0.4799,-0.3376,-0.6747,-1.0187,-1.0442,-1.1362
21,1,2018     ,0.5066,0.0466,-0.6329,-0.5610,-0.5910,-1.0908,-0.4482,-0.4252
21,1,2019     ,0.7021,0.2993,-0.3938,-0.9581,-0.8872,-0.5720,-0.6261,-1.4494
21,1,2020     ,-0.3094,0.1204,-0.9698,-1.4819,-1.2413,-0.8632,0.0568,0.0635
21,1,2021     ,-2.0707,0.4708,-0.4130,-0.8375,-0.9264,-0.5386,-0.6446,-0.9563
21,1,2022,-99.9,-0.0954,0.0572,-0.0234,-0.5549,0.2816,0.3122,-0.4425
# Species,Quarter,Year, Age_0, Age_1, Age_2, Age_3, Age_4, Age_5, Age_6, Age_7, Age_8
21,2,1974     ,-1.4106,-0.0441,0.1221,0.2602,0.5787,0.0210,0.8783,-1.4024
21,2,1975     ,-0.1376,0.6430,0.7424,0.8496,1.2329,0.5470,1.1949,1.0916
21,2,1976     ,-0.4903,1.5004,0.5247,0.8546,0.7604,0.0627,1.0406,0.4208
21,2,1977     ,1.7992,1.3040,0.4044,-0.1004,1.3746,1.3601,-99.9,1.5274
21,2,1978,-99.9,-99.9,-99.9,-99.9,-99.9,-99.9,-99.9,-99.9
21,2,1979,-99.9,-99.9,-99.9,-99.9,-99.9,-99.9,-99.9,-99.9
21,2,1980     ,-0.3780,-1.6836,-0.4045,0.1111,-0.1119,-1.9044,-0.5319,-99.9
21,2,1981     ,0.5312,-1.9357,-3.0862,-99.9,-99.9,0.1378,-99.9,-99.9
21,2,1982     ,-1.9113,-2.2576,-1.0720,-0.8451,-1.6314,-99.9,-99.9,-99.9
21,2,1983     ,-0.7003,-0.3930,-0.6752,-0.3186,0.3161,0.8023,0.9820,1.1039
21,2,1984     ,-0.4105,0.1977,0.0587,0.1496,0.7196,0.3253,1.1011,-0.6466
21,2,1985     ,-1.9303,-0.2969,0.6558,0.4060,0.3237,0.6937,0.8699,0.7459
21,2,1986     ,-0.5789,0.5615,-0.2833,-0.0895,0.0020,-0.4639,0.3877,0.2335
21,2,1987     ,-0.1564,-0.1839,-0.1052,0.2269,0.2987,0.2646,0.0023,0.6161
21,2,1988     ,0.7612,-0.2788,-0.4153,-0.0395,0.0819,-0.0837,-0.2077,-0.2059
21,2,1989     ,-1.5558,-0.1518,-0.0088,0.3812,-0.0940,0.1035,-0.1236,-0.7162
21,2,1990     ,0.3210,0.0698,-0.5267,-0.2235,-0.0282,-0.2193,-0.0178,-0.4046
21,2,1991     ,0.6033,0.8507,-0.1845,-0.1595,0.1956,0.1341,-0.8448,-0.2840
21,2,1992     ,0.4746,0.1793,-0.2726,-0.2534,-0.2330,-0.0326,0.0834,-0.3230
21,2,1993     ,0.2965,-0.1366,-0.3309,-0.1589,-0.0544,0.0819,0.1414,-0.2736
21,2,1994     ,-0.6292,0.7655,0.2035,-0.1627,-0.0687,-0.2342,-0.2954,-0.2828
21,2,1995     ,-0.0039,-0.1737,-0.4590,-0.4028,-0.0032,-0.6796,-0.4287,-0.3920
21,2,1996     ,0.8531,0.3773,0.6241,-0.3385,-0.3115,-0.2798,-1.8283,-99.9
21,2,1997     ,-0.1282,0.6945,0.2351,0.0829,-0.1790,0.3422,0.4252,-1.0878
21,2,1998     ,0.3757,0.2482,-0.4504,-0.8300,-1.7120,-1.6486,-1.1678,-1.5597
21,2,1999     ,1.4395,0.9046,-0.0073,-0.4498,-1.0209,-1.2015,-1.0540,-1.4752
21,2,2000     ,0.8795,0.9135,0.1530,0.0454,-0.3344,-0.7556,-1.3753,-1.9354
21,2,2001     ,0.5917,0.1437,0.9089,-0.0026,-0.0413,0.1356,0.0378,-1.3844
21,2,2002     ,-0.0538,0.2303,-0.2010,0.4193,-0.7188,-0.6844,-0.5909,-0.7859
21,2,2003     ,-0.1655,-0.3968,-0.2955,-0.0867,0.4829,-0.0654,0.2425,-0.0745
21,2,2004     ,-0.3119,0.3798,-0.2985,-0.2575,-0.3475,0.2738,-0.3569,-0.8199
21,2,2005     ,0.2818,0.3854,0.2409,0.1815,-0.1181,0.1032,0.4652,-0.3972
21,2,2006     ,-0.7568,0.0918,0.3914,0.6255,0.2402,0.2481,0.1486,0.3613
21,2,2007     ,-1.0748,0.1187,0.8149,0.8999,0.2266,0.6986,0.3493,-0.2507
21,2,2008     ,0.1175,1.0338,0.3139,0.6279,0.5120,-0.0856,0.5497,-0.4410
21,2,2009     ,-1.2543,1.3784,0.4006,-0.4669,-0.1125,-0.2468,-1.2590,-0.3413
21,2,2010     ,0.6277,0.9537,0.5849,-0.0979,-0.9958,-0.3231,-0.5056,0.0757
21,2,2011     ,-2.4436,0.5302,0.6163,0.4468,-0.1632,-0.4038,-0.2137,-0.0103
21,2,2012     ,0.0848,0.3818,0.2272,0.5010,0.0382,-0.2537,-0.1366,-0.4211
21,2,2013     ,0.4604,0.3751,-0.0987,-0.0913,0.2136,-0.0072,-0.1772,0.2911
21,2,2014     ,-0.3747,0.6471,0.4410,0.5940,-0.3568,0.8415,0.5212,0.0358
21,2,2015     ,0.2322,-0.6417,-0.5039,-0.4111,-0.1026,-0.1084,1.0005,0.7874
21,2,2016     ,-0.3980,-0.5831,0.0582,-0.0809,-0.4185,0.5014,0.5195,1.2520
21,2,2017     ,-1.6882,-1.5432,0.4529,0.7231,0.1153,-0.0203,0.6277,0.5532
21,2,2018     ,-0.7960,0.1571,-0.1249,0.3572,0.6025,0.4022,0.3262,0.4685
21,2,2019     ,-0.2729,0.4105,0.2698,-0.1459,-0.0036,0.6791,0.7930,0.1199
21,2,2020     ,-0.5319,1.1398,0.7660,0.5420,-0.0560,0.2420,0.6344,-0.0129
21,2,2021     ,-1.3843,1.2654,0.8107,0.7208,0.5204,0.3427,0.2023,0.6133
21,2,2022     ,-0.8733,2.1498,0.6156,-0.0081,-0.6708,-0.8895,-0.3439,-0.6451
# Species,Quarter,Year, Age_0, Age_1, Age_2, Age_3, Age_4, Age_5, Age_6, Age_7, Age_8
21,3,1974     ,-1.2640,0.2638,1.0320,0.9340,1.2737,1.6414,1.6569,0.8123,0.5167
21,3,1975     ,-1.9780,-0.0679,-0.1374,0.4813,0.7365,0.6059,0.5730,0.8934,0.2926
21,3,1976     ,-1.0515,-1.0495,1.2663,0.5726,1.2036,1.1748,0.1811,1.4578,0.3680
21,3,1977     ,0.3038,0.0595,-1.7102,-2.0842,-2.0188,-1.5881,-1.9622,-99.9,-99.9
21,3,1978,-99.9,-99.9,-99.9,-99.9,-99.9,-99.9,-99.9,-99.9,-99.9
21,3,1979,-99.9,-99.9,-99.9,-99.9,-99.9,-99.9,-99.9,-99.9,-99.9
21,3,1980     ,0.3035,0.9299,-2.2642,-1.1956,-1.1062,-99.9,-99.9,0.4075,-99.9
21,3,1981     ,2.0380,1.3206,-0.7710,-0.1023,-0.9217,-0.6387,-0.4493,-1.2515,0.0530
21,3,1982     ,1.9858,0.9815,-0.6340,-1.4606,-0.5140,-1.9321,-1.9947,-99.9,-99.9
21,3,1983     ,1.7435,1.1251,-0.9953,-1.1846,-0.9202,-0.3274,0.0630,-0.1696,0.3065
21,3,1984     ,0.5673,-0.4417,-0.6932,-0.7580,-0.7240,-0.5802,0.2242,0.7215,0.5149
21,3,1985     ,-0.3113,0.3813,-0.2062,-0.0690,-0.5096,-0.5685,-0.4520,0.3823,-0.1118
21,3,1986     ,-0.3753,0.6339,-0.2864,-0.1937,-0.4710,-0.5681,-0.4036,-0.7559,-0.4040
21,3,1987     ,-0.5434,-0.5847,-0.4170,-0.2948,-0.3241,0.0048,-0.1282,-0.1309,-0.3100
21,3,1988     ,0.0942,1.9659,0.0846,-0.2752,-0.3345,-0.1313,0.0489,-0.2045,0.2602
21,3,1989     ,0.4868,1.8516,0.0423,0.2019,0.2182,0.3940,0.4381,0.3263,0.3360
21,3,1990     ,-0.5215,1.4685,-0.4371,-0.1371,0.3939,0.4694,0.2823,0.3862,0.3510
21,3,1991     ,0.0433,1.0145,0.2086,-0.3123,-0.1298,0.2775,0.1775,-0.2655,-0.3404
21,3,1992     ,0.9619,1.0339,-0.7677,-0.5702,-0.5228,0.0076,0.4419,0.3090,-0.0072
21,3,1993     ,0.5730,-1.6067,-0.4033,-0.7497,-0.3856,-0.2517,0.2265,0.2941,0.1421
21,3,1994     ,0.0992,0.0343,0.1667,-0.0368,-0.2619,-0.1231,-0.0586,0.0167,0.3881
21,3,1995     ,0.4909,-0.5558,-0.1106,0.0927,0.0104,-0.1481,0.1887,0.1151,0.3888
21,3,1996     ,-0.8744,-4.0239,-0.2070,0.1190,0.1260,0.4435,-0.1203,0.0180,-0.2867
21,3,1997     ,-1.4176,-1.7779,-0.5266,-0.5711,0.3376,0.7401,0.3499,-0.2191,-0.7622
21,3,1998     ,-1.6392,0.3115,0.4973,-0.0475,-0.2298,-0.0600,-0.0718,-0.6655,-1.2134
21,3,1999     ,0.1160,-1.7067,0.2945,0.6525,-0.2242,-0.4119,-0.0327,-0.2010,-0.3409
21,3,2000     ,-0.0482,0.4561,0.4819,0.2853,0.2803,-0.3790,-0.3330,-0.2051,-0.3107
21,3,2001     ,-0.4604,0.2360,-0.1341,-0.0152,-0.2213,0.0867,-0.0967,-0.1251,-0.0434
21,3,2002     ,-0.2134,-0.6852,-0.4477,-0.1289,-0.2472,-0.4303,-0.0074,-0.1493,-0.0980
21,3,2003     ,-1.1992,-0.4870,-0.2808,0.0394,-0.0258,-0.1903,-0.4226,0.0591,-0.5242
21,3,2004     ,-0.5494,-0.1975,-0.6889,-0.3698,0.2188,0.0496,0.0297,0.2668,0.0552
21,3,2005     ,0.3688,0.1086,-1.0085,-0.3949,-0.4976,0.1541,0.2434,0.2617,0.3097
21,3,2006     ,0.5172,-0.2445,-0.3860,-0.2576,0.0501,-0.1710,0.4647,0.4072,0.1613
21,3,2007     ,-0.7597,0.1377,-0.2908,-0.0090,0.0194,0.1569,0.1454,0.4822,0.0310
21,3,2008     ,0.7303,-0.0095,0.1632,0.3211,-0.1108,-0.3324,0.0148,0.0190,0.2519
21,3,2009     ,0.7997,0.8014,-0.3257,-0.5832,0.0334,-0.6017,-0.4373,0.4188,0.3281
21,3,2010     ,0.3939,0.0558,-0.3951,-0.5932,-0.4272,-0.0757,-0.4683,-0.1905,-0.0644
21,3,2011     ,0.9885,-1.2667,0.3073,-0.0061,-0.3800,-0.5925,-0.2767,-0.3535,-0.5418
21,3,2012     ,-0.0995,-0.1039,-0.2051,0.2277,-0.0999,-0.1748,-0.0980,0.2808,0.0926
21,3,2013     ,-0.7251,0.7651,-0.2959,-0.0369,0.0236,-0.0632,0.0473,0.2015,0.0616
21,3,2014     ,0.0478,0.0127,0.0176,0.1653,0.4115,0.0658,-0.0196,0.1530,0.1688
21,3,2015     ,-0.3136,-1.1987,-0.7820,-0.4689,0.0332,0.2310,0.5365,0.5237,0.3246
21,3,2016     ,1.1412,-0.2042,-0.2348,-0.0325,0.0091,0.2667,0.5878,0.8366,0.4994
21,3,2017     ,0.5369,-0.2981,-0.3580,0.5511,0.5296,0.1039,0.4835,0.8204,0.5354
21,3,2018     ,0.9541,-0.6702,-0.9383,-0.1198,0.7174,0.4937,0.6264,0.8740,0.8990
21,3,2019     ,-0.5010,-0.5047,-0.6496,0.0528,0.3095,0.5309,0.8708,0.7586,0.5934
21,3,2020     ,0.8693,-1.1393,0.4551,0.2483,-0.0870,-0.2510,0.6181,0.8594,0.5523
21,3,2021     ,0.1030,-0.1548,0.2552,0.3741,0.1984,0.2177,0.4954,0.7875,0.8436
21,3,2022     ,-0.7572,-1.1956,-0.0897,0.6689,0.2845,0.0232,0.2215,0.6566,0.4444
# Species,Quarter,Year, Age_0, Age_1, Age_2, Age_3, Age_4, Age_5, Age_6, Age_7, Age_8
21,4,1974     ,-0.4773,0.1121,-0.5014,-0.6444,-0.7787,-1.0673,-2.0897,-1.3166,-99.9
21,4,1975     ,-1.4669,-0.3176,0.1631,-0.2725,-0.9887,-1.1174,-0.7880,-1.3232,-2.4105
21,4,1976     ,-1.0273,-0.4841,0.8364,0.7819,-0.6748,-0.7099,-0.2462,-2.3185,-1.7343
21,4,1977     ,1.2067,-0.3088,-1.0377,-1.5654,-1.4097,-2.0774,-99.9,-99.9,-99.9
21,4,1978,-99.9,-99.9,-99.9,-99.9,-99.9,-99.9,-99.9,-99.9,-99.9
21,4,1979,-99.9,-99.9,-99.9,-99.9,-99.9,-99.9,-99.9,-99.9,-99.9
21,4,1980     ,1.0038,-0.3962,1.9713,1.7136,1.3367,1.5963,-0.2752,0.0414,-0.6595
21,4,1981     ,0.2777,-0.2447,1.2262,1.1159,1.2816,1.4087,1.6930,1.8509,1.1702
21,4,1982     ,1.1986,0.8777,0.0811,1.1823,1.0869,0.3593,0.1735,1.0484,-0.1093
21,4,1983     ,0.9019,0.1608,0.1745,0.0618,0.4974,0.4300,0.0115,-0.4238,0.1329
21,4,1984     ,0.2428,0.0558,-0.6087,-0.8290,-0.9792,-0.2414,-0.1438,-0.9202,-0.2482
21,4,1985     ,-2.8067,-0.7806,0.0260,-0.4601,-0.7388,-1.0313,-0.4528,-0.0643,-0.7027
21,4,1986     ,-2.6061,0.8372,-0.2894,-0.0121,-0.3057,-0.7822,-0.4899,-0.0122,0.4778
21,4,1987     ,1.9609,1.0388,0.5867,0.0124,-0.0286,-0.3317,-0.1449,-0.7584,-0.4952
21,4,1988     ,0.3853,0.8185,0.3020,0.3660,-0.0664,-0.0422,-0.3730,-0.8187,-1.5200
21,4,1989     ,0.3369,-0.0820,0.1178,0.1609,0.5735,0.4837,0.4353,0.2012,-0.1015
21,4,1990     ,-0.0683,0.9905,0.2896,0.1484,0.1925,0.3223,-0.2126,-0.0994,-0.6038
21,4,1991     ,0.5131,0.6879,0.0342,-0.0764,-0.2341,-0.0101,0.2044,-0.4015,-0.6635
21,4,1992     ,0.2742,0.0779,0.3722,-0.4222,-0.3803,-0.2819,0.1113,0.3198,-0.5909
21,4,1993     ,0.5319,-0.2293,0.0810,0.3680,-0.3322,-0.1882,-0.0759,0.0050,0.2801
21,4,1994     ,-0.1522,-0.9730,-0.2506,-0.0684,0.6160,-0.3800,0.1037,-0.1795,-0.2499
21,4,1995     ,0.5365,0.1184,0.2450,0.2413,0.1556,0.4014,-0.0264,0.0826,0.2388
21,4,1996     ,1.2701,-0.6208,0.2555,0.2556,-0.0614,0.1414,-0.3773,-0.5259,0.1933
21,4,1997     ,-0.2819,-0.5681,0.4129,0.6527,-0.0955,-0.4474,0.1209,-0.2518,0.3834
21,4,1998     ,-0.7200,-0.5349,0.4519,0.5163,0.1076,-0.2647,-0.2672,-0.8851,-0.9936
21,4,1999     ,-1.2077,-0.3871,0.5355,0.8493,0.3930,-0.1793,-0.6389,-0.2802,-1.7020
21,4,2000     ,-0.3314,-0.0776,0.4589,-0.0671,0.3677,0.3339,0.0753,-0.0483,-1.0152
21,4,2001     ,-0.2788,-0.2157,-0.5279,0.7396,0.2715,-0.6769,-1.2176,-1.2754,-3.4583
21,4,2002     ,-0.3413,0.0655,0.1400,0.4799,0.6637,-0.1622,0.2299,-0.0067,0.2081
21,4,2003     ,0.0634,0.8848,-0.0140,0.0110,-0.0655,0.0532,-0.2583,-0.3227,-1.1100
21,4,2004     ,0.3970,0.3780,-1.0047,0.0366,0.0978,0.1435,0.4940,0.3646,-0.0342
21,4,2005     ,0.4477,1.3709,-0.7269,-0.9569,-0.5077,-0.1209,0.1948,0.3933,0.3529
21,4,2006     ,-0.1487,0.1795,0.1152,-0.1635,-0.2912,-0.1265,0.2552,0.2998,0.1993
21,4,2007     ,0.3533,0.5346,-0.6642,-0.1995,0.0762,-0.1416,0.1308,0.7709,0.4742
21,4,2008     ,-0.1012,0.5793,-0.4571,-0.5825,-0.3759,0.2434,0.4966,0.1488,0.8907
21,4,2009     ,-0.0940,0.2596,0.1780,-0.6177,-0.1148,-0.3754,0.1983,0.2386,0.6104
21,4,2010     ,-0.0928,0.7830,0.1631,-0.1186,-0.4659,-0.3589,-0.0764,-0.0735,-0.0224
21,4,2011     ,0.6822,1.0864,-0.6717,0.0455,0.1044,-0.1616,-0.5165,-0.1521,0.2639
21,4,2012     ,0.2561,0.8085,0.0630,-0.3992,-0.1294,-0.4014,-0.2251,0.4104,0.1530
21,4,2013     ,-1.7698,0.5863,-0.3965,-0.3047,-0.3611,0.1905,0.5674,0.0745,0.9094
21,4,2014     ,-0.3889,-0.0588,-0.5357,-0.2018,-0.0140,0.2507,0.2682,0.4531,0.5089
21,4,2015     ,0.5894,-0.4027,0.0099,-0.6189,-0.4363,-0.0883,0.3719,0.9014,0.7678
21,4,2016     ,0.6811,-1.7611,-0.4627,0.2853,-0.0814,0.2096,0.6293,0.9068,0.8194
21,4,2017     ,0.6403,1.0065,-0.3739,0.3605,0.5372,0.1942,0.2843,0.5870,0.5302
21,4,2018     ,-0.0419,-0.1317,-0.4795,-0.1054,0.2478,0.5072,0.2701,0.4069,0.6868
21,4,2019     ,0.1211,0.0721,-0.9228,0.0462,0.2089,-0.0592,0.4840,0.3483,0.7327
21,4,2020     ,1.3127,-0.0648,-0.1011,-0.1353,-0.0331,0.0273,-0.0920,0.4200,-0.1497
21,4,2021     ,0.3084,-0.4074,-1.0136,-0.4094,0.3096,-0.0280,-0.1550,0.2619,0.1297
21,4,2022     ,0.0016,0.9387,-0.7773,-0.2186,-0.3122,0.2482,0.2459,0.1964,0.1771
# Species,Quarter,Year, Age_0, Age_1, Age_2, Age_3, Age_4
22,1,1974,-99.9,-99.9,-99.9,-99.9
22,1,1975,-99.9,-99.9,-99.9,-99.9
22,1,1976,-99.9,-99.9,-99.9,-99.9
22,1,1977,-99.9,-99.9,-99.9,-99.9
22,1,1978,-99.9,-99.9,-99.9,-99.9
22,1,1979,-99.9,-99.9,-99.9,-99.9
22,1,1980,-99.9,-99.9,-99.9,-99.9
22,1,1981,-99.9,-99.9,-99.9,-99.9
22,1,1982,-99.9,-99.9,-99.9,-99.9
22,1,1983,-99.9,-99.9,-99.9,-99.9
22,1,1984,-99.9,-99.9,-99.9,-99.9
22,1,1985,-99.9,-99.9,-99.9,-99.9
22,1,1986,-99.9,-99.9,-99.9,-99.9
22,1,1987,-99.9,-99.9,-99.9,-99.9
22,1,1988,-99.9,-99.9,-99.9,-99.9
22,1,1989,-99.9,-99.9,-99.9,-99.9
22,1,1990,-99.9,-99.9,-99.9,-99.9
22,1,1991,-99.9,-99.9,-99.9,-99.9
22,1,1992,-99.9,-99.9,-99.9,-99.9
22,1,1993,-99.9,-99.9,-99.9,-99.9
22,1,1994,-99.9,-99.9,-99.9,-99.9
22,1,1995,-99.9,-99.9,-99.9,-99.9
22,1,1996,-99.9,-99.9,-99.9,-99.9
22,1,1997,-99.9,-99.9,-99.9,-99.9
22,1,1998,-99.9,-99.9,-99.9,-99.9
22,1,1999,-99.9,-99.9,-99.9,-99.9
22,1,2000,-99.9,-99.9,-99.9,-99.9
22,1,2001,-99.9,-99.9,-99.9,-99.9
22,1,2002,-99.9,-99.9,-99.9,-99.9
22,1,2003,-99.9,-99.9,-99.9,-99.9
22,1,2004,-99.9,-99.9,-99.9,-99.9
22,1,2005,-99.9,-99.9,-99.9,-99.9
22,1,2006,-99.9,-99.9,-99.9,-99.9
22,1,2007,-99.9,-99.9,-99.9,-99.9
22,1,2008,-99.9,-99.9,-99.9,-99.9
22,1,2009,-99.9,-99.9,-99.9,-99.9
22,1,2010,-99.9,-99.9,-99.9,-99.9
22,1,2011,-99.9,-99.9,-99.9,-99.9
22,1,2012,-99.9,-99.9,-99.9,-99.9
22,1,2013,-99.9,-99.9,-99.9,-99.9
22,1,2014,-99.9,-99.9,-99.9,-99.9
22,1,2015,-99.9,-99.9,-99.9,-99.9
22,1,2016,-99.9,-99.9,-99.9,-99.9
22,1,2017,-99.9,-99.9,-99.9,-99.9
22,1,2018,-99.9,-99.9,-99.9,-99.9
22,1,2019,-99.9,-99.9,-99.9,-99.9
22,1,2020,-99.9,-99.9,-99.9,-99.9
22,1,2021,-99.9,-99.9,-99.9,-99.9
22,1,2022,-99.9,-99.9,-99.9,-99.9
# Species,Quarter,Year, Age_0, Age_1, Age_2, Age_3, Age_4
22,2,1974     ,0.1406,-0.2572,0.4772,0.5125
22,2,1975     ,-0.1818,0.0668,0.9759,-0.7513
22,2,1976     ,-0.2969,0.0322,-0.0481,-1.0047
22,2,1977     ,0.0799,-0.4775,0.2080,-1.5362
22,2,1978     ,-0.2768,-0.1577,0.5035,-0.3744
22,2,1979     ,-0.8390,0.2473,-0.0564,-2.1452
22,2,1980     ,-0.4170,0.4472,0.2084,0.3751
22,2,1981     ,-0.2134,0.2068,0.2784,-0.8719
22,2,1982     ,-0.6947,0.3395,-0.0228,-1.3944
22,2,1983     ,0.2225,0.0465,-0.6778,-2.8074
22,2,1984     ,1.0662,-0.1425,-0.8684,-3.8140
22,2,1985     ,-0.7721,0.0712,0.0043,-0.2047
22,2,1986     ,0.4468,-0.0135,-1.6256,-99.9
22,2,1987     ,1.0436,1.2271,-0.1710,-1.3221
22,2,1988     ,-0.0104,1.3328,-0.4125,-3.8509
22,2,1989     ,0.2981,-0.5055,0.4752,-99.9
22,2,1990     ,-0.3711,-0.5262,0.1959,-1.7757
22,2,1991     ,0.3805,-0.4068,-0.0792,-0.3603
22,2,1992     ,-0.0711,0.4983,0.7090,0.4784
22,2,1993     ,0.4346,-0.7151,-0.1429,2.2661
22,2,1994     ,-0.1402,-0.1420,1.0167,0.8200
22,2,1995     ,0.5864,0.0827,0.2324,-1.4868
22,2,1996     ,-0.1925,-0.2257,0.1489,0.3683
22,2,1997     ,0.2427,-0.5832,0.7413,1.0048
22,2,1998     ,-0.3985,0.3633,0.9585,-0.9810
22,2,1999     ,-0.4599,0.1921,-0.1933,0.0898
22,2,2000     ,-0.1127,0.3863,0.4573,-0.5612
22,2,2001     ,-0.0672,-0.0487,-0.3363,-0.1125
22,2,2002     ,-0.1054,0.0630,-0.0863,-0.1621
22,2,2003     ,-0.3539,-0.2254,-0.2928,0.8481
22,2,2004     ,-0.4377,-0.0849,-0.5598,-0.0993
22,2,2005     ,0.3174,-0.3169,-0.4801,-0.1442
22,2,2006     ,0.1712,-0.1766,-0.4244,0.2335
22,2,2007     ,0.8986,-0.6721,-0.8236,-1.0242
22,2,2008     ,-0.5463,-0.4887,-0.5564,-0.3292
22,2,2009     ,0.7825,-0.5985,-1.3688,-0.9257
22,2,2010     ,-0.3917,-0.1753,0.2285,0.7229
22,2,2011     ,0.1125,0.7334,-0.1951,-0.2264
22,2,2012     ,-1.6882,0.4547,1.4606,1.8238
22,2,2013     ,-0.0598,0.7028,0.3475,-0.6272
22,2,2014     ,-0.3140,-0.1456,0.6336,-0.7849
22,2,2015     ,-0.0439,-0.3215,-0.2196,1.1054
22,2,2016     ,0.0032,0.1142,-0.3601,1.5645
22,2,2017     ,0.3139,0.4840,-0.3200,-0.0499
22,2,2018     ,-0.4017,-0.4002,1.3304,1.4447
22,2,2019     ,0.0796,0.4075,0.1791,0.4256
22,2,2020     ,0.5133,-0.6164,0.8170,-0.0552
22,2,2021     ,-0.1763,0.0444,0.4912,2.1126
22,2,2022     ,0.2580,0.1095,-0.0934,1.2229
# Species,Quarter,Year, Age_0, Age_1, Age_2, Age_3, Age_4
22,3,1974     ,0.6997,-1.2371,-0.6202,-1.6642,-0.1602
22,3,1975     ,0.7529,-1.9567,-0.6644,-3.3375,-99.9
22,3,1976     ,0.3990,0.1418,0.4193,2.5996,0.3712
22,3,1977     ,-0.6002,0.6584,1.6935,1.8081,1.3169
22,3,1978     ,0.4689,0.4069,0.7053,0.5521,-1.9764
22,3,1979     ,2.8042,0.9609,1.9094,1.2908,0.2742
22,3,1980     ,0.6514,-0.2720,-0.2868,-1.0308,-1.5866
22,3,1981     ,0.8224,-0.4269,-0.6543,-1.0901,-1.4518
22,3,1982     ,0.0993,-2.8632,-99.9,-99.9,-99.9
22,3,1983     ,1.8722,-0.2716,1.5096,0.5210,-99.9
22,3,1984,-99.9,1.3808,0.2174,0.6913,-99.9
22,3,1985     ,-1.5862,-0.8019,1.0053,1.0642,-0.5077
22,3,1986     ,0.2676,1.6936,1.1557,-99.9,-99.9
22,3,1987     ,-4.7134,-1.3673,-3.3099,-99.9,-99.9
22,3,1988     ,0.2553,0.7739,0.2078,0.2616,-1.2035
22,3,1989     ,-1.5489,0.2126,0.3951,-99.9,-99.9
22,3,1990     ,-0.1835,0.4846,0.3811,0.8907,-1.1203
22,3,1991     ,0.3526,-0.3755,-1.2893,-1.4529,-1.6976
22,3,1992     ,-0.7101,-3.5784,-4.4964,-99.9,-99.9
22,3,1993     ,1.0273,0.1655,0.7173,1.3041,0.9001
22,3,1994,-99.9,-0.0637,0.9169,0.4313,-0.0233
22,3,1995     ,-2.1215,-0.4192,-0.2369,0.0802,0.0227
22,3,1996     ,0.1058,1.9657,0.0256,0.6833,2.6759
22,3,1997     ,-2.3701,1.1054,0.5524,0.6621,-0.3032
22,3,1998     ,1.8012,-0.0160,0.4122,-0.2975,-2.1072
22,3,1999     ,0.8632,0.7613,0.8497,1.2896,2.5978
22,3,2000     ,-2.7930,-1.4488,-0.8593,0.9993,-0.4198
22,3,2001     ,2.2990,3.0599,-0.7941,-0.8888,0.5656
22,3,2002,-99.9,-99.9,-99.9,-99.9,-99.9
22,3,2003     ,1.1657,0.3456,0.6754,-0.6672,-1.8238
22,3,2004     ,-0.1721,0.8509,0.3949,-0.9897,0.5901
22,3,2005,-99.9,-99.9,-99.9,-99.9,-99.9
22,3,2006,-99.9,-99.9,-99.9,-99.9,-99.9
22,3,2007,-99.9,-99.9,-99.9,-99.9,-99.9
22,3,2008,-99.9,-99.9,-99.9,-99.9,-99.9
22,3,2009     ,2.4312,3.4211,0.9256,0.7695,1.6376
22,3,2010,-99.9,-99.9,-99.9,-99.9,-99.9
22,3,2011,-99.9,-99.9,-99.9,-99.9,-99.9
22,3,2012     ,-0.8873,0.8241,3.1888,-1.8786,-4.4622
22,3,2013,-99.9,-1.0489,-0.5671,0.2259,-2.7437
22,3,2014     ,-0.1820,-2.1928,-0.7525,1.3848,1.6254
22,3,2015,-99.9,-99.9,-99.9,-99.9,-99.9
22,3,2016,-99.9,-99.9,-99.9,-99.9,-99.9
22,3,2017,-99.9,-99.9,-99.9,-99.9,-99.9
22,3,2018,-99.9,-99.9,-99.9,-99.9,-99.9
22,3,2019,-99.9,-99.9,-99.9,-99.9,-99.9
22,3,2020,-99.9,-99.9,-99.9,-99.9,-99.9
22,3,2021     ,-1.3636,-1.2137,-0.5267,-0.3799,1.5474
22,3,2022,-99.9,-99.9,-99.9,-99.9,-99.9
# Species,Quarter,Year, Age_0, Age_1, Age_2, Age_3, Age_4
22,4,1974,-99.9,-99.9,-99.9,-99.9,-99.9
22,4,1975,-99.9,-99.9,-99.9,-99.9,-99.9
22,4,1976,-99.9,-99.9,-99.9,-99.9,-99.9
22,4,1977,-99.9,-99.9,-99.9,-99.9,-99.9
22,4,1978,-99.9,-99.9,-99.9,-99.9,-99.9
22,4,1979,-99.9,-99.9,-99.9,-99.9,-99.9
22,4,1980,-99.9,-99.9,-99.9,-99.9,-99.9
22,4,1981,-99.9,-99.9,-99.9,-99.9,-99.9
22,4,1982,-99.9,-99.9,-99.9,-99.9,-99.9
22,4,1983,-99.9,-99.9,-99.9,-99.9,-99.9
22,4,1984,-99.9,-99.9,-99.9,-99.9,-99.9
22,4,1985,-99.9,-99.9,-99.9,-99.9,-99.9
22,4,1986,-99.9,-99.9,-99.9,-99.9,-99.9
22,4,1987,-99.9,-99.9,-99.9,-99.9,-99.9
22,4,1988,-99.9,-99.9,-99.9,-99.9,-99.9
22,4,1989,-99.9,-99.9,-99.9,-99.9,-99.9
22,4,1990,-99.9,-99.9,-99.9,-99.9,-99.9
22,4,1991,-99.9,-99.9,-99.9,-99.9,-99.9
22,4,1992,-99.9,-99.9,-99.9,-99.9,-99.9
22,4,1993,-99.9,-99.9,-99.9,-99.9,-99.9
22,4,1994,-99.9,-99.9,-99.9,-99.9,-99.9
22,4,1995,-99.9,-99.9,-99.9,-99.9,-99.9
22,4,1996,-99.9,-99.9,-99.9,-99.9,-99.9
22,4,1997,-99.9,-99.9,-99.9,-99.9,-99.9
22,4,1998,-99.9,-99.9,-99.9,-99.9,-99.9
22,4,1999,-99.9,-99.9,-99.9,-99.9,-99.9
22,4,2000,-99.9,-99.9,-99.9,-99.9,-99.9
22,4,2001,-99.9,-99.9,-99.9,-99.9,-99.9
22,4,2002,-99.9,-99.9,-99.9,-99.9,-99.9
22,4,2003,-99.9,-99.9,-99.9,-99.9,-99.9
22,4,2004,-99.9,-99.9,-99.9,-99.9,-99.9
22,4,2005,-99.9,-99.9,-99.9,-99.9,-99.9
22,4,2006,-99.9,-99.9,-99.9,-99.9,-99.9
22,4,2007,-99.9,-99.9,-99.9,-99.9,-99.9
22,4,2008,-99.9,-99.9,-99.9,-99.9,-99.9
22,4,2009,-99.9,-99.9,-99.9,-99.9,-99.9
22,4,2010,-99.9,-99.9,-99.9,-99.9,-99.9
22,4,2011,-99.9,-99.9,-99.9,-99.9,-99.9
22,4,2012,-99.9,-99.9,-99.9,-99.9,-99.9
22,4,2013,-99.9,-99.9,-99.9,-99.9,-99.9
22,4,2014,-99.9,-99.9,-99.9,-99.9,-99.9
22,4,2015,-99.9,-99.9,-99.9,-99.9,-99.9
22,4,2016,-99.9,-99.9,-99.9,-99.9,-99.9
22,4,2017,-99.9,-99.9,-99.9,-99.9,-99.9
22,4,2018,-99.9,-99.9,-99.9,-99.9,-99.9
22,4,2019,-99.9,-99.9,-99.9,-99.9,-99.9
22,4,2020,-99.9,-99.9,-99.9,-99.9,-99.9
22,4,2021,-99.9,-99.9,-99.9,-99.9,-99.9
22,4,2022,-99.9,-99.9,-99.9,-99.9,-99.9
# Species,Quarter,Year, Age_0, Age_1, Age_2, Age_3, Age_4
23,1,1974,-99.9,-99.9,-99.9,-99.9
23,1,1975,-99.9,-99.9,-99.9,-99.9
23,1,1976,-99.9,-99.9,-99.9,-99.9
23,1,1977,-99.9,-99.9,-99.9,-99.9
23,1,1978,-99.9,-99.9,-99.9,-99.9
23,1,1979,-99.9,-99.9,-99.9,-99.9
23,1,1980,-99.9,-99.9,-99.9,-99.9
23,1,1981,-99.9,-99.9,-99.9,-99.9
23,1,1982,-99.9,-99.9,-99.9,-99.9
23,1,1983,-99.9,-99.9,-99.9,-99.9
23,1,1984,-99.9,-99.9,-99.9,-99.9
23,1,1985,-99.9,-99.9,-99.9,-99.9
23,1,1986,-99.9,-99.9,-99.9,-99.9
23,1,1987,-99.9,-99.9,-99.9,-99.9
23,1,1988,-99.9,-99.9,-99.9,-99.9
23,1,1989,-99.9,-99.9,-99.9,-99.9
23,1,1990,-99.9,-99.9,-99.9,-99.9
23,1,1991,-99.9,-99.9,-99.9,-99.9
23,1,1992,-99.9,-99.9,-99.9,-99.9
23,1,1993,-99.9,-99.9,-99.9,-99.9
23,1,1994,-99.9,-99.9,-99.9,-99.9
23,1,1995,-99.9,-99.9,-99.9,-99.9
23,1,1996,-99.9,-99.9,-99.9,-99.9
23,1,1997,-99.9,-99.9,-99.9,-99.9
23,1,1998,-99.9,-99.9,-99.9,-99.9
23,1,1999,-99.9,-99.9,-99.9,-99.9
23,1,2000,-99.9,-99.9,-99.9,-99.9
23,1,2001,-99.9,-99.9,-99.9,-99.9
23,1,2002,-99.9,-99.9,-99.9,-99.9
23,1,2003,-99.9,-99.9,-99.9,-99.9
23,1,2004,-99.9,-99.9,-99.9,-99.9
23,1,2005,-99.9,-99.9,-99.9,-99.9
23,1,2006,-99.9,-99.9,-99.9,-99.9
23,1,2007,-99.9,-99.9,-99.9,-99.9
23,1,2008,-99.9,-99.9,-99.9,-99.9
23,1,2009,-99.9,-99.9,-99.9,-99.9
23,1,2010,-99.9,-99.9,-99.9,-99.9
23,1,2011,-99.9,-99.9,-99.9,-99.9
23,1,2012,-99.9,-99.9,-99.9,-99.9
23,1,2013,-99.9,-99.9,-99.9,-99.9
23,1,2014,-99.9,-99.9,-99.9,-99.9
23,1,2015,-99.9,-99.9,-99.9,-99.9
23,1,2016,-99.9,-99.9,-99.9,-99.9
23,1,2017,-99.9,-99.9,-99.9,-99.9
23,1,2018,-99.9,-99.9,-99.9,-99.9
23,1,2019,-99.9,-99.9,-99.9,-99.9
23,1,2020,-99.9,-99.9,-99.9,-99.9
23,1,2021,-99.9,-99.9,-99.9,-99.9
23,1,2022,-99.9,-99.9,-99.9,-99.9
# Species,Quarter,Year, Age_0, Age_1, Age_2, Age_3, Age_4
23,2,1974     ,0.5922,0.1466,-0.0482,0.7117
23,2,1975     ,-0.0282,-0.5151,0.4004,0.3636
23,2,1976     ,0.4003,0.0198,-0.3521,-0.2912
23,2,1977     ,-0.0004,0.1462,0.5377,0.6162
23,2,1978     ,0.0772,0.2601,-0.0585,-0.3086
23,2,1979     ,-0.5802,-0.1265,0.3426,0.9219
23,2,1980     ,0.0192,0.2308,-0.1615,-0.1258
23,2,1981     ,-0.3694,-0.3374,-0.1486,-0.0016
23,2,1982     ,-0.0388,-0.0501,-0.0079,0.9127
23,2,1983     ,-0.6536,0.7825,-0.0434,-0.3203
23,2,1984     ,0.2277,-0.3639,0.5773,-0.3639
23,2,1985     ,-1.0922,0.2640,0.7115,-2.3088
23,2,1986     ,0.3933,0.8841,-0.2193,-1.9492
23,2,1987     ,-0.1920,0.5705,0.2700,-1.2200
23,2,1988     ,-1.3203,0.5545,0.6000,1.0269
23,2,1989     ,0.7879,0.4130,-0.2240,0.5361
23,2,1990     ,-0.0486,0.0023,0.4996,-0.5775
23,2,1991     ,-0.0770,0.4490,-0.7072,0.2105
23,2,1992     ,0.5428,0.1741,-0.3570,-0.0016
23,2,1993     ,-0.4727,-0.1900,0.4180,0.7813
23,2,1994     ,0.0882,0.0053,-0.5700,0.7761
23,2,1995     ,0.3516,-0.2464,0.1386,-1.3587
23,2,1996     ,0.0333,-0.4132,-0.0541,0.0135
23,2,1997     ,0.1187,-0.2091,0.1570,0.0442
23,2,1998     ,0.1523,-0.0080,0.2898,-0.3180
23,2,1999     ,0.6005,-0.0661,-0.2300,-0.5389
23,2,2000     ,0.3045,-0.4103,-0.0543,-0.2709
23,2,2001     ,0.1188,-0.2696,-0.2251,0.2440
23,2,2002     ,0.5470,-0.0520,-0.1341,0.4893
23,2,2003     ,0.0856,-0.4032,0.1362,0.9130
23,2,2004     ,0.4396,-0.3048,-0.0180,0.1911
23,2,2005     ,-0.0070,-0.4238,0.0569,-0.2075
23,2,2006     ,0.2176,-0.3930,-0.5399,0.0572
23,2,2007     ,0.0339,-0.0050,-0.3480,0.1520
23,2,2008     ,0.1133,-0.2335,-0.3126,-0.0126
23,2,2009     ,-0.2139,-0.0748,-0.3129,-0.6499
23,2,2010     ,0.2248,-0.0905,0.0132,0.0096
23,2,2011     ,-0.7030,0.5999,0.5007,-0.1001
23,2,2012     ,-0.6403,0.0929,0.6421,0.1005
23,2,2013     ,-0.2573,0.4813,0.5257,-0.2801
23,2,2014     ,-0.1749,-0.0773,-0.1944,-0.3590
23,2,2015     ,0.2613,-0.6537,-0.0874,0.2285
23,2,2016     ,-0.5580,0.3498,0.0754,0.3778
23,2,2017     ,0.2078,0.1543,0.1200,-1.8591
23,2,2018     ,-0.5491,0.0614,0.0891,-1.1492
23,2,2019     ,0.2153,-0.1455,-0.2115,-1.0684
23,2,2020     ,0.3138,-0.3802,0.2532,-0.0859
23,2,2021     ,0.5940,-0.0623,-0.0282,0.2910
23,2,2022     ,0.2591,-0.4756,-0.0089,0.8762
# Species,Quarter,Year, Age_0, Age_1, Age_2, Age_3, Age_4
23,3,1974     ,-1.2293,-0.3168,-3.4488,-99.9,-3.5806
23,3,1975     ,-1.1720,-0.8401,1.3933,-0.0345,1.1065
23,3,1976,-99.9,-1.3207,0.7764,0.8682,0.2646
23,3,1977     ,2.3527,-1.8514,-2.6411,-3.5577,-1.7203
23,3,1978     ,3.8412,-0.5069,-0.8652,-0.0462,0.3589
23,3,1979     ,0.3380,0.7728,0.1921,-0.3493,1.0597
23,3,1980     ,-2.1815,0.4625,0.0847,0.5482,-1.5019
23,3,1981     ,2.8752,-1.3363,0.4755,-0.5334,-0.7738
23,3,1982     ,2.6496,-0.4275,-0.3071,0.0793,-0.6271
23,3,1983     ,2.3264,-0.2965,0.9303,2.0363,-2.9066
23,3,1984,-99.9,1.0813,-0.7199,0.3155,0.1974
23,3,1985     ,1.1787,-0.0809,0.4539,3.3701,0.5756
23,3,1986     ,-0.7526,0.5817,0.0109,0.2479,-0.0973
23,3,1987     ,0.2033,1.2807,1.1770,0.3267,-0.5610
23,3,1988,-99.9,-99.9,-0.6483,1.0186,-0.1136
23,3,1989     ,-6.7864,-0.9059,-1.1545,-1.7389,-0.9866
23,3,1990     ,-0.6365,-0.1569,-0.8332,-0.2577,-1.3555
23,3,1991     ,2.2243,1.9085,-0.1803,-0.4851,-99.9
23,3,1992     ,-0.7546,0.2246,-0.5904,0.3285,-0.3675
23,3,1993     ,1.0111,-0.1361,-0.4666,0.5368,0.8130
23,3,1994,-99.9,0.5760,0.4180,-0.0071,1.3880
23,3,1995     ,-2.2885,0.3199,0.8920,1.0384,0.1367
23,3,1996     ,1.4571,1.2362,0.8600,0.2504,2.4019
23,3,1997     ,-3.2403,1.2868,-0.1693,-0.1740,0.2907
23,3,1998     ,-3.0946,-0.5570,-0.0816,0.3107,-0.1348
23,3,1999     ,-0.7866,-0.1038,-0.7530,0.1713,1.1202
23,3,2000     ,1.4851,0.4171,-0.2779,1.0683,0.8154
23,3,2001     ,3.0308,-0.1232,-0.0457,0.0040,1.5957
23,3,2002     ,-2.8808,-0.8732,-1.1483,-0.6692,1.2285
23,3,2003     ,0.7422,-0.0269,1.1830,0.0160,0.5466
23,3,2004     ,0.0991,0.6148,0.8955,0.9419,0.9029
23,3,2005     ,-0.1141,0.6659,1.1339,1.9393,2.1388
23,3,2006     ,-1.2679,0.5449,0.8109,1.1841,2.4480
23,3,2007,-99.9,-99.9,-99.9,-99.9,-99.9
23,3,2008,-99.9,-99.9,-99.9,-99.9,-99.9
23,3,2009     ,0.2367,1.0320,0.4066,0.2479,-1.2992
23,3,2010     ,0.2099,0.1263,-0.2104,-0.6017,-0.2565
23,3,2011,-99.9,-99.9,-99.9,-99.9,-99.9
23,3,2012,-99.9,-99.9,-99.9,-99.9,-99.9
23,3,2013     ,-2.8223,0.3420,0.9247,1.3803,-0.5342
23,3,2014     ,2.0377,-1.4762,-0.1414,0.1574,0.1170
23,3,2015,-99.9,-99.9,-99.9,-99.9,-99.9
23,3,2016,-99.9,-99.9,-99.9,-99.9,-99.9
23,3,2017     ,-2.0166,-0.2980,-0.5628,-0.5181,-0.9587
23,3,2018     ,0.7873,0.0974,0.9779,0.8789,-0.9160
23,3,2019     ,4.5811,0.5560,-0.4685,-1.2129,-2.9491
23,3,2020     ,0.8097,-1.3413,-1.3402,-0.8720,-0.8670
23,3,2021     ,-2.4771,-0.6582,-0.7283,-1.7042,-0.9911
23,3,2022,-99.9,-99.9,-99.9,-99.9,-99.9
# Species,Quarter,Year, Age_0, Age_1, Age_2, Age_3, Age_4
23,4,1974,-99.9,-99.9,-99.9,-99.9,-99.9
23,4,1975,-99.9,-99.9,-99.9,-99.9,-99.9
23,4,1976,-99.9,-99.9,-99.9,-99.9,-99.9
23,4,1977,-99.9,-99.9,-99.9,-99.9,-99.9
23,4,1978,-99.9,-99.9,-99.9,-99.9,-99.9
23,4,1979,-99.9,-99.9,-99.9,-99.9,-99.9
23,4,1980,-99.9,-99.9,-99.9,-99.9,-99.9
23,4,1981,-99.9,-99.9,-99.9,-99.9,-99.9
23,4,1982,-99.9,-99.9,-99.9,-99.9,-99.9
23,4,1983,-99.9,-99.9,-99.9,-99.9,-99.9
23,4,1984,-99.9,-99.9,-99.9,-99.9,-99.9
23,4,1985,-99.9,-99.9,-99.9,-99.9,-99.9
23,4,1986,-99.9,-99.9,-99.9,-99.9,-99.9
23,4,1987,-99.9,-99.9,-99.9,-99.9,-99.9
23,4,1988,-99.9,-99.9,-99.9,-99.9,-99.9
23,4,1989,-99.9,-99.9,-99.9,-99.9,-99.9
23,4,1990,-99.9,-99.9,-99.9,-99.9,-99.9
23,4,1991,-99.9,-99.9,-99.9,-99.9,-99.9
23,4,1992,-99.9,-99.9,-99.9,-99.9,-99.9
23,4,1993,-99.9,-99.9,-99.9,-99.9,-99.9
23,4,1994,-99.9,-99.9,-99.9,-99.9,-99.9
23,4,1995,-99.9,-99.9,-99.9,-99.9,-99.9
23,4,1996,-99.9,-99.9,-99.9,-99.9,-99.9
23,4,1997,-99.9,-99.9,-99.9,-99.9,-99.9
23,4,1998,-99.9,-99.9,-99.9,-99.9,-99.9
23,4,1999,-99.9,-99.9,-99.9,-99.9,-99.9
23,4,2000,-99.9,-99.9,-99.9,-99.9,-99.9
23,4,2001,-99.9,-99.9,-99.9,-99.9,-99.9
23,4,2002,-99.9,-99.9,-99.9,-99.9,-99.9
23,4,2003,-99.9,-99.9,-99.9,-99.9,-99.9
23,4,2004,-99.9,-99.9,-99.9,-99.9,-99.9
23,4,2005,-99.9,-99.9,-99.9,-99.9,-99.9
23,4,2006,-99.9,-99.9,-99.9,-99.9,-99.9
23,4,2007,-99.9,-99.9,-99.9,-99.9,-99.9
23,4,2008,-99.9,-99.9,-99.9,-99.9,-99.9
23,4,2009,-99.9,-99.9,-99.9,-99.9,-99.9
23,4,2010,-99.9,-99.9,-99.9,-99.9,-99.9
23,4,2011,-99.9,-99.9,-99.9,-99.9,-99.9
23,4,2012,-99.9,-99.9,-99.9,-99.9,-99.9
23,4,2013,-99.9,-99.9,-99.9,-99.9,-99.9
23,4,2014,-99.9,-99.9,-99.9,-99.9,-99.9
23,4,2015,-99.9,-99.9,-99.9,-99.9,-99.9
23,4,2016,-99.9,-99.9,-99.9,-99.9,-99.9
23,4,2017,-99.9,-99.9,-99.9,-99.9,-99.9
23,4,2018,-99.9,-99.9,-99.9,-99.9,-99.9
23,4,2019,-99.9,-99.9,-99.9,-99.9,-99.9
23,4,2020,-99.9,-99.9,-99.9,-99.9,-99.9
23,4,2021,-99.9,-99.9,-99.9,-99.9,-99.9
23,4,2022,-99.9,-99.9,-99.9,-99.9,-99.9
# Species,Quarter,Year, Age_0, Age_1, Age_2, Age_3
24,1,1974     ,0.0136,-0.8192,-1.6238
24,1,1975     ,-0.4630,0.1725,0.9918
24,1,1976     ,-0.5263,-0.8816,0.7940
24,1,1977     ,0.6777,-0.2604,0.1477
24,1,1978     ,0.0595,-0.1164,0.1138
24,1,1979     ,0.0652,0.1954,0.8087
24,1,1980     ,-0.1483,-0.4868,0.3247
24,1,1981     ,0.9182,0.2043,0.1642
24,1,1982     ,0.7441,0.7618,1.2391
24,1,1983     ,-0.0813,0.3292,0.2066
24,1,1984     ,-0.7807,-0.1993,1.2785
24,1,1985     ,-0.3334,-0.7762,0.7709
24,1,1986     ,-1.5008,1.5701,2.0890
24,1,1987     ,0.0890,-0.8507,-0.5597
24,1,1988     ,-1.0822,0.6195,0.2364
24,1,1989     ,0.1171,-1.9532,-1.8245
24,1,1990     ,0.2558,0.1268,-0.0286
24,1,1991     ,-0.4011,0.4599,0.5866
24,1,1992     ,0.2469,0.9327,1.9659
24,1,1993     ,-0.0909,-1.4068,-1.8344
24,1,1994     ,0.5786,0.4331,0.1487
24,1,1995     ,0.6075,-0.0765,-1.0200
24,1,1996     ,-0.4684,-0.3473,-0.9069
24,1,1997     ,-0.9872,-0.0017,-0.2567
24,1,1998     ,-0.2216,-0.0197,0.3788
24,1,1999     ,-1.4919,-0.4652,-0.5571
24,1,2000     ,-0.8585,-0.6558,-2.0489
24,1,2001     ,0.0048,0.8948,0.5531
24,1,2002     ,-0.1809,-0.2980,-2.0972
24,1,2003     ,1.4148,1.8662,2.5645
24,1,2004     ,1.0140,2.3063,2.4667
24,1,2005,-99.9,-99.9,-99.9
24,1,2006     ,0.2526,2.2604,2.0224
24,1,2007,-99.9,-99.9,-99.9
24,1,2008     ,-0.8466,0.7259,-2.8970
24,1,2009     ,0.9442,-1.4997,-99.9
24,1,2010,-99.9,-99.9,-99.9
24,1,2011,-99.9,-99.9,-99.9
24,1,2012     ,-1.3281,-0.9857,-1.6814
24,1,2013     ,-2.1302,-3.1353,-2.4747
24,1,2014     ,-0.4375,0.9255,0.2040
24,1,2015     ,0.0475,0.2325,-0.0702
24,1,2016     ,-0.5144,-0.0183,0.3702
24,1,2017     ,0.7227,-1.8937,-3.2288
24,1,2018     ,-2.6644,0.0753,-0.2692
24,1,2019     ,-0.1768,0.1995,0.7724
24,1,2020     ,1.2357,1.7600,0.7801
24,1,2021     ,-0.3799,2.0421,1.4219
24,1,2022     ,-2.9058,0.6959,-0.0872
# Species,Quarter,Year, Age_0, Age_1, Age_2, Age_3
24,2,1974     ,0.4537,-0.4034,-0.7756
24,2,1975     ,1.0877,-0.3636,-0.4519
24,2,1976     ,0.8544,0.2262,0.9151
24,2,1977     ,0.6445,-0.2847,-0.8398
24,2,1978     ,0.1003,0.1078,1.3475
24,2,1979     ,0.4852,-0.1987,-0.5732
24,2,1980     ,-0.0131,-0.0586,0.0376
24,2,1981     ,1.2410,0.2503,0.7126
24,2,1982     ,1.1596,1.3113,-0.5264
24,2,1983     ,-0.0736,1.2310,0.2799
24,2,1984     ,-0.2091,0.5168,2.3637
24,2,1985     ,-0.3988,-1.8796,-1.0647
24,2,1986     ,-1.0639,-0.0468,-0.7595
24,2,1987     ,0.0148,-1.7976,-99.9
24,2,1988     ,-1.2022,-0.7499,-99.9
24,2,1989     ,-0.0193,-0.0887,-1.4442
24,2,1990     ,1.0108,0.9590,0.2842
24,2,1991     ,-0.4394,0.2102,-0.4670
24,2,1992     ,0.1325,0.3938,0.4471
24,2,1993     ,-0.1393,-0.8479,0.1172
24,2,1994     ,-0.2536,0.6014,-0.1207
24,2,1995     ,0.6372,0.7834,0.9727
24,2,1996     ,0.4245,-0.8245,0.4200
24,2,1997     ,-2.1545,-0.1318,0.3963
24,2,1998     ,0.3565,-0.0126,-0.3339
24,2,1999     ,-0.1814,0.9249,0.0098
24,2,2000     ,-0.9741,0.2097,1.0415
24,2,2001     ,0.3428,0.4541,1.7604
24,2,2002     ,0.3650,-1.2255,-2.9975
24,2,2003     ,-0.1833,-0.3093,1.0893
24,2,2004     ,-1.9653,-0.6254,0.3955
24,2,2005,-99.9,-99.9,-99.9
24,2,2006     ,-0.7965,0.4165,1.4609
24,2,2007,-99.9,-99.9,-99.9
24,2,2008     ,-0.0725,0.4832,-3.2187
24,2,2009     ,-1.0328,0.3716,0.2000
24,2,2010     ,0.6846,1.5456,-0.0554
24,2,2011     ,-0.9860,-0.7849,-1.7289
24,2,2012     ,-0.5626,-0.2895,-0.9985
24,2,2013     ,1.0801,-0.0532,-0.4320
24,2,2014     ,-0.7292,-0.4581,-0.4131
24,2,2015     ,0.4209,-0.2271,-1.0824
24,2,2016     ,0.5447,-0.2661,0.6858
24,2,2017     ,0.4601,-0.0875,-0.1884
24,2,2018     ,0.4069,-0.1735,0.0403
24,2,2019     ,0.5250,1.8048,1.0751
24,2,2020     ,-0.3039,-0.0296,1.2751
24,2,2021     ,0.3103,0.3220,0.3894
24,2,2022     ,0.3395,-0.6270,-0.0090
# Species,Quarter,Year, Age_0, Age_1, Age_2, Age_3
24,3,1974     ,0.2740,0.1879,0.4314,2.2771
24,3,1975     ,0.2899,0.4559,-0.8355,-1.2094
24,3,1976     ,-0.9763,-0.0418,-0.1949,-1.3470
24,3,1977     ,-1.0132,0.0181,0.0819,1.6314
24,3,1978     ,-0.0137,0.1965,-0.1403,0.3037
24,3,1979     ,1.1021,0.0640,0.4525,0.8171
24,3,1980     ,-1.2777,0.3786,0.4911,0.3454
24,3,1981     ,-0.8928,0.9515,0.2995,0.0700
24,3,1982     ,-0.4170,1.2378,1.3241,1.2806
24,3,1983     ,0.3403,0.3985,1.0498,1.7191
24,3,1984     ,-4.9210,-0.0856,0.4219,-0.3136
24,3,1985     ,-3.9244,-0.4548,-0.2855,0.5970
24,3,1986,-99.9,-0.2316,0.4921,0.6713
24,3,1987     ,-2.5395,-0.2301,-1.1456,-2.6809
24,3,1988     ,2.1483,-1.2509,-0.0901,-99.9
24,3,1989     ,0.3802,0.1431,0.0401,-0.9926
24,3,1990     ,-1.5967,-0.3580,-0.7491,-0.1886
24,3,1991     ,0.8661,-0.2820,-0.8454,0.5796
24,3,1992     ,2.5148,0.1344,0.0014,-1.9841
24,3,1993     ,-0.2530,-0.4775,-0.5750,-0.0396
24,3,1994     ,1.0631,0.0537,0.4710,1.4835
24,3,1995     ,2.5240,0.1714,-1.5728,-0.8164
24,3,1996     ,1.8369,0.3417,0.1957,1.0156
24,3,1997     ,1.3917,0.5076,0.2519,0.8392
24,3,1998     ,0.7183,0.2845,-0.6032,-2.2274
24,3,1999     ,-0.9533,0.5160,0.7457,-0.3535
24,3,2000     ,0.6742,-0.1912,-0.2250,0.6958
24,3,2001     ,0.4527,-0.4369,-2.4269,-2.2792
24,3,2002     ,2.5368,0.2928,0.6718,-0.7643
24,3,2003     ,0.4287,-0.2982,-0.4619,0.1340
24,3,2004     ,1.1657,-0.4690,-0.5336,0.0618
24,3,2005,-99.9,-99.9,-99.9,-99.9
24,3,2006     ,-0.1758,-1.1253,-0.2541,-0.2470
24,3,2007,-99.9,-99.9,-99.9,-99.9
24,3,2008,-99.9,-0.0602,0.4184,-99.9
24,3,2009     ,1.2953,0.6612,1.8082,0.0870
24,3,2010,-99.9,-0.1885,0.2767,-0.7122
24,3,2011,-99.9,1.5037,0.7197,0.8147
24,3,2012     ,-1.9717,-1.0859,-0.7741,-1.6689
24,3,2013     ,-0.2698,0.2462,0.1876,0.6985
24,3,2014     ,1.4350,0.0930,-0.2976,-0.7294
24,3,2015     ,-0.0425,0.3115,0.6569,-1.9507
24,3,2016     ,-1.0262,0.1196,-0.5811,0.0226
24,3,2017     ,0.1131,0.0214,0.4296,1.4901
24,3,2018     ,-0.2408,-0.6818,-0.6027,0.3849
24,3,2019     ,0.9679,0.4648,-0.3142,-1.3978
24,3,2020     ,-0.2318,0.0823,-1.1204,0.0445
24,3,2021     ,-1.9359,-0.3869,-0.8686,-0.9841
24,3,2022     ,0.4863,-0.0704,-0.3499,-0.3338
# Species,Quarter,Year, Age_0, Age_1, Age_2, Age_3
24,4,1974     ,-0.2450,0.3065,0.4380,-0.3668
24,4,1975     ,0.3125,-0.5708,0.2364,0.5746
24,4,1976     ,0.0432,-0.3004,-0.0279,0.9675
24,4,1977     ,-0.1728,0.1683,-0.6904,-0.4230
24,4,1978     ,-1.1078,-0.1866,-0.4565,-1.0642
24,4,1979     ,-1.5477,-0.4835,-0.4850,-0.4331
24,4,1980     ,-0.4125,-0.0642,-0.1731,-0.4032
24,4,1981     ,2.9150,0.9217,-0.2711,-1.4210
24,4,1982     ,-0.9372,0.6284,-0.3289,-99.9
24,4,1983     ,-0.4194,0.2373,0.3196,1.2363
24,4,1984     ,0.3351,-0.2960,0.3610,-99.9
24,4,1985     ,-1.6529,0.7336,-0.4590,-99.9
24,4,1986     ,1.5243,0.3199,-0.8224,-99.9
24,4,1987     ,-1.5435,0.3215,0.0205,0.5433
24,4,1988     ,1.1736,0.1021,0.8266,-99.9
24,4,1989     ,1.3757,0.3371,-0.4652,0.2674
24,4,1990     ,-0.1449,-0.0543,-0.7083,-0.4139
24,4,1991     ,-0.0731,-0.4798,-0.2117,0.7757
24,4,1992     ,0.2015,-0.0450,-0.0193,-1.2480
24,4,1993     ,-0.1574,-0.3138,-0.3989,-1.7502
24,4,1994     ,0.4549,0.2638,-0.1556,-99.9
24,4,1995     ,1.0418,0.5364,-1.0083,-0.8030
24,4,1996     ,0.5765,-0.0627,-0.5620,-3.7465
24,4,1997     ,0.1000,0.1110,-0.0001,-0.2509
24,4,1998     ,-0.4220,0.5968,-0.7787,-0.1499
24,4,1999     ,-0.1109,-0.2595,0.3088,-0.7531
24,4,2000     ,-0.3171,1.0774,0.0161,-0.5501
24,4,2001     ,0.5801,0.4433,0.4892,-2.6283
24,4,2002     ,0.0380,0.1933,1.2638,-0.5674
24,4,2003     ,-3.5450,-1.7854,0.0663,1.0765
24,4,2004     ,0.5919,-0.0205,0.0002,-1.2408
24,4,2005,-99.9,-99.9,-99.9,-99.9
24,4,2006     ,1.4911,0.7634,-0.3206,-2.3742
24,4,2007,-99.9,-99.9,-99.9,-99.9
24,4,2008     ,2.4472,0.5951,-1.0472,-99.9
24,4,2009     ,-2.3595,-0.9954,-1.5319,-3.2421
24,4,2010,-99.9,-0.8491,-0.3098,-4.8268
24,4,2011     ,-1.5128,0.5836,0.3396,-4.6730
24,4,2012     ,1.7011,2.4896,2.7689,-0.1324
24,4,2013     ,0.0695,0.5188,0.7538,1.2268
24,4,2014     ,1.2815,0.8128,-0.5412,-99.9
24,4,2015     ,-1.1008,-0.0869,-0.8749,-0.8908
24,4,2016     ,0.6759,-0.2627,-0.1128,-99.9
24,4,2017     ,-1.2948,0.3020,0.0161,-0.3295
24,4,2018     ,1.0638,-0.0460,0.6082,-99.9
24,4,2019     ,1.2128,0.2501,-0.5224,-99.9
24,4,2020     ,-0.7721,0.1740,-1.0297,-0.5989
24,4,2021     ,-0.3782,-0.2854,-0.2564,-0.7461
24,4,2022     ,0.4014,0.4579,0.4512,0.3342
# Species,Quarter,Year, Age_0, Age_1, Age_2, Age_3
25,1,1974     ,0.7095,-0.1430,-0.7047
25,1,1975     ,-0.5800,0.2609,1.1105
25,1,1976     ,-0.5674,0.5448,1.8561
25,1,1977     ,1.1578,0.1880,0.4835
25,1,1978     ,1.6117,0.5060,2.3043
25,1,1979     ,0.5662,0.9709,2.5215
25,1,1980     ,-0.1100,-0.5330,-0.9921
25,1,1981     ,0.7279,0.6025,-0.2906
25,1,1982     ,0.0847,1.9822,1.1720
25,1,1983     ,1.4123,-0.6110,-1.2764
25,1,1984     ,1.2199,0.9894,-1.2767
25,1,1985     ,0.2516,-0.1107,-1.4350
25,1,1986     ,-1.6299,-1.1194,-0.2689
25,1,1987     ,1.1642,0.0309,-2.6407
25,1,1988     ,-0.3746,0.1908,0.2904
25,1,1989     ,2.7299,1.9390,1.5674
25,1,1990     ,-0.5707,-0.0690,-0.6296
25,1,1991,-99.9,-99.9,-99.9
25,1,1992,-99.9,-99.9,-99.9
25,1,1993     ,0.4911,0.8612,0.4139
25,1,1994     ,0.7044,1.4198,1.9376
25,1,1995     ,-0.6454,0.0453,0.8812
25,1,1996     ,1.9431,1.5122,1.1911
25,1,1997     ,1.5984,0.2973,0.2899
25,1,1998     ,0.0192,-0.0370,0.7727
25,1,1999     ,0.8068,1.1059,2.5383
25,1,2000     ,1.0869,1.1208,2.2639
25,1,2001     ,0.4333,1.1096,2.0356
25,1,2002     ,-1.5590,-0.0787,-0.1715
25,1,2003     ,0.5708,0.5477,1.6149
25,1,2004     ,-0.1092,-2.7536,-0.3221
25,1,2005     ,1.2641,-0.6929,-0.0423
25,1,2006     ,0.4171,0.7163,0.4712
25,1,2007     ,-1.0613,-0.9588,0.3779
25,1,2008     ,0.1318,-0.5171,-0.5634
25,1,2009     ,0.3989,-0.6929,-0.0923
25,1,2010     ,-1.1697,1.1046,1.6777
25,1,2011     ,-0.8092,0.8668,0.6296
25,1,2012     ,-2.1167,-1.1620,-0.6891
25,1,2013     ,-1.6427,-0.0890,-0.4787
25,1,2014     ,-0.5808,-4.4717,-1.5848
25,1,2015     ,0.2227,-0.1434,-0.4459
25,1,2016     ,-1.6273,-0.6371,-0.3398
25,1,2017     ,-0.1416,-1.9071,-1.8534
25,1,2018     ,-0.6437,-0.2380,0.7824
25,1,2019     ,-1.6278,-0.0005,0.5295
25,1,2020     ,-1.3955,-3.7674,-4.5968
25,1,2021     ,-2.5319,-1.8227,-2.8395
25,1,2022     ,-1.1414,-2.5641,-4.1138
# Species,Quarter,Year, Age_0, Age_1, Age_2, Age_3
25,2,1974,-99.9,-99.9,-99.9
25,2,1975,-99.9,-99.9,-99.9
25,2,1976,-99.9,-99.9,-99.9
25,2,1977,-99.9,-99.9,-99.9
25,2,1978,-99.9,-99.9,-99.9
25,2,1979,-99.9,-99.9,-99.9
25,2,1980,-99.9,-99.9,-99.9
25,2,1981,-99.9,-99.9,-99.9
25,2,1982,-99.9,-99.9,-99.9
25,2,1983,-99.9,-99.9,-99.9
25,2,1984,-99.9,-99.9,-99.9
25,2,1985,-99.9,-99.9,-99.9
25,2,1986,-99.9,-99.9,-99.9
25,2,1987,-99.9,-99.9,-99.9
25,2,1988,-99.9,-99.9,-99.9
25,2,1989,-99.9,-99.9,-99.9
25,2,1990,-99.9,-99.9,-99.9
25,2,1991,-99.9,-99.9,-99.9
25,2,1992,-99.9,-99.9,-99.9
25,2,1993,-99.9,-99.9,-99.9
25,2,1994,-99.9,-99.9,-99.9
25,2,1995,-99.9,-99.9,-99.9
25,2,1996,-99.9,-99.9,-99.9
25,2,1997,-99.9,-99.9,-99.9
25,2,1998,-99.9,-99.9,-99.9
25,2,1999,-99.9,-99.9,-99.9
25,2,2000,-99.9,-99.9,-99.9
25,2,2001,-99.9,-99.9,-99.9
25,2,2002,-99.9,-99.9,-99.9
25,2,2003,-99.9,-99.9,-99.9
25,2,2004,-99.9,-99.9,-99.9
25,2,2005,-99.9,-99.9,-99.9
25,2,2006,-99.9,-99.9,-99.9
25,2,2007,-99.9,-99.9,-99.9
25,2,2008,-99.9,-99.9,-99.9
25,2,2009,-99.9,-99.9,-99.9
25,2,2010,-99.9,-99.9,-99.9
25,2,2011,-99.9,-99.9,-99.9
25,2,2012,-99.9,-99.9,-99.9
25,2,2013,-99.9,-99.9,-99.9
25,2,2014,-99.9,-99.9,-99.9
25,2,2015,-99.9,-99.9,-99.9
25,2,2016,-99.9,-99.9,-99.9
25,2,2017,-99.9,-99.9,-99.9
25,2,2018,-99.9,-99.9,-99.9
25,2,2019,-99.9,-99.9,-99.9
25,2,2020,-99.9,-99.9,-99.9
25,2,2021,-99.9,-99.9,-99.9
25,2,2022,-99.9,-99.9,-99.9
# Species,Quarter,Year, Age_0, Age_1, Age_2, Age_3
25,3,1974,-99.9,-0.3316,0.4041,1.0944
25,3,1975,-99.9,-0.1140,0.0055,-0.1560
25,3,1976,-99.9,-0.3390,-0.2156,-0.3334
25,3,1977,-99.9,-0.1594,-0.2586,-0.0469
25,3,1978,-99.9,0.3785,-1.3192,-0.6555
25,3,1979,-99.9,0.3142,-1.5788,0.3554
25,3,1980,-99.9,-0.7013,0.2115,0.7255
25,3,1981,-99.9,0.4823,-0.5456,-1.0356
25,3,1982,-99.9,0.9210,-0.3163,-0.3763
25,3,1983,-99.9,-0.4461,-0.0601,0.0271
25,3,1984,-99.9,0.4552,0.0718,-2.3029
25,3,1985,-99.9,-0.6454,0.5305,-0.2759
25,3,1986,-99.9,-2.7837,-0.6292,0.7363
25,3,1987,-99.9,0.4361,0.1815,-1.5244
25,3,1988,-99.9,0.0125,1.0195,-0.1134
25,3,1989,-99.9,0.6444,3.0902,-1.5970
25,3,1990,-99.9,-0.7527,1.2375,1.5580
25,3,1991,-99.9,-1.4110,0.8646,-1.7532
25,3,1992,-99.9,1.6182,0.8037,1.8213
25,3,1993,-99.9,-0.6287,1.6814,0.5239
25,3,1994,-99.9,1.7214,-0.3823,0.6332
25,3,1995,-99.9,0.7728,-0.2512,0.6452
25,3,1996,-99.9,-2.1160,-0.6634,0.4722
25,3,1997,-99.9,-0.2250,-1.1094,0.4515
25,3,1998,-99.9,-0.2350,0.1975,0.9620
25,3,1999,-99.9,1.0516,-0.2071,0.2681
25,3,2000,-99.9,0.6449,0.0088,-0.0947
25,3,2001,-99.9,0.1223,-1.4403,-3.0234
25,3,2002,-99.9,0.1563,-0.5021,0.2580
25,3,2003,-99.9,-0.1697,-0.5097,0.1201
25,3,2004,-99.9,-0.3857,-0.3323,0.1267
25,3,2005,-99.9,0.2344,-0.7052,0.5116
25,3,2006,-99.9,-0.9374,-0.9610,0.8317
25,3,2007,-99.9,-0.8531,-1.1322,-0.6406
25,3,2008,-99.9,-1.8641,0.4772,1.6432
25,3,2009,-99.9,-0.0712,-0.8373,-0.6406
25,3,2010,-99.9,-0.9937,-1.1171,-0.2707
25,3,2011,-99.9,-1.0023,-0.3967,-0.2547
25,3,2012,-99.9,-0.3037,-0.5974,-0.7389
25,3,2013,-99.9,-0.4280,-0.6705,-0.8504
25,3,2014,-99.9,1.0921,0.7629,0.8572
25,3,2015,-99.9,0.1193,-0.5229,-0.5902
25,3,2016,-99.9,0.0785,0.0402,-0.5496
25,3,2017,-99.9,0.5961,0.2508,0.3283
25,3,2018,-99.9,0.1884,0.5447,1.1060
25,3,2019,-99.9,0.4126,0.5576,0.0728
25,3,2020,-99.9,0.4526,0.3510,0.1257
25,3,2021,-99.9,0.8483,0.6931,0.5491
25,3,2022,-99.9,1.7800,1.3300,0.9004
# Species,Quarter,Year, Age_0, Age_1, Age_2, Age_3
25,4,1974,-99.9,-0.0059,-0.3334,-1.3345
25,4,1975,-99.9,0.2494,-0.0250,-0.1489
25,4,1976,-99.9,-0.1914,-0.1078,-0.6960
25,4,1977,-99.9,-0.2250,0.0427,-0.2359
25,4,1978,-99.9,-0.0389,0.0452,-0.4375
25,4,1979,-99.9,-0.2462,-0.2643,-0.4399
25,4,1980,-99.9,-0.0859,0.5217,0.6953
25,4,1981,-99.9,0.1067,0.7523,-0.3491
25,4,1982,-99.9,1.4073,0.5358,-0.6102
25,4,1983,-99.9,-0.2485,0.1651,-0.1685
25,4,1984,-99.9,0.2163,-0.2194,-1.7188
25,4,1985,-99.9,-0.7297,0.0040,-1.1527
25,4,1986,-99.9,-1.8387,0.0229,1.0246
25,4,1987,-99.9,0.8664,0.9828,-2.6941
25,4,1988,-99.9,-1.0377,-0.1960,-1.3315
25,4,1989,-99.9,-1.7741,-0.5294,-4.6379
25,4,1990,-99.9,-0.0954,1.5136,1.5178
25,4,1991,-99.9,0.0209,0.0151,-1.3875
25,4,1992,-99.9,0.1466,-1.4018,-0.7542
25,4,1993,-99.9,0.6129,0.6613,-1.4718
25,4,1994,-99.9,0.6045,0.7483,0.8026
25,4,1995,-99.9,0.6349,0.1973,1.2030
25,4,1996,-99.9,-0.1615,0.6882,1.6660
25,4,1997,-99.9,1.1107,1.2073,0.6373
25,4,1998,-99.9,0.2990,0.6574,1.3575
25,4,1999,-99.9,-0.1471,-0.6198,-0.2308
25,4,2000,-99.9,-1.1251,-1.1733,-0.3975
25,4,2001,-99.9,0.5876,0.6583,1.3394
25,4,2002,-99.9,0.5306,0.0512,-0.2230
25,4,2003,-99.9,1.1572,0.5543,1.3715
25,4,2004,-99.9,0.4969,-0.9564,-0.1661
25,4,2005,-99.9,0.4039,-1.2042,-0.9197
25,4,2006,-99.9,-1.4330,-0.7106,0.8801
25,4,2007,-99.9,0.7762,1.3156,0.6699
25,4,2008,-99.9,0.3411,0.3179,1.3406
25,4,2009,-99.9,1.0678,0.1128,0.3685
25,4,2010,-99.9,0.2286,0.4257,2.7014
25,4,2011,-99.9,0.5990,0.7963,0.9648
25,4,2012,-99.9,0.8711,0.4936,0.0717
25,4,2013,-99.9,0.3743,0.1279,-0.2819
25,4,2014,-99.9,0.7371,-0.0515,0.2936
25,4,2015,-99.9,0.6655,-0.8690,-0.3131
25,4,2016,-99.9,-1.0269,-0.4321,-0.4459
25,4,2017,-99.9,0.0877,-1.0599,0.0872
25,4,2018,-99.9,-0.5019,0.0741,1.5463
25,4,2019,-99.9,-0.3629,-0.5739,-0.3139
25,4,2020,-99.9,-0.1371,-1.6367,-1.0866
25,4,2021,-99.9,-0.4612,-0.5871,-0.2519
25,4,2022,-99.9,-0.9692,0.2887,0.5616
# Species,Quarter,Year, Age_0, Age_1, Age_2, Age_3, Age_4, Age_5, Age_6, Age_7, Age_8, Age_9, Age_10
16,9,1974,-99.9,0.2414,0.0376,-0.1749,-0.0115,0.0525,0.0510,0.0108,0.0103,0.2562,0.2168
16,9,1975,-99.9,-0.1599,-0.0822,-0.0817,0.0086,0.1506,0.0021,-0.0066,0.0485,0.1480,-0.2629
16,9,1976,-99.9,0.5272,0.3227,-0.0719,-0.0207,-0.0747,0.0033,-0.0989,-0.3935,-0.3386,-0.5046
16,9,1977,-99.9,0.5689,0.2604,-0.2389,-0.2129,-0.0351,0.1029,-0.1236,-0.0059,1.1474,0.2072
16,9,1978,-99.9,-1.3895,0.2371,-0.2511,-0.1302,0.2654,-0.0059,0.0995,-0.3117,-0.1983,0.0164
16,9,1979,-99.9,1.1526,-0.0960,0.0977,-0.1926,0.1353,-0.0447,0.0474,0.2504,-0.1943,-0.2811
16,9,1980,-99.9,1.3585,-0.0187,0.0707,-0.1059,-0.0205,-0.1028,0.2856,0.1807,0.2886,-0.3773
16,9,1981,-99.9,0.0934,0.2423,0.1441,0.0053,-0.1247,-0.0169,0.0233,-0.0012,-0.0746,-0.0906
16,9,1982,-99.9,-0.1354,-0.0975,0.3485,0.1087,0.0927,0.0706,0.2152,0.0674,0.2746,-0.1523
16,9,1983,-99.9,-0.7552,0.0445,0.2145,0.0897,0.0161,0.0426,-0.2555,0.4194,0.0029,0.3062
16,9,1984,-99.9,0.7873,-0.0222,0.1214,0.0044,0.0350,0.0215,-0.0376,-0.0197,0.2718,0.4408
16,9,1985,-99.9,-0.2752,0.0560,-0.0027,0.0357,-0.0413,-0.0353,-0.1037,0.0628,-0.2894,0.3992
16,9,1986,-99.9,0.8162,-0.2917,-0.0316,0.0725,0.1106,0.0148,-0.0249,0.0928,-0.0379,0.2740
16,9,1987,-99.9,-1.0969,0.2355,-0.1200,0.0115,-0.0795,0.1049,0.0389,0.1450,-0.0874,0.4035
16,9,1988,-99.9,-1.1193,-0.0663,0.2578,0.1062,-0.0908,0.0340,-0.2740,-0.1670,-0.1759,0.1726
16,9,1989,-99.9,0.1362,-0.2304,0.0637,0.1122,0.0884,-0.0403,-0.0198,0.0355,-0.1777,0.0741
16,9,1990,-99.9,-0.6718,0.1946,0.0345,0.0521,-0.0804,-0.0548,-0.2668,-0.4218,0.1621,-0.0734
16,9,1991,-99.9,-0.4960,-0.3458,-0.0694,0.0995,0.0342,0.0273,0.5350,-0.0078,-0.1939,-0.6268
16,9,1992,-99.9,-0.1915,-0.1938,-0.1308,0.0546,0.0871,-0.0383,-0.2147,0.1339,-0.3607,0.2544
16,9,1993,-99.9,0.0963,0.0582,-0.1166,0.0285,-0.1572,0.0500,-0.1185,-0.3873,-0.1542,-0.2713
16,9,1994,-99.9,1.7340,-0.0250,-0.1255,-0.0479,0.0229,-0.0582,-0.0702,-0.2150,-0.5926,0.3486
16,9,1995,-99.9,0.2711,0.3463,-0.0700,-0.1832,-0.1529,0.0732,-0.3435,-0.1754,-0.6224,-0.2795
16,9,1996,-99.9,-0.7155,-0.0401,-0.1003,-0.2577,-0.1082,0.1916,0.3408,0.1167,0.6927,-0.4395
16,9,1997,-99.9,0.2545,-0.1057,-0.0494,-0.0570,0.0547,0.0853,0.1974,0.2383,-0.7277,0.6574
16,9,1998,-99.9,-0.3480,0.2467,-0.0017,-0.0516,-0.0267,0.1018,-0.2676,-0.2258,-0.1030,-0.0308
16,9,1999,-99.9,0.0934,-0.4981,0.2060,0.1107,0.0112,-0.0022,0.4271,0.1020,-0.1043,0.2686
16,9,2000,-99.9,-0.1258,-0.2623,0.0608,0.0583,0.2323,0.0705,-0.3423,0.0538,-0.3181,-0.1199
16,9,2001,-99.9,-0.7845,0.1216,-0.0560,0.1909,-0.0417,-0.1108,-0.0578,-0.3966,0.3726,0.0609
16,9,2002,-99.9,0.2839,-0.2183,-0.0868,0.1885,0.1336,-0.1586,-0.3007,0.0225,-0.0841,-0.4152
16,9,2003,-99.9,-0.7172,-0.1402,-0.0690,0.1739,-0.0323,0.0123,-0.5839,-0.0922,-0.5130,-0.6438
16,9,2004,-99.9,0.0855,-0.2217,0.2325,0.1778,-0.0515,-0.0741,-0.1499,-0.8801,-0.2615,-1.2513
16,9,2005,-99.9,-0.4800,-0.2524,0.0577,0.1631,0.1580,-0.0528,-0.3777,0.0218,-0.6286,-0.8318
16,9,2006,-99.9,-0.1301,0.7211,0.0073,-0.2096,-0.0661,0.0506,-0.3584,-0.2831,-0.4732,-2.2475
16,9,2007,-99.9,0.5363,0.3193,0.0129,0.1996,0.0031,-0.2941,-0.5223,-0.0757,0.4347,0.1095
16,9,2008,-99.9,0.0069,0.0089,0.0112,-0.2665,-0.0336,0.2904,-0.1502,0.0194,0.0454,-0.6737
16,9,2009,-99.9,-0.1386,0.1442,-0.0634,-0.0835,-0.0634,0.0478,-0.0458,-0.3328,0.9607,0.1676
16,9,2010,-99.9,-0.2626,0.1207,0.0905,-0.0903,-0.0106,-0.0201,-0.0945,0.0084,0.0646,-0.6600
16,9,2011,-99.9,-0.2411,-0.1631,-0.0671,-0.0392,0.0216,0.1842,-0.1197,0.4112,0.4781,-0.7955
16,9,2012,-99.9,0.4237,0.0062,-0.1078,-0.0004,-0.0324,0.1499,0.0697,-0.1831,-0.0119,-0.2664
16,9,2013,-99.9,-0.3925,-0.0084,0.0025,0.0755,0.0312,-0.0620,0.2637,-0.1360,0.1373,-1.0463
16,9,2014,-99.9,0.0781,-0.1310,0.1665,0.1418,0.0426,-0.0612,-0.3479,0.3518,-0.6405,-1.0447
16,9,2015,-99.9,-0.2137,0.1722,-0.1073,-0.0012,0.0365,0.1757,0.0895,-0.2488,0.2356,-1.2772
16,9,2016,-99.9,-0.1363,-0.0287,0.1573,0.1569,0.0124,-0.1224,-0.1236,-0.1896,0.0401,-0.6202
16,9,2017,-99.9,0.2410,-0.0736,-0.0797,0.1871,0.1657,-0.1270,-0.3235,-0.0554,0.4937,-0.2602
16,9,2018,-99.9,-0.3986,0.0653,0.0239,-0.1283,-0.0969,0.0367,0.2396,0.0629,0.4853,-0.0374
16,9,2019,-99.9,-0.1709,-0.2429,0.1285,-0.0436,0.1430,-0.0967,0.4821,0.3284,1.5913,-1.3064
16,9,2020,-99.9,0.7625,0.1774,-0.0148,-0.1224,0.1346,0.2043,-0.1844,-0.1120,0.0901,-0.5297
16,9,2021,-99.9,0.1409,-0.2411,-0.2169,0.2337,0.0743,0.1003,0.6421,-0.2704,1.0110,-0.9632
16,9,2022,-99.9,-0.1829,-0.0950,-0.1701,-0.0189,0.2279,-0.1356,0.2741,0.2272,0.8425,0.1668
# Species,Quarter,Year, Age_0, Age_1, Age_2, Age_3, Age_4, Age_5, Age_6
17,9,1974     ,-1.0090,0.4841,0.2524,-0.0058,-0.1023,-0.9411,-0.1142
17,9,1975     ,-0.9159,-0.0874,0.1351,-0.1763,-0.1682,0.0776,0.9713
17,9,1976     ,-0.3938,-0.4959,0.4392,0.0126,-0.1702,0.0468,0.2015
17,9,1977     ,0.3612,0.3977,0.0530,-0.1717,-0.4236,-0.0529,0.4316
17,9,1978     ,0.7461,-0.1812,-0.1106,0.2049,-0.0064,-0.3068,0.5719
17,9,1979     ,0.4188,0.1398,0.0879,-0.0963,0.0594,-0.2253,-0.2279
17,9,1980     ,0.6405,-0.6307,-0.0529,0.2431,0.0671,0.6475,0.0733
17,9,1981     ,0.7877,-0.2606,-0.0354,0.0137,0.0840,-0.0609,0.1832
17,9,1982     ,0.1076,0.2514,0.0026,0.3860,0.0198,-0.0175,-0.2635
17,9,1983     ,1.2966,0.2235,0.3751,0.2259,0.3404,-0.0901,-0.4786
17,9,1984     ,-0.2130,-0.0726,0.1127,0.4582,0.1988,0.6177,-0.1101
17,9,1985     ,-0.0928,0.1164,-0.4941,0.0564,0.3898,0.3309,0.5399
17,9,1986     ,-0.3615,0.1772,-0.2682,-0.0773,0.0914,0.1653,-0.2174
17,9,1987     ,-1.0142,-0.3362,-0.0208,0.1452,0.4361,0.1303,0.3032
17,9,1988     ,0.3581,0.4319,0.0883,-0.1331,0.0359,0.0791,-0.4011
17,9,1989     ,-0.5400,-0.1837,-0.1302,0.2180,0.0419,0.2085,0.0380
17,9,1990     ,0.8171,0.1910,0.3375,-0.1457,0.0749,-0.0087,-0.9129
17,9,1991     ,2.2694,-0.2346,0.0435,-0.1493,-0.4024,0.3706,-0.2351
17,9,1992     ,0.4300,0.0035,-0.2548,-0.4622,-0.2081,-0.6087,-0.3852
17,9,1993     ,1.3641,-0.2533,-0.2697,-0.1417,-0.3376,0.1505,-1.0072
17,9,1994     ,0.4066,-0.1473,-0.2498,-0.1391,0.0014,0.0726,-0.0478
17,9,1995     ,2.8626,-0.1364,-0.0883,0.1587,-0.0642,0.1654,-0.2705
17,9,1996     ,0.6170,-0.1451,-0.0852,0.0888,0.1526,0.1220,-0.5194
17,9,1997     ,-1.4398,-0.1914,0.0140,0.1252,0.0652,0.3112,-0.8170
17,9,1998     ,-0.4589,0.1156,-0.1493,-0.1117,0.0834,0.2875,-0.2977
17,9,1999     ,-0.5588,0.1250,0.0190,-0.0991,0.0534,0.0652,-0.4965
17,9,2000     ,-4.0423,-0.4668,0.0078,0.1384,0.0865,0.4637,-0.0096
17,9,2001     ,-1.4780,-0.3676,-0.1494,-0.1009,0.1446,0.5659,0.0541
17,9,2002     ,1.1330,-0.3552,-0.0837,0.2499,0.1698,0.1666,-0.4459
17,9,2003     ,0.4003,0.5080,0.3977,-0.2039,-0.2027,-0.1814,-1.1825
17,9,2004     ,-0.1002,0.4589,-0.1369,-0.3011,-0.0009,0.2605,-0.1988
17,9,2005     ,-0.6914,0.3384,0.2200,-0.2973,-0.1877,0.2794,-0.1130
17,9,2006     ,-1.0707,0.4974,-0.0385,-0.1238,-0.2472,0.3241,0.0587
17,9,2007     ,-1.4984,0.3200,0.0328,0.0669,-0.1240,-0.1580,0.0261
17,9,2008     ,-0.4307,0.3636,0.1119,-0.1103,0.0679,-0.1769,-0.0740
17,9,2009     ,0.8095,0.4627,-0.2245,-0.2261,-0.0515,0.3220,0.6162
17,9,2010     ,-0.7788,-0.0094,-0.0939,-0.2420,-0.1170,0.1877,0.9727
17,9,2011     ,-0.6208,-0.1725,0.2750,0.0652,-0.3267,-0.2292,0.3878
17,9,2012     ,-0.4271,0.7975,-0.2143,-0.4230,-0.1769,-0.2959,0.1869
17,9,2013     ,-0.2747,0.2521,-0.2813,-0.1326,0.0185,0.3181,-0.1282
17,9,2014     ,-0.0144,0.0644,-0.1847,-0.0867,0.0313,0.3136,-0.0092
17,9,2015     ,-0.2911,0.2673,0.2432,-0.1784,-0.3574,0.1817,-0.2019
17,9,2016     ,0.4072,-0.2040,-0.0524,0.1582,-0.0922,0.2154,-0.1257
17,9,2017     ,1.4650,-0.3585,-0.0428,-0.0412,0.2024,0.0742,-0.0670
17,9,2018     ,1.0151,-0.2728,0.2182,0.0879,0.0979,-0.0903,-0.7422
17,9,2019     ,-0.9185,-0.0849,-0.0045,0.2526,0.0732,-0.1827,-0.5785
17,9,2020     ,1.1344,-0.4293,0.0737,0.5013,0.1585,-0.0877,-0.9811
17,9,2021     ,2.7132,-0.3557,0.0397,0.0144,0.2825,0.2244,-0.4640
17,9,2022     ,-2.2870,-0.6384,0.0026,0.2601,0.4009,0.5382,-0.2345
# Species,Quarter,Year, Age_0, Age_1, Age_2, Age_3, Age_4, Age_5, Age_6, Age_7, Age_8, Age_9, Age_10
18,9,1974     ,-0.4634,0.7827,0.1815,-0.1447,-0.0161,-0.2375,0.0877,0.2655,-0.2829,-0.0801,-0.1131
18,9,1975     ,-0.7952,0.2439,0.2653,-0.2516,0.0070,-0.1464,0.1414,0.1900,-0.2073,0.4728,0.2557
18,9,1976     ,0.4452,0.4005,-0.2048,0.1821,-0.3150,0.2411,0.1507,-0.0368,-0.7976,-0.2379,-0.2206
18,9,1977     ,-0.6320,0.8327,0.0531,-0.2600,0.0062,0.1870,-0.0409,0.1478,0.6496,-0.5064,-0.6101
18,9,1978     ,-0.3139,-0.0026,0.2516,-0.3712,0.1186,-0.1868,0.2183,0.0781,0.3188,1.2808,-0.1203
18,9,1979     ,0.2547,-0.4531,0.2578,0.0470,-0.2561,0.1552,-0.3046,0.0441,-0.1871,-0.0703,-0.1448
18,9,1980     ,0.1659,-0.5598,0.2073,0.1217,0.1072,-0.2906,0.2319,-0.2856,0.1593,-0.4249,0.2445
18,9,1981     ,0.6848,-0.3258,-0.1690,0.4769,0.1299,-0.1436,-0.3210,0.4666,-0.6805,0.7621,-0.4794
18,9,1982     ,0.6372,-0.1643,-0.1505,0.4089,0.3220,-0.2827,-0.1867,0.7848,0.1500,-0.8842,-0.5101
18,9,1983     ,0.4284,-0.1569,-0.1116,0.1655,0.4473,0.1315,-0.1686,-0.3279,0.5569,-0.3254,-0.0047
18,9,1984     ,-0.2828,-0.1247,-0.2167,-0.0199,0.2932,0.4032,-0.0253,-0.0282,-0.4813,0.2644,-0.3208
18,9,1985     ,0.7162,0.1865,-0.3027,0.0497,0.1622,0.1880,0.6890,0.1781,-0.0606,-0.1648,0.4765
18,9,1986     ,-1.0905,-0.2267,-0.1506,0.2726,0.2465,0.0096,0.0401,0.3602,-0.0899,0.2270,0.8157
18,9,1987     ,-0.7564,-0.4712,-0.0437,-0.2271,0.1691,-0.1160,0.2933,0.7356,0.7398,0.5833,0.9870
18,9,1988     ,0.0262,-0.4679,-0.1554,-0.0135,-0.0242,0.3745,0.2186,0.0103,0.6566,0.9559,0.3352
18,9,1989     ,-0.4454,0.1672,-0.4978,0.2145,-0.1928,-0.0410,0.5574,0.4606,-0.0376,0.9609,1.1285
18,9,1990     ,-1.1005,0.0668,0.3167,-0.3905,0.3362,-0.3583,0.0932,0.3801,0.4552,0.0038,0.0454
18,9,1991     ,0.3542,0.0966,-0.0858,0.0326,-0.4865,0.3975,-0.1525,0.7422,0.7705,1.0306,0.2812
18,9,1992     ,0.8976,-0.3203,0.0917,0.0519,0.1224,-0.2373,0.8663,0.2882,1.1473,0.9391,1.4313
18,9,1993     ,0.8944,-0.2033,-0.4106,0.0199,-0.2476,-0.1149,0.0802,0.6608,0.0237,1.4505,1.1119
18,9,1994     ,-0.8241,-0.3985,-0.2214,-0.3211,0.1673,-0.0368,0.2256,0.7910,0.8165,0.6901,0.9514
18,9,1995     ,0.8764,-0.3480,-0.3680,0.1210,-0.1616,0.1975,0.0710,0.1319,1.0195,0.3060,0.0289
18,9,1996     ,0.7749,-1.4617,-0.2783,-0.1685,0.1471,-0.1786,0.5326,1.2176,0.1716,1.0509,-0.1392
18,9,1997     ,0.1013,0.1027,-0.5213,0.1342,-0.1232,0.3966,0.0341,0.4761,0.2912,-0.1548,0.2176
18,9,1998     ,0.1694,0.0887,0.0443,-0.3994,0.4644,-0.0222,0.1430,-0.2103,0.0010,0.3717,0.0932
18,9,1999     ,-0.9688,0.1789,-0.0795,-0.0645,-0.1809,0.4686,0.1150,0.2479,-0.1115,-0.8637,-0.5612
18,9,2000     ,-0.7694,-0.2734,0.6000,0.2294,0.0352,-0.1875,0.3725,-0.0841,-0.5536,-1.3133,-1.2613
18,9,2001     ,-0.1699,-0.0597,-0.1855,-0.0538,-0.1741,-0.2087,0.1593,-0.1413,0.3157,-0.4780,-0.5053
18,9,2002     ,2.4006,0.7906,-0.5288,-0.3664,-0.5744,-0.3837,-0.1287,0.1597,0.0894,1.6170,-0.4660
18,9,2003     ,1.0976,0.2069,-0.1040,-0.5255,-0.1055,-0.2999,-0.0099,-0.3425,0.0646,-0.2040,0.7457
18,9,2004     ,0.5165,0.9521,0.1033,-0.6741,-0.2652,0.3532,-0.3139,-0.6698,-1.1586,-0.5769,-0.4944
18,9,2005     ,-0.6872,0.7410,0.3529,-0.3423,-0.6345,0.1912,0.7663,-0.7493,-0.6365,-1.2614,-1.2603
18,9,2006     ,-0.8163,0.0472,0.3935,-0.0900,-0.3319,-0.0329,0.2341,0.4736,-1.1888,-1.0792,-1.4981
18,9,2007     ,-0.6230,-0.1728,0.1213,0.1014,-0.0701,0.0197,0.2324,0.3662,0.1451,-0.7745,-1.3580
18,9,2008     ,0.5991,0.8238,0.3785,-0.0797,-0.2350,-0.0885,0.1936,-0.0109,0.2249,0.4016,-1.8669
18,9,2009     ,1.1299,0.5601,-0.1030,-0.0464,0.5495,-0.1521,-0.1523,0.0143,-0.6066,-0.8408,-0.2971
18,9,2010     ,0.6864,-0.1339,0.1137,0.1411,-0.0005,0.5130,-0.2208,-0.3438,-0.7238,-0.5321,-1.0238
18,9,2011     ,2.1296,-0.2783,-0.3228,0.1557,-0.1048,0.1503,0.8761,-0.1629,-0.7204,-0.6471,-1.3140
18,9,2012     ,0.2979,0.5559,-0.4917,-0.1129,-0.0736,0.0932,0.2635,0.6629,-0.5103,0.5049,-0.5795
18,9,2013     ,0.5296,1.0141,0.2075,-0.4248,0.5156,-0.1509,0.1054,-0.1469,0.7541,-1.1096,-2.1082
18,9,2014     ,-1.0092,0.2761,0.5704,-0.0753,0.1366,0.4593,-0.5027,-0.2332,-0.6912,0.1939,-2.2755
18,9,2015     ,0.0380,-1.0623,0.1537,0.2807,-0.7718,0.2769,0.3602,-0.1222,-0.4854,-0.0019,-0.0441
18,9,2016     ,-1.0204,-0.4403,-0.5136,0.0465,0.1536,-0.4453,-0.7811,0.7169,-0.2590,-0.3268,-0.8348
18,9,2017     ,0.2177,-0.4823,0.0705,-0.3200,-0.1936,-0.1153,-0.8692,-0.1625,-0.2005,1.4829,-1.9944
18,9,2018     ,-0.1929,-0.5179,-0.2651,0.0014,-0.0165,-0.5231,-0.2048,0.2066,-0.5900,0.3027,-1.5911
18,9,2019     ,-1.5179,-0.1874,-0.2488,-0.0428,-0.2138,0.3852,-0.3125,0.1351,-1.1205,-0.9565,-0.8158
18,9,2020     ,-2.3642,-0.5956,-0.1239,0.0526,0.1878,0.0343,0.5324,-0.4525,0.2822,0.7669,-0.7511
18,9,2021     ,0.5468,-0.7875,-0.3695,-0.4180,0.2231,0.7328,-0.2219,0.9620,-0.7769,-0.3545,-2.6065
18,9,2022     ,-0.9965,-0.6587,-0.1133,0.4092,-0.0534,0.4431,0.0115,-0.2351,0.1390,1.5707,-4.5819
# Species,Quarter,Year, Age_0, Age_1, Age_2, Age_3, Age_4, Age_5, Age_6, Age_7, Age_8, Age_9, Age_10
19,9,1974,-99.9,-99.9,-99.9,1.1518,0.3021,-0.2098,0.0004,0.1087,-0.1392,0.0560,-0.0953
19,9,1975,-99.9,-99.9,-99.9,0.4498,0.1679,-0.3545,-0.2029,0.1199,0.2079,-0.1215,0.1277
19,9,1976,-99.9,-99.9,-99.9,1.0822,0.4901,0.0599,-0.0729,-0.1685,-0.1282,-0.2040,-0.0574
19,9,1977,-99.9,-99.9,-99.9,-0.4857,-0.2052,-0.1696,0.0096,0.0159,0.2833,-0.0166,-0.1002
19,9,1978,-99.9,-99.9,-99.9,0.7423,0.2487,0.0370,-0.2116,-0.2322,0.0565,-0.0306,0.2221
19,9,1979,-99.9,-99.9,-99.9,-0.2960,-0.1340,-0.0562,0.0005,0.2238,-0.0537,-0.1088,-0.0614
19,9,1980,-99.9,-99.9,-99.9,-0.1938,-0.5877,-0.0378,0.0876,0.1261,-0.0997,0.0141,0.2232
19,9,1981,-99.9,-99.9,-99.9,-0.4768,-0.6930,-0.3731,-0.0143,0.2045,0.4439,0.0290,0.7623
19,9,1982,-99.9,-99.9,-99.9,0.0189,0.1102,0.1212,0.3292,0.1700,0.1109,-0.1981,0.2183
19,9,1983,-99.9,-99.9,-99.9,-0.3783,-0.5596,0.0870,0.1534,0.5362,0.2217,0.0472,-0.2421
19,9,1984,-99.9,-99.9,-99.9,0.9601,0.2330,0.0642,0.5701,-0.0251,0.2264,-0.3681,-0.5252
19,9,1985,-99.9,-99.9,-99.9,1.2684,0.8018,0.1490,-0.0424,-0.1125,-0.1248,-0.2719,-0.1144
19,9,1986,-99.9,-99.9,-99.9,-0.3981,0.9772,0.1792,0.0057,-0.0019,-0.1912,-0.0472,0.0862
19,9,1987,-99.9,-99.9,-99.9,-0.2358,0.6380,0.1829,-0.2253,-0.0428,0.2956,0.2280,0.2682
19,9,1988,-99.9,-99.9,-99.9,-0.3065,-0.2389,0.3743,-0.2775,-0.0108,0.1801,0.4010,-0.0530
19,9,1989,-99.9,-99.9,-99.9,-0.0948,0.0425,0.0789,0.2991,-0.2067,0.0089,0.0301,-0.1191
19,9,1990,-99.9,-99.9,-99.9,0.6658,0.1850,0.0431,0.1413,-0.0999,0.0328,-0.1276,-0.1438
19,9,1991,-99.9,-99.9,-99.9,0.5376,0.6223,0.0722,-0.1584,-0.0278,-0.3190,0.0316,0.2200
19,9,1992,-99.9,-99.9,-99.9,0.5637,0.6518,0.5535,-0.0180,-0.3577,-0.2530,-0.3910,-0.0093
19,9,1993,-99.9,-99.9,-99.9,0.8617,-0.3232,-0.3029,-0.4160,-0.1958,0.1736,0.2796,0.2144
19,9,1994,-99.9,-99.9,-99.9,0.7433,0.5830,0.0171,-0.1296,-0.3181,-0.4116,0.0258,0.5100
19,9,1995,-99.9,-99.9,-99.9,-0.2646,0.0918,-0.2387,-0.6954,0.2892,-0.0229,0.5254,0.3510
19,9,1996,-99.9,-99.9,-99.9,-0.1224,-0.4241,-0.1065,0.0744,0.1923,-0.1051,-0.2952,0.2942
19,9,1997,-99.9,-99.9,-99.9,0.1033,0.0069,-0.0153,-0.2542,0.1247,0.1958,-0.1508,0.1575
19,9,1998,-99.9,-99.9,-99.9,0.4673,0.0150,0.0713,-0.0813,-0.0836,0.0368,0.1541,-0.2198
19,9,1999,-99.9,-99.9,-99.9,-0.5319,-0.2786,-0.1143,-0.2396,-0.0905,0.4433,0.0524,0.0734
19,9,2000,-99.9,-99.9,-99.9,0.0667,-0.3432,-0.0459,0.1429,-0.0805,-0.0751,0.1307,-0.2191
19,9,2001,-99.9,-99.9,-99.9,0.3425,0.4233,0.3892,-0.2204,-0.1755,0.2896,0.0228,-0.7295
19,9,2002,-99.9,-99.9,-99.9,-0.3332,-0.1035,0.0716,0.0975,-0.2743,-0.1843,0.1765,-0.0992
19,9,2003,-99.9,-99.9,-99.9,0.4009,-0.3149,-0.3769,-0.0955,0.0749,-0.0153,0.0947,0.1881
19,9,2004,-99.9,-99.9,-99.9,0.2570,0.0362,-0.3472,0.2752,-0.2743,-0.0460,0.7009,-0.3094
19,9,2005,-99.9,-99.9,-99.9,-0.3981,-0.2975,-0.0327,0.3463,0.1462,0.0256,-0.2636,-0.2181
19,9,2006,-99.9,-99.9,-99.9,0.7822,0.0224,-0.3262,0.0843,0.1915,0.1315,0.1196,-0.2698
19,9,2007,-99.9,-99.9,-99.9,1.1058,0.1312,0.0732,0.0478,0.1971,0.1740,-0.3297,-0.3348
19,9,2008,-99.9,-99.9,-99.9,-0.0910,0.4110,0.0078,-0.0659,-0.0274,-0.0590,0.2889,0.1725
19,9,2009,-99.9,-99.9,-99.9,-0.1513,0.0904,0.0090,-0.1013,0.0965,0.1618,-0.2597,-0.0140
19,9,2010,-99.9,-99.9,-99.9,-0.5600,-0.4539,-0.0172,-0.1019,-0.1439,0.2521,0.1674,-0.0209
19,9,2011,-99.9,-99.9,-99.9,0.4639,0.0210,-0.0095,-0.2036,-0.0933,-0.1149,-0.1923,0.5952
19,9,2012,-99.9,-99.9,-99.9,0.2768,0.0511,0.1283,-0.0534,-0.0039,-0.0938,-0.2517,0.2313
19,9,2013,-99.9,-99.9,-99.9,-0.2574,0.5842,-0.4035,0.0808,-0.0282,0.3243,-0.1685,0.1348
19,9,2014,-99.9,-99.9,-99.9,-0.5684,-0.1300,0.2179,-0.1029,0.1034,0.0446,-0.2118,0.0756
19,9,2015,-99.9,-99.9,-99.9,-0.0571,-0.4288,0.1648,0.1781,-0.2135,-0.1850,0.1696,-0.1221
19,9,2016,-99.9,-99.9,-99.9,-0.5739,-0.0478,0.0821,-0.1116,-0.2096,0.2307,-0.2659,0.3028
19,9,2017,-99.9,-99.9,-99.9,-1.0750,-0.3009,-0.2060,0.1379,0.3849,-0.0361,0.0880,-0.2156
19,9,2018,-99.9,-99.9,-99.9,-1.1880,-0.3705,0.1250,0.2287,-0.1455,0.1916,-0.0583,0.0363
19,9,2019,-99.9,-99.9,-99.9,-0.2116,-0.5075,-0.0608,0.2122,0.0421,-0.0423,0.1065,0.0308
19,9,2020,-99.9,-99.9,-99.9,-0.7453,0.1856,0.0379,0.1940,0.3376,-0.0317,-0.2599,-0.3522
19,9,2021,-99.9,-99.9,-99.9,0.2890,-0.0836,-0.0830,-0.0510,0.2171,-0.0837,-0.2356,0.1326
19,9,2022,-99.9,-99.9,-99.9,-0.2748,-0.0590,-0.0938,0.0835,0.1838,-0.0249,-0.0029,-0.1263
# Species,Quarter,Year, Age_0, Age_1, Age_2, Age_3, Age_4, Age_5, Age_6, Age_7, Age_8, Age_9, Age_10
20,9,1974,-99.9,-0.2137,-0.1794,-0.0774,-0.1041,-0.0354,0.0908,0.0438,0.0460,0.0548,0.0480
20,9,1975,-99.9,0.3635,-0.2292,-0.0848,-0.1306,-0.0137,0.0861,0.0377,0.0450,0.0473,-0.0161
20,9,1976,-99.9,0.3262,0.3281,-0.1492,-0.1441,-0.0379,0.1107,0.0376,0.0444,0.0517,-0.0451
20,9,1977,-99.9,-0.3553,0.2556,0.3703,-0.2514,-0.0898,0.0472,0.0227,0.0052,0.0120,-0.0960
20,9,1978,-99.9,0.1727,-0.4336,0.2911,0.2639,-0.2097,-0.0164,-0.0530,-0.0228,-0.0403,-0.1543
20,9,1979,-99.9,-0.3681,0.1457,-0.3397,0.2552,0.3841,-0.0567,-0.0351,-0.0161,0.0142,-0.2117
20,9,1980,-99.9,1.1299,1.0727,0.1971,0.3744,-0.0867,-0.4771,-0.0349,0.0482,-0.0771,-0.4542
20,9,1981,-99.9,0.5847,0.6476,0.2524,-0.5701,-0.0345,-0.2009,-0.4923,0.2136,0.1582,0.2019
20,9,1982,-99.9,0.1321,0.3912,0.3343,-0.0246,-0.5744,-0.0080,-0.3987,-0.3128,0.3063,0.2186
20,9,1983,-99.9,0.0916,0.7775,0.2858,0.1900,-0.0560,-0.3996,-0.0718,-0.2703,-0.3499,0.2193
20,9,1984,-99.9,-0.0241,-0.0054,0.4993,0.0705,-0.0569,-0.0622,-0.1413,-0.0801,-0.3087,-0.1529
20,9,1985,-99.9,0.6486,-0.9837,-0.5479,0.1122,-0.0692,-0.0867,-0.2072,0.2470,0.1674,0.1842
20,9,1986,-99.9,-0.0561,0.5115,-0.5900,-0.3015,0.1321,0.0578,-0.1213,-0.1547,0.3130,0.1880
20,9,1987,-99.9,-0.6829,0.1925,0.5943,-0.3739,-0.0785,-0.0956,-0.1786,-0.2214,-0.0715,0.1571
20,9,1988,-99.9,0.2100,-0.1895,0.0312,0.2231,-0.0356,0.0887,-0.1869,-0.0805,-0.3458,-0.0490
20,9,1989,-99.9,-0.0627,0.4300,0.1061,-0.0199,0.1534,-0.0133,0.0239,-0.2344,-0.1214,-0.2145
20,9,1990,-99.9,0.3755,0.3882,0.3499,-0.0540,-0.0029,-0.0199,-0.0495,0.1646,-0.2011,-0.5372
20,9,1991,-99.9,-0.3840,-0.0376,-0.0697,0.0150,-0.1472,-0.0907,-0.2434,0.3594,0.2557,-0.2083
20,9,1992,-99.9,-0.2667,-0.1928,0.0797,-0.0080,-0.1256,-0.1688,-0.1233,-0.3034,0.6591,-0.1269
20,9,1993,-99.9,-0.1583,-0.1015,-0.0154,0.0480,0.0261,-0.0768,-0.0494,0.0916,-0.0671,0.0236
20,9,1994,-99.9,-0.2141,-0.3152,-0.0205,-0.0890,-0.0361,0.0541,-0.1339,0.0570,0.3440,-0.2094
20,9,1995,-99.9,-0.5837,0.0514,-0.0517,-0.0740,-0.1175,-0.0138,0.1683,-0.0579,0.2206,-0.0313
20,9,1996,-99.9,0.2000,-0.1954,0.0868,0.0193,0.0242,-0.1359,0.0544,0.0152,0.0852,-0.0920
20,9,1997,-99.9,0.4210,0.0209,-0.0828,0.1830,0.1196,0.0768,-0.0197,-0.0816,0.1210,-0.2822
20,9,1998,-99.9,0.1198,0.1157,-0.0077,0.0465,0.2189,0.1321,0.0545,0.1451,-0.1081,-0.3342
20,9,1999,-99.9,-0.2278,-0.2524,-0.1798,-0.0789,0.1071,0.1319,0.0978,0.1830,0.2219,-0.1359
20,9,2000,-99.9,-0.2017,-0.3707,0.0704,0.1879,0.1165,0.1381,-0.0849,0.0158,-0.0003,-0.1266
20,9,2001,-99.9,-0.7423,-0.5010,-0.2049,0.0435,0.1267,0.1577,0.1452,-0.0301,0.0627,0.0773
20,9,2002,-99.9,0.0149,-0.9769,-0.0266,0.0701,0.0763,0.1331,-0.0510,0.0850,-0.0022,-0.0027
20,9,2003,-99.9,-0.4210,-0.3334,-0.8488,-0.1350,0.0736,0.2400,0.0296,0.1712,0.3302,0.1015
20,9,2004,-99.9,-0.6199,0.4635,0.4156,-0.0901,0.1296,0.0081,-0.1782,-0.1628,-0.1563,-0.2027
20,9,2005,-99.9,-0.2066,0.0001,0.5876,0.0666,0.1137,-0.0017,-0.1673,-0.0218,-0.1745,-0.2906
20,9,2006,-99.9,0.6776,0.1240,-0.2544,0.3050,-0.1224,0.3064,-0.0842,-0.0722,0.0024,-0.1399
20,9,2007,-99.9,-0.1381,-0.3824,-0.3783,-0.2119,0.1578,-0.0103,0.1672,0.0973,0.2271,0.0548
20,9,2008,-99.9,-0.2733,-0.5719,-0.1567,-0.1523,0.0921,-0.1140,-0.1898,0.4882,0.1128,0.0736
20,9,2009,-99.9,-0.6647,-0.7300,-0.1127,0.2173,0.0405,0.2062,-0.1263,-0.1487,0.4039,-0.2461
20,9,2010,-99.9,0.2798,-0.4516,-0.3007,0.2900,0.2616,0.1566,-0.0172,-0.2356,-0.0828,0.1094
20,9,2011,-99.9,-0.2475,-0.4557,-0.1640,0.0355,0.1995,0.2428,0.2008,0.2466,-0.3845,-0.0341
20,9,2012,-99.9,-0.0496,-0.1319,-0.3441,0.0405,0.0839,0.2028,0.0696,0.2027,0.2993,-0.3295
20,9,2013,-99.9,0.0759,0.0266,-0.1029,0.0139,0.0467,0.1376,-0.1142,-0.0760,0.3555,-0.0333
20,9,2014,-99.9,0.0349,-0.2663,0.2023,0.2244,0.1621,0.1597,0.1795,0.0697,-0.1866,-0.3267
20,9,2015,-99.9,0.7961,-0.0245,-0.2380,-0.0300,0.0197,0.1513,0.0853,0.3430,0.0782,-0.1614
20,9,2016,-99.9,1.0596,0.3454,0.0968,0.1821,0.0013,0.0104,0.0470,0.1323,0.0838,-0.4179
20,9,2017,-99.9,0.0810,0.2115,0.4176,0.1426,-0.0262,-0.1244,-0.1761,0.1103,0.1009,-0.1234
20,9,2018,-99.9,0.4380,0.6467,0.0707,0.1124,-0.1461,-0.1246,-0.1027,0.0097,0.3226,0.0293
20,9,2019,-99.9,0.7234,0.5005,0.5120,-0.1711,-0.0676,-0.0407,-0.1548,-0.0476,0.0911,-0.0190
20,9,2020,-99.9,0.1800,0.2327,-0.0108,-0.1740,-0.0807,-0.2702,-0.0785,0.1966,0.2783,0.4051
20,9,2021,-99.9,-0.7409,0.6263,0.1174,0.0817,-0.0610,-0.0114,-0.1858,0.0403,0.2963,-0.0190
20,9,2022,-99.9,-1.3300,0.1216,-0.2476,-0.2817,-0.1437,-0.1518,0.1145,0.1217,0.4198,0.5062
# Species,Quarter,Year, Age_0, Age_1, Age_2, Age_3, Age_4, Age_5, Age_6, Age_7, Age_8, Age_9, Age_10
26,9,1974,-99.9,-0.0364,-0.1128,-0.0214,-0.0115,0.1695,-0.0490,-0.0300,0.0439,0.0058,0.0227
26,9,1975,-99.9,0.3553,-0.0141,-0.0519,-0.1089,-0.0122,0.0742,0.0372,0.0329,-0.0310,0.0302
26,9,1976,-99.9,0.5038,0.0434,-0.0271,-0.0587,-0.2182,-0.0503,0.1574,0.1123,0.0217,0.0561
26,9,1977,-99.9,0.3799,0.0648,0.0630,0.0013,0.2435,-0.0453,0.0360,-0.0635,0.0269,-0.1151
26,9,1978,-99.9,0.5368,0.0658,0.0130,0.0227,0.0144,0.0482,0.2857,0.0116,-0.2585,-0.1217
26,9,1979,-99.9,0.3507,0.1430,-0.0220,-0.0799,0.0117,0.1307,0.0269,0.0767,-0.0263,-0.0898
26,9,1980,-99.9,0.0087,-0.0282,0.2263,0.0334,-0.0971,0.0620,0.1074,-0.2194,0.0713,-0.0948
26,9,1981,-99.9,-0.4112,0.0625,0.0539,-0.0592,-0.0988,-0.0891,0.1561,0.0707,-0.2828,0.2216
26,9,1982,-99.9,-0.1514,-0.0371,0.1806,-0.0109,-0.1755,-0.2075,0.0843,0.0315,-0.0955,0.1557
26,9,1983,-99.9,-0.1766,0.0310,0.0010,0.0967,-0.1212,-0.1613,-0.0955,0.0831,0.0128,0.1740
26,9,1984,-99.9,0.0201,-0.0090,0.0197,0.0634,-0.1063,-0.0560,-0.0533,0.0303,0.1519,0.0771
26,9,1985,-99.9,0.1200,-0.0842,-0.1136,0.2252,0.0239,-0.1609,0.0873,-0.0114,-0.0294,0.2513
26,9,1986,-99.9,0.0411,0.0846,-0.0863,-0.0137,0.0510,0.2951,-0.1324,-0.0230,0.0415,0.2834
26,9,1987,-99.9,-0.3501,0.1728,0.0459,0.0186,0.2740,0.0490,0.3987,-0.2898,-0.1380,0.2094
26,9,1988,-99.9,-0.4437,0.0374,0.0209,-0.0192,0.0664,0.1270,0.0218,0.1837,-0.0382,0.4256
26,9,1989,-99.9,-0.5019,-0.0200,0.0351,0.0413,0.0899,0.0152,0.1019,-0.1288,-0.0770,0.4236
26,9,1990,-99.9,-0.0548,-0.1994,-0.0517,0.0314,0.1782,0.0603,0.0642,-0.1215,-0.2003,0.2604
26,9,1991,-99.9,0.0745,-0.1642,-0.0823,-0.0667,-0.0030,0.0247,0.2895,-0.0344,-0.0869,0.0669
26,9,1992,-99.9,-0.0830,-0.4145,-0.2341,-0.1099,0.0861,0.0310,0.1136,0.0896,0.0227,0.3104
26,9,1993,-99.9,0.0503,-0.4586,-0.3184,-0.1484,0.1279,0.0076,0.2285,-0.2042,0.0691,0.2901
26,9,1994,-99.9,-0.3233,-0.4054,-0.2163,-0.1333,-0.0329,0.1197,0.3990,0.0427,-0.3499,0.2273
26,9,1995,-99.9,-0.0192,-0.4432,-0.0908,0.0278,0.0812,0.1757,0.6353,-0.1311,-0.2926,-0.4936
26,9,1996,-99.9,-0.2405,0.1572,-0.1555,-0.0516,-0.1422,-0.1226,0.4681,0.2061,-0.2844,-0.1947
26,9,1997,-99.9,-1.2466,0.4893,0.4516,-0.1442,0.1030,-0.0384,0.2243,0.1157,0.0914,-0.2676
26,9,1998,-99.9,-0.3509,-0.2150,0.5931,0.4839,0.0784,-0.0765,0.1003,-0.1613,-0.0111,-0.1367
26,9,1999,-99.9,-0.0719,-0.4194,-0.1343,0.3505,-0.0215,0.4381,0.2141,-0.0630,-0.1424,0.0014
26,9,2000,-99.9,-0.0742,-0.2077,-0.3699,0.3528,0.0715,0.1835,0.3678,-0.0168,-0.1818,0.0117
26,9,2001,-99.9,-0.8898,0.2107,0.4306,0.4252,0.4228,-0.2172,0.0279,-0.2573,-0.3603,0.0248
26,9,2002,-99.9,0.3218,0.0765,-0.1664,-0.1015,0.1853,0.0162,0.3578,-0.0763,-0.0402,-0.0524
26,9,2003,-99.9,0.0444,0.2051,0.1601,-0.0313,0.1275,0.2418,0.5688,-0.2867,-0.5932,-0.4091
26,9,2004,-99.9,0.8788,0.5703,0.2203,0.3006,-0.1408,0.1168,0.1898,-0.1835,-0.7825,-0.6682
26,9,2005,-99.9,0.3803,0.4034,0.0796,-0.0427,0.1487,0.0560,0.2386,0.0278,-0.4290,-0.7362
26,9,2006,-99.9,1.1526,0.4498,0.2902,0.0447,-0.2484,-0.3123,0.0043,-0.1900,-0.2401,-0.2279
26,9,2007,-99.9,-0.6228,0.3234,0.0712,-0.3633,-0.1581,-0.1443,-0.0652,0.1810,0.2820,-0.0027
26,9,2008,-99.9,0.3491,0.3063,0.0035,-0.0509,-0.1550,-0.1533,0.6089,0.0433,-0.7010,-0.2490
26,9,2009,-99.9,0.3895,0.0632,-0.2141,-0.2789,-0.2414,-0.1623,-0.0999,0.0519,-0.8554,1.2046
26,9,2010,-99.9,0.4085,0.2137,-0.1304,-0.0503,-0.2156,-0.0303,0.4356,-0.0963,-0.3504,-0.2130
26,9,2011,-99.9,-0.3115,-0.4010,-0.2955,-0.0476,-0.0592,-0.1686,-0.0192,0.3530,-0.4731,1.1745
26,9,2012,-99.9,-0.3431,0.1347,0.0662,0.0175,-0.0287,0.0541,0.0312,-0.2901,-0.0511,-0.0661
26,9,2013,-99.9,0.0551,-0.2011,0.0648,-0.0031,0.0141,0.2451,0.4005,-0.1312,-0.1073,-0.4412
26,9,2014,-99.9,0.7786,-0.1690,-0.0191,0.0306,0.1320,0.0049,0.3294,0.0963,-0.1950,-0.6335
26,9,2015,-99.9,0.0232,0.1090,-0.0617,-0.1004,-0.0777,0.0439,0.2875,0.2340,-0.3492,-0.3545
26,9,2016,-99.9,-0.2417,-0.1060,-0.2097,-0.0347,0.1081,0.0908,0.4132,0.2123,-0.0247,-0.7105
26,9,2017,-99.9,0.1303,0.0276,0.0709,0.0316,0.1792,0.2046,0.3438,0.0224,-0.3280,-1.0231
26,9,2018,-99.9,-0.2639,0.1845,0.0681,0.0258,-0.0985,0.0637,0.3838,-0.0674,-0.0887,-0.9067
26,9,2019,-99.9,-0.0920,0.0139,0.2203,-0.0168,-0.0418,-0.0324,0.3844,0.2591,-0.2848,-0.7884
26,9,2020,-99.9,0.0536,-0.3009,-0.0588,0.1097,-0.2327,-0.1345,0.4293,0.2526,0.2690,-0.4485
26,9,2021,-99.9,0.2359,-0.1354,0.0920,0.1016,0.1531,-0.1806,0.1777,0.1542,0.1261,-0.6390
26,9,2022,-99.9,-0.2830,0.0310,0.0521,0.0142,-0.0157,0.0135,0.4613,0.4383,-0.2816,-0.6777
# Species,Quarter,Year, Age_0, Age_1, Age_2, Age_3, Age_4, Age_5, Age_6, Age_7, Age_8, Age_9, Age_10
27,9,1974,-99.9,-0.6650,-0.1614,0.0434,0.0687,-0.0289,0.0798,0.1322,-0.1132,-0.0091,-0.1218
27,9,1975,-99.9,1.0769,0.3557,-0.1003,0.0837,-0.0361,0.0156,-0.0460,0.0344,0.0882,-0.0679
27,9,1976,-99.9,1.7147,-0.6606,0.0553,-0.1006,0.1215,-0.0856,0.1506,0.1198,-0.1962,0.0834
27,9,1977,-99.9,2.0993,0.4476,0.0473,0.1276,0.1596,-0.1811,-0.3842,0.1198,-0.1350,0.1710
27,9,1978,-99.9,-1.2901,0.1284,-0.0778,-0.2501,-0.1190,-0.0084,0.2965,0.4708,-0.2180,-0.0535
27,9,1979,-99.9,-1.1478,0.0448,0.1057,0.0189,-0.0563,-0.1414,-0.0910,0.0404,0.0409,0.0097
27,9,1980,-99.9,0.8327,-0.6389,-0.0810,-0.0704,0.1051,-0.1150,0.2484,0.1611,-0.2920,0.0962
27,9,1981,-99.9,0.3876,0.2633,-0.1901,-0.0086,0.0427,0.0915,0.2424,-0.1834,0.0283,-0.0794
27,9,1982,-99.9,2.1662,-0.0030,0.0572,-0.1995,0.0944,0.0593,-0.0309,0.1614,-0.2124,0.0507
27,9,1983,-99.9,0.2773,0.3738,-0.0322,0.0523,-0.3074,-0.0897,0.0200,-0.0241,0.2441,0.0349
27,9,1984,-99.9,0.0807,0.1234,-0.0118,-0.0397,-0.0248,0.4535,0.1154,-0.2311,-0.2735,-0.1016
27,9,1985,-99.9,-0.2014,0.2028,0.0191,0.0332,0.1121,-0.1277,0.0852,-0.1180,-0.1444,0.0361
27,9,1986,-99.9,0.0639,-0.6284,-0.2524,-0.1890,-0.0418,0.2453,0.1830,-0.1140,0.0355,0.4488
27,9,1987,-99.9,-0.3522,0.2089,-0.0976,-0.0419,-0.0320,-0.0195,0.0194,-0.0268,0.3005,0.0492
27,9,1988,-99.9,-4.5890,0.1783,0.1332,0.1907,0.1177,0.1091,0.0439,-0.0897,-0.1159,-0.3645
27,9,1989,-99.9,-0.4605,-0.3919,0.0905,0.2102,0.0281,-0.0359,0.0476,-0.2050,-0.1298,-0.1818
27,9,1990,-99.9,-1.4234,-0.3049,-0.0339,0.0699,-0.0441,0.1533,-0.0622,0.0038,-0.2235,-0.1079
27,9,1991,-99.9,-2.5241,-0.9913,-0.0356,-0.0524,0.2063,-0.3721,0.0673,0.0110,-0.0467,0.0400
27,9,1992,-99.9,-1.9603,-0.6383,-0.1172,-0.0522,-0.0871,-0.0372,0.1738,-0.1783,0.0271,0.1764
27,9,1993,-99.9,-3.3741,-0.2666,-0.1668,-0.1138,0.3816,0.1145,0.1011,-0.2518,-0.1346,0.0259
27,9,1994,-99.9,-0.5012,-0.6232,-0.1088,0.0186,0.0139,0.2165,0.0583,-0.5002,0.0576,0.1698
27,9,1995,-99.9,0.9639,0.2769,-0.1180,0.1838,0.0391,-0.0632,0.0047,0.1324,-0.2462,-0.1843
27,9,1996,-99.9,-2.2522,-0.1481,-0.0856,0.0957,-0.2863,0.0721,0.0049,-0.3845,-0.1058,0.1798
27,9,1997,-99.9,-1.2588,-0.6668,0.0049,-0.0916,-0.0430,0.0975,0.0061,0.2395,-0.4694,-0.0250
27,9,1998,-99.9,-2.4014,0.1125,-0.0664,0.0584,-0.0582,-0.1620,-0.0753,0.2677,0.1013,-0.3098
27,9,1999,-99.9,-1.9198,-0.2744,0.1959,-0.0063,0.1047,-0.0988,-0.2504,-0.1090,0.2370,-0.0992
27,9,2000,-99.9,-0.2067,-0.1955,0.0958,0.1300,-0.2016,-0.0061,0.2497,-0.0498,-0.2430,0.1401
27,9,2001,-99.9,-0.4213,0.1884,0.0273,0.2910,0.1480,0.0012,-0.0888,0.0407,-0.1351,-0.0510
27,9,2002,-99.9,0.7441,0.7309,0.2799,0.0460,0.1908,0.0237,0.0525,0.2470,-0.4187,-0.2906
27,9,2003,-99.9,0.3020,0.2531,0.3763,-0.0151,0.0245,0.2370,-0.1552,0.1972,-0.6285,0.3412
27,9,2004,-99.9,-0.0791,0.6835,0.2768,0.1588,-0.0628,-0.2162,-0.4480,-0.4341,0.8158,0.2811
27,9,2005,-99.9,1.1983,0.4549,0.2814,0.0734,-0.0943,-0.0414,0.1244,-0.2797,-0.0866,0.4003
27,9,2006,-99.9,1.0974,0.7133,0.2883,-0.0852,-0.0532,-0.1608,-0.0167,0.1865,0.0312,0.1017
27,9,2007,-99.9,-0.1105,0.4662,0.2175,0.0722,0.0153,-0.0244,-0.1457,-0.2276,0.3803,0.1128
27,9,2008,-99.9,1.1134,-0.0694,0.1064,-0.0173,0.0150,-0.0278,0.0749,-0.0373,0.0993,0.1318
27,9,2009,-99.9,1.0696,0.4645,-0.1145,-0.0030,-0.1267,-0.0344,0.1084,-0.0493,0.0138,0.4328
27,9,2010,-99.9,0.5899,0.4985,0.1859,-0.1420,-0.0987,-0.1271,0.0023,-0.0726,0.2033,0.2688
27,9,2011,-99.9,-0.0554,-0.1522,0.3381,0.0279,0.0589,0.0219,0.1201,-0.0077,-0.3805,0.0683
27,9,2012,-99.9,0.0623,-0.3428,-0.0839,-0.0922,-0.1816,-0.1376,0.1743,0.0885,0.0836,0.3849
27,9,2013,-99.9,1.0271,-0.0129,-0.1517,0.0352,-0.0115,-0.0544,0.2733,0.2768,-0.0994,-0.0173
27,9,2014,-99.9,1.1215,-0.0278,-0.2572,-0.1433,0.0437,0.0029,0.6116,-0.0212,-0.0953,0.1265
27,9,2015,-99.9,1.7749,-0.0542,0.0307,-0.1344,0.0577,0.1426,0.1058,0.0422,0.1512,-0.2714
27,9,2016,-99.9,1.4138,-0.4005,-0.1795,-0.1842,0.0088,0.0873,0.3556,-0.1251,-0.3277,0.1998
27,9,2017,-99.9,1.1256,-0.2187,-0.1161,-0.1148,-0.1667,0.0375,0.0124,0.2033,-0.0507,-0.1434
27,9,2018,-99.9,0.7063,0.0170,-0.3626,-0.0924,0.0709,0.1832,0.1356,-0.0197,-0.0837,-0.2206
27,9,2019,-99.9,0.9991,-0.0333,-0.2519,-0.2568,-0.1876,0.1256,0.0618,0.2856,0.3783,-0.5319
27,9,2020,-99.9,1.5086,0.1097,-0.2630,-0.0469,-0.1846,-0.0852,-0.0423,-0.0682,-0.2604,0.5166
27,9,2021,-99.9,1.2904,0.2021,-0.1274,0.0855,-0.0008,0.0132,-0.0357,0.0777,-0.0040,-0.4044
27,9,2022,-99.9,0.4424,0.3682,-0.0468,-0.1482,-0.0487,-0.0026,0.6370,0.0381,0.0620,-0.6818