# F status quo
# Cod        
 0.009035 0.040966 0.075871 0.078671 0.084571 0.075991 0.061611 0.042461 0.018180 0.018180
 0.009035 0.040966 0.075871 0.078671 0.084571 0.075991 0.061611 0.042461 0.018180 0.018180
 0.000000 0.009035 0.040966 0.075871 0.078671 0.084571 0.075991 0.061611 0.042461 0.018180 0.018180
 0.000000 0.009035 0.040966 0.075871 0.078671 0.084571 0.075991 0.061611 0.042461 0.018180 0.018180
# Whiting    
 0.002636 0.007075 0.012323 0.015037 0.014886 0.014886
 0.002636 0.007075 0.012323 0.015037 0.014886 0.014886
 0.000205 0.002636 0.007075 0.012323 0.015037 0.014886 0.014886
 0.000205 0.002636 0.007075 0.012323 0.015037 0.014886 0.014886
# Haddock    
 0.004290 0.018116 0.033860 0.041582 0.041504 0.036857 0.041766 0.041766 0.041766 0.041766
 0.004290 0.018116 0.033860 0.041582 0.041504 0.036857 0.041766 0.041766 0.041766 0.041766
 0.000542 0.004290 0.018116 0.033860 0.041582 0.041504 0.036857 0.041766 0.041766 0.041766 0.041766
 0.000542 0.004290 0.018116 0.033860 0.041582 0.041504 0.036857 0.041766 0.041766 0.041766 0.041766
# Saithe     
 0.000000 0.000000 0.020211 0.052734 0.066317 0.066678 0.061446 0.054452 0.054452 0.054452
 0.000000 0.000000 0.020211 0.052734 0.066317 0.066678 0.061446 0.054452 0.054452 0.054452
 0.000000 0.000000 0.000000 0.020211 0.052734 0.066317 0.066678 0.061446 0.054452 0.054452 0.054452
 0.000000 0.000000 0.000000 0.020211 0.052734 0.066317 0.066678 0.061446 0.054452 0.054452 0.054452
# Mackerel   
 0.003061 0.011969 0.027929 0.042615 0.059720 0.073506 0.095940 0.095940 0.095940 0.095940
 0.003061 0.011969 0.027929 0.042615 0.059720 0.073506 0.095940 0.095940 0.095940 0.095940
 0.000000 0.003061 0.011969 0.027929 0.042615 0.059720 0.073506 0.095940 0.095940 0.095940 0.095940
 0.000000 0.003061 0.011969 0.027929 0.042615 0.059720 0.073506 0.095940 0.095940 0.095940 0.095940
# Herring    
 0.004145 0.009887 0.015890 0.021534 0.031314 0.031314 0.031314 0.031314
 0.008437 0.020126 0.032347 0.043836 0.063744 0.063744 0.063744 0.063744
 0.033232 0.022158 0.052859 0.084955 0.115129 0.167415 0.167415 0.167415 0.167415
 0.030085 0.015401 0.036740 0.059049 0.080022 0.116364 0.116364 0.116364 0.116364
# N.sandeel  
 0.000000 0.000000 0.000000 0.000000
 0.300455 0.685548 0.652301 0.652301
 0.000000 0.000000 0.000000 0.000000 0.000000
 0.000000 0.000000 0.000000 0.000000 0.000000
# S.sandeel  
 0.000000 0.000000 0.000000 0.000000
 0.017280 0.030312 0.045530 0.045530
 0.000000 0.000000 0.000000 0.000000 0.000000
 0.000000 0.000000 0.000000 0.000000 0.000000
# Nor.pout   
 0.001171 0.005384 0.011152
 0.010329 0.047500 0.086739
 0.000256 0.059303 0.272704 0.280432
 0.003384 0.130795 0.601457 0.601457
# Sprat      
 0.002461 0.015583 0.023245
 0.000000 0.000000 0.000000
 0.000000 0.038623 0.054405 0.042951
 0.000000 0.033820 0.094317 0.094317
# Plaice     
 0.008376 0.026158 0.033092 0.038904 0.038047 0.030759 0.017757 0.017757 0.017757 0.017757
 0.008376 0.026158 0.033092 0.038904 0.038047 0.030759 0.017757 0.017757 0.017757 0.017757
 0.000000 0.008376 0.026158 0.033092 0.038904 0.038047 0.030759 0.017757 0.017757 0.017757 0.017757
 0.000000 0.008376 0.026158 0.033092 0.038904 0.038047 0.030759 0.017757 0.017757 0.017757 0.017757
# Sole       
 0.002046 0.022304 0.049179 0.059952 0.061031 0.056625 0.051165 0.051165 0.051165 0.051165
 0.002046 0.022304 0.049179 0.059952 0.061031 0.056625 0.051165 0.051165 0.051165 0.051165
 0.000000 0.002046 0.022304 0.049179 0.059952 0.061031 0.056625 0.051165 0.051165 0.051165 0.051165
 0.000000 0.002046 0.022304 0.049179 0.059952 0.061031 0.056625 0.051165 0.051165 0.051165 0.051165
