## min pred/prey size ratio
# Cod         Whiting     Haddock     Saithe      Mackerel    Herring     N.sandeel   S.sandeel   Nor.pout    Sprat       Plaice      Sole        
    280.112     357.143     364.166    5000.000    5000.000     111.309     402.253     402.253     277.008     311.333    5000.000    5000.000 
   5000.000      66.454     142.694    5000.000    5000.000     156.201     383.142     383.142    5000.000     283.447    5000.000    5000.000 
    280.112     357.143     364.166    5000.000    5000.000      28.596     435.540     435.540     277.008     311.333    5000.000    5000.000 
    280.112     357.143     364.166    5000.000    5000.000      49.407     402.253     402.253    5000.000     547.046    5000.000    5000.000 
    280.112     357.143     364.166    5000.000    5000.000      28.619     402.253     402.253     277.008     311.333    5000.000    5000.000 
     12.650    5000.000    5000.000    5000.000    5000.000      17.634     402.253     402.253    5000.000     156.201    5000.000    5000.000 
   5000.000    5000.000    5000.000    5000.000    5000.000     547.046     402.253     402.253    5000.000     547.046    5000.000    5000.000 
   5000.000      79.340    5000.000    5000.000    5000.000     547.046     950.570     950.570     252.525     461.255    5000.000    5000.000 
     46.540      46.467    5000.000    5000.000    5000.000    5000.000      53.773      59.225      36.989    5000.000    5000.000    5000.000 
      9.037       5.322      19.818    5000.000    5000.000       8.299      11.590      11.590       8.325      35.075    5000.000    5000.000 
   5000.000    5000.000    5000.000    5000.000    5000.000    5000.000      69.253    5000.000      72.553    5000.000    5000.000    5000.000 
   5000.000      53.549    5000.000    5000.000    5000.000      15.898      93.965    5000.000    5000.000      39.954    5000.000    5000.000 
      3.276      16.029      10.836    5000.000    5000.000      31.503     261.345     261.345     112.821    5000.000      15.885    5000.000 
      4.930      16.029    5000.000    5000.000    5000.000      31.503     261.345     261.345    1803.279    5000.000    5000.000    5000.000 
   5000.000     283.157    5000.000    5000.000    5000.000       7.807    5000.000    5000.000       4.947    5000.000    5000.000    5000.000 
      3.633       4.491       6.984    5000.000    5000.000       2.744       5.513       2.689       4.186      11.318    5000.000    5000.000 
      4.440       2.697       3.047    5000.000    5000.000       2.334       2.265       2.180       1.776       2.522    5000.000    5000.000 
   5000.000    5000.000    5000.000    5000.000    5000.000    5000.000       4.162     132.286       8.688    5000.000    5000.000    5000.000 
   5000.000      13.057      13.013    5000.000    5000.000       4.313      26.593    5000.000       4.670    5000.000    5000.000    5000.000 
   5000.000    5000.000    5000.000    5000.000    5000.000      24.184      36.549       6.052      27.471      15.109    5000.000    5000.000 
## max pred/prey size ratio
# Cod         Whiting     Haddock     Saithe      Mackerel    Herring     N.sandeel   S.sandeel   Nor.pout    Sprat       Plaice      Sole        
   1305.483     984.252     472.144   -5000.000   -5000.000     453.309    8620.690    8620.690    1416.431    4672.897   -5000.000   -5000.000 
  -5000.000     540.541     465.549   -5000.000   -5000.000    1644.737    5263.158    5263.158   -5000.000    4672.897   -5000.000   -5000.000 
   2032.520    2747.253     929.368   -5000.000   -5000.000     119.019    2824.859    2824.859    2262.443    4672.897   -5000.000   -5000.000 
   1305.483    1748.252     821.018   -5000.000   -5000.000     453.309    8620.690    8620.690   -5000.000    4672.897   -5000.000   -5000.000 
   2032.520    2747.253     929.368   -5000.000   -5000.000     119.019    5263.158    5263.158    2262.443    4672.897   -5000.000   -5000.000 
     38.658   -5000.000   -5000.000   -5000.000   -5000.000     118.036    8620.690    8620.690   -5000.000     757.576   -5000.000   -5000.000 
  -5000.000   -5000.000   -5000.000   -5000.000   -5000.000    1644.737    8620.690    8620.690   -5000.000    4672.897   -5000.000   -5000.000 
  -5000.000     511.771   -5000.000   -5000.000   -5000.000    1644.737    8620.690    8620.690     727.802    4672.897   -5000.000   -5000.000 
   1028.313     178.479   -5000.000   -5000.000   -5000.000   -5000.000    3525.646     791.419    1430.697   -5000.000   -5000.000   -5000.000 
    308.026     422.436      97.112   -5000.000   -5000.000      24.863    1056.089     939.338     428.558     391.254   -5000.000   -5000.000 
  -5000.000   -5000.000   -5000.000   -5000.000   -5000.000   -5000.000     517.252   -5000.000     320.705   -5000.000   -5000.000   -5000.000 
  -5000.000     243.172   -5000.000   -5000.000   -5000.000      80.031     308.150   -5000.000   -5000.000     101.280   -5000.000   -5000.000 
    789.096    1016.636     275.897   -5000.000   -5000.000     895.765    7534.247    4313.725    1803.279   -5000.000    1656.627   -5000.000 
   2355.460    7857.143   -5000.000   -5000.000   -5000.000    1666.667    7534.247    5140.187    7971.014   -5000.000   -5000.000   -5000.000 
  -5000.000     283.157   -5000.000   -5000.000   -5000.000      77.633   -5000.000   -5000.000    1489.417   -5000.000   -5000.000   -5000.000 
    720.133    3102.550    1645.014   -5000.000   -5000.000    1501.766    6480.895    6480.895    4393.920    4277.758   -5000.000   -5000.000 
    102.977     377.392     132.597   -5000.000   -5000.000     124.205     716.869     542.496     383.717     708.096   -5000.000   -5000.000 
  -5000.000   -5000.000   -5000.000   -5000.000   -5000.000   -5000.000    1813.956     132.286     736.098   -5000.000   -5000.000   -5000.000 
  -5000.000    1014.063     953.149   -5000.000   -5000.000     535.045    2369.815   -5000.000    1652.960   -5000.000   -5000.000   -5000.000 
  -5000.000   -5000.000   -5000.000   -5000.000   -5000.000     226.471    1332.322     595.441     699.655     454.254   -5000.000   -5000.000 

## log of min pred/prey size ratio
# Cod         Whiting     Haddock     Saithe      Mackerel    Herring     N.sandeel   S.sandeel   Nor.pout    Sprat       Plaice      Sole        
      5.635       5.878       5.898       8.517       8.517       4.712       5.997       5.997       5.624       5.741       8.517       8.517   # Fulmar     
      8.517       4.197       4.961       8.517       8.517       5.051       5.948       5.948       8.517       5.647       8.517       8.517   # Guillemot  
      5.635       5.878       5.898       8.517       8.517       3.353       6.077       6.077       5.624       5.741       8.517       8.517   # Her.Gull   
      5.635       5.878       5.898       8.517       8.517       3.900       5.997       5.997       8.517       6.305       8.517       8.517   # Kittiwake  
      5.635       5.878       5.898       8.517       8.517       3.354       5.997       5.997       5.624       5.741       8.517       8.517   # GBB.Gull   
      2.538       8.517       8.517       8.517       8.517       2.870       5.997       5.997       8.517       5.051       8.517       8.517   # Gannet     
      8.517       8.517       8.517       8.517       8.517       6.305       5.997       5.997       8.517       6.305       8.517       8.517   # Puffin     
      8.517       4.374       8.517       8.517       8.517       6.305       6.857       6.857       5.532       6.134       8.517       8.517   # Razorbill  
      3.840       3.839       8.517       8.517       8.517       8.517       3.985       4.081       3.611       8.517       8.517       8.517   # A.radiata  
      2.201       1.672       2.987       8.517       8.517       2.116       2.450       2.450       2.119       3.558       8.517       8.517   # G.gurnards 
      8.517       8.517       8.517       8.517       8.517       8.517       4.238       8.517       4.284       8.517       8.517       8.517   # W.horse.mac
      8.517       3.981       8.517       8.517       8.517       2.766       4.543       8.517       8.517       3.688       8.517       8.517   # N.horse.mac
      1.187       2.774       2.383       8.517       8.517       3.450       5.566       5.566       4.726       8.517       2.765       8.517   # Grey.seal  
      1.595       2.774       8.517       8.517       8.517       3.450       5.566       5.566       7.497       8.517       8.517       8.517   # H.porpoise 
      8.517       5.646       8.517       8.517       8.517       2.055       8.517       8.517       1.599       8.517       8.517       8.517   # Hake       
      1.290       1.502       1.944       8.517       8.517       1.010       1.707       0.989       1.432       2.426       8.517       8.517   # Cod        
      1.491       0.992       1.114       8.517       8.517       0.848       0.817       0.779       0.574       0.925       8.517       8.517   # Whiting    
      8.517       8.517       8.517       8.517       8.517       8.517       1.426       4.885       2.162       8.517       8.517       8.517   # Haddock    
      8.517       2.569       2.566       8.517       8.517       1.462       3.281       8.517       1.541       8.517       8.517       8.517   # Saithe     
      8.517       8.517       8.517       8.517       8.517       3.186       3.599       1.800       3.313       2.715       8.517       8.517   # Mackerel   

## log of max pred/prey size ratio
# Cod         Whiting     Haddock     Saithe      Mackerel    Herring     N.sandeel   S.sandeel   Nor.pout    Sprat       Plaice      Sole        
      7.174       6.892       6.157   -9999.000   -9999.000       6.117       9.062       9.062       7.256       8.450   -9999.000   -9999.000   # Fulmar     
  -9999.000       6.293       6.143   -9999.000   -9999.000       7.405       8.568       8.568   -9999.000       8.450   -9999.000   -9999.000   # Guillemot  
      7.617       7.918       6.835   -9999.000   -9999.000       4.779       7.946       7.946       7.724       8.450   -9999.000   -9999.000   # Her.Gull   
      7.174       7.466       6.711   -9999.000   -9999.000       6.117       9.062       9.062   -9999.000       8.450   -9999.000   -9999.000   # Kittiwake  
      7.617       7.918       6.835   -9999.000   -9999.000       4.779       8.568       8.568       7.724       8.450   -9999.000   -9999.000   # GBB.Gull   
      3.655   -9999.000   -9999.000   -9999.000   -9999.000       4.771       9.062       9.062   -9999.000       6.630   -9999.000   -9999.000   # Gannet     
  -9999.000   -9999.000   -9999.000   -9999.000   -9999.000       7.405       9.062       9.062   -9999.000       8.450   -9999.000   -9999.000   # Puffin     
  -9999.000       6.238   -9999.000   -9999.000   -9999.000       7.405       9.062       9.062       6.590       8.450   -9999.000   -9999.000   # Razorbill  
      6.936       5.184   -9999.000   -9999.000   -9999.000   -9999.000       8.168       6.674       7.266   -9999.000   -9999.000   -9999.000   # A.radiata  
      5.730       6.046       4.576   -9999.000   -9999.000       3.213       6.962       6.845       6.060       5.969   -9999.000   -9999.000   # G.gurnards 
  -9999.000   -9999.000   -9999.000   -9999.000   -9999.000   -9999.000       6.249   -9999.000       5.771   -9999.000   -9999.000   -9999.000   # W.horse.mac
  -9999.000       5.494   -9999.000   -9999.000   -9999.000       4.382       5.731   -9999.000   -9999.000       4.618   -9999.000   -9999.000   # N.horse.mac
      6.671       6.924       5.620   -9999.000   -9999.000       6.798       8.927       8.370       7.497   -9999.000       7.413   -9999.000   # Grey.seal  
      7.764       8.969   -9999.000   -9999.000   -9999.000       7.419       8.927       8.545       8.984   -9999.000   -9999.000   -9999.000   # H.porpoise 
  -9999.000       5.646   -9999.000   -9999.000   -9999.000       4.352   -9999.000   -9999.000       7.306   -9999.000   -9999.000   -9999.000   # Hake       
      6.579       8.040       7.406   -9999.000   -9999.000       7.314       8.777       8.777       8.388       8.361   -9999.000   -9999.000   # Cod        
      4.635       5.933       4.887   -9999.000   -9999.000       4.822       6.575       6.296       5.950       6.563   -9999.000   -9999.000   # Whiting    
  -9999.000   -9999.000   -9999.000   -9999.000   -9999.000   -9999.000       7.503       4.885       6.601   -9999.000   -9999.000   -9999.000   # Haddock    
  -9999.000       6.922       6.860   -9999.000   -9999.000       6.282       7.771   -9999.000       7.410   -9999.000   -9999.000   -9999.000   # Saithe     
  -9999.000   -9999.000   -9999.000   -9999.000   -9999.000       5.423       7.195       6.389       6.551       6.119   -9999.000   -9999.000   # Mackerel   
