Species.n Year  Rec SSB TSB SOP SOP.hat SOP.core Yield Yield.hat Yield.core mean.F Eaten
16 1974  3.50556e+06 183175 404979 252714 243163 235082 252714 243163 235082 0.708995 97928.5
16 1975  2.2511e+06 169285 395713 241132 251206 224086 241132 251206 224086 0.750334 102840
16 1976  7.82303e+06 151626 429763 305329 257887 278671 305329 257887 278671 0.826951 146599
16 1977  4.35142e+06 120824 403521 347182 280928 317344 347182 280928 317344 0.801958 153837
16 1978  5.71204e+06 114520 480898 327061 375913 295637 327061 375913 295637 0.941916 164200
16 1979  4.64856e+06 107554 440479 428086 305727 384140 428086 305727 384140 0.765594 135682
16 1980  3.97702e+06 119756 468640 587443 352883 525473 587443 352883 525473 0.875765 160922
16 1981  1.40984e+07 123797 500946 390754 342437 349529 390754 342437 349529 0.873664 217774
16 1982  5.05785e+06 116098 404465 356376 334740 318222 356376 334740 318222 0.924402 155427
16 1983  5.66313e+06 99773.3 377335 279032 298768 247864 279032 298768 247864 0.930261 139186
16 1984  4.0529e+06 88120.7 338419 378275 270954 328184 378275 270954 328184 0.878311 134495
16 1985  5.2067e+06 89734.6 360931 245642 246214 216756 245642 246214 216756 0.881261 122151
16 1986  3.58011e+06 77664.8 285384 339692 239681 285894 339692 239681 285894 0.952039 113335
16 1987  3.73614e+06 79152.6 332387 243840 257404 212387 243840 257404 212387 0.92565 115671
16 1988  2.99106e+06 76103.4 266797 193767 214469 169640 193767 214469 169640 0.927285 82076.9
16 1989  2.62258e+06 71114.9 222692 201155 196850 168685 201155 196850 168685 0.956307 82602.6
16 1990  2.93439e+06 68529.8 223735 151592 156622 130441 151592 156622 130441 0.90777 79713.5
16 1991  3.4674e+06 64811.2 180292 119678 146681 101928 119678 146681 101928 0.901676 70047.8
16 1992  2.11731e+06 64598.5 191341 148985 170744 121249 148985 170744 121249 0.874619 74168.5
16 1993  3.45056e+06 69345.9 215042 141383 141768 120342 141383 141768 120342 0.934243 80574.9
16 1994  2.74349e+06 71358.4 202016 208173 132011 160052 208173 132011 160052 0.891317 80150
16 1995  3.28194e+06 81850.5 235801 168055 146471 138656 168055 146471 138656 0.850868 95977.9
16 1996  5.33292e+06 91101 232911 138777 158496 118648 138777 158496 118648 0.902808 99024.4
16 1997  1.69071e+06 89650.3 227212 155600 152056 125032 155600 152056 125032 0.87608 94666.1
16 1998  2.68543e+06 94993.8 260189 184807 165612 155875 184807 165612 155875 1.15969 85142.3
16 1999  4.95764e+06 67435.2 136774 107734 101217 91550.9 107734 101217 91550.9 1.15447 66885.2
16 2000  1.77324e+06 47338.8 112147 82922.2 90187.5 67399.4 82922.2 90187.5 67399.4 1.16871 51719.7
16 2001  1.88361e+06 45997.9 121524 61986.7 62275.3 51936.9 61986.7 62275.3 51936.9 0.828655 51796.7
16 2002  2.09348e+06 46365 98532.2 65036.4 66865.1 53938.6 65036.4 66865.1 53938.6 1.09731 43613.3
16 2003  3.61327e+06 34451.5 75567.2 34437 37480 29193.8 34437 37480 29193.8 0.678584 54904.2
16 2004  2.63155e+06 35148.4 77578.3 36471.4 34780.8 30158.3 36471.4 34780.8 30158.3 0.719781 55533.6
16 2005  4.72323e+06 36113.9 85076.9 38104.1 43247.5 31514.7 38104.1 43247.5 31514.7 0.709014 73461.1
16 2006  2.61132e+06 37864.5 94025.2 37577 35439.2 30335.1 37577 35439.2 30335.1 0.730155 72215.9
16 2007  2.7179e+06 45476.9 112179 54641.2 44373.8 44443.5 54641.2 44373.8 44443.5 0.57893 73933.6
16 2008  2.57656e+06 53214.6 107145 51795 52885.5 43363.1 51795 52885.5 43363.1 0.624825 64104.4
16 2009  2.27768e+06 55062.6 105734 54026.1 54746.6 45441.9 54026.1 54746.6 45441.9 0.624892 57218.3
16 2010  1.86301e+06 54293.9 111450 49105.7 48313 41380.4 49105.7 48313 41380.4 0.542606 63365.6
16 2011  4.1361e+06 65314.7 135158 40686.8 43690.5 34615.7 40686.8 43690.5 34615.7 0.401337 83512.5
16 2012  6.1768e+06 72066.9 133584 40764 41177.9 34831.9 40764 41177.9 34831.9 0.372813 95239.1
16 2013  4.43878e+06 72876.9 140164 40757.4 41053.4 35021.2 40757.4 41053.4 35021.2 0.349713 93478.4
16 2014  2.48661e+06 76492.1 157149 45192.4 43463.8 38226.1 45192.4 43463.8 38226.1 0.336924 84495.4
16 2015  1.91304e+06 85102.8 166886 49899.9 48919.7 42520.5 49899.9 48919.7 42520.5 0.350876 75657.7
16 2016  2.71203e+06 85632 148013 50310.5 46643 44059.6 50310.5 46643 44059.6 0.341109 59829.5
16 2017  1.36704e+06 79036.5 130501 46368.7 43717.8 41141.7 46368.7 43717.8 41141.7 0.390654 48078.8
16 2018  1.30994e+06 69241.6 122082 47904.1 48708 41920.4 47904.1 48708 41920.4 0.552572 44695.3
16 2019  1.13867e+06 50589.5 88124.5 35390.2 33557.3 31279.6 35390.2 33557.3 31279.6 0.467094 33514.4
16 2020  928240 41151.4 80937 23607.4 21569.5 19866.1 23607.4 21569.5 19866.1 0.352995 36855.5
16 2021  1.88505e+06 45313.5 97622 18227.9 19223 15674.1 18227.9 19223 15674.1 0.223151 50596.7
16 2022  2.16503e+06 48919.9 104276 21127.7 22512.1 18405.9 21127.7 22512.1 18405.9 0.249802 57680.9
16 2023  NA 53409.5 NA NA NA NA NA NA NA NA NA
17 1974  2.8642e+07 367882 497296 319955 274877 287960 319955 274877 287960 0.825238 422332
17 1975  2.45854e+07 299865 524649 275667 305988 248100 275667 305988 248100 0.852571 430275
17 1976  3.20675e+07 381144 601240 325609 298417 293048 325609 298417 293048 0.78226 565037
17 1977  2.45743e+07 374354 584658 289306 265839 260375 289306 265839 260375 0.664519 466441
17 1978  2.70444e+07 384693 606888 188049 186242 169245 188049 186242 169245 0.492654 546747
17 1979  1.73886e+07 405621 624220 244055 235764 219649 244055 235764 219649 0.587084 386497
17 1980  1.21833e+07 422793 616010 223016 216033 200714 223016 216033 200714 0.525659 384493
17 1981  2.18514e+07 416132 535865 192209 191214 172988 192209 191214 172988 0.526868 448899
17 1982  8.17435e+06 290768 363232 140246 118468 126222 140246 118468 126222 0.434874 218291
17 1983  1.10126e+07 222332 301069 161686 124510 145517 161686 124510 145517 0.595224 187159
17 1984  1.2732e+07 175305 288841 145646 119898 131081 145646 119898 131081 0.666744 237886
17 1985  1.36332e+07 203111 293666 100207 104773 90186.6 100207 104773 90186.6 0.5338 218644
17 1986  1.66786e+07 207573 374174 161469 164865 145322 161469 164865 145322 0.747252 284659
17 1987  1.56862e+07 228709 357391 138906 135899 125016 138906 135899 125016 0.604359 278064
17 1988  1.94129e+07 255936 364415 133010 124891 119709 133010 124891 119709 0.527868 288474
17 1989  1.37328e+07 255668 422400 123530 123177 111177 123530 123177 111177 0.437167 317409
17 1990  1.13416e+07 309974 426174 152969 131516 137672 152969 131516 137672 0.46238 262008
17 1991  1.07997e+07 304840 410000 126467 121524 113820 126467 121524 113820 0.335019 227498
17 1992  1.49389e+07 303275 403552 108738 140293 97864.2 108738 140293 97864.2 0.405337 256419
17 1993  1.24483e+07 276517 377020 116871 137674 105184 116871 137674 105184 0.454211 242175
17 1994  1.27943e+07 255442 356624 101628 114294 91465.1 101628 114294 91465.1 0.395748 239574
17 1995  1.16525e+07 255296 363716 106220 92501.7 95598.2 106220 92501.7 95598.2 0.301084 256863
17 1996  6.77709e+06 241622 324620 76090.3 75623.6 68481.2 76090.3 75623.6 68481.2 0.270201 187974
17 1997  1.28831e+07 214098 277690 61474.6 61757.3 55327.1 61474.6 61757.3 55327.1 0.239783 214268
17 1998  2.1992e+07 190148 268415 47404.6 48679.6 42664.2 47404.6 48679.6 42664.2 0.209425 308167
17 1999  2.07361e+07 180020 282905 60836.3 62428.1 54752.7 60836.3 62428.1 54752.7 0.282257 327864
17 2000  1.8954e+07 199385 314419 63907.5 69006.9 57516.8 63907.5 69006.9 57516.8 0.2511 282835
17 2001  2.256e+07 248301 366133 45177.2 50932.6 40659.5 45177.2 50932.6 40659.5 0.150327 349904
17 2002  1.51565e+07 259921 351270 46411.9 42740.7 41770.7 46411.9 42740.7 41770.7 0.132763 303586
17 2003  1.02255e+07 248221 300490 45645.6 47550.8 41081 45645.6 47550.8 41081 0.189147 205603
17 2004  1.07764e+07 201071 243032 33564.4 33873.2 30208 33564.4 33873.2 30208 0.158831 191103
17 2005  1.08658e+07 168366 218985 28873.3 27750.5 25986 28873.3 27750.5 25986 0.151137 187260
17 2006  1.12117e+07 151931 202922 36746.2 35808.1 33071.6 36746.2 35808.1 33071.6 0.196318 187032
17 2007  1.70909e+07 142584 182511 26968 26323.9 24271.2 26968 26323.9 24271.2 0.179362 232201
17 2008  1.28913e+07 147843 204281 28250.7 26744.9 25425.7 28250.7 26744.9 25425.7 0.17357 215814
17 2009  7.49588e+06 159821 207793 28361.9 26472.8 25525.7 28361.9 26472.8 25525.7 0.159061 156599
17 2010  1.27263e+07 205280 258015 34440.7 34482.4 30996.6 34440.7 34482.4 30996.6 0.157757 214379
17 2011  1.35426e+07 209553 276953 30673.4 30031.2 27606 30673.4 30031.2 27606 0.133292 251746
17 2012  1.10679e+07 231190 276787 30223.7 33605.9 27201.3 30223.7 33605.9 27201.3 0.140115 216644
17 2013  1.21076e+07 210686 244587 26639.4 27169.1 23975.5 26639.4 27169.1 23975.5 0.121634 202003
17 2014  1.25527e+07 195958 248278 28373.1 27747.1 25535.8 28373.1 27747.1 25535.8 0.132324 209213
17 2015  1.70819e+07 202299 256960 36255 35028.5 32629.5 36255 35028.5 32629.5 0.167857 257258
17 2016  1.95055e+07 216402 275372 33370.8 33163.8 30033.7 33370.8 33163.8 30033.7 0.149545 284845
17 2017  1.58981e+07 236402 293323 29347.8 29006.3 26413 29347.8 29006.3 26413 0.11634 275120
17 2018  1.23626e+07 241548 291671 28437.9 28088.3 25594.1 28437.9 28088.3 25594.1 0.110884 225338
17 2019  2.06101e+07 242686 298160 30510.3 30339.4 27459.2 30510.3 30339.4 27459.2 0.120181 291989
17 2020  2.01652e+07 298603 412207 34996.4 33463.7 31496.7 34996.4 33463.7 31496.7 0.102417 355427
17 2021  7.80228e+06 403424 523368 33193.3 31978.8 29874 33193.3 31978.8 29874 0.0758105 302064
17 2022  1.48907e+07 457742 522300 27891.4 23782.2 25102.2 27891.4 23782.2 25102.2 0.047116 301228
17 2023  NA 490604 NA NA NA NA NA NA NA NA NA
18 1974  4.84584e+07 398445 893602 396271 323819 348718 396271 323819 348718 0.697133 977410
18 1975  4.41953e+06 321233 1.43369e+06 494728 415481 435361 494728 415481 435361 0.870072 972168
18 1976  5.05665e+06 523555 1.06304e+06 402849 434886 354508 402849 434886 354508 0.797503 434278
18 1977  1.09643e+07 406070 535419 240340 267257 211499 240340 267257 211499 0.766216 287346
18 1978  1.67167e+07 178633 362091 146706 140110 129101 146706 140110 129101 0.807143 356836
18 1979  2.68609e+07 133753 454039 149064 145024 131177 149064 145024 131177 0.83363 550370
18 1980  1.57003e+07 176636 745478 202451 203041 178157 202451 203041 178157 0.795691 646850
18 1981  2.20218e+07 312712 728027 226485 214586 199306 226485 214586 199306 0.573252 626079
18 1982  9.93945e+06 342402 676339 256108 197369 225375 256108 197369 225375 0.553003 464545
18 1983  1.52383e+07 269629 487360 253230 218758 222842 253230 218758 222842 0.732228 334643
18 1984  5.1897e+06 224695 555027 247089 250052 217439 247089 250052 217439 0.875377 289376
18 1985  5.79324e+06 250312 499915 247098 272666 217447 247098 272666 217447 0.832149 203792
18 1986  1.23465e+07 236368 380677 223727 198754 196880 223727 198754 196880 0.866582 218676
18 1987  1.80419e+06 185603 452454 194995 210886 171595 194995 210886 171595 0.974695 185930
18 1988  1.30482e+06 196648 351314 179974 192706 158377 179974 192706 158377 0.953247 88893.6
18 1989  2.55413e+06 142642 187441 127719 117831 112393 127719 117831 112393 0.944184 57307.4
18 1990  5.02942e+06 76897.9 133710 86747.9 75953.8 76338.1 86747.9 75953.8 76338.1 0.882735 89581.6
18 1991  7.15411e+06 63212.2 175880 97264.3 92347.4 85592.6 97264.3 92347.4 85592.6 0.914028 129941
18 1992  1.02219e+07 100404 303403 135185 125769 118962 135185 125769 118962 0.807083 211624
18 1993  4.08705e+06 175269 469551 180218 225054 158592 180218 225054 158592 1.00367 213278
18 1994  1.64135e+07 213227 402489 169436 210942 149104 169436 210942 149104 0.898763 251072
18 1995  8.46395e+06 194304 567212 168928 192087 148656 168928 192087 148656 0.803704 382830
18 1996  6.27614e+06 247781 523190 204683 261625 180121 204683 261625 180121 0.947149 221716
18 1997  3.68186e+06 226101 385783 170009 174082 149608 170009 174082 149608 0.721473 155274
18 1998  1.89283e+06 190279 296562 161929 148684 142498 161929 148684 142498 0.781008 83331.7
18 1999  1.77898e+07 140229 195715 123489 124036 108670 123489 124036 108670 0.976074 184213
18 2000  6.06554e+06 104342 486373 126823 124469 111604 126823 124469 111604 0.8588 317080
18 2001  1.23057e+06 359108 655152 173366 204823 152562 173366 204823 152562 0.695681 147654
18 2002  1.52213e+06 424075 496264 155333 225057 136693 155333 225057 136693 0.629559 87289.1
18 2003  1.39581e+06 262943 292426 74350.3 91725.8 65428.2 74350.3 91725.8 65428.2 0.339778 56084.3
18 2004  1.20338e+06 178514 207054 72513.1 65589.1 63811.5 72513.1 65589.1 63811.5 0.366878 59083.2
18 2005  8.37387e+06 120207 142068 64115.2 47037.1 56421.3 64115.2 47037.1 56421.3 0.393932 119573
18 2006  2.27096e+06 90102.5 227315 66967.2 58404.4 58931.1 66967.2 58404.4 58931.1 0.615693 154769
18 2007  1.23744e+06 138540 206573 67425.3 60923.8 59334.3 67425.3 60923.8 59334.3 0.562084 74321.1
18 2008  644455 135861 166874 49900.4 47211.3 43912.4 49900.4 47211.3 43912.4 0.37106 46302
18 2009  4.24981e+06 95559.2 115039 46492.1 33808.7 40913 46492.1 33808.7 40913 0.334398 62466.2
18 2010  612004 85819.4 188230 41303.5 34785.7 36347.1 41303.5 34785.7 36347.1 0.366237 98779.3
18 2011  329445 134109 181744 42868 42725.7 37723.8 42868 42725.7 37723.8 0.3448 47893.9
18 2012  617448 145762 157238 42919.8 44663.4 37769.4 42919.8 44663.4 37769.4 0.296773 28296.9
18 2013  515704 109179 122674 46685.3 32061.7 41083.1 46685.3 32061.7 41083.1 0.262738 27728.8
18 2014  3.95079e+06 77025.4 90653.8 45914.5 33821 40404.8 45914.5 33821 40404.8 0.414779 56017
18 2015  1.02097e+06 61937.1 145132 41474.8 42545.6 36497.8 41474.8 42545.6 36497.8 0.628419 82362.5
18 2016  1.64806e+06 99069.1 149883 42943.5 55521.8 37790.2 42943.5 55521.8 37790.2 0.508087 61009.3
18 2017  836903 117805 156542 40861.1 52157.4 35957.7 40861.1 52157.4 35957.7 0.457811 51965.8
18 2018  1.78712e+06 97351.5 123946 39694 43976.9 34930.7 39694 43976.9 34930.7 0.432151 47549.3
18 2019  6.20412e+06 81222.8 119985 36305.3 36759.3 31948.6 36305.3 36759.3 31948.6 0.430648 88930.7
18 2020  8.56981e+06 93129 247119 38943.8 41884.1 34270.5 38943.8 41884.1 34270.5 0.345042 211331
18 2021  3.60991e+06 208356 429295 44128.5 56790.8 38833.1 44128.5 56790.8 38833.1 0.221602 225003
18 2022  3.91944e+06 352007 472228 56889.5 47018.2 50062.8 56889.5 47018.2 50062.8 0.121735 182345
18 2023  NA 406003 NA NA NA NA NA NA NA NA NA
19 1974  267752 558061 861485 341457 273980 310725 341457 273980 310725 0.450795 0
19 1975  150792 487925 829296 308362 277613 280610 308362 277613 280610 0.531098 0
19 1976  188176 368100 730404 432832 268238 393877 432832 268238 393877 0.574511 0
19 1977  160711 292383 600366 242626 285495 220790 242626 285495 220790 0.734476 0
19 1978  341583 247291 456438 179361 144527 163218 179361 144527 163218 0.435475 0
19 1979  256847 240335 488833 144250 158401 131268 144250 158401 131268 0.464299 0
19 1980  251835 222223 471260 146784 166433 133573 146784 166433 133573 0.541551 0
19 1981  219197 211551 540785 150025 178252 136523 150025 178252 136523 0.497569 0
19 1982  264094 192397 546190 205438 185157 186949 205438 185157 186949 0.489585 0
19 1983  495462 198449 523465 205616 243131 187111 205616 243131 187111 0.716591 0
19 1984  267134 162106 418114 245308 159233 223230 245308 159233 223230 0.590135 0
19 1985  268842 140987 403109 280080 138615 254873 280080 138615 254873 0.597653 0
19 1986  156779 123759 445029 236972 191995 215644 236972 191995 215644 0.733927 0
19 1987  151160 128347 375101 195418 150431 177830 195418 150431 177830 0.626113 0
19 1988  206380 129747 354076 156418 163216 142340 156418 163216 142340 0.722128 0
19 1989  191983 109883 290996 126442 122358 115063 126442 122358 115063 0.666722 0
19 1990  210759 103719 268893 126902 96452.3 115481 126902 96452.3 115481 0.576114 0
19 1991  171915 97189.1 277867 133739 93531.5 121702 133739 93531.5 121702 0.533346 0
19 1992  504248 97571.5 308341 117430 79004.7 106862 117430 79004.7 106862 0.510889 0
19 1993  207378 112050 353003 135112 127297 122952 135112 127297 122952 0.734587 0
19 1994  306222 108480 365542 128816 91160.3 117223 128816 91160.3 117223 0.517525 0
19 1995  142829 133105 568506 143477 163649 130564 143477 163649 130564 0.66012 0
19 1996  263825 146841 498724 130551 160668 118801 130551 160668 118801 0.56998 0
19 1997  148987 180521 484967 121523 120855 110586 121523 120855 110586 0.408202 0
19 1998  330560 183262 421751 118480 114018 107816 118480 114018 107816 0.419873 0
19 1999  338453 190291 436995 120395 141662 109560 120395 141662 109560 0.575348 0
19 2000  244463 176940 438347 94675.6 103128 86154.8 94675.6 103128 86154.8 0.40894 0
19 2001  184708 186196 486353 104100 84113.6 94731.3 104100 84113.6 94731.3 0.313169 0
19 2002  292145 221575 570320 129849 139626 118162 129849 139626 118162 0.430951 0
19 2003  127565 208438 481593 121658 134870 110709 121658 134870 110709 0.46348 0
19 2004  156507 255201 527766 113792 114344 103551 113792 114344 103551 0.334769 0
19 2005  110516 235874 489162 119234 121148 108503 119234 121148 108503 0.381864 0
19 2006  111165 255860 474434 128711 120519 117127 128711 120519 117127 0.365578 0
19 2007  191315 237283 413261 106333 88886 96763.1 106333 88886 96763.1 0.30358 0
19 2008  105830 226937 391036 129887 116791 118197 129887 116791 118197 0.450655 0
19 2009  154248 217013 367642 114519 113473 104213 114519 113473 104213 0.46557 0
19 2010  145579 203653 380883 104723 118393 95297.9 104723 118393 95297.9 0.480872 0
19 2011  109651 158538 318100 102008 94295.4 92827.5 102008 94295.4 92827.5 0.453513 0
19 2012  129713 142372 299346 87049.1 79423.3 79214.6 87049.1 79423.3 79214.6 0.418353 0
19 2013  193053 143672 299849 87269.8 75129.1 79415.5 87269.8 75129.1 79415.5 0.381171 0
19 2014  183079 159000 311743 82171.6 83058.2 74776.2 82171.6 83058.2 74776.2 0.385689 0
19 2015  108267 162338 320518 81446.6 84102.4 74116.4 81446.6 84102.4 74116.4 0.404756 0
19 2016  95474.4 150991 336156 77671.3 84012.1 70680.9 77671.3 84012.1 70680.9 0.402035 0
19 2017  85804 165417 359979 94585.1 110533 86072.4 94585.1 110533 86072.4 0.477199 0
19 2018  103427 160351 318431 95446.2 103833 86856.1 95446.2 103833 86856.1 0.472224 0
19 2019  147402 165907 300981 96645.8 102647 87947.7 96645.8 102647 87947.7 0.484428 0
19 2020  179438 153791 276159 76819.8 71717.6 69906.1 76819.8 71717.6 69906.1 0.362998 0
19 2021  178297 146926 275707 50950.7 49837.7 46365.1 50950.7 49837.7 46365.1 0.257035 0
19 2022  177916 162978 327912 53805.5 55889.9 48963 53805.5 55889.9 48963 0.247174 0
19 2023  NA 184809 NA NA NA NA NA NA NA NA NA
20 1974  4.7709e+06 4.98406e+06 5.636e+06 604750 594802 220247 604750 594802 220247 0.123059 0
20 1975  4.47928e+06 4.80534e+06 5.59193e+06 780518 779746 466992 780518 779746 466992 0.163303 0
20 1976  2.99217e+06 4.59869e+06 5.46468e+06 826864 804528 205545 826864 804528 205545 0.184808 0
20 1977  763473 4.43347e+06 5.20457e+06 619776 606079 109430 619776 606079 109430 0.144482 0
20 1978  2.53036e+06 4.32683e+06 4.83672e+06 735619 733726 130770 735619 733726 130770 0.182389 0
20 1979  4.71959e+06 3.81547e+06 4.20872e+06 840578 808981 239951 840578 808981 239951 0.225095 0
20 1980  5.26748e+06 2.75284e+06 3.31245e+06 733063 716082 246183 733063 716082 246183 0.238137 0
20 1981  6.42209e+06 2.51311e+06 3.3215e+06 750656 670213 257298 750656 670213 257298 0.247325 0
20 1982  1.74444e+06 2.51172e+06 3.46528e+06 716385 649909 262855 716385 649909 262855 0.247039 0
20 1983  1.26379e+06 2.66709e+06 3.44967e+06 671927 550256 250657 671927 550256 250657 0.211604 0
20 1984  6.10753e+06 2.67915e+06 3.0852e+06 633027 582005 256929 633027 582005 256929 0.218423 0
20 1985  2.84557e+06 2.56429e+06 3.15193e+06 609877 592288 244303 609877 592288 244303 0.194142 0
20 1986  3.37459e+06 2.63435e+06 3.34417e+06 600246 548152 263876 600246 548152 263876 0.182045 0
20 1987  4.82413e+06 2.65808e+06 3.24178e+06 654429 602912 287221 654429 602912 287221 0.198556 0
20 1988  3.11929e+06 2.65009e+06 3.36403e+06 677317 679254 295331 677317 679254 295331 0.216631 0
20 1989  4.08028e+06 2.5297e+06 3.27286e+06 582714 564648 255824 582714 564648 255824 0.184864 0
20 1990  3.04375e+06 2.69314e+06 3.32812e+06 624046 611523 271781 624046 611523 271781 0.199602 0
20 1991  3.33135e+06 2.81476e+06 3.43561e+06 674986 738957 296164 674986 738957 296164 0.238496 0
20 1992  4.04763e+06 2.77665e+06 3.27499e+06 758475 828988 332009 758475 828988 332009 0.277809 0
20 1993  4.55004e+06 2.64597e+06 3.19254e+06 823385 835291 360218 823385 835291 360218 0.315328 0
20 1994  3.83182e+06 2.55976e+06 3.13169e+06 817922 874388 357445 817922 874388 357445 0.341603 0
20 1995  3.45115e+06 2.56437e+06 3.1529e+06 755210 772919 331225 755210 772919 331225 0.32448 0
20 1996  3.41653e+06 2.43634e+06 2.95341e+06 561267 558651 244597 561267 558651 244597 0.240539 0
20 1997  2.8012e+06 2.46008e+06 2.9603e+06 570291 543743 248053 570291 543743 248053 0.234569 0
20 1998  2.8648e+06 2.44823e+06 2.85836e+06 662343 619832 263275 662343 619832 263275 0.266639 0
20 1999  3.26558e+06 2.38692e+06 2.78426e+06 636297 631075 253018 636297 631075 253018 0.273537 0
20 2000  1.96392e+06 2.2503e+06 2.64119e+06 736472 709670 292978 736472 709670 292978 0.326474 0
20 2001  4.25938e+06 2.0917e+06 2.42681e+06 735748 727852 315687 735748 727852 315687 0.36796 0
20 2002  5.78315e+06 1.80128e+06 2.19167e+06 770238 771064 311527 770238 771064 311527 0.441471 0
20 2003  3.66086e+06 1.80132e+06 2.39854e+06 678030 725232 268113 678030 725232 268113 0.424164 0
20 2004  5.03841e+06 2.14932e+06 2.6215e+06 684412 607634 274417 684412 607634 274417 0.448948 0
20 2005  8.15076e+06 2.08154e+06 2.66447e+06 549854 464571 209035 549854 464571 209035 0.320832 0
20 2006  9.67887e+06 2.33789e+06 3.24712e+06 478373 445552 176491 478373 445552 176491 0.261007 0
20 2007  8.39216e+06 2.84552e+06 4.1393e+06 588318 617465 205685 588318 617465 205685 0.294286 0
20 2008  8.29582e+06 3.41127e+06 4.80098e+06 622041 691147 211552 622041 691147 211552 0.262991 0
20 2009  7.51675e+06 4.00939e+06 5.28189e+06 738620 739549 243763 738620 739549 243763 0.239768 0
20 2010  1.09043e+07 4.54586e+06 5.54879e+06 879073 808925 246258 879073 808925 246258 0.22152 0
20 2011  1.07798e+07 5.27491e+06 6.48482e+06 950185 873505 256746 950185 873505 256746 0.20639 0
20 2012  6.77897e+06 5.43827e+06 6.92161e+06 900343 854741 234469 900343 854741 234469 0.181087 0
20 2013  5.30387e+06 5.80749e+06 6.90473e+06 939365 927969 226080 939365 927969 226080 0.180153 0
20 2014  6.26536e+06 5.92689e+06 6.73896e+06 1.40348e+06 1.24883e+06 323234 1.40348e+06 1.24883e+06 323234 0.227282 0
20 2015  2.82381e+06 6.01351e+06 6.67892e+06 1.22245e+06 1.157e+06 269730 1.22245e+06 1.157e+06 269730 0.210267 0
20 2016  5.20796e+06 5.7108e+06 6.32728e+06 1.10266e+06 1.06115e+06 265663 1.10266e+06 1.06115e+06 265663 0.197487 0
20 2017  3.6107e+06 4.99228e+06 5.56077e+06 1.15921e+06 1.14902e+06 255887 1.15921e+06 1.14902e+06 255887 0.217057 0
20 2018  3.17243e+06 4.52059e+06 5.2736e+06 1.02296e+06 996445 215939 1.02296e+06 996445 215939 0.201841 0
20 2019  5.40668e+06 4.20883e+06 4.76585e+06 839839 819410 168765 839839 819410 168765 0.179409 0
20 2020  6.21554e+06 4.01084e+06 4.6477e+06 1.0395e+06 946574 209122 1.0395e+06 946574 209122 0.227823 0
20 2021  2.96208e+06 3.85073e+06 4.65527e+06 1.08167e+06 1.03864e+06 217715 1.08167e+06 1.03864e+06 217715 0.276406 0
20 2022  4.1673e+06 3.70803e+06 4.35764e+06 1.04695e+06 933260 210161 1.04695e+06 933260 210161 0.294177 0
20 2023  NA 3.3933e+06 NA NA NA NA NA NA NA NA NA
21 1974  9.60226e+06 232004 275344 266013 218564 266013 266013 218564 266013 0.69401 102205
21 1975  4.10259e+06 161782 206812 253937 229007 253937 253937 229007 253937 1.16748 57996.4
21 1976  2.38425e+06 91004.1 110601 159255 84776.1 159255 159255 84776.1 159255 0.685815 36108.6
21 1977  1.72404e+06 69016.1 81374.9 39314.4 17750.2 39314.4 39314.4 17750.2 39314.4 0.162061 32462.4
21 1978  1.27791e+06 83164.1 96782.9 0 0 0 0 0 0 0 35241.3
21 1979  4.42425e+06 114110 128528 0 0 0 0 0 0 0 51964.9
21 1980  1.4533e+07 146851 181017 73449.9 32623.9 73449.9 73449.9 32623.9 73449.9 0.103005 118224
21 1981  2.12881e+07 217625 312949 208745 85538.3 208745 208745 85538.3 208745 0.152944 249270
21 1982  2.9736e+07 375712 514670 277070 121701 277070 277070 121701 277070 0.131982 354605
21 1983  2.73476e+07 632827 837740 430216 316021 430216 430216 316021 430216 0.301393 390344
21 1984  2.94785e+07 948410 1.17135e+06 460933 616684 460933 460933 616684 460933 0.479456 403498
21 1985  4.34092e+07 1.03023e+06 1.28027e+06 659339 734986 659339 659339 734986 659339 0.544241 474267
21 1986  4.76742e+07 980128 1.25685e+06 752731 674563 752731 752731 674563 752731 0.464133 510961
21 1987  3.66219e+07 1.09696e+06 1.41722e+06 1.00873e+06 703778 1.00873e+06 1.00873e+06 703778 1.00873e+06 0.414054 538093
21 1988  2.31577e+07 1.36676e+06 1.6539e+06 1.14087e+06 729950 1.14087e+06 1.14087e+06 729950 1.14087e+06 0.394576 501261
21 1989  1.90547e+07 1.42655e+06 1.64603e+06 910318 630067 910318 910318 630067 910318 0.338662 399846
21 1990  2.01525e+07 1.49768e+06 1.62589e+06 739056 574714 739056 739056 574714 739056 0.324749 370183
21 1991  1.84651e+07 1.37476e+06 1.50863e+06 685045 591925 685045 685045 591925 685045 0.368533 313589
21 1992  2.90682e+07 1.13309e+06 1.361e+06 764432 707303 764432 764432 707303 764432 0.503265 331740
21 1993  3.0119e+07 795195 1.15618e+06 687902 723754 687902 687902 723754 687902 0.654384 343973
21 1994  2.38839e+07 792621 1.03081e+06 597208 618898 597208 597208 618898 597208 0.590375 322434
21 1995  2.57073e+07 761461 1.00143e+06 595417 606458 595417 595417 606458 595417 0.610316 377514
21 1996  2.68813e+07 708152 924503 274372 265608 274372 274372 265608 274372 0.247384 390088
21 1997  1.72418e+07 826057 1.09504e+06 264056 270763 264056 264056 270763 264056 0.23492 404510
21 1998  1.42372e+07 1.08058e+06 1.3676e+06 380193 362101 380193 380193 362101 380193 0.382433 408523
21 1999  4.06099e+07 1.12695e+06 1.3277e+06 369622 298485 369622 369622 298485 369622 0.28447 462762
21 2000  2.65397e+07 1.16473e+06 1.47863e+06 421779 359934 421779 421779 359934 421779 0.29781 470269
21 2001  7.03661e+07 1.55153e+06 1.9001e+06 363691 364612 363691 363691 364612 363691 0.228986 821036
21 2002  2.78112e+07 1.93657e+06 2.40679e+06 390438 395969 390438 390438 395969 390438 0.211387 984756
21 2003  1.75981e+07 2.16264e+06 3.1096e+06 487432 528856 487432 487432 528856 487432 0.235511 875386
21 2004  1.94574e+07 2.38178e+06 3.10083e+06 589576 628726 589576 589576 628726 589576 0.247173 889404
21 2005  1.38602e+07 2.33549e+06 2.55686e+06 665396 706927 665396 665396 706927 665396 0.315408 660818
21 2006  1.62368e+07 1.71287e+06 1.9187e+06 513247 470879 513247 513247 470879 513247 0.251414 538303
21 2007  2.18455e+07 1.31474e+06 1.48797e+06 406368 335331 406368 406368 335331 406368 0.221412 497472
21 2008  1.94674e+07 1.15742e+06 1.29846e+06 258713 216398 258713 258713 216398 258713 0.154604 440588
21 2009  2.34626e+07 1.30589e+06 1.44155e+06 168589 153238 168589 168589 153238 168589 0.091754 431338
21 2010  2.27585e+07 1.3963e+06 1.77777e+06 186255 192863 186255 186255 192863 186255 0.10859 499846
21 2011  1.85403e+07 1.86879e+06 2.13106e+06 224049 208775 224049 224049 208775 224049 0.104047 575543
21 2012  1.98208e+07 2.17126e+06 2.30119e+06 434509 428878 434509 434509 428878 434509 0.196888 573762
21 2013  3.31659e+07 1.95388e+06 2.12148e+06 511220 478512 511220 511220 478512 511220 0.233724 582729
21 2014  3.7275e+07 1.72899e+06 1.94395e+06 518042 439965 518042 518042 439965 518042 0.224973 614396
21 2015  1.25153e+07 1.65633e+06 2.08737e+06 494949 455806 494949 494949 455806 494949 0.246605 551920
21 2016  1.53508e+07 1.93596e+06 2.30474e+06 563618 472951 563618 563618 472951 563618 0.237172 579472
21 2017  8.22886e+06 1.82e+06 2.03627e+06 490975 330501 490975 490975 330501 490975 0.174459 506096
21 2018  1.56537e+07 1.61358e+06 1.8706e+06 591798 393693 591798 591798 393693 591798 0.214327 463078
21 2019  1.34475e+07 1.36716e+06 1.51986e+06 432123 317461 432123 432123 317461 432123 0.190044 352436
21 2020  1.70125e+07 1.28591e+06 1.44099e+06 427687 317275 427687 427687 317275 427687 0.21583 328756
21 2021  1.37948e+07 1.25851e+06 1.42571e+06 374908 265106 374908 374908 265106 374908 0.187839 370405
21 2022  1.75832e+07 1.27823e+06 1.46417e+06 445987 326659 445987 445987 326659 445987 0.250571 436527
21 2023  NA 1.13202e+06 NA NA NA NA NA NA NA NA NA
22 1974  3.48101e+08 385592 1.13438e+06 220388 190552 220388 220388 190552 220388 0.193997 1.43135e+06
22 1975  2.05196e+08 534877 937730 196585 186126 196585 196585 186126 196585 0.259259 998153
22 1976  2.16938e+08 293552 592279 110245 112298 110245 110245 112298 110245 0.236737 704463
22 1977  1.23144e+08 227633 611369 271729 259151 271729 271729 259151 271729 0.566043 466546
22 1978  2.08296e+08 216423 471497 133700 129158 133700 133700 129158 133700 0.294383 500703
22 1979  3.19352e+08 267899 670095 202374 72831.1 202374 202374 72831.1 202374 0.111067 823286
22 1980  1.72837e+08 451799 1.03858e+06 303285 281290 303285 303285 281290 303285 0.348832 922987
22 1981  2.25149e+08 428777 739081 152257 145452 152257 152257 145452 152257 0.234912 817661
22 1982  1.96162e+08 320558 639810 87780.1 107947 87780.1 87780.1 107947 87780.1 0.217257 636582
22 1983  1.72126e+08 321661 705434 81410.9 59350.3 81410.9 81410.9 59350.3 81410.9 0.0911485 637813
22 1984  1.20321e+08 454017 819889 97872.5 62783.3 97872.5 97872.5 62783.3 97872.5 0.0895502 685304
22 1985  2.22477e+08 496789 753290 89680 102329 89680 89680 102329 89680 0.148894 655021
22 1986  2.51145e+08 457862 937363 380423 235466 380423 380423 235466 380423 0.375363 789915
22 1987  1.21418e+08 452513 907088 406697 199127 406697 406697 199127 406697 0.267988 744249
22 1988  3.21163e+08 419278 616532 372984 227741 372984 372984 227741 372984 0.400246 725034
22 1989  1.89564e+08 305981 792287 492321 443194 492321 492321 443194 492321 0.9165 584468
22 1990  3.06382e+08 224994 484749 220066 312321 220066 220066 312321 220066 0.7429 649218
22 1991  3.12042e+08 171291 562726 376987 305320 376987 376987 305320 376987 0.551527 753200
22 1992  4.3598e+08 218733 640323 178362 201453 178362 178362 201453 178362 0.302798 1.11593e+06
22 1993  5.04462e+08 290680 772423 247966 151917 247966 247966 151917 247966 0.204988 1.31738e+06
22 1994  6.08505e+08 359167 1.02615e+06 499686 458864 499686 499686 458864 499686 0.827832 1.36559e+06
22 1995  2.349e+08 279014 1.01504e+06 407424 313711 407424 407424 313711 407424 0.329697 1.06537e+06
22 1996  7.9681e+08 321260 635140 286113 254972 286113 286113 254972 286113 0.330049 1.19062e+06
22 1997  1.06836e+08 301827 1.90579e+06 581619 411099 581619 581619 411099 581619 0.366638 1.22935e+06
22 1998  1.65823e+08 681322 1.01745e+06 506445 337190 506445 506445 337190 506445 0.461652 664252
22 1999  4.48055e+08 379035 706125 261940 215677 261940 261940 215677 261940 0.321357 949475
22 2000  1.87358e+08 346671 1.10432e+06 273480 334912 273480 273480 334912 273480 0.439045 915945
22 2001  1.64383e+08 278714 605662 234252 102593 234252 234252 102593 234252 0.258112 646038
22 2002  3.25149e+07 165687 453571 162661 173860 162661 162661 173860 162661 0.662081 292139
22 2003  8.30409e+07 92710.1 162662 58421.6 42809 58421.6 58421.6 42809 58421.6 0.389975 198032
22 2004  4.47371e+07 52136.5 205754 77882.4 101974 77882.4 77882.4 101974 77882.4 0.889246 149841
22 2005  6.85693e+07 36913.6 126007 23886.7 21697.8 23886.7 23886.7 21697.8 23886.7 0.273641 170030
22 2006  8.56034e+07 43353.6 175040 16483.1 12125.9 16483.1 16483.1 12125.9 16483.1 0.103821 231426
22 2007  6.25161e+07 67419.9 243509 90990 64560.9 90990 90990 64560.9 90990 0.323446 228817
22 2008  6.81517e+07 76010.2 213622 88488.6 146902 88488.6 88488.6 146902 88488.6 1.10399 171742
22 2009  1.0863e+08 39398.7 194130 29844.7 13339.5 29844.7 29844.7 13339.5 29844.7 0.111682 237746
22 2010  1.44338e+07 94623.6 375844 76705.8 89284.8 76705.8 76705.8 89284.8 76705.8 0.310622 219172
22 2011  1.45164e+07 136632 199089 95913.9 56534.6 95913.9 95913.9 56534.6 95913.9 0.27287 118282
22 2012  7.71608e+07 72442.7 104881 43055.2 11551.7 43055.2 43055.2 11551.7 43055.2 0.0923125 156272
22 2013  1.04384e+08 54276.5 220271 25480.3 27527 25480.3 25480.3 27527 25480.3 0.20296 251357
22 2014  1.21035e+08 89430.9 363002 137976 181419 137976 137976 181419 137976 0.900591 296882
22 2015  1.18943e+07 94526.2 407670 119697 133001 119697 119697 133001 119697 0.476203 236679
22 2016  3.70794e+08 118685 169834 46907.6 38750.6 46907.6 46907.6 38750.6 46907.6 0.244279 484102
22 2017  2.22307e+07 119706 1.06349e+06 204511 155576 204511 204511 155576 204511 0.300418 643055
22 2018  1.14571e+08 391400 549949 112208 122983 112208 112208 122983 112208 0.305263 353560
22 2019  2.44786e+08 242547 533242 145579 124393 145579 145579 124393 145579 0.326286 529794
22 2020  1.0272e+08 248300 891431 304897 240484 304897 304897 240484 304897 0.395766 644786
22 2021  8.66281e+07 277139 534814 182528 118228 182528 182528 118228 182528 0.298781 470716
22 2022  5.99132e+07 142579 313543 140040 102788 140040 140040 102788 140040 0.454266 284220
22 2023  NA 68300.6 NA NA NA NA NA NA NA NA NA
23 1974  2.32106e+08 424523 751574 118670 85970.1 118670 118670 85970.1 118670 0.104812 562170
23 1975  9.46957e+07 341028 1.00426e+06 162704 150041 162704 162704 150041 162704 0.164697 615529
23 1976  1.69115e+08 468179 795719 316414 288516 316414 316414 288516 316414 0.393602 480412
23 1977  2.79782e+08 268810 741756 314952 248108 314952 314952 248108 314952 0.393329 436551
23 1978  1.31075e+08 315795 1.22097e+06 665810 533301 665810 665810 533301 665810 0.630338 563537
23 1979  1.68902e+08 449417 892960 481048 515821 481048 481048 515821 481048 0.766149 300307
23 1980  1.05567e+08 304862 871078 420808 386442 420808 420808 386442 420808 0.590292 329994
23 1981  3.67517e+08 387086 762459 375286 365201 375286 375286 365201 375286 0.667491 575410
23 1982  3.52645e+07 225524 1.13745e+06 537998 525656 537998 537998 525656 537998 0.743783 454609
23 1983  2.72265e+08 437064 613730 455491 227007 455491 455491 227007 455491 0.415629 348559
23 1984  9.92999e+07 257737 1.05518e+06 569182 394967 569182 569182 394967 569182 0.540903 507030
23 1985  3.27318e+08 475284 813044 532829 495393 532829 532829 495393 532829 0.906349 375627
23 1986  8.07773e+07 222676 1.19192e+06 465159 306299 465159 465159 306299 465159 0.365432 606475
23 1987  7.17147e+07 646310 981495 415769 250003 415769 415769 250003 415769 0.259694 455209
23 1988  2.10654e+08 479215 698044 518102 306708 518102 518102 306708 518102 0.471784 361191
23 1989  1.14018e+08 262139 877249 536102 333381 536102 536102 333381 536102 0.595375 428060
23 1990  1.50456e+08 346888 711637 370075 383309 370075 370075 383309 370075 0.763752 347092
23 1991  2.67526e+08 207320 635214 464214 337375 464214 464214 337375 464214 0.532698 416996
23 1992  6.37363e+07 267512 1.05744e+06 673907 467404 673907 673907 467404 673907 0.486701 498493
23 1993  2.07208e+08 462254 709057 281050 294500 281050 281050 294500 281050 0.425449 376039
23 1994  3.00766e+08 285617 891808 283238 268084 283238 283238 268084 283238 0.39161 540911
23 1995  9.2848e+07 415111 1.33085e+06 496112 432654 496112 496112 432654 496112 0.341254 649316
23 1996  4.92661e+08 609296 938054 452057 411136 452057 452057 411136 452057 0.538379 595261
23 1997  8.63939e+07 332715 1.75108e+06 552475 423889 552475 552475 423889 552475 0.312864 790705
23 1998  1.42483e+08 859276 1.2323e+06 485678 489426 485678 485678 489426 485678 0.480552 545439
23 1999  2.2017e+08 434893 817521 471932 423366 471932 471932 423366 471932 0.742393 472035
23 2000  2.7871e+08 192844 737909 370347 308973 370347 370347 308973 370347 0.544987 495887
23 2001  3.54014e+08 268506 999801 595721 444830 595721 595721 444830 595721 0.921766 589530
23 2002  4.31296e+07 259519 1.18193e+06 645902 461683 645902 645902 461683 645902 0.597461 515627
23 2003  1.65962e+08 394144 559723 232654 255432 232654 232654 255432 232654 0.802994 347809
23 2004  9.14968e+07 105533 483255 264457 186010 264457 264457 186010 264457 0.682555 278877
23 2005  2.12782e+08 136757 372490 143318 159667 143318 143318 159667 143318 0.580099 348834
23 2006  1.68327e+08 105784 588299 267630 241605 267630 267630 241605 267630 0.609446 436568
23 2007  2.97172e+08 166022 541911 114319 114423 114319 114319 114423 114319 0.274896 598181
23 2008  1.48751e+08 182905 800569 245289 240776 245289 245289 240776 245289 0.391653 576433
23 2009  6.52266e+08 259644 609502 304305 347075 304305 304305 347075 304305 0.705205 708272
23 2010  8.45697e+07 175449 1.71395e+06 324785 273146 324785 324785 273146 324785 0.209002 972184
23 2011  1.10146e+08 834395 1.1801e+06 340287 206431 340287 340287 206431 340287 0.191095 811449
23 2012  2.11652e+08 389248 611358 56692.5 39056.1 56692.5 56692.5 39056.1 56692.5 0.0534924 607671
23 2013  1.52179e+08 234016 632172 236658 245266 236658 236658 245266 236658 0.669734 417151
23 2014  2.82379e+08 142205 475321 91156 105917 91156 91156 105917 91156 0.32163 491618
23 2015  7.25236e+07 174547 804127 188928 176584 188928 188928 176584 188928 0.321773 512509
23 2016  3.09092e+08 295933 486464 22561 17946.5 22561 22561 17946.5 22561 0.0343533 570733
23 2017  3.45247e+07 210527 874706 276566 246219 276566 276566 246219 276566 0.437215 455137
23 2018  5.01632e+07 298898 418078 150533 160763 150533 150533 160763 150533 0.593013 206415
23 2019  1.12943e+08 97657.9 215557 66204.3 57260.3 66204.3 66204.3 57260.3 66204.3 0.378981 169406
23 2020  6.4721e+07 79413.1 364320 129666 111913 129666 129666 111913 129666 0.364639 221924
23 2021  1.04148e+08 141609 313632 46720 38081.7 46720 46720 38081.7 46720 0.133766 259500
23 2022  9.62e+07 133964 386136 11759.9 10560.3 11759.9 11759.9 10560.3 11759.9 0.0241795 268587
23 2023  NA 210555 NA NA NA NA NA NA NA NA NA
24 1974  2.22851e+08 287487 1.10046e+06 732535 610320 732535 732535 610320 732535 1.61174 1.44924e+06
24 1975  3.58785e+08 288739 827764 508262 420782 508262 508262 420782 508262 1.11134 1.68877e+06
24 1976  2.91366e+08 366631 1.17655e+06 472608 478073 472608 472608 478073 472608 0.997001 1.88278e+06
24 1977  1.32171e+08 362701 1.01416e+06 383967 330569 383967 383967 330569 383967 0.678345 1.26829e+06
24 1978  2.1112e+08 314838 656975 253756 268767 253756 253756 268767 253756 0.760985 1.072e+06
24 1979  2.15662e+08 261873 833692 339898 346411 339898 339898 346411 339898 0.832915 1.2156e+06
24 1980  5.60444e+07 390750 1.0363e+06 534650 473214 534650 534650 473214 534650 0.971727 1.01933e+06
24 1981  1.58547e+08 273405 405206 431928 146676 431928 431928 146676 431928 0.600028 802588
24 1982  1.73151e+08 122271 450448 390197 159143 390197 390197 159143 390197 0.733704 880296
24 1983  1.77057e+08 223410 675032 475746 331982 475746 475746 331982 475746 0.992481 931235
24 1984  7.45278e+07 319606 865010 376484 388157 376484 376484 388157 376484 1.18029 842075
24 1985  1.02374e+08 270690 455340 227635 306066 227635 227635 306066 227635 1.79187 540462
24 1986  9.23714e+07 99036.6 348362 180330 131407 180330 180330 131407 180330 0.69445 585642
24 1987  5.34508e+07 151485 363637 148943 186093 148943 148943 186093 148943 1.20147 433485
24 1988  7.75918e+07 94620.4 204297 109219 87980.1 109219 109219 87980.1 109219 0.644768 385606
24 1989  7.77291e+07 98278.2 283122 166974 133669 166974 166974 133669 166974 0.86822 448512
24 1990  7.78264e+07 127783 314444 138841 133164 138841 138841 133164 138841 0.774118 455117
24 1991  1.58626e+08 144772 343449 189819 234463 189819 189819 234463 189819 1.15882 630233
24 1992  7.34772e+07 190814 632457 302275 254672 302275 302275 254672 302275 0.650588 724197
24 1993  5.96858e+07 323139 491854 181098 323872 181098 181098 323872 181098 1.32894 438872
24 1994  1.65136e+08 98235.4 237484 183618 134698 183618 183618 134698 183618 0.777133 607729
24 1995  7.47488e+07 177721 629628 231894 159980 231894 231894 159980 231894 0.472561 840663
24 1996  1.25097e+08 277504 436793 156224 156295 156224 156224 156295 156224 0.503764 650634
24 1997  3.22997e+07 186799 540559 156781 138979 156781 156781 138979 156781 0.506525 585016
24 1998  6.76946e+07 222463 302043 73980.5 84116.2 73980.5 73980.5 84116.2 73980.5 0.391046 422261
24 1999  1.1097e+08 110671 272136 92388.1 88676.7 92388.1 92388.1 88676.7 92388.1 0.529351 523722
24 2000  4.42389e+07 155149 449409 185103 143255 185103 185103 143255 185103 0.534256 521984
24 2001  5.86421e+07 211678 314067 64358.3 51061 64358.3 64358.3 51061 64358.3 0.199115 467149
24 2002  3.26616e+07 107776 223244 77138.2 65083.2 77138.2 77138.2 65083.2 77138.2 0.470514 305233
24 2003  1.46128e+07 61047 126951 24569.2 29638.4 24569.2 24569.2 29638.4 24569.2 0.42709 165848
24 2004  2.02065e+07 37564 69442.5 13487.8 14585.3 13487.8 13487.8 14585.3 13487.8 0.279167 132156
24 2005  5.38613e+07 24931.2 66414.8 41.44 0 41.44 41.44 0 41.44 0 232852
24 2006  4.36135e+07 54314.7 175922 46529 36177.4 46529 46529 36177.4 46529 0.358804 324890
24 2007  7.08494e+07 71981.4 160182 5799.45 0 5799.45 5799.45 0 5799.45 0 392952
24 2008  1.21536e+08 92637.2 235721 34843.6 21607.9 34843.6 34843.6 21607.9 34843.6 0.140129 626391
24 2009  1.45023e+08 126909 380943 45821.5 36323.3 45821.5 45821.5 36323.3 45821.5 0.137509 818902
24 2010  3.42352e+07 221724 576638 131191 136219 131191 131191 136219 131191 0.383459 713251
24 2011  6.55071e+07 183284 252277 6839.87 4173.37 6839.87 6839.87 4173.37 6839.87 0.0162972 479033
24 2012  1.39371e+08 80830.3 186776 26946.1 4756.93 26946.1 26946.1 4756.93 26946.1 0.0272409 649079
24 2013  4.77017e+07 106738 373816 82179.4 51265.8 82179.4 82179.4 51265.8 82179.4 0.266437 582077
24 2014  1.34543e+08 109774 196761 44189.1 37751.7 44189.1 44189.1 37751.7 44189.1 0.239573 600932
24 2015  6.86697e+07 103580 397355 57351.2 52195 57351.2 57351.2 52195 57351.2 0.284393 658909
24 2016  1.07681e+08 167709 305075 60202.7 69806.2 60202.7 60202.7 69806.2 60202.7 0.372745 631369
24 2017  4.91892e+07 100612 314995 33940.9 26850.9 33940.9 33940.9 26850.9 33940.9 0.163512 536725
24 2018  1.12055e+08 103138 185400 36151.5 35152 36151.5 36151.5 35152 36151.5 0.299081 515901
24 2019  1.10226e+08 93704.1 340971 97554.6 68030.2 97554.6 97554.6 68030.2 97554.6 0.43916 642472
24 2020  8.99139e+07 195011 490838 129545 144438 129545 129545 144438 129545 0.589665 728671
24 2021  6.87357e+07 192182 400148 71943.1 90128.7 71943.1 71943.1 90128.7 71943.1 0.415589 607871
24 2022  1.26927e+08 119369 262580 35717.9 29602.9 35717.9 35717.9 29602.9 35717.9 0.179459 685902
24 2023  NA 100740 NA NA NA NA NA NA NA NA NA
25 1974  3.46134e+08 431953 770229 354208 371343 322329 354208 371343 322329 0.455017 1.81375e+06
25 1975  7.2228e+08 550248 933072 773773 704810 704133 773773 704810 704133 1.074 3.01587e+06
25 1976  2.2628e+08 638316 1.34999e+06 636786 773074 579475 636786 773074 579475 1.03411 1.44311e+06
25 1977  3.34544e+08 334461 553367 341809 371271 311047 341809 371271 311047 0.965643 1.26813e+06
25 1978  5.83602e+08 297202 611674 431459 325121 392628 431459 325121 392628 0.683371 1.5541e+06
25 1979  3.14984e+08 461062 891163 451078 409293 410481 451078 409293 410481 0.413976 1.55434e+06
25 1980  1.16399e+08 614122 882694 407809 466313 371106 407809 466313 371106 1.02755 933929
25 1981  5.02603e+07 193173 303345 284613 210707 258998 284613 210707 258998 0.837492 363952
25 1982  4.00017e+07 88036.8 144754 182734 71884.8 166288 182734 71884.8 166288 0.54926 228377
25 1983  6.56192e+07 149397 271677 80083.6 97414.1 72876 80083.6 97414.1 72876 1.18871 327083
25 1984  4.70586e+07 95775.5 198354 104218 73168.4 94838.5 104218 73168.4 94838.5 0.548287 299793
25 1985  3.51444e+07 171976 299421 69201.7 76765.4 62973.5 69201.7 76765.4 62973.5 0.574591 251306
25 1986  7.19144e+07 93567.5 165074 27252.1 58369.4 24799.4 27252.1 58369.4 24799.4 1.04056 324522
25 1987  4.47623e+07 123253 273628 46361.4 24981.2 42188.9 46361.4 24981.2 42188.9 0.239837 326542
25 1988  5.16594e+07 137759 232539 73341.6 57468.8 66740.9 73341.6 57468.8 66740.9 0.659248 319700
25 1989  1.1392e+08 80198.3 158267 72798.5 18018.7 66246.6 72798.5 18018.7 66246.6 0.229756 442529
25 1990  1.17166e+08 172686 360217 82312.6 74353.7 74904.5 82312.6 74353.7 74904.5 0.741468 610587
25 1991  6.66463e+07 138245 272196 118017 169293 107396 118017 169293 107396 0.623893 550564
25 1992  9.56937e+07 93083.7 172132 133330 47978.6 121330 133330 47978.6 121330 0.267297 496695
25 1993  1.86137e+08 120756 213680 196481 127720 178797 196481 127720 178797 0.669227 754941
25 1994  1.28025e+08 160004 315524 396974 113068 361246 396974 113068 361246 0.371202 650461
25 1995  3.76596e+07 252545 408832 407769 252859 371069 407769 252859 371069 0.849132 355904
25 1996  5.0701e+07 149554 227734 143651 90975.3 130722 143651 90975.3 130722 0.665008 274139
25 1997  6.09955e+07 88546.9 172911 118277 73536.7 107632 118277 73536.7 107632 0.541333 307666
25 1998  1.10943e+08 172574 317016 154505 135300 140599 154505 135300 140599 0.908191 475408
25 1999  8.0445e+07 118313 248415 214119 107603 194848 214119 107603 194848 0.537713 390679
25 2000  5.97729e+07 135292 224422 215482 163731 196089 215482 163731 196089 0.679743 391799
25 2001  7.04155e+07 125413 214843 196622 128287 178926 196622 128287 178926 0.854989 356038
25 2002  6.93088e+07 200006 392789 153710 130533 139876 153710 130533 139876 0.859834 374050
25 2003  8.19414e+07 106557 199341 176392 119637 160517 176392 119637 160517 0.73124 409346
25 2004  1.96204e+08 183138 365266 113696 136069 103463 113696 136069 103463 0.796158 744818
25 2005  5.73956e+07 182722 389196 241424 191392 222110 241424 191392 222110 0.53856 472449
25 2006  8.09069e+07 196899 312955 124161 196156 114228 124161 196156 114228 0.899933 419958
25 2007  6.54126e+07 186599 370994 95525 91041.8 88838.2 95525 91041.8 88838.2 0.522302 436450
25 2008  1.75605e+08 98840.8 176956 60788.6 66196.1 56533.4 60788.6 66196.1 56533.4 0.455376 756431
25 2009  1.32453e+08 310652 661391 140648 95785.7 132209 140648 95785.7 132209 0.282618 756892
25 2010  1.39168e+08 265267 447323 150586 119468 141551 150586 119468 141551 0.325323 699514
25 2011  1.11215e+08 270987 482655 142520 120161 135394 142520 120161 135394 0.376106 649467
25 2012  8.19654e+07 298564 507422 93353.8 91633.6 88686.1 93353.8 91633.6 88686.1 0.41658 632751
25 2013  2.3127e+08 107157 188142 62517.8 74319.4 59391.9 62517.8 74319.4 59391.9 0.436437 790897
25 2014  1.86812e+08 457691 987502 127560 53280.1 122458 127560 53280.1 122458 0.132634 1.0836e+06
25 2015  1.31435e+08 442065 744639 288272 281300 276741 288272 281300 276741 0.539441 896878
25 2016  1.49073e+08 256006 397474 211103 258977 202659 211103 258977 202659 1.11112 576724
25 2017  2.26122e+08 127552 257088 113925 85168.7 110507 113925 85168.7 110507 0.361618 685264
25 2018  1.88586e+08 234493 446052 158846 142404 154081 158846 142404 154081 0.449859 730112
25 2019  1.42783e+08 263400 455408 134858 119189 130813 134858 119189 130813 0.336683 626717
25 2020  1.25348e+08 255268 408752 181117 188939 175683 181117 188939 175683 0.455921 579848
25 2021  1.83121e+08 178277 296741 76132.8 58551 73848.8 76132.8 58551 73848.8 0.225552 676873
25 2022  3.2443e+08 183516 339532 81599.6 30847 79967.7 81599.6 30847 79967.7 0.0740721 939390
25 2023  NA 347939 NA NA NA NA NA NA NA NA NA
26 1974  1.92574e+06 498129 774752 157427 160182 157427 157427 160182 157427 0.284337 0
26 1975  1.55621e+06 511509 836636 195349 193716 195349 195349 193716 195349 0.336814 0
26 1976  2.25208e+06 524560 815755 166997 162669 166997 166997 162669 166997 0.269542 0
26 1977  1.84334e+06 517602 799699 176623 160105 176623 176623 160105 176623 0.294492 0
26 1978  1.93666e+06 502852 771675 159539 148892 159539 159539 148892 159539 0.26858 0
26 1979  2.60429e+06 477015 758704 213145 201215 213145 213145 201215 213145 0.407479 0
26 1980  2.25705e+06 466816 733384 171852 163878 171852 171852 163878 171852 0.324747 0
26 1981  4.87919e+06 442615 683184 174140 174804 174140 174140 174804 174140 0.337665 0
26 1982  3.30146e+06 429306 810473 205329 203707 205329 205329 203707 205329 0.373851 0
26 1983  3.0862e+06 518256 885423 220537 219272 220537 220537 219272 220537 0.357781 0
26 1984  3.94653e+06 535590 916584 236422 235260 236422 236422 235260 236422 0.373098 0
26 1985  9.60063e+06 566491 955607 232241 226090 232241 232241 226090 232241 0.342611 0
26 1986  4.50675e+06 595646 1.21115e+06 308262 299253 308262 308262 299253 308262 0.426686 0
26 1987  4.54438e+06 688344 1.18611e+06 358749 324767 358749 358749 324767 358749 0.434673 0
26 1988  3.30809e+06 596918 1.05026e+06 324772 322155 324772 324772 322155 324772 0.457921 0
26 1989  2.8464e+06 626706 958785 286704 284593 286704 286704 284593 286704 0.40652 0
26 1990  2.69997e+06 566595 865048 240832 240714 240832 240832 240714 240832 0.39914 0
26 1991  2.3053e+06 533638 831007 237986 250793 237986 237986 250793 237986 0.467597 0
26 1992  1.46738e+06 455745 707005 193692 221686 193692 193692 221686 193692 0.495216 0
26 1993  1.35225e+06 402865 612342 163524 196804 163524 163524 196804 163524 0.477415 0
26 1994  2.08561e+06 340722 523344 145745 169787 145745 145745 169787 145745 0.479198 0
26 1995  2.04537e+06 317105 512307 131248 142423 131248 131248 142423 131248 0.45595 0
26 1996  5.79451e+06 282804 471539 143394 144997 143394 143394 144997 143394 0.517292 0
26 1997  2.21644e+06 264939 576983 192969 158700 192969 192969 158700 192969 0.579803 0
26 1998  2.0173e+06 311703 560770 183655 163036 183655 183655 163036 183655 0.495756 0
26 1999  2.27076e+06 295077 534578 160881 174206 160881 160881 174206 160881 0.502988 0
26 2000  1.38894e+06 304660 514452 135015 128076 135015 135015 128076 135015 0.366913 0
26 2001  3.93293e+06 331695 540985 193367 145416 193367 193367 145416 193367 0.448222 0
26 2002  1.27903e+06 293825 578262 134404 131711 134404 134404 131711 134404 0.418349 0
26 2003  2.69088e+06 338285 564754 154023 131414 154023 154023 131414 154023 0.369128 0
26 2004  1.85845e+06 318869 584532 127824 97047.4 127824 127824 97047.4 127824 0.256321 0
26 2005  2.02126e+06 370329 583448 118885 102690 118885 118885 102690 118885 0.252026 0
26 2006  3.17978e+06 397485 641355 131169 106042 131169 131169 106042 131169 0.24521 0
26 2007  2.74919e+06 381134 641670 101029 108303 101029 101029 108303 101029 0.247477 0
26 2008  2.61844e+06 448234 733002 105289 95733.8 105289 105289 95733.8 105289 0.183767 0
26 2009  3.29775e+06 524955 838769 108299 121135 108299 108299 121135 108299 0.205865 0
26 2010  3.85248e+06 584256 911822 116972 115233 116972 116972 115233 116972 0.180995 0
26 2011  3.19959e+06 561083 873842 118106 139540 118106 118106 139540 118106 0.222123 0
26 2012  3.4299e+06 542163 871630 141842 137650 141842 141842 137650 141842 0.213909 0
26 2013  3.56386e+06 584585 910359 126360 123840 126360 126360 123840 126360 0.187187 0
26 2014  1.98426e+06 636437 978141 133664 129857 133664 133664 129857 133664 0.200266 0
26 2015  2.1513e+06 560668 735062 134577 137959 134577 134577 137959 134577 0.217719 0
26 2016  2.98522e+06 535389 697687 136931 142686 136931 136931 142686 136931 0.25009 0
26 2017  1.97046e+06 507494 678345 114281 107521 114281 114281 107521 114281 0.20355 0
26 2018  4.35435e+06 435539 594524 105954 104547 105954 105954 104547 105954 0.227447 0
26 2019  2.65965e+06 401022 580140 86015.4 83312.4 86015.4 86015.4 83312.4 86015.4 0.179477 0
26 2020  2.18944e+06 421213 592810 79078.7 84721.6 79078.7 79078.7 84721.6 79078.7 0.17792 0
26 2021  7.08987e+06 438649 631582 73222.5 71464.2 73222.5 73222.5 71464.2 73222.5 0.140448 0
26 2022  3.15936e+06 431298 671451 64879 66775.4 64879 64879 66775.4 64879 0.12845 0
26 2023  NA 524512 NA NA NA NA NA NA NA NA NA
27 1974  49345.8 41109.7 59652 17985.6 18546.4 17985.6 17985.6 18546.4 17985.6 0.459969 0
27 1975  111653 43370.2 58644.7 20769.5 20005.9 20769.5 20769.5 20005.9 20769.5 0.467514 0
27 1976  139807 43000.1 52736.2 17322.2 17525.8 17322.2 17322.2 17525.8 17322.2 0.435077 0
27 1977  51273.8 35230.6 53985.2 18000.7 15070.4 18000.7 18000.7 15070.4 18000.7 0.395672 0
27 1978  15071.1 40178 58582.5 20275.7 20957.6 20275.7 20275.7 20957.6 20275.7 0.485299 0
27 1979  149577 46299.9 53462.7 22594.9 21740.7 22594.9 22594.9 21740.7 22594.9 0.477355 0
27 1980  156925 36420.9 44002.2 15803.2 16106.3 15803.2 15803.2 16106.3 15803.2 0.479343 0
27 1981  146287 25311.8 50376.1 15399.8 14025.8 15399.8 15399.8 14025.8 15399.8 0.476119 0
27 1982  148725 34158.3 58638.2 21574.5 20608.8 21574.5 21574.5 20608.8 21574.5 0.536018 0
27 1983  77651.1 41703.5 66363.4 24924.2 22986.3 24924.2 24924.2 22986.3 24924.2 0.505412 0
27 1984  93299 45124.1 65805 26836.7 26838.3 26836.7 26836.7 26838.3 26836.7 0.578662 0
27 1985  149585 41845.9 54750 24245.4 23230 24245.4 24245.4 23230 24245.4 0.542119 0
27 1986  69075.5 36605.6 54375.2 18197.7 20952.4 18197.7 18197.7 20952.4 18197.7 0.591899 0
27 1987  502735 30649.8 53711.3 17365.1 16995.5 17365.1 17365.1 16995.5 17365.1 0.485673 0
27 1988  112848 38101.3 69902.7 21586.8 19135.4 21586.8 21586.8 19135.4 21586.8 0.496478 0
27 1989  226101 33943.7 96736.6 21801.5 24151.3 21801.5 21801.5 24151.3 21801.5 0.409609 0
27 1990  84369.1 91220.8 116324 35118.1 36949.1 35118.1 35118.1 36949.1 35118.1 0.425478 0
27 1991  400846 77579.6 108174 33511.2 39297.6 33511.2 33511.2 39297.6 33511.2 0.474093 0
27 1992  83569 76700.7 106875 29338.8 33465.5 29338.8 29338.8 33465.5 29338.8 0.464291 0
27 1993  59175.2 53392.9 100695 31489.1 33859.5 31489.1 31489.1 33859.5 31489.1 0.50326 0
27 1994  97869.1 73823.5 86713.4 33000 35655.4 33000 33000 35655.4 33000 0.537889 0
27 1995  61660.1 57932.6 70110.2 30466.3 26975.1 30466.3 30466.3 26975.1 30466.3 0.504815 0
27 1996  249520 39365.4 54426.8 22648.1 25912 22648.1 22648.1 25912 22648.1 0.715535 0
27 1997  112731 28134.2 47731.9 14899.4 16313.3 14899.4 14899.4 16313.3 14899.4 0.60496 0
27 1998  91297 21363 56053.9 20864.9 20412.3 20864.9 20864.9 20412.3 20864.9 0.645911 0
27 1999  122609 37483.7 54204 23473.2 21959.8 23473.2 23473.2 21959.8 23473.2 0.577396 0
27 2000  66876.6 34261.2 50759.4 22639.1 21619.8 22639.1 22639.1 21619.8 22639.1 0.636536 0
27 2001  182992 27969.2 45954.3 19941.8 17222.7 19941.8 19941.8 17222.7 19941.8 0.531052 0
27 2002  84822.1 30712.3 47582 18659.3 14608.5 18659.3 18659.3 14608.5 18659.3 0.530079 0
27 2003  46216.8 26034.4 52568.9 19285.6 16325.6 19285.6 19285.6 16325.6 19285.6 0.522075 0
27 2004  50104.6 36771.9 48759.8 20941.8 16609.9 20941.8 20941.8 16609.9 20941.8 0.51504 0
27 2005  179566 31286.5 39511.6 17696.1 15148.8 17696.1 17696.1 15148.8 17696.1 0.554894 0
27 2006  71566.3 24042.5 38821.7 13588.3 11345.4 13588.3 13588.3 11345.4 13588.3 0.474428 0
27 2007  69107.7 17691.6 44134.4 15504.8 12142.5 15504.8 15504.8 12142.5 15504.8 0.480343 0
27 2008  85420.4 32827.2 45414.9 14615.1 13547.3 14615.1 14615.1 13547.3 14615.1 0.411166 0
27 2009  173025 30948.9 43316.6 15213.9 14340.7 15213.9 15213.9 14340.7 15213.9 0.471907 0
27 2010  217527 28225.1 47199 14850.2 13500.5 14850.2 14850.2 13500.5 14850.2 0.527803 0
27 2011  55250.1 24549 55442.9 13188.5 12237.3 13188.5 13188.5 12237.3 13188.5 0.46195 0
27 2012  94235.5 28690.3 40659.4 14694.8 16547.2 14694.8 14694.8 16547.2 14694.8 0.523896 0
27 2013  142317 34266.5 40479.1 15958.1 16498.4 15958.1 15958.1 16498.4 15958.1 0.480245 0
27 2014  99400.7 29114.6 38375.4 14639.6 15419.1 14639.6 14639.6 15419.1 14639.6 0.468335 0
27 2015  64713.3 26094.5 41725.2 14590.4 14053.1 14590.4 14590.4 14053.1 14590.4 0.446969 0
27 2016  104467 30264.2 36507.7 15323.4 16974.8 15323.4 15323.4 16974.8 15323.4 0.5381 0
27 2017  78176.2 25072.6 31191.1 13573.9 14752.5 13573.9 13573.9 14752.5 13573.9 0.549079 0
27 2018  209382 20336.5 29654.5 12265.7 12961.2 12265.7 12265.7 12961.2 12265.7 0.559729 0
27 2019  33170.6 17582.1 27791.6 10605.2 11751.2 10605.2 10605.2 11751.2 10605.2 0.626932 0
27 2020  62068.9 16789.4 31491.1 10489 10782.5 10489 10489 10782.5 10489 0.466597 0
27 2021  96063.8 28599.9 34061.8 9143.03 9455.92 9143.03 9143.03 9455.92 9143.03 0.319328 0
27 2022  93262.7 26963.8 45178.2 5826.91 6091.22 5826.91 5826.91 6091.22 5826.91 0.199272 0
27 2023  NA 27457.4 NA NA NA NA NA NA NA NA NA
