# log(Survey observed CPUE) - log(expected CPUE):
######################################################
# Species: 16
# No. of fleets: 2
# Fleet no.: 1
# First and last year: 1983,2022
# First and last age: 1,7
# Species, Fleet, Year, , ,Age_1 ,Age_2 ,Age_3 ,Age_4 ,Age_5 ,Age_6 ,Age_7
      16,1,1983       ,-0.2457,0.4776,0.2923,-0.4957,-0.3018,0.5290,-0.0953
16,1,1984       ,0.3194,0.0336,-0.2077,-0.4146,-0.4872,-0.1083,0.2015
16,1,1985       ,-1.5874,0.4013,0.1547,-0.2243,-0.1328,-0.0388,-0.3308
16,1,1986       ,0.3341,-0.1775,0.0415,0.2924,-0.0765,0.6774,-0.0956
16,1,1987       ,0.2675,0.4598,-0.5266,-0.6671,-0.3858,-0.0473,0.5759
16,1,1988       ,0.0623,-0.2514,0.0304,-0.4771,-0.4399,0.5103,0.2932
16,1,1989       ,0.5145,0.0301,0.4679,-0.2735,-0.0096,0.1647,0.6126
16,1,1990       ,-0.4132,0.3604,0.0039,-0.4321,-0.2876,0.2274,0.4954
16,1,1991       ,-0.1068,-0.1985,-0.0071,-0.2025,-0.4607,0.0226,1.1360
16,1,1992       ,0.4961,-0.0676,-0.3506,-0.4517,-0.4410,-0.4882,0.2106
16,1,1993       ,0.5086,0.4942,-0.1214,-0.3486,-0.2871,0.0277,-0.0893
16,1,1994       ,0.4628,-0.4110,-0.3365,-0.0846,0.3119,0.1439,0.5978
16,1,1995       ,0.5188,0.6286,0.2849,-0.4812,-0.0228,0.2629,0.2455
16,1,1996       ,-0.3154,0.1482,-0.0405,-0.4174,-0.3512,0.1110,0.9561
16,1,1997       ,0.6659,-0.0793,-0.4901,-0.7161,-0.2239,-0.1890,0.4720
16,1,1998       ,-0.6651,0.3096,-0.2624,-0.6322,-0.3243,0.2116,0.2603
16,1,1999       ,-0.1026,-0.5504,0.2907,-0.3925,-0.0878,-0.2768,1.5234
16,1,2000       ,0.0169,0.0866,-0.1890,0.1245,0.4588,0.6833,1.1536
16,1,2001       ,0.0758,0.1191,0.0458,-0.0494,-0.3392,0.3938,0.8189
16,1,2002       ,0.9973,-0.0566,0.1779,-0.2006,0.0135,-0.2898,0.8047
16,1,2003       ,-0.9867,0.1855,-0.1174,-0.0344,0.5400,0.8101,0.6772
16,1,2004       ,0.7005,-0.2616,0.2008,-0.3031,-0.0646,0.5532,1.1744
16,1,2005       ,-0.3292,-0.1402,-0.1811,0.0983,-0.2586,0.1581,0.6420
16,1,2006       ,0.3204,-0.6508,-0.0645,-0.3636,-0.3202,0.2050,0.6521
16,1,2007       ,0.1044,0.0437,0.0625,-0.3370,-0.0053,0.2163,1.0018
16,1,2008       ,0.0588,-0.5134,-0.1389,-0.2055,0.2329,0.2608,0.2538
16,1,2009       ,-0.4434,-0.1142,-0.2163,-0.4396,-0.0594,0.2977,1.3441
16,1,2010       ,0.0758,0.0029,0.0278,-0.4814,-0.4267,0.4222,0.2456
16,1,2011       ,-0.7739,0.0323,-0.2630,-0.2451,-0.0674,0.0207,0.3343
16,1,2012       ,-0.0187,-0.1295,0.4140,0.0506,0.0949,-0.0495,-0.4551
16,1,2013       ,-0.6248,-0.1232,0.0088,-0.1622,0.2650,0.0024,0.3398
16,1,2014       ,-0.2737,-0.3813,-0.1958,-0.2153,-0.0314,-0.1746,-0.1184
16,1,2015       ,-0.1901,0.2287,-0.0699,-0.2761,-0.3732,-0.5023,-0.8651
16,1,2016       ,-0.3200,-0.3204,0.2576,-0.1509,0.0092,0.0657,0.0305
16,1,2017       ,1.0030,-0.0798,0.4162,0.2299,0.2820,-0.2073,0.1335
16,1,2018       ,-0.5473,0.3470,0.0308,-0.2364,-0.4748,-0.0029,0.1400
16,1,2019       ,-0.1586,-0.3913,0.0660,-0.7508,-0.6700,-0.8185,-0.8146
16,1,2020       ,0.6276,-0.1380,-0.3023,-0.4397,-0.4958,-1.3456,-0.4645
16,1,2021       ,0.2399,0.5352,0.3023,0.0813,-0.6131,0.2340,0.4433
16,1,2022       ,-0.2675,0.1115,0.5043,0.0670,-0.1064,-0.4282,0.3901
# Fleet no.: 2
# First and last year: 1992,2022
# First and last age: 0,7
# Species, Fleet, Year, , ,Age_0 ,Age_1 ,Age_2 ,Age_3 ,Age_4 ,Age_5 ,Age_6 ,Age_7
      16,2,1992       ,1.5558,0.7584,-0.0314,-0.1751,-0.6092,-0.2422,-0.0333,-0.0643
16,2,1993       ,1.0223,-0.1241,0.1142,0.0856,-0.2231,-0.5819,-0.3546,0.9187
16,2,1994       ,1.8553,0.9726,0.2069,-0.1122,-0.3703,-0.4740,-0.5364,0.6142
16,2,1995       ,1.1799,0.4902,0.4901,0.1534,-0.3584,-0.4527,-0.4570,0.5348
16,2,1996       ,1.5207,0.0469,-0.2037,-0.4781,-0.2830,-0.4068,-0.3300,0.3667
16,2,1997       ,-1.7358,0.9663,-0.0007,-0.1785,-0.4899,-0.4191,-0.5451,0.6450
16,2,1998       ,1.5042,-0.9064,0.5497,-0.1107,-0.7699,-0.5575,-0.0526,0.1517
16,2,1999       ,-0.4039,0.2115,-0.5494,0.2759,-0.2972,-0.9435,-1.0951,-0.1009
16,2,2000       ,0.1448,0.2821,-0.1079,-0.7393,-0.1337,-0.4667,0.1197,0.8787
16,2,2001       ,2.3823,-0.2134,-0.1710,-0.1193,-0.0628,-0.7744,0.5270,1.6068
16,2,2002       ,-0.9964,0.7797,-0.0412,0.0153,0.4737,0.7392,-0.6775,0.0957
16,2,2003       ,0.7089,-0.9209,0.1192,-0.2490,-0.3364,0.6518,2.0869,0.8429
16,2,2004       ,-0.0168,0.1837,-0.1807,0.1806,-0.3663,-0.4090,0.0270,0.1360
16,2,2005       ,0.0652,-0.7234,-0.4030,-0.2490,-0.2731,-0.6196,-0.1697,0.3984
16,2,2006       ,0.4785,0.0642,-0.3207,0.3486,-0.0898,-1.2674,-0.2969,-0.3327
16,2,2007       ,1.3698,0.0655,0.2508,0.1610,-0.0383,0.4618,0.5160,1.1574
16,2,2008       ,-1.0315,0.1402,0.0386,0.2403,0.2549,0.2759,0.4785,0.2527
16,2,2009       ,-0.1997,-0.1400,-0.1932,-0.3932,-0.3434,-0.1549,-0.0143,1.4968
16,2,2010       ,-2.0329,-0.3756,0.1271,0.0665,-0.1508,-0.4073,-0.1801,-0.9455
16,2,2011       ,0.5131,-0.6104,0.2927,0.6543,0.3374,0.2388,0.4559,0.2786
16,2,2012       ,-1.3540,-0.1050,-0.1240,0.3251,0.1660,-0.1605,-0.6276,-0.0133
16,2,2013       ,-2.3084,-0.5707,-0.2674,-0.0276,0.1396,-0.0926,0.1859,0.5271
16,2,2014       ,-0.9736,-0.2982,-0.3342,-0.0139,0.0464,-0.1491,0.2816,0.9034
16,2,2015       ,-3.1067,-0.4357,0.3430,0.0913,0.1385,0.0039,0.2036,0.4219
16,2,2016       ,0.6204,-0.2571,-0.0458,0.4419,0.6084,0.0371,0.6313,0.4582
16,2,2017       ,-1.1448,0.5895,-0.3286,-0.1830,-0.1535,0.0860,-0.4687,0.6058
16,2,2018       ,-1.4609,-0.3365,0.3348,-0.0056,0.1400,-0.0607,0.2222,-0.6662
16,2,2019       ,1.0093,-0.0299,-0.2440,-0.0835,-0.1018,-0.2797,-0.5232,-0.1353
16,2,2020       ,0.3366,0.3413,0.1272,-0.3661,-0.2393,0.0980,-0.3909,-0.1045
16,2,2021       ,0.2279,-0.1503,0.5181,0.1745,0.0870,-0.2587,-0.5558,0.0305
16,2,2022       ,0.2707,0.3052,0.0346,0.2701,0.1644,0.0981,-0.0299,0.2654
######################################################
# Species: 17
# No. of fleets: 2
# Fleet no.: 1
# First and last year: 1983,2022
# First and last age: 1,5
# Species, Fleet, Year, , ,Age_1 ,Age_2 ,Age_3 ,Age_4 ,Age_5
      17,1,1983       ,-0.9293,-0.7218,-0.0476,0.0346,0.1350
17,1,1984       ,-0.2921,-0.4733,-0.0709,-0.0719,0.2141
17,1,1985       ,-0.1825,-0.3455,-0.4834,-0.2405,-0.0150
17,1,1986       ,-0.4672,-0.1470,0.1373,0.1923,0.2838
17,1,1987       ,-0.0494,-0.2449,-0.3626,0.0041,-0.1590
17,1,1988       ,-0.3859,0.3533,0.1004,-0.0736,0.2864
17,1,1989       ,0.3106,0.1108,0.5233,0.3245,0.4963
17,1,1990       ,-0.0766,0.0270,-0.0735,0.2882,-0.2990
17,1,1991       ,0.7654,0.5717,0.0299,0.1180,0.2527
17,1,1992       ,0.7010,0.0794,0.2196,-0.4338,0.7616
17,1,1993       ,0.6082,0.2912,0.0431,0.3734,-0.1172
17,1,1994       ,0.3746,0.3147,0.1826,0.2357,-0.4839
17,1,1995       ,0.2619,0.1472,0.1772,0.2610,-0.4153
17,1,1996       ,0.3105,0.2138,0.1804,0.1230,0.4701
17,1,1997       ,0.1838,0.0494,-0.0227,0.2661,-0.1179
17,1,1998       ,0.3159,-0.2944,-0.0188,-0.2106,-0.2784
17,1,1999       ,0.0401,0.0323,0.4052,0.3989,-0.0600
17,1,2000       ,0.6706,0.2068,0.4687,-0.0494,-0.0573
17,1,2001       ,0.3359,0.2067,0.2699,0.5143,0.6060
17,1,2002       ,0.0217,-0.0867,0.0414,-0.5001,-0.6252
17,1,2003       ,-0.6870,-0.0775,0.2746,0.2189,0.0638
17,1,2004       ,0.0807,-0.3355,0.1158,0.0870,-0.1223
17,1,2005       ,-0.4308,-0.6065,-0.0809,-0.2335,-0.1787
17,1,2006       ,0.0154,-0.5018,-0.3360,0.0381,-0.4973
17,1,2007       ,-1.0581,-0.2012,-0.1570,-0.0686,0.1335
17,1,2008       ,-0.1001,0.3346,-0.4177,-0.4040,-0.1465
17,1,2009       ,-0.1574,0.1905,-0.0005,-0.5925,0.2508
17,1,2010       ,0.3881,-0.1239,0.4066,0.6906,1.6012
17,1,2011       ,-0.5752,0.4209,0.1799,0.4124,0.3741
17,1,2012       ,0.0741,0.6876,-0.1508,-0.1486,0.1920
17,1,2013       ,-1.0499,-0.0031,0.6143,0.3877,0.4077
17,1,2014       ,0.1886,0.3865,0.2003,0.1418,0.3927
17,1,2015       ,0.3556,-0.1638,-0.2182,-0.2786,-0.1473
17,1,2016       ,0.2967,0.1785,-0.3317,-0.0193,-0.1043
17,1,2017       ,0.3701,0.0014,-0.1776,-0.4187,-0.0727
17,1,2018       ,-0.6571,-0.2347,-0.4826,-0.4192,-0.6919
17,1,2019       ,-0.3073,-0.1180,-0.1937,-0.0872,-0.6858
17,1,2020       ,-0.2199,-0.2768,-0.2005,-0.0966,-0.4120
17,1,2021       ,0.1418,0.0185,-0.2750,-0.0926,-0.7357
17,1,2022       ,0.8149,0.1336,-0.4686,-0.5850,-0.5857
# Fleet no.: 2
# First and last year: 1991,2022
# First and last age: 0,5
# Species, Fleet, Year, , ,Age_0 ,Age_1 ,Age_2 ,Age_3 ,Age_4 ,Age_5
      17,2,1991       ,-0.2098,0.1909,-0.5846,-0.6320,-0.1018,0.1955
17,2,1992       ,0.4715,-0.1295,-0.0154,-0.2002,-0.0325,0.8216
17,2,1993       ,0.2347,-0.0720,-0.2424,-0.6179,-0.1411,-0.2800
17,2,1994       ,-0.2368,0.1480,-0.0136,-0.3587,-0.3228,-0.0808
17,2,1995       ,0.1138,0.0319,0.0807,-0.1517,-0.2302,-0.2437
17,2,1996       ,-0.2902,0.1753,0.3764,0.3867,0.0980,-0.2165
17,2,1997       ,1.0459,-0.1596,0.0268,0.3907,-0.2591,0.2863
17,2,1998       ,0.7997,-0.2431,0.0357,-0.1217,-0.0662,-0.3292
17,2,1999       ,0.8404,0.6991,0.1305,0.1419,-0.0180,-0.4503
17,2,2000       ,0.6703,0.4061,0.1937,0.0124,-0.0669,-0.2772
17,2,2001       ,1.1064,0.1807,-0.1761,-0.1901,-0.1593,-0.1840
17,2,2002       ,-1.0464,0.2950,-0.0365,-0.0270,-0.3122,-0.6342
17,2,2003       ,-0.3262,-0.0532,0.3568,0.2327,0.1675,-0.2652
17,2,2004       ,0.2620,-0.3612,-0.2616,-0.1305,0.0677,-0.1423
17,2,2005       ,-1.1450,-0.4914,-0.0772,0.1068,0.3465,0.4451
17,2,2006       ,-1.0072,-0.4039,-0.3004,-0.0926,0.6734,0.2133
17,2,2007       ,-0.0309,-0.9176,-0.6216,-0.0935,0.1869,0.4064
17,2,2008       ,0.1449,0.0050,-0.3885,-0.3453,-0.1252,0.0732
17,2,2009       ,0.3318,0.5435,0.8009,0.4017,-0.2711,0.2439
17,2,2010       ,-0.3468,-0.3818,-0.1015,-0.3322,-0.1712,0.3409
17,2,2011       ,-1.0351,0.0120,-0.1192,0.0006,-0.3593,0.0644
17,2,2012       ,-0.5959,0.0682,0.1533,0.0634,-0.2039,0.0355
17,2,2013       ,-0.6613,-1.0411,-0.6156,-0.0927,-0.2767,-0.6371
17,2,2014       ,1.1579,-0.4130,0.0806,0.3329,0.0976,-0.3030
17,2,2015       ,0.8752,-0.1221,0.2779,0.5082,0.3809,0.1699
17,2,2016       ,-0.0638,-0.1168,0.3330,0.0992,0.3759,0.0189
17,2,2017       ,-1.4805,0.6354,0.1998,0.2495,-0.0534,0.4692
17,2,2018       ,-1.3155,-0.1797,0.4091,0.2605,0.0836,0.3918
17,2,2019       ,0.2115,0.1471,0.1530,0.1200,-0.2371,-0.0027
17,2,2020       ,0.1667,0.4349,0.0969,0.1210,0.1778,0.8188
17,2,2021       ,0.4398,0.3965,-0.1502,-0.2812,-0.2582,-0.6945
17,2,2022       ,0.9189,0.7164,-0.0006,0.2391,0.5151,0.2414
######################################################
# Species: 18
# No. of fleets: 2
# Fleet no.: 1
# First and last year: 1983,2022
# First and last age: 1,8
# Species, Fleet, Year, , ,Age_1 ,Age_2 ,Age_3 ,Age_4 ,Age_5 ,Age_6 ,Age_7 ,Age_8
      18,1,1983       ,-0.7680,-0.0246,-0.1808,-0.2518,-0.2303,0.0156,-0.6919,1.1507
18,1,1984       ,0.0836,-0.0955,-0.2415,0.1664,-0.5686,-0.5612,-0.4445,0.1016
18,1,1985       ,-0.2731,-0.0171,0.2872,0.2574,0.0899,-0.6208,-0.7248,0.1267
18,1,1986       ,0.3430,-0.1377,0.0308,0.2203,-0.0494,-0.0606,-0.8682,-1.0074
18,1,1987       ,0.0030,-0.2753,-0.2345,-0.0642,-0.2928,-0.4797,-0.8128,-0.5141
18,1,1988       ,0.1814,-0.3297,-0.2122,0.0907,-0.4492,-0.3562,-1.2144,1.2313
18,1,1989       ,0.4065,-0.1172,-0.0129,-0.1793,-0.3519,-0.0807,-0.2482,-0.3214
18,1,1990       ,0.1404,0.1401,0.2214,0.0859,-0.4761,-0.3768,-0.2075,-0.2689
18,1,1991       ,0.4281,0.0648,0.2400,0.4228,-0.1749,0.0704,-0.8311,-0.3427
18,1,1992       ,0.3066,-0.0229,-0.2463,-0.4191,0.3784,-0.6085,-0.8915,0.7197
18,1,1993       ,0.4545,0.1266,0.1808,0.4260,-0.4642,-0.2556,-0.0752,0.9471
18,1,1994       ,-0.2934,-0.0823,-0.3299,-0.0097,0.0728,0.4697,-1.0310,0.5543
18,1,1995       ,0.1622,-0.1413,-0.1495,-0.2286,0.0066,0.1653,0.4755,1.6988
18,1,1996       ,0.0622,-0.1830,-0.0701,0.0237,-0.4513,-0.2813,-0.1436,0.5705
18,1,1997       ,0.7427,0.2543,-0.0592,0.3197,-0.0044,-0.2338,-0.0158,0.1155
18,1,1998       ,0.4414,0.2261,-0.0539,0.0477,0.2542,-0.2248,-0.0253,0.2469
18,1,1999       ,0.3225,0.1379,-0.1071,0.1309,-0.1281,0.0405,-0.2422,0.2023
18,1,2000       ,0.9349,0.2760,-0.0603,-0.0990,-0.0451,-0.3350,0.1418,-0.1533
18,1,2001       ,0.6228,0.0540,0.5787,0.1448,-0.0423,0.2644,-0.3088,1.2745
18,1,2002       ,0.0083,0.2582,-0.1932,0.2805,0.4606,0.0327,0.7658,0.1000
18,1,2003       ,-0.1958,0.1969,0.2415,0.1363,0.0466,0.1019,0.2856,1.3930
18,1,2004       ,-0.4663,0.0666,0.0654,0.3553,-0.1671,-0.5018,0.0123,0.2764
18,1,2005       ,-0.1731,-0.1344,-0.2380,-0.0641,-0.0337,-0.3202,0.3687,0.6856
18,1,2006       ,-0.6850,0.0924,-0.1932,-0.3682,-0.2202,-0.3778,-0.4626,1.0376
18,1,2007       ,-0.6589,-0.1875,0.1461,0.0901,-0.1950,-0.0343,-0.0532,0.0382
18,1,2008       ,-0.5047,-0.1823,-0.2444,0.3549,-0.1116,-0.3376,0.1106,0.7673
18,1,2009       ,-0.2876,-0.1493,-0.1020,-0.2884,-0.0784,-0.3516,-0.1747,1.5938
18,1,2010       ,-0.3958,0.0139,-0.0051,-0.0245,-0.3272,0.0949,-0.1838,0.9626
18,1,2011       ,-0.4836,-0.2793,0.4389,0.0581,0.1958,-0.0072,-0.6099,0.5595
18,1,2012       ,-0.1058,0.0142,-0.0795,0.3886,0.3810,0.2690,-0.2390,0.2673
18,1,2013       ,-0.0569,0.1814,0.0480,-0.2752,0.2366,0.1605,-0.1248,-0.0906
18,1,2014       ,0.0937,-0.2148,0.1712,0.1985,-0.4670,-0.3417,-0.2807,0.7607
18,1,2015       ,-0.0073,0.2724,0.0347,0.1964,0.4879,-0.1716,-0.4525,0.7746
18,1,2016       ,0.0900,-0.2783,0.3391,0.0212,0.4968,0.0448,0.1258,0.1436
18,1,2017       ,-0.0340,0.3107,-0.2218,0.5238,0.1724,0.2433,0.1798,0.2091
18,1,2018       ,-0.1071,-0.0876,0.2861,-0.2683,0.0906,-0.0962,-0.4292,1.6330
18,1,2019       ,0.3835,-0.2032,-0.2677,-0.2033,-0.3624,-0.2171,-0.5070,1.1701
18,1,2020       ,-0.8112,0.0661,-0.1986,-0.2299,-0.1414,-0.1620,-0.9215,0.1274
18,1,2021       ,-0.0062,-0.2529,-0.1002,-0.2746,-0.1048,-0.2584,-0.0010,-0.3824
18,1,2022       ,0.1026,0.6437,0.4921,-0.5029,0.3185,-0.2188,-0.6935,0.0436
# Fleet no.: 2
# First and last year: 1991,2022
# First and last age: 0,8
# Species, Fleet, Year, , ,Age_0 ,Age_1 ,Age_2 ,Age_3 ,Age_4 ,Age_5 ,Age_6 ,Age_7 ,Age_8
      18,2,1991       ,0.7301,-0.0335,-0.2966,-0.8285,-0.6606,-0.0708,-1.4073,-0.9750,-0.0050
18,2,1992       ,1.0175,0.5665,0.1621,-0.6307,-0.7693,-0.5475,-0.1073,-1.6432,0.6570
18,2,1993       ,0.0862,0.3085,0.0738,-0.2237,-0.9603,0.2427,-1.2420,-0.6709,-0.4949
18,2,1994       ,-0.1189,0.1882,0.0499,-0.5578,-0.1305,-0.5945,-1.2119,-2.0791,-0.0932
18,2,1995       ,0.4495,0.3140,0.1899,0.0062,-0.6447,0.1251,0.4004,-2.0493,2.4049
18,2,1996       ,-0.1004,0.2337,0.0301,0.1256,-0.0016,-0.4272,-0.3153,-0.7058,0.2950
18,2,1997       ,-0.2076,0.3563,0.1855,0.1120,-0.2541,-0.1486,-0.5124,0.0641,-0.0871
18,2,1998       ,0.3093,0.0553,0.0856,-0.1046,-0.3962,-0.3083,-0.2889,-1.1175,-0.0009
18,2,1999       ,0.8440,0.3171,0.1202,-0.0975,-0.2183,-0.2426,-0.3936,-0.3924,0.0901
18,2,2000       ,0.4502,0.5658,-0.0334,-0.2818,-0.4357,-0.1912,-0.3162,-0.5604,-0.5321
18,2,2001       ,-0.7056,0.2552,0.3129,0.4181,0.1498,0.1438,0.3838,-0.0982,0.1107
18,2,2002       ,-0.2011,0.1401,0.2686,0.3148,0.3139,0.5370,0.5687,0.4106,0.2787
18,2,2003       ,-0.6690,0.2985,0.4586,0.2813,-0.2438,-0.1130,0.3158,-0.3416,0.3403
18,2,2004       ,-0.3261,0.0954,0.4967,0.2582,0.0194,-0.0026,-0.0381,0.0378,0.2100
18,2,2005       ,-1.1945,0.1107,0.2171,-0.0769,-0.0099,-0.1869,-0.8641,-1.0098,-0.2713
18,2,2006       ,-0.6250,-1.1187,0.2044,-0.2934,-0.1945,0.1868,-0.3329,-0.5928,-0.4907
18,2,2007       ,-0.2353,-0.3736,0.0618,0.3754,0.3743,-0.1417,0.0570,-0.4435,-0.6724
18,2,2008       ,-0.1577,-0.5556,-0.1185,-0.1368,0.1004,0.4942,0.5123,0.2299,0.3415
18,2,2009       ,-0.6927,-0.6473,-0.0432,-0.1880,-0.4454,-0.2406,0.2059,0.0868,0.6222
18,2,2010       ,-0.7941,-0.4924,0.4381,0.3745,0.1391,0.0075,0.0154,-0.2589,0.3275
18,2,2011       ,-0.2317,-0.4702,0.2453,0.6019,0.3172,0.1478,0.0487,-0.2671,0.2512
18,2,2012       ,-0.0040,-0.0683,0.0964,0.0967,-0.0707,0.0933,0.1710,-0.2558,-0.3394
18,2,2013       ,0.2671,-0.6994,0.4790,-0.0986,-0.1629,-0.2929,0.0248,-0.5234,-0.2759
18,2,2014       ,0.9325,0.0152,0.0593,0.2431,-0.0448,0.1074,-0.2719,-0.3613,0.5471
18,2,2015       ,0.2872,0.0192,0.9603,0.3163,0.1912,0.5336,0.3156,-0.0143,0.4008
18,2,2016       ,0.2693,0.0100,0.2601,0.7949,0.1513,0.3453,0.6839,0.1953,0.3012
18,2,2017       ,-0.0243,-0.0424,0.8594,0.3447,0.6174,0.1492,0.1781,0.6728,0.1171
18,2,2018       ,0.3191,-0.3690,-0.0184,0.5036,0.2158,0.1136,0.2488,-0.9833,0.7475
18,2,2019       ,0.2616,0.3746,-0.0972,0.0208,0.4631,0.3517,0.0367,-1.6818,0.3538
18,2,2020       ,0.1522,0.2853,0.5380,0.2195,0.1641,0.3892,0.5288,-0.6170,-0.6436
18,2,2021       ,-0.4542,-0.0242,0.4305,0.3007,0.1843,0.1168,0.1746,0.0564,-0.5648
18,2,2022       ,0.3664,0.3850,0.5251,0.4360,0.1406,0.0994,-0.1354,-0.9526,-0.2711
######################################################
# Species: 19
# No. of fleets: 1
# Fleet no.: 1
# First and last year: 1974,2022
# First and last age: 3,9
# Species, Fleet, Year, , ,Age_3 ,Age_4 ,Age_5 ,Age_6 ,Age_7 ,Age_8 ,Age_9
      19,1,1974       ,0.3686,-0.0104,0.3427,-0.2670,-0.2851,-0.0291,-0.5222
19,1,1975       ,1.0281,-0.4279,1.1796,0.2261,-0.5628,-0.3889,0.9518
19,1,1976       ,-0.0441,0.2776,0.4016,0.3567,0.8404,-0.4537,-0.7116
19,1,1977       ,-0.7666,0.8394,-0.2049,-0.6169,-0.6276,0.5970,0.0633
19,1,1978       ,0.5740,0.2230,-0.0757,0.8269,-0.7476,0.1917,-0.2497
19,1,1979       ,-0.2681,0.5340,0.3084,-0.6200,-0.3194,0.5689,0.4566
19,1,1980       ,-0.1788,-0.4830,-0.4534,-0.3538,0.0810,-0.7072,-0.2018
19,1,1981       ,0.6026,0.3513,0.0818,-0.1071,0.2322,-0.2971,0.1188
19,1,1982       ,-0.1358,0.8688,0.7331,-0.4825,0.1206,0.7002,-0.0179
19,1,1983       ,0.4178,-0.0488,1.1155,0.3606,0.6660,-0.1507,-0.0640
19,1,1984       ,0.0644,-0.6267,0.6501,-0.1337,-0.3997,0.1886,-0.2008
19,1,1985       ,0.2643,0.7926,0.1127,-0.1293,0.1628,-0.1484,0.1642
19,1,1986       ,-0.3589,0.2940,-0.9728,-1.0378,-1.1621,-0.4158,0.8513
19,1,1987       ,0.2607,0.2232,-0.1586,-0.2009,-0.2060,0.2888,0.0486
19,1,1988       ,0.1640,0.4033,0.7204,-0.0304,-0.1439,-0.2890,-0.0831
19,1,1989       ,-0.4333,1.0890,0.0366,-0.1475,0.0138,-0.2519,0.4221
19,1,1990       ,-0.0640,0.6993,-0.1027,-0.3803,-0.0465,-0.2634,-0.7713
19,1,1991       ,0.2450,0.7021,-0.6550,-0.3626,-0.3959,-0.2954,-0.3275
19,1,1992       ,-0.0373,-0.2400,0.4279,-0.0831,-0.5230,-0.0651,-0.1523
19,1,1993       ,-0.7416,-1.3052,0.3529,0.1224,0.2976,-0.0545,-0.0467
19,1,1994       ,0.3446,-0.1148,-0.0716,0.5196,-0.3126,-0.7428,0.6552
19,1,1995       ,-0.7238,0.4978,0.2840,-0.0827,0.3386,-1.1344,-0.2866
19,1,1996       ,-0.7963,-0.0997,-0.2048,-0.3518,0.4882,-0.5359,0.3594
19,1,1997       ,0.9544,-0.7747,-0.1460,0.2825,-0.0374,-0.0560,-0.5821
19,1,1998       ,0.0125,-1.0191,-0.0824,0.2668,-0.1590,0.3025,0.2759
19,1,1999       ,-0.4101,0.0349,1.3454,-0.4456,0.4702,-0.4079,-0.3384
19,1,2000       ,0.2974,-0.7859,-0.0697,1.0416,0.8200,-0.1931,-0.3646
19,1,2001       ,0.5192,0.2710,0.5283,-0.1461,0.0390,0.0364,0.0067
19,1,2002       ,0.2313,0.1423,0.4074,-0.1494,0.1047,-0.1093,-0.3415
19,1,2003       ,-0.1515,-0.9651,0.2492,0.2491,0.4752,-0.1982,-0.2450
19,1,2004       ,-0.0885,-0.1035,0.0152,-0.2948,-0.2668,0.6429,-0.2401
19,1,2005       ,-0.7441,-0.4170,0.2519,-0.1441,-0.0769,-0.1316,-0.0068
19,1,2006       ,0.2262,0.3884,0.0342,0.2407,0.6405,0.1630,-0.6377
19,1,2007       ,-0.0546,-0.2802,0.3615,-0.0326,-0.4083,-0.2130,0.0998
19,1,2008       ,-0.1231,0.4623,-0.1407,-0.0326,-0.1407,-0.5084,-0.9892
19,1,2009       ,0.2232,1.2337,0.4757,0.7534,0.0529,0.2803,0.5934
19,1,2010       ,0.5829,-0.4769,-0.8940,0.5558,0.4721,-0.0740,0.4039
19,1,2011       ,0.1602,-0.1772,-0.2798,0.1231,-0.4693,0.2278,0.6167
19,1,2012       ,0.2458,0.4640,0.1216,-0.4852,-0.5710,-0.3298,0.7649
19,1,2013       ,-0.4436,-0.6051,0.8673,0.4922,0.0369,0.3001,-0.0613
19,1,2014       ,-0.1406,-1.2318,-0.5864,-0.1277,0.3046,-0.6527,-0.0092
19,1,2015       ,0.0036,0.4122,-0.2692,0.2932,-1.2216,1.0356,0.7498
19,1,2016       ,0.4357,-0.1521,0.5601,0.0567,-0.0125,0.8987,-0.5614
19,1,2017       ,-0.6479,-0.1689,-0.2163,-0.1496,-0.3443,-0.7374,0.6724
19,1,2018       ,0.2311,-0.6850,0.8206,-0.0696,-0.5488,-0.4666,0.3498
19,1,2019       ,-0.4339,-0.3375,0.4874,-0.7498,-0.0977,0.3327,-0.1849
19,1,2020       ,-0.1908,-0.4192,0.1292,0.3397,-0.4269,0.8545,0.6687
19,1,2021       ,-0.6619,-0.0308,-0.5866,-0.1767,0.4719,0.2175,0.6761
19,1,2022       ,-0.1112,-0.6119,0.2712,0.6064,0.2259,0.4347,-1.7119
######################################################
# Species: 20
# No. of fleets: 1
# Fleet no.: 1
# First and last year: 1980,2022
# First and last age: 1,9
# Species, Fleet, Year, , ,Age_1 ,Age_2 ,Age_3 ,Age_4 ,Age_5 ,Age_6 ,Age_7 ,Age_8 ,Age_9
      20,1,1980       ,0.2874,0.4928,0.6147,0.4726,0.4986,0.0406,0.6398,0.6816,1.0236
20,1,1981       ,0.4492,0.2343,0.0251,0.7900,0.3689,0.6494,1.3689,0.1665,0.3075
20,1,1982       ,-0.2962,0.3638,0.5286,0.3923,0.5483,-0.1670,1.0562,0.8801,0.5182
20,1,1983       ,1.0616,-0.4284,-0.4289,0.3748,-0.4594,0.3627,-0.1630,0.2522,0.7713
20,1,1984       ,0.8203,-0.0081,-0.4985,0.7805,-0.3503,-0.0605,-0.3029,0.3114,0.9870
20,1,1985       ,-0.1936,0.7806,-0.4366,0.4173,-0.0834,0.3429,0.1478,0.8886,-0.1814
20,1,1986       ,-0.4336,-0.3065,0.5721,0.2900,0.9047,-0.4003,0.5335,0.3356,0.8659
20,1,1987       ,0.1842,0.2703,-0.1891,0.1963,-0.2242,0.4235,0.5438,0.3081,0.5416
20,1,1988       ,0.4699,0.1109,0.2925,1.2198,0.0423,0.6526,0.3633,0.3507,-0.0360
20,1,1989       ,-0.6396,-0.2906,0.1064,-0.0487,-0.0553,-0.3082,0.0555,0.4886,0.5177
20,1,1990       ,-0.2892,0.1654,0.5470,-0.1055,-0.0745,0.8568,-0.0865,0.5962,0.1631
20,1,1991       ,-0.6283,-0.3014,0.0964,0.6800,-0.0522,-0.5267,-0.2696,-0.6530,0.1120
20,1,1992       ,0.0881,0.1260,-0.6920,0.5516,0.3149,0.5460,-0.1756,-0.0971,-0.4609
20,1,1993       ,-0.6034,-0.3024,-0.1648,0.8813,-0.6032,-0.1282,0.2592,-0.5083,-1.0034
20,1,1994       ,-0.4659,0.1897,-0.4911,0.6262,0.1954,-0.3067,0.1392,0.7899,0.3662
20,1,1995       ,-0.2453,-0.4975,0.1725,-0.3706,0.1031,-0.1876,-0.6994,-0.0024,0.3873
20,1,1996       ,-0.7089,-0.8987,-0.3495,0.0104,-0.3813,-0.0933,0.9914,-0.3786,-0.9700
20,1,1997       ,-0.6151,-0.0167,0.1954,-0.7778,0.0839,-0.2993,0.5319,-0.0357,0.3213
20,1,1998       ,0.1511,-0.9546,-0.2990,-0.3798,-0.1038,-0.5138,0.2218,0.4845,0.1796
20,1,1999       ,0.6787,-1.0446,-0.5820,-0.5675,-1.1742,0.1453,-0.3917,0.0877,-0.0315
20,1,2000       ,0.4205,0.2522,-0.9642,0.6028,0.4407,-0.1079,0.2510,-0.4023,0.4477
20,1,2001       ,-0.2488,-0.6334,-0.3320,-0.6252,0.5820,0.4187,-0.1043,-0.0911,0.1726
20,1,2002       ,0.4533,-0.8043,-0.2712,0.5198,-0.2466,0.4698,-0.5387,0.3643,-0.2488
20,1,2003       ,0.4261,0.8999,-0.5172,1.1032,-0.4415,0.7389,0.6269,0.4180,-0.3932
20,1,2004       ,-0.4828,0.4144,0.3985,-0.7366,0.1285,0.0332,0.4881,-0.0153,0.3786
20,1,2005       ,-0.4742,-0.1418,0.2967,0.4953,0.5544,-0.0738,-0.1950,-0.0136,-0.3727
20,1,2006       ,0.0103,0.1117,-0.2566,1.0569,0.4836,0.0155,-0.1005,-0.0168,-0.1712
20,1,2007       ,-0.0686,-0.6092,-0.2165,-0.4393,-0.2410,-0.2482,0.0686,0.3892,0.2981
20,1,2008       ,-0.3546,-0.5597,-0.1056,-0.6429,-0.2302,-0.7113,-0.7970,-0.6312,-0.3414
20,1,2009       ,-0.7082,-0.9248,-0.6712,0.1482,-0.5271,-0.1765,-0.2997,0.5283,0.2556
20,1,2010       ,-0.0232,-0.4089,-0.8820,-0.7294,0.5926,-0.3927,0.0554,-0.2567,-0.6496
20,1,2011       ,-0.6614,-0.1913,-0.2060,-0.4678,1.2805,-0.5050,0.1979,0.0846,-0.0134
20,1,2012       ,-0.2760,-0.2443,-0.4945,-0.1451,-0.1664,-0.1612,-0.4069,0.5166,0.4474
20,1,2013       ,-0.4397,-0.5966,-0.0268,-0.8660,-0.4595,-0.0900,-0.1507,0.4427,0.2665
20,1,2014       ,-0.2048,-0.5374,0.3339,-0.2241,-0.4002,-0.1685,0.2995,0.4223,-0.3025
20,1,2015       ,0.8103,0.1271,-0.2287,-0.2810,-0.2293,-0.2764,0.6424,0.7762,0.0390
20,1,2016       ,-0.1740,0.2196,-0.6301,0.5544,-0.4103,-0.8738,0.3313,-0.2351,0.3805
20,1,2017       ,-0.5406,0.7962,-0.1711,-0.2159,-0.2425,-0.2761,1.2543,-0.0339,1.0282
20,1,2018       ,0.8589,-0.0662,-1.1482,-0.6767,-0.7489,0.1072,-0.5342,-0.1370,-0.2785
20,1,2019       ,-0.2289,-0.3156,0.0610,-1.2494,-1.2768,-0.3915,-0.4325,0.4779,0.9797
20,1,2020       ,-0.0602,-0.6076,-0.7216,-0.3430,0.1388,-0.4882,-0.4843,-0.0543,0.4211
20,1,2021       ,0.0481,-0.1394,0.2525,-0.4579,-0.6290,0.0244,0.1554,-0.0113,-0.0859
20,1,2022       ,1.0933,0.6376,0.4896,-0.0479,-0.4759,-0.3705,0.0442,-0.7719,-0.3494
######################################################
# Species: 21
# No. of fleets: 3
# Fleet no.: 1
# First and last year: 1989,2022
# First and last age: 1,8
# Species, Fleet, Year, , ,Age_1 ,Age_2 ,Age_3 ,Age_4 ,Age_5 ,Age_6 ,Age_7 ,Age_8
      21,1,1989  ,-99.9,-0.2552,-0.1733,-0.1597,-0.1356,-0.1496,-0.4385,-0.5147
21,1,1990  ,-99.9,-0.1143,-0.0332,0.2809,0.2495,0.1901,0.1014,0.0158
21,1,1991  ,-99.9,-0.1344,-0.4103,-0.0478,0.2488,0.0473,0.1902,-0.3835
21,1,1992  ,-99.9,0.2128,-0.3651,-0.1592,0.0692,0.4655,0.1647,-0.0187
21,1,1993  ,-99.9,0.1363,-0.0409,0.0236,0.2348,0.4735,0.4201,0.1209
21,1,1994  ,-99.9,-0.1187,-0.4514,-0.5215,0.1175,0.3011,0.4907,0.2974
21,1,1995  ,-99.9,0.0539,0.0899,0.2192,0.1381,0.3319,0.2826,0.0413
21,1,1996  ,-99.9,0.3657,0.3677,0.3095,0.3650,-0.1555,0.2326,0.8629
21,1,1997       ,-0.1011,0.5309,0.2849,0.2040,0.2460,0.5004,-0.4463,0.5688
21,1,1998       ,-0.2766,0.0841,0.0410,0.2315,0.3936,0.4966,0.8027,0.3106
21,1,1999       ,0.0388,-0.0415,0.2199,-0.2175,-0.3131,-0.0109,0.0653,0.3904
21,1,2000       ,0.4073,-0.0150,-0.1738,0.2870,0.2262,0.2520,0.4311,0.5792
21,1,2001       ,-0.3332,0.2370,0.2812,-0.0780,0.1898,0.0246,-0.1983,-0.0377
21,1,2002       ,-0.1956,-0.0963,0.0907,-0.0469,-0.1800,0.2689,-0.0430,0.2236
21,1,2003       ,0.0516,0.1884,-0.3072,-0.1352,-0.2729,-0.1060,0.2171,0.1425
21,1,2004       ,-0.0855,-0.4031,-0.2723,-0.1609,-0.0701,-0.4321,0.0702,0.2280
21,1,2005       ,-0.7433,-0.3578,-0.0045,-0.2039,-0.1380,-0.1968,-0.6015,-0.5062
21,1,2006       ,0.4305,0.0456,-0.0716,0.0103,0.0873,-0.0991,-0.2223,-0.7510
21,1,2007       ,0.1889,0.1231,-0.3684,-0.3270,-0.3619,-0.4123,-0.3891,-0.9214
21,1,2008       ,-0.6452,-0.0306,-0.0945,-0.1004,0.1156,0.1227,0.4741,-0.1042
21,1,2009       ,-0.4366,0.2764,0.0359,-0.2240,0.0008,0.4036,0.4829,0.5427
21,1,2010       ,0.3921,-0.0608,0.1155,0.3082,0.3084,0.5758,0.7871,1.0252
21,1,2011       ,0.1341,-0.3592,-0.4124,-0.2135,-0.2185,0.0354,0.2912,0.6673
21,1,2012       ,0.2277,-0.0938,-0.1975,-0.4299,-0.4098,-0.3418,-0.5100,-0.2874
21,1,2013       ,0.0331,-0.2554,-0.3150,-0.1126,-0.0730,-0.2403,-0.0674,0.0561
21,1,2014       ,-0.0660,0.3232,0.0391,0.1147,-0.0735,0.2998,0.1151,-0.4493
21,1,2015       ,-0.8202,0.2405,-0.0149,-0.1008,-0.0227,-0.1573,0.0079,-0.4066
21,1,2016       ,0.7857,0.2924,-0.0129,-0.3412,-0.2408,0.0456,-0.4100,-0.6384
21,1,2017       ,-0.6510,-0.3222,-0.1639,-0.1767,-0.3188,-0.4816,-0.4986,-0.9088
21,1,2018       ,1.2256,0.2353,-0.1203,0.1234,0.0576,0.1255,0.4242,-0.5686
21,1,2019       ,0.5342,-0.2797,-0.1366,0.0010,0.2345,0.2299,0.0857,-0.3650
21,1,2020       ,0.2339,-0.2940,-0.2207,-0.2676,0.7724,-0.0025,-0.4555,-0.5245
21,1,2021       ,-0.1716,-0.2046,-0.5289,-0.2060,-0.2532,0.6919,0.0276,-0.3376
21,1,2022       ,-0.1576,0.0907,0.1208,-0.1182,0.3494,0.0135,0.9880,-0.2155
# Fleet no.: 2
# First and last year: 1984,2023
# First and last age: 1,1
# Species, Fleet, Year, , ,Age_1
      21,2,1984       ,-0.3575
21,2,1985       ,0.0442
21,2,1986       ,-0.2222
21,2,1987       ,0.3160
21,2,1988       ,-0.1436
21,2,1989       ,0.3622
21,2,1990       ,-0.2025
21,2,1991       ,0.0700
21,2,1992       ,0.1992
21,2,1993       ,0.2569
21,2,1994       ,0.6481
21,2,1995       ,0.5880
21,2,1996       ,0.1381
21,2,1997       ,-0.6079
21,2,1998       ,0.5122
21,2,1999       ,-0.0442
21,2,2000       ,-0.1411
21,2,2001       ,0.0773
21,2,2002       ,-0.8619
21,2,2003       ,-0.0834
21,2,2004       ,-0.1316
21,2,2005       ,-0.1352
21,2,2006       ,0.0728
21,2,2007       ,0.0886
21,2,2008       ,-0.3924
21,2,2009       ,-0.3736
21,2,2010       ,-0.4524
21,2,2011       ,0.1621
21,2,2012       ,-0.1352
21,2,2013       ,-0.6333
21,2,2014       ,-0.1119
21,2,2015       ,-0.1156
21,2,2016       ,-0.1453
21,2,2017       ,0.4879
21,2,2018       ,0.4079
21,2,2019       ,0.0815
21,2,2020       ,0.3268
21,2,2021       ,0.2359
21,2,2022       ,-0.1339
21,2,2023       ,0.3491
# Fleet no.: 3
# First and last year: 1992,2023
# First and last age: 0,0
# Species, Fleet, Year, , ,Age_0
      21,3,1992       ,0.3403
21,3,1993       ,0.4878
21,3,1994       ,0.4905
21,3,1995       ,0.5124
21,3,1996       ,-0.0157
21,3,1997       ,0.6628
21,3,1998       ,-0.0940
21,3,1999       ,0.4540
21,3,2000       ,0.0433
21,3,2001       ,0.1958
21,3,2002       ,0.3059
21,3,2003       ,0.0310
21,3,2004       ,-0.5884
21,3,2005       ,0.2172
21,3,2006       ,0.0376
21,3,2007       ,-0.5408
21,3,2008       ,-0.6766
21,3,2009       ,-0.0137
21,3,2010       ,-0.4741
21,3,2011       ,0.0479
21,3,2012       ,-0.1947
21,3,2013       ,-0.7656
21,3,2014       ,-0.2683
21,3,2015       ,-0.8308
21,3,2016       ,0.2881
21,3,2017       ,-0.1655
21,3,2018       ,0.4918
21,3,2019       ,-0.0386
21,3,2020       ,-0.0845
21,3,2021       ,0.5240
21,3,2022       ,-0.3793
######################################################
# Species: 22
# No. of fleets: 5
# Fleet no.: 1
# First and last year: 2004,2022
# First and last age: 0,1
# Species, Fleet, Year, , ,Age_0 ,Age_1
      22,1,2004       ,0.3061,0.7060
22,1,2005       ,1.8790,0.5625
22,1,2006       ,0.2543,-1.7293
22,1,2007       ,-0.0514,0.1139
22,1,2008       ,-0.6767,0.6061
22,1,2009       ,0.0789,0.1238
22,1,2010       ,-0.7603,0.2618
22,1,2011       ,-0.8265,0.0361
22,1,2012       ,0.0185,-1.1069
22,1,2013       ,0.2185,-1.7969
22,1,2014       ,0.0455,-0.6501
22,1,2015       ,-0.9866,0.1158
22,1,2016       ,0.3591,0.5995
22,1,2017       ,-1.0794,-0.7765
22,1,2018       ,0.7448,2.1935
22,1,2019       ,-0.0463,0.5243
22,1,2020       ,0.5437,0.1888
22,1,2021       ,0.0086,0.2312
22,1,2022       ,-0.0297,-0.2036
# Fleet no.: 2
# First and last year: 1983,2002
# First and last age: 1,3
# Species, Fleet, Year, , ,Age_1 ,Age_2 ,Age_3
      22,2,1983       ,-0.1609,-0.2523,-0.9225
22,2,1984       ,0.3118,-0.8124,-1.4841
22,2,1985       ,-0.8089,0.1190,0.1061
22,2,1986       ,0.6116,0.2358,-1.3222
22,2,1987       ,0.3517,0.6198,-0.7242
22,2,1988       ,-0.4705,0.9573,-0.7339
22,2,1989       ,0.2477,-0.4713,0.5634
22,2,1990       ,0.2038,0.1333,0.9095
22,2,1991       ,0.2759,-0.4268,-0.0451
22,2,1992       ,-0.0447,0.6093,0.8741
22,2,1993       ,-0.2187,-1.2666,-0.6163
22,2,1994       ,0.4356,0.3942,1.4714
22,2,1995       ,-0.1457,-0.5439,-0.3367
22,2,1996       ,-0.2545,-0.3249,0.1255
22,2,1997       ,-0.3818,-0.7888,0.1912
22,2,1998       ,-0.9591,-0.1189,0.5385
22,2,1999       ,-0.2595,0.4595,0.1315
22,2,2000       ,-0.2782,0.2481,0.3733
22,2,2001       ,0.3667,0.2312,-0.0059
22,2,2002       ,1.1777,0.9985,0.9064
# Fleet no.: 3
# First and last year: 2003,2022
# First and last age: 1,3
# Species, Fleet, Year, , ,Age_1 ,Age_2 ,Age_3
      22,3,2003       ,-0.0219,-0.2862,-0.6767
22,3,2004       ,0.4143,0.2024,-0.6068
22,3,2005       ,0.7887,0.3167,0.2458
22,3,2006       ,0.4775,-0.0704,-0.2355
22,3,2007       ,0.8807,-0.6770,-0.8372
22,3,2008       ,0.5972,0.6546,0.6378
22,3,2009       ,1.0701,-0.1156,-1.0124
22,3,2010       ,-0.4376,-0.3696,0.1031
22,3,2011       ,-0.0701,0.7854,-0.0780
22,3,2012       ,-1.0230,0.1885,1.0053
22,3,2013       ,0.5981,1.6872,0.7791
22,3,2014       ,0.4094,0.7543,1.5317
22,3,2015       ,-0.1381,-0.2079,-0.0553
22,3,2016       ,0.3078,0.5549,0.1464
22,3,2017       ,-0.3670,-0.0579,-0.9293
22,3,2018       ,-1.0175,-0.7024,0.9720
22,3,2019       ,-0.5932,-0.0355,-0.1975
22,3,2020       ,-0.6818,-1.6166,-0.1130
22,3,2021       ,-1.0766,-0.7051,-0.2038
22,3,2022       ,-0.1173,-0.2999,-0.4757
# Fleet no.: 4
# First and last year: 1976,2004
# First and last age: 0,0
# Species, Fleet, Year, , ,Age_0
      22,4,1976       ,-0.2473
22,4,1977       ,-0.9421
22,4,1978       ,0.2469
22,4,1979       ,0.6437
22,4,1980       ,0.3230
22,4,1981       ,0.2139
22,4,1982       ,1.7026
22,4,1983       ,1.6100
22,4,1984       ,-1.7047
22,4,1985       ,-1.3860
22,4,1986       ,-0.3489
22,4,1987       ,-1.9776
22,4,1988       ,0.1008
22,4,1989       ,-0.6714
22,4,1990       ,0.1546
22,4,1991       ,0.1576
22,4,1992       ,0.4025
22,4,1993       ,0.1569
22,4,1994       ,-3.5323
22,4,1995       ,-0.2398
22,4,1996       ,-0.2551
22,4,1997       ,-0.4039
22,4,1998       ,1.4090
22,4,1999       ,0.4865
22,4,2000       ,-1.4056
22,4,2001       ,2.2011
22,4,2002       ,0.3481
22,4,2003       ,1.5094
22,4,2004       ,1.4481
# Fleet no.: 5
# First and last year: 2009,2022
# First and last age: 1,4
# Species, Fleet, Year, , ,Age_1 ,Age_2 ,Age_3 ,Age_4
      22,5,2009       ,0.3408,1.2095,1.0313,-0.4764
22,5,2010       ,0.5676,0.6017,0.4164,1.3139
22,5,2011       ,-0.3311,0.4498,-0.4491,-0.3172
22,5,2012       ,-0.1451,-1.0851,0.3085,-0.3123
22,5,2013       ,-0.9420,-0.7618,-1.4175,-0.5908
22,5,2014       ,1.1370,-0.1351,0.0896,-1.1934
22,5,2015       ,-0.0076,-0.3069,0.2414,-2.4933
22,5,2016       ,-2.2843,0.2915,-0.4794,0.4467
22,5,2017       ,0.0367,-1.2916,0.4233,0.3688
22,5,2018       ,-0.1317,-0.1627,-0.9807,-0.6753
22,5,2019       ,0.0117,-0.7331,0.5841,-0.4502
22,5,2020       ,0.7412,0.6175,0.2293,1.2413
22,5,2021       ,0.8797,0.3028,0.3917,-1.1336
22,5,2022       ,0.1271,1.0034,0.9252,1.5270
######################################################
# Species: 23
# No. of fleets: 3
# Fleet no.: 1
# First and last year: 2004,2022
# First and last age: 0,1
# Species, Fleet, Year, , ,Age_0 ,Age_1
      23,1,2004       ,0.6271,0.9174
23,1,2005       ,-0.1241,1.7264
23,1,2006       ,0.5274,0.2377
23,1,2007       ,-0.0082,0.6194
23,1,2008       ,0.1301,-0.6864
23,1,2009       ,-1.9413,0.1289
23,1,2010       ,1.1833,-2.2953
23,1,2011       ,0.1244,0.2860
23,1,2012       ,-0.2390,0.5869
23,1,2013       ,-0.0622,-0.0168
23,1,2014       ,-0.7909,-0.3507
23,1,2015       ,1.0958,-1.2958
23,1,2016       ,-1.1122,0.2793
23,1,2017       ,0.7913,-1.3082
23,1,2018       ,0.5386,1.2317
23,1,2019       ,-0.4114,0.5867
23,1,2020       ,0.0346,-0.6064
23,1,2021       ,-0.3588,0.0647
23,1,2022       ,-0.0043,-0.1055
# Fleet no.: 2
# First and last year: 1983,2002
# First and last age: 1,3
# Species, Fleet, Year, , ,Age_1 ,Age_2 ,Age_3
      23,2,1983       ,-1.0189,0.3441,-0.4304
23,2,1984       ,0.0334,-0.6312,0.3613
23,2,1985       ,-0.8550,0.4282,0.9271
23,2,1986       ,-0.0346,0.3832,-0.6688
23,2,1987       ,-0.5107,0.1788,-0.0704
23,2,1988       ,-1.6089,0.1928,0.2897
23,2,1989       ,0.5877,0.1399,-0.4458
23,2,1990       ,0.0699,0.0477,0.5964
23,2,1991       ,0.2102,0.6632,-0.4416
23,2,1992       ,0.2405,-0.2012,-0.6810
23,2,1993       ,-0.3439,-0.1342,0.5251
23,2,1994       ,0.5460,0.3901,-0.1339
23,2,1995       ,0.0884,-0.5826,-0.1462
23,2,1996       ,0.3657,-0.1538,0.2567
23,2,1997       ,-0.0554,-0.4562,-0.0387
23,2,1998       ,0.0378,-0.1955,0.1537
23,2,1999       ,0.8270,0.0874,-0.0251
23,2,2000       ,0.4221,-0.3658,0.0416
23,2,2001       ,0.4957,0.0343,0.1301
23,2,2002       ,0.5030,-0.1691,-0.1998
# Fleet no.: 3
# First and last year: 2003,2022
# First and last age: 1,3
# Species, Fleet, Year, , ,Age_1 ,Age_2 ,Age_3
      23,3,2003       ,-0.0249,-0.4277,-0.2218
23,3,2004       ,0.0891,-0.5693,-0.6160
23,3,2005       ,0.2978,-0.0260,0.3620
23,3,2006       ,0.4044,-0.1132,-0.3528
23,3,2007       ,0.4176,0.4717,0.0361
23,3,2008       ,0.2854,0.0317,-0.1401
23,3,2009       ,0.3705,0.6027,0.2719
23,3,2010       ,-0.3717,-0.5939,-0.5829
23,3,2011       ,-1.5239,-0.1280,-0.3198
23,3,2012       ,-1.3455,-0.5192,-0.0627
23,3,2013       ,0.1173,0.9489,0.9007
23,3,2014       ,-0.0401,0.1506,-0.0591
23,3,2015       ,0.2822,-0.5398,-0.0662
23,3,2016       ,-0.8292,0.1717,-0.1954
23,3,2017       ,0.4406,0.4801,0.3532
23,3,2018       ,-0.0718,0.6317,0.5668
23,3,2019       ,0.4584,0.1906,0.0320
23,3,2020       ,0.3970,-0.2041,0.3367
23,3,2021       ,0.5403,-0.0230,-0.0815
23,3,2022       ,0.1063,-0.5354,-0.1613
######################################################
# Species: 24
# No. of fleets: 4
# Fleet no.: 1
# First and last year: 1992,2022
# First and last age: 0,1
# Species, Fleet, Year, , ,Age_0 ,Age_1
      24,1,1992       ,0.3402,-0.0627
24,1,1993       ,0.7368,0.6245
24,1,1994       ,0.6200,-0.3400
24,1,1995       ,0.9178,0.3250
24,1,1996       ,0.7431,-0.3179
24,1,1997       ,-0.8194,0.2320
24,1,1998       ,-0.3992,-0.9914
24,1,1999       ,1.1570,-0.4425
24,1,2000       ,0.5235,0.8105
24,1,2001       ,0.2648,0.2042
24,1,2002       ,1.6345,-0.0568
24,1,2003       ,-0.2938,-0.3225
24,1,2004       ,-0.7667,0.4489
24,1,2005       ,0.7533,-0.0796
24,1,2006       ,0.3589,0.3584
24,1,2007       ,-0.2448,0.1989
24,1,2008       ,-1.7349,-0.0622
24,1,2009       ,0.1125,0.2041
24,1,2010       ,-2.2772,-0.0962
24,1,2011       ,-1.8365,-0.2027
24,1,2012       ,-0.0069,-0.5360
24,1,2013       ,-1.0099,-0.0151
24,1,2014       ,0.9337,-0.3612
24,1,2015       ,-0.3430,0.1953
24,1,2016       ,0.8331,0.2982
24,1,2017       ,-0.0817,0.7632
24,1,2018       ,0.4361,-0.2858
24,1,2019       ,0.2250,-0.8554
24,1,2020       ,0.1459,0.3052
24,1,2021       ,-1.5471,0.1922
24,1,2022       ,0.6249,-0.1324
# Fleet no.: 2
# First and last year: 1984,2023
# First and last age: 1,3
# Species, Fleet, Year, , ,Age_1 ,Age_2 ,Age_3
      24,2,1984       ,-0.3846,-0.7481,-0.0611
24,2,1985       ,-0.0600,-0.5609,-0.4213
24,2,1986       ,-0.4856,-0.0295,-0.4806
24,2,1987       ,0.1042,-0.8276,0.2654
24,2,1988       ,-2.4856,-0.0228,-0.8554
24,2,1989       ,-0.2104,-0.7230,0.4227
24,2,1990       ,-0.6633,-0.2103,0.0302
24,2,1991       ,-0.0971,-0.3717,0.2564
24,2,1992       ,-0.1616,-0.0145,-0.6707
24,2,1993       ,0.1248,-0.1487,0.5690
24,2,1994       ,-0.2022,-0.5171,-0.4346
24,2,1995       ,-0.0224,0.0964,0.0952
24,2,1996       ,-0.8520,0.0100,0.3999
24,2,1997       ,0.7041,0.6387,0.3208
24,2,1998       ,-0.0603,0.8933,0.3487
24,2,1999       ,0.4822,0.2565,0.1864
24,2,2000       ,0.7067,0.5900,0.0097
24,2,2001       ,-0.0543,0.3489,0.2831
24,2,2002       ,0.1374,0.4754,0.2832
24,2,2003       ,0.3352,0.2305,0.1169
24,2,2004       ,0.7435,0.1841,-0.3862
24,2,2005       ,0.2227,-0.1127,-0.1841
24,2,2006       ,0.7305,-0.7258,-1.0021
24,2,2007       ,0.0802,0.3391,0.0299
24,2,2008       ,0.2353,-0.0608,-0.5172
24,2,2009       ,0.4844,0.8947,0.0238
24,2,2010       ,0.0358,0.0326,-0.2894
24,2,2011       ,-0.5335,0.1844,0.6031
24,2,2012       ,-0.3534,0.1582,-0.0657
24,2,2013       ,0.2171,0.2258,0.2484
24,2,2014       ,-0.3591,-0.0327,-0.0569
24,2,2015       ,0.5175,0.7052,0.2608
24,2,2016       ,0.2620,-0.4880,-0.2181
24,2,2017       ,0.4058,-0.0882,0.3493
24,2,2018       ,0.0277,-0.0303,0.3898
24,2,2019       ,0.1560,-0.0058,-0.5423
24,2,2020       ,0.4224,-0.1845,0.7393
24,2,2021       ,0.3112,0.0143,0.2690
24,2,2022       ,-0.1874,-0.0599,-0.0086
24,2,2023       ,-0.2738,-0.3151,-0.3067
# Fleet no.: 3
# First and last year: 1991,2022
# First and last age: 2,3
# Species, Fleet, Year, , ,Age_2 ,Age_3
      24,3,1991       ,0.4538,-0.9053
24,3,1992       ,0.5076,2.2429
24,3,1993       ,0.0285,1.4783
24,3,1994       ,-0.7067,-0.2604
24,3,1995       ,0.9362,1.9229
24,3,1996       ,-0.9440,0.2100
24,3,1997       ,-0.1790,-0.4930
24,3,1998       ,-0.3533,-0.7668
24,3,1999       ,0.1330,-0.1123
24,3,2000       ,0.2440,-0.6604
24,3,2001       ,-0.0916,-0.1801
24,3,2002       ,-0.9686,-0.9518
24,3,2003       ,-0.0895,-1.0324
24,3,2004       ,0.4207,-0.0768
24,3,2005       ,0.3654,0.1594
24,3,2006       ,0.6229,-0.1870
24,3,2007       ,0.3606,1.3448
24,3,2008       ,0.1933,0.2436
24,3,2009       ,0.1079,-1.0257
24,3,2010       ,0.1516,-0.4152
24,3,2011       ,0.2831,0.0887
24,3,2012       ,0.6731,-0.0746
24,3,2013       ,0.1298,-0.0970
24,3,2014       ,-0.2123,0.2002
24,3,2015       ,0.3165,0.4666
24,3,2016       ,-0.6678,0.2379
24,3,2017       ,-0.3535,-0.3617
24,3,2018       ,-0.4861,-1.1582
24,3,2019       ,-0.0677,-0.2982
24,3,2020       ,-0.0719,-0.1096
24,3,2021       ,-0.8300,0.3418
24,3,2022       ,0.0941,0.2295
# Fleet no.: 4
# First and last year: 1998,2022
# First and last age: 0,1
# Species, Fleet, Year, , ,Age_0 ,Age_1
      24,4,1998       ,-0.6306,-0.0942
24,4,1999       ,-0.8254,-0.0392
24,4,2000       ,-0.4235,0.4165
24,4,2001       ,-1.6864,-0.4894
24,4,2002       ,0.1094,-0.0239
24,4,2003       ,0.5380,-0.0279
24,4,2004       ,-0.6675,0.6899
24,4,2005       ,-0.2140,-0.2820
24,4,2006       ,-0.9841,-0.0963
24,4,2007       ,0.0214,0.0410
24,4,2008       ,-0.8972,-0.1357
24,4,2009       ,-0.5746,-0.5034
24,4,2010       ,-0.5009,0.0704
24,4,2011       ,-0.8270,-1.1155
24,4,2012       ,0.0620,0.2005
24,4,2013       ,-0.6185,0.0787
24,4,2014       ,0.9626,-0.2695
24,4,2015       ,0.7654,0.5999
24,4,2016       ,0.6882,0.2756
24,4,2017       ,0.8158,-0.2277
24,4,2018       ,0.9669,-0.1602
24,4,2019       ,0.7844,0.2197
24,4,2020       ,1.7303,-0.1562
24,4,2021       ,1.0575,0.1786
24,4,2022       ,0.3477,0.8503
######################################################
# Species: 25
# No. of fleets: 3
# Fleet no.: 1
# First and last year: 2006,2022
# First and last age: 1,3
# Species, Fleet, Year, , ,Age_1 ,Age_2 ,Age_3
      25,1,2006       ,0.1906,0.1123,0.2992
25,1,2007       ,0.5981,0.1693,0.2701
25,1,2008       ,-0.0186,-0.0308,-0.0948
25,1,2009       ,-0.1295,0.8273,0.4754
25,1,2010       ,-0.7491,-0.6430,-0.7213
25,1,2011       ,-0.3985,-0.2293,-0.6237
25,1,2012       ,-0.1124,-0.0294,0.1397
25,1,2013       ,-0.7612,-0.1624,-0.1773
25,1,2014       ,-0.1685,0.8458,0.6349
25,1,2015       ,-0.8900,-0.5608,1.0107
25,1,2016       ,0.5143,0.5796,0.4630
25,1,2017       ,-0.0561,-0.5573,0.2485
25,1,2018       ,0.5776,-0.3886,-0.6370
25,1,2019       ,0.5505,0.2360,0.6178
25,1,2020       ,-0.0627,-0.1718,-0.9613
25,1,2021       ,0.4915,-0.5203,-0.9177
25,1,2022       ,0.4240,0.5233,-0.0261
# Fleet no.: 2
# First and last year: 1983,2023
# First and last age: 1,3
# Species, Fleet, Year, , ,Age_1 ,Age_2 ,Age_3
      25,2,1983       ,-1.1624,0.2111,1.8818
25,2,1984       ,-0.8227,0.6954,1.3749
25,2,1985       ,-0.8073,-1.0086,0.5120
25,2,1986       ,-1.6686,-1.1556,-1.0426
25,2,1987       ,-0.8251,-0.5709,0.1557
25,2,1988       ,-1.0102,0.1661,0.6849
25,2,1989       ,-0.0352,-0.4783,0.6460
25,2,1990       ,-1.5319,-0.7545,-0.2796
25,2,1991       ,-0.2950,-1.1304,0.0237
25,2,1992       ,0.5233,-0.8462,-0.1673
25,2,1993       ,0.0763,0.6101,-0.2725
25,2,1994       ,-1.1299,0.1366,0.5705
25,2,1995       ,-0.1964,0.0004,0.5265
25,2,1996       ,0.0283,-0.0416,0.2104
25,2,1997       ,-0.4918,-0.0321,0.3040
25,2,1998       ,0.0394,0.6177,1.0074
25,2,1999       ,0.9517,0.2566,0.2846
25,2,2000       ,0.2992,0.0518,0.7825
25,2,2001       ,0.4697,0.5605,0.6433
25,2,2002       ,-0.0684,0.6884,0.3993
25,2,2003       ,0.6232,-0.0701,0.2440
25,2,2004       ,0.9541,0.2062,0.6658
25,2,2005       ,0.7945,-0.0986,-0.7215
25,2,2006       ,0.0475,-0.3414,-0.5560
25,2,2007       ,0.2648,0.8859,0.2484
25,2,2008       ,0.2996,0.0195,-0.5289
25,2,2009       ,0.2504,-0.6694,-1.3118
25,2,2010       ,0.2643,0.0786,-0.4311
25,2,2011       ,-0.8490,-0.6025,-0.9684
25,2,2012       ,0.7181,0.9594,-0.2662
25,2,2013       ,-0.1564,0.4099,-0.0703
25,2,2014       ,-0.0532,-0.4442,-0.9973
25,2,2015       ,0.6748,-0.0447,0.0294
25,2,2016       ,-0.1697,0.4365,0.1739
25,2,2017       ,1.3834,1.0629,0.3361
25,2,2018       ,0.9268,0.0409,-0.3336
25,2,2019       ,0.5274,0.1627,-0.0770
25,2,2020       ,0.9707,0.0345,-0.1466
25,2,2021       ,0.4072,0.4122,-0.6275
25,2,2022       ,-0.5186,-0.3021,-1.5764
25,2,2023       ,0.2969,-0.1128,-1.3305
# Fleet no.: 3
# First and last year: 1992,2022
# First and last age: 1,3
# Species, Fleet, Year, , ,Age_1 ,Age_2 ,Age_3
      25,3,1992       ,0.4337,0.0595,0.1807
25,3,1993       ,-0.8378,0.4087,0.0175
25,3,1994       ,-0.6420,-0.7457,-0.4078
25,3,1995       ,0.3500,0.0994,0.6757
25,3,1996       ,-0.7180,-0.4075,-0.2314
25,3,1997       ,0.3490,0.0675,-0.2569
25,3,1998       ,-1.1711,-0.6003,0.0030
25,3,1999       ,-0.1925,0.1269,-0.1740
25,3,2000       ,-0.4259,-0.1277,0.1363
25,3,2001       ,-0.0681,0.0535,0.0079
25,3,2002       ,-0.1539,-0.2816,-0.0586
25,3,2003       ,0.1304,-0.3604,-0.2007
25,3,2004       ,0.0739,0.0318,0.2798
25,3,2005       ,0.5301,-0.0745,0.0498
25,3,2006       ,0.0253,-0.0336,0.0786
25,3,2007       ,-0.1806,-0.0338,-0.3161
25,3,2008       ,-0.1913,-0.2606,-0.0593
25,3,2009       ,0.1363,0.1481,0.2024
25,3,2010       ,0.3733,0.0018,0.1147
25,3,2011       ,-0.2169,0.3583,0.2446
25,3,2012       ,-0.1115,0.2050,-0.0287
25,3,2013       ,-0.1836,0.2095,0.0884
25,3,2014       ,0.4026,0.0713,-0.5350
25,3,2015       ,0.5106,0.3417,0.1453
25,3,2016       ,0.5329,-0.1950,-0.3081
25,3,2017       ,0.1975,0.2499,-0.0396
25,3,2018       ,-0.5970,-0.4876,-0.1200
25,3,2019       ,0.2504,0.0632,0.1298
25,3,2020       ,0.8717,0.8481,0.5883
25,3,2021       ,0.3037,0.2950,-0.1290
25,3,2022       ,0.2188,-0.0310,-0.0778
######################################################
# Species: 26
# No. of fleets: 6
# Fleet no.: 1
# First and last year: 1985,1995
# First and last age: 1,9
# Species, Fleet, Year, , ,Age_1 ,Age_2 ,Age_3 ,Age_4 ,Age_5 ,Age_6 ,Age_7 ,Age_8 ,Age_9
      26,1,1985       ,-1.0153,0.0198,-0.2433,0.4657,-0.2275,-0.0115,-0.1976,-0.3939,-0.6502
26,1,1986       ,-0.2994,-0.4710,0.1866,0.7127,0.1288,-0.7033,-0.2478,-0.4467,-0.6188
26,1,1987       ,-0.6250,0.4341,-0.3880,0.2148,-0.1251,-0.9787,-0.5219,-0.7785,-0.4812
26,1,1988       ,0.4748,-0.4425,0.4602,0.7698,0.4537,-0.2027,-0.6023,-1.8468,-0.3444
26,1,1989       ,0.4062,0.3066,-0.3431,1.4629,1.0006,-0.0443,-0.5235,0.3674,0.0477
26,1,1990       ,-0.4178,-0.1902,0.3169,1.5906,0.0504,-0.3237,-0.9258,0.2513,-0.0910
26,1,1991       ,0.0954,0.0043,-0.2141,0.9031,0.5636,0.8498,-0.8315,-0.2647,-0.5978
26,1,1992       ,0.4706,0.1743,-0.2188,0.4411,0.4457,0.9689,-0.0262,0.1543,-1.0625
26,1,1993       ,0.2733,0.8132,0.6222,0.9112,-0.3960,0.0586,0.0661,-0.3494,-0.0410
26,1,1994       ,0.3776,-0.0389,0.1718,1.2297,0.6010,-0.2219,0.3964,1.1042,0.0358
26,1,1995       ,0.2597,-0.6098,-0.3503,1.0237,-0.2190,0.1951,-0.1463,1.2704,0.2092
# Fleet no.: 2
# First and last year: 1996,2022
# First and last age: 1,10
# Species, Fleet, Year, , ,Age_1 ,Age_2 ,Age_3 ,Age_4 ,Age_5 ,Age_6 ,Age_7 ,Age_8 ,Age_9 ,Age_10
      26,2,1996       ,-0.6266,-0.3097,-0.4737,-0.7501,-0.3200,-0.1554,-0.3818,-0.3485,-0.7094,-0.7463
26,2,1997       ,-0.4117,0.2689,-0.3871,-0.4541,0.0349,-0.0175,-0.1044,0.2477,-0.2187,-0.7814
26,2,1998       ,-0.0544,-0.1033,-0.0739,-0.3697,-0.0953,0.2587,0.0658,0.2152,0.1496,-0.4768
26,2,1999       ,-0.2782,-0.2332,-0.0833,-0.2929,-0.2374,0.1572,0.0727,0.1190,0.2518,-0.5572
26,2,2000       ,-0.2320,-0.5387,-0.2242,-0.4700,-0.5339,-0.4562,0.0824,0.4343,-0.3568,-0.4024
26,2,2001       ,-0.0840,-0.3933,-0.4443,-0.4363,-0.4205,-0.1845,-0.2859,0.5776,0.8205,0.6096
26,2,2002       ,0.5570,0.1787,-0.3265,-0.3268,-0.1959,-0.6648,-0.1972,0.2992,0.7065,0.6180
26,2,2003       ,0.1427,-0.2553,-0.0533,-0.5686,-0.4344,-0.1820,-0.4227,-0.0452,0.4695,1.0831
26,2,2004       ,-0.2426,-0.1271,-0.2566,-0.3085,-0.5482,-0.1908,0.0432,-0.1515,0.1214,1.0610
26,2,2005       ,-0.0066,-0.1373,-0.3422,-0.5687,-0.5390,-0.2021,0.0296,-0.1811,0.1223,1.0813
26,2,2006       ,-0.1321,-0.2335,-0.3174,-0.4657,-0.6633,-0.0900,0.0711,-0.0986,-0.0417,0.5451
26,2,2007       ,0.1593,0.0467,0.1006,-0.1146,-0.0272,-0.1994,0.1469,0.4338,0.0081,1.0469
26,2,2008       ,0.3478,0.3080,0.2036,0.2109,0.0219,0.1750,-0.2089,0.3208,0.3994,0.8503
26,2,2009       ,-0.0204,-0.2087,0.1597,-0.0867,0.0998,-0.1252,0.1960,0.0068,0.2400,0.8706
26,2,2010       ,0.0485,-0.2119,-0.0842,-0.0528,-0.1645,-0.0172,0.1006,0.3969,-0.1430,1.0549
26,2,2011       ,0.3126,0.0651,0.2030,-0.0325,-0.0404,-0.1030,0.0309,0.2422,0.0811,0.6617
26,2,2012       ,-0.4355,0.2234,0.4978,0.3299,0.1998,0.1185,0.1579,0.4080,0.4666,0.7286
26,2,2013       ,-0.2592,0.0195,0.3758,0.2958,0.2217,0.1028,0.0460,0.0640,0.1499,0.6509
26,2,2014       ,0.2458,0.1562,0.1833,0.1265,0.0069,-0.0794,-0.1658,-0.2782,0.0831,0.4769
26,2,2015       ,-0.3187,0.0772,0.3055,0.2161,0.2439,0.1420,0.0248,-0.0693,0.0027,0.6971
26,2,2016       ,-0.0598,0.1486,0.2747,0.2126,0.1051,0.0403,0.0802,0.1023,0.1216,0.4994
26,2,2017       ,0.2389,0.2953,0.1422,0.0039,0.0061,-0.0367,-0.2448,-0.1126,-0.1939,0.1801
26,2,2018       ,0.0193,0.2021,0.2376,0.1020,-0.0052,-0.0727,-0.0054,-0.2982,-0.0212,0.2513
26,2,2019       ,0.5294,0.3888,0.0564,-0.2112,-0.0661,-0.3755,-0.2674,-0.1170,-0.5021,-0.1846
26,2,2020       ,0.2876,0.1193,0.3422,-0.0957,-0.1527,-0.0396,-0.3582,-0.1614,-0.3122,-0.2985
26,2,2021       ,0.4037,0.2230,0.1064,0.3075,-0.0634,-0.0749,-0.0032,-0.2377,-0.3120,-0.1891
26,2,2022       ,-0.1308,0.0312,-0.1220,-0.4941,-0.1125,-0.2760,-0.0180,0.0174,-0.3812,-0.0808
# Fleet no.: 3
# First and last year: 2007,2022
# First and last age: 1,8
# Species, Fleet, Year, , ,Age_1 ,Age_2 ,Age_3 ,Age_4 ,Age_5 ,Age_6 ,Age_7 ,Age_8
      26,3,2007       ,0.0864,0.0258,0.0491,0.1476,0.2937,-0.8136,0.3802,0.3087
26,3,2008       ,0.2638,0.3565,0.3158,0.0060,-0.2258,-0.1925,-0.7263,0.5423
26,3,2009       ,0.5990,0.1695,0.3815,0.0554,-0.0739,-0.7804,-0.1356,-0.3953
26,3,2010       ,-0.6146,-0.2319,-0.0474,0.0828,0.2070,-0.2168,-0.4425,0.6569
26,3,2011       ,-0.6661,-0.2801,-0.1275,0.1606,0.1616,0.0958,0.0574,0.2145
26,3,2012       ,-0.0212,0.3786,0.6018,0.3376,0.3196,0.2647,0.3094,1.1730
26,3,2013       ,-0.3257,-0.3359,-0.0461,0.0158,-0.1131,-0.1986,-0.4984,0.2101
26,3,2014       ,0.1496,-0.0403,0.0291,0.1550,0.0925,-0.1900,-0.2570,0.0825
26,3,2015       ,-0.6521,-0.0567,0.0143,0.2119,0.0812,0.0094,-0.1111,0.3068
26,3,2016       ,0.0294,-0.1894,-0.2042,-0.0258,0.0804,-0.2961,-0.2115,0.6931
26,3,2017       ,0.1759,0.3374,-0.1490,0.0960,0.1364,0.2464,-0.1649,0.6922
26,3,2018       ,-0.4481,-0.1776,0.0753,-0.4141,-0.3594,-0.3120,-0.1252,0.6798
26,3,2019       ,0.4601,-0.1598,-0.2537,-0.2679,-0.3140,-0.6587,-0.2655,0.7932
26,3,2020       ,0.2034,-0.2466,-0.3001,-0.5548,-0.5241,-0.2088,-0.5259,0.3664
26,3,2021       ,-0.0632,0.1004,-0.1970,0.0241,-0.4852,-0.2954,-0.2852,0.4654
26,3,2022       ,0.8234,0.3501,-0.1419,-0.0304,-0.0743,-0.4378,-0.0861,1.0800
# Fleet no.: 4
# First and last year: 1974,1999
# First and last age: 1,7
# Species, Fleet, Year, , ,Age_1 ,Age_2 ,Age_3 ,Age_4 ,Age_5 ,Age_6 ,Age_7
      26,4,1974       ,-0.7399,0.0803,0.4598,0.2328,1.4718,-0.5884,0.1287
26,4,1975       ,-0.5959,-0.2776,1.3137,-0.4404,0.2315,-2.0694,-1.7296
26,4,1976       ,-0.7075,-1.1063,-0.7641,-0.4588,-0.4808,-1.0593,-1.5411
26,4,1977       ,-0.2959,-0.5512,0.3183,0.7701,1.7700,-1.4384,0.5261
26,4,1978       ,-0.3815,0.3840,-1.1050,-0.3242,0.5208,-0.4147,-0.9260
26,4,1979       ,0.0293,0.3934,0.1176,0.1298,0.0111,1.0959,-0.5510
26,4,1980       ,0.7265,0.6228,-0.7909,-0.0583,0.6356,-0.1212,-1.8025
26,4,1981       ,0.0013,0.6798,-0.3206,-1.3790,0.5980,-0.3744,-1.3552
26,4,1982       ,0.2781,0.0705,-0.2007,-0.5691,-0.5236,-0.0566,0.0196
26,4,1983       ,-0.0578,-0.2193,-1.6540,-1.0744,-0.8368,-1.6875,-1.3717
26,4,1984       ,0.2935,-0.1161,-0.1221,-1.4261,-1.1238,-1.7105,0.7171
26,4,1985       ,-0.4296,0.2260,-0.1777,-0.1472,0.0767,-1.8664,-1.1323
26,4,1986       ,-0.0962,-0.5895,-0.4053,-0.5389,-0.0874,-0.1877,0.4650
26,4,1987       ,-0.3680,0.0281,-0.5230,-0.0803,0.3776,0.0482,-1.1689
26,4,1988       ,-0.2791,-0.0277,1.0132,1.6677,1.6102,0.2086,0.1101
26,4,1989       ,-0.0394,0.1569,0.6596,2.4695,2.6129,2.5834,0.8825
26,4,1990       ,-0.2516,-0.4233,0.2758,1.0152,2.1086,1.5534,-1.2851
26,4,1991       ,0.6358,0.0894,-0.1397,1.2690,1.6663,1.1383,0.1038
26,4,1992       ,0.5959,0.3765,0.4062,1.0659,2.0073,1.5778,1.0651
26,4,1993       ,0.2952,0.1736,-0.3295,-0.6250,1.2902,1.7228,-0.7674
26,4,1994       ,0.2359,-0.0431,-0.3414,-0.8074,0.4678,-1.0055,-1.4058
26,4,1995       ,0.0552,-0.5493,-0.7148,-0.4283,1.0265,-1.6146,0.0610
26,4,1996       ,0.0085,0.3450,0.5198,-0.7283,1.4074,-1.5265,-0.9228
26,4,1997       ,0.4015,-0.4238,-0.7002,-0.9066,-0.1157,1.0343,0.8580
26,4,1998       ,0.3060,0.4157,1.6432,-0.8434,0.5253,-0.7852,-0.5585
26,4,1999       ,0.3796,0.2852,1.5618,2.2157,0.6449,-0.6849,-0.0831
# Fleet no.: 5
# First and last year: 2000,2022
# First and last age: 1,7
# Species, Fleet, Year, , ,Age_1 ,Age_2 ,Age_3 ,Age_4 ,Age_5 ,Age_6 ,Age_7
      26,5,2000       ,0.6898,0.4721,0.8776,1.8656,-0.2569,-1.5708,-0.4282
26,5,2001       ,0.5051,0.5203,0.0325,1.0210,2.2710,2.3113,-0.9455
26,5,2002       ,0.4455,0.0471,-0.3950,0.0700,0.8561,-0.0871,-1.0109
26,5,2003  ,-99.9,-99.9,-99.9,-99.9,-99.9,-99.9,-99.9
26,5,2004       ,0.2800,0.2365,0.3153,0.0572,-0.3130,0.6309,-0.4551
26,5,2005       ,0.0625,-0.2323,-0.6943,0.8329,-1.2126,-0.0978,-1.5719
26,5,2006       ,0.1618,-0.0134,-0.4696,-0.1048,-0.5050,-2.0391,0.2633
26,5,2007       ,-0.1280,0.2042,-1.1109,-0.8613,-1.3975,-1.9587,-1.5816
26,5,2008       ,0.0442,-0.0284,-0.0430,0.7029,-0.7413,-1.0740,-1.6357
26,5,2009       ,0.1068,-0.1789,-0.4576,-0.9853,-0.9565,-3.0886,0.2467
26,5,2010       ,-0.3461,-0.2455,-0.2545,-1.0994,-1.7967,-2.7786,-2.6822
26,5,2011       ,-0.0658,-0.9224,-0.7349,-0.6370,-0.4696,-0.2730,-2.3669
26,5,2012       ,-1.0171,-0.1297,-0.1479,-0.4766,-0.9969,-1.3476,-2.4879
26,5,2013       ,-0.1307,0.0713,0.5604,0.9446,0.1385,-0.4719,-0.6477
26,5,2014       ,-0.0496,-0.2902,-0.4290,0.8431,-0.5243,-1.0687,-2.8093
26,5,2015       ,0.5044,0.4865,0.8134,1.0734,0.5629,0.4951,1.3176
26,5,2016       ,-0.0480,0.3647,0.2629,1.1366,0.8904,0.6717,-0.4039
26,5,2017       ,0.0450,-0.0818,0.9578,1.1353,0.4090,0.2527,-0.7838
26,5,2018       ,-0.0566,0.7094,0.6635,1.7189,1.6026,0.4257,-0.7682
26,5,2019       ,0.2384,0.0833,0.7478,1.1418,1.2489,0.0246,-2.9496
26,5,2020       ,-0.1791,0.0118,-0.5609,1.3579,0.5995,-1.9517,1.9039
26,5,2021       ,-0.6292,-0.6279,-0.0008,0.8217,0.8727,1.2344,-0.7163
26,5,2022       ,-0.4333,-0.4569,0.0672,0.8251,-1.7134,0.6360,0.9518
# Fleet no.: 6
# First and last year: 1990,2022
# First and last age: 0,0
# Species, Fleet, Year, , ,Age_0
      26,6,1990       ,0.8875
26,6,1991       ,0.7659
26,6,1992       ,0.6061
26,6,1993       ,0.8730
26,6,1994       ,0.7068
26,6,1995       ,0.0635
26,6,1996       ,0.4671
26,6,1997       ,0.4338
26,6,1998  ,-99.9
26,6,1999  ,-99.9
26,6,2000       ,0.2941
26,6,2001       ,0.1723
26,6,2002       ,0.3602
26,6,2003       ,0.2799
26,6,2004       ,0.0173
26,6,2005       ,-0.4559
26,6,2006       ,-0.2380
26,6,2007       ,-0.6289
26,6,2008       ,-0.3024
26,6,2009       ,-0.4434
26,6,2010       ,-0.3630
26,6,2011       ,-0.8360
26,6,2012       ,-0.2385
26,6,2013       ,-0.3491
26,6,2014       ,-0.2083
26,6,2015       ,-0.3644
26,6,2016       ,-0.9414
26,6,2017       ,-0.0376
26,6,2018       ,-0.2857
26,6,2019       ,0.1160
26,6,2020       ,-0.4473
26,6,2021       ,0.0554
26,6,2022       ,0.0411
######################################################
# Species: 27
# No. of fleets: 2
# Fleet no.: 1
# First and last year: 1985,2022
# First and last age: 1,10
# Species, Fleet, Year, , ,Age_1 ,Age_2 ,Age_3 ,Age_4 ,Age_5 ,Age_6 ,Age_7 ,Age_8 ,Age_9 ,Age_10
      27,1,1985       ,-0.6888,-0.5832,-0.4438,-0.0781,-0.2011,-0.3202,-0.7412,-1.8491,-0.1901,0.2533
27,1,1986       ,-0.1583,-0.0119,0.0891,-0.0549,0.3305,-0.1164,-0.1296,-0.5154,1.0729,0.6342
27,1,1987       ,-0.8241,-0.0157,-0.1700,-0.0782,-0.0716,0.0577,0.9738,0.1622,2.7466,0.5082
27,1,1988       ,-0.1759,0.2360,0.1666,0.2830,0.3023,0.2182,0.5941,0.5753,0.2733,1.0175
27,1,1989       ,-0.0373,0.0739,0.4563,0.5116,-0.1433,0.1579,0.0247,-0.4658,-1.3757,0.8398
27,1,1990       ,-0.5354,0.5476,0.3734,0.5933,0.0622,0.5654,0.3045,-0.0275,0.0738,0.0966
27,1,1991       ,-0.3005,0.1019,0.6163,0.1406,0.0045,-0.6197,-0.2041,0.6397,0.2801,0.7482
27,1,1992       ,0.1653,0.4480,0.3260,0.1992,-0.1945,-1.3960,-0.4335,-0.7756,-0.5079,-0.6402
27,1,1993       ,0.5423,0.1880,-0.3852,0.4725,0.9203,0.5602,0.0798,0.3430,0.2686,1.2729
27,1,1994       ,0.6490,0.5766,0.6275,-1.3574,-0.1420,-0.6336,0.0904,0.9169,-0.6565,1.5211
27,1,1995       ,0.8419,0.8053,0.9276,0.2860,0.3029,0.2530,0.2904,-0.0443,0.7940,0.6763
27,1,1996       ,-0.0871,0.4469,0.1122,0.5351,0.2164,0.3947,0.1176,-0.4291,-0.1113,0.6718
27,1,1997       ,0.8202,0.0043,0.1752,0.2085,0.7795,-0.4712,-0.1495,-1.0098,0.1211,-0.7365
27,1,1998       ,-0.3644,0.2055,-0.7706,0.0808,0.0026,0.3217,-0.0831,-0.8095,-0.3083,0.2944
27,1,1999       ,-0.3244,-0.1487,0.1303,-1.0246,0.2088,-0.1989,-0.2117,0.2810,0.5257,0.6061
27,1,2000       ,-0.2972,-0.5624,-0.1837,-0.6312,-0.1377,-0.7548,0.0047,-1.4181,0.0454,0.1980
27,1,2001       ,-0.0988,-0.3633,-0.4088,0.3666,-0.2958,-0.1310,-1.9756,0.4008,0.6783,0.6448
27,1,2002       ,-0.5976,-0.6453,-0.5611,-0.3470,-0.5180,-0.3877,0.0270,0.1109,0.6366,0.4848
27,1,2003       ,0.1089,-0.8505,-0.3561,-0.4995,-0.6163,-0.3410,-0.3197,-0.6023,-0.2213,0.1197
27,1,2004       ,-0.4162,-0.4490,-0.5893,-0.2579,-0.2855,-0.4851,-0.5394,-0.9850,-1.3129,0.8878
27,1,2005       ,0.1549,0.0366,-0.3176,-0.5652,-0.2819,-0.4022,0.0810,-0.6965,-0.8915,0.9839
27,1,2006       ,-0.2049,-0.2548,-0.6977,0.0723,-0.5751,-0.2842,0.0571,-0.2863,-0.0837,-0.5487
27,1,2007       ,-0.0674,-0.1637,-0.3291,-0.3416,-0.0696,-0.1869,-0.0130,-0.0624,0.2899,0.1037
27,1,2008       ,0.2111,-0.0873,-0.1872,0.1346,-0.2821,-0.1228,0.0520,-0.2695,0.4643,0.2163
27,1,2009       ,0.2412,-0.1220,-0.1245,0.0371,-0.0535,-0.4361,0.2956,-0.0284,0.3220,0.6386
27,1,2010       ,-0.4070,-0.1859,-0.3090,-0.1822,-0.4894,0.3892,-0.2495,-0.2652,-0.3086,0.6908
27,1,2011       ,-0.7440,-0.1998,-0.1008,-0.1348,0.3065,-0.0392,-0.0061,-0.0333,0.4364,0.2228
27,1,2012       ,-0.1968,-0.0470,-0.0215,0.0476,0.2507,0.3015,-0.6494,0.2666,-0.1014,0.2134
27,1,2013       ,-0.5195,-0.1475,0.0817,-0.1653,0.0595,-0.5110,0.1440,-0.4061,-0.1266,0.4724
27,1,2014       ,-0.1813,0.2206,-0.0036,0.0796,0.1993,0.1034,-0.1658,0.4655,-0.3328,-0.5415
27,1,2015       ,0.1464,-0.0620,0.4596,0.4948,0.4345,0.2262,0.7751,0.2006,0.5423,0.2741
27,1,2016       ,-0.1802,0.1108,0.1094,0.6296,0.6395,0.4760,0.0899,-0.0751,-1.3555,0.5491
27,1,2017       ,0.8184,0.1589,0.4288,0.2146,0.4569,0.5198,0.0696,0.1374,-1.6456,0.1416
27,1,2018       ,0.4809,0.1516,0.1500,0.5736,-0.1592,0.4906,0.5517,0.1884,-1.2106,-0.9152
27,1,2019       ,0.9354,0.2406,0.3853,0.4557,0.5139,-0.2723,0.5835,0.5332,-0.1063,-0.5546
27,1,2020       ,0.6479,0.3617,0.5322,0.4518,0.3267,0.5979,-0.0257,0.1775,0.6871,0.0817
27,1,2021       ,0.3295,0.1221,-0.1591,0.1609,0.0583,-0.0389,-0.0221,-1.4004,-0.4572,0.2982
27,1,2022       ,0.3139,-0.1366,-0.0289,-0.4960,-0.1003,-0.1954,-0.6310,-0.6074,-1.4274,-0.6695
# Fleet no.: 2
# First and last year: 1974,2022
# First and last age: 1,6
# Species, Fleet, Year, , ,Age_1 ,Age_2 ,Age_3 ,Age_4 ,Age_5 ,Age_6
      27,2,1974       ,0.2772,-0.5832,-0.1945,-1.0288,-2.3102,-0.6950
27,2,1975       ,-0.4438,0.3984,0.3731,-0.8185,-1.1056,-0.0977
27,2,1976       ,-0.2808,-1.2978,0.7169,-0.8497,-1.3264,-1.0557
27,2,1977       ,0.4781,0.2304,0.6568,-0.3319,-0.1059,-1.1921
27,2,1978       ,0.5983,0.5869,0.9333,0.0219,1.1153,-0.4219
27,2,1979       ,-0.9807,0.3888,0.7639,0.3029,-1.4661,-0.0849
27,2,1980       ,0.5525,0.0893,0.7531,-0.1179,-2.1980,-1.3853
27,2,1981       ,0.3612,0.5594,1.1937,-0.2381,-2.3932,-2.1184
27,2,1982       ,0.8808,0.3184,0.4598,-0.0623,-0.2470,-2.2785
27,2,1983       ,0.0602,0.3603,-0.2215,-0.5249,-0.0770,1.0518
27,2,1984       ,0.6603,0.3426,0.8624,0.0973,-1.4053,0.0753
27,2,1985       ,0.8494,0.5530,0.2053,-0.1958,-1.9920,-2.1316
27,2,1986       ,0.4008,-0.0643,-0.0038,-0.6368,-0.5251,-2.1048
27,2,1987       ,0.5303,0.1587,-0.3131,-0.4144,-2.1817,-2.0163
27,2,1988       ,0.2970,0.4706,0.6461,0.6427,-0.4877,-0.0395
27,2,1989       ,0.4130,0.5937,1.0513,-0.3604,-0.2451,0.6598
27,2,1990       ,-0.2632,0.5968,0.4568,0.9350,0.1958,-0.0567
27,2,1991       ,-0.0996,0.7460,1.4152,0.6883,0.2838,0.5020
27,2,1992       ,0.5239,-1.1319,0.3970,1.0702,0.5735,0.6241
27,2,1993       ,-0.0601,0.4848,0.5528,0.5201,-2.3137,0.8485
27,2,1994       ,-0.3973,0.1379,0.8366,-1.4701,-0.0189,-2.1011
27,2,1995       ,-0.1643,-0.3256,0.5232,0.6944,-1.1031,0.0417
27,2,1996       ,-1.5273,-0.3262,-0.5894,-0.0451,0.0499,0.0788
27,2,1997       ,0.9235,-0.7074,0.7908,0.1197,1.3342,1.8475
27,2,1998       ,0.7986,0.9148,0.9448,0.9460,-1.0962,0.4114
27,2,1999       ,0.0982,0.5234,0.6866,-0.9331,0.2179,-0.7895
27,2,2000       ,-0.2011,-1.2957,0.4806,0.1274,-1.1942,-1.3017
27,2,2001       ,-0.1220,0.0322,0.2067,-0.3287,0.1800,-0.9246
27,2,2002       ,0.9227,0.0861,0.4709,-1.8664,0.2748,-0.1733
27,2,2003  ,-99.9,-99.9,-99.9,-99.9,-99.9,-99.9
27,2,2004       ,0.5917,0.3430,0.7521,0.7058,0.5870,-0.3087
27,2,2005       ,-0.3680,-0.3826,0.3884,-2.6122,0.2889,-0.7523
27,2,2006       ,-0.0780,-0.8143,-0.6376,-0.3685,-2.6063,-1.3842
27,2,2007       ,-0.3251,-0.0408,-0.4624,0.4564,-0.4206,-2.4478
27,2,2008       ,0.1027,-0.3996,0.4972,-1.4789,-0.2855,-1.7815
27,2,2009       ,0.3202,-0.0636,-0.2388,-0.0491,-1.5405,-1.2709
27,2,2010       ,-0.0729,-0.6308,-0.0613,0.0524,-0.8200,-1.3496
27,2,2011       ,-1.0516,-0.0369,0.8610,1.0920,-1.8039,0.3445
27,2,2012       ,-1.3856,-1.9635,-1.1983,-0.9374,-1.7215,-1.6204
27,2,2013       ,-0.4692,0.3811,0.7775,0.6567,0.8044,-0.2051
27,2,2014       ,0.1983,-0.1085,-0.2696,-0.6938,-0.3425,-1.7768
27,2,2015       ,0.6703,1.1228,0.2998,1.6121,0.9555,1.7905
27,2,2016       ,-0.3683,0.1860,1.2114,0.7422,0.0662,0.3117
27,2,2017       ,-0.5817,-0.4934,0.7584,1.0651,0.5348,-0.3631
27,2,2018       ,-0.2449,-0.1097,0.9520,0.6814,0.9072,-0.7028
27,2,2019       ,0.8357,0.1867,1.3526,0.7415,-1.1287,1.2279
27,2,2020       ,-0.6141,0.6059,0.3021,1.0349,1.2560,-1.6172
27,2,2021       ,-1.5805,-0.7378,0.4035,-0.0375,-2.0551,-1.3886
27,2,2022       ,-0.6646,0.1155,-0.5825,0.2801,-2.2488,-2.2543
