Area Pred.no Prey.no vulnerability
1  1 16 2.6893e+01
1  1 17 5.6045e+00
1  1 18 7.8129e+01
1  1 21 2.6497e-01
1  1 22 2.4630e-02
1  1 23 2.1514e-02
1  1 24 2.8850e-01
1  1 25 5.4558e-01
1  2 17 1.7886e+00
1  2 18 4.3791e+00
1  2 21 1.8001e+00
1  2 22 1.2171e+00
1  2 23 1.0906e+00
1  2 25 1.4499e+00
1  3 16 1.0335e+00
1  3 17 5.2261e-01
1  3 18 5.5254e-01
1  3 21 7.1841e-03
1  3 22 1.3443e-02
1  3 23 1.6303e-02
1  3 24 2.8935e-02
1  3 25 3.9818e-02
1  4 16 2.0352e+02
1  4 17 4.4136e+01
1  4 18 6.6747e+01
1  4 21 1.8558e+00
1  4 22 1.9265e+00
1  4 23 1.6487e+00
1  4 25 1.2039e+01
1  5 16 1.5302e+02
1  5 17 4.2556e+01
1  5 18 6.7391e+01
1  5 21 7.6194e-01
1  5 22 3.2277e+00
1  5 23 2.4906e+00
1  5 24 2.9068e+00
1  5 25 4.9033e+00
1  6 16 6.3528e+01
1  6 21 2.3968e+00
1  6 22 5.6331e-01
1  6 23 5.2928e-01
1  6 25 1.2221e+01
1  7 21 2.1878e+00
1  7 22 4.7016e-01
1  7 23 4.0723e-01
1  7 25 4.9967e-01
1  8 17 1.1794e-01
1  8 21 1.8671e+00
1  8 22 3.1590e-01
1  8 23 2.6672e-01
1  8 24 5.1126e-02
1  8 25 1.2483e+00
1  9 16 1.3836e+01
1  9 17 3.9894e+00
1  9 22 1.0143e+00
1  9 23 3.7645e-01
1  9 24 4.9852e-01
1  10 16 7.3619e+00
1  10 17 3.3718e+00
1  10 18 2.8937e+00
1  10 21 3.1525e-01
1  10 22 4.1978e-01
1  10 23 6.8866e-01
1  10 24 5.2060e-01
1  10 25 5.0217e-01
1  11 22 2.6056e-01
1  11 24 3.5000e+00
1  12 17 3.1366e+00
1  12 21 1.3061e-01
1  12 22 6.0534e-02
1  12 25 5.5313e-02
1  13 16 4.6250e+00
1  13 17 4.4750e-01
1  13 18 1.0292e+00
1  13 21 1.8388e-02
1  13 22 5.0606e+00
1  13 23 5.1143e-01
1  13 24 1.4845e-01
1  13 26 2.7761e-01
1  14 16 7.5290e+00
1  14 17 3.2988e+00
1  14 21 2.1902e-01
1  14 22 3.0281e-01
1  14 23 1.9045e-01
1  14 24 2.5746e-01
1  15 17 4.3902e+00
1  15 21 4.0041e-02
1  15 24 1.8040e+00
1  16 16 1.2968e+00
1  16 17 5.5349e-01
1  16 18 1.2326e+00
1  16 21 1.4297e-01
1  16 22 6.8817e-02
1  16 23 1.9883e-02
1  16 24 3.0413e-01
1  16 25 1.4605e-01
1  17 16 5.4119e-01
1  17 17 4.0700e-01
1  17 18 6.7455e-01
1  17 21 1.2407e-01
1  17 22 5.1509e-02
1  17 23 2.3403e-02
1  17 24 2.4546e-01
1  17 25 2.3613e-01
1  18 22 4.2971e+00
1  18 23 3.9999e+00
1  18 24 1.5376e+00
1  19 17 4.6748e-01
1  19 18 1.5145e+00
1  19 21 2.3897e-01
1  19 22 1.3633e-01
1  19 24 1.1244e+00
1  20 21 1.7372e+00
1  20 22 6.7723e-01
1  20 23 1.2771e+00
1  20 24 7.3865e-01
1  20 25 2.5919e+00
