#  log(Observed catch)- log(Expected catch)
# Species,Quarter,Year, Age_0, Age_1, Age_2, Age_3, Age_4, Age_5, Age_6, Age_7, Age_8
2,1,1974     ,-0.2359,0.4187,0.4386,0.1819,-0.0976,-0.1332,-0.3907,-0.3830
2,1,1975     ,0.5493,0.6566,0.1873,0.2457,-0.0141,-0.7114,-0.2234,-0.0213
2,1,1976     ,0.0112,-1.0449,-0.0955,0.2115,-0.0491,-0.0541,0.2266,0.2166
2,1,1977     ,-0.4688,-0.1008,0.4786,0.2026,0.1850,-0.2857,-0.3338,-0.2054
2,1,1978     ,0.1975,0.6713,0.3824,0.5693,0.2929,0.1522,0.2388,-0.0269
2,1,1979     ,-1.6722,0.5050,0.4683,-0.1258,-0.3662,-0.4136,0.0433,-0.0934
2,1,1980     ,1.1305,0.2243,0.2452,0.0628,-0.0966,-0.3134,-0.0807,0.1093
2,1,1981     ,-0.8085,0.3128,0.3376,0.2258,-0.1722,0.2118,0.5240,0.4529
2,1,1982     ,-0.4720,0.4269,0.5690,-0.1117,-0.3012,-0.4289,0.0715,0.1875
2,1,1983     ,0.0164,0.1011,0.6864,0.5290,0.2117,0.3705,0.4760,0.6125
2,1,1984     ,-0.1647,-0.0036,0.2084,0.5076,-0.0083,0.1140,0.1850,0.2808
2,1,1985     ,0.6597,-0.7145,-0.2645,-0.2394,-0.4398,-0.4592,-0.6793,-1.3783
2,1,1986     ,0.4808,-0.1702,0.1279,0.2456,0.1984,-0.0714,-0.5254,-0.6362
2,1,1987     ,-0.7180,-0.8430,-0.5668,-0.3865,-0.1884,0.1160,-0.7115,-0.2756
2,1,1988     ,1.5661,-0.2065,-0.2521,0.0937,0.1237,0.2647,0.3323,0.0613
2,1,1989     ,-1.0061,-0.6575,0.2251,-0.3310,-0.3634,-0.1551,-0.4767,-0.7234
2,1,1990     ,-1.5999,-0.0980,-0.5600,-0.1670,-0.5476,-0.4299,-0.3000,-0.8937
2,1,1991     ,-1.8422,-0.4284,-0.4629,-0.5985,-0.3538,-0.1539,-0.0689,-0.3757
2,1,1992     ,-0.7198,0.0478,0.2441,-0.2955,-0.3463,0.2453,0.3116,-0.1381
2,1,1993     ,-0.7002,-0.1501,-0.1303,-0.2545,-0.6983,-0.6748,-0.5336,-1.0218
2,1,1994     ,-1.1885,-1.2774,-1.0270,-0.6892,-0.2596,0.0582,0.4492,-0.5408
2,1,1995     ,-0.3782,-0.2377,0.2409,0.2528,-0.4309,-0.4919,-0.6550,-0.5978
2,1,1996     ,-0.0959,-0.8022,-0.7724,-0.6256,-0.7463,-0.3357,-0.5369,-0.6476
2,1,1997     ,-0.5474,-0.2639,-0.4624,-0.3459,-0.4955,-0.6686,-0.7563,-1.2257
2,1,1998     ,0.4078,-0.2041,-0.1963,0.0542,0.0521,-0.1167,-0.2120,-0.5207
2,1,1999     ,0.7538,0.4270,-0.2891,0.2180,0.0798,0.0867,0.0203,-0.5428
2,1,2000     ,0.6877,0.5921,0.1635,0.0550,-0.0414,0.0482,-0.1679,-0.5653
2,1,2001     ,0.5490,0.0273,-0.4718,-0.2461,-0.3118,-0.2398,0.0674,-0.2574
2,1,2002     ,0.2334,-0.2361,0.1302,-0.3313,-0.0620,0.1024,0.1132,-0.0364
2,1,2003     ,0.1462,-0.5525,-0.5988,-0.0998,-0.3154,-0.2330,0.1638,0.2714
2,1,2004     ,-0.0168,-0.2891,-0.1645,-0.0765,-0.3561,0.0530,-0.1053,-0.1364
2,1,2005     ,-0.0607,0.2069,0.0398,0.1540,0.0732,-0.0480,-0.2545,-0.2608
2,1,2006     ,0.2042,-0.3875,0.1113,0.1051,0.1119,0.3320,0.4088,0.5922
2,1,2007     ,0.1667,0.3252,0.2892,0.2726,-0.1009,-0.0498,-0.2470,-0.6341
2,1,2008     ,-0.2923,0.2868,0.3123,0.1012,0.0495,0.2712,-0.1181,-0.0584
2,1,2009     ,0.4207,0.3148,0.3118,0.3461,0.1516,0.3646,0.6297,0.1682
2,1,2010     ,-0.3318,-0.3477,0.1809,0.1299,0.0532,0.0621,0.3878,0.1147
2,1,2011     ,0.2220,-0.0576,0.1137,0.4509,0.1968,0.2430,0.3940,-0.1071
2,1,2012     ,0.5756,0.4355,0.3256,0.4519,0.4808,0.4603,0.3473,0.2128
2,1,2013     ,0.5378,0.7756,0.1859,0.4970,0.6390,0.5851,0.4878,0.1978
2,1,2014     ,0.6846,0.7231,0.8007,0.6740,0.6461,0.6204,0.3213,0.1664
2,1,2015     ,1.0994,0.2897,0.4421,0.7283,0.2185,0.2713,0.3594,0.0474
2,1,2016     ,0.5369,0.8234,0.1562,0.2692,0.2551,0.4715,0.8969,0.0618
2,1,2017     ,0.6879,0.1614,0.5616,0.2259,0.3068,0.1389,0.6782,-0.2040
2,1,2018     ,0.7598,0.2112,0.3581,0.5761,0.4655,0.4529,0.5978,-0.1333
# Species,Quarter,Year, Age_0, Age_1, Age_2, Age_3, Age_4, Age_5, Age_6, Age_7, Age_8
2,2,1974     ,0.0397,-0.0068,-0.0398,-0.0997,-0.6337,-0.3453,-0.1369,-0.7830
2,2,1975     ,0.2720,0.3926,-0.0926,-0.0758,-0.3342,-0.7725,-0.5054,-0.3913
2,2,1976     ,-0.3324,-0.3065,-0.2530,-0.2051,-0.1817,0.0044,-0.0676,0.1089
2,2,1977     ,-0.6769,-0.3246,0.2304,-0.0607,-0.0093,0.0885,0.0230,0.0961
2,2,1978     ,0.2596,0.5205,0.0250,0.2636,-0.1736,-0.3534,-0.0177,-0.0970
2,2,1979     ,-1.2373,-0.0280,0.1188,0.0418,-0.0432,-0.3946,0.0630,-0.0193
2,2,1980     ,0.9995,0.4315,0.0644,-0.2389,0.1254,-0.2771,0.0493,-0.0300
2,2,1981     ,-0.1284,0.3683,0.2118,-0.0581,-0.3253,0.1892,-0.3368,-0.1478
2,2,1982     ,-0.0675,0.4675,0.5509,0.3084,0.0392,-0.1832,0.3586,0.0686
2,2,1983     ,0.7076,-0.2606,0.0826,0.1981,-0.2367,-0.0407,-0.1902,-0.0740
2,2,1984     ,0.2313,-0.2411,0.0110,0.2691,0.1554,0.0884,0.3511,0.1210
2,2,1985     ,-0.4665,-0.0542,0.0699,0.3309,0.4841,0.6362,0.6925,0.4789
2,2,1986     ,0.6408,0.0318,0.0664,0.3053,0.2418,0.1572,0.1601,-0.0129
2,2,1987     ,-0.1492,-0.3129,0.1653,0.3357,0.3616,0.5079,0.4710,0.2133
2,2,1988     ,0.0352,0.1608,-0.0061,0.1978,0.3302,0.3765,0.5821,0.1495
2,2,1989     ,-0.6165,0.0203,0.5276,0.1617,0.1940,0.5967,0.4529,0.3944
2,2,1990     ,-1.8791,0.0605,-0.2678,0.3095,-0.0626,0.3770,0.3495,0.2327
2,2,1991     ,-1.7745,0.0829,0.0966,-0.0176,0.3929,0.1962,0.5358,0.3468
2,2,1992     ,-0.7678,0.1755,0.4182,0.2095,0.0021,0.6475,0.5057,0.6079
2,2,1993     ,0.1681,0.4088,0.1642,0.3978,0.0634,0.4319,0.4996,0.2687
2,2,1994     ,-0.1492,0.1168,0.1347,0.2152,0.3448,0.4244,0.4494,0.7103
2,2,1995     ,-0.1025,-0.1791,-0.0409,0.0406,0.0134,0.0911,0.3489,0.4639
2,2,1996     ,-0.2994,0.0588,0.0319,0.2487,0.2437,0.6258,0.6868,0.6704
2,2,1997     ,0.4190,0.1772,-0.2453,0.0309,0.0733,0.2060,0.3537,0.0149
2,2,1998     ,0.2189,-0.0144,-0.2201,-0.1707,-0.0171,0.1440,0.1272,0.6418
2,2,1999     ,0.4554,0.1428,0.1250,-0.0250,-0.2725,0.0103,0.1014,0.0301
2,2,2000     ,0.5099,0.2385,-0.1517,-0.1216,-0.1606,-0.3201,-0.2434,-0.1179
2,2,2001     ,0.6477,0.0911,-0.2811,-0.3698,-0.6159,-0.3002,-0.3480,0.0045
2,2,2002     ,0.8683,-0.0174,-0.1421,-0.1268,-0.3418,0.0074,0.0157,0.4913
2,2,2003     ,0.1337,0.2114,-0.0420,-0.0247,-0.1093,-0.2113,0.2946,0.5517
2,2,2004     ,-0.0545,-0.6444,-0.3005,-0.1039,-0.5730,-0.0189,-0.2052,0.2456
2,2,2005     ,1.2029,0.1427,-0.3206,-0.1059,-0.0435,0.0013,0.4683,0.9479
2,2,2006     ,0.6790,0.0291,-0.1129,-0.3528,-0.2550,-0.1916,-0.3538,0.0143
2,2,2007     ,0.2772,0.0394,-0.1052,-0.4856,-0.3840,-0.2851,-0.2827,-0.5727
2,2,2008     ,-0.3889,-0.1930,-0.2286,-0.1700,-0.5940,0.1498,-0.1116,0.1660
2,2,2009     ,0.0751,-0.0166,-0.2346,-0.2256,-0.6976,-0.7615,0.0046,-0.2523
2,2,2010     ,-0.1111,-0.2646,-0.0939,-0.3350,-0.1263,0.0476,-0.4713,-0.1135
2,2,2011     ,0.5425,0.1345,0.0535,0.2107,-0.0149,0.0402,0.0004,-0.1788
2,2,2012     ,-0.6779,0.3165,-0.0351,-0.1306,-0.1936,-0.1507,-0.2341,0.0130
2,2,2013     ,-0.0863,-0.0510,0.0363,0.1217,-0.1742,-0.4017,0.2500,-0.0840
2,2,2014     ,1.0175,-0.0078,-0.0294,-0.2271,-0.0201,-0.0877,-0.4227,-0.3362
2,2,2015     ,-0.4795,0.0383,-0.1910,-0.3904,-0.4490,-0.2782,-0.2130,-0.5312
2,2,2016     ,0.4814,-0.5861,-0.0617,-0.1053,-0.3798,-0.1431,0.1986,-0.0888
2,2,2017     ,-0.1471,-0.6681,-0.6336,-0.5550,-0.5309,-0.5191,-0.4626,-0.6676
2,2,2018     ,-0.2401,-0.1120,0.1041,-0.2938,-0.2589,-0.1605,-0.2911,-0.5790
# Species,Quarter,Year, Age_0, Age_1, Age_2, Age_3, Age_4, Age_5, Age_6, Age_7, Age_8
2,3,1974,-99.9,0.2663,-0.2919,-0.3972,-0.7591,0.7103,0.4349,-0.0986,0.2253
2,3,1975,-99.9,0.3088,-0.0077,-0.5345,-0.3844,0.5361,0.2628,-0.0143,0.5489
2,3,1976,-99.9,-0.3026,0.0253,0.2047,0.0883,0.2802,0.2780,0.4320,0.3252
2,3,1977,-99.9,0.6879,0.2105,0.0844,-0.3688,-0.2295,-0.3123,-0.1396,0.3129
2,3,1978,-99.9,0.9957,0.3407,-0.4856,-0.4688,-0.8288,-0.2188,-0.2588,-0.1832
2,3,1979,-99.9,-0.0495,0.1262,-0.0948,0.0745,-0.0604,0.2192,0.4035,0.6458
2,3,1980,-99.9,0.2379,0.1285,-0.3169,-0.2647,-0.2388,-0.0060,-0.0712,0.0059
2,3,1981,-99.9,0.4040,0.2624,-0.2343,-0.1362,-0.2910,-0.0155,0.1788,0.3849
2,3,1982,-99.9,-0.2217,0.2091,-0.4852,-0.3203,-0.4425,-0.2751,-0.0860,0.0974
2,3,1983,-99.9,-0.4863,-0.1736,-0.0555,-0.1621,-0.2786,-0.3135,0.1347,0.3350
2,3,1984,-99.9,-0.5119,-0.4112,-0.4753,-0.1004,-0.2298,0.0264,-0.1039,0.4364
2,3,1985,-99.9,-0.0566,-0.1196,-0.1901,-0.0732,-0.0395,0.2569,0.7078,0.7954
2,3,1986,-99.9,-0.7411,0.0557,-0.3013,0.1788,0.2521,0.2376,0.6385,0.9480
2,3,1987,-99.9,-0.0063,0.1683,-0.2621,0.0828,0.4282,0.5012,0.2283,0.4407
2,3,1988,-99.9,-0.3152,-0.1571,-0.3744,-0.4149,-0.2432,0.1139,0.3544,0.1745
2,3,1989,-99.9,0.7940,0.5138,0.2569,0.3844,0.3221,0.6582,0.7833,0.9180
2,3,1990,-99.9,0.3090,1.1141,0.8177,0.2608,0.9936,0.6848,0.1341,0.1035
2,3,1991,-99.9,-0.3113,0.5691,0.4476,0.2894,0.1132,0.5087,0.4110,0.1339
2,3,1992,-99.9,0.5777,0.2400,-0.0507,-0.0239,0.0539,-0.2068,0.4111,-0.3768
2,3,1993,-99.9,-0.0006,0.3662,0.2006,0.1430,0.2287,0.7139,0.1207,-0.3027
2,3,1994,-99.9,-0.4636,0.2190,0.3344,0.2487,0.0758,0.0866,0.5861,-0.0837
2,3,1995,-99.9,-0.1733,-0.0097,0.1204,0.2129,0.2730,0.4134,0.1815,0.1890
2,3,1996,-99.9,0.2640,0.3468,0.1151,0.2884,0.3851,0.6486,0.4060,0.1051
2,3,1997,-99.9,0.0025,0.2391,0.0802,0.2662,0.2956,0.3023,0.4133,-0.0782
2,3,1998,-99.9,0.7208,0.5997,0.4594,0.0832,-0.1458,0.1020,-0.0099,-0.0927
2,3,1999,-99.9,0.8589,0.3936,0.2676,-0.3737,-0.3778,-0.0497,-0.1209,-0.5449
2,3,2000,-99.9,0.9083,0.5261,0.0030,-0.2543,-0.3739,-0.2664,0.1055,-0.2056
2,3,2001,-99.9,1.1931,0.8612,0.3445,0.1267,-0.0231,0.5163,0.6347,0.4928
2,3,2002,-99.9,0.7996,-0.1472,-0.1083,-0.4125,-0.1840,-0.2814,0.1533,0.5602
2,3,2003,-99.9,-0.2663,-0.0332,-0.4439,-0.1461,-0.3161,0.1068,0.3630,0.5692
2,3,2004,-99.9,-0.2837,-0.4612,-0.3931,-0.1057,0.0493,0.3211,0.3793,0.7144
2,3,2005,-99.9,-0.3724,-0.4643,-0.5949,-0.1706,-0.2643,-0.2342,0.1239,-0.0377
2,3,2006,-99.9,0.0392,0.1033,-0.5008,-0.3947,-0.3259,0.0390,-0.5084,-0.3803
2,3,2007,-99.9,-0.5351,-0.6555,-0.4203,-0.3024,-0.0825,0.2031,0.1492,-0.3386
2,3,2008,-99.9,-0.1983,-0.4222,-0.5091,-0.3517,-0.1484,0.0931,-0.0848,-0.3209
2,3,2009,-99.9,-0.2909,-0.1300,-0.5952,-0.2954,-0.3782,0.1146,0.2385,0.0615
2,3,2010,-99.9,0.1300,-0.4723,-0.3538,-0.1278,-0.1628,0.0780,-0.1742,-0.9108
2,3,2011,-99.9,0.0486,0.2908,-0.4002,-0.1347,-0.2950,-0.2280,0.1026,-0.3600
2,3,2012,-99.9,-0.6733,0.0613,-0.6964,-0.1652,0.2644,0.4879,0.1485,-0.3176
2,3,2013,-99.9,-0.2164,-0.5376,-0.7253,-0.7635,0.2693,0.5760,0.9631,0.5971
2,3,2014,-99.9,-0.2164,-1.0926,-0.6506,-0.5515,-0.6897,-0.2541,-0.1987,-0.3417
2,3,2015,-99.9,-1.1278,-0.4168,-0.5650,-0.3029,-0.4716,-0.3443,0.1429,-0.1903
2,3,2016,-99.9,-0.9838,-0.9730,-0.4968,-0.1397,-0.3899,-0.5259,-0.0893,-0.0017
2,3,2017,-99.9,-0.2604,-0.0856,-0.0906,0.0382,-0.1945,0.1109,0.3226,-0.3952
2,3,2018,-99.9,-0.3727,-0.6678,-0.5350,-0.5756,-0.2709,-0.3860,-0.5187,-0.6407
# Species,Quarter,Year, Age_0, Age_1, Age_2, Age_3, Age_4, Age_5, Age_6, Age_7, Age_8
2,4,1974,-99.9,0.0649,-0.0123,0.4016,0.2501,0.6583,0.4933,0.4428,0.2715
2,4,1975,-99.9,0.9895,0.1583,0.0040,0.0223,0.3401,-0.0241,0.1090,0.1704
2,4,1976,-99.9,-0.1747,0.1321,0.4346,-0.0960,-0.0746,-0.0790,-0.1886,-0.2881
2,4,1977,-99.9,0.0033,-0.0137,0.2014,-0.0877,0.0428,-0.0025,0.0129,0.1374
2,4,1978,-99.9,0.2053,0.1304,-0.0778,-0.1066,-0.3195,-0.3381,-0.1342,-0.4221
2,4,1979,-99.9,-0.4948,-0.2239,-0.1289,-0.0676,-0.3597,0.0800,0.2464,0.5396
2,4,1980,-99.9,0.4585,0.0267,-0.0013,-0.2968,-0.0841,-0.1197,0.0404,-0.2492
2,4,1981,-99.9,-0.0394,0.1010,-0.2246,-0.1855,-0.4929,-0.3814,-0.2890,-0.2058
2,4,1982,-99.9,-0.0446,0.0992,-0.0356,0.0282,-0.1577,0.0812,0.0531,0.1978
2,4,1983,-99.9,-0.1634,-0.0605,0.0103,0.0724,-0.2567,-0.2036,-0.4454,-0.2820
2,4,1984,-99.9,-0.3326,-0.1541,0.2917,0.2592,0.1278,0.2264,-0.1339,-0.1480
2,4,1985,-99.9,0.5732,0.3991,0.2406,0.1798,0.0098,0.2610,0.5905,0.1968
2,4,1986,-99.9,-0.1030,-0.0422,0.1746,-0.0322,-0.1522,-0.4311,0.1905,-0.1496
2,4,1987,-99.9,0.1035,-0.3722,0.2201,0.5147,0.1825,0.3499,0.3925,-0.1009
2,4,1988,-99.9,-0.4462,0.3983,0.0473,-0.1017,0.1050,0.0346,-0.2881,-0.5171
2,4,1989,-99.9,-0.1412,-0.7816,0.1662,-0.2824,-0.0423,0.0463,0.1944,0.0522
2,4,1990,-99.9,-0.8279,-0.0419,0.3460,0.5695,0.4861,0.5564,0.2478,-0.0736
2,4,1991,-99.9,-0.5426,-0.0507,0.2793,-0.0529,0.0089,0.3652,0.0275,-0.3673
2,4,1992,-99.9,0.3112,-0.3834,-0.3927,-0.4068,-0.5848,-0.5177,-0.4625,-1.3596
2,4,1993,-99.9,-0.0654,0.1671,0.3125,0.0192,0.0005,0.2118,-0.4148,-1.1436
2,4,1994,-99.9,-0.3928,-0.0757,0.3118,0.0435,-0.1934,-0.4113,-0.1549,-0.5680
2,4,1995,-99.9,-0.6319,-0.4778,-0.0001,0.0843,-0.1387,-0.1533,-0.3388,-0.2439
2,4,1996,-99.9,0.1542,-0.1832,0.0037,0.0999,-0.0587,-0.0663,-0.2499,-1.0027
2,4,1997,-99.9,-0.0099,0.1045,0.3302,0.4930,0.4396,0.4439,0.4653,-0.1763
2,4,1998,-99.9,0.4579,-0.0375,0.2221,-0.0488,-0.1574,-0.0247,-0.7248,-0.9496
2,4,1999,-99.9,0.1190,0.1658,0.4806,0.3424,0.3024,0.2440,0.2179,-0.4324
2,4,2000,-99.9,0.4594,0.0017,0.4424,0.4939,0.4980,0.4732,0.5167,0.2144
2,4,2001,-99.9,0.1254,0.2108,0.0266,0.0006,-0.0604,-0.1018,0.1534,-0.0002
2,4,2002,-99.9,0.0003,0.2174,0.4408,-0.0319,-0.0605,-0.1587,-0.4230,-0.0370
2,4,2003,-99.9,0.1556,0.0993,0.2372,-0.1349,0.0635,0.1632,-0.0807,-0.1961
2,4,2004,-99.9,0.2690,0.1716,0.2833,0.1466,0.1247,0.0793,0.0470,0.0902
2,4,2005,-99.9,-0.6375,-0.0368,0.2302,0.2076,0.0526,-0.2987,-0.2111,-0.5328
2,4,2006,-99.9,0.4519,0.3933,0.1305,0.2730,-0.0336,-0.0234,-0.3389,-0.5661
2,4,2007,-99.9,0.0106,0.2558,0.7559,0.5528,0.3663,0.3919,0.2291,-0.1326
2,4,2008,-99.9,0.1331,0.0918,0.3126,0.2356,0.1326,0.2691,0.0973,-0.2161
2,4,2009,-99.9,-0.1092,-0.0468,-0.1634,0.1883,-0.2360,0.0220,0.1620,-0.2479
2,4,2010,-99.9,0.4004,-0.3442,0.1155,0.3201,0.2603,0.6944,0.9010,0.0707
2,4,2011,-99.9,0.1290,-0.0339,0.0085,-0.1442,-0.3293,-0.3140,-0.2248,-0.5795
2,4,2012,-99.9,-0.4625,-0.1530,-0.5090,-0.5601,-0.4022,-0.4784,-0.0884,-0.2275
2,4,2013,-99.9,0.2386,-0.3413,-0.3395,-0.5076,-0.7462,-0.8234,-1.0071,-0.9616
2,4,2014,-99.9,-0.0756,0.1402,0.2200,0.0385,-0.0938,-0.1340,-0.3588,-0.6396
2,4,2015,-99.9,-0.8993,-0.1745,0.3648,0.3412,0.1602,0.1002,0.1519,-0.3190
2,4,2016,-99.9,-0.3031,-0.1304,-0.1258,-0.2635,-0.5265,-0.1446,0.1129,-0.7511
2,4,2017,-99.9,0.3432,0.1550,0.2284,0.2745,0.1961,0.0465,0.4741,-0.2754
2,4,2018,-99.9,0.6234,0.4959,0.5622,0.3434,0.4336,0.4418,0.1528,-0.2226
# Species,Quarter,Year, Age_0, Age_1, Age_2, Age_3, Age_4, Age_5, Age_6, Age_7
3,1,1974     ,-1.5208,-1.0242,0.1407,0.0458,-1.2675,-1.0459,-0.6225
3,1,1975     ,-0.1615,-0.1076,-0.5191,0.0576,-0.4009,-0.2610,-0.2933
3,1,1976     ,-0.3678,0.1416,0.0016,-0.5037,-1.7051,-1.4294,-0.7134
3,1,1977     ,0.1428,-0.7381,-0.0775,-0.4301,0.4168,-0.5593,-0.5607
3,1,1978     ,0.3350,-0.0279,-0.6268,-0.4759,0.1728,-0.0167,-0.9911
3,1,1979     ,-0.2033,-1.4072,-0.8031,-0.3601,-1.0938,-0.7641,-0.0551
3,1,1980     ,0.1706,0.1129,-0.0876,0.1493,0.0538,0.4619,-0.4600
3,1,1981     ,-1.4797,-0.4243,-1.0673,-1.4360,-1.0879,-0.1485,-1.8012
3,1,1982     ,-0.2745,0.7623,0.3567,0.4665,0.8625,0.1430,0.0006
3,1,1983     ,-1.2839,-0.9845,-0.6092,-0.1701,-0.2859,-0.2149,0.3048
3,1,1984     ,0.0533,0.7199,0.5509,0.9179,1.2139,0.8352,0.7232
3,1,1985     ,-0.5006,0.4820,0.6159,0.9030,0.2868,-0.2692,-0.3416
3,1,1986     ,0.9641,-0.4132,0.0135,0.4828,0.5628,-0.0134,-1.3924
3,1,1987     ,-1.4067,-0.3175,-0.0874,0.9855,0.8536,0.7320,0.0458
3,1,1988     ,0.3318,1.3481,0.8898,0.6636,0.8052,0.6103,0.1348
3,1,1989     ,0.4766,1.1561,-0.1930,0.8879,0.1898,0.5984,-0.8691
3,1,1990     ,1.0508,0.2787,0.2979,0.3652,0.6342,-0.1593,-0.4317
3,1,1991     ,0.9743,0.4707,0.7367,0.9149,0.5807,0.2793,-0.2649
3,1,1992     ,0.3885,0.2251,0.3156,0.5803,0.6956,-0.0448,0.2060
3,1,1993     ,0.4967,0.2787,0.1300,-0.1242,-0.0544,0.0029,-0.3912
3,1,1994     ,-0.4335,-0.1876,0.1281,0.1804,0.0704,-0.2973,0.0322
3,1,1995     ,0.0184,-1.2642,-0.1907,0.3224,0.4113,0.0583,-0.0878
3,1,1996     ,1.4427,0.4059,0.0239,0.3603,0.0441,-0.1754,-0.5929
3,1,1997     ,-0.2840,0.2700,-0.0550,0.9309,0.3427,-0.1029,-0.3554
3,1,1998     ,1.1016,-0.7979,0.0438,0.4640,0.2471,-0.3530,0.2916
3,1,1999     ,0.0224,0.0759,0.0252,0.1876,0.1713,0.1953,-0.0343
3,1,2000     ,0.0213,-0.7567,-0.1988,-0.2415,-0.4053,-0.2857,0.5576
3,1,2001     ,-0.1185,0.4029,-0.4321,0.2257,0.3203,-0.0848,0.3183
3,1,2002     ,-0.0385,-0.4255,-0.2343,-0.0924,-0.5896,-0.2676,0.1239
3,1,2003     ,-0.6579,-0.1771,-0.0601,-0.1906,0.6167,-0.8753,1.1435
3,1,2004     ,-0.1745,-0.4757,-0.1987,0.0017,-0.0564,0.4168,0.1521
3,1,2005     ,-0.4463,-0.1430,-0.2875,-0.1302,0.2238,-0.7371,1.1972
3,1,2006     ,0.3691,-0.5058,0.1091,0.2118,0.0885,0.1691,0.3462
3,1,2007     ,0.2491,0.1574,-0.2309,-0.0181,-0.0356,-0.4331,0.7220
3,1,2008     ,-0.8392,0.1062,-0.0435,0.3169,-0.2453,0.0334,0.3381
3,1,2009     ,0.3493,0.2418,0.2894,0.2810,0.5779,-0.1153,0.3040
3,1,2010     ,0.0955,0.0594,-0.1253,-0.0804,-0.3904,0.3044,-0.2643
3,1,2011     ,0.7567,-0.3741,-0.0573,-0.0800,-0.4223,-0.6834,0.9549
3,1,2012     ,0.0489,0.1265,-0.2395,0.1951,0.0405,-0.2141,0.7697
3,1,2013     ,0.0742,0.3525,0.0540,0.1667,0.1053,-0.2456,0.1328
3,1,2014     ,-0.0639,0.2922,0.3476,0.0621,0.3714,-0.2306,0.5544
3,1,2015     ,0.3273,-0.1016,0.4145,0.5389,0.4216,0.5350,0.2393
3,1,2016     ,-0.3676,0.1581,0.0211,0.3520,0.2593,0.0608,1.4152
3,1,2017     ,-0.2617,-0.1456,0.0609,0.2014,0.0629,-0.2827,0.2199
3,1,2018     ,0.4066,0.2416,0.3670,0.3592,0.3569,-0.2761,-0.0996
# Species,Quarter,Year, Age_0, Age_1, Age_2, Age_3, Age_4, Age_5, Age_6, Age_7
3,2,1974     ,0.6512,-0.6925,0.6109,0.4731,-0.3470,-0.0685,-0.2005
3,2,1975     ,1.7272,-0.8406,-0.4070,0.4643,-0.1191,-0.1191,-0.1786
3,2,1976     ,0.5856,0.3123,0.3979,-0.0398,-0.9123,-0.3575,-0.0865
3,2,1977     ,0.2497,-0.5218,0.0117,0.3563,0.2843,-0.0249,0.2070
3,2,1978     ,0.4947,0.4684,0.2641,1.1264,1.0918,0.7929,-0.6338
3,2,1979     ,0.5081,-0.0939,0.1506,0.4989,0.6629,0.0076,0.7356
3,2,1980     ,-0.9170,-0.4729,-0.5062,-0.3593,0.2190,1.1808,-0.9641
3,2,1981     ,0.2281,-0.0399,-0.7094,0.0425,-0.5126,0.2605,-0.4242
3,2,1982     ,-1.3795,-0.7829,-0.7115,-0.5879,-0.3314,-0.7122,0.7887
3,2,1983     ,-0.4102,-1.5162,-0.8621,-0.5164,-0.4781,-0.1639,-0.2864
3,2,1984     ,-1.8531,-1.2802,-1.2019,-0.8755,-0.2928,-0.7182,-0.2758
3,2,1985     ,-0.0659,-0.4664,-0.4998,0.7311,-0.6385,-0.3248,-0.6832
3,2,1986     ,1.5953,-1.0725,-0.0148,0.2888,0.9191,-0.1325,-0.3648
3,2,1987     ,0.5885,-0.3219,0.2982,1.3392,1.2043,1.2194,0.6502
3,2,1988     ,-0.3580,0.6363,0.4575,0.0982,0.1713,-0.3203,-0.8982
3,2,1989     ,-0.8110,0.3313,-0.2080,0.5254,0.0022,0.2772,-0.8599
3,2,1990     ,0.1562,1.0352,0.2248,0.8116,0.7753,0.4262,0.0028
3,2,1991     ,0.9506,0.5116,0.8059,0.4882,0.4755,0.5692,-0.1759
3,2,1992     ,-1.3915,-0.1176,0.0262,0.0547,0.5580,-0.2959,0.3262
3,2,1993     ,0.1636,0.1807,-0.0222,0.0044,-0.1273,0.6981,-0.0647
3,2,1994     ,0.0796,0.4878,0.3606,0.3644,0.2442,-0.0129,-0.0416
3,2,1995     ,0.1022,-0.4385,0.1206,0.7265,0.6982,0.6713,0.1429
3,2,1996     ,0.4448,0.0635,-0.3004,0.1349,0.1057,0.0069,-0.2381
3,2,1997     ,-0.6348,0.1982,-0.0448,0.7226,0.1906,-0.4673,-0.5035
3,2,1998     ,0.8425,-0.5165,-0.2204,0.3562,0.3784,0.2185,0.6482
3,2,1999     ,-1.5142,-0.2256,-0.2321,0.0712,0.2959,-0.0686,0.0990
3,2,2000     ,0.2954,-0.5470,0.0584,0.0421,-0.2664,-0.2883,0.7943
3,2,2001     ,-0.3213,-0.0768,0.0575,0.1083,0.2595,-0.1894,-0.5176
3,2,2002     ,0.1000,0.1298,0.2978,0.8676,-0.4221,-0.2367,0.4234
3,2,2003     ,-0.3137,0.0698,0.2526,-0.0357,-0.0777,-0.4911,0.8361
3,2,2004     ,-0.2128,-0.4948,0.0185,0.2441,0.1686,0.2900,0.2292
3,2,2005     ,-0.6246,-0.0393,-0.0905,-0.0122,0.5785,-0.4713,1.4272
3,2,2006     ,1.1277,-0.1846,0.1575,0.1984,-0.0013,-0.0415,0.3081
3,2,2007     ,0.4109,0.4323,0.0561,0.2210,0.0187,-0.5555,0.4810
3,2,2008     ,-0.0508,0.0813,-0.0539,0.0421,-0.3197,0.0308,0.0690
3,2,2009     ,-0.0312,-0.3693,-0.0710,-0.1203,0.1345,-0.3870,0.0800
3,2,2010     ,-0.0676,0.1142,-0.0051,0.0015,-0.1177,0.2795,-0.1011
3,2,2011     ,0.3710,0.0347,0.0896,0.0838,-0.4182,-0.3419,1.1762
3,2,2012     ,-0.2492,0.1507,0.2199,0.4515,0.1036,-0.3648,0.6009
3,2,2013     ,0.4837,0.4055,0.1380,0.4135,0.1878,0.0621,-0.2512
3,2,2014     ,0.0645,-0.4303,-0.0681,-0.4113,0.1697,-0.7153,0.1382
3,2,2015     ,-0.6719,-0.2318,0.1777,0.3346,-0.0626,0.2493,-0.1021
3,2,2016     ,-0.2077,-0.1164,0.1727,0.0865,-0.4764,-0.4907,0.5154
3,2,2017     ,-0.2193,-0.0251,-0.3712,-0.1729,-0.4758,-0.8033,-0.0500
3,2,2018     ,0.0305,0.0202,0.1322,0.1310,0.0205,-0.3673,-0.2393
# Species,Quarter,Year, Age_0, Age_1, Age_2, Age_3, Age_4, Age_5, Age_6, Age_7
3,3,1974,-99.9,-2.0063,-0.1259,1.3388,0.9812,0.2116,0.0911,0.4876
3,3,1975,-99.9,-4.2812,0.6831,0.9547,1.9219,1.3772,1.3125,1.2249
3,3,1976,-99.9,0.0362,0.6681,1.0033,0.5573,-0.0767,0.1060,0.8815
3,3,1977,-99.9,0.8176,0.2386,0.7562,1.2428,0.6584,0.5505,1.2324
3,3,1978,-99.9,0.5434,1.2378,0.4833,0.4143,0.9304,0.4975,-0.5410
3,3,1979,-99.9,0.2408,0.0508,0.4076,1.2457,-0.0981,0.3294,1.5563
3,3,1980,-99.9,0.8196,0.0964,0.5534,-0.1792,0.7937,1.6188,0.0897
3,3,1981,-99.9,0.8927,1.0906,0.8166,0.9416,0.9034,1.5731,0.8579
3,3,1982,-99.9,-0.1563,0.0241,-0.0392,0.1369,-0.1428,0.0134,1.6426
3,3,1983,-99.9,1.0342,-0.0187,0.0315,0.7395,0.4776,0.8214,0.6338
3,3,1984,-99.9,2.0297,0.3914,-0.2945,-0.5302,-0.4256,-1.2589,-0.5875
3,3,1985,-99.9,0.8054,-0.2406,-0.3319,0.0708,-0.2494,-1.0873,-0.9426
3,3,1986,-99.9,-0.1339,-0.1764,-0.1028,0.2827,0.8266,0.1057,-0.3090
3,3,1987,-99.9,0.8159,-0.8305,-0.6547,-1.4080,-1.1025,-0.9947,-0.1374
3,3,1988,-99.9,-1.1836,-0.4758,-0.9007,-0.5047,-0.9245,-0.7743,-1.0073
3,3,1989,-99.9,-1.3698,-0.2465,-0.3157,0.1415,0.2850,0.2565,-0.2727
3,3,1990,-99.9,1.4789,0.5620,-0.6220,0.6334,-1.2703,0.3241,-2.9323
3,3,1991,-99.9,-0.1246,-0.9043,-0.9419,-2.3545,-0.9634,-2.4855,-1.1168
3,3,1992,-99.9,0.5343,-0.5018,-0.4048,-0.0845,0.1502,-0.8144,-0.8841
3,3,1993,-99.9,-0.6596,0.1238,-0.4446,-0.4205,-0.7070,-0.5812,-0.9809
3,3,1994,-99.9,-0.0963,0.1569,0.0052,-0.2852,-0.6580,-1.0129,-0.4842
3,3,1995,-99.9,-0.8660,-0.2423,-0.0066,-0.0170,-0.6643,-0.5214,-0.6886
3,3,1996,-99.9,-0.0986,-0.1182,-0.2455,-0.0516,-0.0480,-0.0303,-0.7290
3,3,1997,-99.9,-0.3181,0.0135,-0.1876,0.0195,-0.1406,-0.7904,-0.8535
3,3,1998,-99.9,0.6457,-0.0332,0.0590,0.1072,0.2092,-0.4974,-0.5214
3,3,1999,-99.9,0.6298,0.3493,0.1902,-0.3378,0.0341,-0.5613,-0.1591
3,3,2000,-99.9,0.7461,0.1167,0.2315,-0.0783,-0.2392,0.4063,0.7249
3,3,2001,-99.9,0.1280,0.5346,0.0999,0.1378,0.0621,-0.3724,0.3082
3,3,2002,-99.9,0.9369,0.3030,0.5521,-0.0672,0.1215,0.0129,1.6806
3,3,2003,-99.9,-0.1621,0.3812,0.0560,0.1598,-0.2590,-0.2658,1.2027
3,3,2004,-99.9,-0.1438,0.1871,0.3117,-0.3399,0.1267,-0.3676,-0.1259
3,3,2005,-99.9,-0.4238,0.2938,0.1178,0.0711,-0.4170,-0.7955,0.9624
3,3,2006,-99.9,0.9500,0.1137,0.3804,-0.0778,-0.2352,-0.8095,-0.0459
3,3,2007,-99.9,0.0152,0.1600,-0.2814,-0.1696,-0.1803,-0.2611,0.3650
3,3,2008,-99.9,0.5962,0.4277,0.2999,-0.0532,0.0385,-0.1052,0.8003
3,3,2009,-99.9,-0.2959,-0.1935,-0.0215,-0.1847,0.1257,-0.0103,0.5593
3,3,2010,-99.9,0.1089,-0.0276,-0.0501,-0.1269,-0.7145,0.4275,-0.2063
3,3,2011,-99.9,0.0660,0.2719,-0.1853,-0.4925,-0.4132,-0.6448,1.1752
3,3,2012,-99.9,0.1248,0.2837,-0.3905,-0.1146,-0.3529,-0.2519,0.3939
3,3,2013,-99.9,0.1490,0.0860,-0.1102,-0.3806,-0.3625,-0.3780,-0.3452
3,3,2014,-99.9,-0.6075,-0.1042,-0.1560,-0.3032,-0.8617,-0.4747,0.0316
3,3,2015,-99.9,-0.2149,-0.1063,0.0528,0.0396,-0.6575,-0.3955,-0.1569
3,3,2016,-99.9,-1.1663,-0.2721,-0.0278,0.0610,-0.1321,-0.2463,0.6011
3,3,2017,-99.9,-0.4990,-0.1607,-0.0697,0.4002,0.5251,-0.1737,1.4931
3,3,2018,-99.9,-0.3346,-0.7220,-0.4417,-0.3770,-0.5859,-0.9711,-0.0054
# Species,Quarter,Year, Age_0, Age_1, Age_2, Age_3, Age_4, Age_5, Age_6, Age_7
3,4,1974,-99.9,0.0071,-0.5795,0.8272,-0.0781,-0.0717,-0.1103,0.3301
3,4,1975,-99.9,-2.6024,-0.5112,-0.1877,0.0331,-0.4149,0.2360,0.4812
3,4,1976,-99.9,-0.6498,0.4989,0.5779,-0.1138,-0.5478,-1.0320,0.4228
3,4,1977,-99.9,0.1692,-0.4836,-0.1733,0.0733,-0.3221,-1.4602,0.3526
3,4,1978,-99.9,-0.1510,-0.4319,-0.4367,-1.1264,-0.6913,0.3267,-1.5731
3,4,1979,-99.9,0.5063,-0.0662,-0.4136,0.4888,-0.4755,0.1161,0.9923
3,4,1980,-99.9,0.3155,-0.3913,-0.3037,-0.8259,0.1121,0.2436,-0.6551
3,4,1981,-99.9,1.2052,0.7070,0.0801,0.2295,-0.3129,0.9133,-0.2693
3,4,1982,-99.9,-0.4245,0.0083,-0.1387,-0.2870,-0.2881,-0.4918,0.9773
3,4,1983,-99.9,1.1772,0.5770,0.7804,1.3093,1.1149,0.0729,0.6679
3,4,1984,-99.9,1.2624,0.9915,0.6293,0.7170,0.2789,-0.2132,-1.0400
3,4,1985,-99.9,0.3921,0.7920,0.4079,0.5986,0.1264,-0.0753,-0.0139
3,4,1986,-99.9,-0.0718,0.0487,-0.2920,0.1362,0.1340,-0.3117,-0.0426
3,4,1987,-99.9,1.2031,0.3496,-0.1680,-0.3861,-0.5081,-0.5773,-0.5818
3,4,1988,-99.9,-1.7242,0.5737,-0.0547,-0.1228,-0.6678,-0.1197,-0.6344
3,4,1989,-99.9,-0.4162,1.0804,-0.3059,0.1629,-0.3828,-0.5487,-1.0644
3,4,1990,-99.9,-0.4059,0.1858,-0.2056,-0.0707,-0.1740,-0.8924,-2.3532
3,4,1991,-99.9,0.3424,0.4342,0.1280,-0.7092,-0.0654,0.0417,0.4362
3,4,1992,-99.9,0.2217,-0.1976,-0.2867,-0.1327,0.3651,-0.4283,-0.3381
3,4,1993,-99.9,0.2728,0.5518,0.1396,0.1942,0.1083,0.2944,-0.0850
3,4,1994,-99.9,-0.4433,0.2441,0.0319,-0.1129,-0.2831,-0.8557,-0.0002
3,4,1995,-99.9,0.1971,-0.0890,0.1864,0.5792,0.7378,0.3765,-0.7610
3,4,1996,-99.9,-0.3533,0.2019,0.1095,0.3777,-0.2032,0.0958,-0.5853
3,4,1997,-99.9,-0.1873,0.5462,0.4449,0.2920,-0.0328,-0.5509,-0.6034
3,4,1998,-99.9,0.0943,-0.1095,0.0736,0.1934,0.0695,-0.8634,-0.6920
3,4,1999,-99.9,0.4697,0.4665,0.4200,-0.0548,-0.1167,-0.3133,-0.4124
3,4,2000,-99.9,0.4231,-0.1429,0.1111,0.1155,-0.0827,0.1195,0.8069
3,4,2001,-99.9,-0.1755,0.2386,-0.0609,0.1601,0.2570,0.3125,0.4498
3,4,2002,-99.9,0.2286,0.1613,0.1437,-0.0194,-0.3305,-0.1706,1.3508
3,4,2003,-99.9,-0.2206,0.0211,-0.0477,-0.1672,0.3224,-0.3378,1.4852
3,4,2004,-99.9,-0.1293,-0.1087,0.0419,0.2849,-0.3069,0.4863,0.3126
3,4,2005,-99.9,-0.5611,0.0970,0.0341,0.0144,-0.1053,-1.0084,1.0499
3,4,2006,-99.9,0.3822,-0.3188,-0.0808,-0.1400,-0.1617,-0.6681,-0.3561
3,4,2007,-99.9,0.3173,0.3444,-0.1867,-0.1642,-0.1137,-0.1537,0.8227
3,4,2008,-99.9,0.4072,0.4121,0.0117,-0.1168,-0.1881,0.0786,-0.0567
3,4,2009,-99.9,0.2870,0.1086,-0.1344,-0.2434,0.0623,-0.5651,0.1538
3,4,2010,-99.9,-0.1919,0.4568,0.2513,-0.1417,-0.4421,0.7976,0.1083
3,4,2011,-99.9,0.1227,-0.1996,-0.0165,-0.2531,-0.6773,-0.1395,1.5408
3,4,2012,-99.9,0.1126,-0.0770,-0.5337,-0.2642,-0.4153,-0.6787,0.3036
3,4,2013,-99.9,-0.2502,-0.0261,-0.1943,-0.4536,-0.3039,-0.2089,-0.1969
3,4,2014,-99.9,-0.5624,0.1328,0.2234,0.1180,0.0894,-0.2787,0.8446
3,4,2015,-99.9,0.0371,-0.0421,0.0180,-0.3150,-0.3418,-0.4440,-0.5129
3,4,2016,-99.9,-0.3948,-0.2524,-0.5997,-0.5635,-0.3570,-0.1200,1.3031
3,4,2017,-99.9,-0.2276,-0.1776,-0.1002,-0.0744,0.1252,0.2013,1.0189
3,4,2018,-99.9,0.2900,0.3683,0.3297,0.3607,-0.0608,-0.2682,0.4007