

Observed catches

Species: Herring    



Age             1974      1975      1976      1977      1978      1979      1980      1981
         0      4828     77118      8718     33304    104903     27800    164767    148246
         1    547198    731155    775065    552458    615266    163914   1100686   1029903
         2   1622768   1416518    852286   1305206   1130315    765244   1031591   1466828
         3   1431347   1277005   1270381    845150    947709    709456    990168    731236
         4   1397086    855095   1241577    552190    389295    652811    548836    619650
         5    927254   1226701    886416    675844    270043    218968    721507    366048
         6    394877    353851    956867    360623    244018    172887    190824    459610
         7    227814    176217    424575    358651    164435    227889    192275    134765
         8    674048    687545    838410    547293    347325    480997    542303    514351

Yield         377003    349685    394769    270121    209750    225917    267906    281710


Age             1982      1983      1984      1985      1986      1987      1988      1989
         0    101212    245447    188923     68197    123101     17853     87917    110239
         1    856289   1037490   1041622   1289831    562024    819918    428409    766265
         2   2387645   1899863   1384274   2229116   1840317    665141   2204325    561812
         3   1156498   2024986   1535438   1246480   1848814   1275323    824470   2355412
         4    438699    759204   1209128    983121    949443   1137536    982418    673684
         5    382800    285467    400040    729160    681208    562206    872405    812955
         6    221933    289710    178254    268383    339821    384086    367064    666586
         7    274028    185464    177676    137429    122772    190859    255162    239571
         8    390016    477163    373150    340822    214701    146189    197107    288594

Yield         286530    323691    279565    316330    256813    222608    252127    261876


Age             1990      1991      1992      1993      1994      1995      1996      1997
         0     21108    111711    150340    116784    170800     69700     78436    157154
         1    622958    476200   1165861   1018503    650300   1052800   1414578    753390
         2   1593239   1762377   1296293   2233957   1425400   1277100   1891430   2280998
         3    821778   1332623   1842620   1801065   1924600   2105800   1377254   2298366
         4   1768712    521542    798035   1697837   1325100   1982300   1464217   1519310
         5    596000    955230    298631    682512   1238000    922900   1089135   1147640
         6    595738    300293    520879    293043    535500    611400    675753    679254
         7    322766    285952    153691    276272    220600    244600    406714    334774
         8    229183    262194    234844    166918    337600    263600    280767    247188

Yield         279259    196685    187841    230306    241656    221653    195666    197331


Age             1998      1999      2000      2001      2002      2003      2004      2005
         0     92327    245265    198774    294565    455300    238800     45600    153400
         1   2137481    990703   2101249   1871946   1034600   1347400    656700    326100
         2   1243407   2106830   1492317   2391637   1013200    782600   1242900    753500
         3   2326961   1106340   2041559    983215   1340000    687400    673600   1187000
         4   2065802   1624255    942715   1271700    456700    686600    568200    557000
         5    986841   1107352   1122592    457004    522500    261400    384400    378700
         6    598054    423909    651159    512102    179600    226700    162500    219800
         7    301907    246617    226398    359287    169800     89800    119700     82500
         8    353600    201300    238452    270367    230000    202700    129800    159200

Yield         221690    174096    208546    202481    131045    112255     93370     90586


Age             2006      2007      2008      2009      2010      2011      2012      2013
         0    172500    238300    181700    159400    206500    164700     49700     66400
         1    808300    457500    789400    656300    546300    293100    331700    470300
         2    505500    920400    735300   1364100    645400    568900    315000    655400
         3    754000    630200    968200    721900   1357300    770700    411000    260100
         4   1105000    703000    461700    845300    662000   1130400    504800    410400
         5    408900    823500    485800    299500    630100    415400    621800    467500
         6    264800    268800    710900    340600    283800    312800    225400    403600
         7    154400    136100    165700    486800    283800    129100    153700    172900
         8    147600    111700    215600    239500    362400    235200    199500    223700

Yield         109545    114606    125342    131229    135658    115769     97499    100558


Age             2014      2015      2016      2017      2018
         0    223600     93100    321800    466300    210200
         1    470200   1415800    602100    983600   1737600
         2    902600    745000   3015000    823500   1280300
         3   1003800   1264800    935000   2898600   1174000
         4    385400   1252900   1189000    840700   2637500
         5    488300    378000    838200    923600    789200
         6    409900    384900    331900    527500    664100
         7    285200    370200    465800    248400    398800
         8    250900    473500    629200    411600    335200

Yield         129420    174257    190496    200422    244048
Species: Sprat      



Age             1974      1975      1976      1977      1978      1979      1980      1981
         0    175407         0    373997     36711     71987     43969     42913     22354
         1   1816400    699409   3406277   1702177    349977    741949    469341   1928665
         2   4336039   3993034   1812968   6765070   2265686    298030   1122507    624249
         3   9534953   5393091   4259756   1160666   4433927    814814    332668    363277
         4   3322600   3935341   2131640   1785061    427037   2522195    477282     93348
         5    793994   1214471    379878   2034861    856222    119726   1198030    107671
         6    570894    761217    238555    425053    695181    174844    163659    504942
         7    448893    489369    271726    343530     81566    366383     68543     14111

Yield         262216    212175    142798    166497    111860     66754     48800     42978


Age             1982      1983      1984      1985      1986      1987      1988      1989
         0     29998    139089     73033     33729     17092      4203    149281     64081
         1    228193   1404116    745171    447996    303862    715923     73944    353103
         2   2412420    238605   2315378   1423237    965691    331852   2680551    835876
         3    354236    514610    340767   2364339   1288477   1196326    729563    667385
         4    247363    106185    448018    427971   2047385   1684562   1101230    400691
         5     79939     65563     75211    226098    341189   1702049    734094    466388
         6     64975     12919     36260     23098    184261    209441    716766    397301
         7    244324     25651      8226     15151     15380    134245     57663    140307

Yield          42876     26274     42673     58748     66524     87801     76238     45858


Age             1990      1991      1992      1993      1994      1995      1996      1997
         0     16209    712329    206337     61518    225416    530400     71200   1345599
         1    704898    841925   2236484   1649333    902715   5656600   8266600   1430547
         2   1776439   2291704   4062217   5331350   7453314   2008600  27174100  22998457
         3    314975   2106995   4735378   3028190   7843059   6175200   4658600  23217218
         4    659512    311619   2710272   1776246   3416704   6172900   6485800   6298881
         5    188720    456471    617775    881231   2120986   3131700   3303900   4084781
         6    236341    111755    475152    216862    765190   1762800   1494100   1642956
         7     92121    167409    181626    217277    183411    583100    686700    678452

Yield          53839     86488    208936    131870    264826    278270    418355    511217


Age             1998      1999      2000      2001      2002      2003      2004      2005
         0    222857   1450622    382597    652640   2255301   3962657    213742   1916220
         1  11017463   2059018  10534630   2775601   6846948   9366111  23263510   2842586
         2   3802547  19883018   2948174  11557197   5491776   7108722  13094317  30967900
         3  17687621   5831191  14716712   2670375  10384310   4805394   5447560  11254006
         4  19617466   9987126   2870184   9252388   3784331   5067481   3086404   2933589
         5   2658612   8850933   4284142   1998797   4157403   2396044   3245594   1868255
         6   1777763   1181962   4076633   2651424   1027488   1902532   1333956    842965
         7   1957223   1204202   1468059   2786052   4324835   2216395   2507460   1614911

Yield         469680    415598    388712    339407    331904    296472    373008    397446


Age             2006      2007      2008      2009      2010      2011      2012      2013
         0   1712120   1497406   2496564   1336214   1776228   1203434   1136587    503207
         1  10851128  13795744   6390489  21087244   4583750   8753340   5218195   6267298
         2   3265522  11967706  15476697   8880105  21493094   4334644   5712233   9612881
         3  21097242   3706322   6682852  10163730   5363115  12479155   2727479   4501503
         4   6832239  13722623   2935808   3901859   4234433   2692668   7040544   2397811
         5   1380358   3854954   5717955   1793153   1239447   1454903   1245814   3847178
         6    613632    623133   2255171   2836605    881009    533446    736463    682989
         7    935063    839363    661469   1361316   1504566    931523    735255    627200

Yield         344385    383019    371268    401629    334173    256559    226649    271410


Age             2014      2015      2016      2017      2018
         0   1597095    382980    920195    824664    779751
         1   4911208  17057263   2973969   3579884   6278336
         2   7619008   4720316  18520734   6141001   6497104
         3   6498613   5121411   3801288  16543725   6473215
         4   2373559   3272068   2547751   3195711  12795134
         5   1458602   1244627   1226450   1563614   1871268
         6   1402152    659072    508161    675502    610191
         7    724280    877404    856892    639665    463099

Yield         238589    245999    243038    282482    302904

Stock numbers

Species: Herring    



Age             1974      1975      1976      1977      1978      1979      1980      1981
         0         0         0         0         0         0         0         0         0
         1  16355499  12700473  23710379  17610272  22226659  18994755  25071915  36091910
         2  14950181  10164261   7568790  14856882  10635718  10992687   7916246  10052231
         3   8679167   9626972   6351972   4686916   9544803   6623934   6624181   4027142
         4   8938802   5563575   6038209   3802889   2995316   5965312   4087155   3501824
         5   3950174   5720774   3497339   3584532   2431498   1883501   3663777   2213158
         6   1790924   2436901   3475803   1968429   2217764   1510891   1137299   1867913
         7   1126586   1106400   1479956   1957076   1219507   1411659    921899    610007
         8   3978346   3272038   2767977   2468633   2832395   2673669   2660205   2023602

TSB          2481207   2215710   2053038   1886914   1974417   2297462   1901516   1722642
SSB          2083509   1906528   1635644   1495326   1528516   1867136   1444517   1149449


Age             1982      1983      1984      1985      1986      1987      1988      1989
         0         0         0         0         0         0         0         0         0
         1  36638959  26135404  31483791  22575400  12491992  24816429   9751385  14518159
         2  15521601  15343502  11762756  15905255  12633650   7234542  14461262   5594796
         3   5094512   7940335   7109034   5849185   8566968   7091668   4512116   8291840
         4   2126167   2661270   3920961   3562290   3191076   4584858   4323536   2646141
         5   1904000   1157920   1301064   2049617   1972492   1776931   2774061   2495828
         6   1170632   1016571    546726    630055   1088715   1043049   1050219   1521182
         7    986160    637478    495298    272915    336115    585944    626122    590142
         8   1485540   1394370   1028724    791906    584889    510196    671677    750659

TSB          2001165   1710882   1474494   1544163   1064651   1419646   1063682    869668
SSB          1344161   1219146    973512   1108347    808040   1033661    844652    656230


Age             1990      1991      1992      1993      1994      1995      1996      1997
         0         0         0         0         0         0         0         0         0
         1  18455959  15366624  19460827  18636432  15843485  21213318  17275298   8758090
         2   8811040  12685397  11228797  14320199  12796647  10687024  14732692  12432012
         3   3517820   5895306   8788438   8040709   9522951   8291457   6985235   9806970
         4   4748643   2165033   3808988   5976054   5078597   5765428   4963729   4273463
         5   1455488   2637090   1302977   2480557   3537964   2896001   3188935   2781078
         6   1276251    744177   1424753    792646   1367556   1847980   1454395   1615717
         7    786260    656915    409479    859476    441318    723280    933005    742789
         8    713180    779097    791558    734957    889374    714166    735761    861305

TSB           977160    883495    943046   1033590   1097653    908995    960417    670269
SSB           708664    637424    676987    758400    862555    644761    705580    531360


Age             1998      1999      2000      2001      2002      2003      2004      2005
         0         0         0         0         0         0         0         0         0
         1  13923877   7987180  13049464  10167959   9615553  19759491  10969312   7364245
         2   6347030   9903518   5636142   8573487   6404874   6256474  13676112   7840268
         3   8170597   4101784   6561588   3542800   5005023   4081341   4351855   9338316
         4   5828850   4690158   2501303   3683298   1809954   2942202   2646318   2918665
         5   2296001   3003316   2614966   1261192   1631602    981969   1783634   1676616
         6   1332521   1040052   1518407   1168762    479995    797301    548580   1065150
         7    778682    608008    531570    687740    447099    236524    448367    329166
         8    778124    715296    682450    554879    479306    459353    395168    510384

TSB           705167    552401    610549    617066    474181    731856    558715    528968
SSB           538895    436817    453286    471489    351801    501039    410609    426307


Age             2006      2007      2008      2009      2010      2011      2012      2013
         0         0         0         0         0         0         0         0         0
         1  12788533  10691028  19407449  13963100  10413712   6394143  13872126  14880926
         2   5055820   8606223   7192065  12749350   9064432   6557285   4079650   9316697
         3   5342410   3560696   6061432   4946663   8563636   5888404   4475914   3073074
         4   6171506   3552554   2403213   3985519   3239884   5474027   3904579   3225001
         5   1903442   3924499   2313018   1521433   2481997   2004437   3559515   2773059
         6   1051482   1162647   2421658   1406515    908133   1439352   1256697   2481059
         7    677376    658191    735648   1458565    853379    534780    906903    881316
         8    540692    771780    920821   1027453   1502015   1409013   1241468   1528313

TSB           672457    679472    779685    804495    783640    723647    720420    829980
SSB           518578    540708    567798    613747    635667    617086    580103    660108


Age             2014      2015      2016      2017      2018
         0         0         0         0         0         0
         1  11095352  30876441  10586319  13138054  19994617
         2  10107880   7506521  21716263   7417417   9403839
         3   6924140   7399526   5478618  14677072   5261807
         4   2317954   5044652   5180064   3680301   9788948
         5   2338893   1674202   3398080   3280859   2366737
         6   1975642   1607084   1072905   2012896   1966493
         7   1789921   1378100   1029476    641040   1218299
         8   1752267   2493821   2507428   2132920   1698074

TSB           863466   1024197    844250    859972    979874
SSB           715378    757194    698434    720741    799637
Species: Sprat      



Age             1974      1975      1976      1977      1978      1979      1980      1981
         0         0         0         0         0         0         0         0         0
         1  97331590  32384068 247363685  81526209  33814995  74408293  44830025 141560588
         2  83941156  47091949  15610348 134025040  36234652  11432946  23344220  13615763
         3  33955761  43666205  24034444   8820880  69446520  16161759   4866643   9351652
         4  16816497  17140551  21609416  13264591   4542341  31517951   6992810   2051450
         5   8984733   8820957   8817676  12271515   7084505   2187321  13666623   3024650
         6   5600973   4712869   4537797   5007365   6554112   3459561   1001777   5843951
         7   3458905   2997732   2474715   2618864   2754718   3227095   1582238    448085

TSB          2112831   1597949   1964148   2248497   1654210   1230397    846044   1121904
SSB          1745068   1459647   1130741   1878193   1512089    960539    670151    598514


Age             1982      1983      1984      1985      1986      1987      1988      1989
         0         0         0         0         0         0         0         0         0
         1  61816902 203576977  87526583  77565292  23614179  51360893  18030995  60300958
         2  48335588  21113943  88459418  43795425  42148319  12437280  27215693   9851682
         3   6306069  21753267  10621223  48759394  25860653  24988146   7461643  16353129
         4   4348831   2943744  11380941   6129901  29162834  15347872  15173892   4439153
         5   1016005   2082238   1568012   6605717   3715775  17644407   9529157   9285782
         6   1495301    508014   1127175    924740   4071970   2289030  10994653   5927313
         7   2758027    716770    278616    669225    581540   2531887   1439404   6887735

TSB           999234   1493053   1543755   1544829   1376775   1342158    963396   1043226
SSB           740310    730586   1164455   1229269   1259366   1140219    877104    811167


Age             1990      1991      1992      1993      1994      1995      1996      1997
         0         0         0         0         0         0         0         0         0
         1  72834179  71957938 106461890 107448153  62274877 253056231 184170990  60895306
         2  36405955  50717776  51645417  74084318  73146886  41965980 177742610 131856377
         3   6349146  26031944  37355048  35686924  50128668  47344978  28042055 115701059
         4  10559971   4481701  18916187  24888294  23711020  31165125  30002608  17162987
         5   2894943   7529201   3287983  12778325  16770583  15055724  20120762  18710365
         6   6118846   2078528   5548469   2237067   8635894  10668525   9748024  12599751
         7   3930590   4386949   1533746   3780424   1517593   5513419   6919323   6111114

TSB          1284464   1685458   2114024   2096731   2258317   2860654   3082087   2728474
SSB           981233   1374065   1683169   1666843   1995507   1968660   2381253   2464270


Age             1998      1999      2000      2001      2002      2003      2004      2005
         0         0         0         0         0         0         0         0         0
         1 185357986  49175234 112858769  54607341  67495351 158829349 286765789  52841270
         2  43519209 130787234  33761256  71854478  34929689  41145348  99999516 182356882
         3  85555193  27560923  82030852  20676882  44896276  20073784  24114118  57837244
         4  69612727  49768021  16044424  47348342  12483567  24148797  11023671  13153316
         5  10599507  41457787  29540902   9214275  28321820   6673742  13106480   5967134
         6  11607639   6355130  24634248  17010203   5541100  15151224   3635086   7086527
         7   7821743   6970203   3800248  14216303  10207455   2967113   8233954   1969239

TSB          2727289   2333659   2330961   1976714   1618490   1742415   2446003   2087652
SSB          2107391   2112190   1958190   1764813   1391333   1235286   1533161   1849255


Age             2006      2007      2008      2009      2010      2011      2012      2013
         0         0         0         0         0         0         0         0         0
         1  84047843 117094861  77922599 185492966  54090903  62358064  73509084  71949247
         2  32165775  51321535  69417229  44955218 107694237  30680658  35209766  42977036
         3 102169073  18726455  28460377  37904242  24765576  57820767  16777139  20545491
         4  30538502  56576802   9813297  14516031  19647241  12693572  29686665   9406885
         5   7002597  16886296  29307090   4986638   7462743  10033686   6504652  16522361
         6   3190376   3933397   8772600  14825661   2571174   3818269   5185067   3642977
         7   3796712   1800200   2065249   4428378   7617521   1317919   1969328   2909978

TSB          1784146   1666030   1665914   1872111   1649813   1316107   1214071   1290369
SSB          1516075   1292581   1393636   1300367   1434906   1117558    981133   1056979


Age             2014      2015      2016      2017      2018
         0         0         0         0         0         0
         1  73190398 254446599  78906708  69950750  81814740
         2  41239086  41989376 161342895  51142898  45487893
         3  24517141  23420325  26280601 101693177  31951211
         4  11205305  13280383  14126328  16232004  60792204
         5   5114255   6076107   7983838   8742869   9739008
         6   8993105   2789074   3673594   4950780   5269161
         7   1985863   4898778   1692507   2284752   2984739

TSB          1188727   1829280   1888418   1822037   1728233
SSB           956546   1087756   1594610   1602476   1478084

Fishing mortality

Species: Herring    



Age             1974      1975      1976      1977      1978      1979      1980      1981
         0    0.0000    0.0000    0.0000    0.0000    0.0000    0.0000    0.0000    0.0000
         1    0.0424    0.0412    0.0559    0.0391    0.0281    0.0273    0.0451    0.0504
         2    0.1336    0.1298    0.1759    0.1229    0.0885    0.0860    0.1420    0.1587
         3    0.1935    0.1880    0.2549    0.1781    0.1283    0.1246    0.2057    0.2300
         4    0.2134    0.2073    0.2811    0.1964    0.1415    0.1374    0.2269    0.2536
         5    0.2626    0.2552    0.3459    0.2417    0.1741    0.1691    0.2792    0.3122
         6    0.2626    0.2552    0.3459    0.2417    0.1741    0.1691    0.2792    0.3122
         7    0.2626    0.2552    0.3459    0.2417    0.1741    0.1691    0.2792    0.3122
         8    0.2626    0.2552    0.3459    0.2417    0.1741    0.1691    0.2792    0.3122

Avg. F 3-6     0.233     0.226     0.307     0.214     0.154     0.150     0.248     0.277


Age             1982      1983      1984      1985      1986      1987      1988      1989
         0    0.0000    0.0000    0.0000    0.0000    0.0000    0.0000    0.0000    0.0000
         1    0.0496    0.0678    0.0668    0.0619    0.0634    0.0490    0.0577    0.0847
         2    0.1562    0.2134    0.2102    0.1947    0.1996    0.1542    0.1817    0.1738
         3    0.2263    0.3092    0.3045    0.2820    0.2892    0.2234    0.2632    0.2677
         4    0.2495    0.3410    0.3358    0.3111    0.3189    0.2464    0.2903    0.3548
         5    0.3071    0.4197    0.4133    0.3828    0.3925    0.3032    0.3573    0.4519
         6    0.3071    0.4197    0.4133    0.3828    0.3925    0.3032    0.3573    0.4519
         7    0.3071    0.4197    0.4133    0.3828    0.3925    0.3032    0.3573    0.4519
         8    0.3071    0.4197    0.4133    0.3828    0.3925    0.3032    0.3573    0.4519

Avg. F 3-6     0.272     0.372     0.367     0.340     0.348     0.269     0.317     0.382


Age             1990      1991      1992      1993      1994      1995      1996      1997
         0    0.0000    0.0000    0.0000    0.0000    0.0000    0.0000    0.0000    0.0000
         1    0.0939    0.0850    0.0667    0.0782    0.0860    0.0934    0.0938    0.1070
         2    0.1927    0.1744    0.1369    0.1606    0.1765    0.1916    0.1925    0.2196
         3    0.2969    0.2688    0.2109    0.2474    0.2720    0.2953    0.2966    0.3384
         4    0.3934    0.3561    0.2794    0.3278    0.3604    0.3912    0.3930    0.4483
         5    0.5011    0.4537    0.3559    0.4176    0.4591    0.4984    0.5007    0.5711
         6    0.5011    0.4537    0.3559    0.4176    0.4591    0.4984    0.5007    0.5711
         7    0.5011    0.4537    0.3559    0.4176    0.4591    0.4984    0.5007    0.5711
         8    0.5011    0.4537    0.3559    0.4176    0.4591    0.4984    0.5007    0.5711

Avg. F 3-6     0.423     0.383     0.301     0.353     0.388     0.421     0.423     0.482


Age             1998      1999      2000      2001      2002      2003      2004      2005
         0    0.0000    0.0000    0.0000    0.0000    0.0000    0.0000    0.0000    0.0000
         1    0.1187    0.0961    0.1141    0.1446    0.0984    0.0768    0.0659    0.0526
         2    0.2436    0.1972    0.2342    0.2969    0.2019    0.1576    0.1352    0.1080
         3    0.3753    0.3039    0.3609    0.4574    0.3110    0.2428    0.2083    0.1664
         4    0.4973    0.4027    0.4781    0.6061    0.4121    0.3217    0.2760    0.2205
         5    0.6335    0.5129    0.6091    0.7721    0.5250    0.4098    0.3516    0.2809
         6    0.6335    0.5129    0.6091    0.7721    0.5250    0.4098    0.3516    0.2809
         7    0.6335    0.5129    0.6091    0.7721    0.5250    0.4098    0.3516    0.2809
         8    0.6335    0.5129    0.6091    0.7721    0.5250    0.4098    0.3516    0.2809

Avg. F 3-6     0.535     0.433     0.514     0.652     0.443     0.346     0.297     0.237


Age             2006      2007      2008      2009      2010      2011      2012      2013
         0    0.0000    0.0000    0.0000    0.0000    0.0000    0.0000    0.0000    0.0000
         1    0.0546    0.0523    0.0563    0.0578    0.0599    0.0492    0.0351    0.0319
         2    0.1120    0.1073    0.1156    0.1185    0.1230    0.1010    0.0720    0.0654
         3    0.1725    0.1654    0.1781    0.1826    0.1895    0.1556    0.1110    0.1008
         4    0.2286    0.2192    0.2359    0.2420    0.2510    0.2061    0.1470    0.1335
         5    0.2912    0.2792    0.3006    0.3083    0.3198    0.2626    0.1873    0.1701
         6    0.2912    0.2792    0.3006    0.3083    0.3198    0.2626    0.1873    0.1701
         7    0.2912    0.2792    0.3006    0.3083    0.3198    0.2626    0.1873    0.1701
         8    0.2912    0.2792    0.3006    0.3083    0.3198    0.2626    0.1873    0.1701

Avg. F 3-6     0.246     0.236     0.254     0.260     0.270     0.222     0.158     0.144


Age             2014      2015      2016      2017      2018
         0    0.0000    0.0000    0.0000    0.0000    0.0000
         1    0.0382    0.0544    0.0673    0.0663    0.0646
         2    0.0784    0.1116    0.1382    0.1360    0.1326
         3    0.1208    0.1720    0.2130    0.2096    0.2042
         4    0.1600    0.2279    0.2822    0.2778    0.2706
         5    0.2038    0.2903    0.3595    0.3538    0.3447
         6    0.2038    0.2903    0.3595    0.3538    0.3447
         7    0.2038    0.2903    0.3595    0.3538    0.3447
         8    0.2038    0.2903    0.3595    0.3538    0.3447

Avg. F 3-6     0.172     0.245     0.304     0.299     0.291
Species: Sprat      



Age             1974      1975      1976      1977      1978      1979      1980      1981
         0    0.0000    0.0000    0.0000    0.0000    0.0000    0.0000    0.0000    0.0000
         1    0.0358    0.0352    0.0268    0.0278    0.0174    0.0158    0.0185    0.0140
         2    0.1463    0.1437    0.1093    0.1137    0.0711    0.0647    0.0755    0.0574
         3    0.2219    0.2179    0.1658    0.1724    0.1078    0.0981    0.1146    0.0870
         4    0.2046    0.2009    0.1529    0.1590    0.0994    0.0905    0.1056    0.0802
         5    0.2046    0.2009    0.1529    0.1590    0.0994    0.0905    0.1056    0.0802
         6    0.2046    0.2009    0.1529    0.1590    0.0994    0.0905    0.1056    0.0802
         7    0.2046    0.2009    0.1529    0.1590    0.0994    0.0905    0.1056    0.0802

Avg. F 3-5     0.210     0.207     0.157     0.163     0.102     0.093     0.109     0.083


Age             1982      1983      1984      1985      1986      1987      1988      1989
         0    0.0000    0.0000    0.0000    0.0000    0.0000    0.0000    0.0000    0.0000
         1    0.0116    0.0060    0.0049    0.0070    0.0105    0.0095    0.0109    0.0099
         2    0.0473    0.0245    0.0200    0.0285    0.0430    0.0390    0.0445    0.0406
         3    0.0718    0.0372    0.0304    0.0432    0.0653    0.0591    0.0674    0.0616
         4    0.0662    0.0343    0.0280    0.0398    0.0602    0.0545    0.0622    0.0568
         5    0.0662    0.0343    0.0280    0.0398    0.0602    0.0545    0.0622    0.0568
         6    0.0662    0.0343    0.0280    0.0398    0.0602    0.0545    0.0622    0.0568
         7    0.0662    0.0343    0.0280    0.0398    0.0602    0.0545    0.0622    0.0568

Avg. F 3-5     0.068     0.035     0.029     0.041     0.062     0.056     0.064     0.058


Age             1990      1991      1992      1993      1994      1995      1996      1997
         0    0.0000    0.0000    0.0000    0.0000    0.0000    0.0000    0.0000    0.0000
         1    0.0080    0.0082    0.0219    0.0152    0.0261    0.0258    0.0348    0.0380
         2    0.0326    0.0335    0.0895    0.0620    0.1066    0.1055    0.1422    0.1553
         3    0.0495    0.0508    0.1357    0.0941    0.1617    0.1600    0.2156    0.2356
         4    0.0457    0.0469    0.1251    0.0867    0.1491    0.1475    0.1988    0.2172
         5    0.0457    0.0469    0.1251    0.0867    0.1491    0.1475    0.1988    0.2172
         6    0.0457    0.0469    0.1251    0.0867    0.1491    0.1475    0.1988    0.2172
         7    0.0457    0.0469    0.1251    0.0867    0.1491    0.1475    0.1988    0.2172

Avg. F 3-5     0.047     0.048     0.129     0.089     0.153     0.152     0.204     0.223


Age             1998      1999      2000      2001      2002      2003      2004      2005
         0    0.0000    0.0000    0.0000    0.0000    0.0000    0.0000    0.0000    0.0000
         1    0.0427    0.0403    0.0892    0.0725    0.1096    0.1115    0.1178    0.1118
         2    0.1742    0.1645    0.1808    0.1470    0.2220    0.2259    0.2386    0.2265
         3    0.2642    0.2495    0.2373    0.1929    0.2914    0.2965    0.3131    0.2973
         4    0.2436    0.2300    0.2466    0.2005    0.3029    0.3081    0.3254    0.3090
         5    0.2436    0.2300    0.2466    0.2005    0.3029    0.3081    0.3254    0.3090
         6    0.2436    0.2300    0.2466    0.2005    0.3029    0.3081    0.3254    0.3090
         7    0.2436    0.2300    0.2466    0.2005    0.3029    0.3081    0.3254    0.3090

Avg. F 3-5     0.251     0.237     0.244     0.198     0.299     0.304     0.321     0.305


Age             2006      2007      2008      2009      2010      2011      2012      2013
         0    0.0000    0.0000    0.0000    0.0000    0.0000    0.0000    0.0000    0.0000
         1    0.0885    0.1123    0.1190    0.1145    0.1098    0.1084    0.0891    0.1017
         2    0.1793    0.2275    0.2410    0.2320    0.2225    0.2196    0.1805    0.2061
         3    0.2354    0.2986    0.3163    0.3045    0.2921    0.2882    0.2370    0.2705
         4    0.2446    0.3103    0.3288    0.3165    0.3035    0.2995    0.2463    0.2811
         5    0.2446    0.3103    0.3288    0.3165    0.3035    0.2995    0.2463    0.2811
         6    0.2446    0.3103    0.3288    0.3165    0.3035    0.2995    0.2463    0.2811
         7    0.2446    0.3103    0.3288    0.3165    0.3035    0.2995    0.2463    0.2811

Avg. F 3-5     0.242     0.306     0.325     0.313     0.300     0.296     0.243     0.278


Age             2014      2015      2016      2017      2018
         0    0.0000    0.0000    0.0000    0.0000    0.0000
         1    0.1032    0.0758    0.0671    0.0807    0.0698
         2    0.2090    0.1535    0.1358    0.1636    0.1413
         3    0.2743    0.2015    0.1783    0.2147    0.1855
         4    0.2851    0.2094    0.1853    0.2231    0.1928
         5    0.2851    0.2094    0.1853    0.2231    0.1928
         6    0.2851    0.2094    0.1853    0.2231    0.1928
         7    0.2851    0.2094    0.1853    0.2231    0.1928

Avg. F 3-5     0.281     0.207     0.183     0.220     0.190

Predation mortality

Species: Herring    



Age             1974      1975      1976      1977      1978      1979      1980      1981
         0    0.3249    0.2707    0.2675    0.4039    0.5597    0.6028    0.5326    0.5553
         1    0.3332    0.3764    0.3115    0.3652    0.5759    0.7479    0.7688    0.6934
         2    0.2066    0.2404    0.2033    0.2195    0.2850    0.3205    0.4339    0.4209
         3    0.1512    0.1785    0.1581    0.1697    0.2418    0.2582    0.3317    0.3088
         4    0.1329    0.1569    0.1404    0.1509    0.2225    0.2500    0.2866    0.2557
         5    0.1204    0.1431    0.1288    0.1384    0.2017    0.2353    0.2945    0.2247
         6    0.1190    0.1436    0.1284    0.1371    0.1776    0.2249    0.2437    0.2266
         7    0.1046    0.1288    0.1163    0.1219    0.1616    0.1910    0.2173    0.1900
         8    0.0759    0.0950    0.0866    0.0911    0.1332    0.1438    0.1832    0.1517




Age             1982      1983      1984      1985      1986      1987      1988      1989
         0    0.5097    0.4413    0.3525    0.3152    0.3094    0.3271    0.2713    0.1993
         1    0.7208    0.6305    0.5160    0.4186    0.3828    0.3910    0.3978    0.3147
         2    0.4141    0.4559    0.3885    0.3240    0.2778    0.2179    0.2745    0.1902
         3    0.3231    0.2964    0.2865    0.2239    0.2360    0.1715    0.1704    0.1897
         4    0.2582    0.2746    0.2129    0.1800    0.1665    0.1561    0.1591    0.1430
         5    0.2204    0.2308    0.2118    0.1498    0.1446    0.1227    0.1435    0.1188
         6    0.2007    0.1994    0.1815    0.1455    0.1270    0.1072    0.1191    0.1080
         7    0.2013    0.1827    0.1582    0.1323    0.1125    0.0951    0.1017    0.0897
         8    0.1422    0.1512    0.1334    0.1108    0.0900    0.0769    0.0796    0.0713




Age             1990      1991      1992      1993      1994      1995      1996      1997
         0    0.1127    0.0916    0.1206    0.1552    0.1314    0.1104    0.0903    0.0830
         1    0.1811    0.1287    0.1401    0.1977    0.2077    0.1712    0.1352    0.1150
         2    0.1092    0.0926    0.0971    0.1474    0.1574    0.1336    0.1145    0.1001
         3    0.0885    0.0680    0.0748    0.1121    0.1298    0.1178    0.0947    0.0819
         4    0.0948    0.0516    0.0495    0.0964    0.1013    0.1010    0.0863    0.0729
         5    0.0697    0.0620    0.0411    0.0779    0.0903    0.0904    0.0792    0.0647
         6    0.0630    0.0437    0.0495    0.0681    0.0778    0.0851    0.0712    0.0588
         7    0.0573    0.0470    0.0372    0.0762    0.0639    0.0729    0.0656    0.0551
         8    0.0495    0.0377    0.0342    0.0546    0.0628    0.0697    0.0545    0.0500




Age             1998      1999      2000      2001      2002      2003      2004      2005
         0    0.1055    0.1259    0.1565    0.1642    0.1545    0.1210    0.1454    0.1887
         1    0.1220    0.1525    0.2060    0.2175    0.2314    0.1912    0.1700    0.2235
         2    0.0930    0.1144    0.1301    0.1413    0.1488    0.1055    0.1463    0.1756
         3    0.0798    0.0907    0.1166    0.1142    0.1202    0.0905    0.0912    0.1478
         4    0.0658    0.0816    0.1066    0.1081    0.0994    0.0788    0.0804    0.1070
         5    0.0584    0.0691    0.0962    0.0939    0.0911    0.0725    0.0639    0.0857
         6    0.0511    0.0583    0.0829    0.0888    0.0827    0.0659    0.0592    0.0718
         7    0.0498    0.0554    0.0740    0.0808    0.0766    0.0590    0.0538    0.0648
         8    0.0387    0.0441    0.0737    0.0802    0.0764    0.0546    0.0475    0.0555




Age             2006      2007      2008      2009      2010      2011      2012      2013
         0    0.1896    0.1984    0.2033    0.2283    0.2436    0.2260    0.2098    0.2214
         1    0.2415    0.2441    0.2639    0.2743    0.3026    0.3002    0.2630    0.2549
         2    0.1386    0.1432    0.1587    0.1794    0.2084    0.1809    0.1113    0.1314
         3    0.1355    0.1277    0.1412    0.1405    0.1580    0.1553    0.1168    0.0812
         4    0.1241    0.1100    0.1212    0.1316    0.1291    0.1243    0.0952    0.0878
         5    0.1017    0.1036    0.0969    0.1077    0.1251    0.1043    0.0737    0.0690
         6    0.0772    0.0785    0.1064    0.0914    0.1097    0.0994    0.0675    0.0565
         7    0.0692    0.0686    0.0830    0.1042    0.0950    0.0849    0.0586    0.0530
         8    0.0600    0.0545    0.0723    0.0835    0.0935    0.0862    0.0494    0.0459




Age             2014      2015      2016      2017      2018
         0    0.1711    0.1615    0.1450    0.1233    0.0954
         1    0.2526    0.1976    0.1884    0.1681    0.1441
         2    0.1335    0.1033    0.1535    0.1073    0.0880
         3    0.0959    0.0846    0.0849    0.0954    0.0620
         4    0.0653    0.0673    0.0745    0.0637    0.0604
         5    0.0714    0.0547    0.0641    0.0580    0.0421
         6    0.0564    0.0551    0.0555    0.0483    0.0410
         7    0.0497    0.0476    0.0509    0.0390    0.0391
         8    0.0444    0.0424    0.0443    0.0364    0.0328


Species: Sprat      



Age             1974      1975      1976      1977      1978      1979      1980      1981
         0    0.2351    0.1716    0.1843    0.3144    0.3842    0.3636    0.3224    0.3442
         1    0.4902    0.4946    0.3861    0.5831    0.8670    0.9434    0.9732    0.8605
         2    0.3072    0.3289    0.2615    0.3438    0.5363    0.5894    0.6393    0.5123
         3    0.2617    0.2855    0.2286    0.2913    0.4822    0.5396    0.5493    0.4786
         4    0.2406    0.2638    0.2130    0.2682    0.4314    0.5451    0.5324    0.4224
         5    0.2406    0.2638    0.2130    0.2682    0.4174    0.4904    0.5439    0.4242
         6    0.2204    0.2432    0.1968    0.2386    0.4091    0.4918    0.4989    0.4706
         7    0.2363    0.2588    0.2098    0.2634    0.4105    0.5069    0.5195    0.4029




Age             1982      1983      1984      1985      1986      1987      1988      1989
         0    0.2865    0.2319    0.1831    0.1711    0.1815    0.1851    0.1435    0.1051
         1    0.8627    0.6275    0.4875    0.4030    0.4306    0.4255    0.3936    0.2947
         2    0.5511    0.4626    0.3756    0.2983    0.2797    0.2719    0.2649    0.1987
         3    0.4900    0.4107    0.3193    0.2708    0.2565    0.2397    0.2519    0.1757
         4    0.4702    0.3956    0.3160    0.2608    0.2423    0.2221    0.2289    0.1707
         5    0.4269    0.3795    0.3000    0.2440    0.2243    0.2185    0.2126    0.1603
         6    0.4691    0.3664    0.2933    0.2240    0.2150    0.2094    0.2055    0.1540
         7    0.4804    0.3648    0.2867    0.2353    0.2110    0.1983    0.1964    0.1510




Age             1990      1991      1992      1993      1994      1995      1996      1997
         0    0.0572    0.0525    0.0686    0.0788    0.0626    0.0519    0.0436    0.0432
         1    0.1539    0.1235    0.1407    0.1694    0.1686    0.1274    0.0993    0.0979
         2    0.1028    0.0723    0.0802    0.1286    0.1284    0.0977    0.0872    0.0772
         3    0.0988    0.0685    0.0704    0.1148    0.1136    0.0962    0.0754    0.0725
         4    0.0926    0.0629    0.0672    0.1080    0.1051    0.0900    0.0734    0.0647
         5    0.0856    0.0584    0.0600    0.1051    0.1033    0.0872    0.0693    0.0602
         6    0.0871    0.0571    0.0586    0.1013    0.0997    0.0855    0.0681    0.0595
         7    0.0819    0.0579    0.0567    0.0967    0.0987    0.0844    0.0688    0.0584




Age             1998      1999      2000      2001      2002      2003      2004      2005
         0    0.0551    0.0633    0.0733    0.0761    0.0690    0.0538    0.0667    0.0850
         1    0.1061    0.1358    0.1622    0.1743    0.1853    0.1512    0.1349    0.1846
         2    0.0826    0.1020    0.1095    0.1233    0.1319    0.1084    0.1090    0.1528
         3    0.0776    0.0916    0.1123    0.1117    0.1287    0.1029    0.0930    0.1414
         4    0.0746    0.0916    0.1080    0.1134    0.1233    0.1030    0.0884    0.1214
         5    0.0679    0.0905    0.1053    0.1081    0.1227    0.0994    0.0895    0.1172
         6    0.0664    0.0842    0.1031    0.1102    0.1217    0.1017    0.0876    0.1151
         7    0.0667    0.0808    0.0976    0.1109    0.1219    0.1027    0.0891    0.1180




Age             2006      2007      2008      2009      2010      2011      2012      2013
         0    0.0860    0.0907    0.0920    0.1036    0.1105    0.1043    0.1007    0.1078
         1    0.2047    0.2106    0.2311    0.2292    0.2572    0.2632    0.2476    0.2548
         2    0.1616    0.1621    0.1641    0.1642    0.1994    0.1840    0.1581    0.1552
         3    0.1556    0.1476    0.1569    0.1526    0.1763    0.1784    0.1416    0.1357
         4    0.1478    0.1475    0.1482    0.1488    0.1684    0.1690    0.1397    0.1283
         5    0.1321    0.1446    0.1527    0.1459    0.1666    0.1606    0.1334    0.1271
         6    0.1276    0.1340    0.1548    0.1494    0.1648    0.1626    0.1314    0.1256
         7    0.1282    0.1264    0.1409    0.1462    0.1649    0.1581    0.1324    0.1262




Age             2014      2015      2016      2017      2018
         0    0.0823    0.0776    0.0689    0.0586    0.0450
         1    0.2525    0.1798    0.1666    0.1496    0.1222
         2    0.1568    0.1151    0.1257    0.1068    0.0883
         3    0.1388    0.1041    0.1036    0.0998    0.0817
         4    0.1270    0.0995    0.0945    0.0877    0.0797
         5    0.1213    0.0938    0.0926    0.0832    0.0726
         6    0.1224    0.0901    0.0896    0.0829    0.0702
         7    0.1281    0.0965    0.0906    0.0836    0.0715



Observed catches

Species: Herring    



Age             1974      1975      1976      1977      1978      1979      1980      1981
         0      4828     77118      8718     33304    104903     27800    164767    148246
         1    547198    731155    775065    552458    615266    163914   1100686   1029903
         2   1622768   1416518    852286   1305206   1130315    765244   1031591   1466828
         3   1431347   1277005   1270381    845150    947709    709456    990168    731236
         4   1397086    855095   1241577    552190    389295    652811    548836    619650
         5    927254   1226701    886416    675844    270043    218968    721507    366048
         6    394877    353851    956867    360623    244018    172887    190824    459610
         7    227814    176217    424575    358651    164435    227889    192275    134765
         8    674048    687545    838410    547293    347325    480997    542303    514351

Yield         377003    349685    394769    270121    209750    225917    267906    281710


Age             1982      1983      1984      1985      1986      1987      1988      1989
         0    101212    245447    188923     68197    123101     17853     87917    110239
         1    856289   1037490   1041622   1289831    562024    819918    428409    766265
         2   2387645   1899863   1384274   2229116   1840317    665141   2204325    561812
         3   1156498   2024986   1535438   1246480   1848814   1275323    824470   2355412
         4    438699    759204   1209128    983121    949443   1137536    982418    673684
         5    382800    285467    400040    729160    681208    562206    872405    812955
         6    221933    289710    178254    268383    339821    384086    367064    666586
         7    274028    185464    177676    137429    122772    190859    255162    239571
         8    390016    477163    373150    340822    214701    146189    197107    288594

Yield         286530    323691    279565    316330    256813    222608    252127    261876


Age             1990      1991      1992      1993      1994      1995      1996      1997
         0     21108    111711    150340    116784    170800     69700     78436    157154
         1    622958    476200   1165861   1018503    650300   1052800   1414578    753390
         2   1593239   1762377   1296293   2233957   1425400   1277100   1891430   2280998
         3    821778   1332623   1842620   1801065   1924600   2105800   1377254   2298366
         4   1768712    521542    798035   1697837   1325100   1982300   1464217   1519310
         5    596000    955230    298631    682512   1238000    922900   1089135   1147640
         6    595738    300293    520879    293043    535500    611400    675753    679254
         7    322766    285952    153691    276272    220600    244600    406714    334774
         8    229183    262194    234844    166918    337600    263600    280767    247188

Yield         279259    196685    187841    230306    241656    221653    195666    197331


Age             1998      1999      2000      2001      2002      2003      2004      2005
         0     92327    245265    198774    294565    455300    238800     45600    153400
         1   2137481    990703   2101249   1871946   1034600   1347400    656700    326100
         2   1243407   2106830   1492317   2391637   1013200    782600   1242900    753500
         3   2326961   1106340   2041559    983215   1340000    687400    673600   1187000
         4   2065802   1624255    942715   1271700    456700    686600    568200    557000
         5    986841   1107352   1122592    457004    522500    261400    384400    378700
         6    598054    423909    651159    512102    179600    226700    162500    219800
         7    301907    246617    226398    359287    169800     89800    119700     82500
         8    353600    201300    238452    270367    230000    202700    129800    159200

Yield         221690    174096    208546    202481    131045    112255     93370     90586


Age             2006      2007      2008      2009      2010      2011      2012      2013
         0    172500    238300    181700    159400    206500    164700     49700     66400
         1    808300    457500    789400    656300    546300    293100    331700    470300
         2    505500    920400    735300   1364100    645400    568900    315000    655400
         3    754000    630200    968200    721900   1357300    770700    411000    260100
         4   1105000    703000    461700    845300    662000   1130400    504800    410400
         5    408900    823500    485800    299500    630100    415400    621800    467500
         6    264800    268800    710900    340600    283800    312800    225400    403600
         7    154400    136100    165700    486800    283800    129100    153700    172900
         8    147600    111700    215600    239500    362400    235200    199500    223700

Yield         109545    114606    125342    131229    135658    115769     97499    100558


Age             2014      2015      2016      2017      2018
         0    223600     93100    321800    466300    210200
         1    470200   1415800    602100    983600   1737600
         2    902600    745000   3015000    823500   1280300
         3   1003800   1264800    935000   2898600   1174000
         4    385400   1252900   1189000    840700   2637500
         5    488300    378000    838200    923600    789200
         6    409900    384900    331900    527500    664100
         7    285200    370200    465800    248400    398800
         8    250900    473500    629200    411600    335200

Yield         129420    174257    190496    200422    244048
Species: Sprat      



Age             1974      1975      1976      1977      1978      1979      1980      1981
         0    175407         0    373997     36711     71987     43969     42913     22354
         1   1816400    699409   3406277   1702177    349977    741949    469341   1928665
         2   4336039   3993034   1812968   6765070   2265686    298030   1122507    624249
         3   9534953   5393091   4259756   1160666   4433927    814814    332668    363277
         4   3322600   3935341   2131640   1785061    427037   2522195    477282     93348
         5    793994   1214471    379878   2034861    856222    119726   1198030    107671
         6    570894    761217    238555    425053    695181    174844    163659    504942
         7    448893    489369    271726    343530     81566    366383     68543     14111

Yield         262216    212175    142798    166497    111860     66754     48800     42978


Age             1982      1983      1984      1985      1986      1987      1988      1989
         0     29998    139089     73033     33729     17092      4203    149281     64081
         1    228193   1404116    745171    447996    303862    715923     73944    353103
         2   2412420    238605   2315378   1423237    965691    331852   2680551    835876
         3    354236    514610    340767   2364339   1288477   1196326    729563    667385
         4    247363    106185    448018    427971   2047385   1684562   1101230    400691
         5     79939     65563     75211    226098    341189   1702049    734094    466388
         6     64975     12919     36260     23098    184261    209441    716766    397301
         7    244324     25651      8226     15151     15380    134245     57663    140307

Yield          42876     26274     42673     58748     66524     87801     76238     45858


Age             1990      1991      1992      1993      1994      1995      1996      1997
         0     16209    712329    206337     61518    225416    530400     71200   1345599
         1    704898    841925   2236484   1649333    902715   5656600   8266600   1430547
         2   1776439   2291704   4062217   5331350   7453314   2008600  27174100  22998457
         3    314975   2106995   4735378   3028190   7843059   6175200   4658600  23217218
         4    659512    311619   2710272   1776246   3416704   6172900   6485800   6298881
         5    188720    456471    617775    881231   2120986   3131700   3303900   4084781
         6    236341    111755    475152    216862    765190   1762800   1494100   1642956
         7     92121    167409    181626    217277    183411    583100    686700    678452

Yield          53839     86488    208936    131870    264826    278270    418355    511217


Age             1998      1999      2000      2001      2002      2003      2004      2005
         0    222857   1450622    382597    652640   2255301   3962657    213742   1916220
         1  11017463   2059018  10534630   2775601   6846948   9366111  23263510   2842586
         2   3802547  19883018   2948174  11557197   5491776   7108722  13094317  30967900
         3  17687621   5831191  14716712   2670375  10384310   4805394   5447560  11254006
         4  19617466   9987126   2870184   9252388   3784331   5067481   3086404   2933589
         5   2658612   8850933   4284142   1998797   4157403   2396044   3245594   1868255
         6   1777763   1181962   4076633   2651424   1027488   1902532   1333956    842965
         7   1957223   1204202   1468059   2786052   4324835   2216395   2507460   1614911

Yield         469680    415598    388712    339407    331904    296472    373008    397446


Age             2006      2007      2008      2009      2010      2011      2012      2013
         0   1712120   1497406   2496564   1336214   1776228   1203434   1136587    503207
         1  10851128  13795744   6390489  21087244   4583750   8753340   5218195   6267298
         2   3265522  11967706  15476697   8880105  21493094   4334644   5712233   9612881
         3  21097242   3706322   6682852  10163730   5363115  12479155   2727479   4501503
         4   6832239  13722623   2935808   3901859   4234433   2692668   7040544   2397811
         5   1380358   3854954   5717955   1793153   1239447   1454903   1245814   3847178
         6    613632    623133   2255171   2836605    881009    533446    736463    682989
         7    935063    839363    661469   1361316   1504566    931523    735255    627200

Yield         344385    383019    371268    401629    334173    256559    226649    271410


Age             2014      2015      2016      2017      2018
         0   1597095    382980    920195    824664    779751
         1   4911208  17057263   2973969   3579884   6278336
         2   7619008   4720316  18520734   6141001   6497104
         3   6498613   5121411   3801288  16543725   6473215
         4   2373559   3272068   2547751   3195711  12795134
         5   1458602   1244627   1226450   1563614   1871268
         6   1402152    659072    508161    675502    610191
         7    724280    877404    856892    639665    463099

Yield         238589    245999    243038    282482    302904

Stock numbers

Species: Herring    



Age             1974      1975      1976      1977      1978      1979      1980      1981
         0         0         0         0         0         0         0         0         0
         1  16353915  12699297  23707299  17607565  22222757  18991116  25068294  36086474
         2  14948871  10163303   7568005  14854758  10633935  10990677   7914897  10050616
         3   8678451   9626138   6351372   4686366   9543322   6622858   6623202   4026612
         4   8938097   5563075   6037653   3802453   2994916   5964387   4086610   3501408
         5   3949855   5720275   3497004   3584122   2431178   1883246   3663329   2212925
         6   1790779   2436683   3475475   1968190   2217467   1510685   1137177   1867739
         7   1126499   1106303   1479818   1956848   1219340   1411469    921795    609956
         8   3978032   3271758   2767726   2468354   2832028   2673315   2659900   2023405

TSB          2481001   2215513   2052833   1886674   1974120   2297097   1901253   1722419
SSB          2083340   1906360   1635490   1495144   1528295   1866851   1444323   1149313


Age             1982      1983      1984      1985      1986      1987      1988      1989
         0         0         0         0         0         0         0         0         0
         1  36636778  26132983  31483606  22576056  12492164  24816730   9751381  14518419
         2  15519477  15342044  11761534  15904626  12633483   7234420  14461103   5594656
         3   5093957   7939559   7108537   5848633   8566445   7091597   4512091   8291830
         4   2125960   2661050   3920669   3562127   3190751   4584596   4323513   2646149
         5   1903835   1157837   1300994   2049513   1972417   1776769   2773918   2495836
         6   1170541   1016504    546700    630036   1088673   1043022   1050132   1521126
         7    986097    637439    495277    272908    336111    585930    626113    590101
         8   1485427   1394296   1028688    791896    584890    510201    671678    750663

TSB          2000972   1710734   1474411   1544103   1064614   1419614   1063664    869663
SSB          1344022   1219045    973443   1108289    808003   1033626    844636    656223


Age             1990      1991      1992      1993      1994      1995      1996      1997
         0         0         0         0         0         0         0         0         0
         1  18456118  15366568  19460963  18636692  15843822  21213787  17275401   8758106
         2   8810999  12685282  11228632  14320102  12796597  10687013  14732713  12431907
         3   3517761   5895295   8788331   8040555   9522793   8291366   6985176   9806878
         4   4748653   2165000   3808983   5975974   5078490   5765333   4963667   4273416
         5   1455499   2637088   1302956   2480553   3537924   2895953   3188894   2781043
         6   1276263    744181   1424748    792633   1367555   1847961   1454380   1615698
         7    786237    656920    409481    859471    441312    723280    933001    742784
         8    713166    779078    791549    734952    889371    714164    735765    861310

TSB           977157    883490    943040   1033583   1097645    908993    960413    670264
SSB           708661    637420    676981    758391    862544    644755    705575    531355


Age             1998      1999      2000      2001      2002      2003      2004      2005
         0         0         0         0         0         0         0         0         0
         1  13923741   7987028  13049141  10167644   9615254  19758986  10968911   7363975
         2   6346971   9903279   5635952   8573109   6404557   6256195  13675542   7839838
         3   8170496   4101704   6561416   3542680   5004788   4081168   4351671   9337776
         4   5828774   4690056   2501237   3683192   1809880   2942084   2646202   2918523
         5   2295967   3003253   2614893   1261156   1631539    981935   1783564   1676535
         6   1332502   1040029   1518369   1168727    479976    797270    548559   1065101
         7    778673    607996    531557    687723    447080    236514    448348    329151
         8    778124    715289    682438    554868    479291    459336    395151    510359

TSB           705159    552390    610532    617045    474161    731829    558692    528941
SSB           538889    436808    453274    471473    351786    501018    410592    426285


Age             2006      2007      2008      2009      2010      2011      2012      2013
         0         0         0         0         0         0         0         0         0
         1  12787819  10690355  19406379  13962227  10413095   6393823  13871487  14880198
         2   5055562   8605654   7191577  12748453   9063746   6556830   4079436   9316280
         3   5342118   3560484   6061054   4946341   8563074   5888008   4475681   3072961
         4   6171141   3552361   2403071   3985277   3239695   5473717   3904392   3224879
         5   1903346   3924271   2312897   1521343   2481851   2004330   3559368   2772969
         6   1051428   1162582   2421521   1406434    908080   1439274   1256640   2480979
         7    677344    658156    735605   1458480    853331    534751    906862    881284
         8    540665    771742    920772   1027392   1501924   1408932   1241404   1528251

TSB           672421    679432    779639    804443    783589    723603    720386    829947
SSB           518551    540677    567764    613708    635626    617049    580075    660083


Age             2014      2015      2016      2017      2018
         0         0         0         0         0         0
         1  11094854  30875357  10585972  13137690  19994278
         2  10107420   7506180  21715418   7417138   9403540
         3   6923902   7399296   5478419  14676519   5261647
         4   2317877   5044538   5179926   3680194   9788641
         5   2338820   1674155   3398007   3280786   2366681
         6   1975590   1607045   1072872   2012855   1966453
         7   1789871   1378073   1029449    641020   1218274
         8   1752207   2493756   2507362   2132860   1698022

TSB           863435   1024165    844224    859946    979848
SSB           715354    757172    698413    720719    799614
Species: Sprat      



Age             1974      1975      1976      1977      1978      1979      1980      1981
         0         0         0         0         0         0         0         0         0
         1  97313979  32380363 247324351  81508178  33810461  74411589  44833000 141546210
         2  83919106  47080242  15605509 133993199  36224126  11428949  23338854  13610866
         3  33946223  43654006  24025931   8817800  69430245  16156608   4864822   9347829
         4  16811300  17135016  21600803  13259119   4540638  31509826   6990269   2050373
         5   8981706   8817743   8813722  12265810   7081339   2186470  13662319   3023116
         6   5598911   4711021   4535574   5004788   6550840   3458026   1001354   5841208
         7   3457596   2996471   2473456   2617414   2753204   3225494   1581482    447836

TSB          2112264   1597504   1963613   2247853   1653744   1230124    845855   1121629
SSB          1744573   1459222   1130341   1877632   1511646    960257    669956    598295


Age             1982      1983      1984      1985      1986      1987      1988      1989
         0         0         0         0         0         0         0         0         0
         1  61815276 203549152  87503659  77536240  23607619  51345890  18027140  60282714
         2  48318457  21105309  88430123  43776574  42127199  12432058  27204381   9848043
         3   6303658  21742370  10616289  48740008  25848204  24974244   7458398  16345294
         4   4346839   2942261  11374804   6126837  29149949  15339652  15165189   4436909
         5   1015448   2081060   1567159   6601906   3713743  17635683   9523918   9279841
         6   1494489    507688   1126509    924201   4069511   2287683  10989011   5923719
         7   2756548    716299    278429    668810    581186   2530245   1438548   6883841

TSB           998943   1492648   1543205   1544176   1376128   1341510    962940   1042737
SSB           740037    730289   1164008   1228737   1258759   1139631    876671    810749


Age             1990      1991      1992      1993      1994      1995      1996      1997
         0         0         0         0         0         0         0         0         0
         1  72818565  71944919 106441274 107432111  62269109 253024769 184151518  60889291
         2  36390640  50704040  51634116  74067710  73134120  41960010 177715756 131840366
         3   6346462  26020395  37344409  35678381  50117434  47335093  28037576 115681378
         4  10554360   4479669  18907403  24880260  23705147  31156766  29995274  17159659
         5   2893316   7524963   3286411  12771727  16764837  15051146  20114387  18704749
         6   6114609   2077297   5545211   2235883   8631266  10664273   9744600  12595074
         7   3928022   4383786   1532802   3778013   1516766   5510156   6916244   6108644

TSB          1283919   1684864   2113405   2096182   2257793   2860073   3081525   2727987
SSB           980760   1373533   1682634   1666362   1995010   1968190   2380769   2463811


Age             1998      1999      2000      2001      2002      2003      2004      2005
         0         0         0         0         0         0         0         0         0
         1 185335791  49170828 112848947  54603506  67490509 158820038 286745477  52838535
         2  43514106 130770587  33757751  71846475  34926347  41140713  99989333 182341365
         3  85543128  27557420  82019705  20674569  44891152  20071580  24110885  57830870
         4  69598231  49759445  16041981  47340978  12482064  24145491  11022122  13151302
         5  10596800  41446676  29534290   9212542  28316756   6672653  13103997   5966036
         6  11603471   6353129  24626372  17005810   5539932  15147882   3634306   7084878
         7   7818383   6967282   3798862  14211268  10204583   2966363   8231710   1968730

TSB          2726818   2333260   2330580   1976410   1618278   1742217   2445740   2087438
SSB          2106994   2111813   1957843   1764526   1391137   1235120   1532964   1849055


Age             2006      2007      2008      2009      2010      2011      2012      2013
         0         0         0         0         0         0         0         0         0
         1  84043098 117088117  77917788 185482062  54087705  62353416  73503346  71943514
         2  32163528  51316923  69411004  44949943 107684372  30677428  35204982  42971028
         3 102159651  18724987  28457362  37899917  24762465  57814283  16775005  20542223
         4  30534632  56570719   9812289  14513983  19644631  12691632  29682370   9405398
         5   7001299  16883612  29302639   4985852   7461383  10031894   6503332  16519161
         6   3189684   3932562   8770826  14822575   2570669   3817409   5183883   3642071
         7   3795703   1799759   2064730   4427224   7615610   1317606   1968792   2909182

TSB          1783970   1665868   1665735   1871904   1649628   1315950   1213906   1290176
SSB          1515914   1292441   1393474   1300195   1434736   1117416    980987   1056805


Age             2014      2015      2016      2017      2018
         0         0         0         0         0         0
         1  73187157 254419342  78898298  69943366  81804593
         2  41233409  41983395 161319064  51135314  45480978
         3  24513426  23415983  26276543 101675862  31945491
         4  11203263  13277637  14123391  16229047  60779416
         5   5113238   6074562   7981889   8740717   9736727
         6   8991003   2788324   3672525   4949391   5267599
         7   1985288   4897289   1691990   2284005   2983750

TSB          1188559   1829006   1888120   1821729   1727912
SSB           956390   1087563   1594347   1602194   1477795

Fishing mortality

Species: Herring    



Age             1974      1975      1976      1977      1978      1979      1980      1981
         0    0.0000    0.0000    0.0000    0.0000    0.0000    0.0000    0.0000    0.0000
         1    0.0424    0.0412    0.0559    0.0391    0.0281    0.0273    0.0451    0.0504
         2    0.1336    0.1298    0.1759    0.1229    0.0885    0.0860    0.1420    0.1588
         3    0.1935    0.1880    0.2549    0.1781    0.1283    0.1246    0.2057    0.2300
         4    0.2134    0.2074    0.2811    0.1964    0.1415    0.1375    0.2269    0.2537
         5    0.2627    0.2552    0.3460    0.2417    0.1741    0.1692    0.2792    0.3122
         6    0.2627    0.2552    0.3460    0.2417    0.1741    0.1692    0.2792    0.3122
         7    0.2627    0.2552    0.3460    0.2417    0.1741    0.1692    0.2792    0.3122
         8    0.2627    0.2552    0.3460    0.2417    0.1741    0.1692    0.2792    0.3122

Avg. F 3-6     0.233     0.226     0.307     0.214     0.154     0.150     0.248     0.277


Age             1982      1983      1984      1985      1986      1987      1988      1989
         0    0.0000    0.0000    0.0000    0.0000    0.0000    0.0000    0.0000    0.0000
         1    0.0496    0.0678    0.0668    0.0619    0.0634    0.0490    0.0577    0.0847
         2    0.1562    0.2134    0.2102    0.1947    0.1996    0.1542    0.1817    0.1738
         3    0.2263    0.3092    0.3045    0.2821    0.2892    0.2234    0.2632    0.2678
         4    0.2496    0.3410    0.3358    0.3111    0.3189    0.2464    0.2903    0.3548
         5    0.3071    0.4197    0.4133    0.3828    0.3925    0.3032    0.3573    0.4519
         6    0.3071    0.4197    0.4133    0.3828    0.3925    0.3032    0.3573    0.4519
         7    0.3071    0.4197    0.4133    0.3828    0.3925    0.3032    0.3573    0.4519
         8    0.3071    0.4197    0.4133    0.3828    0.3925    0.3032    0.3573    0.4519

Avg. F 3-6     0.273     0.372     0.367     0.340     0.348     0.269     0.317     0.382


Age             1990      1991      1992      1993      1994      1995      1996      1997
         0    0.0000    0.0000    0.0000    0.0000    0.0000    0.0000    0.0000    0.0000
         1    0.0939    0.0850    0.0667    0.0782    0.0860    0.0934    0.0938    0.1070
         2    0.1927    0.1744    0.1369    0.1606    0.1765    0.1916    0.1925    0.2196
         3    0.2969    0.2688    0.2109    0.2474    0.2720    0.2953    0.2966    0.3384
         4    0.3934    0.3561    0.2794    0.3278    0.3604    0.3912    0.3930    0.4483
         5    0.5011    0.4537    0.3559    0.4176    0.4591    0.4984    0.5007    0.5711
         6    0.5011    0.4537    0.3559    0.4176    0.4591    0.4984    0.5007    0.5711
         7    0.5011    0.4537    0.3559    0.4176    0.4591    0.4984    0.5007    0.5711
         8    0.5011    0.4537    0.3559    0.4176    0.4591    0.4984    0.5007    0.5711

Avg. F 3-6     0.423     0.383     0.301     0.353     0.388     0.421     0.423     0.482


Age             1998      1999      2000      2001      2002      2003      2004      2005
         0    0.0000    0.0000    0.0000    0.0000    0.0000    0.0000    0.0000    0.0000
         1    0.1187    0.0961    0.1141    0.1446    0.0984    0.0768    0.0659    0.0526
         2    0.2436    0.1972    0.2342    0.2969    0.2019    0.1576    0.1352    0.1080
         3    0.3753    0.3039    0.3609    0.4575    0.3111    0.2428    0.2083    0.1664
         4    0.4973    0.4027    0.4782    0.6061    0.4121    0.3217    0.2760    0.2205
         5    0.6335    0.5129    0.6091    0.7721    0.5250    0.4098    0.3516    0.2809
         6    0.6335    0.5129    0.6091    0.7721    0.5250    0.4098    0.3516    0.2809
         7    0.6335    0.5129    0.6091    0.7721    0.5250    0.4098    0.3516    0.2809
         8    0.6335    0.5129    0.6091    0.7721    0.5250    0.4098    0.3516    0.2809

Avg. F 3-6     0.535     0.433     0.514     0.652     0.443     0.346     0.297     0.237


Age             2006      2007      2008      2009      2010      2011      2012      2013
         0    0.0000    0.0000    0.0000    0.0000    0.0000    0.0000    0.0000    0.0000
         1    0.0546    0.0523    0.0563    0.0578    0.0599    0.0492    0.0351    0.0319
         2    0.1120    0.1074    0.1156    0.1185    0.1230    0.1010    0.0720    0.0654
         3    0.1725    0.1654    0.1781    0.1827    0.1895    0.1556    0.1110    0.1008
         4    0.2286    0.2192    0.2360    0.2420    0.2511    0.2061    0.1470    0.1335
         5    0.2912    0.2792    0.3006    0.3083    0.3198    0.2626    0.1873    0.1701
         6    0.2912    0.2792    0.3006    0.3083    0.3198    0.2626    0.1873    0.1701
         7    0.2912    0.2792    0.3006    0.3083    0.3198    0.2626    0.1873    0.1701
         8    0.2912    0.2792    0.3006    0.3083    0.3198    0.2626    0.1873    0.1701

Avg. F 3-6     0.246     0.236     0.254     0.260     0.270     0.222     0.158     0.144


Age             2014      2015      2016      2017      2018
         0    0.0000    0.0000    0.0000    0.0000    0.0000
         1    0.0382    0.0544    0.0673    0.0663    0.0646
         2    0.0784    0.1116    0.1382    0.1361    0.1326
         3    0.1208    0.1720    0.2130    0.2096    0.2042
         4    0.1600    0.2279    0.2822    0.2778    0.2706
         5    0.2038    0.2903    0.3595    0.3538    0.3447
         6    0.2038    0.2903    0.3595    0.3538    0.3447
         7    0.2038    0.2903    0.3595    0.3538    0.3447
         8    0.2038    0.2903    0.3595    0.3538    0.3447

Avg. F 3-6     0.172     0.245     0.304     0.299     0.291
Species: Sprat      



Age             1974      1975      1976      1977      1978      1979      1980      1981
         0    0.0000    0.0000    0.0000    0.0000    0.0000    0.0000    0.0000    0.0000
         1    0.0358    0.0352    0.0268    0.0278    0.0174    0.0159    0.0185    0.0141
         2    0.1464    0.1437    0.1093    0.1137    0.0711    0.0647    0.0756    0.0574
         3    0.2220    0.2180    0.1658    0.1724    0.1078    0.0982    0.1146    0.0871
         4    0.2047    0.2010    0.1529    0.1590    0.0994    0.0906    0.1057    0.0803
         5    0.2047    0.2010    0.1529    0.1590    0.0994    0.0906    0.1057    0.0803
         6    0.2047    0.2010    0.1529    0.1590    0.0994    0.0906    0.1057    0.0803
         7    0.2047    0.2010    0.1529    0.1590    0.0994    0.0906    0.1057    0.0803

Avg. F 3-5     0.210     0.207     0.157     0.164     0.102     0.093     0.109     0.083


Age             1982      1983      1984      1985      1986      1987      1988      1989
         0    0.0000    0.0000    0.0000    0.0000    0.0000    0.0000    0.0000    0.0000
         1    0.0116    0.0060    0.0049    0.0070    0.0105    0.0096    0.0109    0.0099
         2    0.0474    0.0245    0.0200    0.0285    0.0431    0.0390    0.0445    0.0406
         3    0.0718    0.0372    0.0304    0.0432    0.0653    0.0592    0.0675    0.0616
         4    0.0663    0.0343    0.0280    0.0398    0.0602    0.0546    0.0622    0.0568
         5    0.0663    0.0343    0.0280    0.0398    0.0602    0.0546    0.0622    0.0568
         6    0.0663    0.0343    0.0280    0.0398    0.0602    0.0546    0.0622    0.0568
         7    0.0663    0.0343    0.0280    0.0398    0.0602    0.0546    0.0622    0.0568

Avg. F 3-5     0.068     0.035     0.029     0.041     0.062     0.056     0.064     0.058


Age             1990      1991      1992      1993      1994      1995      1996      1997
         0    0.0000    0.0000    0.0000    0.0000    0.0000    0.0000    0.0000    0.0000
         1    0.0080    0.0082    0.0219    0.0152    0.0261    0.0258    0.0348    0.0380
         2    0.0327    0.0335    0.0895    0.0620    0.1066    0.1055    0.1422    0.1553
         3    0.0495    0.0509    0.1357    0.0941    0.1617    0.1600    0.2156    0.2356
         4    0.0457    0.0469    0.1252    0.0868    0.1491    0.1476    0.1989    0.2173
         5    0.0457    0.0469    0.1252    0.0868    0.1491    0.1476    0.1989    0.2173
         6    0.0457    0.0469    0.1252    0.0868    0.1491    0.1476    0.1989    0.2173
         7    0.0457    0.0469    0.1252    0.0868    0.1491    0.1476    0.1989    0.2173

Avg. F 3-5     0.047     0.048     0.129     0.089     0.153     0.152     0.204     0.223


Age             1998      1999      2000      2001      2002      2003      2004      2005
         0    0.0000    0.0000    0.0000    0.0000    0.0000    0.0000    0.0000    0.0000
         1    0.0427    0.0403    0.0893    0.0726    0.1096    0.1115    0.1178    0.1118
         2    0.1742    0.1645    0.1808    0.1470    0.2221    0.2259    0.2386    0.2265
         3    0.2643    0.2495    0.2373    0.1929    0.2915    0.2965    0.3132    0.2973
         4    0.2437    0.2301    0.2467    0.2005    0.3029    0.3082    0.3255    0.3090
         5    0.2437    0.2301    0.2467    0.2005    0.3029    0.3082    0.3255    0.3090
         6    0.2437    0.2301    0.2467    0.2005    0.3029    0.3082    0.3255    0.3090
         7    0.2437    0.2301    0.2467    0.2005    0.3029    0.3082    0.3255    0.3090

Avg. F 3-5     0.251     0.237     0.244     0.198     0.299     0.304     0.321     0.305


Age             2006      2007      2008      2009      2010      2011      2012      2013
         0    0.0000    0.0000    0.0000    0.0000    0.0000    0.0000    0.0000    0.0000
         1    0.0885    0.1123    0.1190    0.1146    0.1099    0.1084    0.0891    0.1018
         2    0.1794    0.2275    0.2410    0.2321    0.2226    0.2196    0.1806    0.2061
         3    0.2354    0.2986    0.3164    0.3046    0.2921    0.2882    0.2370    0.2706
         4    0.2447    0.3104    0.3288    0.3166    0.3036    0.2996    0.2463    0.2812
         5    0.2447    0.3104    0.3288    0.3166    0.3036    0.2996    0.2463    0.2812
         6    0.2447    0.3104    0.3288    0.3166    0.3036    0.2996    0.2463    0.2812
         7    0.2447    0.3104    0.3288    0.3166    0.3036    0.2996    0.2463    0.2812

Avg. F 3-5     0.242     0.306     0.325     0.313     0.300     0.296     0.243     0.278


Age             2014      2015      2016      2017      2018
         0    0.0000    0.0000    0.0000    0.0000    0.0000
         1    0.1032    0.0758    0.0671    0.0808    0.0698
         2    0.2090    0.1535    0.1359    0.1636    0.1413
         3    0.2743    0.2015    0.1783    0.2147    0.1855
         4    0.2851    0.2094    0.1853    0.2232    0.1928
         5    0.2851    0.2094    0.1853    0.2232    0.1928
         6    0.2851    0.2094    0.1853    0.2232    0.1928
         7    0.2851    0.2094    0.1853    0.2232    0.1928

Avg. F 3-5     0.282     0.207     0.183     0.220     0.190

Predation mortality

Species: Herring    



Age             1974      1975      1976      1977      1978      1979      1980      1981
         0    0.3251    0.2709    0.2677    0.4041    0.5600    0.6031    0.5329    0.5555
         1    0.3332    0.3764    0.3116    0.3652    0.5759    0.7479    0.7688    0.6934
         2    0.2066    0.2403    0.2033    0.2195    0.2850    0.3204    0.4338    0.4208
         3    0.1512    0.1785    0.1581    0.1696    0.2418    0.2582    0.3317    0.3087
         4    0.1329    0.1569    0.1404    0.1508    0.2224    0.2500    0.2865    0.2556
         5    0.1204    0.1431    0.1288    0.1384    0.2017    0.2353    0.2944    0.2247
         6    0.1190    0.1435    0.1284    0.1371    0.1776    0.2248    0.2437    0.2265
         7    0.1046    0.1288    0.1162    0.1218    0.1616    0.1909    0.2172    0.1899
         8    0.0759    0.0950    0.0866    0.0911    0.1331    0.1438    0.1832    0.1516




Age             1982      1983      1984      1985      1986      1987      1988      1989
         0    0.5100    0.4415    0.3528    0.3153    0.3096    0.3272    0.2714    0.1994
         1    0.7208    0.6305    0.5161    0.4187    0.3828    0.3911    0.3979    0.3148
         2    0.4141    0.4559    0.3884    0.3241    0.2778    0.2179    0.2745    0.1902
         3    0.3231    0.2964    0.2864    0.2239    0.2360    0.1715    0.1704    0.1897
         4    0.2581    0.2746    0.2128    0.1800    0.1665    0.1561    0.1591    0.1430
         5    0.2204    0.2307    0.2118    0.1498    0.1446    0.1227    0.1435    0.1188
         6    0.2006    0.1993    0.1815    0.1455    0.1270    0.1072    0.1191    0.1080
         7    0.2012    0.1826    0.1582    0.1323    0.1125    0.0951    0.1017    0.0897
         8    0.1422    0.1511    0.1333    0.1108    0.0900    0.0768    0.0796    0.0713




Age             1990      1991      1992      1993      1994      1995      1996      1997
         0    0.1128    0.0916    0.1207    0.1553    0.1316    0.1105    0.0904    0.0830
         1    0.1811    0.1287    0.1401    0.1977    0.2077    0.1712    0.1352    0.1150
         2    0.1092    0.0926    0.0971    0.1474    0.1574    0.1336    0.1145    0.1001
         3    0.0885    0.0680    0.0748    0.1121    0.1298    0.1178    0.0947    0.0819
         4    0.0948    0.0516    0.0495    0.0964    0.1013    0.1010    0.0863    0.0729
         5    0.0697    0.0620    0.0411    0.0779    0.0903    0.0904    0.0792    0.0647
         6    0.0630    0.0437    0.0495    0.0681    0.0778    0.0851    0.0712    0.0588
         7    0.0573    0.0470    0.0372    0.0762    0.0639    0.0729    0.0656    0.0551
         8    0.0495    0.0377    0.0342    0.0546    0.0628    0.0697    0.0545    0.0500




Age             1998      1999      2000      2001      2002      2003      2004      2005
         0    0.1055    0.1260    0.1566    0.1643    0.1547    0.1211    0.1456    0.1889
         1    0.1221    0.1526    0.2060    0.2176    0.2314    0.1912    0.1700    0.2235
         2    0.0930    0.1144    0.1301    0.1413    0.1488    0.1054    0.1463    0.1756
         3    0.0798    0.0907    0.1166    0.1142    0.1202    0.0905    0.0912    0.1478
         4    0.0658    0.0816    0.1066    0.1081    0.0993    0.0788    0.0804    0.1070
         5    0.0584    0.0691    0.0962    0.0939    0.0911    0.0725    0.0639    0.0857
         6    0.0511    0.0583    0.0829    0.0888    0.0827    0.0659    0.0592    0.0717
         7    0.0498    0.0554    0.0740    0.0808    0.0766    0.0590    0.0538    0.0648
         8    0.0387    0.0441    0.0737    0.0802    0.0763    0.0546    0.0475    0.0555




Age             2006      2007      2008      2009      2010      2011      2012      2013
         0    0.1897    0.1985    0.2034    0.2285    0.2438    0.2261    0.2099    0.2215
         1    0.2415    0.2441    0.2639    0.2743    0.3026    0.3002    0.2630    0.2549
         2    0.1386    0.1432    0.1587    0.1794    0.2084    0.1809    0.1113    0.1314
         3    0.1355    0.1277    0.1412    0.1405    0.1580    0.1553    0.1168    0.0812
         4    0.1241    0.1099    0.1212    0.1316    0.1291    0.1243    0.0952    0.0877
         5    0.1017    0.1036    0.0969    0.1077    0.1251    0.1043    0.0736    0.0690
         6    0.0772    0.0785    0.1064    0.0914    0.1097    0.0993    0.0675    0.0564
         7    0.0692    0.0686    0.0830    0.1042    0.0950    0.0848    0.0586    0.0529
         8    0.0600    0.0545    0.0723    0.0835    0.0935    0.0861    0.0494    0.0459




Age             2014      2015      2016      2017      2018
         0    0.1713    0.1616    0.1451    0.1234    0.0955
         1    0.2526    0.1976    0.1884    0.1681    0.1441
         2    0.1335    0.1033    0.1535    0.1073    0.0880
         3    0.0959    0.0846    0.0848    0.0954    0.0619
         4    0.0653    0.0673    0.0745    0.0637    0.0604
         5    0.0714    0.0547    0.0641    0.0580    0.0421
         6    0.0563    0.0551    0.0555    0.0483    0.0410
         7    0.0497    0.0476    0.0509    0.0390    0.0391
         8    0.0444    0.0424    0.0443    0.0363    0.0328


Species: Sprat      



Age             1974      1975      1976      1977      1978      1979      1980      1981
         0    0.2348    0.1714    0.1841    0.3141    0.3838    0.3631    0.3220    0.3437
         1    0.4903    0.4947    0.3861    0.5831    0.8672    0.9436    0.9736    0.8608
         2    0.3072    0.3290    0.2615    0.3438    0.5363    0.5894    0.6394    0.5123
         3    0.2617    0.2856    0.2286    0.2913    0.4822    0.5396    0.5494    0.4786
         4    0.2405    0.2638    0.2130    0.2682    0.4314    0.5451    0.5325    0.4224
         5    0.2405    0.2638    0.2130    0.2682    0.4173    0.4904    0.5440    0.4242
         6    0.2204    0.2433    0.1968    0.2386    0.4091    0.4918    0.4990    0.4707
         7    0.2362    0.2588    0.2098    0.2634    0.4105    0.5069    0.5196    0.4029




Age             1982      1983      1984      1985      1986      1987      1988      1989
         0    0.2862    0.2316    0.1830    0.1709    0.1813    0.1849    0.1433    0.1050
         1    0.8630    0.6277    0.4877    0.4031    0.4307    0.4257    0.3937    0.2948
         2    0.5512    0.4626    0.3757    0.2984    0.2798    0.2719    0.2649    0.1987
         3    0.4901    0.4107    0.3193    0.2709    0.2565    0.2397    0.2519    0.1758
         4    0.4703    0.3956    0.3160    0.2608    0.2423    0.2221    0.2289    0.1707
         5    0.4270    0.3795    0.3001    0.2440    0.2243    0.2185    0.2126    0.1603
         6    0.4692    0.3664    0.2933    0.2240    0.2150    0.2093    0.2055    0.1540
         7    0.4805    0.3648    0.2867    0.2353    0.2110    0.1983    0.1965    0.1510




Age             1990      1991      1992      1993      1994      1995      1996      1997
         0    0.0571    0.0525    0.0685    0.0787    0.0626    0.0519    0.0436    0.0432
         1    0.1540    0.1235    0.1407    0.1694    0.1686    0.1275    0.0994    0.0979
         2    0.1028    0.0723    0.0801    0.1286    0.1284    0.0977    0.0872    0.0772
         3    0.0988    0.0685    0.0704    0.1148    0.1136    0.0962    0.0753    0.0725
         4    0.0926    0.0629    0.0671    0.1080    0.1051    0.0900    0.0734    0.0647
         5    0.0856    0.0584    0.0600    0.1051    0.1032    0.0872    0.0693    0.0602
         6    0.0871    0.0571    0.0586    0.1013    0.0997    0.0855    0.0681    0.0595
         7    0.0819    0.0579    0.0567    0.0966    0.0987    0.0843    0.0688    0.0584




Age             1998      1999      2000      2001      2002      2003      2004      2005
         0    0.0551    0.0632    0.0732    0.0760    0.0689    0.0538    0.0667    0.0849
         1    0.1061    0.1358    0.1623    0.1743    0.1854    0.1512    0.1349    0.1846
         2    0.0826    0.1020    0.1095    0.1233    0.1319    0.1084    0.1090    0.1528
         3    0.0775    0.0915    0.1122    0.1117    0.1287    0.1029    0.0930    0.1413
         4    0.0746    0.0915    0.1080    0.1134    0.1233    0.1030    0.0883    0.1214
         5    0.0679    0.0905    0.1053    0.1081    0.1227    0.0994    0.0895    0.1171
         6    0.0664    0.0841    0.1031    0.1102    0.1217    0.1017    0.0875    0.1151
         7    0.0666    0.0808    0.0976    0.1109    0.1219    0.1027    0.0890    0.1179




Age             2006      2007      2008      2009      2010      2011      2012      2013
         0    0.0859    0.0906    0.0919    0.1035    0.1104    0.1041    0.1006    0.1077
         1    0.2048    0.2106    0.2311    0.2292    0.2572    0.2632    0.2477    0.2549
         2    0.1616    0.1621    0.1641    0.1642    0.1994    0.1840    0.1581    0.1552
         3    0.1556    0.1476    0.1569    0.1526    0.1763    0.1784    0.1416    0.1357
         4    0.1478    0.1475    0.1482    0.1488    0.1684    0.1690    0.1397    0.1282
         5    0.1321    0.1446    0.1527    0.1459    0.1666    0.1606    0.1334    0.1271
         6    0.1276    0.1339    0.1548    0.1494    0.1647    0.1626    0.1313    0.1256
         7    0.1282    0.1263    0.1409    0.1462    0.1649    0.1581    0.1324    0.1262




Age             2014      2015      2016      2017      2018
         0    0.0822    0.0775    0.0688    0.0586    0.0449
         1    0.2526    0.1798    0.1666    0.1496    0.1222
         2    0.1568    0.1151    0.1257    0.1068    0.0883
         3    0.1388    0.1041    0.1036    0.0998    0.0817
         4    0.1270    0.0995    0.0945    0.0877    0.0797
         5    0.1213    0.0938    0.0926    0.0832    0.0726
         6    0.1224    0.0901    0.0896    0.0829    0.0702
         7    0.1281    0.0965    0.0906    0.0836    0.0715

