Species.n Year Quarter Age N west consum size
1 1974 1 1 526192 0.003646 0.004 50
1 1974 1 2 1.55184e+006 0.021226 0.03 119
1 1974 1 3 533174 0.055508 0.066 168
1 1974 1 4 568039 0.124231 0.122 220
1 1974 1 5 312184 0.225511 0.192 269
1 1974 1 6 273072 0.371008 0.28 317
1 1974 1 7 101710 0.587014 0.396 369
1 1974 1 8 124987 0.953938 0.565 431
1 1974 1 9 36366 1.7924 0.907 530
1 1974 1 10 9764 3.03818 1.342 629
1 1974 1 11 3013 5.33221 2 749
1 1974 2 1 161310 0.003646 0.004 50
1 1974 2 2 862051 0.023413 0.033 124
1 1974 2 3 642522 0.056349 0.066 169
1 1974 2 4 548117 0.120517 0.119 218
1 1974 2 5 278948 0.226664 0.194 270
1 1974 2 6 292804 0.372985 0.28 317
1 1974 2 7 110104 0.586233 0.396 369
1 1974 2 8 129222 0.95479 0.565 431
1 1974 2 9 37981 1.78992 0.907 530
1 1974 2 10 9907 3.036 1.342 629
1 1974 2 11 2998 5.33052 2 749
1 1974 3 0 -1 -1 0 -1
1 1974 3 1 3.60578e+006 0.003646 0.004 50
1 1974 3 2 400915 0.02434 0.034 126
1 1974 3 3 488418 0.057602 0.067 170
1 1974 3 4 587867 0.12035 0.119 218
1 1974 3 5 255867 0.226173 0.192 269
1 1974 3 6 287418 0.376031 0.282 318
1 1974 3 7 122656 0.586691 0.396 369
1 1974 3 8 142954 0.953144 0.565 431
1 1974 3 9 42567 1.79173 0.907 530
1 1974 3 10 11115 3.03488 1.342 629
1 1974 3 11 3336 5.33081 2 749
1 1974 4 0 -1 -1 0 -1
1 1974 4 1 1.71182e+006 0.003646 0.004 50
1 1974 4 2 1.08603e+006 0.016922 0.025 111
1 1974 4 3 297289 0.058254 0.068 171
1 1974 4 4 519196 0.123268 0.12 219
1 1974 4 5 259706 0.225697 0.192 269
1 1974 4 6 275114 0.376495 0.282 318
1 1974 4 7 127789 0.587815 0.396 369
1 1974 4 8 160008 0.954113 0.565 431
1 1974 4 9 48329 1.79452 0.907 530
1 1974 4 10 12882 3.0347 1.342 629
1 1974 4 11 3852 5.33162 2 749
1 1975 1 1 441297 0.003646 0.004 50
1 1975 1 2 1.28664e+006 0.021155 0.03 119
1 1975 1 3 407650 0.055176 0.066 168
1 1975 1 4 400543 0.1246 0.122 220
1 1975 1 5 244114 0.226393 0.192 269
1 1975 1 6 264400 0.375674 0.282 318
1 1975 1 7 121989 0.588325 0.396 369
1 1975 1 8 164653 0.958307 0.568 432
1 1975 1 9 50795 1.7943 0.907 530
1 1975 1 10 13588 3.03431 1.342 629
1 1975 1 11 4017 5.32719 2 749
1 1975 2 1 134899 0.003646 0.004 50
1 1975 2 2 716842 0.023383 0.033 124
1 1975 2 3 519834 0.05623 0.066 169
1 1975 2 4 406004 0.119743 0.118 217
1 1975 2 5 205623 0.227134 0.194 270
1 1975 2 6 248569 0.376629 0.282 318
1 1975 2 7 115816 0.588232 0.396 369
1 1975 2 8 161676 0.963122 0.568 432
1 1975 2 9 52253 1.79342 0.907 530
1 1975 2 10 13861 3.03385 1.342 629
1 1975 2 11 4042 5.319 1.994 748
1 1975 3 0 -1 -1 0 -1
1 1975 3 1 5.15392e+006 0.003646 0.004 50
1 1975 3 2 336153 0.024216 0.033 125
1 1975 3 3 400441 0.05755 0.067 170
1 1975 3 4 459744 0.119715 0.118 217
1 1975 3 5 188437 0.226147 0.192 269
1 1975 3 6 226158 0.378422 0.284 319
1 1975 3 7 113472 0.588562 0.396 369
1 1975 3 8 163980 0.966981 0.571 433
1 1975 3 9 57130 1.79677 0.907 530
1 1975 3 10 15450 3.03459 1.342 629
1 1975 3 11 4511 5.31505 1.994 748
1 1975 4 0 -1 -1 0 -1
1 1975 4 1 2.4496e+006 0.003646 0.004 50
1 1975 4 2 1.45534e+006 0.016324 0.024 109
1 1975 4 3 247774 0.0581 0.068 171
1 1975 4 4 416000 0.122911 0.12 219
1 1975 4 5 198107 0.225451 0.192 269
1 1975 4 6 209858 0.377551 0.284 319
1 1975 4 7 107939 0.589245 0.396 369
1 1975 4 8 166063 0.970818 0.571 433
1 1975 4 9 62523 1.80271 0.911 531
1 1975 4 10 17694 3.03632 1.342 629
1 1975 4 11 5215 5.31418 1.994 748
1 1976 1 1 629207 0.003646 0.004 50
1 1976 1 2 1.80249e+006 0.021042 0.03 119
1 1976 1 3 489138 0.054421 0.065 167
1 1976 1 4 337669 0.12336 0.12 219
1 1976 1 5 191604 0.226183 0.192 269
1 1976 1 6 201945 0.375609 0.282 318
1 1976 1 7 96976 0.589223 0.396 369
1 1976 1 8 154956 0.974574 0.574 434
1 1976 1 9 62028 1.80763 0.911 531
1 1976 1 10 18359 3.03823 1.342 629
1 1976 1 11 5441 5.31077 1.994 748
1 1976 2 1 191451 0.003646 0.004 50
1 1976 2 2 1.0085e+006 0.023335 0.033 124
1 1976 2 3 696806 0.056006 0.066 169
1 1976 2 4 429399 0.116612 0.115 215
1 1976 2 5 166669 0.226702 0.194 270
1 1976 2 6 192227 0.376099 0.282 318
1 1976 2 7 89150 0.588552 0.396 369
1 1976 2 8 139157 0.976454 0.574 434
1 1976 2 9 58342 1.81154 0.915 532
1 1976 2 10 18010 3.04109 1.347 630
1 1976 2 11 5385 5.30581 1.994 748
1 1976 3 0 -1 -1 0 -1
1 1976 3 1 1.11033e+007 0.003646 0.004 50
1 1976 3 2 477635 0.024055 0.033 125
1 1976 3 3 549348 0.057454 0.067 170
1 1976 3 4 566477 0.117991 0.117 216
1 1976 3 5 175798 0.224757 0.192 269
1 1976 3 6 180579 0.377165 0.282 318
1 1976 3 7 87540 0.588542 0.396 369
1 1976 3 8 134257 0.976391 0.574 434
1 1976 3 9 58789 1.81699 0.915 532
1 1976 3 10 19263 3.04642 1.347 630
1 1976 3 11 5944 5.30764 1.994 748
1 1976 4 0 -1 -1 0 -1
1 1976 4 1 5.28016e+006 0.003646 0.004 50
1 1976 4 2 3.03423e+006 0.016004 0.024 109
1 1976 4 3 347850 0.057888 0.068 171
1 1976 4 4 542515 0.122057 0.12 219
1 1976 4 5 219986 0.224235 0.192 269
1 1976 4 6 185596 0.374138 0.282 318
1 1976 4 7 85660 0.588935 0.396 369
1 1976 4 8 134634 0.976836 0.574 434
1 1976 4 9 61197 1.82296 0.919 533
1 1976 4 10 21510 3.05333 1.347 630
1 1976 4 11 6971 5.31673 1.994 748
1 1977 1 1 1.35391e+006 0.003646 0.004 50
1 1977 1 2 3.84513e+006 0.020986 0.03 119
1 1977 1 3 955926 0.053938 0.065 167
1 1977 1 4 476839 0.121623 0.119 218
1 1977 1 5 235432 0.225482 0.192 269
1 1977 1 6 207532 0.371562 0.28 317
1 1977 1 7 82858 0.588157 0.396 369
1 1977 1 8 127348 0.977178 0.574 434
1 1977 1 9 58694 1.82638 0.919 533
1 1977 1 10 21779 3.05992 1.352 631
1 1977 1 11 7421 5.32805 2 749
1 1977 2 1 411059 0.003646 0.004 50
1 1977 2 2 2.15611e+006 0.023311 0.033 124
1 1977 2 3 1.45333e+006 0.055886 0.066 169
1 1977 2 4 766773 0.114095 0.114 214
1 1977 2 5 221497 0.225924 0.192 269
1 1977 2 6 222556 0.373112 0.28 317
1 1977 2 7 86395 0.586893 0.396 369
1 1977 2 8 119578 0.973897 0.574 434
1 1977 2 9 54190 1.82759 0.919 533
1 1977 2 10 20835 3.06594 1.352 631
1 1977 2 11 7469 5.34253 2 749
1 1977 3 0 -1 -1 0 -1
1 1977 3 1 9.11463e+006 0.003646 0.004 50
1 1977 3 2 1.0003e+006 0.024283 0.033 125
1 1977 3 3 1.15981e+006 0.057405 0.067 170
1 1977 3 4 1.12603e+006 0.116934 0.117 216
1 1977 3 5 279348 0.223275 0.191 268
1 1977 3 6 228998 0.374113 0.282 318
1 1977 3 7 94853 0.587002 0.396 369
1 1977 3 8 123378 0.967787 0.571 433
1 1977 3 9 53816 1.82931 0.919 533
1 1977 3 10 21460 3.07216 1.356 632
1 1977 3 11 8165 5.36485 2.006 750
1 1977 4 0 -1 -1 0 -1
1 1977 4 1 4.32652e+006 0.003646 0.004 50
1 1977 4 2 2.73687e+006 0.016891 0.025 110
1 1977 4 3 715653 0.058138 0.068 171
1 1977 4 4 1.11404e+006 0.121574 0.119 218
1 1977 4 5 406464 0.223308 0.191 268
1 1977 4 6 272474 0.369421 0.278 316
1 1977 4 7 101379 0.587406 0.396 369
1 1977 4 8 133347 0.964537 0.568 432
1 1977 4 9 55670 1.83023 0.923 534
1 1977 4 10 22945 3.07816 1.356 632
1 1977 4 11 9298 5.39349 2.012 751
1 1978 1 1 1.11505e+006 0.003646 0.004 50
1 1978 1 2 3.248e+006 0.021148 0.03 119
1 1978 1 3 1.0136e+006 0.055087 0.066 168
1 1978 1 4 910516 0.123552 0.12 219
1 1978 1 5 466050 0.225038 0.192 269
1 1978 1 6 357294 0.367707 0.278 316
1 1978 1 7 112549 0.58607 0.396 369
1 1978 1 8 139693 0.963142 0.568 432
1 1978 1 9 55474 1.8275 0.919 533
1 1978 1 10 23011 3.08279 1.356 632
1 1978 1 11 9863 5.42431 2.025 753
1 1978 2 1 340759 0.003646 0.004 50
1 1978 2 2 1.81001e+006 0.02338 0.033 124
1 1978 2 3 1.3064e+006 0.056205 0.066 169
1 1978 2 4 976191 0.118966 0.118 217
1 1978 2 5 435348 0.226307 0.192 269
1 1978 2 6 421549 0.370943 0.28 317
1 1978 2 7 138448 0.58486 0.396 369
1 1978 2 8 149546 0.956707 0.565 431
1 1978 2 9 54927 1.82268 0.919 533
1 1978 2 10 22323 3.08556 1.361 633
1 1978 2 11 10033 5.45652 2.031 754
1 1978 3 0 -1 -1 0 -1
1 1978 3 1 5.43778e+006 0.003646 0.004 50
1 1978 3 2 838168 0.024365 0.034 126
1 1978 3 3 1.00844e+006 0.057539 0.067 170
1 1978 3 4 1.13612e+006 0.119355 0.118 217
1 1978 3 5 428322 0.225489 0.192 269
1 1978 3 6 436032 0.374473 0.282 318
1 1978 3 7 169014 0.585593 0.396 369
1 1978 3 8 174940 0.947772 0.562 430
1 1978 3 9 57628 1.8188 0.915 532
1 1978 3 10 22827 3.0868 1.361 633
1 1978 3 11 10695 5.49181 2.037 755
1 1978 4 0 -1 -1 0 -1
1 1978 4 1 2.57852e+006 0.003646 0.004 50
1 1978 4 2 1.73232e+006 0.01741 0.026 112
1 1978 4 3 613371 0.058267 0.068 171
1 1978 4 4 1.03779e+006 0.122739 0.12 219
1 1978 4 5 473429 0.225044 0.192 269
1 1978 4 6 443493 0.374419 0.282 318
1 1978 4 7 186805 0.586957 0.396 369
1 1978 4 8 208891 0.945696 0.562 430
1 1978 4 9 62703 1.81331 0.915 532
1 1978 4 10 23938 3.08649 1.361 633
1 1978 4 11 11582 5.52833 2.043 756
1 1979 1 1 666936 0.003646 0.004 50
1 1979 1 2 1.97575e+006 0.021255 0.03 120
1 1979 1 3 703155 0.05566 0.066 168
1 1979 1 4 804408 0.124698 0.122 220
1 1979 1 5 472545 0.225999 0.192 269
1 1979 1 6 464522 0.373515 0.28 317
1 1979 1 7 192073 0.587428 0.396 369
1 1979 1 8 233339 0.950114 0.562 430
1 1979 1 9 67236 1.80376 0.911 531
1 1979 1 10 23825 3.08365 1.356 632
1 1979 1 11 11685 5.56209 2.055 758
1 1979 2 1 204746 0.003646 0.004 50
1 1979 2 2 1.09671e+006 0.023426 0.033 124
1 1979 2 3 828117 0.056408 0.066 169
1 1979 2 4 747605 0.121208 0.119 218
1 1979 2 5 409378 0.227004 0.194 270
1 1979 2 6 467625 0.37506 0.282 318
1 1979 2 7 198190 0.58728 0.396 369
1 1979 2 8 248160 0.955192 0.565 431
1 1979 2 9 72741 1.79519 0.907 530
1 1979 2 10 23372 3.0776 1.356 632
1 1979 2 11 11369 5.59091 2.062 759
1 1979 3 0 -1 -1 0 -1
1 1979 3 1 8.90702e+006 0.003646 0.004 50
1 1979 3 2 516272 0.024207 0.033 125
1 1979 3 3 625861 0.057629 0.067 170
1 1979 3 4 775925 0.120803 0.119 218
1 1979 3 5 361995 0.226557 0.194 270
1 1979 3 6 437955 0.377574 0.284 319
1 1979 3 7 205522 0.587725 0.396 369
1 1979 3 8 265884 0.958307 0.568 432
1 1979 3 9 81965 1.79335 0.907 530
1 1979 3 10 24569 3.06926 1.356 632
1 1979 3 11 11649 5.61597 2.068 760
1 1979 4 0 -1 -1 0 -1
1 1979 4 1 4.23438e+006 0.003646 0.004 50
1 1979 4 2 2.48952e+006 0.016226 0.024 109
1 1979 4 3 386767 0.058111 0.068 171
1 1979 4 4 676098 0.123521 0.12 219
1 1979 4 5 354065 0.226037 0.192 269
1 1979 4 6 403709 0.377979 0.284 319
1 1979 4 7 203600 0.588666 0.396 369
1 1979 4 8 284415 0.962094 0.568 432
1 1979 4 9 93393 1.79619 0.907 530
1 1979 4 10 27317 3.0608 1.352 631
1 1979 4 11 12445 5.63528 2.068 760
1 1980 1 1 1.08713e+006 0.003646 0.004 50
1 1980 1 2 3.10614e+006 0.021026 0.03 119
1 1980 1 3 823767 0.054306 0.065 167
1 1980 1 4 545296 0.123522 0.12 219
1 1980 1 5 326844 0.226632 0.194 270
1 1980 1 6 377080 0.377167 0.282 318
1 1980 1 7 189201 0.58915 0.396 369
1 1980 1 8 285289 0.967499 0.571 433
1 1980 1 9 100301 1.79942 0.911 531
1 1980 1 10 29228 3.05351 1.347 630
1 1980 1 11 12595 5.64317 2.068 760
1 1980 2 1 330598 0.003646 0.004 50
1 1980 2 2 1.73929e+006 0.023328 0.033 124
1 1980 2 3 1.19402e+006 0.055976 0.066 169
1 1980 2 4 715523 0.116286 0.115 215
1 1980 2 5 277228 0.226969 0.194 270
1 1980 2 6 344038 0.377785 0.284 319
1 1980 2 7 172663 0.58905 0.396 369
1 1980 2 8 269323 0.972434 0.574 434
1 1980 2 9 101644 1.8025 0.911 531
1 1980 2 10 29824 3.04845 1.347 630
1 1980 2 11 12073 5.63566 2.068 760
1 1980 3 0 -1 -1 0 -1
1 1980 3 1 9.0401e+006 0.003646 0.004 50
1 1980 3 2 809532 0.024257 0.033 125
1 1980 3 3 944206 0.057442 0.067 170
1 1980 3 4 961521 0.1178 0.117 216
1 1980 3 5 291484 0.22473 0.192 269
1 1980 3 6 309414 0.378364 0.284 319
1 1980 3 7 160957 0.589212 0.396 369
1 1980 3 8 256963 0.975784 0.574 434
1 1980 3 9 104540 1.80761 0.911 531
1 1980 3 10 31695 3.04707 1.347 630
1 1980 3 11 12252 5.61925 2.062 759
1 1980 4 0 -1 -1 0 -1
1 1980 4 1 4.29359e+006 0.003646 0.004 50
1 1980 4 2 2.64085e+006 0.016641 0.025 110
1 1980 4 3 583513 0.058118 0.068 171
1 1980 4 4 926371 0.121957 0.12 219
1 1980 4 5 369485 0.224131 0.192 269
1 1980 4 6 310741 0.374558 0.282 318
1 1980 4 7 149806 0.589508 0.396 369
1 1980 4 8 248671 0.978831 0.577 435
1 1980 4 9 108803 1.81432 0.915 532
1 1980 4 10 34914 3.04889 1.347 630
1 1980 4 11 13185 5.59926 2.062 759
1 1981 1 1 1.10485e+006 0.003646 0.004 50
1 1981 1 2 3.19399e+006 0.0211 0.03 119
1 1981 1 3 937529 0.054806 0.065 167
1 1981 1 4 757137 0.123424 0.12 219
1 1981 1 5 398972 0.225414 0.192 269
1 1981 1 6 347488 0.371443 0.28 317
1 1981 1 7 140446 0.588508 0.396 369
1 1981 1 8 227686 0.980796 0.577 435
1 1981 1 9 104882 1.81995 0.919 533
1 1981 1 10 35631 3.05214 1.347 630
1 1981 1 11 13288 5.57466 2.055 758
1 1981 2 1 336944 0.003646 0.004 50
1 1981 2 2 1.78292e+006 0.023359 0.033 124
1 1981 2 3 1.26149e+006 0.056115 0.066 169
1 1981 2 4 866854 0.117981 0.117 216
1 1981 2 5 363758 0.226406 0.192 269
1 1981 2 6 373655 0.372916 0.28 317
1 1981 2 7 144089 0.586945 0.396 369
1 1981 2 8 205948 0.977518 0.574 434
1 1981 2 9 95678 1.82407 0.919 533
1 1981 2 10 34180 3.0564 1.352 631
1 1981 2 11 12736 5.54792 2.049 757
1 1981 3 0 -1 -1 0 -1
1 1981 3 1 6.00602e+006 0.003646 0.004 50
1 1981 3 2 825922 0.02434 0.034 126
1 1981 3 3 982807 0.0575 0.067 170
1 1981 3 4 1.06326e+006 0.11874 0.118 217
1 1981 3 5 368000 0.225161 0.192 269
1 1981 3 6 372357 0.375337 0.282 318
1 1981 3 7 157464 0.586925 0.396 369
1 1981 3 8 206247 0.969779 0.571 433
1 1981 3 9 92477 1.82817 0.919 533
1 1981 3 10 34930 3.06245 1.352 631
1 1981 3 11 13321 5.5303 2.043 756
1 1981 4 0 -1 -1 0 -1
1 1981 4 1 2.84908e+006 0.003646 0.004 50
1 1981 4 2 1.87219e+006 0.017223 0.025 111
1 1981 4 3 600336 0.058229 0.068 171
1 1981 4 4 992132 0.122424 0.12 219
1 1981 4 5 428962 0.22468 0.192 269
1 1981 4 6 382250 0.374132 0.282 318
1 1981 4 7 165731 0.587738 0.396 369
1 1981 4 8 220634 0.965145 0.571 433
1 1981 4 9 93934 1.83063 0.923 534
1 1981 4 10 37391 3.06957 1.356 632
1 1981 4 11 14871 5.52356 2.043 756
1 1982 1 1 735893 0.003646 0.004 50
1 1982 1 2 2.16624e+006 0.021215 0.03 119
1 1982 1 3 735380 0.055463 0.066 168
1 1982 1 4 778895 0.124362 0.122 220
1 1982 1 5 440591 0.225755 0.192 269
1 1982 1 6 410915 0.372534 0.28 317
1 1982 1 7 165775 0.587634 0.396 369
1 1982 1 8 223500 0.964295 0.568 432
1 1982 1 9 89602 1.82784 0.919 533
1 1982 1 10 36273 3.07564 1.356 632
1 1982 1 11 15059 5.52232 2.043 756
1 1982 2 1 225510 0.003646 0.004 50
1 1982 2 2 1.20408e+006 0.023408 0.033 124
1 1982 2 3 893908 0.056333 0.066 169
1 1982 2 4 755339 0.120469 0.119 218
1 1982 2 5 388268 0.226805 0.194 270
1 1982 2 6 425048 0.374117 0.282 318
1 1982 2 7 172080 0.587014 0.396 369
1 1982 2 8 223171 0.963604 0.568 432
1 1982 2 9 85252 1.82179 0.919 533
1 1982 2 10 33798 3.07968 1.356 632
1 1982 2 11 14602 5.52635 2.043 756
1 1982 3 0 -1 -1 0 -1
1 1982 3 1 3.7354e+006 0.003646 0.004 50
1 1982 3 2 558132 0.024377 0.034 126
1 1982 3 3 680838 0.057595 0.067 170
1 1982 3 4 814928 0.120286 0.119 218
1 1982 3 5 354153 0.226227 0.192 269
1 1982 3 6 407823 0.376772 0.282 318
1 1982 3 7 183458 0.587348 0.396 369
1 1982 3 8 235741 0.961962 0.568 432
1 1982 3 9 87987 1.81845 0.915 532
1 1982 3 10 34110 3.08192 1.356 632
1 1982 3 11 15334 5.54045 2.049 757
1 1982 4 0 -1 -1 0 -1
1 1982 4 1 1.77161e+006 0.003646 0.004 50
1 1982 4 2 1.18328e+006 0.017364 0.025 111
1 1982 4 3 412742 0.058296 0.068 171
1 1982 4 4 721790 0.123229 0.12 219
1 1982 4 5 359781 0.225698 0.192 269
1 1982 4 6 385365 0.376938 0.282 318
1 1982 4 7 185412 0.588288 0.396 369
1 1982 4 8 251986 0.962335 0.568 432
1 1982 4 9 93114 1.81697 0.915 532
1 1982 4 10 35460 3.08213 1.356 632
1 1982 4 11 16446 5.5605 2.049 757
1 1983 1 1 458091 0.003646 0.004 50
1 1983 1 2 1.3549e+006 0.021245 0.03 120
1 1983 1 3 478150 0.055634 0.066 168
1 1983 1 4 551546 0.124963 0.122 220
1 1983 1 5 340621 0.2264 0.192 269
1 1983 1 6 371562 0.37596 0.282 318
1 1983 1 7 175832 0.588687 0.396 369
1 1983 1 8 254214 0.965653 0.571 433
1 1983 1 9 94387 1.81446 0.915 532
1 1983 1 10 34949 3.08026 1.356 632
1 1983 1 11 16444 5.58134 2.055 758
1 1983 2 1 140558 0.003646 0.004 50
1 1983 2 2 752235 0.023422 0.033 124
1 1983 2 3 566034 0.056394 0.066 169
1 1983 2 4 508972 0.121254 0.119 218
1 1983 2 5 285469 0.227233 0.194 270
1 1983 2 6 348334 0.37679 0.282 318
1 1983 2 7 164864 0.58848 0.396 369
1 1983 2 8 242698 0.969085 0.571 433
1 1983 2 9 91975 1.81154 0.915 532
1 1983 2 10 32745 3.07665 1.356 632
1 1983 2 11 15353 5.59818 2.062 759
1 1983 3 0 -1 -1 0 -1
1 1983 3 1 3.1913e+006 0.003646 0.004 50
1 1983 3 2 349977 0.024343 0.034 126
1 1983 3 3 428366 0.057622 0.067 170
1 1983 3 4 528947 0.120773 0.119 218
1 1983 3 5 248410 0.226675 0.194 270
1 1983 3 6 313247 0.378715 0.284 319
1 1983 3 7 159029 0.588691 0.396 369
1 1983 3 8 238044 0.971344 0.571 433
1 1983 3 9 94063 1.8121 0.915 532
1 1983 3 10 32903 3.07337 1.356 632
1 1983 3 11 15315 5.61393 2.062 759
1 1983 4 0 -1 -1 0 -1
1 1983 4 1 1.51514e+006 0.003646 0.004 50
1 1983 4 2 959364 0.016906 0.025 111
1 1983 4 3 260629 0.058265 0.068 171
1 1983 4 4 461904 0.123499 0.12 219
1 1983 4 5 242179 0.226082 0.192 269
1 1983 4 6 283076 0.378767 0.284 319
1 1983 4 7 151156 0.589403 0.396 369
1 1983 4 8 239297 0.974195 0.574 434
1 1983 4 9 99882 1.81581 0.915 532
1 1983 4 10 35419 3.07157 1.356 632
1 1983 4 11 16416 5.62898 2.068 760
1 1984 1 1 390537 0.003646 0.004 50
1 1984 1 2 1.13796e+006 0.021151 0.03 119
1 1984 1 3 359114 0.055161 0.066 168
1 1984 1 4 353101 0.124705 0.122 220
1 1984 1 5 220338 0.226602 0.194 270
1 1984 1 6 254590 0.377399 0.284 319
1 1984 1 7 131328 0.589597 0.399 370
1 1984 1 8 216510 0.97692 0.574 434
1 1984 1 9 93511 1.81803 0.915 532
1 1984 1 10 33396 3.06913 1.356 632
1 1984 1 11 15182 5.63588 2.068 760
1 1984 2 1 119350 0.003646 0.004 50
1 1984 2 2 633990 0.023381 0.033 124
1 1984 2 3 458965 0.056223 0.066 169
1 1984 2 4 356757 0.119715 0.118 217
1 1984 2 5 181920 0.227233 0.194 270
1 1984 2 6 227744 0.377654 0.284 319
1 1984 2 7 114473 0.589201 0.396 369
1 1984 2 8 188117 0.97892 0.577 435
1 1984 2 9 83478 1.81916 0.919 533
1 1984 2 10 29906 3.06717 1.352 631
1 1984 2 11 13249 5.63277 2.068 760
1 1984 3 0 -1 -1 0 -1
1 1984 3 1 3.32613e+006 0.003646 0.004 50
1 1984 3 2 295545 0.024285 0.033 125
1 1984 3 3 353766 0.057547 0.067 170
1 1984 3 4 404905 0.119675 0.118 217
1 1984 3 5 165732 0.22618 0.192 269
1 1984 3 6 202849 0.379054 0.284 319
1 1984 3 7 107014 0.589262 0.396 369
1 1984 3 8 176543 0.980527 0.577 435
1 1984 3 9 82156 1.82288 0.919 533
1 1984 3 10 30349 3.06843 1.352 631
1 1984 3 11 13387 5.6315 2.068 760
1 1984 4 0 -1 -1 0 -1
1 1984 4 1 1.57989e+006 0.003646 0.004 50
1 1984 4 2 971209 0.016639 0.025 110
1 1984 4 3 217172 0.058178 0.068 171
1 1984 4 4 367008 0.12289 0.12 219
1 1984 4 5 174448 0.225453 0.192 269
1 1984 4 6 186604 0.377948 0.284 319
1 1984 4 7 99336 0.589744 0.399 370
1 1984 4 8 169754 0.982233 0.577 435
1 1984 4 9 82868 1.82788 0.919 533
1 1984 4 10 32067 3.07147 1.356 632
1 1984 4 11 14288 5.63168 2.068 760
1 1985 1 1 406540 0.003646 0.004 50
1 1985 1 2 1.1751e+006 0.0211 0.03 119
1 1985 1 3 345739 0.054827 0.065 167
1 1985 1 4 290073 0.123968 0.122 220
1 1985 1 5 168021 0.22616 0.192 269
1 1985 1 6 176821 0.375683 0.282 318
1 1985 1 7 86211 0.589516 0.396 369
1 1985 1 8 148253 0.9832 0.577 435
1 1985 1 9 73815 1.83075 0.923 534
1 1985 1 10 29523 3.07406 1.356 632
1 1985 1 11 13239 5.62854 2.068 760
1 1985 2 1 123974 0.003646 0.004 50
1 1985 2 2 655930 0.023359 0.033 124
1 1985 2 3 464307 0.056119 0.066 169
1 1985 2 4 323396 0.118277 0.117 216
1 1985 2 5 144188 0.226841 0.194 270
1 1985 2 6 166904 0.375986 0.282 318
1 1985 2 7 77299 0.588628 0.396 369
1 1985 2 8 125758 0.982238 0.577 435
1 1985 2 9 62495 1.83166 0.923 534
1 1985 2 10 25480 3.07642 1.356 632
1 1985 2 11 11498 5.62159 2.062 759
1 1985 3 0 -1 -1 0 -1
1 1985 3 1 4.97473e+006 0.003646 0.004 50
1 1985 3 2 307674 0.024188 0.033 125
1 1985 3 3 361646 0.057501 0.067 170
1 1985 3 4 393114 0.118848 0.118 217
1 1985 3 5 140633 0.225467 0.192 269
1 1985 3 6 154916 0.377459 0.284 319
1 1985 3 7 75301 0.588515 0.396 369
1 1985 3 8 117720 0.98001 0.577 435
1 1985 3 9 58709 1.83407 0.923 534
1 1985 3 10 24725 3.0804 1.356 632
1 1985 3 11 11434 5.62289 2.068 760
1 1985 4 0 -1 -1 0 -1
1 1985 4 1 2.36458e+006 0.003646 0.004 50
1 1985 4 2 1.39764e+006 0.016274 0.024 109
1 1985 4 3 224834 0.058054 0.068 171
1 1985 4 4 365670 0.122465 0.12 219
1 1985 4 5 160278 0.22483 0.192 269
1 1985 4 6 150969 0.375701 0.282 318
1 1985 4 7 72741 0.588972 0.396 369
1 1985 4 8 115159 0.97855 0.577 435
1 1985 4 9 57397 1.83688 0.923 534
1 1985 4 10 25113 3.08506 1.361 633
1 1985 4 11 12026 5.63082 2.068 760
1 1986 1 1 607159 0.003646 0.004 50
1 1986 1 2 1.73682e+006 0.021033 0.03 119
1 1986 1 3 464219 0.054338 0.065 167
1 1986 1 4 301456 0.122909 0.12 219
1 1986 1 5 161439 0.225777 0.192 269
1 1986 1 6 153258 0.37322 0.28 317
1 1986 1 7 65709 0.58847 0.396 369
1 1986 1 8 101561 0.976641 0.574 434
1 1986 1 9 48644 1.83577 0.923 534
1 1986 1 10 21472 3.0879 1.361 633
1 1986 1 11 10541 5.63902 2.068 760
1 1986 2 1 184651 0.003646 0.004 50
1 1986 2 2 971940 0.023331 0.033 124
1 1986 2 3 668375 0.055983 0.066 169
1 1986 2 4 398815 0.116075 0.115 215
1 1986 2 5 143873 0.226378 0.192 269
1 1986 2 6 153238 0.374113 0.282 318
1 1986 2 7 62916 0.587352 0.396 369
1 1986 2 8 88662 0.97274 0.574 434
1 1986 2 9 39868 1.83144 0.923 534
1 1986 2 10 17240 3.08904 1.361 633
1 1986 2 11 8605 5.64472 2.068 760
1 1986 3 0 -1 -1 0 -1
1 1986 3 1 3.06105e+006 0.003646 0.004 50
1 1986 3 2 449596 0.024332 0.034 126
1 1986 3 3 527962 0.057444 0.067 170
1 1986 3 4 537134 0.117748 0.117 216
1 1986 3 5 157849 0.224363 0.192 269
1 1986 3 6 149692 0.375563 0.282 318
1 1986 3 7 65658 0.587415 0.396 369
1 1986 3 8 88143 0.968223 0.571 433
1 1986 3 9 37971 1.82973 0.919 533
1 1986 3 10 16304 3.09078 1.361 633
1 1986 3 11 8360 5.65923 2.074 761
1 1986 4 0 -1 -1 0 -1
1 1986 4 1 1.45161e+006 0.003646 0.004 50
1 1986 4 2 965383 0.017322 0.025 111
1 1986 4 3 323280 0.058205 0.068 171
1 1986 4 4 517587 0.121938 0.12 219
1 1986 4 5 204144 0.22398 0.192 269
1 1986 4 6 160335 0.372445 0.28 317
1 1986 4 7 67154 0.587959 0.396 369
1 1986 4 8 92127 0.966176 0.571 433
1 1986 4 9 38349 1.82895 0.919 533
1 1986 4 10 16459 3.0923 1.361 633
1 1986 4 11 8686 5.67899 2.08 762
1 1987 1 1 375126 0.003646 0.004 50
1 1987 1 2 1.10763e+006 0.021233 0.03 120
1 1987 1 3 383330 0.055534 0.066 168
1 1987 1 4 408920 0.124121 0.122 220
1 1987 1 5 219650 0.225321 0.192 269
1 1987 1 6 183192 0.369953 0.278 316
1 1987 1 7 65618 0.58702 0.396 369
1 1987 1 8 86391 0.964243 0.568 432
1 1987 1 9 33543 1.82336 0.919 533
1 1987 1 10 13821 3.09069 1.361 633
1 1987 1 11 7346 5.69669 2.08 762
1 1987 2 1 114992 0.003646 0.004 50
1 1987 2 2 614783 0.023415 0.033 124
1 1987 2 3 458952 0.056355 0.066 169
1 1987 2 4 392013 0.120482 0.119 218
1 1987 2 5 196675 0.226531 0.194 270
1 1987 2 6 198715 0.371972 0.28 317
1 1987 2 7 70184 0.585661 0.396 369
1 1987 2 8 81027 0.958387 0.568 432
1 1987 2 9 28563 1.81477 0.915 532
1 1987 2 10 10884 3.08602 1.361 633
1 1987 2 11 5703 5.70609 2.087 763
1 1987 3 0 -1 -1 0 -1
1 1987 3 1 1.91314e+006 0.003646 0.004 50
1 1987 3 2 284916 0.02438 0.034 126
1 1987 3 3 348376 0.057603 0.067 170
1 1987 3 4 419313 0.120334 0.119 218
1 1987 3 5 181026 0.226085 0.192 269
1 1987 3 6 197936 0.375312 0.282 318
1 1987 3 7 80414 0.586113 0.396 369
1 1987 3 8 88698 0.951526 0.565 431
1 1987 3 9 28921 1.81094 0.915 532
1 1987 3 10 10496 3.08219 1.356 632
1 1987 3 11 5453 5.71968 2.087 763
1 1987 4 0 -1 -1 0 -1
1 1987 4 1 907372 0.003646 0.004 50
1 1987 4 2 605651 0.017359 0.025 111
1 1987 4 3 210953 0.058299 0.068 171
1 1987 4 4 369930 0.123256 0.12 219
1 1987 4 5 184196 0.225646 0.192 269
1 1987 4 6 191533 0.375972 0.282 318
1 1987 4 7 85822 0.587376 0.396 369
1 1987 4 8 101365 0.950055 0.562 430
1 1987 4 9 31213 1.80793 0.911 531
1 1987 4 10 10934 3.07854 1.356 632
1 1987 4 11 5624 5.73367 2.093 764
1 1988 1 1 234569 0.003646 0.004 50
1 1988 1 2 693447 0.021242 0.03 120
1 1988 1 3 243844 0.055619 0.066 168
1 1988 1 4 279548 0.124927 0.122 220
1 1988 1 5 171397 0.22633 0.192 269
1 1988 1 6 181980 0.375137 0.282 318
1 1988 1 7 81033 0.587915 0.396 369
1 1988 1 8 102764 0.952726 0.565 431
1 1988 1 9 30020 1.79926 0.911 531
1 1988 1 10 9673 3.07159 1.356 632
1 1988 1 11 4778 5.73776 2.093 764
1 1988 2 1 71936 0.003646 0.004 50
1 1988 2 2 384808 0.023419 0.033 124
1 1988 2 3 288815 0.056383 0.066 169
1 1988 2 4 256804 0.121117 0.119 218
1 1988 2 5 141791 0.227148 0.194 270
1 1988 2 6 168492 0.376033 0.282 318
1 1988 2 7 75412 0.587765 0.396 369
1 1988 2 8 98212 0.956773 0.565 431
1 1988 2 9 28529 1.78971 0.907 530
1 1988 2 10 8170 3.0613 1.352 631
1 1988 2 11 3764 5.72753 2.087 763
1 1988 3 0 -1 -1 0 -1
1 1988 3 1 1.91957e+006 0.003646 0.004 50
1 1988 3 2 179352 0.024314 0.034 126
1 1988 3 3 218678 0.057615 0.067 170
1 1988 3 4 268059 0.120661 0.119 218
1 1988 3 5 123673 0.226571 0.194 270
1 1988 3 6 152279 0.378139 0.284 319
1 1988 3 7 74102 0.588125 0.396 369
1 1988 3 8 99926 0.960565 0.568 432
1 1988 3 9 30866 1.78895 0.907 530
1 1988 3 10 8317 3.05193 1.347 630
1 1988 3 11 3585 5.71559 2.087 763
1 1988 4 0 -1 -1 0 -1
1 1988 4 1 911720 0.003646 0.004 50
1 1988 4 2 564243 0.016701 0.025 110
1 1988 4 3 133370 0.058229 0.068 171
1 1988 4 4 234346 0.123419 0.12 219
1 1988 4 5 121075 0.225972 0.192 269
1 1988 4 6 137900 0.378197 0.284 319
1 1988 4 7 70995 0.58895 0.396 369
1 1988 4 8 102939 0.964786 0.571 433
1 1988 4 9 34390 1.79349 0.907 530
1 1988 4 10 9234 3.04445 1.347 630
1 1988 4 11 3726 5.69911 2.08 762
1 1989 1 1 234699 0.003646 0.004 50
1 1989 1 2 679646 0.021112 0.03 119
1 1989 1 3 203631 0.05492 0.066 168
1 1989 1 4 181091 0.124393 0.122 220
1 1989 1 5 110810 0.226522 0.194 270
1 1989 1 6 125228 0.37685 0.282 318
1 1989 1 7 62442 0.589214 0.396 369
1 1989 1 8 95774 0.969137 0.571 433
1 1989 1 9 34052 1.79735 0.907 530
1 1989 1 10 9209 3.03788 1.342 629
1 1989 1 11 3419 5.66697 2.074 761
1 1989 2 1 71591 0.003646 0.004 50
1 1989 2 2 379081 0.023364 0.033 124
1 1989 2 3 269678 0.056143 0.066 169
1 1989 2 4 193564 0.118728 0.118 217
1 1989 2 5 91091 0.227078 0.194 270
1 1989 2 6 110900 0.377036 0.282 318
1 1989 2 7 53585 0.588758 0.396 369
1 1989 2 8 81957 0.971811 0.574 434
1 1989 2 9 30464 1.79972 0.911 531
1 1989 2 10 8292 3.03322 1.342 629
1 1989 2 11 2811 5.61383 2.062 759
1 1989 3 0 -1 -1 0 -1
1 1989 3 1 1.42254e+006 0.003646 0.004 50
1 1989 3 2 175758 0.024328 0.034 126
1 1989 3 3 209398 0.05751 0.067 170
1 1989 3 4 230184 0.119041 0.118 217
1 1989 3 5 85465 0.225705 0.192 269
1 1989 3 6 98286 0.378226 0.284 319
1 1989 3 7 49519 0.588757 0.396 369
1 1989 3 8 75410 0.973047 0.574 434
1 1989 3 9 29550 1.80447 0.911 531
1 1989 3 10 8358 3.03353 1.342 629
1 1989 3 11 2687 5.56004 2.049 757
1 1989 4 0 -1 -1 0 -1
1 1989 4 1 675061 0.003646 0.004 50
1 1989 4 2 435350 0.017063 0.025 111
1 1989 4 3 127990 0.058218 0.068 171
1 1989 4 4 212844 0.122558 0.12 219
1 1989 4 5 95154 0.224998 0.192 269
1 1989 4 6 93311 0.376531 0.282 318
1 1989 4 7 46744 0.589263 0.396 369
1 1989 4 8 74079 0.975089 0.574 434
1 1989 4 9 30845 1.81127 0.915 532
1 1989 4 10 9343 3.03791 1.342 629
1 1989 4 11 2974 5.51644 2.037 755
1 1990 1 1 174156 0.003646 0.001 50
1 1990 1 2 509919 0.021181 0.014 119
1 1990 1 3 166322 0.055293 0.037 168
1 1990 1 4 166292 0.124264 0.077 220
1 1990 1 5 94595 0.225865 0.132 269
1 1990 1 6 92193 0.373913 0.208 318
1 1990 1 7 41132 0.588822 0.311 369
1 1990 1 8 64949 0.97598 0.484 434
1 1990 1 9 27664 1.81505 0.84 532
1 1990 1 10 8800 3.042 1.329 630
1 1990 1 11 2781 5.47122 2.165 754
1 1990 2 1 53269 0.003646 0.001 50
1 1990 2 2 283598 0.023393 0.016 124
1 1990 2 3 207393 0.056266 0.037 169
1 1990 2 4 165349 0.119834 0.074 217
1 1990 2 5 81351 0.226767 0.133 270
1 1990 2 6 89492 0.374443 0.208 318
1 1990 2 7 37576 0.587611 0.311 369
1 1990 2 8 54242 0.973339 0.484 434
1 1990 2 9 22688 1.81555 0.84 532
1 1990 2 10 7381 3.04541 1.329 630
1 1990 2 11 2323 5.42592 2.149 752
1 1990 3 0 -1 -1 0 -1
1 1990 3 1 2.81749e+006 0.003646 0.001 50
1 1990 3 2 133996 0.024123 0.016 125
1 1990 3 3 158880 0.057563 0.038 170
1 1990 3 4 184050 0.119804 0.074 217
1 1990 3 5 74978 0.225957 0.132 269
1 1990 3 6 84065 0.376624 0.208 318
1 1990 3 7 37944 0.587526 0.311 369
1 1990 3 8 51581 0.968721 0.48 433
1 1990 3 9 21124 1.81754 0.84 532
1 1990 3 10 7111 3.05042 1.329 630
1 1990 3 11 2293 5.40008 2.141 751
1 1990 4 0 -1 -1 0 -1
1 1990 4 1 1.33973e+006 0.003646 0.001 50
1 1990 4 2 775287 0.016073 0.011 109
1 1990 4 3 99203 0.057995 0.039 171
1 1990 4 4 165254 0.122946 0.076 219
1 1990 4 5 78554 0.225375 0.132 269
1 1990 4 6 79782 0.376222 0.208 318
1 1990 4 7 37590 0.588263 0.311 369
1 1990 4 8 52260 0.966223 0.48 433
1 1990 4 9 20909 1.81969 0.844 533
1 1990 4 10 7323 3.05608 1.335 631
1 1990 4 11 2460 5.39015 2.141 751
1 1991 1 1 348669 0.003646 0.001 50
1 1991 1 2 979149 0.020948 0.014 119
1 1991 1 3 243965 0.054051 0.036 167
1 1991 1 4 137244 0.122528 0.076 219
1 1991 1 5 74221 0.22604 0.132 269
1 1991 1 6 75096 0.374493 0.208 318
1 1991 1 7 33294 0.588256 0.311 369
1 1991 1 8 46573 0.964558 0.48 433
1 1991 1 9 17467 1.81593 0.84 532
1 1991 1 10 6060 3.05846 1.335 631
1 1991 1 11 2079 5.38153 2.141 751
1 1991 2 1 114277 0.003646 0.001 50
1 1991 2 2 574434 0.023139 0.016 123
1 1991 2 3 357990 0.055698 0.037 168
1 1991 2 4 185866 0.115113 0.071 214
1 1991 2 5 63662 0.226426 0.133 270
1 1991 2 6 68942 0.374652 0.208 318
1 1991 2 7 29206 0.587538 0.311 369
1 1991 2 8 38998 0.962603 0.477 432
1 1991 2 9 13537 1.80739 0.836 531
1 1991 2 10 4413 3.05707 1.335 631
1 1991 2 11 1510 5.36861 2.134 750
1 1991 3 0 -1 -1 0 -1
1 1991 3 1 3.35481e+006 0.003646 0.001 50
1 1991 3 2 285226 0.024085 0.016 125
1 1991 3 3 302731 0.057161 0.038 170
1 1991 3 4 263903 0.116245 0.072 215
1 1991 3 5 67650 0.224243 0.132 269
1 1991 3 6 64420 0.375693 0.208 318
1 1991 3 7 28370 0.587458 0.311 369
1 1991 3 8 36954 0.961572 0.477 432
1 1991 3 9 12604 1.80352 0.836 531
1 1991 3 10 3943 3.05582 1.335 631
1 1991 3 11 1358 5.36698 2.134 750
1 1991 4 0 -1 -1 0 -1
1 1991 4 1 1.59399e+006 0.003646 0.001 50
1 1991 4 2 980642 0.016629 0.012 110
1 1991 4 3 201582 0.05787 0.039 171
1 1991 4 4 275453 0.120345 0.075 218
1 1991 4 5 90429 0.223239 0.131 268
1 1991 4 6 66630 0.372559 0.206 317
1 1991 4 7 28124 0.587923 0.311 369
1 1991 4 8 37617 0.961939 0.477 432
1 1991 4 9 13018 1.80429 0.836 531
1 1991 4 10 4046 3.05509 1.335 631
1 1991 4 11 1412 5.37351 2.134 750
1 1992 1 1 408760 0.003646 0.001 50
1 1992 1 2 1.18628e+006 0.021113 0.014 119
1 1992 1 3 345789 0.054713 0.036 167
1 1992 1 4 246346 0.121985 0.076 219
1 1992 1 5 109395 0.224484 0.132 269
1 1992 1 6 80484 0.368508 0.204 316
1 1992 1 7 28041 0.587213 0.311 369
1 1992 1 8 37117 0.962776 0.477 432
1 1992 1 9 12886 1.80431 0.836 531
1 1992 1 10 3958 3.05267 1.329 630
1 1992 1 11 1377 5.37916 2.141 751
1 1992 2 1 122425 0.003646 0.001 50
1 1992 2 2 654433 0.023398 0.016 124
1 1992 2 3 470167 0.05614 0.037 169
1 1992 2 4 311018 0.11697 0.072 215
1 1992 2 5 111131 0.225598 0.132 269
1 1992 2 6 97977 0.369848 0.204 316
1 1992 2 7 31822 0.585403 0.311 369
1 1992 2 8 37025 0.959894 0.477 432
1 1992 2 9 12597 1.8033 0.836 531
1 1992 2 10 3803 3.04978 1.329 630
1 1992 2 11 1303 5.38168 2.141 751
1 1992 3 0 -1 -1 0 -1
1 1992 3 1 2.28757e+006 0.003646 0.001 50
1 1992 3 2 298854 0.024366 0.017 126
1 1992 3 3 361434 0.057544 0.038 170
1 1992 3 4 393856 0.118566 0.073 216
1 1992 3 5 125400 0.224375 0.132 269
1 1992 3 6 108450 0.372413 0.206 317
1 1992 3 7 39051 0.585353 0.311 369
1 1992 3 8 41272 0.951522 0.474 431
1 1992 3 9 13251 1.80412 0.836 531
1 1992 3 10 4014 3.04911 1.329 630
1 1992 3 11 1369 5.38511 2.141 751
1 1992 4 0 -1 -1 0 -1
1 1992 4 1 1.08525e+006 0.003646 0.001 50
1 1992 4 2 705152 0.01713 0.012 111
1 1992 4 3 217500 0.05826 0.039 171
1 1992 4 4 365528 0.122529 0.076 219
1 1992 4 5 155513 0.224346 0.132 269
1 1992 4 6 123325 0.371139 0.206 317
1 1992 4 7 45325 0.58622 0.311 369
1 1992 4 8 48918 0.946393 0.472 430
1 1992 4 9 14533 1.80415 0.836 531
1 1992 4 10 4450 3.05006 1.329 630
1 1992 4 11 1525 5.38977 2.141 751
1 1993 1 1 277157 0.003646 0.001 50
1 1993 1 2 820401 0.021227 0.014 119
1 1993 1 3 274809 0.055369 0.037 168
1 1993 1 4 284424 0.124477 0.077 220
1 1993 1 5 163034 0.225755 0.132 269
1 1993 1 6 145794 0.370772 0.206 317
1 1993 1 7 51432 0.586104 0.311 369
1 1993 1 8 56623 0.946707 0.472 430
1 1993 1 9 15769 1.79881 0.836 531
1 1993 1 10 4717 3.05054 1.329 630
1 1993 1 11 1619 5.39096 2.141 751
1 1993 2 1 80501 0.003646 0.001 50
1 1993 2 2 441247 0.023513 0.016 124
1 1993 2 3 342190 0.056419 0.037 169
1 1993 2 4 288061 0.120043 0.074 217
1 1993 2 5 144299 0.226871 0.133 270
1 1993 2 6 158911 0.373842 0.208 318
1 1993 2 7 60867 0.585988 0.311 369
1 1993 2 8 66416 0.94753 0.472 430
1 1993 2 9 18072 1.7924 0.832 530
1 1993 2 10 5150 3.05008 1.329 630
1 1993 2 11 1769 5.3925 2.141 751
1 1993 3 0 -1 -1 0 -1
1 1993 3 1 1.9249e+006 0.003646 0.001 50
1 1993 3 2 196577 0.024412 0.017 126
1 1993 3 3 250620 0.057729 0.038 170
1 1993 3 4 315604 0.120503 0.075 218
1 1993 3 5 135221 0.226013 0.132 269
1 1993 3 6 153319 0.376835 0.208 318
1 1993 3 7 68294 0.586964 0.311 369
1 1993 3 8 78045 0.947893 0.472 430
1 1993 3 9 21144 1.78928 0.832 530
1 1993 3 10 5748 3.04727 1.329 630
1 1993 3 11 1962 5.39562 2.141 751
1 1993 4 0 -1 -1 0 -1
1 1993 4 1 913863 0.003646 0.001 50
1 1993 4 2 569713 0.016774 0.012 110
1 1993 4 3 146104 0.058351 0.039 171
1 1993 4 4 271081 0.123812 0.077 220
1 1993 4 5 140761 0.225699 0.132 269
1 1993 4 6 147712 0.376459 0.208 318
1 1993 4 7 69997 0.58819 0.311 369
1 1993 4 8 89350 0.952571 0.474 431
1 1993 4 9 24973 1.78813 0.832 530
1 1993 4 10 6557 3.04256 1.329 630
1 1993 4 11 2193 5.39772 2.141 751
1 1994 1 1 234502 0.00386 0.001 50
1 1994 1 2 682271 0.021464 0.014 119
1 1994 1 3 209742 0.054755 0.037 168
1 1994 1 4 202708 0.122021 0.077 220
1 1994 1 5 130144 0.218306 0.133 270
1 1994 1 6 144048 0.35772 0.208 318
1 1994 1 7 66756 0.554665 0.311 369
1 1994 1 8 92572 0.894282 0.477 432
1 1994 1 9 27641 1.64193 0.827 529
1 1994 1 10 7021 2.75658 1.324 629
1 1994 1 11 2255 4.82838 2.141 751
1 1994 2 1 70360 0.00386 0.001 50
1 1994 2 2 376481 0.023723 0.016 124
1 1994 2 3 274917 0.055905 0.037 169
1 1994 2 4 209788 0.116705 0.074 217
1 1994 2 5 106457 0.218983 0.133 270
1 1994 2 6 133483 0.359039 0.208 318
1 1994 2 7 63144 0.554483 0.311 369
1 1994 2 8 89420 0.898799 0.48 433
1 1994 2 9 28750 1.6427 0.832 530
1 1994 2 10 7108 2.75077 1.324 629
1 1994 2 11 2150 4.81348 2.141 751
1 1994 3 0 -1 -1 0 -1
1 1994 3 1 1.88615e+006 0.00386 0.001 50
1 1994 3 2 173056 0.024622 0.017 126
1 1994 3 3 210054 0.057221 0.038 170
1 1994 3 4 242501 0.116895 0.074 217
1 1994 3 5 97797 0.217813 0.132 269
1 1994 3 6 119309 0.360784 0.21 319
1 1994 3 7 61496 0.554905 0.311 369
1 1994 3 8 90192 0.901803 0.48 433
1 1994 3 9 31611 1.64816 0.832 530
1 1994 3 10 8047 2.74833 1.324 629
1 1994 3 11 2338 4.79884 2.134 750
1 1994 4 0 -1 -1 0 -1
1 1994 4 1 895801 0.00386 0.001 50
1 1994 4 2 552215 0.017017 0.012 110
1 1994 4 3 127221 0.05784 0.039 171
1 1994 4 4 218770 0.120124 0.076 219
1 1994 4 5 104512 0.217155 0.132 269
1 1994 4 6 110316 0.359568 0.21 319
1 1994 4 7 57813 0.555599 0.311 369
1 1994 4 8 91033 0.905494 0.484 434
1 1994 4 9 34700 1.65509 0.836 531
1 1994 4 10 9421 2.74935 1.324 629
1 1994 4 11 2685 4.78425 2.126 749
1 1995 1 1 230282 0.00386 0.001 50
1 1995 1 2 666894 0.021438 0.014 119
1 1995 1 3 198346 0.054595 0.037 168
1 1995 1 4 171902 0.121241 0.077 220
1 1995 1 5 101561 0.217933 0.132 269
1 1995 1 6 107572 0.35767 0.208 318
1 1995 1 7 52155 0.555519 0.311 369
1 1995 1 8 85590 0.909535 0.484 434
1 1995 1 9 35013 1.66039 0.836 531
1 1995 1 10 10112 2.75206 1.324 629
1 1995 1 11 2851 4.76488 2.118 748
1 1995 2 1 69900 0.00386 0.001 50
1 1995 2 2 371140 0.023688 0.016 124
1 1995 2 3 265242 0.055832 0.037 169
1 1995 2 4 189653 0.115897 0.073 216
1 1995 2 5 87473 0.218622 0.133 270
1 1995 2 6 103466 0.358327 0.208 318
1 1995 2 7 48735 0.554892 0.311 369
1 1995 2 8 78291 0.911737 0.487 435
1 1995 2 9 33961 1.66484 0.84 532
1 1995 2 10 10393 2.75623 1.324 629
1 1995 2 11 2947 4.74549 2.118 748
1 1995 3 0 -1 -1 0 -1
1 1995 3 1 1.43439e+006 0.00386 0.001 50
1 1995 3 2 171779 0.024638 0.017 126
1 1995 3 3 205614 0.057166 0.038 170
1 1995 3 4 227631 0.116372 0.074 217
1 1995 3 5 84499 0.217392 0.132 269
1 1995 3 6 95937 0.359789 0.21 319
1 1995 3 7 47780 0.554896 0.311 369
1 1995 3 8 75339 0.91165 0.487 435
1 1995 3 9 34277 1.67034 0.84 532
1 1995 3 10 11244 2.76215 1.329 630
1 1995 3 11 3292 4.73481 2.11 747
1 1995 4 0 -1 -1 0 -1
1 1995 4 1 680757 0.00386 0.001 50
1 1995 4 2 436687 0.017366 0.012 111
1 1995 4 3 125343 0.057844 0.039 171
1 1995 4 4 209450 0.119728 0.076 219
1 1995 4 5 93889 0.216757 0.132 269
1 1995 4 6 91055 0.358163 0.208 318
1 1995 4 7 44834 0.555266 0.311 369
1 1995 4 8 71550 0.910796 0.484 434
1 1995 4 9 33207 1.6751 0.844 533
1 1995 4 10 11638 2.76832 1.329 630
1 1995 4 11 3559 4.73041 2.11 747
1 1996 1 1 178040 0.00386 0.001 50
1 1996 1 2 514779 0.021461 0.014 119
1 1996 1 3 164995 0.054986 0.037 168
1 1996 1 4 164871 0.121272 0.077 220
1 1996 1 5 93137 0.217554 0.132 269
1 1996 1 6 90415 0.355997 0.208 318
1 1996 1 7 40132 0.554899 0.311 369
1 1996 1 8 63038 0.909721 0.484 434
1 1996 1 9 28783 1.6764 0.844 533
1 1996 1 10 10462 2.77297 1.335 631
1 1996 1 11 3311 4.72607 2.11 747
1 1996 2 1 58536 0.00386 0.001 50
1 1996 2 2 299408 0.023545 0.016 123
1 1996 2 3 203926 0.055789 0.037 169
1 1996 2 4 159648 0.117472 0.074 217
1 1996 2 5 80950 0.218393 0.133 270
1 1996 2 6 87937 0.356404 0.208 318
1 1996 2 7 37104 0.554014 0.311 369
1 1996 2 8 54348 0.907451 0.484 434
1 1996 2 9 23956 1.67514 0.844 533
1 1996 2 10 8800 2.77638 1.335 631
1 1996 2 11 2866 4.72331 2.11 747
1 1996 3 0 -1 -1 0 -1
1 1996 3 1 2.6291e+006 0.00386 0.001 50
1 1996 3 2 149846 0.024349 0.016 125
1 1996 3 3 165169 0.056993 0.038 170
1 1996 3 4 175786 0.116671 0.074 217
1 1996 3 5 72575 0.217934 0.132 269
1 1996 3 6 82526 0.358276 0.208 318
1 1996 3 7 36752 0.553785 0.311 369
1 1996 3 8 50781 0.903981 0.48 433
1 1996 3 9 21677 1.67449 0.844 533
1 1996 3 10 8044 2.77982 1.335 631
1 1996 3 11 2717 4.7276 2.11 747
1 1996 4 0 -1 -1 0 -1
1 1996 4 1 1.2501e+006 0.00386 0.001 50
1 1996 4 2 737128 0.016598 0.011 109
1 1996 4 3 109586 0.057498 0.039 171
1 1996 4 4 164809 0.11912 0.076 219
1 1996 4 5 73108 0.217127 0.132 269
1 1996 4 6 75984 0.358514 0.208 318
1 1996 4 7 35587 0.55424 0.311 369
1 1996 4 8 48827 0.900534 0.48 433
1 1996 4 9 19977 1.67398 0.844 533
1 1996 4 10 7467 2.78258 1.335 631
1 1996 4 11 2617 4.73641 2.11 747
1 1997 1 1 326528 0.003558 0.001 50
1 1997 1 2 920308 0.020129 0.014 119
1 1997 1 3 239210 0.051648 0.036 167
1 1997 1 4 144256 0.115284 0.076 219
1 1997 1 5 72100 0.211997 0.132 269
1 1997 1 6 71794 0.350531 0.208 318
1 1997 1 7 32557 0.547699 0.311 369
1 1997 1 8 45169 0.893536 0.477 432
1 1997 1 9 17336 1.67602 0.844 533
1 1997 1 10 6355 2.81165 1.335 631
1 1997 1 11 2272 4.82861 2.118 748
1 1997 2 1 108701 0.003558 0.001 50
1 1997 2 2 543711 0.022171 0.016 123
1 1997 2 3 338832 0.053027 0.037 168
1 1997 2 4 186172 0.10954 0.072 215
1 1997 2 5 65931 0.2124 0.132 269
1 1997 2 6 68689 0.350112 0.208 318
1 1997 2 7 29721 0.547374 0.311 369
1 1997 2 8 40861 0.893103 0.477 432
1 1997 2 9 14846 1.67052 0.84 532
1 1997 2 10 5210 2.81057 1.335 631
1 1997 2 11 1875 4.83387 2.118 748
1 1997 3 0 -1 -1 0 -1
1 1997 3 1 2.67019e+006 0.003558 0.001 50
1 1997 3 2 272941 0.023096 0.016 125
1 1997 3 3 287482 0.054356 0.038 170
1 1997 3 4 252655 0.110155 0.072 215
1 1997 3 5 69150 0.21088 0.132 269
1 1997 3 6 65644 0.350639 0.208 318
1 1997 3 7 28541 0.547089 0.311 369
1 1997 3 8 38374 0.892996 0.477 432
1 1997 3 9 13612 1.66597 0.836 531
1 1997 3 10 4562 2.80883 1.335 631
1 1997 3 11 1646 4.84032 2.118 748
1 1997 4 0 -1 -1 0 -1
1 1997 4 1 1.26835e+006 0.003558 0.001 50
1 1997 4 2 802012 0.016221 0.012 110
1 1997 4 3 193024 0.055049 0.039 171
1 1997 4 4 261448 0.113639 0.075 218
1 1997 4 5 87218 0.209925 0.131 268
1 1997 4 6 66441 0.348344 0.206 317
1 1997 4 7 27529 0.547134 0.311 369
1 1997 4 8 36599 0.89202 0.477 432
1 1997 4 9 12796 1.66346 0.836 531
1 1997 4 10 4119 2.80609 1.335 631
1 1997 4 11 1479 4.84676 2.126 749
1 1998 1 1 330856 0.003558 0.001 50
1 1998 1 2 955607 0.020262 0.014 119
1 1998 1 3 291945 0.052332 0.037 168
1 1998 1 4 232493 0.115336 0.076 219
1 1998 1 5 102112 0.210808 0.132 269
1 1998 1 6 76026 0.345109 0.204 316
1 1998 1 7 26996 0.546599 0.311 369
1 1998 1 8 34837 0.890639 0.477 432
1 1998 1 9 11876 1.6614 0.836 531
1 1998 1 10 3664 2.80155 1.335 631
1 1998 1 11 1288 4.84938 2.126 749
1 1998 2 1 107619 0.003558 0.001 50
1 1998 2 2 552906 0.022285 0.016 123
1 1998 2 3 374123 0.05332 0.037 169
1 1998 2 4 259123 0.111728 0.073 216
1 1998 2 5 102494 0.211857 0.132 269
1 1998 2 6 88230 0.345508 0.204 316
1 1998 2 7 28871 0.545292 0.311 369
1 1998 2 8 33727 0.887739 0.477 432
1 1998 2 9 11066 1.65936 0.836 531
1 1998 2 10 3286 2.79657 1.329 630
1 1998 2 11 1116 4.84799 2.126 749
1 1998 3 0 -1 -1 0 -1
1 1998 3 1 2.74449e+006 0.003558 0.001 50
1 1998 3 2 271707 0.023176 0.016 125
1 1998 3 3 303216 0.05454 0.038 170
1 1998 3 4 308393 0.111903 0.073 216
1 1998 3 5 104976 0.211336 0.132 269
1 1998 3 6 94823 0.347734 0.206 317
1 1998 3 7 33041 0.54482 0.311 369
1 1998 3 8 34746 0.881161 0.472 430
1 1998 3 9 10634 1.65743 0.836 531
1 1998 3 10 3059 2.79233 1.329 630
1 1998 3 11 1002 4.84321 2.118 748
1 1998 4 0 -1 -1 0 -1
1 1998 4 1 1.30366e+006 0.003558 0.001 50
1 1998 4 2 818420 0.016169 0.012 110
1 1998 4 3 197036 0.055177 0.039 171
1 1998 4 4 295822 0.114842 0.075 218
1 1998 4 5 118430 0.210833 0.132 269
1 1998 4 6 98923 0.347816 0.206 317
1 1998 4 7 36303 0.54531 0.311 369
1 1998 4 8 36945 0.873781 0.469 429
1 1998 4 9 10093 1.6542 0.832 530
1 1998 4 10 2792 2.78818 1.329 630
1 1998 4 11 877 4.83375 2.118 748
1 1999 1 1 337134 0.003558 0.001 50
1 1999 1 2 978113 0.020274 0.014 119
1 1999 1 3 298488 0.052317 0.037 168
1 1999 1 4 248607 0.116169 0.076 219
1 1999 1 5 124538 0.211574 0.132 269
1 1999 1 6 106288 0.346679 0.206 317
1 1999 1 7 37686 0.545517 0.311 369
1 1999 1 8 38396 0.869384 0.469 429
1 1999 1 9 9040 1.64544 0.827 529
1 1999 1 10 2290 2.78164 1.324 629
1 1999 1 11 672 4.81405 2.11 747
1 1999 2 1 105153 0.003558 0.001 50
1 1999 2 2 552192 0.022369 0.016 124
1 1999 2 3 388135 0.053399 0.037 169
1 1999 2 4 275288 0.111848 0.073 216
1 1999 2 5 115526 0.212395 0.132 269
1 1999 2 6 112445 0.347694 0.206 317
1 1999 2 7 39908 0.545194 0.311 369
1 1999 2 8 40076 0.868646 0.469 429
1 1999 2 9 8490 1.63292 0.823 528
1 1999 2 10 1878 2.77325 1.324 629
1 1999 2 11 507 4.78741 2.103 746
1 1999 3 0 -1 -1 0 -1
1 1999 3 1 2.15308e+006 0.003558 0.001 50
1 1999 3 2 261620 0.023281 0.017 126
1 1999 3 3 305626 0.054654 0.038 170
1 1999 3 4 327982 0.112265 0.074 217
1 1999 3 5 115885 0.211535 0.132 269
1 1999 3 6 113476 0.349738 0.208 318
1 1999 3 7 44208 0.545503 0.311 369
1 1999 3 8 44977 0.869375 0.469 429
1 1999 3 9 9375 1.62593 0.819 527
1 1999 3 10 1856 2.76502 1.318 628
1 1999 3 11 465 4.76354 2.095 745
1 1999 4 0 -1 -1 0 -1
1 1999 4 1 1.022e+006 0.003558 0.001 50
1 1999 4 2 659634 0.016408 0.012 111
1 1999 4 3 191136 0.055316 0.039 171
1 1999 4 4 307211 0.115433 0.076 219
1 1999 4 5 131309 0.211074 0.132 269
1 1999 4 6 116236 0.349204 0.206 317
1 1999 4 7 47276 0.54632 0.311 369
1 1999 4 8 51536 0.871952 0.469 429
1 1999 4 9 11107 1.62503 0.819 527
1 1999 4 10 2076 2.75709 1.312 627
1 1999 4 11 484 4.74246 2.088 744
1 2000 1 1 267181 0.003493 0.001 50
1 2000 1 2 774939 0.01984 0.01 119
1 2000 1 3 251224 0.051349 0.03 168
1 2000 1 4 247009 0.113924 0.073 220
1 2000 1 5 133196 0.206069 0.14 269
1 2000 1 6 120794 0.337952 0.239 317
1 2000 1 7 46614 0.530333 0.391 369
1 2000 1 8 53065 0.848296 0.641 430
1 2000 1 9 11701 1.57181 1.241 527
1 2000 1 10 2051 2.65596 2.18 627
1 2000 1 11 429 4.54954 3.78 743
1 2000 2 1 87610 0.003493 0.001 50
1 2000 2 2 449622 0.021785 0.011 123
1 2000 2 3 308551 0.052103 0.031 169
1 2000 2 4 241651 0.110473 0.07 217
1 2000 2 5 117966 0.206887 0.142 270
1 2000 2 6 120726 0.338652 0.239 317
1 2000 2 7 45700 0.529833 0.391 369
1 2000 2 8 51088 0.849747 0.641 430
1 2000 2 9 11438 1.56997 1.241 527
1 2000 2 10 1883 2.64561 2.168 626
1 2000 2 11 344 4.50761 3.747 741
1 2000 3 0 -1 -1 0 -1
1 2000 3 1 2.75372e+006 0.003493 0.001 50
1 2000 3 2 223185 0.022613 0.012 125
1 2000 3 3 248935 0.053231 0.032 170
1 2000 3 4 266110 0.109855 0.07 217
1 2000 3 5 107648 0.206481 0.14 269
1 2000 3 6 115969 0.340625 0.241 318
1 2000 3 7 47316 0.52989 0.391 369
1 2000 3 8 52337 0.849917 0.641 430
1 2000 3 9 12088 1.57153 1.241 527
1 2000 3 10 1965 2.63975 2.157 625
1 2000 3 11 323 4.4662 3.714 739
1 2000 4 0 -1 -1 0 -1
1 2000 4 1 1.30869e+006 0.003493 0.001 50
1 2000 4 2 800851 0.015604 0.008 110
1 2000 4 3 163347 0.053795 0.032 171
1 2000 4 4 249149 0.112221 0.072 219
1 2000 4 5 109872 0.205808 0.14 269
1 2000 4 6 109698 0.341012 0.241 318
1 2000 4 7 47777 0.530536 0.391 369
1 2000 4 8 54878 0.850336 0.641 430
1 2000 4 9 13043 1.57481 1.241 527
1 2000 4 10 2168 2.63725 2.157 625
1 2000 4 11 331 4.42695 3.682 737
1 2001 1 1 339715 0.003493 0.001 50
1 2001 1 2 974651 0.019766 0.01 119
1 2001 1 3 280114 0.050812 0.03 167
1 2001 1 4 211256 0.112996 0.072 219
1 2001 1 5 109156 0.206179 0.14 269
1 2001 1 6 106298 0.33982 0.241 318
1 2001 1 7 45417 0.530924 0.391 369
1 2001 1 8 54773 0.85202 0.641 430
1 2001 1 9 13226 1.57635 1.248 528
1 2001 1 10 2235 2.63574 2.157 625
1 2001 1 11 319 4.38545 3.649 735
1 2001 2 1 108687 0.003493 0.001 50
1 2001 2 2 560290 0.021791 0.011 124
1 2001 2 3 376330 0.051964 0.031 169
1 2001 2 4 244293 0.108229 0.069 216
1 2001 2 5 98262 0.206683 0.14 269
1 2001 2 6 101768 0.339635 0.241 318
1 2001 2 7 41814 0.530625 0.391 369
1 2001 2 8 50738 0.853893 0.641 430
1 2001 2 9 12376 1.57549 1.241 527
1 2001 2 10 2080 2.63467 2.157 625
1 2001 2 11 280 4.34471 3.617 733
1 2001 3 0 -1 -1 0 -1
1 2001 3 1 1.80817e+006 0.003493 0.001 50
1 2001 3 2 271042 0.022719 0.012 125
1 2001 3 3 305121 0.053209 0.032 170
1 2001 3 4 303815 0.108604 0.069 216
1 2001 3 5 98622 0.20557 0.14 269
1 2001 3 6 97048 0.340512 0.241 318
1 2001 3 7 40869 0.53047 0.391 369
1 2001 3 8 49124 0.855082 0.646 431
1 2001 3 9 12373 1.57621 1.248 528
1 2001 3 10 2093 2.6351 2.157 625
1 2001 3 11 274 4.31486 3.601 732
1 2001 4 0 -1 -1 0 -1
1 2001 4 1 857832 0.003493 0.001 50
1 2001 4 2 577736 0.016373 0.008 112
1 2001 4 3 195713 0.053902 0.032 171
1 2001 4 4 295635 0.111762 0.071 218
1 2001 4 5 115586 0.204924 0.14 269
1 2001 4 6 97934 0.3392 0.239 317
1 2001 4 7 40948 0.530791 0.391 369
1 2001 4 8 50370 0.856275 0.646 431
1 2001 4 9 13315 1.58 1.248 528
1 2001 4 10 2346 2.63732 2.157 625
1 2001 4 11 309 4.29821 3.585 731
1 2002 1 1 224311 0.003493 0.001 50
1 2002 1 2 660546 0.019921 0.01 120
1 2002 1 3 232799 0.051629 0.03 168
1 2002 1 4 244442 0.113634 0.072 219
1 2002 1 5 123936 0.20571 0.14 269
1 2002 1 6 105530 0.337225 0.239 317
1 2002 1 7 40246 0.530584 0.391 369
1 2002 1 8 49791 0.857225 0.646 431
1 2002 1 9 13534 1.58306 1.248 528
1 2002 1 10 2475 2.63916 2.157 625
1 2002 1 11 328 4.28588 3.585 731
1 2002 2 1 72893 0.003493 0.001 50
1 2002 2 2 379493 0.021845 0.011 124
1 2002 2 3 272241 0.052251 0.031 169
1 2002 2 4 233960 0.111044 0.071 218
1 2002 2 5 115192 0.206662 0.14 269
1 2002 2 6 112078 0.337824 0.239 317
1 2002 2 7 41110 0.529839 0.391 369
1 2002 2 8 48455 0.856874 0.646 431
1 2002 2 9 13303 1.58489 1.256 529
1 2002 2 10 2509 2.64134 2.168 626
1 2002 2 11 336 4.27724 3.57 730
1 2002 3 0 -1 -1 0 -1
1 2002 3 1 2.16452e+006 0.003493 0.001 50
1 2002 3 2 186682 0.022666 0.012 125
1 2002 3 3 214783 0.053324 0.032 170
1 2002 3 4 246285 0.110573 0.07 217
1 2002 3 5 106470 0.206522 0.14 269
1 2002 3 6 112179 0.339951 0.241 318
1 2002 3 7 44199 0.529718 0.391 369
1 2002 3 8 49928 0.854707 0.646 431
1 2002 3 9 13695 1.58702 1.256 529
1 2002 3 10 2679 2.64479 2.168 626
1 2002 3 11 369 4.27415 3.57 730
1 2002 4 0 -1 -1 0 -1
1 2002 4 1 1.02858e+006 0.003493 0.001 50
1 2002 4 2 634047 0.015668 0.008 110
1 2002 4 3 138861 0.053874 0.032 171
1 2002 4 4 223346 0.112777 0.072 219
1 2002 4 5 106068 0.206095 0.14 269
1 2002 4 6 108318 0.340804 0.241 318
1 2002 4 7 46092 0.53031 0.391 369
1 2002 4 8 52841 0.852781 0.641 430
1 2002 4 9 14291 1.589 1.256 529
1 2002 4 10 2902 2.64867 2.168 626
1 2002 4 11 414 4.27529 3.57 730
1 2003 1 1 269361 0.003469 0.001 50
1 2003 1 2 768997 0.019595 0.01 119
1 2003 1 3 224425 0.050486 0.03 167
1 2003 1 4 184237 0.112479 0.072 219
1 2003 1 5 101147 0.204492 0.14 269
1 2003 1 6 103457 0.336948 0.241 318
1 2003 1 7 44411 0.52535 0.391 369
1 2003 1 8 52664 0.843302 0.641 430
1 2003 1 9 13749 1.57058 1.256 529
1 2003 1 10 2804 2.62096 2.168 626
1 2003 1 11 408 4.22594 3.57 730
1 2003 2 1 90145 0.003469 0.001 50
1 2003 2 2 453729 0.021527 0.011 123
1 2003 2 3 293850 0.051458 0.031 169
1 2003 2 4 198468 0.108197 0.07 217
1 2003 2 5 89555 0.205013 0.142 270
1 2003 2 6 98468 0.337267 0.241 318
1 2003 2 7 42401 0.525412 0.391 369
1 2003 2 8 51693 0.844942 0.641 430
1 2003 2 9 13339 1.56796 1.256 529
1 2003 2 10 2680 2.62197 2.168 626
1 2003 2 11 395 4.22595 3.57 730
1 2003 3 0 -1 -1 0 -1
1 2003 3 1 3.70918e+006 0.003469 0.001 50
1 2003 3 2 231107 0.022306 0.012 125
1 2003 3 3 245304 0.052636 0.032 170
1 2003 3 4 237101 0.107771 0.069 216
1 2003 3 5 84710 0.204258 0.14 269
1 2003 3 6 92452 0.338389 0.241 318
1 2003 3 7 41667 0.525562 0.391 369
1 2003 3 8 52323 0.847731 0.646 431
1 2003 3 9 13959 1.56724 1.248 528
1 2003 3 10 2792 2.62325 2.168 626
1 2003 3 11 420 4.22905 3.585 731
1 2003 4 0 -1 -1 0 -1
1 2003 4 1 1.76361e+006 0.003469 0.001 50
1 2003 4 2 1.0506e+006 0.015249 0.007 109
1 2003 4 3 166919 0.053158 0.032 170
1 2003 4 4 233518 0.110356 0.071 218
1 2003 4 5 91564 0.203346 0.14 269
1 2003 4 6 86970 0.337783 0.241 318
1 2003 4 7 39777 0.525899 0.391 369
1 2003 4 8 51674 0.849872 0.646 431
1 2003 4 9 14319 1.56776 1.256 529
1 2003 4 10 2856 2.62341 2.168 626
1 2003 4 11 435 4.23233 3.585 731
1 2004 1 1 457512 0.003469 0.001 50
1 2004 1 2 1.30236e+006 0.019561 0.01 119
1 2004 1 3 349145 0.050046 0.03 167
1 2004 1 4 211864 0.110772 0.071 218
1 2004 1 5 97009 0.203713 0.14 269
1 2004 1 6 86807 0.335587 0.239 317
1 2004 1 7 36814 0.525907 0.391 369
1 2004 1 8 48815 0.851466 0.651 432
1 2004 1 9 13890 1.56839 1.256 529
1 2004 1 10 2747 2.62176 2.168 626
1 2004 1 11 416 4.23333 3.585 731
1 2004 2 1 146996 0.003469 0.001 50
1 2004 2 2 752764 0.021583 0.011 123
1 2004 2 3 492292 0.051408 0.031 169
1 2004 2 4 282677 0.105673 0.068 215
1 2004 2 5 94233 0.204195 0.14 269
1 2004 2 6 89358 0.335057 0.239 317
1 2004 2 7 35139 0.52525 0.391 369
1 2004 2 8 45325 0.852285 0.651 432
1 2004 2 9 13165 1.5693 1.256 529
1 2004 2 10 2597 2.6198 2.168 626
1 2004 2 11 386 4.23229 3.585 731
1 2004 3 0 -1 -1 0 -1
1 2004 3 1 2.91942e+006 0.003469 0.001 50
1 2004 3 2 367234 0.02249 0.012 125
1 2004 3 3 405454 0.052688 0.032 170
1 2004 3 4 380321 0.106781 0.069 216
1 2004 3 5 105277 0.202821 0.14 269
1 2004 3 6 91374 0.335687 0.239 317
1 2004 3 7 36118 0.524834 0.391 369
1 2004 3 8 44516 0.851506 0.651 432
1 2004 3 9 13188 1.57159 1.256 529
1 2004 3 10 2656 2.6198 2.168 626
1 2004 3 11 393 4.23154 3.585 731
1 2004 4 0 -1 -1 0 -1
1 2004 4 1 1.38589e+006 0.003469 0.001 50
1 2004 4 2 904030 0.015994 0.008 111
1 2004 4 3 263642 0.053366 0.032 171
1 2004 4 4 381890 0.110248 0.071 218
1 2004 4 5 135497 0.202324 0.138 268
1 2004 4 6 99248 0.333595 0.239 317
1 2004 4 7 37375 0.524876 0.391 369
1 2004 4 8 45077 0.849491 0.646 431
1 2004 4 9 13373 1.57436 1.256 529
1 2004 4 10 2784 2.62126 2.168 626
1 2004 4 11 414 4.23095 3.585 731
1 2005 1 1 361135 0.003469 0.001 50
1 2005 1 2 1.05536e+006 0.019711 0.01 119
1 2005 1 3 348343 0.050924 0.03 168
1 2005 1 4 325081 0.112057 0.072 219
1 2005 1 5 153844 0.203338 0.14 269
1 2005 1 6 116904 0.331538 0.236 316
1 2005 1 7 38836 0.524311 0.391 369
1 2005 1 8 44884 0.847036 0.646 431
1 2005 1 9 12906 1.57518 1.256 529
1 2005 1 10 2736 2.62242 2.168 626
1 2005 1 11 408 4.22785 3.57 730
1 2005 2 1 116370 0.003469 0.001 50
1 2005 2 2 605486 0.021658 0.011 124
1 2005 2 3 426972 0.051713 0.031 169
1 2005 2 4 334748 0.109049 0.07 217
1 2005 2 5 149315 0.20438 0.14 269
1 2005 2 6 134444 0.332808 0.239 317
1 2005 2 7 43777 0.523427 0.391 369
1 2005 2 8 46582 0.844078 0.641 430
1 2005 2 9 12891 1.5749 1.256 529
1 2005 2 10 2769 2.62433 2.168 626
1 2005 2 11 417 4.22548 3.57 730
1 2005 3 0 -1 -1 0 -1
1 2005 3 1 3.48132e+006 0.003469 0.001 50
1 2005 3 2 296941 0.022476 0.012 125
1 2005 3 3 339551 0.052831 0.032 170
1 2005 3 4 373018 0.10893 0.07 217
1 2005 3 5 145716 0.204104 0.14 269
1 2005 3 6 141813 0.33531 0.239 317
1 2005 3 7 51101 0.52347 0.391 369
1 2005 3 8 51696 0.839856 0.641 430
1 2005 3 9 13657 1.57472 1.256 529
1 2005 3 10 2976 2.62699 2.18 627
1 2005 3 11 458 4.22589 3.57 730
1 2005 4 0 -1 -1 0 -1
1 2005 4 1 1.65433e+006 0.003469 0.001 50
1 2005 4 2 1.0181e+006 0.01553 0.008 110
1 2005 4 3 219665 0.053386 0.032 171
1 2005 4 4 345216 0.111408 0.072 219
1 2005 4 5 153090 0.203681 0.14 269
1 2005 4 6 142221 0.335922 0.239 317
1 2005 4 7 55355 0.524152 0.391 369
1 2005 4 8 56545 0.835859 0.637 429
1 2005 4 9 13790 1.57238 1.256 529
1 2005 4 10 2971 2.62822 2.18 627
1 2005 4 11 464 4.22615 3.57 730
1 2006 1 1 436665 0.003583 0.001 50
1 2006 1 2 1.23781e+006 0.019824 0.01 119
1 2006 1 3 357374 0.050637 0.03 167
1 2006 1 4 288422 0.111608 0.072 219
1 2006 1 5 150608 0.201772 0.14 269
1 2006 1 6 141456 0.329604 0.239 317
1 2006 1 7 55048 0.513169 0.391 369
1 2006 1 8 58010 0.812203 0.637 429
1 2006 1 9 12976 1.51426 1.248 528
1 2006 1 10 2646 2.52499 2.18 627
1 2006 1 11 408 4.03774 3.57 730
1 2006 2 1 152585 0.003583 0.001 50
1 2006 2 2 748350 0.02169 0.011 123
1 2006 2 3 462666 0.051518 0.03 168
1 2006 2 4 305087 0.10769 0.07 217
1 2006 2 5 134920 0.202335 0.14 269
1 2006 2 6 137014 0.329906 0.239 317
1 2006 2 7 53118 0.513133 0.391 369
1 2006 2 8 56800 0.812846 0.637 429
1 2006 2 9 12015 1.50714 1.248 528
1 2006 2 10 2253 2.52131 2.168 626
1 2006 2 11 336 4.03053 3.57 730
1 2006 3 0 -1 -1 0 -1
1 2006 3 1 3.62676e+006 0.003583 0.001 50
1 2006 3 2 391920 0.022578 0.012 125
1 2006 3 3 397900 0.052648 0.032 170
1 2006 3 4 361536 0.106916 0.069 216
1 2006 3 5 126932 0.201815 0.14 269
1 2006 3 6 131343 0.331136 0.241 318
1 2006 3 7 53375 0.513221 0.391 369
1 2006 3 8 58157 0.814719 0.637 429
1 2006 3 9 12341 1.50285 1.241 527
1 2006 3 10 2163 2.51764 2.168 626
1 2006 3 11 313 4.02475 3.57 730
1 2006 4 0 -1 -1 0 -1
1 2006 4 1 1.72334e+006 0.003583 0.001 50
1 2006 4 2 1.10718e+006 0.016098 0.008 111
1 2006 4 3 278556 0.053288 0.032 170
1 2006 4 4 365675 0.109159 0.071 218
1 2006 4 5 135823 0.200923 0.14 269
1 2006 4 6 126413 0.331222 0.241 318
1 2006 4 7 53509 0.51362 0.391 369
1 2006 4 8 60581 0.816873 0.641 430
1 2006 4 9 13305 1.50188 1.241 527
1 2006 4 10 2242 2.51404 2.168 626
1 2006 4 11 314 4.01972 3.554 729
1 2007 1 1 455026 0.003583 0.001 50
1 2007 1 2 1.31092e+006 0.019906 0.01 119
1 2007 1 3 410034 0.050885 0.03 168
1 2007 1 4 330894 0.11041 0.071 218
1 2007 1 5 145039 0.20105 0.14 269
1 2007 1 6 125376 0.329543 0.239 317
1 2007 1 7 50912 0.513832 0.391 369
1 2007 1 8 59432 0.818351 0.641 430
1 2007 1 9 13287 1.50084 1.241 527
1 2007 1 10 2131 2.50808 2.157 625
1 2007 1 11 282 4.01099 3.554 729
1 2007 2 1 157292 0.003583 0.001 50
1 2007 2 2 784093 0.021755 0.011 123
1 2007 2 3 507182 0.051659 0.031 169
1 2007 2 4 355304 0.107637 0.07 217
1 2007 2 5 142467 0.201625 0.14 269
1 2007 2 6 127654 0.328541 0.239 317
1 2007 2 7 48130 0.513467 0.391 369
1 2007 2 8 55899 0.819384 0.641 430
1 2007 2 9 12618 1.49984 1.241 527
1 2007 2 10 1930 2.50116 2.157 625
1 2007 2 11 236 3.99859 3.538 728
1 2007 3 0 -1 -1 0 -1
1 2007 3 1 3.38596e+006 0.003583 0.001 50
1 2007 3 2 406048 0.022641 0.012 125
1 2007 3 3 426301 0.052741 0.032 170
1 2007 3 4 410435 0.107338 0.069 216
1 2007 3 5 142765 0.201348 0.14 269
1 2007 3 6 131048 0.329228 0.239 317
1 2007 3 7 49147 0.513064 0.391 369
1 2007 3 8 55787 0.82026 0.641 430
1 2007 3 9 12969 1.50091 1.241 527
1 2007 3 10 1965 2.49706 2.146 624
1 2007 3 11 225 3.98658 3.538 728
1 2007 4 0 -1 -1 0 -1
1 2007 4 1 1.60855e+006 0.003583 0.001 50
1 2007 4 2 1.05087e+006 0.016234 0.008 111
1 2007 4 3 293395 0.053375 0.032 171
1 2007 4 4 405005 0.109606 0.071 218
1 2007 4 5 156063 0.200849 0.14 269
1 2007 4 6 135160 0.329434 0.239 317
1 2007 4 7 51900 0.513121 0.391 369
1 2007 4 8 58601 0.820574 0.641 430
1 2007 4 9 14134 1.50383 1.241 527
1 2007 4 10 2196 2.49598 2.146 624
1 2007 4 11 243 3.97624 3.522 727
1 2008 1 1 421121 0.003583 0.001 50
1 2008 1 2 1.22918e+006 0.019963 0.01 119
1 2008 1 3 403698 0.051047 0.03 168
1 2008 1 4 357404 0.110983 0.072 219
1 2008 1 5 166566 0.201224 0.14 269
1 2008 1 6 142495 0.328526 0.239 317
1 2008 1 7 53301 0.513178 0.391 369
1 2008 1 8 59897 0.819674 0.641 430
1 2008 1 9 14525 1.50589 1.241 527
1 2008 1 10 2299 2.49491 2.146 624
1 2008 1 11 245 3.96423 3.507 726
1 2008 2 1 138848 0.003583 0.001 50
1 2008 2 2 714443 0.021875 0.011 124
1 2008 2 3 493218 0.05182 0.031 169
1 2008 2 4 375868 0.108204 0.07 217
1 2008 2 5 161628 0.201905 0.14 269
1 2008 2 6 150244 0.328576 0.239 317
1 2008 2 7 54646 0.512886 0.391 369
1 2008 2 8 59860 0.818238 0.641 430
1 2008 2 9 14213 1.50636 1.241 527
1 2008 2 10 2265 2.494 2.146 624
1 2008 2 11 233 3.95155 3.507 726
1 2008 3 0 -1 -1 0 -1
1 2008 3 1 3.48758e+006 0.003583 0.001 50
1 2008 3 2 356826 0.022725 0.012 125
1 2008 3 3 398756 0.052911 0.032 170
1 2008 3 4 422700 0.108094 0.07 217
1 2008 3 5 159704 0.201596 0.14 269
1 2008 3 6 154036 0.329878 0.239 317
1 2008 3 7 58407 0.512803 0.391 369
1 2008 3 8 62858 0.817363 0.641 430
1 2008 3 9 14767 1.50674 1.248 528
1 2008 3 10 2385 2.49469 2.146 624
1 2008 3 11 242 3.94211 3.491 725
1 2008 4 0 -1 -1 0 -1
1 2008 4 1 1.65699e+006 0.003583 0.001 50
1 2008 4 2 1.04912e+006 0.015999 0.008 110
1 2008 4 3 263594 0.0535 0.032 171
1 2008 4 4 399948 0.110478 0.071 218
1 2008 4 5 171083 0.201197 0.14 269
1 2008 4 6 157018 0.330183 0.239 317
1 2008 4 7 62349 0.513183 0.391 369
1 2008 4 8 68462 0.817438 0.641 430
1 2008 4 9 16194 1.5078 1.248 528
1 2008 4 10 2677 2.49667 2.146 624
1 2008 4 11 274 3.93656 3.491 725
1 2009 1 1 434405 0.003342 0.001 50
1 2009 1 2 1.25196e+006 0.018772 0.01 119
1 2009 1 3 388336 0.04826 0.03 168
1 2009 1 4 339371 0.106365 0.072 219
1 2009 1 5 173508 0.192951 0.14 269
1 2009 1 6 160564 0.316297 0.239 317
1 2009 1 7 63048 0.494143 0.391 369
1 2009 1 8 70767 0.789324 0.641 430
1 2009 1 9 16575 1.4607 1.248 528
1 2009 1 10 2737 2.42771 2.146 624
1 2009 1 11 279 3.83184 3.491 725
1 2009 2 1 145670 0.003342 0.001 50
1 2009 2 2 737587 0.020586 0.011 123
1 2009 2 3 489722 0.049055 0.031 169
1 2009 2 4 355966 0.103087 0.07 217
1 2009 2 5 159954 0.193537 0.14 269
1 2009 2 6 160891 0.31659 0.239 317
1 2009 2 7 62614 0.494011 0.391 369
1 2009 2 8 70227 0.789497 0.641 430
1 2009 2 9 16160 1.45876 1.241 527
1 2009 2 10 2606 2.42661 2.146 624
1 2009 2 11 260 3.82447 3.475 724
1 2009 3 0 -1 -1 0 -1
1 2009 3 1 3.23523e+006 0.003342 0.001 50
1 2009 3 2 373847 0.02142 0.012 125
1 2009 3 3 405126 0.050117 0.032 170
1 2009 3 4 408206 0.102685 0.07 217
1 2009 3 5 153074 0.193102 0.14 269
1 2009 3 6 157487 0.317794 0.241 318
1 2009 3 7 64189 0.494053 0.391 369
1 2009 3 8 72342 0.790209 0.641 430
1 2009 3 9 16771 1.45801 1.241 527
1 2009 3 10 2671 2.42593 2.146 624
1 2009 3 11 263 3.81928 3.475 724
1 2009 4 0 -1 -1 0 -1
1 2009 4 1 1.53685e+006 0.003342 0.001 50
1 2009 4 2 994554 0.01523 0.008 111
1 2009 4 3 272817 0.050712 0.032 171
1 2009 4 4 395197 0.104907 0.071 218
1 2009 4 5 162500 0.192489 0.14 269
1 2009 4 6 154002 0.31786 0.241 318
1 2009 4 7 65194 0.494417 0.391 369
1 2009 4 8 75641 0.791297 0.641 430
1 2009 4 9 17931 1.45856 1.241 527
1 2009 4 10 2859 2.42561 2.146 624
1 2009 4 11 279 3.81553 3.475 724
1 2010 1 1 406243 0.003342 0.001 50
1 2010 1 2 1.17246e+006 0.01879 0.01 119
1 2010 1 3 377716 0.048406 0.03 168
1 2010 1 4 341137 0.106091 0.072 219
1 2010 1 5 166409 0.192776 0.14 269
1 2010 1 6 152982 0.316742 0.239 317
1 2010 1 7 62919 0.494592 0.391 369
1 2010 1 8 74769 0.792105 0.641 430
1 2010 1 9 17831 1.45818 1.241 527
1 2010 1 10 2801 2.42373 2.146 624
1 2010 1 11 266 3.80886 3.46 723
1 2010 2 1 141391 0.003342 0.001 50
1 2010 2 2 703919 0.02053 0.011 123
1 2010 2 3 458961 0.049054 0.031 169
1 2010 2 4 346222 0.103484 0.07 217
1 2010 2 5 156178 0.193336 0.14 269
1 2010 2 6 152039 0.316435 0.239 317
1 2010 2 7 60210 0.494368 0.391 369
1 2010 2 8 71370 0.792683 0.641 430
1 2010 2 9 16994 1.45707 1.241 527
1 2010 2 10 2599 2.42074 2.146 624
1 2010 2 11 236 3.79951 3.46 723
1 2010 3 0 -1 -1 0 -1
1 2010 3 1 3.47465e+006 0.003342 0.001 50
1 2010 3 2 368215 0.021348 0.012 125
1 2010 3 3 385665 0.050049 0.032 170
1 2010 3 4 383633 0.102847 0.07 217
1 2010 3 5 148492 0.193137 0.14 269
1 2010 3 6 149666 0.317291 0.241 318
1 2010 3 7 60248 0.494194 0.391 369
1 2010 3 8 70787 0.793364 0.641 430
1 2010 3 9 17114 1.45713 1.241 527
1 2010 3 10 2592 2.41872 2.146 624
1 2010 3 11 227 3.79113 3.444 722
1 2010 4 0 -1 -1 0 -1
1 2010 4 1 1.65134e+006 0.003342 0.001 50
1 2010 4 2 1.05834e+006 0.01515 0.008 111
1 2010 4 3 267918 0.05062 0.032 171
1 2010 4 4 372166 0.10469 0.071 218
1 2010 4 5 152557 0.192594 0.14 269
1 2010 4 6 145490 0.317582 0.241 318
1 2010 4 7 60237 0.494309 0.391 369
1 2010 4 8 70855 0.793512 0.641 430
1 2010 4 9 17392 1.45793 1.241 527
1 2010 4 10 2634 2.41731 2.146 624
1 2010 4 11 224 3.78342 3.444 722
1 2011 1 1 439491 0.003342 0.001 50
1 2011 1 2 1.25808e+006 0.018757 0.01 119
1 2011 1 3 392821 0.048298 0.03 168
1 2011 1 4 329572 0.105628 0.072 219
1 2011 1 5 154295 0.192723 0.14 269
1 2011 1 6 141941 0.316774 0.239 317
1 2011 1 7 57708 0.494403 0.391 369
1 2011 1 8 67877 0.792788 0.641 430
1 2011 1 9 16491 1.45761 1.241 527
1 2011 1 10 2458 2.41465 2.135 623
1 2011 1 11 199 3.77307 3.444 722
1 2011 2 1 158856 0.003342 0.001 50
1 2011 2 2 771605 0.020442 0.011 123
1 2011 2 3 479129 0.048943 0.031 169
1 2011 2 4 340483 0.103082 0.07 217
1 2011 2 5 145678 0.193147 0.14 269
1 2011 2 6 138195 0.316262 0.239 317
1 2011 2 7 54088 0.49422 0.391 369
1 2011 2 8 62602 0.79166 0.641 430
1 2011 2 9 14771 1.45603 1.241 527
1 2011 2 10 2131 2.41088 2.135 623
1 2011 2 11 161 3.7604 3.429 721
1 2011 3 0 -1 -1 0 -1
1 2011 3 1 4.63704e+006 0.003342 0.001 50
1 2011 3 2 417483 0.021237 0.012 125
1 2011 3 3 413627 0.049919 0.032 170
1 2011 3 4 382380 0.102333 0.069 216
1 2011 3 5 139489 0.192943 0.14 269
1 2011 3 6 134766 0.316701 0.239 317
1 2011 3 7 52631 0.49401 0.391 369
1 2011 3 8 59809 0.791043 0.641 430
1 2011 3 9 13867 1.45482 1.241 527
1 2011 3 10 1951 2.40786 2.135 623
1 2011 3 11 139 3.74893 3.413 720
1 2011 4 0 -1 -1 0 -1
1 2011 4 1 2.20485e+006 0.003342 0.001 50
1 2011 4 2 1.38431e+006 0.014985 0.008 110
1 2011 4 3 298679 0.050466 0.032 170
1 2011 4 4 381199 0.104025 0.071 218
1 2011 4 5 144386 0.19236 0.14 269
1 2011 4 6 131315 0.316848 0.239 317
1 2011 4 7 51981 0.494007 0.391 369
1 2011 4 8 58536 0.79055 0.641 430
1 2011 4 9 13457 1.45416 1.241 527
1 2011 4 10 1862 2.40555 2.135 623
1 2011 4 11 127 3.73876 3.413 720
1 2012 1 1 589821 0.003539 0.001 50
1 2012 1 2 1.6696e+006 0.019328 0.01 119
1 2012 1 3 490344 0.049058 0.03 168
1 2012 1 4 352653 0.105695 0.071 218
1 2012 1 5 148189 0.192624 0.14 269
1 2012 1 6 127229 0.314115 0.239 317
1 2012 1 7 48712 0.488275 0.391 369
1 2012 1 8 53622 0.77427 0.641 430
1 2012 1 9 11785 1.41365 1.241 527
1 2012 1 10 1558 2.32252 2.124 622
1 2012 1 11 99 3.58255 3.398 719
1 2012 2 1 220243 0.003539 0.001 50
1 2012 2 2 1.04326e+006 0.021004 0.011 123
1 2012 2 3 610919 0.049781 0.03 168
1 2012 2 4 384850 0.103048 0.069 216
1 2012 2 5 143989 0.192949 0.14 269
1 2012 2 6 124425 0.313244 0.239 317
1 2012 2 7 44979 0.487982 0.391 369
1 2012 2 8 47682 0.771665 0.637 429
1 2012 2 9 9798 1.40991 1.233 526
1 2012 2 10 1210 2.31719 2.124 622
1 2012 2 11 70 3.56975 3.383 718
1 2012 3 0 -1 -1 0 -1
1 2012 3 1 4.83219e+006 0.003539 0.001 50
1 2012 3 2 577757 0.021858 0.012 125
1 2012 3 3 542662 0.050771 0.032 170
1 2012 3 4 452074 0.102398 0.069 216
1 2012 3 5 143475 0.192701 0.14 269
1 2012 3 6 124473 0.313397 0.239 317
1 2012 3 7 44185 0.487703 0.391 369
1 2012 3 8 45527 0.770352 0.637 429
1 2012 3 9 9005 1.40743 1.233 526
1 2012 3 10 1059 2.31295 2.113 621
1 2012 3 11 57 3.55867 3.383 718
1 2012 4 0 -1 -1 0 -1
1 2012 4 1 2.29732e+006 0.003539 0.001 50
1 2012 4 2 1.51771e+006 0.015901 0.008 111
1 2012 4 3 402360 0.05138 0.032 170
1 2012 4 4 468120 0.104121 0.07 217
1 2012 4 5 154338 0.192065 0.14 269
1 2012 4 6 124102 0.313281 0.239 317
1 2012 4 7 43750 0.487536 0.391 369
1 2012 4 8 43783 0.768756 0.637 429
1 2012 4 9 8335 1.40505 1.225 525
1 2012 4 10 935 2.30884 2.113 621
1 2012 4 11 46 3.54855 3.367 717
1 2013 1 1 616448 0.003539 0.001 50
1 2013 1 2 1.77614e+006 0.019418 0.01 119
1 2013 1 3 574822 0.049365 0.03 168
1 2013 1 4 444900 0.105207 0.071 218
1 2013 1 5 167493 0.192047 0.14 269
1 2013 1 6 126030 0.31211 0.236 316
1 2013 1 7 42382 0.487367 0.391 369
1 2013 1 8 40840 0.765935 0.632 428
1 2013 1 9 7270 1.4014 1.225 525
1 2013 1 10 761 2.30361 2.113 621
1 2013 1 11 35 3.53818 3.352 716
1 2013 2 1 230061 0.003539 0.001 50
1 2013 2 2 1.10414e+006 0.021058 0.011 123
1 2013 2 3 677912 0.049942 0.031 169
1 2013 2 4 472712 0.103506 0.069 216
1 2013 2 5 172341 0.192488 0.14 269
1 2013 2 6 132159 0.31123 0.236 316
1 2013 2 7 41767 0.48705 0.391 369
1 2013 2 8 38675 0.763314 0.632 428
1 2013 2 9 6426 1.39765 1.225 525
1 2013 2 10 625 2.29817 2.102 620
1 2013 2 11 26 3.528 3.352 716
1 2013 3 0 -1 -1 0 -1
1 2013 3 1 3.44599e+006 0.003539 0.001 50
1 2013 3 2 607979 0.021934 0.012 125
1 2013 3 3 589948 0.050862 0.032 170
1 2013 3 4 529233 0.103076 0.069 216
1 2013 3 5 175946 0.192506 0.14 269
1 2013 3 6 139735 0.311537 0.236 316
1 2013 3 7 43407 0.486708 0.387 368
1 2013 3 8 38741 0.7616 0.627 427
1 2013 3 9 6141 1.39486 1.218 524
1 2013 3 10 564 2.29357 2.102 620
1 2013 3 11 21 3.51905 3.337 715
1 2013 4 0 -1 -1 0 -1
1 2013 4 1 1.63735e+006 0.003539 0.001 50
1 2013 4 2 1.17833e+006 0.016505 0.008 112
1 2013 4 3 431113 0.051485 0.032 170
1 2013 4 4 531129 0.104658 0.07 217
1 2013 4 5 187478 0.192182 0.14 269
1 2013 4 6 145725 0.31191 0.236 316
1 2013 4 7 45814 0.486563 0.387 368
1 2013 4 8 39632 0.759768 0.627 427
1 2013 4 9 6016 1.39244 1.218 524
1 2013 4 10 525 2.28933 2.091 619
1 2013 4 11 18 3.51102 3.337 715
1 2014 1 1 440789 0.003539 0.001 50
1 2014 1 2 1.31091e+006 0.019579 0.01 120
1 2014 1 3 502910 0.049898 0.031 169
1 2014 1 4 486348 0.106 0.071 218
1 2014 1 5 198997 0.192301 0.14 269
1 2014 1 6 152190 0.311563 0.236 316
1 2014 1 7 47460 0.486534 0.387 368
1 2014 1 8 39905 0.757072 0.622 426
1 2014 1 9 5662 1.38903 1.218 524
1 2014 1 10 461 2.28443 2.091 619
1 2014 1 11 15 3.50315 3.322 714
1 2014 2 1 162759 0.003539 0.001 50
1 2014 2 2 803797 0.021174 0.011 123
1 2014 2 3 542663 0.050251 0.031 169
1 2014 2 4 471590 0.105075 0.071 218
1 2014 2 5 198994 0.192795 0.14 269
1 2014 2 6 159328 0.311367 0.236 316
1 2014 2 7 48716 0.486418 0.387 368
1 2014 2 8 39857 0.754397 0.622 426
1 2014 2 9 5220 1.38485 1.21 523
1 2014 2 10 392 2.27908 2.08 618
1 2014 2 11 11 3.49559 3.322 714
1 2014 3 0 -1 -1 0 -1
1 2014 3 1 3.18326e+006 0.003539 0.001 50
1 2014 3 2 438547 0.021998 0.012 125
1 2014 3 3 453282 0.051059 0.032 170
1 2014 3 4 478672 0.104668 0.07 217
1 2014 3 5 193587 0.193008 0.14 269
1 2014 3 6 165184 0.312089 0.236 316
1 2014 3 7 51383 0.486332 0.387 368
1 2014 3 8 41348 0.752912 0.622 426
1 2014 3 9 5112 1.38121 1.21 523
1 2014 3 10 356 2.27429 2.08 618
1 2014 3 11 9 3.48888 3.307 713
1 2014 4 0 -1 -1 0 -1
1 2014 4 1 1.51316e+006 0.003539 0.001 50
1 2014 4 2 1.0268e+006 0.016111 0.008 112
1 2014 4 3 324164 0.051603 0.032 170
1 2014 4 4 449337 0.105912 0.071 218
1 2014 4 5 191676 0.192909 0.14 269
1 2014 4 6 167245 0.312957 0.239 317
1 2014 4 7 54454 0.486456 0.387 368
1 2014 4 8 43830 0.752185 0.618 425
1 2014 4 9 5224 1.37829 1.203 522
1 2014 4 10 342 2.27005 2.08 618
1 2014 4 11 8 3.48296 3.307 713
1 2015 1 1 405668 0.003728 0.001 50
1 2015 1 2 1.18252e+006 0.020235 0.01 119
1 2015 1 3 414302 0.051241 0.03 168
1 2015 1 4 395541 0.1095 0.072 219
1 2015 1 5 187512 0.197077 0.14 269
1 2015 1 6 165753 0.318593 0.239 317
1 2015 1 7 55689 0.493301 0.387 368
1 2015 1 8 45195 0.758875 0.618 425
1 2015 1 9 5148 1.38206 1.203 522
1 2015 1 10 311 2.26846 2.069 617
1 2015 1 11 7 3.47037 3.292 712
1 2015 2 1 149647 0.003728 0.001 50
1 2015 2 2 729088 0.021925 0.011 123
1 2015 2 3 470069 0.051691 0.031 169
1 2015 2 4 384101 0.107775 0.071 218
1 2015 2 5 174937 0.197431 0.14 269
1 2015 2 6 161260 0.318797 0.239 317
1 2015 2 7 55024 0.493459 0.391 369
1 2015 2 8 45115 0.758277 0.618 425
1 2015 2 9 4900 1.378 1.195 521
1 2015 2 10 270 2.26279 2.069 617
1 2015 2 11 5 3.46403 3.292 712
1 2015 3 0 -1 -1 0 -1
1 2015 3 1 1.9122e+006 0.003728 0.001 50
1 2015 3 2 397437 0.022831 0.012 125
1 2015 3 3 400640 0.052579 0.032 170
1 2015 3 4 400459 0.106993 0.07 217
1 2015 3 5 163663 0.197423 0.14 269
1 2015 3 6 156665 0.319497 0.239 317
1 2015 3 7 55274 0.493639 0.391 369
1 2015 3 8 46350 0.75907 0.618 425
1 2015 3 9 4979 1.37532 1.195 521
1 2015 3 10 255 2.25796 2.058 616
1 2015 3 11 5 3.45845 3.292 712
1 2015 4 0 -1 -1 0 -1
1 2015 4 1 908208 0.003728 0.001 50
1 2015 4 2 682051 0.017466 0.008 113
1 2015 4 3 288048 0.053204 0.032 170
1 2015 4 4 384700 0.108255 0.071 218
1 2015 4 5 160509 0.197069 0.14 269
1 2015 4 6 151076 0.320055 0.239 317
1 2015 4 7 55563 0.493915 0.391 369
1 2015 4 8 48168 0.7607 0.622 426
1 2015 4 9 5272 1.37408 1.195 521
1 2015 4 10 258 2.25411 2.058 616
1 2015 4 11 4 3.45354 3.277 711
1 2016 1 1 246479 0.003728 0.001 50
1 2016 1 2 741757 0.020411 0.01 120
1 2016 1 3 309277 0.051748 0.031 169
1 2016 1 4 339573 0.109469 0.072 219
1 2016 1 5 157797 0.197042 0.14 269
1 2016 1 6 144666 0.319848 0.239 317
1 2016 1 7 53854 0.494158 0.391 369
1 2016 1 8 48037 0.761945 0.622 426
1 2016 1 9 5318 1.37268 1.195 521
1 2016 1 10 247 2.24979 2.058 616
1 2016 1 11 4 3.44807 3.277 711
1 2016 2 1 93571 0.003728 0.001 50
1 2016 2 2 459901 0.021977 0.011 123
1 2016 2 3 317665 0.051968 0.031 169
1 2016 2 4 311117 0.108801 0.071 218
1 2016 2 5 148828 0.197361 0.14 269
1 2016 2 6 138681 0.319523 0.239 317
1 2016 2 7 51116 0.494245 0.391 369
1 2016 2 8 46491 0.763036 0.622 426
1 2016 2 9 5196 1.3714 1.188 520
1 2016 2 10 229 2.24536 2.047 615
1 2016 2 11 3 3.44232 3.277 711
1 2016 3 0 -1 -1 0 -1
1 2016 3 1 2.04357e+006 0.003728 0.001 50
1 2016 3 2 256536 0.022795 0.012 125
1 2016 3 3 264287 0.052695 0.032 170
1 2016 3 4 298466 0.108263 0.071 218
1 2016 3 5 137765 0.197564 0.14 269
1 2016 3 6 133796 0.319811 0.239 317
1 2016 3 7 49562 0.494262 0.391 369
1 2016 3 8 45802 0.764477 0.622 426
1 2016 3 9 5247 1.37112 1.188 520
1 2016 3 10 225 2.24197 2.047 615
1 2016 3 11 3 3.43739 3.262 710
1 2016 4 0 -1 -1 0 -1
1 2016 4 1 971872 0.003728 0.001 50
1 2016 4 2 650035 0.016648 0.008 111
1 2016 4 3 191987 0.053201 0.032 170
1 2016 4 4 272801 0.109127 0.072 219
1 2016 4 5 129183 0.197501 0.14 269
1 2016 4 6 128008 0.3204 0.239 317
1 2016 4 7 48671 0.494341 0.391 369
1 2016 4 8 45741 0.765975 0.627 427
1 2016 4 9 5424 1.37171 1.195 521
1 2016 4 10 230 2.23963 2.047 615
1 2016 4 11 3 3.43333 3.262 710
1 2017 1 1 260963 0.003728 0.001 50
1 2017 1 2 756354 0.020206 0.01 119
1 2017 1 3 257355 0.051146 0.03 168
1 2017 1 4 239846 0.109659 0.072 219
1 2017 1 5 120989 0.197535 0.14 269
1 2017 1 6 120575 0.320666 0.241 318
1 2017 1 7 46827 0.494471 0.391 369
1 2017 1 8 44633 0.766877 0.627 427
1 2017 1 9 5422 1.37226 1.195 521
1 2017 1 10 228 2.23766 2.047 615
1 2017 1 11 3 3.42983 3.262 710
1 2017 2 1 97435 0.003728 0.001 50
1 2017 2 2 469998 0.021886 0.011 123
1 2017 2 3 296012 0.051629 0.031 169
1 2017 2 4 235529 0.107737 0.071 218
1 2017 2 5 110673 0.197749 0.14 269
1 2017 2 6 112838 0.320785 0.241 318
1 2017 2 7 44351 0.494598 0.391 369
1 2017 2 8 42877 0.767561 0.627 427
1 2017 2 9 5300 1.37278 1.195 521
1 2017 2 10 222 2.23612 2.036 614
1 2017 2 11 2 3.42699 3.262 710
1 2017 3 0 -1 -1 0 -1
1 2017 3 1 835574 0.003728 0.001 50
1 2017 3 2 258442 0.022818 0.012 125
1 2017 3 3 255389 0.052522 0.032 170
1 2017 3 4 248091 0.106849 0.07 217
1 2017 3 5 102386 0.19763 0.14 269
1 2017 3 6 105839 0.321172 0.241 318
1 2017 3 7 42438 0.49473 0.391 369
1 2017 3 8 41843 0.768672 0.627 427
1 2017 3 9 5300 1.3736 1.195 521
1 2017 3 10 224 2.23527 2.036 614
1 2017 3 11 2 3.42488 3.247 709
1 2017 4 0 -1 -1 0 -1
1 2017 4 1 396530 0.003728 0.001 50
1 2017 4 2 340661 0.018293 0.009 115
1 2017 4 3 185499 0.053177 0.032 170
1 2017 4 4 241099 0.10804 0.071 218
1 2017 4 5 99768 0.197178 0.14 269
1 2017 4 6 99248 0.321379 0.241 318
1 2017 4 7 40638 0.4949 0.391 369
1 2017 4 8 41023 0.770063 0.627 427
1 2017 4 9 5354 1.3746 1.195 521
1 2017 4 10 229 2.23488 2.036 614
1 2017 4 11 2 3.42336 3.247 709
1 2018 1 1 108472 0.003728 0.001 50
1 2018 1 2 344084 0.020671 0.01 120
1 2018 1 3 174594 0.052202 0.031 169
1 2018 1 4 214085 0.109483 0.072 219
1 2018 1 5 99014 0.197071 0.14 269
1 2018 1 6 94173 0.32091 0.241 318
1 2018 1 7 38453 0.495051 0.391 369
1 2018 1 8 39696 0.771387 0.632 428
1 2018 1 9 5332 1.37556 1.195 521
1 2018 1 10 231 2.23479 2.036 614
1 2018 1 11 2 3.42243 3.247 709
1 2018 2 1 40745 0.003728 0.001 50
1 2018 2 2 209287 0.022156 0.011 124
1 2018 2 3 163882 0.052327 0.031 169
1 2018 2 4 190074 0.109529 0.072 219
1 2018 2 5 94786 0.197393 0.14 269
1 2018 2 6 90691 0.320336 0.239 317
1 2018 2 7 36172 0.495066 0.391 369
1 2018 2 8 37905 0.77264 0.632 428
1 2018 2 9 5235 1.37652 1.195 521
1 2018 2 10 230 2.2349 2.036 614
1 2018 2 11 2 3.42196 3.247 709
1 2018 3 0 -1 -1 0 -1
1 2018 3 1 2.24137e+006 0.003728 0.001 50
1 2018 3 2 116954 0.022753 0.012 125
1 2018 3 3 129736 0.05295 0.032 170
1 2018 3 4 171905 0.109438 0.072 219
1 2018 3 5 87639 0.197712 0.14 269
1 2018 3 6 87786 0.320458 0.239 317
1 2018 3 7 34714 0.49498 0.391 369
1 2018 3 8 36630 0.773893 0.632 428
1 2018 3 9 5218 1.3777 1.195 521
1 2018 3 10 233 2.23516 2.036 614
1 2018 3 11 2 3.42166 3.247 709
1 2018 4 0 -1 -1 0 -1
1 2018 4 1 1.06662e+006 0.003728 0.001 50
1 2018 4 2 630784 0.015677 0.007 109
1 2018 4 3 93253 0.05322 0.032 170
1 2018 4 4 148707 0.110312 0.072 219
1 2018 4 5 80252 0.197853 0.14 269
1 2018 4 6 83894 0.321076 0.241 318
1 2018 4 7 33812 0.494959 0.391 369
1 2018 4 8 35873 0.774971 0.632 428
1 2018 4 9 5279 1.37915 1.195 521
1 2018 4 10 241 2.23554 2.036 614
1 2018 4 11 2 3.42148 3.247 709
