Species.n Year  Rec SSB TSB SOP SOP.hat Yield Yield.hat mean.F Eaten
16 1974  8.87484e+06 181957 405830 252714 244421 252714 244421 0.723554 143516
16 1975  5.25173e+06 168982 404276 241132 251074 241132 251074 0.75518 146041
16 1976  1.79003e+07 152133 432453 305329 254787 305329 254787 0.828292 219470
16 1977  8.98849e+06 123788 417320 347182 279797 347182 279797 0.812799 220656
16 1978  1.57321e+07 118897 479463 327061 363683 327061 363683 0.94335 233693
16 1979  7.71502e+06 113588 447034 428086 299877 428086 299877 0.762617 180275
16 1980  8.85671e+06 127016 467835 587443 345437 587443 345437 0.887473 204624
16 1981  3.06188e+07 131719 505579 390754 338735 390754 338735 0.874291 323744
16 1982  1.087e+07 123936 414535 356376 337108 356376 337108 0.94881 210356
16 1983  1.06e+07 107197 383326 279032 300808 279032 300808 0.953649 181057
16 1984  1.06991e+07 93971.5 349138 378275 269942 378275 269942 0.885936 198293
16 1985  8.32276e+06 96906.3 362025 245642 245769 245642 245769 0.895322 149202
16 1986  6.68932e+06 84334.2 294803 339692 240090 339692 240090 0.973871 148875
16 1987  4.96731e+06 86198.6 340770 243840 265644 243840 265644 0.970482 127372
16 1988  3.89599e+06 83783 271291 193767 213967 193767 213967 0.943309 95051.1
16 1989  3.53444e+06 77410.2 226972 201155 198818 201155 198818 0.986387 98145.8
16 1990  4.81755e+06 74641.6 229615 151592 156845 151592 156845 0.912407 101165
16 1991  5.88352e+06 70684.3 181897 119678 144238 119678 144238 0.912203 92557.3
16 1992  4.77044e+06 67752.7 189378 148985 161251 148985 161251 0.878875 99573.8
16 1993  6.95891e+06 69365.9 204569 132900 120288 132900 120288 0.819314 111587
16 1994  7.0407e+06 75946.8 206182 216500 125642 216500 125642 0.837233 118356
16 1995  6.41612e+06 85162.1 241700 198306 157277 198306 157277 0.931413 117796
16 1996  8.71458e+06 86297.3 218680 142941 155312 142941 155312 0.988969 118989
16 1997  6.82705e+06 73999.2 196056 135372 130127 135372 130127 0.898531 127150
16 1998  8.12231e+06 75625.5 221166 136757 121687 136757 121687 0.965601 119191
16 1999  1.50825e+07 62541.2 130932 95882.7 92321.6 95882.7 92321.6 1.07923 123296
16 2000  5.44726e+06 47031.9 116823 77117.6 84833.8 77117.6 84833.8 1.04269 81005
16 2001  6.28588e+06 52280.8 136708 78723.3 76979.7 78723.3 76979.7 0.990739 81242.7
16 2002  8.37706e+06 44990 97071.6 56581.5 57335.8 56581.5 57335.8 0.903509 83020.9
16 2003  1.03728e+07 43232 89346.2 51655.7 54300.2 51655.7 54300.2 0.907203 94085.9
16 2004  8.9092e+06 36444 75833.2 40848 37553.8 40848 37553.8 0.827422 89941.5
16 2005  1.27601e+07 37137.2 80995.2 36580 42276.7 36580 42276.7 0.75071 117928
16 2006  8.86755e+06 40020.3 86781.8 37577 34703.3 37577 34703.3 0.803383 100799
16 2007  8.99471e+06 49289.8 101241 54641.2 43525.4 54641.2 43525.4 0.621644 101639
16 2008  1.11146e+07 57020.7 96189.9 51795 53002.9 51795 53002.9 0.696022 104098
16 2009  5.6021e+06 55995 92368.7 54026.1 55418.1 54026.1 55418.1 0.727777 66176.4
16 2010  4.44177e+06 52720.8 91431.3 49105.7 50801.9 49105.7 50801.9 0.71034 63590.6
16 2011  1.32113e+07 57794.2 100557 40686.8 47323.3 40686.8 47323.3 0.585109 116201
16 2012  1.36526e+07 57889.8 92798.2 40764 44510.2 40764 44510.2 0.566024 111738
16 2013  1.30541e+07 57311.1 96623.3 40757.4 43976.8 40757.4 43976.8 0.533516 115303
16 2014  9.15969e+06 61527.5 111491 45192.4 45951.2 45192.4 45951.2 0.489181 99956.8
16 2015  9.06325e+06 69971.5 120861 49899.9 51366.9 49899.9 51366.9 0.487607 92715.6
16 2016  8.62617e+06 71718 109875 50310.5 49701.9 50310.5 49701.9 0.464066 78084.2
16 2017  2.8487e+06 66270.7 99109.6 46368.7 46140 46368.7 46140 0.507903 43703.7
16 2018  4.03668e+06 63568.7 101591 47904.1 51727.9 47904.1 51727.9 0.681088 51327.1
16 2019  4.69597e+06 45867.2 72618.4 35920.4 38018.1 35920.4 38018.1 0.571762 46428.3
16 2020  NA 44690.9 NA NA NA NA NA NA NA
17 1974  3.73541e+07 377992 518042 323103 255003 323103 255003 0.872588 524114
17 1975  3.5737e+07 299576 552121 276575 278653 276575 278653 0.897946 560750
17 1976  3.90602e+07 392025 655934 326266 314451 326266 314451 0.968207 687126
17 1977  3.2704e+07 376253 595717 289854 239568 289854 239568 0.710826 559403
17 1978  3.08226e+07 380301 620374 188195 195318 188195 195318 0.627823 608033
17 1979  2.69562e+07 384563 616684 243608 218508 243608 218508 0.686862 468291
17 1980  2.01459e+07 405714 647733 223322 247430 223322 247430 0.729054 489233
17 1981  3.16636e+07 418609 567480 192184 198125 192184 198125 0.624274 567654
17 1982  1.42623e+07 307139 409736 140266 130943 140266 130943 0.500101 314305
17 1983  1.60784e+07 253206 354328 161319 140090 161319 140090 0.678453 267771
17 1984  1.66686e+07 197480 315329 145614 133228 145614 133228 0.806155 282564
17 1985  1.81422e+07 205867 298978 100364 102507 100364 102507 0.597571 260660
17 1986  2.3634e+07 210165 370673 161508 147915 161508 147915 0.796164 339931
17 1987  2.37477e+07 225747 372484 138802 165503 138802 165503 0.906061 365528
17 1988  2.64988e+07 225638 317636 133209 127472 133209 127472 0.707013 323205
17 1989  1.77683e+07 226400 403300 123582 142869 123582 142869 0.705842 368665
17 1990  1.47447e+07 236983 341463 152614 135240 152614 135240 0.72935 267551
17 1991  1.3258e+07 223370 319788 126730 118382 126730 118382 0.579983 227071
17 1992  1.88601e+07 210708 294812 108541 110960 108541 110960 0.568446 258993
17 1993  1.539e+07 196569 285078 116921 119976 116921 119976 0.68282 238465
17 1994  1.36738e+07 181151 268009 101644 106424 101644 106424 0.641877 215603
17 1995  1.32327e+07 182185 270925 105486 95161.3 105486 95161.3 0.548338 226331
17 1996  7.41769e+06 168719 239357 76123.2 78717.6 76123.2 78717.6 0.503419 161578
17 1997  1.44341e+07 142738 190175 61432.2 62738.8 61432.2 62738.8 0.446966 187197
17 1998  2.36839e+07 124540 184235 47478.1 46554.2 47478.1 46554.2 0.362808 286570
17 1999  1.84816e+07 121879 207335 60836.2 60305.9 60836.2 60305.9 0.496058 275528
17 2000  2.05251e+07 131435 222283 63812.5 78707.3 63812.5 78707.3 0.545317 258051
17 2001  3.12054e+07 163837 263130 45244.9 57306.7 45244.9 57306.7 0.320947 385134
17 2002  2.25013e+07 179380 283251 46448.2 50793.9 46448.2 50793.9 0.280721 368265
17 2003  1.3439e+07 155121 202086 45642.7 43277.7 45642.7 43277.7 0.297788 213576
17 2004  1.36986e+07 125832 162509 33557.6 31184.2 33557.6 31184.2 0.246848 190595
17 2005  1.10105e+07 109182 153659 28878.8 26383.9 28878.8 26383.9 0.237679 165315
17 2006  1.24155e+07 100691 138477 36764.3 31791.8 36764.3 31791.8 0.292196 165316
17 2007  1.39231e+07 97487 129446 26973.6 24578.9 26973.6 24578.9 0.261285 177601
17 2008  1.28251e+07 101703 141317 28242.3 25030.3 28242.3 25030.3 0.25735 178713
17 2009  6.62907e+06 104862 138830 28417 24048.5 28417 24048.5 0.239534 112724
17 2010  1.11474e+07 130528 166187 34442.1 33570.7 34442.1 33570.7 0.262323 154100
17 2011  1.05172e+07 135881 180081 30665.4 31554 30665.4 31554 0.238823 166870
17 2012  7.75023e+06 146820 175271 30210.7 27421.4 30210.7 27421.4 0.194817 133068
17 2013  1.0166e+07 135712 156218 26661.3 25575.8 26661.3 25575.8 0.191318 139866
17 2014  1.10842e+07 130251 171646 28362.2 29060.6 28362.2 29060.6 0.224211 164260
17 2015  1.47056e+07 133218 172323 36249.6 34996.9 36249.6 34996.9 0.271469 189147
17 2016  1.72412e+07 142450 183530 33392.6 35532.4 33392.6 35532.4 0.264988 219648
17 2017  1.071e+07 156324 204287 29344.4 31650.4 29344.4 31650.4 0.209153 187295
17 2018  8.94365e+06 163313 199407 28436.8 30095.6 28436.8 30095.6 0.197231 154383
17 2019  1.38293e+07 148874 184132 31281.4 32396.2 31281.4 32396.2 0.224148 170014
17 2020  NA 173145 NA NA NA NA NA NA NA
18 1974  4.10955e+07 310285 813957 396271 299630 396271 299630 0.735364 871770
18 1975  3.73687e+06 139673 1.20954e+06 494728 358425 494728 358425 0.875344 784377
18 1976  5.76764e+06 155309 888945 402850 373763 402850 373763 0.81784 378993
18 1977  1.21697e+07 320129 453884 240340 220399 240340 220399 0.764394 283857
18 1978  1.70282e+07 124439 348728 146706 126630 146706 126630 0.816562 362680
18 1979  3.38391e+07 75299.3 461295 149064 143637 149064 143637 0.841898 672105
18 1980  1.59403e+07 85290.6 802393 202451 219265 202451 219265 0.801479 667583
18 1981  2.40527e+07 152528 787853 226485 239808 226485 239808 0.563248 669183
18 1982  1.26339e+07 361487 743659 256108 216309 256108 216309 0.531835 520471
18 1983  2.01867e+07 239402 551969 253230 237587 253230 237587 0.703968 435227
18 1984  7.218e+06 209657 622635 247089 261068 247089 261068 0.829607 375574
18 1985  7.65193e+06 141272 515889 247098 260760 247098 260760 0.770543 244051
18 1986  1.64603e+07 229024 394177 223727 193724 223727 193724 0.7928 301227
18 1987  1.8459e+06 146754 457991 194995 204276 194995 204276 0.914828 182026
18 1988  1.57802e+06 112134 358951 179974 193005 179974 193005 0.91424 86621.8
18 1989  2.73494e+06 152022 200439 127719 119825 127719 119825 0.897803 64854.1
18 1990  6.52167e+06 70452.3 134364 86747.9 73752.4 86747.9 73752.4 0.850992 117503
18 1991  7.78558e+06 42368.6 171246 97264.3 84292.4 97264.3 84292.4 0.924161 157460
18 1992  1.1133e+07 42820.3 269276 135185 109045 135185 109045 0.807955 235156
18 1993  3.79807e+06 88756.6 403562 180218 177488 180218 177488 0.946217 191787
18 1994  1.83203e+07 107323 373922 169436 192423 169436 192423 0.893271 282433
18 1995  8.0355e+06 141978 564526 168928 180872 168928 180872 0.787292 393697
18 1996  5.44893e+06 101899 515011 204683 249752 204683 249752 0.900816 204937
18 1997  4.08906e+06 198592 367193 170009 165536 170009 165536 0.682546 138602
18 1998  2.20872e+06 139676 301346 161929 143685 161929 143685 0.746043 93168
18 1999  2.09348e+07 116757 201092 123489 127830 123489 127830 0.994867 207193
18 2000  6.58431e+06 67022.1 569435 126823 148538 126823 148538 0.956263 358943
18 2001  1.21047e+06 40281.2 773015 173366 250273 173366 250273 0.744942 165224
18 2002  1.90139e+06 419792 560578 155333 254306 155333 254306 0.622926 99287.2
18 2003  2.2662e+06 284573 324199 74350.2 102617 74350.2 102617 0.329932 71889.1
18 2004  1.96604e+06 174652 227414 72513.1 69792.7 72513.1 69792.7 0.34792 82368.4
18 2005  1.40514e+07 109886 151883 64115.2 51060.9 64115.2 51060.9 0.388546 197750
18 2006  3.38417e+06 70043.7 308927 66967.2 72132.3 66967.2 72132.3 0.662716 242815
18 2007  1.98868e+06 39462.9 272326 67425.3 84344 67425.3 84344 0.64252 105801
18 2008  1.12713e+06 151615 221413 47787 65717 47787 65717 0.387808 63083.8
18 2009  6.01884e+06 107761 152544 47952.5 45225.2 47952.5 45225.2 0.330844 92232.4
18 2010  790143 86641.6 243943 45377.6 42838.4 45377.6 42838.4 0.357446 129405
18 2011  387301 63015 230392 49689.9 73277.1 49689.9 73277.1 0.503417 57256.8
18 2012  951413 165851 185170 43194.2 55767.5 43194.2 55767.5 0.309077 31785.8
18 2013  597105 124192 146718 47127.4 40458.4 47127.4 40458.4 0.26764 29371.7
18 2014  4.74199e+06 81017.4 110221 46284 47560.1 46284 47560.1 0.466289 67705.2
18 2015  1.56918e+06 57981.8 166244 41558.9 58684.9 41558.9 58684.9 0.77211 96725.9
18 2016  2.72775e+06 32409.1 167456 43152.2 55936.6 43152.2 55936.6 0.477418 85904.2
18 2017  1.52674e+06 110525 188986 40793.9 46176.8 40793.9 46176.8 0.338775 79498.8
18 2018  2.26014e+06 96553.8 173689 39492.2 37500.1 39492.2 37500.1 0.249594 73482.7
18 2019  1.05546e+07 111986 179209 36601.4 31356.4 36601.4 31356.4 0.205269 143337
18 2020  NA 118021 NA NA NA NA NA NA NA
19 1974  273474 564972 866746 341457 278052 341457 278052 0.457338 0
19 1975  154279 490332 833974 308362 273787 308362 273787 0.523116 0
19 1976  185190 371467 749281 432832 279452 432832 279452 0.58432 0
19 1977  161019 294355 611600 242626 293158 242626 293158 0.732058 0
19 1978  362986 250372 462099 179361 144821 179361 144821 0.427739 0
19 1979  282775 244709 493615 144250 158467 144250 158467 0.456031 0
19 1980  287687 227325 479504 146784 166005 146784 166005 0.529277 0
19 1981  258688 217078 563050 150025 181036 150025 181036 0.484078 0
19 1982  308973 199740 584644 205438 204465 205438 204465 0.507274 0
19 1983  609272 203925 565148 205616 265278 205616 265278 0.731138 0
19 1984  295225 166804 459715 245308 181065 245308 181065 0.621512 0
19 1985  265890 143915 449641 280080 154495 280080 154495 0.609724 0
19 1986  171153 128636 509722 236972 235883 236972 235883 0.7985 0
19 1987  172312 130561 400353 195418 170924 195418 170924 0.660418 0
19 1988  236923 131576 361964 156418 168468 156418 168468 0.7262 0
19 1989  183685 111750 304002 126442 126743 126442 126743 0.665649 0
19 1990  226416 105933 288602 126902 105792 126902 105792 0.597661 0
19 1991  162596 98724.7 296792 133739 109178 133739 109178 0.585036 0
19 1992  470394 96651.3 309372 117430 87876.4 117430 87876.4 0.567118 0
19 1993  201085 107303 350092 135112 121474 135112 121474 0.697863 0
19 1994  290687 107824 358861 128816 93423.7 128816 93423.7 0.520506 0
19 1995  132951 132899 543831 143477 154118 143477 154118 0.624084 0
19 1996  267557 146440 482009 130551 155547 130551 155547 0.556058 0
19 1997  141853 177140 466829 121523 117384 121523 117384 0.405766 0
19 1998  337202 177595 404842 118480 114272 118480 114272 0.439849 0
19 1999  361107 178830 420157 120395 133891 120395 133891 0.57217 0
19 2000  252116 167817 424745 94675.6 103472 94675.6 103472 0.425955 0
19 2001  189077 174348 477563 104100 85216.1 104100 85216.1 0.332331 0
19 2002  317006 205976 566880 129849 140502 129849 140502 0.444702 0
19 2003  122647 197207 479210 121658 134376 121658 134376 0.464451 0
19 2004  179242 247037 528651 113792 113420 113792 113420 0.331686 0
19 2005  114937 233265 499459 119234 125306 119234 125306 0.389394 0
19 2006  118778 255388 481827 128711 125290 128711 125290 0.37297 0
19 2007  190073 238331 425851 106333 95412.9 106333 95412.9 0.32195 0
19 2008  100273 225817 399732 129887 125823 129887 125823 0.481291 0
19 2009  178569 214419 370445 114519 117169 114519 117169 0.478004 0
19 2010  188324 201415 381045 104723 116426 104723 116426 0.464992 0
19 2011  116131 160813 323043 102008 90112.4 102008 90112.4 0.419747 0
19 2012  151953 147641 320766 87049.1 78740.6 87049.1 78740.6 0.39247 0
19 2013  248681 152379 337540 87269.8 77260.2 87269.8 77260.2 0.348861 0
19 2014  181235 178655 359128 82171.6 93133.8 82171.6 93133.8 0.368095 0
19 2015  92371 188757 374646 81446.6 88968 81446.6 88968 0.358215 0
19 2016  125723 183354 405576 77671.3 84679.7 77671.3 84679.7 0.319507 0
19 2017  240109 216529 437089 94572.8 115244 94572.8 115244 0.373419 0
19 2018  226144 223813 395574 95446.2 98226.3 95446.2 98226.3 0.330005 0
19 2019  226307 244079 422067 96634.5 94805.7 96634.5 94805.7 0.311549 0
19 2020  NA 239473 NA NA NA NA NA NA NA
20 1974  4.54316e+06 4.95705e+06 5.59589e+06 604750 595106 604750 595106 0.124029 0
20 1975  4.62032e+06 4.76434e+06 5.52398e+06 780518 781413 780518 781413 0.16593 0
20 1976  3.03322e+06 4.53208e+06 5.38386e+06 826864 806331 826864 806331 0.188478 0
20 1977  752289 4.36018e+06 5.13798e+06 619776 605340 619776 605340 0.147534 0
20 1978  2.39844e+06 4.26537e+06 4.77839e+06 735619 734262 735619 734262 0.186817 0
20 1979  4.64753e+06 3.76e+06 4.14438e+06 840578 810496 840578 810496 0.23014 0
20 1980  5.28847e+06 2.68804e+06 3.24331e+06 733063 718301 733063 718301 0.244825 0
20 1981  6.40532e+06 2.43798e+06 3.25145e+06 750656 665930 750656 665930 0.252827 0
20 1982  1.73257e+06 2.43738e+06 3.40493e+06 716385 638401 716385 638401 0.249334 0
20 1983  1.2451e+06 2.61381e+06 3.39792e+06 671927 544360 671927 544360 0.214882 0
20 1984  6.11814e+06 2.63155e+06 3.03802e+06 633027 576449 633027 576449 0.221595 0
20 1985  2.99392e+06 2.50947e+06 3.11166e+06 609877 592484 609877 592484 0.198513 0
20 1986  3.11331e+06 2.59365e+06 3.32103e+06 600246 550040 600246 550040 0.186122 0
20 1987  4.69661e+06 2.62162e+06 3.21265e+06 654429 604321 654429 604321 0.202346 0
20 1988  3.16994e+06 2.60363e+06 3.29529e+06 677317 674216 677317 674216 0.218834 0
20 1989  3.94263e+06 2.47795e+06 3.21679e+06 582714 560784 582714 560784 0.187206 0
20 1990  2.86903e+06 2.63311e+06 3.27313e+06 624046 608274 624046 608274 0.203063 0
20 1991  3.39457e+06 2.74803e+06 3.35241e+06 674986 727428 674986 727428 0.240686 0
20 1992  4.23063e+06 2.69883e+06 3.19472e+06 758475 808229 758475 808229 0.277615 0
20 1993  4.54913e+06 2.5796e+06 3.15232e+06 823385 826057 823385 826057 0.319866 0
20 1994  3.92482e+06 2.51817e+06 3.11355e+06 817922 861287 817922 861287 0.343599 0
20 1995  3.36428e+06 2.54346e+06 3.14964e+06 755210 767854 755210 767854 0.32629 0
20 1996  3.47256e+06 2.43358e+06 2.96017e+06 561267 564005 561267 564005 0.244641 0
20 1997  2.89348e+06 2.44954e+06 2.9576e+06 570291 546809 570291 546809 0.237276 0
20 1998  2.92942e+06 2.44635e+06 2.87116e+06 662343 627017 662343 627017 0.270904 0
20 1999  3.33759e+06 2.38894e+06 2.80327e+06 636297 644622 636297 644622 0.280522 0
20 2000  1.98666e+06 2.25098e+06 2.65951e+06 736472 719922 736472 719922 0.332535 0
20 2001  3.99405e+06 2.09851e+06 2.44518e+06 735748 733930 735748 733930 0.371483 0
20 2002  5.42269e+06 1.80116e+06 2.18711e+06 770238 778763 770238 778763 0.447141 0
20 2003  3.53319e+06 1.76065e+06 2.33754e+06 678030 724624 678030 724624 0.430084 0
20 2004  4.97748e+06 2.06386e+06 2.52705e+06 684412 594281 684412 594281 0.471738 0
20 2005  8.04106e+06 1.98923e+06 2.5755e+06 549854 453582 549854 453582 0.342645 0
20 2006  9.19559e+06 2.23459e+06 3.15566e+06 478373 436073 478373 436073 0.27966 0
20 2007  8.34621e+06 2.7306e+06 4.01256e+06 588318 599068 588318 599068 0.313871 0
20 2008  7.82945e+06 3.27224e+06 4.64802e+06 622041 690234 622041 690234 0.288752 0
20 2009  7.45182e+06 3.86041e+06 5.11996e+06 738620 750029 738620 750029 0.26758 0
20 2010  1.13808e+07 4.3313e+06 5.33673e+06 877019 832190 877019 832190 0.250702 0
20 2011  1.09873e+07 5.03095e+06 6.29996e+06 947366 893306 947366 893306 0.232175 0
20 2012  6.4247e+06 5.23655e+06 6.80739e+06 895262 868801 895262 868801 0.201311 0
20 2013  5.18787e+06 5.6441e+06 6.75759e+06 933733 932507 933733 932507 0.19685 0
20 2014  7.78912e+06 5.74518e+06 6.55011e+06 1.39545e+06 1.25276e+06 1.39545e+06 1.25276e+06 0.244803 0
20 2015  3.1799e+06 5.84842e+06 6.62543e+06 1.21556e+06 1.16474e+06 1.21556e+06 1.16474e+06 0.225594 0
20 2016  1.00015e+07 5.72381e+06 6.46771e+06 1.09645e+06 1.07375e+06 1.09645e+06 1.07375e+06 0.210256 0
20 2017  7.06642e+06 5.09088e+06 6.03017e+06 1.1555e+06 1.15247e+06 1.1555e+06 1.15247e+06 0.222414 0
20 2018  8.53067e+06 5.02568e+06 6.48246e+06 1.02591e+06 1.02899e+06 1.02591e+06 1.02899e+06 0.204843 0
20 2019  9.9463e+06 5.08943e+06 6.5184e+06 840182 823861 840182 823861 0.163591 0
20 2020  NA 5.45011e+06 NA NA NA NA NA NA NA
21 1974  7.70766e+06 226655 276789 266013 203415 266013 203415 0.710322 93284.2
21 1975  2.91693e+06 182497 230955 253937 239070 253937 239070 1.32613 52314.4
21 1976  1.95113e+06 97302.5 118104 159255 96088.6 159255 96088.6 0.849414 31039.9
21 1977  1.56335e+06 65200 77711 39314.4 16539.8 39314.4 16539.8 0.168779 26864.7
21 1978  1.33325e+06 83738.5 97505.1 0 0 0 0 0 31514.3
21 1979  4.80244e+06 118733 133584 0 0 0 0 0 49174.1
21 1980  1.88049e+07 156139 192810 73449.9 84272.9 73449.9 84272.9 0.137569 123789
21 1981  2.824e+07 222320 315470 208745 226557 208745 226557 0.242822 219825
21 1982  3.70406e+07 324924 444682 277070 234651 277070 234651 0.172516 307724
21 1983  2.71854e+07 522227 701127 430216 281162 430216 281162 0.324595 340608
21 1984  2.93165e+07 787989 990062 460933 528940 460933 528940 0.488825 367261
21 1985  4.68835e+07 878195 1.10497e+06 659339 632988 659339 632988 0.538583 442420
21 1986  5.25583e+07 873097 1.14525e+06 752731 608145 752731 608145 0.454301 504071
21 1987  4.12924e+07 1.03622e+06 1.37404e+06 1.00873e+06 722896 1.00873e+06 722896 0.434946 532034
21 1988  2.21732e+07 1.384e+06 1.67915e+06 1.14087e+06 794923 1.14087e+06 794923 0.436769 474723
21 1989  1.99993e+07 1.41146e+06 1.61858e+06 910318 670508 910318 670508 0.379434 361745
21 1990  2.01174e+07 1.43234e+06 1.55175e+06 739056 610297 739056 610297 0.376124 328352
21 1991  2.12772e+07 1.25097e+06 1.37165e+06 685045 580644 685045 580644 0.402489 284359
21 1992  2.98462e+07 1.00529e+06 1.22061e+06 764432 691909 764432 691909 0.55294 288207
21 1993  3.1072e+07 703605 1.04156e+06 687902 720077 687902 720077 0.735913 301673
21 1994  2.37348e+07 693144 918908 597208 618973 597208 618973 0.676087 266035
21 1995  2.51757e+07 664027 886790 595417 663013 595417 663013 0.797866 293094
21 1996  2.55543e+07 574267 766872 274372 283727 274372 283727 0.321532 279476
21 1997  1.63316e+07 697621 941046 264056 293724 264056 293724 0.300196 292296
21 1998  1.32792e+07 947100 1.21152e+06 380193 362319 380193 362319 0.427865 309506
21 1999  3.79297e+07 1.01511e+06 1.19894e+06 369622 312335 369622 312335 0.323558 367604
21 2000  2.40918e+07 1.05878e+06 1.33824e+06 421779 386049 421779 386049 0.345755 365244
21 2001  6.31475e+07 1.3729e+06 1.67739e+06 363691 363837 363691 363837 0.252347 632300
21 2002  2.5036e+07 1.73335e+06 2.14495e+06 390438 406849 390438 406849 0.23247 731463
21 2003  1.72152e+07 1.97216e+06 2.80518e+06 487432 514728 487432 514728 0.242355 716632
21 2004  1.96861e+07 2.16096e+06 2.7945e+06 589576 601281 589576 601281 0.253364 730328
21 2005  1.29784e+07 2.1251e+06 2.32932e+06 665396 699756 665396 699756 0.331058 521197
21 2006  1.5793e+07 1.56419e+06 1.75249e+06 513247 465244 513247 465244 0.270745 415908
21 2007  2.07868e+07 1.2291e+06 1.38869e+06 406368 336946 406368 336946 0.236488 405829
21 2008  1.96126e+07 1.09567e+06 1.22624e+06 258713 228048 258713 228048 0.169567 383493
21 2009  2.12587e+07 1.23429e+06 1.35998e+06 168589 153046 168589 153046 0.0956052 373280
21 2010  2.01045e+07 1.32157e+06 1.66981e+06 186255 191301 186255 191301 0.111322 401355
21 2011  1.76013e+07 1.78391e+06 2.02619e+06 224049 193972 224049 193972 0.0983584 472874
21 2012  1.81078e+07 2.10986e+06 2.23002e+06 434509 408333 434509 408333 0.187256 485203
21 2013  3.09594e+07 1.92526e+06 2.07814e+06 511220 453050 511220 453050 0.216385 488107
21 2014  3.5115e+07 1.73056e+06 1.92935e+06 518042 425330 518042 425330 0.211011 552955
21 2015  8.78026e+06 1.64782e+06 2.0404e+06 494949 427805 494949 427805 0.226077 465041
21 2016  1.42918e+07 1.89524e+06 2.22012e+06 563618 463887 563618 463887 0.23098 507042
21 2017  6.80646e+06 1.73293e+06 1.91041e+06 490975 343047 490975 343047 0.181747 391521
21 2018  1.69711e+07 1.53217e+06 1.76985e+06 591798 423688 591798 423688 0.238903 401754
21 2019  1.39665e+07 1.26801e+06 1.41338e+06 432123 328708 432123 328708 0.215255 304906
21 2020  NA 1.13248e+06 NA NA NA NA NA NA NA
22 1974  2.17615e+08 229353 923443 220388 174712 220388 174712 0.30499 969904
22 1975  1.78484e+08 285676 672432 196585 174913 196585 174913 0.39354 683871
22 1976  1.93327e+08 158857 509250 110245 102918 110245 102918 0.296399 591394
22 1977  1.03971e+08 158359 606084 271729 238666 271729 238666 0.719611 427250
22 1978  1.61701e+08 138352 401578 133700 133379 133700 133379 0.475144 411855
22 1979  3.3589e+08 143445 546961 202374 77324.3 202374 77324.3 0.180925 821989
22 1980  2.15046e+08 272854 1.05561e+06 303285 312961 303285 312961 0.535551 940845
22 1981  2.66287e+08 261724 709384 152257 153617 152257 153617 0.315291 887972
22 1982  2.41423e+08 148344 684692 87780.1 129502 87780.1 129502 0.295668 729390
22 1983  1.94725e+08 146521 536563 96993.3 52065.3 96993.3 52065.3 0.117942 695166
22 1984  1.0703e+08 229575 577054 98661.2 56634.7 98661.2 56634.7 0.107457 725387
22 1985  2.18408e+08 334228 614681 91674 105886 91674 105886 0.170358 811749
22 1986  2.98905e+08 195550 701553 400801 218348 400801 218348 0.392949 947068
22 1987  1.28006e+08 254521 787264 408065 173788 408065 173788 0.271405 854815
22 1988  4.19561e+08 330598 574753 393355 189805 393355 189805 0.362534 1.03103e+06
22 1989  1.5065e+08 183805 799479 478128 388538 478128 388538 0.786675 667130
22 1990  2.13321e+08 161025 492826 252809 220529 252809 220529 0.638354 583513
22 1991  2.48038e+08 165749 601168 413418 177693 413418 177693 0.411318 746912
22 1992  2.96904e+08 128610 444843 190875 109486 190875 109486 0.256661 890645
22 1993  5.34934e+08 234331 766561 279254 150107 279254 150107 0.250402 1.3725e+06
22 1994  5.6491e+08 281921 987446 502751 490251 502751 490251 0.700506 1.48423e+06
22 1995  2.78245e+08 263851 1.10795e+06 365350 224269 365350 224269 0.297678 1.27279e+06
22 1996  9.20496e+08 350076 997163 328107 253603 328107 253603 0.32289 1.43903e+06
22 1997  1.56608e+08 261526 1.68666e+06 584720 375426 584720 375426 0.343071 1.34263e+06
22 1998  1.94295e+08 510606 807399 562957 310252 562957 310252 0.484186 704923
22 1999  2.6078e+08 226975 566188 296332 212281 296332 212281 0.426168 863858
22 2000  3.05921e+08 166445 785928 267363 245643 267363 245643 0.489186 1.0846e+06
22 2001  2.03416e+08 135170 591514 291694 125251 291694 125251 0.316028 918205
22 2002  7.8871e+07 117336 508716 163107 155914 163107 155914 0.531483 520945
22 2003  1.33388e+08 87642.9 205615 72291.1 45720.2 72291.1 45720.2 0.275807 424215
22 2004  7.4223e+07 44353.2 250720 80779 82513.5 80779 82513.5 0.560845 321519
22 2005  1.18538e+08 46615.8 188997 23672.7 23414.1 23672.7 23414.1 0.2238 304019
22 2006  1.8331e+08 40609.3 209191 16351.6 9197.98 16351.6 9197.98 0.0744854 501679
22 2007  1.49907e+08 76174.9 427359 89771.6 56618.7 89771.6 56618.7 0.248153 568231
22 2008  1.33547e+08 124973 435567 88546.2 115699 88546.2 115699 0.441946 463924
22 2009  2.50895e+08 87706.2 350596 29590.5 10212.7 29590.5 10212.7 0.0397926 599575
22 2010  4.07717e+07 220745 817197 76346 80608.3 76346 80608.3 0.147921 489169
22 2011  3.24035e+07 278425 413399 95974.8 77638 95974.8 77638 0.184428 299752
22 2012  1.91433e+08 171439 257923 43052.6 22484.7 43052.6 22484.7 0.0733501 480719
22 2013  1.59332e+08 75697.6 483435 25468.6 30515.2 25468.6 30515.2 0.101086 583403
22 2014  2.08613e+08 173764 597688 134873 210557 134873 210557 0.593189 582681
22 2015  3.24735e+07 160704 654643 119794 120558 119794 120558 0.278229 470379
22 2016  6.42414e+08 234133 314364 46563.1 39100.3 46563.1 39100.3 0.110493 750868
22 2017  5.31541e+07 169755 1.44026e+06 204772 127913 204772 127913 0.155597 1.00931e+06
22 2018  2.71901e+08 480706 706403 110539 118935 110539 118935 0.165635 729271
22 2019  4.62707e+08 290100 988026 143583 132561 143583 132561 0.167125 1.14578e+06
22 2020  NA 439768 NA NA NA NA NA NA NA
23 1974  2.19202e+08 470212 860952 118670 76702.6 118670 76702.6 0.109584 517689
23 1975  1.00623e+08 423662 1.17084e+06 162704 154319 162704 154319 0.192515 594068
23 1976  1.51193e+08 526287 925157 316414 264986 316414 264986 0.410339 440535
23 1977  3.35374e+08 323411 832904 314952 223527 314952 223527 0.404431 468723
23 1978  1.63863e+08 347499 1.60988e+06 665810 494626 665810 494626 0.580088 640041
23 1979  1.70931e+08 605544 1.2966e+06 481048 621358 481048 621358 0.862746 374133
23 1980  1.13114e+08 380186 1.06274e+06 420808 359064 420808 359064 0.573077 379536
23 1981  4.5979e+08 413943 872208 375286 321117 375286 321117 0.608808 631268
23 1982  4.76445e+07 187300 1.35297e+06 537998 693194 537998 693194 0.900216 510397
23 1983  3.62523e+08 383291 571483 470143 240678 470143 240678 0.475198 434499
23 1984  1.22904e+08 219218 1.13304e+06 572693 500619 572693 500619 0.681467 618852
23 1985  4.31297e+08 362577 693680 524433 406625 524433 406625 0.806541 494390
23 1986  1.05807e+08 208779 1.2689e+06 463796 247004 463796 247004 0.267972 776207
23 1987  9.84996e+07 688565 1.12947e+06 415066 222896 415066 222896 0.204409 648010
23 1988  2.57453e+08 520211 775792 507642 361129 507642 361129 0.503368 522246
23 1989  1.23028e+08 174549 741029 539481 300380 539481 300380 0.555056 604612
23 1990  1.6993e+08 299369 687263 370806 347388 370806 347388 0.6946 493591
23 1991  2.66315e+08 360396 932709 489379 332996 489379 332996 0.467928 587134
23 1992  7.66706e+07 291697 1.17624e+06 678507 357076 678507 357076 0.407678 616199
23 1993  2.47815e+08 460896 765763 292075 299609 292075 299609 0.430522 525179
23 1994  3.34333e+08 266257 911942 283720 311120 283720 311120 0.437285 680125
23 1995  1.04057e+08 447639 1.65897e+06 493912 370514 493912 370514 0.292247 831973
23 1996  5.63009e+08 565040 889864 472730 449344 472730 449344 0.585787 806502
23 1997  1.10854e+08 264780 2.11404e+06 551195 456684 551195 456684 0.304214 1.04468e+06
23 1998  1.71926e+08 824740 1.25418e+06 486734 489187 486734 489187 0.434628 698644
23 1999  2.13093e+08 377788 758389 469095 400515 469095 400515 0.712408 555643
23 2000  3.26623e+08 187854 733455 353295 243465 353295 243465 0.470362 595496
23 2001  3.8036e+08 222998 849333 685450 451018 685450 451018 0.849193 645491
23 2002  4.95454e+07 219262 1.18312e+06 647250 334358 647250 334358 0.395705 657470
23 2003  2.28347e+08 373281 516571 236111 244243 236111 244243 0.624085 390878
23 2004  1.31366e+08 110772 537487 266244 162622 266244 162622 0.4502 411157
23 2005  2.82265e+08 180992 553675 145410 230556 145410 230556 0.668194 544109
23 2006  2.22323e+08 145824 805499 265023 277219 265023 277219 0.575685 634920
23 2007  4.84078e+08 271251 767659 114490 150926 114490 150926 0.275344 1.04895e+06
23 2008  2.33785e+08 319616 1.4592e+06 245966 276934 245966 276934 0.296246 1.04462e+06
23 2009  1.28675e+09 513651 1.07523e+06 298067 260055 298067 260055 0.31845 1.29144e+06
23 2010  1.57307e+08 537278 4.00989e+06 325647 274620 325647 274620 0.0989264 1.89737e+06
23 2011  1.98825e+08 1.87828e+06 2.57196e+06 339262 259707 339262 259707 0.105472 1.55679e+06
23 2012  3.29001e+08 1.09195e+06 1.59119e+06 56754.3 35767.6 56754.3 35767.6 0.0344146 1.2859e+06
23 2013  2.25004e+08 552107 1.10512e+06 235406 246110 235406 246110 0.351684 914006
23 2014  4.4367e+08 418226 879547 92328.5 89357.1 92328.5 89357.1 0.138509 865683
23 2015  1.41444e+08 472061 1.45001e+06 188375 149313 188375 149313 0.145536 1.09627e+06
23 2016  7.15073e+08 769845 1.13334e+06 22090.9 20885.8 22090.9 20885.8 0.0198298 1.15003e+06
23 2017  7.81794e+07 486980 2.03814e+06 274609 172944 274609 172944 0.125348 1.30981e+06
23 2018  2.78174e+08 865916 1.14018e+06 148005 147407 148005 147407 0.144868 727524
23 2019  7.94669e+08 431056 904364 69622.1 34679.6 69622.1 34679.6 0.0570025 845311
23 2020  NA 520589 NA NA NA NA NA NA NA
24 1974  2.9369e+08 284399 1.10155e+06 732535 629747 732535 629747 1.56264 1.72873e+06
24 1975  4.271e+08 286030 895229 508262 422909 508262 422909 1.06726 2.07173e+06
24 1976  3.16575e+08 355791 1.19492e+06 472608 472316 472608 472316 0.941097 2.01352e+06
24 1977  1.6088e+08 349932 1.01885e+06 383967 341319 383967 341319 0.667224 1.38343e+06
24 1978  2.04316e+08 310361 676201 253756 276727 253756 276727 0.745586 1.06766e+06
24 1979  2.29641e+08 259103 824402 339898 372747 339898 372747 0.86437 1.24244e+06
24 1980  1.23541e+08 374501 1.03519e+06 534650 503123 534650 503123 1.00009 1.19814e+06
24 1981  2.02621e+08 290942 552974 431928 185042 431928 185042 0.596992 1.10333e+06
24 1982  2.24739e+08 168509 576609 390197 214639 390197 214639 0.739125 1.17338e+06
24 1983  1.54174e+08 251939 770485 475746 359247 475746 359247 0.976102 1.03436e+06
24 1984  1.19816e+08 257391 653184 376484 293807 376484 293807 1.20023 857327
24 1985  9.64746e+07 173477 415505 227635 222420 227635 222420 1.40085 599029
24 1986  1.38883e+08 89967.2 291344 180330 118973 180330 118973 0.745645 686102
24 1987  4.00192e+07 125073 407379 148927 181032 148927 181032 1.15126 474890
24 1988  9.1658e+07 83339.1 139814 109219 60906.5 109219 60906.5 0.542598 385020
24 1989  8.95851e+07 78045.2 270032 166742 108337 166742 108337 0.710241 510385
24 1990  1.08462e+08 123499 299151 138841 130559 138841 130559 0.776478 543985
24 1991  1.30302e+08 137228 382162 189819 258465 189819 258465 1.17374 633968
24 1992  8.88641e+07 161711 465102 302275 202704 302275 202704 0.672451 647290
24 1993  6.79007e+07 207050 366529 181098 222963 181098 222963 1.1511 434617
24 1994  1.7001e+08 89317.3 223259 183618 137857 183618 137857 0.851386 626106
24 1995  8.81439e+07 162907 594149 231894 173117 231894 173117 0.510722 845588
24 1996  1.2796e+08 258145 420377 156224 153373 156224 153373 0.497999 656732
24 1997  3.98273e+07 180972 522387 156781 143668 156781 143668 0.495319 590237
24 1998  8.39949e+07 219402 304555 73980.5 81546.6 73980.5 81546.6 0.363067 498470
24 1999  1.16087e+08 114832 284214 92388.1 92835.7 92388.1 92835.7 0.515729 562023
24 2000  5.76155e+07 147023 435125 185103 141420 185103 141420 0.512683 560215
24 2001  8.75441e+07 203703 317928 64358.3 41672.8 64358.3 41672.8 0.152756 587207
24 2002  5.1447e+07 120514 270264 77138.2 63556.2 77138.2 63556.2 0.373901 437029
24 2003  2.40881e+07 64630.6 144975 24569.2 27438.8 24569.2 27438.8 0.361845 225572
24 2004  3.00828e+07 40407.7 81841.9 13487.8 12585.5 13487.8 12585.5 0.225171 188893
24 2005  5.84958e+07 25449.4 74514.7 41.44 0 41.44 0 0 267855
24 2006  4.53971e+07 49615.5 166176 46529 32910.1 46529 32910.1 0.358783 324641
24 2007  6.02873e+07 65496.2 148790 5799.45 0 5799.45 0 0 353146
24 2008  9.43256e+07 79133.4 191653 34843.6 27314.8 34843.6 27314.8 0.19453 487110
24 2009  9.73756e+07 106495 297798 45821.5 48346.9 45821.5 48346.9 0.231796 546902
24 2010  2.49938e+07 184921 443736 131191 142255 131191 142255 0.500903 492557
24 2011  5.45507e+07 159598 213196 6839.87 4960.08 6839.87 4960.08 0.0214446 390666
24 2012  1.09557e+08 76493.4 165223 26946.1 4156.5 26946.1 4156.5 0.026421 527334
24 2013  3.89042e+07 87922.9 295892 82179.4 50705.2 82179.4 50705.2 0.321785 448661
24 2014  1.30651e+08 97250.2 169024 44189.1 40059.1 44189.1 40059.1 0.293679 562025
24 2015  7.86801e+07 98097.7 374752 57351.2 59405.2 57351.2 59405.2 0.347791 665231
24 2016  1.04355e+08 165367 310126 60202.7 65533.3 60202.7 65533.3 0.351977 636007
24 2017  5.11256e+07 94875.4 292032 33940.9 26845.9 33940.9 26845.9 0.171162 507195
24 2018  1.32947e+08 104617 192830 36151.5 31092.5 36151.5 31092.5 0.255212 601548
24 2019  1.9346e+08 98959.5 374171 97554.6 72278.8 97554.6 72278.8 0.421125 886156
24 2020  NA 264287 NA NA NA NA NA NA NA
25 1974  2.43938e+08 723374 1.35875e+06 354208 489510 354208 489510 0.411718 2.20714e+06
25 1975  7.91401e+08 744942 1.0838e+06 806769 768704 806769 768704 1.02671 3.18596e+06
25 1976  2.94343e+08 700573 1.52094e+06 679972 660350 679972 660350 0.866442 1.86202e+06
25 1977  3.67693e+08 419745 687153 345286 362839 345286 362839 0.836906 1.41117e+06
25 1978  7.2097e+08 342607 707271 462129 316457 462129 316457 0.697724 1.95393e+06
25 1979  2.66365e+08 538397 1.05446e+06 469921 408533 469921 408533 0.404583 1.69635e+06
25 1980  1.54922e+08 635608 865663 413620 470149 413620 470149 1.17333 1.03674e+06
25 1981  6.32281e+07 165025 288133 291266 164055 291266 164055 0.708224 434077
25 1982  3.71241e+07 105198 171533 189095 89924.8 189095 89924.8 0.634423 244165
25 1983  6.75932e+07 141929 250229 80941 96473.7 80941 96473.7 1.4187 333573
25 1984  5.39068e+07 91699 191464 104337 76502.6 104337 76502.6 0.791161 328988
25 1985  2.85324e+07 156351 285686 69432.2 89335.5 69432.2 89335.5 0.857995 226760
25 1986  9.27456e+07 71134.9 124088 30003.3 50283.8 30003.3 50283.8 1.30582 392418
25 1987  3.26414e+07 136282 315079 46373.5 32758.2 46373.5 32758.2 0.320344 302469
25 1988  4.9434e+07 138133 213052 74626.2 83361.1 74626.2 83361.1 1.15369 278037
25 1989  9.92803e+07 66151.8 133872 74956.5 24798.6 74956.5 24798.6 0.428242 400604
25 1990  9.41846e+07 131634 275855 83011.5 64311.2 83011.5 64311.2 1.02104 496999
25 1991  6.32793e+07 100707 201632 118053 148350 118053 148350 0.880133 355314
25 1992  8.25384e+07 90926.7 177153 133348 62069.6 133348 62069.6 0.403371 423571
25 1993  1.67552e+08 113188 199859 201199 145434 201199 145434 1.04897 645374
25 1994  9.95999e+07 137430 280768 402641 95737 402641 95737 0.42652 534223
25 1995  3.55519e+07 212154 336962 415810 241151 415810 241151 1.14406 270863
25 1996  2.95604e+07 118794 187604 153713 101552 153713 101552 1.00048 162331
25 1997  4.2779e+07 58883.4 113396 119875 65187.3 119875 65187.3 0.74456 188338
25 1998  9.93227e+07 126076 230333 157740 123735 157740 123735 1.17989 330409
25 1999  7.11656e+07 113662 243565 221064 113991 221064 113991 0.711118 371315
25 2000  4.84249e+07 111631 185896 226525 163634 226525 163634 0.869058 283804
25 2001  5.95726e+07 104877 180749 218622 128695 218622 128695 1.13044 295332
25 2002  5.17588e+07 156262 307827 154880 121843 154880 121843 1.13731 260431
25 2003  6.62206e+07 82514.9 156350 181541 104585 181541 104585 0.89507 295674
25 2004  1.69766e+08 154400 307648 114471 137538 114471 137538 1.06031 631905
25 2005  4.97717e+07 151920 321995 242173 198276 242173 198276 0.725413 363599
25 2006  5.59322e+07 167800 270366 127796 206044 127796 206044 1.23008 303447
25 2007  4.69445e+07 128611 252603 98037.7 103185 98037.7 103185 0.948657 243967
25 2008  1.12186e+08 74577.7 135714 61255.9 72445.3 61255.9 72445.3 0.749642 419783
25 2009  1.00527e+08 224593 480347 141182 130853 141182 130853 0.61442 506291
25 2010  1.05662e+08 195257 332383 158496 155768 158496 155768 0.612037 458794
25 2011  7.85472e+07 204581 367729 152271 150839 152271 150839 0.640418 434655
25 2012  5.41696e+07 211084 356424 95535.8 104657 95535.8 104657 0.652007 341002
25 2013  1.91066e+08 84846.5 151095 64121.6 111112 64121.6 111112 0.971162 623905
25 2014  1.36016e+08 351497 778426 127615 57989.2 127615 57989.2 0.193423 681038
25 2015  9.25634e+07 383136 637166 290620 335215 290620 335215 0.830954 593612
25 2016  1.14012e+08 192578 304840 223289 245905 223289 245905 1.39227 425391
25 2017  1.92724e+08 96443.8 192878 114152 113727 114152 113727 0.764665 541480
25 2018  2.0295e+08 177822 350764 161896 157739 161896 157739 0.72824 676592
25 2019  6.46926e+07 227013 417918 125053 106845 125053 106845 0.318958 423291
25 2020  NA 243108 NA NA NA NA NA NA NA
26 1974  825138 298884 433062 157490 160285 157490 160285 0.471118 0
26 1975  654345 310682 480051 195250 193181 195250 193181 0.554087 0
26 1976  957946 315898 464891 166919 162776 166919 162776 0.441123 0
26 1977  813039 322886 466805 176698 162163 176698 162163 0.475713 0
26 1978  859740 318594 460277 159632 151335 159632 151335 0.422344 0
26 1979  1.11283e+06 314630 468607 213301 205108 213301 205108 0.637603 0
26 1980  1.02921e+06 299114 437168 171853 164621 171853 164621 0.50872 0
26 1981  2.14274e+06 284556 414310 174253 175525 174253 175525 0.524773 0
26 1982  1.47332e+06 280260 474766 205256 201305 205256 201305 0.568671 0
26 1983  1.40675e+06 330728 528592 220273 216553 220273 216553 0.542293 0
26 1984  1.92753e+06 350157 561113 236610 232743 236610 232743 0.560076 0
26 1985  4.70229e+06 373395 590556 232402 225290 232402 225290 0.504148 0
26 1986  2.1803e+06 410855 750071 308876 305399 308876 305399 0.621276 0
26 1987  2.09793e+06 469972 769349 359282 335808 359282 335808 0.63881 0
26 1988  1.4399e+06 413386 682722 324986 329861 324986 329861 0.679075 0
26 1989  1.12861e+06 424968 608825 286666 285489 286666 285489 0.605928 0
26 1990  992489 380792 536745 240671 217382 240671 217382 0.533214 0
26 1991  861301 371975 525416 238215 234471 238215 234471 0.628062 0
26 1992  561225 317773 446491 193772 207169 193772 207169 0.674919 0
26 1993  541586 275786 382641 163530 179796 163530 179796 0.654002 0
26 1994  905296 229166 323786 145716 156081 145716 156081 0.663691 0
26 1995  903879 211509 312366 131181 128844 131181 128844 0.620644 0
26 1996  2.52721e+06 192158 296025 143445 136593 143445 136593 0.72144 0
26 1997  933865 181120 345056 193112 156195 193112 156195 0.87476 0
26 1998  806312 199525 338452 183573 153432 183573 153432 0.748545 0
26 1999  946409 192235 326247 160706 170369 160706 170369 0.788327 0
26 2000  601671 191949 296955 135074 130032 135074 130032 0.609732 0
26 2001  1.76979e+06 206556 318760 193207 147639 193207 147639 0.776218 0
26 2002  579107 171081 315834 134260 136962 134260 136962 0.791421 0
26 2003  1.18069e+06 187262 314755 154019 157047 154019 157047 0.790134 0
26 2004  727648 157906 291979 127979 117246 127979 117246 0.614067 0
26 2005  728523 179416 282722 119045 126990 119045 126990 0.645776 0
26 2006  1.07168e+06 177037 287258 131304 123290 131304 123290 0.638061 0
26 2007  920583 157146 260035 100965 103220 100965 103220 0.56009 0
26 2008  848205 181753 295762 105331 106724 105331 106724 0.483775 0
26 2009  1.07571e+06 212693 337921 108260 109020 108260 109020 0.425092 0
26 2010  1.30247e+06 251012 380302 116903 123730 116903 123730 0.435017 0
26 2011  1.07787e+06 241938 367581 118084 128603 118084 128603 0.440771 0
26 2012  1.16462e+06 241989 375981 141936 136446 141936 136446 0.446654 0
26 2013  1.28646e+06 265951 402443 126254 128629 126254 128629 0.408759 0
26 2014  732009 295545 440440 133627 130134 133627 130134 0.40716 0
26 2015  837153 271764 353666 134459 139846 134459 139846 0.43265 0
26 2016  1.31087e+06 263001 340370 136948 144858 136948 144858 0.488968 0
26 2017  761202 247738 330376 114291 107586 114291 107586 0.36717 0
26 2018  2.26987e+06 226742 308503 105774 103471 105774 103471 0.36489 0
26 2019  994852 231966 336551 86091.8 80436.6 86091.8 80436.6 0.247383 0
26 2020  NA 313072 NA NA NA NA NA NA NA
27 1974  48844 40992.8 59423.1 17969.3 18500.7 17969.3 18500.7 0.459322 0
27 1975  110222 43157.1 58325.7 20735.2 19861.4 20735.2 19861.4 0.465287 0
27 1976  137197 42815.3 52454.7 17170.2 17423.2 17170.2 17423.2 0.434149 0
27 1977  51120.8 35069.1 53582.5 17739.2 14885.5 17739.2 14885.5 0.392591 0
27 1978  14929.9 39979.3 58095.3 20271.7 20787.3 20271.7 20787.3 0.484566 0
27 1979  150795 45839.7 52990.8 22593.8 21525.9 22593.8 21525.9 0.476832 0
27 1980  161572 36123.4 43735.1 15711.6 16001.8 15711.6 16001.8 0.480882 0
27 1981  145771 25060.1 50526 15337.9 14070.9 15337.9 14070.9 0.480112 0
27 1982  149270 34051 59062.7 21194.5 20852.3 21194.5 20852.3 0.540153 0
27 1983  76871.8 42114.6 66779.4 24872 23297.3 24872 23297.3 0.509034 0
27 1984  92658.2 45222.2 65965.9 26807.4 27104.3 26807.4 27104.3 0.583853 0
27 1985  143251 41804.7 54614.5 24225.6 23421.4 24225.6 23421.4 0.549534 0
27 1986  67068.5 36266.8 53687 18147.7 21159.8 18147.7 21159.8 0.607709 0
27 1987  514538 29988.5 52166.2 17352.3 16850.9 17352.3 16850.9 0.496686 0
27 1988  116357 36624.1 68773.9 21585.7 18438.5 21585.7 18438.5 0.50092 0
27 1989  233569 32584.5 97019.9 21788 23848.9 21788 23848.9 0.407997 0
27 1990  82531.2 92054.3 117985 35012.3 37315.2 35012.3 37315.2 0.430341 0
27 1991  419716 78335.2 110204 33496.4 39710.2 33496.4 39710.2 0.474855 0
27 1992  85464.8 78733.8 109778 29198.1 32990.5 29198.1 32990.5 0.458511 0
27 1993  60633.4 54899.4 105205 31484 35398.3 31484 35398.3 0.513033 0
27 1994  102151 77259.3 90662.3 32898.7 37844.2 32898.7 37844.2 0.550575 0
27 1995  61294.6 60000 72738.7 29746.7 27607.3 29746.7 27607.3 0.503932 0
27 1996  256076 40941.8 56781.7 22620.6 27112.6 22620.6 27112.6 0.731435 0
27 1997  116229 29192.9 49285.8 14661.9 16236 14661.9 16236 0.618151 0
27 1998  90498.4 21901.5 58286.4 20834 20849.1 20834 20849.1 0.65548 0
27 1999  121521 39111.8 56521.2 23427 22804.2 23427 22804.2 0.583937 0
27 2000  65823.6 35797.7 52404.5 22301.6 22296.3 22301.6 22296.3 0.647883 0
27 2001  179661 28691.8 46884 19819.4 17646.2 19819.4 17646.2 0.540557 0
27 2002  83741.4 31192.2 47952 18215.6 14727.5 18215.6 14727.5 0.536025 0
27 2003  44628.8 26245.7 52805.3 19080.8 16337.1 19080.8 16337.1 0.528676 0
27 2004  49146.5 36912.1 48909.3 20857.2 16742.7 20857.2 16742.7 0.521464 0
27 2005  181218 31301.1 39400.4 17348.2 15030.3 17348.2 15030.3 0.55551 0
27 2006  72524.3 23987.1 38866.6 12337.5 10877.1 12337.5 10877.1 0.473278 0
27 2007  70819.2 17714.1 44871.7 15402.2 12023.2 15402.2 12023.2 0.478286 0
27 2008  88104 33642 46623.2 14242.6 13677.4 14242.6 13677.4 0.408186 0
27 2009  182227 31891.8 44737.8 14811.3 14603.6 14811.3 14603.6 0.470941 0
27 2010  224752 29246.8 49212.7 14414.6 13749.9 14414.6 13749.9 0.528155 0
27 2011  57307.6 25609.1 58413.7 12998.8 12559.6 12998.8 12559.6 0.460362 0
27 2012  103068 30574.2 43156.8 14628 17323.8 14628 17323.8 0.518599 0
27 2013  153026 36552.8 43240.3 15767.3 17151.7 15767.3 17151.7 0.466337 0
27 2014  110190 31402.4 41613 14217 15787 14217 15787 0.44143 0
27 2015  66850.3 29194.3 46409.7 14258.3 14223.2 14258.3 14223.2 0.400035 0
27 2016  135899 34921.5 41911.7 15182.8 16949.1 15182.8 16949.1 0.450198 0
27 2017  109114 31066.4 38038.9 13242.4 14091.8 13242.4 14091.8 0.404674 0
27 2018  604127 27583.8 40107.8 12122.6 11868.1 12122.6 11868.1 0.34745 0
27 2019  24005.2 27925.4 50438 9998.08 9883.25 9998.08 9883.25 0.295955 0
27 2020  NA 30237 NA NA NA NA NA NA NA
