#  log(Observed catch)- log(Expected catch)
# Species,Quarter,Year, Age_0, Age_1, Age_2, Age_3, Age_4, Age_5, Age_6, Age_7, Age_8
21,1,1974     ,0.4451,0.0122,-1.0315,-0.1337,-0.1726,0.5470,-0.0583,-0.7365
21,1,1975     ,1.4226,-0.0866,-1.3625,-1.5715,-0.4153,-0.4274,0.0860,-0.5789
21,1,1976     ,-1.5728,0.7130,0.2222,0.1717,-0.4910,-2.9204,-1.8644,-1.3526
21,1,1977     ,1.4646,0.6986,3.3102,2.1058,1.9369,1.6394,2.0856,1.2479
21,1,1978,-99.9,-99.9,-99.9,-99.9,-99.9,-99.9,-99.9,-99.9
21,1,1979,-99.9,-99.9,-99.9,-99.9,-99.9,-99.9,-99.9,-99.9
21,1,1980     ,1.1791,-0.0556,0.9979,0.3682,0.9317,-2.3716,-99.9,-99.9
21,1,1981     ,-0.0042,-0.9372,-2.0419,-2.6659,-2.6344,-0.7781,-99.9,-99.9
21,1,1982     ,-0.5377,0.4552,1.7864,1.2508,0.8863,0.3828,0.8538,0.7961
21,1,1983     ,-0.8895,-0.4907,-0.9355,0.0182,-0.3684,-1.0226,-1.7148,-1.9642
21,1,1984     ,-0.0404,-0.6414,-0.4189,-0.4200,-0.0897,0.0675,-0.3108,0.2898
21,1,1985     ,1.5174,-1.0850,0.3407,0.2032,0.1733,0.1114,1.3759,0.9300
21,1,1986     ,0.3300,0.3857,0.8885,0.8253,0.4588,0.9528,0.9225,1.9804
21,1,1987     ,1.7389,0.3776,0.7782,0.9500,0.7667,0.1270,-0.0618,0.6786
21,1,1988     ,0.4354,-0.4893,0.3355,0.8648,1.1782,0.9996,0.8600,0.7342
21,1,1989     ,-0.9363,0.5852,0.2735,0.5365,0.2880,0.2094,0.2695,-0.5258
21,1,1990     ,1.3008,-0.0726,-0.1474,0.1514,0.4035,-0.4185,-0.0552,-0.1858
21,1,1991     ,-1.4529,0.2704,-0.0379,0.2410,0.2855,0.0779,0.1236,-0.4103
21,1,1992     ,-1.7879,0.7818,-0.3302,-0.1796,0.0392,0.1671,-0.3571,-0.4621
21,1,1993     ,1.4972,0.2700,-0.4684,-0.6034,-0.6928,-0.8997,-0.5250,-0.4682
21,1,1994     ,-0.2875,-0.4942,-0.8563,0.0171,-1.2132,-0.7384,-0.2702,-0.2802
21,1,1995     ,-0.9514,-1.4621,-0.1551,-0.7547,-0.6747,-1.4554,-1.2688,-1.2003
21,1,1996     ,1.9155,-0.4579,0.6878,0.2305,0.4421,0.7018,-0.1663,-0.5412
21,1,1997     ,-1.9309,-1.0429,-0.0494,0.5063,-0.0697,0.1018,-0.3680,0.8633
21,1,1998     ,2.5154,-0.5778,-0.2127,-0.7234,-0.8055,0.6499,0.0938,0.7126
21,1,1999     ,0.7971,-0.5102,-0.1175,0.1637,-0.2758,-0.0239,-0.0808,-1.3221
21,1,2000     ,0.0670,-0.4256,-0.8975,-0.2592,-0.4222,-1.0898,-1.5043,-1.9364
21,1,2001     ,1.5968,0.1689,0.3976,0.1534,0.2864,0.3336,-0.1198,-1.0073
21,1,2002     ,0.4702,1.2005,0.0234,-0.0009,-0.6807,0.0651,-0.0675,-0.3583
21,1,2003     ,1.6715,-0.5851,-0.0312,0.2591,0.4409,0.1146,0.4489,0.3143
21,1,2004     ,-0.9609,0.7723,-0.1009,0.4091,0.2524,0.5833,0.7063,-0.3762
21,1,2005     ,0.9468,1.0268,-0.0419,0.1553,0.2121,0.1559,-0.0752,-0.6924
21,1,2006     ,1.2248,0.6698,0.4413,0.3463,0.2217,-0.0217,-0.3115,-0.1834
21,1,2007     ,0.5763,0.8204,0.1746,0.1778,0.2212,0.1459,0.4263,0.2717
21,1,2008     ,0.3696,1.3908,-0.2552,-0.4320,0.2682,-0.9315,-0.4611,-1.8816
21,1,2009     ,0.7901,0.2634,0.2980,0.5997,0.5786,-0.6274,0.8245,0.2061
21,1,2010     ,0.7679,0.9817,0.5749,0.5914,-0.0163,-0.9386,0.5714,-0.1476
21,1,2011     ,0.2249,1.1988,0.3586,0.1407,1.0367,1.0200,0.6686,1.4197
21,1,2012     ,0.9707,0.1817,0.9019,-0.4200,-0.7038,-0.1008,-0.6227,-0.6998
21,1,2013     ,-0.1948,0.5183,0.0030,0.6341,-0.5076,0.1388,0.6570,0.6538
21,1,2014     ,-3.1154,0.4515,-0.1331,0.0766,0.1352,-0.4508,-0.2255,-0.3831
21,1,2015     ,0.0394,0.2933,-0.0719,0.1575,0.3974,0.7750,0.0137,0.1811
21,1,2016     ,0.5386,-0.4554,-0.5690,-0.6289,-0.8078,-0.2845,-0.5024,-0.7697
21,1,2017     ,0.4094,-0.2337,-0.5413,-0.4454,-0.6671,-1.0427,-1.1603,-1.3714
21,1,2018     ,0.3414,-0.1602,-0.5173,-0.7293,-0.6530,-1.1839,-0.5743,-0.7169
21,1,2019     ,0.2703,0.1952,-0.6241,-0.8721,-0.9335,-0.6517,-0.7542,-1.7277
# Species,Quarter,Year, Age_0, Age_1, Age_2, Age_3, Age_4, Age_5, Age_6, Age_7, Age_8
21,2,1974     ,-1.3649,-0.0344,0.1217,0.2558,0.6158,0.0221,0.8816,-1.5506
21,2,1975     ,-0.1049,0.6384,0.7063,0.8262,1.2454,0.5430,1.1564,0.9660
21,2,1976     ,-0.4909,1.4728,0.4815,0.8280,0.7565,0.0448,1.0055,0.3134
21,2,1977     ,1.7835,1.2414,0.3394,-0.1419,1.3535,1.3187,-99.9,1.4504
21,2,1978,-99.9,-99.9,-99.9,-99.9,-99.9,-99.9,-99.9,-99.9
21,2,1979,-99.9,-99.9,-99.9,-99.9,-99.9,-99.9,-99.9,-99.9
21,2,1980     ,-0.3663,-1.5948,-0.3229,0.1336,-0.1201,-1.8977,-0.4989,-99.9
21,2,1981     ,0.6179,-1.9123,-3.0223,-99.9,-99.9,0.1620,-99.9,-99.9
21,2,1982     ,-1.8973,-2.1632,-1.0481,-0.7814,-1.5357,-99.9,-99.9,-99.9
21,2,1983     ,-0.6230,-0.3991,-0.5673,-0.2146,0.3115,0.7919,0.9373,1.0491
21,2,1984     ,-0.3221,0.2648,0.0564,0.2588,0.6392,0.3096,1.0686,-0.7067
21,2,1985     ,-1.8385,-0.1534,0.7940,0.4504,0.3158,0.6908,0.9344,0.7800
21,2,1986     ,-0.4814,0.7010,-0.1085,0.0900,-0.0923,-0.4099,0.4474,0.3339
21,2,1987     ,-0.2307,-0.1290,-0.0105,0.3581,0.2637,0.1465,0.0396,0.6768
21,2,1988     ,0.7388,-0.4045,-0.3984,-0.0033,-0.0056,-0.1543,-0.3603,-0.1787
21,2,1989     ,-1.5061,-0.1488,-0.0696,0.4186,-0.1932,0.0588,-0.1484,-0.7458
21,2,1990     ,0.3556,0.1112,-0.5000,-0.2756,-0.1537,-0.3079,-0.0516,-0.4135
21,2,1991     ,0.7297,0.9702,-0.0269,-0.0245,0.0920,0.1223,-0.8159,-0.1838
21,2,1992     ,0.4731,0.3104,-0.1144,-0.0869,-0.2416,-0.1046,0.1041,-0.2157
21,2,1993     ,0.2741,-0.1610,-0.2028,-0.0438,-0.0906,0.0646,0.0728,-0.2106
21,2,1994     ,-0.7079,0.7090,0.1832,-0.0688,-0.1507,-0.2409,-0.2855,-0.2669
21,2,1995     ,-0.1602,-0.3359,-0.5447,-0.4884,-0.1507,-0.7613,-0.4261,-0.3649
21,2,1996     ,0.7555,0.2711,0.5741,-0.3217,-0.4947,-0.2848,-1.7403,-99.9
21,2,1997     ,-0.2110,0.6526,0.2337,0.1046,-0.2452,0.2419,0.5237,-0.8100
21,2,1998     ,0.2381,0.1583,-0.5078,-0.9127,-1.6659,-1.5475,-1.0920,-1.1663
21,2,1999     ,1.3398,0.8243,-0.1413,-0.5442,-0.9661,-1.1752,-0.9776,-1.2390
21,2,2000     ,0.8048,0.9334,0.1063,-0.0744,-0.2413,-0.6578,-1.3070,-1.7587
21,2,2001     ,0.5073,0.1252,0.8743,-0.1059,-0.0597,0.1819,0.0990,-1.3133
21,2,2002     ,-0.1261,0.2633,-0.2126,0.3731,-0.6767,-0.6926,-0.5169,-0.6952
21,2,2003     ,-0.2035,-0.3343,-0.2251,-0.1049,0.6032,0.0054,0.2423,0.0263
21,2,2004     ,-0.3925,0.4460,-0.2333,-0.2305,-0.2605,0.3457,-0.3339,-0.8160
21,2,2005     ,0.1652,0.4004,0.2723,0.2022,-0.0053,0.0997,0.4639,-0.4631
21,2,2006     ,-0.8710,0.0790,0.4009,0.6235,0.3891,0.3050,0.0827,0.2824
21,2,2007     ,-1.1708,0.1280,0.7993,0.8810,0.3451,0.8215,0.3793,-0.3589
21,2,2008     ,0.0352,1.0328,0.3042,0.5781,0.5991,-0.0233,0.6096,-0.5576
21,2,2009     ,-1.3070,1.3843,0.3843,-0.4943,-0.0384,-0.1856,-1.2261,-0.3787
21,2,2010     ,0.5855,1.0109,0.6006,-0.1044,-0.8587,-0.2304,-0.4267,0.0714
21,2,2011     ,-2.4252,0.6278,0.7046,0.4951,0.0114,-0.2254,-0.0787,0.0424
21,2,2012     ,0.1057,0.4841,0.2994,0.5512,0.1933,-0.1166,0.0045,-0.3778
21,2,2013     ,0.5355,0.5219,0.0087,-0.0223,0.3940,0.1259,-0.0604,0.3422
21,2,2014     ,-0.3102,0.8019,0.5625,0.6509,-0.1864,0.9525,0.5766,0.0385
21,2,2015     ,0.2808,-0.5213,-0.3949,-0.3412,0.0403,-0.0173,1.0286,0.7249
21,2,2016     ,-0.1576,-0.5044,0.1050,-0.0645,-0.2815,0.5466,0.5164,1.1230
21,2,2017     ,-1.7878,-1.2366,0.4860,0.7068,0.2162,0.0486,0.6050,0.4110
21,2,2018     ,-0.8501,0.0551,0.0934,0.2876,0.6426,0.4020,0.2929,0.2696
21,2,2019     ,-0.6118,0.4072,0.1376,0.0404,0.0548,0.7010,0.7658,-0.0555
# Species,Quarter,Year, Age_0, Age_1, Age_2, Age_3, Age_4, Age_5, Age_6, Age_7, Age_8
21,3,1974     ,-1.2581,0.2782,1.0088,0.8969,1.2349,1.6374,1.6159,0.7748,0.3277
21,3,1975     ,-1.9892,-0.0519,-0.1533,0.4280,0.6865,0.5917,0.5441,0.8343,0.1442
21,3,1976     ,-1.0451,-1.0685,1.2276,0.5248,1.1551,1.1478,0.1449,1.4086,0.2464
21,3,1977     ,0.3606,0.0214,-1.8000,-2.1871,-2.1018,-1.6499,-2.0353,-99.9,-99.9
21,3,1978,-99.9,-99.9,-99.9,-99.9,-99.9,-99.9,-99.9,-99.9,-99.9
21,3,1979,-99.9,-99.9,-99.9,-99.9,-99.9,-99.9,-99.9,-99.9,-99.9
21,3,1980     ,0.2182,0.9109,-2.2085,-1.1513,-1.1277,-99.9,-99.9,0.4020,-99.9
21,3,1981     ,2.0349,1.3763,-0.7846,-0.0949,-0.9020,-0.6522,-0.4699,-1.2586,0.0743
21,3,1982     ,2.0034,0.9585,-0.5782,-1.4741,-0.5088,-1.9050,-2.0088,-99.9,-99.9
21,3,1983     ,1.8271,1.1685,-1.0421,-1.1200,-0.8831,-0.3842,0.0013,-0.2602,0.2058
21,3,1984     ,0.5801,-0.3806,-0.6577,-0.8072,-0.6589,-0.6926,0.1756,0.6561,0.4279
21,3,1985     ,-0.2806,0.4478,-0.1093,0.0266,-0.5238,-0.6156,-0.4920,0.4118,-0.1127
21,3,1986     ,-0.3675,0.6978,-0.1847,-0.0706,-0.3436,-0.6990,-0.3892,-0.7357,-0.3431
21,3,1987     ,-0.5652,-0.6992,-0.4095,-0.2622,-0.2471,-0.0653,-0.2820,-0.1295,-0.2860
21,3,1988     ,0.1407,1.9187,-0.0724,-0.3124,-0.3436,-0.2504,-0.0538,-0.3899,0.2561
21,3,1989     ,0.4796,1.8666,0.0109,0.0989,0.1994,0.2526,0.3581,0.2684,0.2743
21,3,1990     ,-0.4795,1.4751,-0.4254,-0.1535,0.2891,0.3131,0.1620,0.3224,0.3122
21,3,1991     ,-0.0100,1.1041,0.2915,-0.2109,-0.0453,0.1415,0.1300,-0.2720,-0.2755
21,3,1992     ,0.9832,0.9978,-0.6723,-0.4698,-0.4202,-0.0454,0.3338,0.2982,0.0687
21,3,1993     ,0.5295,-1.6594,-0.4557,-0.6706,-0.3360,-0.3178,0.1835,0.2037,0.1824
21,3,1994     ,0.0680,-0.0762,0.0820,-0.1075,-0.2238,-0.2232,-0.0828,0.0101,0.3875
21,3,1995     ,0.3786,-0.7403,-0.2857,-0.0074,-0.1214,-0.3200,0.1040,0.1260,0.4242
21,3,1996     ,-0.9696,-4.1586,-0.3475,0.0042,0.0776,0.2052,-0.1515,0.0804,-0.1226
21,3,1997     ,-1.4491,-1.9064,-0.6103,-0.6342,0.3066,0.6303,0.2098,-0.1593,-0.5122
21,3,1998     ,-1.6252,0.1836,0.4158,-0.1092,-0.2964,-0.0166,0.0293,-0.5897,-0.8181
21,3,1999     ,0.0652,-1.7941,0.2240,0.5092,-0.3076,-0.3476,0.0016,-0.1167,-0.0969
21,3,2000     ,-0.0324,0.3949,0.5109,0.2431,0.1601,-0.2905,-0.2373,-0.1388,-0.1420
21,3,2001     ,-0.4937,0.1628,-0.1439,-0.0620,-0.3410,0.0706,-0.0451,-0.0575,0.0362
21,3,2002     ,-0.2333,-0.7459,-0.4016,-0.1636,-0.3042,-0.3933,-0.0223,-0.0795,-0.0128
21,3,2003     ,-1.2466,-0.5006,-0.2050,0.0957,-0.0433,-0.0763,-0.3530,0.0569,-0.4256
21,3,2004     ,-0.6178,-0.2454,-0.6054,-0.2992,0.2367,0.1139,0.0875,0.2749,0.0490
21,3,2005     ,0.3152,0.0304,-0.9726,-0.3646,-0.4732,0.2537,0.2266,0.2545,0.2388
21,3,2006     ,0.4489,-0.3229,-0.3880,-0.2509,0.0376,-0.0276,0.5167,0.3339,0.0783
21,3,2007     ,-0.7698,0.0710,-0.2718,-0.0261,-0.0055,0.2550,0.2551,0.5011,-0.0869
21,3,2008     ,0.6992,-0.0743,0.1702,0.3135,-0.1639,-0.2588,0.0665,0.0677,0.1288
21,3,2009     ,0.8212,0.7663,-0.3127,-0.5972,0.0138,-0.5279,-0.3757,0.4515,0.2852
21,3,2010     ,0.4050,0.0153,-0.3364,-0.5814,-0.4280,0.0585,-0.3774,-0.1153,-0.0732
21,3,2011     ,1.0055,-1.2359,0.4094,0.0719,-0.3370,-0.4281,-0.1021,-0.2227,-0.4910
21,3,2012     ,0.0049,-0.0576,-0.0959,0.2981,-0.0538,-0.0338,0.0239,0.4063,0.1204
21,3,2013     ,-0.5814,0.8542,-0.1437,0.0576,0.0886,0.1000,0.1654,0.3051,0.0991
21,3,2014     ,0.1827,0.0904,0.1778,0.2866,0.4645,0.2197,0.0703,0.1872,0.1482
21,3,2015     ,0.0064,-1.1409,-0.6589,-0.3630,0.1015,0.3612,0.6159,0.5389,0.2489
21,3,2016     ,1.1956,0.0682,-0.1449,0.0138,0.0194,0.3989,0.6280,0.8287,0.3644
21,3,2017     ,0.6221,-0.3977,-0.0490,0.5805,0.5063,0.1982,0.5457,0.7910,0.3857
21,3,2018     ,0.7517,-0.7177,-1.0312,0.1070,0.6517,0.5369,0.6225,0.8366,0.6938
21,3,2019     ,-0.6777,-0.8441,-0.6485,-0.0775,0.5040,0.5970,0.8972,0.7348,0.4213
# Species,Quarter,Year, Age_0, Age_1, Age_2, Age_3, Age_4, Age_5, Age_6, Age_7, Age_8
21,4,1974     ,-0.4647,0.1446,-0.5036,-0.6491,-0.7873,-1.0519,-2.1115,-1.3346,-99.9
21,4,1975     ,-1.4577,-0.2702,0.1886,-0.2634,-0.9827,-1.0918,-0.7766,-1.3417,-2.5182
21,4,1976     ,-1.0037,-0.4572,0.8574,0.8062,-0.6626,-0.6864,-0.2284,-2.3102,-1.7984
21,4,1977     ,1.2363,-0.3180,-1.1045,-1.6343,-1.4635,-2.1129,-99.9,-99.9,-99.9
21,4,1978,-99.9,-99.9,-99.9,-99.9,-99.9,-99.9,-99.9,-99.9,-99.9
21,4,1979,-99.9,-99.9,-99.9,-99.9,-99.9,-99.9,-99.9,-99.9,-99.9
21,4,1980     ,0.9254,-0.3977,2.0321,1.7808,1.3346,1.5680,-0.2905,0.0536,-0.6463
21,4,1981     ,0.2285,-0.1772,1.2226,1.1410,1.3143,1.4057,1.6839,1.8568,1.2047
21,4,1982     ,1.2119,0.8725,0.1411,1.1887,1.1059,0.3952,0.1684,1.0237,-0.0988
21,4,1983     ,0.9542,0.2266,0.1434,0.1462,0.5439,0.3986,-0.0300,-0.4894,0.0572
21,4,1984     ,0.2335,0.1463,-0.5569,-0.8565,-0.9010,-0.3151,-0.1536,-0.9447,-0.2944
21,4,1985     ,-2.7987,-0.6930,0.1353,-0.3508,-0.7521,-1.0446,-0.4592,0.0003,-0.6717
21,4,1986     ,-2.6452,0.9173,-0.1832,0.1171,-0.1807,-0.8859,-0.4483,0.0361,0.5649
21,4,1987     ,1.9419,0.9454,0.6095,0.0589,0.0532,-0.3748,-0.2690,-0.7211,-0.4370
21,4,1988     ,0.4075,0.7947,0.1696,0.3505,-0.0563,-0.1238,-0.4380,-0.9671,-1.4817
21,4,1989     ,0.3207,-0.0413,0.1070,0.0822,0.5736,0.3778,0.3874,0.1778,-0.1273
21,4,1990     ,-0.0396,1.0216,0.3268,0.1577,0.1115,0.2035,-0.2952,-0.1237,-0.6044
21,4,1991     ,0.4557,0.7976,0.1372,0.0437,-0.1340,-0.1149,0.1878,-0.3769,-0.5658
21,4,1992     ,0.2710,0.0605,0.4840,-0.3065,-0.2701,-0.3006,0.0353,0.3426,-0.4827
21,4,1993     ,0.4534,-0.2570,0.0564,0.4705,-0.2692,-0.2054,-0.0735,-0.0358,0.3678
21,4,1994     ,-0.2131,-1.0544,-0.3033,-0.1043,0.6813,-0.4193,0.1397,-0.1255,-0.1892
21,4,1995     ,0.4145,-0.0204,0.1302,0.2080,0.0786,0.3189,-0.0244,0.1826,0.3628
21,4,1996     ,1.1426,-0.7321,0.1437,0.1692,-0.0834,-0.0557,-0.3675,-0.4230,0.4036
21,4,1997     ,-0.3505,-0.6776,0.3475,0.6101,-0.1087,-0.5348,0.0082,-0.1635,0.6609
21,4,1998     ,-0.6443,-0.6956,0.3375,0.4341,0.0248,-0.2485,-0.1979,-0.8410,-0.6287
21,4,1999     ,-1.1871,-0.5085,0.4335,0.6813,0.2932,-0.1453,-0.6331,-0.2247,-1.4868
21,4,2000     ,-0.2570,-0.1710,0.4521,-0.1313,0.2289,0.3877,0.1361,-0.0176,-0.8823
21,4,2001     ,-0.2478,-0.3268,-0.5752,0.6625,0.1273,-0.7298,-1.2035,-1.2462,-3.4151
21,4,2002     ,-0.3134,-0.0301,0.1522,0.4100,0.5784,-0.1653,0.1651,0.0196,0.2521
21,4,2003     ,0.0770,0.8361,0.0278,0.0324,-0.1150,0.1201,-0.2385,-0.3690,-1.0566
21,4,2004     ,0.3907,0.2991,-0.9596,0.0783,0.0878,0.1605,0.5046,0.3179,-0.0898
21,4,2005     ,0.4481,1.2600,-0.7240,-0.9543,-0.5001,-0.0652,0.1311,0.3383,0.2410
21,4,2006     ,-0.1532,0.0676,0.0753,-0.1911,-0.3301,-0.0233,0.2662,0.1787,0.0725
21,4,2007     ,0.4091,0.4381,-0.6798,-0.2452,0.0247,-0.0850,0.1939,0.7432,0.3075
21,4,2008     ,-0.0390,0.4831,-0.4833,-0.6190,-0.4539,0.2819,0.5103,0.1587,0.7267
21,4,2009     ,-0.0092,0.1893,0.1546,-0.6619,-0.1626,-0.3365,0.2249,0.2357,0.5310
21,4,2010     ,-0.0172,0.7098,0.1824,-0.1390,-0.4977,-0.2622,-0.0231,-0.0377,-0.0709
21,4,2011     ,0.7969,1.0808,-0.6088,0.0885,0.1113,-0.0402,-0.3879,-0.0675,0.2708
21,4,2012     ,0.4335,0.8193,0.1358,-0.3637,-0.1191,-0.3090,-0.1519,0.4864,0.1315
21,4,2013     ,-1.5716,0.6389,-0.2845,-0.2482,-0.3349,0.2996,0.6286,0.1225,0.8904
21,4,2014     ,-0.1843,-0.0163,-0.4146,-0.1157,0.0048,0.3533,0.3068,0.4355,0.4344
21,4,2015     ,0.9727,-0.3807,0.0940,-0.5488,-0.4016,-0.0083,0.4020,0.8662,0.6409
21,4,2016     ,0.7903,-1.5191,-0.4075,0.2995,-0.0999,0.2983,0.6260,0.8549,0.6401
21,4,2017     ,0.7899,0.8687,-0.1041,0.3538,0.4839,0.2479,0.3052,0.5161,0.3387
21,4,2018     ,-0.1858,-0.2131,-0.6049,0.0946,0.1610,0.5206,0.2356,0.3385,0.4480
21,4,2019     ,-0.0402,-0.3051,-0.9587,-0.1152,0.3806,-0.0235,0.4809,0.2938,0.5297
# Species,Quarter,Year, Age_0, Age_1, Age_2, Age_3, Age_4
22,1,1974,-99.9,-99.9,-99.9,-99.9
22,1,1975,-99.9,-99.9,-99.9,-99.9
22,1,1976,-99.9,-99.9,-99.9,-99.9
22,1,1977,-99.9,-99.9,-99.9,-99.9
22,1,1978,-99.9,-99.9,-99.9,-99.9
22,1,1979,-99.9,-99.9,-99.9,-99.9
22,1,1980,-99.9,-99.9,-99.9,-99.9
22,1,1981,-99.9,-99.9,-99.9,-99.9
22,1,1982,-99.9,-99.9,-99.9,-99.9
22,1,1983,-99.9,-99.9,-99.9,-99.9
22,1,1984,-99.9,-99.9,-99.9,-99.9
22,1,1985,-99.9,-99.9,-99.9,-99.9
22,1,1986,-99.9,-99.9,-99.9,-99.9
22,1,1987,-99.9,-99.9,-99.9,-99.9
22,1,1988,-99.9,-99.9,-99.9,-99.9
22,1,1989,-99.9,-99.9,-99.9,-99.9
22,1,1990,-99.9,-99.9,-99.9,-99.9
22,1,1991,-99.9,-99.9,-99.9,-99.9
22,1,1992,-99.9,-99.9,-99.9,-99.9
22,1,1993,-99.9,-99.9,-99.9,-99.9
22,1,1994,-99.9,-99.9,-99.9,-99.9
22,1,1995,-99.9,-99.9,-99.9,-99.9
22,1,1996,-99.9,-99.9,-99.9,-99.9
22,1,1997,-99.9,-99.9,-99.9,-99.9
22,1,1998,-99.9,-99.9,-99.9,-99.9
22,1,1999,-99.9,-99.9,-99.9,-99.9
22,1,2000,-99.9,-99.9,-99.9,-99.9
22,1,2001,-99.9,-99.9,-99.9,-99.9
22,1,2002,-99.9,-99.9,-99.9,-99.9
22,1,2003,-99.9,-99.9,-99.9,-99.9
22,1,2004,-99.9,-99.9,-99.9,-99.9
22,1,2005,-99.9,-99.9,-99.9,-99.9
22,1,2006,-99.9,-99.9,-99.9,-99.9
22,1,2007,-99.9,-99.9,-99.9,-99.9
22,1,2008,-99.9,-99.9,-99.9,-99.9
22,1,2009,-99.9,-99.9,-99.9,-99.9
22,1,2010,-99.9,-99.9,-99.9,-99.9
22,1,2011,-99.9,-99.9,-99.9,-99.9
22,1,2012,-99.9,-99.9,-99.9,-99.9
22,1,2013,-99.9,-99.9,-99.9,-99.9
22,1,2014,-99.9,-99.9,-99.9,-99.9
22,1,2015,-99.9,-99.9,-99.9,-99.9
22,1,2016,-99.9,-99.9,-99.9,-99.9
22,1,2017,-99.9,-99.9,-99.9,-99.9
22,1,2018,-99.9,-99.9,-99.9,-99.9
22,1,2019,-99.9,-99.9,-99.9,-99.9
# Species,Quarter,Year, Age_0, Age_1, Age_2, Age_3, Age_4
22,2,1974     ,0.3227,-0.2735,0.4029,0.3703
22,2,1975     ,-0.0726,0.0607,1.0180,-0.3952
22,2,1976     ,-0.2190,0.0610,-0.2621,-0.3322
22,2,1977     ,0.1584,-0.4601,0.0676,-1.1055
22,2,1978     ,-0.2897,-0.2558,0.3522,0.1362
22,2,1979     ,-0.8284,0.2706,-0.1977,-1.6734
22,2,1980     ,-0.6399,0.4860,0.1806,0.7544
22,2,1981     ,-0.4203,0.1713,0.3919,-0.2440
22,2,1982     ,-0.9528,0.2589,0.0413,-0.6190
22,2,1983     ,0.1865,-0.0512,-0.7107,-2.0915
22,2,1984     ,1.0844,-0.0873,-0.9120,-3.1058
22,2,1985     ,-0.7267,0.0004,-0.1290,0.1126
22,2,1986     ,0.5189,0.1052,-1.6734,-99.9
22,2,1987     ,1.0269,1.2742,-0.1161,-0.6805
22,2,1988     ,-0.0506,1.2057,-0.3209,-3.0868
22,2,1989     ,0.3930,-0.4324,0.2730,-99.9
22,2,1990     ,-0.1426,-0.5813,0.1467,-1.2570
22,2,1991     ,0.9201,-0.1764,-0.0753,0.4497
22,2,1992     ,0.4944,0.8818,0.4715,0.5617
22,2,1993     ,0.4015,-0.6786,-0.1459,2.1786
22,2,1994     ,-0.0787,-0.0433,0.9253,1.2011
22,2,1995     ,0.7277,0.0304,-0.1171,-0.0897
22,2,1996     ,-0.6397,-0.0761,0.2011,0.6230
22,2,1997     ,0.3960,-0.0499,0.4245,0.5931
22,2,1998     ,-0.6205,0.4409,0.9052,-0.5830
22,2,1999     ,-0.5076,0.2736,-0.1867,0.4611
22,2,2000     ,0.2130,0.2327,0.7485,-0.2300
22,2,2001     ,-0.4214,-0.0509,0.2274,0.7511
22,2,2002     ,0.0872,0.0600,0.1081,0.4983
22,2,2003     ,-0.6063,-0.2291,0.2663,1.7883
22,2,2004     ,-0.1373,-0.1196,-0.8809,0.6198
22,2,2005     ,0.4422,-0.9209,-0.6908,-0.5137
22,2,2006     ,0.6178,-0.6276,-0.3092,0.0574
22,2,2007     ,0.7718,-0.4900,-0.7039,-1.0507
22,2,2008     ,-0.3621,-0.3462,0.0672,-0.0036
22,2,2009     ,1.0858,0.1102,-0.9417,-1.1669
22,2,2010     ,-0.1795,-0.7490,0.8368,0.2705
22,2,2011     ,0.4411,0.2988,0.1288,-2.1804
22,2,2012     ,-2.0147,0.2074,0.7323,1.1651
22,2,2013     ,-0.2206,0.8264,0.0039,-1.4713
22,2,2014     ,-0.5560,-0.5654,0.8209,-0.5486
22,2,2015     ,0.0313,-0.1044,0.2308,0.2246
22,2,2016     ,-0.2361,0.0749,-0.0472,0.9410
22,2,2017     ,0.5477,1.0769,-0.6953,0.5689
22,2,2018     ,-0.6260,-0.2892,0.9588,1.1267
22,2,2019     ,0.0395,0.0910,0.1397,0.0173
# Species,Quarter,Year, Age_0, Age_1, Age_2, Age_3, Age_4
22,3,1974     ,0.7833,-1.0191,-0.7334,-1.8021,-0.3780
22,3,1975     ,0.6572,-1.9003,-0.9062,-3.3265,-99.9
22,3,1976     ,0.4044,0.1988,0.2372,2.2622,0.8839
22,3,1977     ,-0.5977,0.7857,1.6770,1.7484,1.8108
22,3,1978     ,0.3144,0.4918,0.5693,0.4189,-1.4615
22,3,1979     ,2.3461,1.0080,1.7773,1.0257,0.6135
22,3,1980     ,0.1274,-0.4229,-0.3115,-1.0565,-1.2147
22,3,1981     ,0.3692,-0.5530,-0.7534,-1.0145,-0.8832
22,3,1982     ,-0.2110,-3.0688,-99.9,-99.9,-99.9
22,3,1983     ,1.4917,-0.2689,1.3121,0.3505,-99.9
22,3,1984,-99.9,1.3825,0.0698,0.4787,-99.9
22,3,1985     ,-1.6959,-0.7784,0.7515,0.7687,-0.3583
22,3,1986     ,0.0412,1.7794,1.1807,-99.9,-99.9
22,3,1987     ,-4.7800,-1.4453,-3.4133,-99.9,-99.9
22,3,1988     ,0.2022,0.7635,-0.1345,0.2316,-0.5954
22,3,1989     ,-1.0216,0.1975,0.2525,-99.9,-99.9
22,3,1990     ,0.4665,0.6339,0.1945,0.7870,-0.6485
22,3,1991     ,1.0133,0.0813,-1.3195,-1.6710,-1.0353
22,3,1992     ,-0.1656,-3.1033,-4.3081,-99.9,-99.9
22,3,1993     ,0.7452,0.3167,0.8424,1.4629,1.2609
22,3,1994,-99.9,-0.4423,1.0003,0.6229,0.7974
22,3,1995     ,-1.0759,-0.2298,-0.0077,-0.4499,0.5537
22,3,1996     ,0.1296,1.8228,0.2217,0.8942,2.9817
22,3,1997     ,0.0344,0.9946,-0.3569,-1.3231,-0.3596
22,3,1998     ,1.6632,0.5173,-0.3315,1.0312,-0.1120
22,3,1999     ,0.0756,1.2161,0.8291,1.1535,2.4043
22,3,2000     ,-2.8336,-0.8382,-1.7103,-0.2317,-0.7445
22,3,2001     ,1.6337,1.6699,-0.9035,-0.7616,0.6088
22,3,2002,-99.9,-99.9,-99.9,-99.9,-99.9
22,3,2003     ,0.7960,-0.4185,0.2571,-1.1313,-1.2078
22,3,2004     ,-0.4540,0.9425,0.1403,0.6888,0.3154
22,3,2005     ,-0.7513,1.3312,1.6131,1.3354,2.3478
22,3,2006,-99.9,-99.9,-99.9,-99.9,-99.9
22,3,2007,-99.9,-99.9,-99.9,-99.9,-99.9
22,3,2008,-99.9,-99.9,-99.9,-99.9,-99.9
22,3,2009,-99.9,-99.9,-99.9,-99.9,-99.9
22,3,2010,-99.9,-99.9,-99.9,-99.9,-99.9
22,3,2011,-99.9,-99.9,-99.9,-99.9,-99.9
22,3,2012,-99.9,0.1538,2.9338,-0.5186,1.7372
22,3,2013,-99.9,-0.9004,0.5445,0.4668,-1.1669
22,3,2014     ,0.7514,-0.2387,-0.8887,-0.0819,-0.3046
22,3,2015,-99.9,-1.0538,-1.4554,-1.8165,0.3964
22,3,2016,-99.9,-99.9,-99.9,-99.9,-99.9
22,3,2017,-99.9,0.6426,0.1672,-2.9279,-2.4841
22,3,2018,-99.9,-99.9,-99.9,-99.9,-99.9
22,3,2019,-99.9,-99.9,-99.9,-99.9,-99.9
# Species,Quarter,Year, Age_0, Age_1, Age_2, Age_3, Age_4
22,4,1974,-99.9,-99.9,-99.9,-99.9,-99.9
22,4,1975,-99.9,-99.9,-99.9,-99.9,-99.9
22,4,1976,-99.9,-99.9,-99.9,-99.9,-99.9
22,4,1977,-99.9,-99.9,-99.9,-99.9,-99.9
22,4,1978,-99.9,-99.9,-99.9,-99.9,-99.9
22,4,1979,-99.9,-99.9,-99.9,-99.9,-99.9
22,4,1980,-99.9,-99.9,-99.9,-99.9,-99.9
22,4,1981,-99.9,-99.9,-99.9,-99.9,-99.9
22,4,1982,-99.9,-99.9,-99.9,-99.9,-99.9
22,4,1983,-99.9,-99.9,-99.9,-99.9,-99.9
22,4,1984,-99.9,-99.9,-99.9,-99.9,-99.9
22,4,1985,-99.9,-99.9,-99.9,-99.9,-99.9
22,4,1986,-99.9,-99.9,-99.9,-99.9,-99.9
22,4,1987,-99.9,-99.9,-99.9,-99.9,-99.9
22,4,1988,-99.9,-99.9,-99.9,-99.9,-99.9
22,4,1989,-99.9,-99.9,-99.9,-99.9,-99.9
22,4,1990,-99.9,-99.9,-99.9,-99.9,-99.9
22,4,1991,-99.9,-99.9,-99.9,-99.9,-99.9
22,4,1992,-99.9,-99.9,-99.9,-99.9,-99.9
22,4,1993,-99.9,-99.9,-99.9,-99.9,-99.9
22,4,1994,-99.9,-99.9,-99.9,-99.9,-99.9
22,4,1995,-99.9,-99.9,-99.9,-99.9,-99.9
22,4,1996,-99.9,-99.9,-99.9,-99.9,-99.9
22,4,1997,-99.9,-99.9,-99.9,-99.9,-99.9
22,4,1998,-99.9,-99.9,-99.9,-99.9,-99.9
22,4,1999,-99.9,-99.9,-99.9,-99.9,-99.9
22,4,2000,-99.9,-99.9,-99.9,-99.9,-99.9
22,4,2001,-99.9,-99.9,-99.9,-99.9,-99.9
22,4,2002,-99.9,-99.9,-99.9,-99.9,-99.9
22,4,2003,-99.9,-99.9,-99.9,-99.9,-99.9
22,4,2004,-99.9,-99.9,-99.9,-99.9,-99.9
22,4,2005,-99.9,-99.9,-99.9,-99.9,-99.9
22,4,2006,-99.9,-99.9,-99.9,-99.9,-99.9
22,4,2007,-99.9,-99.9,-99.9,-99.9,-99.9
22,4,2008,-99.9,-99.9,-99.9,-99.9,-99.9
22,4,2009,-99.9,-99.9,-99.9,-99.9,-99.9
22,4,2010,-99.9,-99.9,-99.9,-99.9,-99.9
22,4,2011,-99.9,-99.9,-99.9,-99.9,-99.9
22,4,2012,-99.9,-99.9,-99.9,-99.9,-99.9
22,4,2013,-99.9,-99.9,-99.9,-99.9,-99.9
22,4,2014,-99.9,-99.9,-99.9,-99.9,-99.9
22,4,2015,-99.9,-99.9,-99.9,-99.9,-99.9
22,4,2016,-99.9,-99.9,-99.9,-99.9,-99.9
22,4,2017,-99.9,-99.9,-99.9,-99.9,-99.9
22,4,2018,-99.9,-99.9,-99.9,-99.9,-99.9
22,4,2019,-99.9,-99.9,-99.9,-99.9,-99.9
# Species,Quarter,Year, Age_0, Age_1, Age_2, Age_3, Age_4
23,1,1974,-99.9,-99.9,-99.9,-99.9
23,1,1975,-99.9,-99.9,-99.9,-99.9
23,1,1976,-99.9,-99.9,-99.9,-99.9
23,1,1977,-99.9,-99.9,-99.9,-99.9
23,1,1978,-99.9,-99.9,-99.9,-99.9
23,1,1979,-99.9,-99.9,-99.9,-99.9
23,1,1980,-99.9,-99.9,-99.9,-99.9
23,1,1981,-99.9,-99.9,-99.9,-99.9
23,1,1982,-99.9,-99.9,-99.9,-99.9
23,1,1983,-99.9,-99.9,-99.9,-99.9
23,1,1984,-99.9,-99.9,-99.9,-99.9
23,1,1985,-99.9,-99.9,-99.9,-99.9
23,1,1986,-99.9,-99.9,-99.9,-99.9
23,1,1987,-99.9,-99.9,-99.9,-99.9
23,1,1988,-99.9,-99.9,-99.9,-99.9
23,1,1989,-99.9,-99.9,-99.9,-99.9
23,1,1990,-99.9,-99.9,-99.9,-99.9
23,1,1991,-99.9,-99.9,-99.9,-99.9
23,1,1992,-99.9,-99.9,-99.9,-99.9
23,1,1993,-99.9,-99.9,-99.9,-99.9
23,1,1994,-99.9,-99.9,-99.9,-99.9
23,1,1995,-99.9,-99.9,-99.9,-99.9
23,1,1996,-99.9,-99.9,-99.9,-99.9
23,1,1997,-99.9,-99.9,-99.9,-99.9
23,1,1998,-99.9,-99.9,-99.9,-99.9
23,1,1999,-99.9,-99.9,-99.9,-99.9
23,1,2000,-99.9,-99.9,-99.9,-99.9
23,1,2001,-99.9,-99.9,-99.9,-99.9
23,1,2002,-99.9,-99.9,-99.9,-99.9
23,1,2003,-99.9,-99.9,-99.9,-99.9
23,1,2004,-99.9,-99.9,-99.9,-99.9
23,1,2005,-99.9,-99.9,-99.9,-99.9
23,1,2006,-99.9,-99.9,-99.9,-99.9
23,1,2007,-99.9,-99.9,-99.9,-99.9
23,1,2008,-99.9,-99.9,-99.9,-99.9
23,1,2009,-99.9,-99.9,-99.9,-99.9
23,1,2010,-99.9,-99.9,-99.9,-99.9
23,1,2011,-99.9,-99.9,-99.9,-99.9
23,1,2012,-99.9,-99.9,-99.9,-99.9
23,1,2013,-99.9,-99.9,-99.9,-99.9
23,1,2014,-99.9,-99.9,-99.9,-99.9
23,1,2015,-99.9,-99.9,-99.9,-99.9
23,1,2016,-99.9,-99.9,-99.9,-99.9
23,1,2017,-99.9,-99.9,-99.9,-99.9
23,1,2018,-99.9,-99.9,-99.9,-99.9
23,1,2019,-99.9,-99.9,-99.9,-99.9
# Species,Quarter,Year, Age_0, Age_1, Age_2, Age_3, Age_4
23,2,1974     ,0.5903,0.3115,-0.0612,0.5125
23,2,1975     ,0.0209,-0.5801,0.3991,0.1434
23,2,1976     ,0.4414,0.1754,-0.3613,-0.2605
23,2,1977     ,0.1378,0.0650,0.4772,0.4596
23,2,1978     ,0.1336,0.4754,-0.0554,-0.2872
23,2,1979     ,-0.7785,-0.2704,0.2001,0.6858
23,2,1980     ,0.2221,0.1954,-0.1325,-0.0893
23,2,1981     ,-0.1613,-0.1160,-0.1577,0.0663
23,2,1982     ,-0.3749,-0.1585,-0.1724,0.6274
23,2,1983     ,-0.9189,0.6911,0.1208,-0.0753
23,2,1984     ,-0.1577,-0.5554,0.5722,-0.0117
23,2,1985     ,-1.0932,0.4134,1.0855,-1.6685
23,2,1986     ,0.5060,1.0301,0.0804,-1.2690
23,2,1987     ,-0.0292,0.6476,0.3200,-0.8624
23,2,1988     ,-1.4158,0.4510,0.4028,0.8636
23,2,1989     ,0.7627,0.4360,-0.1401,0.4739
23,2,1990     ,0.0727,0.0346,0.6155,-0.4567
23,2,1991     ,0.0566,0.5486,-0.6936,0.3412
23,2,1992     ,0.8215,0.2455,-0.3852,-0.1388
23,2,1993     ,-0.6421,-0.1973,0.3022,0.5311
23,2,1994     ,-0.0840,-0.1763,-0.6790,0.4941
23,2,1995     ,0.4792,-0.1255,0.3600,-1.0383
23,2,1996     ,-0.1222,-0.4713,-0.1005,-0.0660
23,2,1997     ,0.0289,-0.1873,0.1404,0.0075
23,2,1998     ,-0.0079,-0.0160,0.3967,-0.0899
23,2,1999     ,0.5901,-0.1564,-0.2657,-0.4531
23,2,2000     ,0.4426,-0.3639,-0.1214,-0.1568
23,2,2001     ,0.0281,-0.1076,-0.3452,0.3185
23,2,2002     ,0.8165,0.1950,0.0264,0.0801
23,2,2003     ,0.3393,-0.4195,-0.0031,0.6741
23,2,2004     ,0.4721,-0.3621,-0.3125,-0.2150
23,2,2005     ,0.1448,-0.3796,-0.1688,-0.3198
23,2,2006     ,0.4872,-0.2422,-0.1603,0.2002
23,2,2007     ,-0.0972,-0.3883,-0.2810,0.3737
23,2,2008     ,0.0041,-0.3708,-0.3726,0.4726
23,2,2009     ,0.3988,0.0052,0.0962,-0.0551
23,2,2010     ,0.0966,-0.1743,0.0901,0.2226
23,2,2011     ,-0.4784,0.3573,0.4702,-0.2328
23,2,2012     ,-0.6527,0.0095,0.5365,0.2008
23,2,2013     ,-0.1062,0.5147,0.3788,-0.2713
23,2,2014     ,0.0364,-0.3732,-0.1820,-0.5324
23,2,2015     ,-0.0517,-0.8963,-0.4867,0.0045
23,2,2016     ,-0.6752,-0.1376,0.1515,0.4753
23,2,2017     ,0.0732,0.3519,0.3668,-1.1081
23,2,2018     ,-0.3349,-0.1346,0.5061,-0.7096
23,2,2019     ,0.0173,0.1816,0.2503,-0.4054
# Species,Quarter,Year, Age_0, Age_1, Age_2, Age_3, Age_4
23,3,1974     ,-1.3659,-0.3997,-3.3766,-99.9,-3.8629
23,3,1975     ,-1.4830,-0.8548,1.2732,-0.0871,0.8230
23,3,1976,-99.9,-1.3603,0.8352,0.7747,0.1938
23,3,1977     ,2.0489,-1.7692,-2.7591,-3.6569,-1.9334
23,3,1978     ,3.6722,-0.5177,-0.7610,-0.1310,0.2742
23,3,1979     ,0.2178,0.5720,0.0920,-0.4401,0.8753
23,3,1980     ,-2.2716,0.6324,0.0249,0.5428,-1.5217
23,3,1981     ,2.7124,-1.1826,0.6311,-0.6285,-0.7990
23,3,1982     ,2.1181,-0.7030,-0.2591,0.1609,-0.7323
23,3,1983     ,1.8134,-0.5451,0.8976,2.2588,-2.5793
23,3,1984,-99.9,0.7766,-0.7553,0.5011,0.7403
23,3,1985     ,0.9687,-0.1150,0.5745,3.6951,1.1612
23,3,1986     ,-0.7654,0.6439,0.0964,0.5243,0.5101
23,3,1987     ,0.1743,1.3989,1.2222,0.3037,-0.2693
23,3,1988,-99.9,-99.9,-0.7292,0.8135,-0.2820
23,3,1989     ,-6.9073,-0.9469,-1.1198,-1.6013,-0.9997
23,3,1990     ,-0.7192,-0.0808,-0.8356,-0.1824,-1.2878
23,3,1991     ,2.3842,1.9854,-0.1646,-0.5759,-99.9
23,3,1992     ,-0.8204,0.4428,-0.5587,0.2451,-0.5631
23,3,1993     ,0.6421,-0.1592,-0.3666,0.4534,0.5819
23,3,1994,-99.9,0.3841,0.4141,0.0982,1.2836
23,3,1995     ,-1.2783,0.3899,1.0273,1.2749,0.4652
23,3,1996     ,1.1917,1.2818,0.9376,0.3381,2.6304
23,3,1997     ,-2.2398,1.2116,-0.0485,-0.2596,0.1119
23,3,1998     ,-1.3121,-0.7876,-0.1081,0.4768,0.2338
23,3,1999     ,-1.3753,0.2503,-0.7036,0.0027,0.7421
23,3,2000     ,1.5908,0.4326,-0.3761,0.7320,0.4218
23,3,2001     ,2.5572,-0.2937,0.0701,-0.1013,1.5798
23,3,2002     ,-2.3168,-0.7496,-1.0980,-1.0668,0.2240
23,3,2003     ,0.8438,0.1606,1.0904,-0.3080,0.0396
23,3,2004     ,-0.0736,0.7110,0.8611,0.7176,0.6997
23,3,2005     ,-1.0436,0.4342,1.0851,1.6000,1.8797
23,3,2006     ,-0.9887,0.3767,0.7318,1.2862,2.2687
23,3,2007,-99.9,-99.9,-99.9,-99.9,-99.9
23,3,2008,-99.9,-99.9,-99.9,-99.9,-99.9
23,3,2009     ,0.7593,1.2532,-0.2570,-0.9826,-1.0473
23,3,2010     ,-0.5680,-0.2844,-0.6464,-0.3743,-0.0889
23,3,2011,-99.9,-99.9,-99.9,-99.9,-99.9
23,3,2012,-99.9,-99.9,-99.9,-99.9,-99.9
23,3,2013     ,-3.4576,-0.1739,0.3609,1.0642,-0.9803
23,3,2014     ,2.2320,-1.4165,-0.5206,0.3512,0.0916
23,3,2015,-99.9,-99.9,-99.9,-99.9,-99.9
23,3,2016,-99.9,-99.9,-99.9,-99.9,-99.9
23,3,2017     ,-1.7791,-0.7825,-0.6449,-0.5531,-0.5211
23,3,2018     ,0.3356,-0.1196,0.5076,0.8947,-0.9189
23,3,2019     ,4.4967,-0.1044,-0.5869,-1.3233,-2.7351
# Species,Quarter,Year, Age_0, Age_1, Age_2, Age_3, Age_4
23,4,1974,-99.9,-99.9,-99.9,-99.9,-99.9
23,4,1975,-99.9,-99.9,-99.9,-99.9,-99.9
23,4,1976,-99.9,-99.9,-99.9,-99.9,-99.9
23,4,1977,-99.9,-99.9,-99.9,-99.9,-99.9
23,4,1978,-99.9,-99.9,-99.9,-99.9,-99.9
23,4,1979,-99.9,-99.9,-99.9,-99.9,-99.9
23,4,1980,-99.9,-99.9,-99.9,-99.9,-99.9
23,4,1981,-99.9,-99.9,-99.9,-99.9,-99.9
23,4,1982,-99.9,-99.9,-99.9,-99.9,-99.9
23,4,1983,-99.9,-99.9,-99.9,-99.9,-99.9
23,4,1984,-99.9,-99.9,-99.9,-99.9,-99.9
23,4,1985,-99.9,-99.9,-99.9,-99.9,-99.9
23,4,1986,-99.9,-99.9,-99.9,-99.9,-99.9
23,4,1987,-99.9,-99.9,-99.9,-99.9,-99.9
23,4,1988,-99.9,-99.9,-99.9,-99.9,-99.9
23,4,1989,-99.9,-99.9,-99.9,-99.9,-99.9
23,4,1990,-99.9,-99.9,-99.9,-99.9,-99.9
23,4,1991,-99.9,-99.9,-99.9,-99.9,-99.9
23,4,1992,-99.9,-99.9,-99.9,-99.9,-99.9
23,4,1993,-99.9,-99.9,-99.9,-99.9,-99.9
23,4,1994,-99.9,-99.9,-99.9,-99.9,-99.9
23,4,1995,-99.9,-99.9,-99.9,-99.9,-99.9
23,4,1996,-99.9,-99.9,-99.9,-99.9,-99.9
23,4,1997,-99.9,-99.9,-99.9,-99.9,-99.9
23,4,1998,-99.9,-99.9,-99.9,-99.9,-99.9
23,4,1999,-99.9,-99.9,-99.9,-99.9,-99.9
23,4,2000,-99.9,-99.9,-99.9,-99.9,-99.9
23,4,2001,-99.9,-99.9,-99.9,-99.9,-99.9
23,4,2002,-99.9,-99.9,-99.9,-99.9,-99.9
23,4,2003,-99.9,-99.9,-99.9,-99.9,-99.9
23,4,2004,-99.9,-99.9,-99.9,-99.9,-99.9
23,4,2005,-99.9,-99.9,-99.9,-99.9,-99.9
23,4,2006,-99.9,-99.9,-99.9,-99.9,-99.9
23,4,2007,-99.9,-99.9,-99.9,-99.9,-99.9
23,4,2008,-99.9,-99.9,-99.9,-99.9,-99.9
23,4,2009,-99.9,-99.9,-99.9,-99.9,-99.9
23,4,2010,-99.9,-99.9,-99.9,-99.9,-99.9
23,4,2011,-99.9,-99.9,-99.9,-99.9,-99.9
23,4,2012,-99.9,-99.9,-99.9,-99.9,-99.9
23,4,2013,-99.9,-99.9,-99.9,-99.9,-99.9
23,4,2014,-99.9,-99.9,-99.9,-99.9,-99.9
23,4,2015,-99.9,-99.9,-99.9,-99.9,-99.9
23,4,2016,-99.9,-99.9,-99.9,-99.9,-99.9
23,4,2017,-99.9,-99.9,-99.9,-99.9,-99.9
23,4,2018,-99.9,-99.9,-99.9,-99.9,-99.9
23,4,2019,-99.9,-99.9,-99.9,-99.9,-99.9
# Species,Quarter,Year, Age_0, Age_1, Age_2, Age_3
24,1,1974     ,0.0771,-0.6133,-1.6767
24,1,1975     ,-0.4945,0.4735,0.9163
24,1,1976     ,-0.4506,-0.5861,0.8688
24,1,1977     ,0.6921,-0.0198,0.0760
24,1,1978     ,0.0628,0.0722,0.1228
24,1,1979     ,0.0768,0.3111,0.6874
24,1,1980     ,-0.1331,-0.2762,0.3005
24,1,1981     ,0.2846,0.3921,0.0687
24,1,1982     ,0.5845,0.2710,1.1036
24,1,1983     ,-0.1311,0.4068,-0.4708
24,1,1984     ,-0.4419,0.0744,1.2683
24,1,1985     ,-0.3639,0.2037,1.2420
24,1,1986     ,-1.3980,1.4805,2.0164
24,1,1987     ,-0.1069,-0.1133,-0.2971
24,1,1988     ,-0.3379,0.8426,0.8617
24,1,1989     ,0.3379,-0.9378,-1.8375
24,1,1990     ,0.3127,0.2427,0.2824
24,1,1991     ,-0.5710,0.7944,0.5731
24,1,1992     ,0.6396,0.9632,2.1102
24,1,1993     ,0.1495,-0.6269,-1.8251
24,1,1994     ,0.5858,0.5824,0.2439
24,1,1995     ,0.6558,0.2080,-1.0090
24,1,1996     ,-0.4662,-0.1535,-0.8979
24,1,1997     ,-0.9045,0.2271,-0.2940
24,1,1998     ,-0.2028,0.2007,0.3472
24,1,1999     ,-1.4860,-0.2887,-0.6600
24,1,2000     ,-0.7433,-0.3941,-1.9767
24,1,2001     ,0.1714,1.3332,0.6883
24,1,2002     ,-0.2356,-0.0149,-2.0949
24,1,2003     ,1.3994,2.0349,2.7696
24,1,2004     ,0.9904,2.4710,2.8005
24,1,2005,-99.9,-99.9,-99.9
24,1,2006     ,0.3987,2.4453,2.4584
24,1,2007,-99.9,-99.9,-99.9
24,1,2008     ,-0.7397,0.6779,-2.9106
24,1,2009     ,0.9065,-1.7392,-99.9
24,1,2010,-99.9,-99.9,-99.9
24,1,2011,-99.9,-99.9,-99.9
24,1,2012     ,-0.9587,-0.6894,-1.5169
24,1,2013     ,-1.8838,-3.0291,-2.4435
24,1,2014     ,-0.2304,0.9985,0.3506
24,1,2015     ,0.0745,0.2221,-0.0422
24,1,2016     ,-0.4159,0.0872,0.6036
24,1,2017     ,0.8807,-1.8191,-3.0794
24,1,2018     ,-2.5594,0.2143,-0.1088
24,1,2019     ,-0.1511,0.3372,1.0089
# Species,Quarter,Year, Age_0, Age_1, Age_2, Age_3
24,2,1974     ,0.3784,-0.4190,-0.8212
24,2,1975     ,0.9715,-0.2725,-0.5012
24,2,1976     ,0.8035,0.2966,0.9903
24,2,1977     ,0.5178,-0.2431,-0.8959
24,2,1978     ,-0.0404,0.0815,1.3541
24,2,1979     ,0.3353,-0.2854,-0.7175
24,2,1980     ,-0.1322,-0.0829,0.0093
24,2,1981     ,0.4684,0.2212,0.6033
24,2,1982     ,0.8502,0.6108,-0.6592
24,2,1983     ,-0.2421,1.1374,-0.3531
24,2,1984     ,0.0416,0.6298,2.4414
24,2,1985     ,-0.5178,-1.1640,-0.6516
24,2,1986     ,-1.0166,-0.2340,-0.6882
24,2,1987     ,-0.2985,-1.2633,-99.9
24,2,1988     ,-0.5396,-0.6959,-99.9
24,2,1989     ,0.0687,0.7026,-1.5307
24,2,1990     ,0.9477,0.8935,0.5825
24,2,1991     ,-0.7715,0.3329,-0.4782
24,2,1992     ,0.4009,0.2450,0.6295
24,2,1993     ,-0.0300,-0.2884,0.0935
24,2,1994     ,-0.3930,0.5255,-0.0216
24,2,1995     ,0.5150,0.8590,0.9816
24,2,1996     ,0.2797,-0.8460,0.4087
24,2,1997     ,-2.2613,-0.1114,0.3460
24,2,1998     ,0.2338,0.0083,-0.3680
24,2,1999     ,-0.2978,0.9441,-0.0652
24,2,2000     ,-1.0177,0.2716,1.1030
24,2,2001     ,0.3969,0.6900,1.8869
24,2,2002     ,0.2168,-1.0944,-2.9904
24,2,2003     ,-0.2016,-0.1748,1.2742
24,2,2004     ,-1.9660,-0.4840,0.7582
24,2,2005,-99.9,-99.9,-99.9
24,2,2006     ,-0.6916,0.5397,1.8967
24,2,2007,-99.9,-99.9,-99.9
24,2,2008     ,-0.0804,0.3092,-3.2772
24,2,2009     ,-1.1884,-0.0073,-0.0207
24,2,2010     ,0.7864,1.4280,-0.0734
24,2,2011     ,-0.9156,-0.8407,-1.6886
24,2,2012     ,-0.2409,-0.0685,-0.8492
24,2,2013     ,1.2043,-0.0668,-0.4546
24,2,2014     ,-0.6479,-0.5328,-0.3344
24,2,2015     ,0.3456,-0.3502,-1.1098
24,2,2016     ,0.5984,-0.2389,0.8932
24,2,2017     ,0.5121,-0.1186,-0.0878
24,2,2018     ,0.4702,-0.0827,0.2072
24,2,2019     ,0.4814,1.8656,1.2857
# Species,Quarter,Year, Age_0, Age_1, Age_2, Age_3
24,3,1974     ,0.1418,0.1715,0.4162,2.2342
24,3,1975     ,0.2598,0.4330,-0.7394,-1.2335
24,3,1976     ,-0.9109,-0.0617,-0.1559,-1.2941
24,3,1977     ,-1.1000,-0.0719,0.1074,1.5629
24,3,1978     ,0.1197,0.0753,-0.1782,0.2947
24,3,1979     ,1.1034,-0.0449,0.3777,0.6574
24,3,1980     ,-1.9628,0.2787,0.4306,0.2793
24,3,1981     ,-1.0401,0.1741,0.2322,-0.1039
24,3,1982     ,-0.5264,0.9622,0.6088,1.1354
24,3,1983     ,0.6284,0.3077,0.9908,1.1242
24,3,1984     ,-5.3167,0.2717,0.5859,-0.1537
24,3,1985     ,-3.5531,-0.4916,0.3404,0.9062
24,3,1986,-99.9,-0.0582,0.4038,0.8757
24,3,1987     ,-2.1528,-0.4911,-0.6075,-2.4537
24,3,1988     ,2.2361,-0.5462,-0.0424,-99.9
24,3,1989     ,0.5601,0.2264,0.7769,-1.1798
24,3,1990     ,-1.8221,-0.3661,-0.7945,0.0976
24,3,1991     ,1.2193,-0.5785,-0.7088,0.5628
24,3,1992     ,2.4422,0.4547,-0.1288,-1.7823
24,3,1993     ,-0.1060,-0.3481,-0.0438,-0.1207
24,3,1994     ,1.0786,-0.0515,0.3830,1.5924
24,3,1995     ,2.4587,0.0617,-1.5136,-0.8353
24,3,1996     ,1.9287,0.2288,0.1590,0.9803
24,3,1997     ,1.3288,0.4068,0.2559,0.7575
24,3,1998     ,0.6632,0.1914,-0.5946,-2.2907
24,3,1999     ,-0.8934,0.4310,0.8006,-0.4095
24,3,2000     ,0.5806,-0.2096,-0.1778,0.7266
24,3,2001     ,0.4140,-0.3525,-2.2236,-2.1989
24,3,2002     ,2.3673,0.2175,0.8472,-0.7523
24,3,2003     ,0.0325,-0.3133,-0.3230,0.0668
24,3,2004     ,0.8623,-0.4141,-0.3629,0.2051
24,3,2005,-99.9,-99.9,-99.9,-99.9
24,3,2006     ,-0.2205,-1.0465,-0.1429,-0.0517
24,3,2007,-99.9,-99.9,-99.9,-99.9
24,3,2008,-99.9,-0.2022,0.1541,-99.9
24,3,2009     ,1.2010,0.3664,1.3296,-0.4395
24,3,2010,-99.9,-0.1957,0.0873,-1.0171
24,3,2011,-99.9,1.4641,0.5390,0.4851
24,3,2012     ,-1.7202,-0.8754,-0.6561,-1.8649
24,3,2013     ,-0.2087,0.2601,0.1023,0.3925
24,3,2014     ,1.3323,0.0403,-0.4644,-0.9532
24,3,2015     ,-0.3587,0.1574,0.4834,-2.2634
24,3,2016     ,-0.9863,0.1389,-0.5674,-0.0013
24,3,2017     ,-0.0090,-0.0049,0.3414,1.2903
24,3,2018     ,-0.3375,-0.6283,-0.5108,0.3189
24,3,2019     ,0.4105,0.3837,-0.2786,-1.4430
# Species,Quarter,Year, Age_0, Age_1, Age_2, Age_3
24,4,1974     ,-0.3519,0.3555,0.4298,-0.3313
24,4,1975     ,0.2955,-0.5512,0.3435,0.6163
24,4,1976     ,0.0830,-0.2875,0.0017,1.0693
24,4,1977     ,-0.2500,0.1013,-0.6541,-0.4284
24,4,1978     ,-1.0344,-0.2782,-0.4770,-1.0004
24,4,1979     ,-1.5754,-0.5441,-0.5148,-0.4912
24,4,1980     ,-1.0936,-0.1371,-0.2246,-0.4248
24,4,1981     ,2.7276,0.1753,-0.3453,-1.5445
24,4,1982     ,-1.0282,0.4164,-1.0067,-99.9
24,4,1983     ,-0.0917,0.2490,0.3245,0.7735
24,4,1984     ,-0.0117,0.1761,0.6151,-99.9
24,4,1985     ,-1.2570,0.7240,0.0032,-99.9
24,4,1986     ,1.0835,0.5836,-0.7946,-99.9
24,4,1987     ,-1.0384,0.1444,0.5920,0.8325
24,4,1988     ,1.2785,0.8145,0.8453,-99.9
24,4,1989     ,1.5974,0.4150,0.1899,0.0447
24,4,1990     ,-0.3578,-0.0043,-0.7165,-0.0527
24,4,1991     ,0.3214,-0.7042,-0.0278,0.8650
24,4,1992     ,0.2056,0.3303,-0.1174,-0.9442
24,4,1993     ,0.0246,-0.1820,0.0480,-1.8423
24,4,1994     ,0.4639,0.2268,-0.1770,-99.9
24,4,1995     ,1.0020,0.4660,-0.9391,-0.7408
24,4,1996     ,0.6546,-0.1252,-0.5785,-3.7007
24,4,1997     ,0.0596,0.0524,0.0085,-0.2592
24,4,1998     ,-0.4494,0.5511,-0.7715,-0.1461
24,4,1999     ,-0.0690,-0.3042,0.3800,-0.7154
24,4,2000     ,-0.3903,1.0982,0.0515,-0.4571
24,4,2001     ,0.5383,0.5484,0.6601,-2.5192
24,4,2002     ,-0.0868,0.1721,1.4340,-0.5063
24,4,2003     ,-3.7804,-1.7386,0.2521,1.2594
24,4,2004     ,0.4449,0.1234,0.2370,-0.8410
24,4,2005,-99.9,-99.9,-99.9,-99.9
24,4,2006     ,1.5448,0.8809,-0.1467,-1.9060
24,4,2007,-99.9,-99.9,-99.9,-99.9
24,4,2008     ,2.4626,0.4550,-1.2344,-99.9
24,4,2009     ,-2.4210,-1.2909,-1.9138,-3.4527
24,4,2010,-99.9,-0.8472,-0.4082,-4.7840
24,4,2011     ,-1.5828,0.5233,0.1093,-4.8470
24,4,2012     ,2.0187,2.6988,2.8590,-0.1570
24,4,2013     ,0.1843,0.5427,0.7333,1.2276
24,4,2014     ,1.2546,0.7848,-0.6326,-99.9
24,4,2015     ,-1.3062,-0.1982,-0.9571,-0.8975
24,4,2016     ,0.8035,-0.1943,-0.0396,-99.9
24,4,2017     ,-1.3666,0.2866,-0.0486,-0.2926
24,4,2018     ,1.0485,0.0521,0.7435,-99.9
24,4,2019     ,0.6748,0.1782,-0.4525,-99.9
# Species,Quarter,Year, Age_0, Age_1, Age_2, Age_3
25,1,1974     ,0.5147,-0.2983,-0.6503
25,1,1975     ,-0.6742,0.1002,0.9005
25,1,1976     ,-0.6569,0.4210,1.5771
25,1,1977     ,1.0513,0.0367,0.1908
25,1,1978     ,1.4500,0.2626,1.9421
25,1,1979     ,0.3922,0.7404,2.1529
25,1,1980     ,-0.0098,-0.8631,-1.2970
25,1,1981     ,0.8022,1.0628,0.0411
25,1,1982     ,-0.1013,1.5571,0.8659
25,1,1983     ,1.4445,-0.7519,-1.6074
25,1,1984     ,0.9706,0.7046,-1.5912
25,1,1985     ,-0.1041,-0.3501,-1.6709
25,1,1986     ,-1.4631,-1.0981,-0.0144
25,1,1987     ,0.8198,0.0301,-2.5934
25,1,1988     ,-0.5100,-0.4048,0.0243
25,1,1989     ,2.4198,1.6818,1.1885
25,1,1990     ,-0.5324,-0.1501,-0.6521
25,1,1991,-99.9,-99.9,-99.9
25,1,1992,-99.9,-99.9,-99.9
25,1,1993     ,0.2966,0.5286,0.1387
25,1,1994     ,0.7438,1.4037,1.8832
25,1,1995     ,-0.6433,-0.0437,0.6996
25,1,1996     ,1.7717,1.3198,0.9369
25,1,1997     ,1.7399,0.1910,0.2395
25,1,1998     ,0.1417,-0.1465,0.5870
25,1,1999     ,0.6502,0.9221,2.3965
25,1,2000     ,1.0790,0.9917,2.0251
25,1,2001     ,0.3599,0.9177,1.8233
25,1,2002     ,-1.5711,-0.2219,-0.3388
25,1,2003     ,0.6329,0.4959,1.5726
25,1,2004     ,-0.1043,-2.9314,-0.5459
25,1,2005     ,1.2481,-0.8413,-0.2185
25,1,2006     ,0.2571,0.5321,0.2724
25,1,2007     ,-1.1336,-1.2626,0.1180
25,1,2008     ,-0.0317,-0.7578,-0.7815
25,1,2009     ,0.1514,-0.9911,-0.4758
25,1,2010     ,-1.4306,0.7950,1.2704
25,1,2011     ,-1.0252,0.6035,0.3834
25,1,2012     ,-2.1902,-1.3912,-0.9172
25,1,2013     ,-2.0615,-0.5880,-1.0128
25,1,2014     ,-0.5711,-4.4531,-1.4924
25,1,2015     ,0.0195,-0.4589,-0.7583
25,1,2016     ,-1.7131,-0.7816,-0.4422
25,1,2017     ,-0.4261,-2.3246,-2.1849
25,1,2018     ,-0.7630,-0.3836,0.5846
25,1,2019     ,-1.6033,0.1271,0.6400
# Species,Quarter,Year, Age_0, Age_1, Age_2, Age_3
25,2,1974,-99.9,-99.9,-99.9
25,2,1975,-99.9,-99.9,-99.9
25,2,1976,-99.9,-99.9,-99.9
25,2,1977,-99.9,-99.9,-99.9
25,2,1978,-99.9,-99.9,-99.9
25,2,1979,-99.9,-99.9,-99.9
25,2,1980,-99.9,-99.9,-99.9
25,2,1981,-99.9,-99.9,-99.9
25,2,1982,-99.9,-99.9,-99.9
25,2,1983,-99.9,-99.9,-99.9
25,2,1984,-99.9,-99.9,-99.9
25,2,1985,-99.9,-99.9,-99.9
25,2,1986,-99.9,-99.9,-99.9
25,2,1987,-99.9,-99.9,-99.9
25,2,1988,-99.9,-99.9,-99.9
25,2,1989,-99.9,-99.9,-99.9
25,2,1990,-99.9,-99.9,-99.9
25,2,1991,-99.9,-99.9,-99.9
25,2,1992,-99.9,-99.9,-99.9
25,2,1993,-99.9,-99.9,-99.9
25,2,1994,-99.9,-99.9,-99.9
25,2,1995,-99.9,-99.9,-99.9
25,2,1996,-99.9,-99.9,-99.9
25,2,1997,-99.9,-99.9,-99.9
25,2,1998,-99.9,-99.9,-99.9
25,2,1999,-99.9,-99.9,-99.9
25,2,2000,-99.9,-99.9,-99.9
25,2,2001,-99.9,-99.9,-99.9
25,2,2002,-99.9,-99.9,-99.9
25,2,2003,-99.9,-99.9,-99.9
25,2,2004,-99.9,-99.9,-99.9
25,2,2005,-99.9,-99.9,-99.9
25,2,2006,-99.9,-99.9,-99.9
25,2,2007,-99.9,-99.9,-99.9
25,2,2008,-99.9,-99.9,-99.9
25,2,2009,-99.9,-99.9,-99.9
25,2,2010,-99.9,-99.9,-99.9
25,2,2011,-99.9,-99.9,-99.9
25,2,2012,-99.9,-99.9,-99.9
25,2,2013,-99.9,-99.9,-99.9
25,2,2014,-99.9,-99.9,-99.9
25,2,2015,-99.9,-99.9,-99.9
25,2,2016,-99.9,-99.9,-99.9
25,2,2017,-99.9,-99.9,-99.9
25,2,2018,-99.9,-99.9,-99.9
25,2,2019,-99.9,-99.9,-99.9
# Species,Quarter,Year, Age_0, Age_1, Age_2, Age_3
25,3,1974,-99.9,-0.2227,0.5329,1.2670
25,3,1975,-99.9,0.0408,0.0839,-0.1243
25,3,1976,-99.9,-0.2165,-0.1036,-0.3385
25,3,1977,-99.9,0.0293,-0.1086,0.0436
25,3,1978,-99.9,0.4328,-1.3254,-0.6429
25,3,1979,-99.9,0.3597,-1.5140,0.3266
25,3,1980,-99.9,-0.3365,0.1902,0.9042
25,3,1981,-99.9,0.7664,0.0595,-0.4232
25,3,1982,-99.9,0.9367,-0.5168,-0.4229
25,3,1983,-99.9,-0.2851,-0.0386,0.0035
25,3,1984,-99.9,0.4369,-0.0088,-2.3513
25,3,1985,-99.9,-0.7923,0.5280,-0.1889
25,3,1986,-99.9,-2.4084,-0.3746,1.2198
25,3,1987,-99.9,0.2128,0.3163,-1.2196
25,3,1988,-99.9,-0.0213,0.6406,-0.0331
25,3,1989,-99.9,0.4890,3.0257,-1.8390
25,3,1990,-99.9,-0.5279,1.3393,1.8335
25,3,1991,-99.9,-1.1397,1.0541,-1.5570
25,3,1992,-99.9,1.5735,0.8488,1.8412
25,3,1993,-99.9,-0.6160,1.5547,0.5827
25,3,1994,-99.9,1.9610,-0.1961,0.8722
25,3,1995,-99.9,0.9248,-0.1840,0.7547
25,3,1996,-99.9,-2.1409,-0.7001,0.4813
25,3,1997,-99.9,-0.0467,-1.1075,0.6313
25,3,1998,-99.9,-0.0937,0.2316,1.0619
25,3,1999,-99.9,1.1249,-0.2311,0.4334
25,3,2000,-99.9,0.7550,0.0477,-0.0746
25,3,2001,-99.9,0.1835,-1.4940,-2.9469
25,3,2002,-99.9,0.2487,-0.4868,0.3720
25,3,2003,-99.9,0.0219,-0.4450,0.3181
25,3,2004,-99.9,-0.2868,-0.3447,0.2032
25,3,2005,-99.9,0.3260,-0.6556,0.6374
25,3,2006,-99.9,-0.8863,-0.9508,0.9405
25,3,2007,-99.9,-0.8842,-1.2878,-0.6733
25,3,2008,-99.9,-1.8312,0.3905,1.6462
25,3,2009,-99.9,-0.2099,-1.0397,-0.8276
25,3,2010,-99.9,-1.0964,-1.2620,-0.4915
25,3,2011,-99.9,-1.0171,-0.4558,-0.3335
25,3,2012,-99.9,-0.2897,-0.6617,-0.8033
25,3,2013,-99.9,-0.6566,-0.9902,-1.1083
25,3,2014,-99.9,1.1698,0.9038,1.1213
25,3,2015,-99.9,0.0579,-0.6468,-0.6776
25,3,2016,-99.9,0.2049,0.0920,-0.3570
25,3,2017,-99.9,0.4855,-0.0237,0.2257
25,3,2018,-99.9,0.2352,0.5580,1.1094
25,3,2019,-99.9,0.3470,0.6619,0.4542
# Species,Quarter,Year, Age_0, Age_1, Age_2, Age_3
25,4,1974,-99.9,-0.0147,-0.3498,-1.3583
25,4,1975,-99.9,0.2384,-0.1165,-0.3385
25,4,1976,-99.9,-0.2321,-0.1854,-0.8290
25,4,1977,-99.9,-0.2101,0.0055,-0.3030
25,4,1978,-99.9,-0.1322,-0.0757,-0.4939
25,4,1979,-99.9,-0.3242,-0.2877,-0.4685
25,4,1980,-99.9,0.1776,0.5395,1.0204
25,4,1981,-99.9,0.1775,1.0691,0.0489
25,4,1982,-99.9,1.3399,0.2802,-0.6959
25,4,1983,-99.9,-0.2573,0.0740,-0.2179
25,4,1984,-99.9,0.1269,-0.3440,-1.7629
25,4,1985,-99.9,-0.8964,-0.0269,-1.0071
25,4,1986,-99.9,-1.5945,0.2470,1.4063
25,4,1987,-99.9,0.5403,1.0010,-2.4530
25,4,1988,-99.9,-1.1864,-0.5667,-1.2021
25,4,1989,-99.9,-1.9848,-0.6021,-4.9901
25,4,1990,-99.9,0.0640,1.5510,1.7772
25,4,1991,-99.9,0.0801,0.0573,-1.2437
25,4,1992,-99.9,-0.0217,-1.4911,-0.8089
25,4,1993,-99.9,0.5465,0.4894,-1.3680
25,4,1994,-99.9,0.7296,0.8313,1.0078
25,4,1995,-99.9,0.6937,0.1674,1.3056
25,4,1996,-99.9,-0.2579,0.5927,1.6907
25,4,1997,-99.9,1.1061,1.0631,0.7439
25,4,1998,-99.9,0.2451,0.5883,1.4354
25,4,1999,-99.9,-0.1710,-0.7279,-0.0675
25,4,2000,-99.9,-1.1726,-1.2528,-0.4158
25,4,2001,-99.9,0.5502,0.5391,1.4172
25,4,2002,-99.9,0.5133,-0.0191,-0.1028
25,4,2003,-99.9,1.1448,0.4690,1.5026
25,4,2004,-99.9,0.4321,-1.0685,-0.1032
25,4,2005,-99.9,0.3572,-1.2641,-0.8215
25,4,2006,-99.9,-1.4846,-0.7809,0.9787
25,4,2007,-99.9,0.5482,1.0582,0.6145
25,4,2008,-99.9,0.2540,0.1286,1.3025
25,4,2009,-99.9,0.8020,-0.2406,0.0987
25,4,2010,-99.9,-0.0143,0.2109,2.4077
25,4,2011,-99.9,0.4685,0.6933,0.7550
25,4,2012,-99.9,0.7397,0.3477,-0.1432
25,4,2013,-99.9,0.0808,-0.1937,-0.4489
25,4,2014,-99.9,0.6526,-0.0732,0.4168
25,4,2015,-99.9,0.5031,-1.0329,-0.4485
25,4,2016,-99.9,-1.0031,-0.4588,-0.3013
25,4,2017,-99.9,-0.1189,-1.3691,-0.0265
25,4,2018,-99.9,-0.5523,0.0188,1.5020
25,4,2019,-99.9,-0.5223,-0.6712,-0.2076
# Species,Quarter,Year, Age_0, Age_1, Age_2, Age_3, Age_4, Age_5, Age_6, Age_7, Age_8, Age_9, Age_10
16,9,1974,-99.9,0.1655,0.0537,-0.1908,-0.0049,0.0492,0.0273,0.0205,0.0071,0.2559,0.2165
16,9,1975,-99.9,-0.1665,-0.0919,-0.0841,-0.0023,0.1657,0.0102,0.0135,0.0507,0.1699,-0.2606
16,9,1976,-99.9,0.5360,0.3302,-0.0590,-0.0195,-0.0766,0.0310,-0.0468,-0.3808,-0.3116,-0.4910
16,9,1977,-99.9,0.5895,0.2425,-0.2343,-0.2230,-0.0531,0.0862,-0.0788,0.0104,1.1579,0.1988
16,9,1978,-99.9,-1.3149,0.2663,-0.2410,-0.1259,0.2640,-0.0113,0.1259,-0.2752,-0.1585,0.0166
16,9,1979,-99.9,1.2051,-0.0849,0.1195,-0.1995,0.1279,-0.0530,0.0679,0.2478,-0.1525,-0.2734
16,9,1980,-99.9,1.4115,0.0069,0.0845,-0.1067,-0.0474,-0.1258,0.2929,0.1651,0.2825,-0.3727
16,9,1981,-99.9,0.1533,0.2433,0.1348,0.0226,-0.1189,-0.0331,0.0425,-0.0047,-0.0681,-0.0918
16,9,1982,-99.9,-0.1161,-0.0912,0.3114,0.0663,0.0792,0.0507,0.2045,0.0386,0.2566,-0.1888
16,9,1983,-99.9,-0.7194,0.0114,0.2366,0.0526,-0.0182,0.0413,-0.2318,0.3986,-0.0025,0.2787
16,9,1984,-99.9,0.8146,-0.0269,0.1011,0.0365,0.0076,0.0021,0.0079,-0.0032,0.2775,0.4308
16,9,1985,-99.9,-0.2582,0.0556,-0.0014,0.0172,-0.0108,-0.0605,-0.0892,0.0889,-0.2589,0.3871
16,9,1986,-99.9,0.8118,-0.2964,-0.0435,0.0723,0.0903,0.0475,-0.0166,0.0878,0.0019,0.2841
16,9,1987,-99.9,-1.0858,0.1557,-0.1103,-0.0031,-0.0803,0.0880,0.1071,0.1343,-0.0771,0.4216
16,9,1988,-99.9,-1.0784,-0.0875,0.2147,0.1600,-0.0655,0.0780,-0.2144,-0.0756,-0.1304,0.2189
16,9,1989,-99.9,0.1194,-0.2669,0.0718,0.0687,0.1379,-0.0083,0.0623,0.0794,-0.0684,0.1133
16,9,1990,-99.9,-0.6832,0.1743,0.0346,0.0827,-0.0971,0.0279,-0.1699,-0.3288,0.2501,0.0169
16,9,1991,-99.9,-0.4438,-0.3588,-0.0656,0.1025,0.0498,0.0036,0.6423,0.0599,-0.0966,-0.5587
16,9,1992,-99.9,-0.1130,-0.1524,-0.0750,0.0750,0.0911,-0.0176,-0.2016,0.2244,-0.2764,0.3312
16,9,1993,-99.9,0.1684,0.1989,-0.0025,0.1110,-0.1561,0.0039,-0.0936,-0.4649,-0.0850,-0.2350
16,9,1994,-99.9,1.8322,0.0813,-0.0100,-0.0119,0.0198,-0.0868,-0.0073,-0.2339,-0.5437,0.4118
16,9,1995,-99.9,0.4256,0.4568,0.0198,-0.1113,-0.1667,0.0702,-0.2345,-0.1253,-0.4821,-0.1785
16,9,1996,-99.9,-0.6152,0.0362,-0.0559,-0.2464,-0.1030,0.1571,0.4481,0.1904,0.8778,-0.2876
16,9,1997,-99.9,0.2448,-0.0607,0.0054,-0.0653,-0.0000,0.0730,0.2787,0.3121,-0.5145,0.8595
16,9,1998,-99.9,-0.3249,0.2491,0.0188,-0.0215,-0.0757,0.0650,-0.1353,-0.1429,0.1337,0.2354
16,9,1999,-99.9,0.0813,-0.4356,0.1641,0.0385,-0.0644,-0.0849,0.5001,0.1883,0.1064,0.5237
16,9,2000,-99.9,-0.1806,-0.2518,0.1500,-0.0108,0.1480,0.0522,-0.2278,0.1691,-0.0134,0.2023
16,9,2001,-99.9,-0.7082,0.1289,-0.0010,0.2608,-0.1260,-0.1411,0.1280,-0.2401,0.7168,0.4738
16,9,2002,-99.9,0.2348,-0.2112,-0.0714,0.2341,0.2001,-0.1911,-0.1566,0.2413,0.2685,0.0509
16,9,2003,-99.9,-0.5490,-0.1408,-0.0250,0.1806,0.0046,0.1332,-0.4089,0.0956,-0.0638,-0.1554
16,9,2004,-99.9,0.1288,-0.1935,0.2352,0.2370,-0.0153,0.0238,0.1578,-0.6609,0.1406,-0.6693
16,9,2005,-99.9,-0.4440,-0.3254,0.0646,0.1132,0.1905,0.0191,-0.1141,0.3487,-0.2210,-0.2638
16,9,2006,-99.9,-0.0252,0.7322,-0.0360,-0.2138,-0.1156,0.1352,-0.1025,0.0182,0.0588,-1.7054
16,9,2007,-99.9,0.6600,0.3296,0.0202,0.2276,0.0698,-0.2622,-0.4044,-0.1465,-0.0942,-0.2832
16,9,2008,-99.9,0.1499,-0.0052,-0.0209,-0.2460,-0.0315,0.3577,-0.0653,0.1602,-0.2065,-0.6405
16,9,2009,-99.9,-0.0526,0.1223,-0.1330,-0.0661,-0.0816,0.0535,0.0824,-0.2127,0.9362,0.5193
16,9,2010,-99.9,-0.2330,0.0347,-0.0051,-0.1427,-0.0083,-0.0205,-0.0207,0.1665,-0.0012,0.0491
16,9,2011,-99.9,-0.2149,-0.2535,-0.1943,-0.1177,-0.0437,0.1994,-0.0767,0.4618,0.3664,-0.0261
16,9,2012,-99.9,0.4326,-0.0612,-0.2095,-0.0592,-0.1395,0.0729,0.0887,-0.2197,-0.3089,0.5015
16,9,2013,-99.9,-0.3950,-0.0943,-0.0807,-0.0100,-0.0071,-0.1334,0.2337,-0.1592,-0.2150,-0.4859
16,9,2014,-99.9,-0.0008,-0.1920,0.0879,0.1076,-0.0006,-0.0447,-0.3562,0.2926,-0.9680,-0.5834
16,9,2015,-99.9,-0.0994,0.0636,-0.1463,-0.0516,0.0099,0.1484,0.1304,-0.3240,-0.1640,-1.0409
16,9,2016,-99.9,-0.0414,0.0303,0.0223,0.0905,-0.0508,-0.1554,-0.1473,-0.2334,-0.3887,-0.3575
16,9,2017,-99.9,0.0969,0.0081,-0.0117,0.0764,0.0287,-0.2413,-0.3958,-0.2020,0.0623,-0.0636
16,9,2018,-99.9,-0.0742,-0.1014,0.0987,-0.0826,-0.2190,-0.0872,0.1664,-0.0303,0.0720,0.2054
16,9,2019,-99.9,-0.4180,-0.0386,-0.0890,-0.0040,0.0992,-0.2575,0.3690,0.1985,1.2204,-0.8571
# Species,Quarter,Year, Age_0, Age_1, Age_2, Age_3, Age_4, Age_5, Age_6, Age_7, Age_8
17,9,1974     ,-0.8679,0.6454,0.3490,0.0706,-0.1115,-0.9836,0.1259,-0.5360,-0.0234
17,9,1975     ,-0.8567,0.0605,0.2924,-0.1216,-0.1962,-0.0184,0.7875,-0.4677,-0.2759
17,9,1976     ,-0.3560,-0.5675,0.3993,0.0059,-0.2676,-0.1886,0.0991,-0.1880,0.3481
17,9,1977     ,0.4938,0.6293,0.0563,-0.0786,-0.2549,-0.0128,0.3583,0.4727,1.0273
17,9,1978     ,0.7666,-0.2263,-0.0479,0.0093,-0.0551,-0.2880,0.1524,0.8751,0.9389
17,9,1979     ,0.3277,0.2762,0.0983,0.0675,0.0151,-0.0968,-0.2246,-0.0332,0.1520
17,9,1980     ,0.3451,-0.9529,-0.1217,0.0746,0.0964,0.5085,-0.0590,0.2474,0.3765
17,9,1981     ,0.6629,-0.2655,-0.2685,0.0702,0.1446,0.2158,0.2508,0.4623,0.0301
17,9,1982     ,-0.0678,0.0421,-0.0546,0.1530,0.0713,0.0988,-0.0320,-0.0040,-0.2159
17,9,1983     ,1.3575,0.2081,0.1327,0.1394,0.1157,-0.0065,-0.3722,-0.3963,-0.1818
17,9,1984     ,-0.1797,0.0210,0.0370,0.1147,0.0709,0.3639,-0.0498,-0.0743,-0.5553
17,9,1985     ,0.0401,0.3140,-0.4546,0.0105,0.1505,0.3039,0.5106,0.3336,0.1678
17,9,1986     ,-0.2710,0.4112,-0.1313,-0.0503,0.0656,-0.0334,-0.3450,0.1814,-0.6510
17,9,1987     ,-1.2081,-0.5548,-0.1714,-0.0684,0.2002,-0.1657,-0.0019,-0.1626,-0.0042
17,9,1988     ,0.2925,0.5646,-0.0461,-0.0963,0.0734,0.1719,-0.3858,-0.2355,-0.7444
17,9,1989     ,-0.7273,-0.3963,-0.1363,-0.0630,0.0515,0.2492,0.0043,-0.2844,0.2955
17,9,1990     ,0.6322,0.2030,0.1710,-0.0308,0.0439,0.3035,-0.6802,-0.4754,-0.7324
17,9,1991     ,2.3177,-0.3679,0.1222,-0.1635,-0.1154,0.1403,-0.1198,-0.1928,0.0217
17,9,1992     ,0.6063,0.1753,-0.0658,-0.1375,-0.0301,-0.2916,-0.0385,0.4364,-0.9023
17,9,1993     ,1.5087,-0.2508,-0.0708,-0.0247,-0.1416,0.0475,-0.3934,-0.4157,0.1507
17,9,1994     ,0.5748,-0.1789,-0.2267,0.0157,0.0136,0.0294,0.4386,-0.0823,-0.3788
17,9,1995     ,2.8434,-0.2613,-0.1395,0.1124,-0.0178,-0.1013,0.0669,0.5123,-0.1311
17,9,1996     ,0.7306,-0.3083,-0.1585,0.0706,0.0986,-0.0109,-0.1363,-0.0584,0.0623
17,9,1997     ,-1.4126,-0.1838,-0.0441,0.1086,0.0422,0.0668,-0.3186,-0.4124,-0.5149
17,9,1998     ,-0.4462,0.1359,-0.0679,-0.0641,0.0960,0.0910,0.1085,0.0365,-0.5550
17,9,1999     ,-0.4086,0.0605,0.0772,-0.0050,0.0562,-0.1546,-0.1539,-0.3146,-0.4086
17,9,2000     ,-4.2441,-0.7535,-0.0945,0.0478,0.0033,0.0944,0.0855,0.3891,-0.0144
17,9,2001     ,-1.7131,-0.6616,-0.3135,-0.1331,0.0850,0.3110,0.3483,0.3045,0.3822
17,9,2002     ,0.9182,-0.7003,-0.2359,0.1685,0.1106,-0.1474,-0.3221,0.1240,-0.2345
17,9,2003     ,0.2518,0.6156,0.4149,-0.0682,-0.0408,-0.2588,-0.7126,-1.0182,-0.9857
17,9,2004     ,-0.1511,0.4708,0.0953,-0.2093,0.1125,0.1316,0.1874,-0.2027,-0.9780
17,9,2005     ,-0.5618,0.3557,0.3677,-0.0870,-0.1900,0.0381,0.0296,0.0551,-0.4765
17,9,2006     ,-0.9654,0.7177,0.1272,0.0337,-0.0918,0.0071,0.3263,-0.0133,-0.3767
17,9,2007     ,-1.3275,0.2535,0.1195,0.0765,-0.1029,-0.1154,0.2179,0.4745,0.1746
17,9,2008     ,-0.3668,0.3708,0.2331,0.0152,0.0460,-0.2657,-0.1907,0.4155,0.1478
17,9,2009     ,0.9816,0.4258,-0.0244,-0.0695,0.0242,0.1716,0.2330,0.8439,1.1000
17,9,2010     ,-0.8434,-0.1579,-0.1008,-0.0787,-0.0772,0.0540,0.5757,0.4446,1.5336
17,9,2011     ,-0.7317,-0.3576,0.1757,0.0662,-0.2109,-0.3341,-0.0952,0.3667,0.7700
17,9,2012     ,-0.0839,0.9491,-0.0724,-0.2158,0.0501,-0.0309,0.1551,0.1323,0.8154
17,9,2013     ,-0.2283,0.3060,-0.1392,-0.0706,0.0739,0.3053,-0.1964,-0.1199,0.2750
17,9,2014     ,-0.0573,-0.1903,-0.1177,0.0290,0.0197,0.1855,-0.0844,-0.2953,0.3673
17,9,2015     ,-0.3334,0.1421,0.1870,-0.0183,-0.1743,0.1583,-0.1634,-0.3868,-0.1260
17,9,2016     ,0.2767,-0.4153,-0.1341,0.0706,-0.0123,0.2487,0.0355,-0.1523,-0.4799
17,9,2017     ,1.5542,-0.8252,-0.1507,-0.0582,0.1219,0.0691,-0.0387,0.2395,0.0091
17,9,2018     ,1.2126,-0.3688,-0.0494,0.0998,0.1283,-0.2087,-0.4132,-0.2179,-0.8664
17,9,2019     ,-0.0548,-0.0660,0.0378,0.1015,0.0852,-0.1929,-0.4498,-0.2170,-0.9878
# Species,Quarter,Year, Age_0, Age_1, Age_2, Age_3, Age_4, Age_5, Age_6, Age_7, Age_8, Age_9, Age_10
18,9,1974     ,-0.2372,0.7563,0.2746,-0.0764,0.1041,-0.1493,0.1799,0.2498,-0.3469,-0.1087,-0.1554
18,9,1975     ,-0.5537,0.4702,0.3086,-0.1099,0.1352,0.1021,0.2011,0.2467,-0.1343,0.5009,0.3134
18,9,1976     ,0.3337,0.5125,-0.0326,0.1888,-0.2309,0.3802,0.2724,-0.1385,-0.7461,-0.1704,-0.1897
18,9,1977     ,-0.6762,0.7681,0.2230,-0.0445,0.0865,0.3786,0.0813,0.2241,0.6415,-0.3609,-0.4620
18,9,1978     ,-0.2861,-0.0933,0.1720,-0.2360,0.2959,-0.0680,0.3033,0.0719,0.4056,1.2879,0.0357
18,9,1979     ,0.1198,-0.5657,0.1558,-0.0771,-0.1447,0.3632,-0.2977,-0.0038,-0.1891,0.0235,0.0044
18,9,1980     ,0.2604,-0.7067,0.0578,0.0017,-0.0140,-0.1230,0.3503,-0.3981,0.1485,-0.3898,0.3972
18,9,1981     ,0.6809,-0.2973,-0.3136,0.2950,0.0275,-0.1774,-0.2091,0.4920,-0.7509,0.8045,-0.3563
18,9,1982     ,0.5305,-0.1945,-0.1771,0.2295,0.1261,-0.3297,-0.3034,0.7866,0.1888,-0.9357,-0.3879
18,9,1983     ,0.2639,-0.2891,-0.1891,0.0050,0.1966,-0.0793,-0.3523,-0.6148,0.5194,-0.3279,-0.0437
18,9,1984     ,-0.4517,-0.2349,-0.2598,-0.1564,0.1049,0.1817,-0.3478,-0.3495,-0.7700,0.2299,-0.3277
18,9,1985     ,0.5573,0.2561,-0.3202,-0.0213,0.0151,0.0500,0.4633,-0.2868,-0.3841,-0.4528,0.4654
18,9,1986     ,-1.2460,-0.2149,-0.0473,0.1496,0.1499,-0.1469,-0.1833,-0.2416,-0.5595,-0.1034,0.6896
18,9,1987     ,-0.6150,-0.4886,0.0084,-0.3033,0.0046,-0.2415,0.0312,0.1302,0.1183,0.0963,0.7100
18,9,1988     ,-0.1266,-0.2541,-0.2515,-0.1253,-0.1521,0.1662,-0.0383,-0.6657,0.0189,0.3039,-0.1369
18,9,1989     ,-0.3263,0.1694,-0.1679,0.1006,-0.2183,-0.0662,0.3571,-0.0777,-0.6121,0.4275,0.6154
18,9,1990     ,-1.2635,0.2961,0.4121,-0.1446,0.2449,-0.3684,0.0017,-0.1681,-0.0494,-0.5368,-0.4448
18,9,1991     ,0.3416,0.1190,0.2057,0.0658,-0.2145,0.3391,-0.2309,0.2991,0.2510,0.5532,-0.2082
18,9,1992     ,0.9056,-0.1216,0.2386,0.3463,0.2594,0.1334,0.8314,-0.0723,0.7978,0.5180,1.0464
18,9,1993     ,1.1235,-0.1285,-0.0300,0.1779,0.1465,0.1159,0.4755,0.3665,-0.2348,1.2048,0.8035
18,9,1994     ,-0.8417,-0.2490,-0.1776,-0.0442,0.3065,0.3380,0.3458,0.7928,0.5134,0.4240,0.6567
18,9,1995     ,1.0555,-0.3743,-0.1341,0.1341,0.1741,0.4116,0.4368,-0.0562,1.0858,0.0684,-0.1816
18,9,1996     ,1.0827,-1.1537,-0.2214,0.0570,0.2333,0.2457,0.7457,1.3019,0.0737,1.2060,-0.2787
18,9,1997     ,0.1566,0.2909,-0.2196,0.0736,0.0719,0.4682,0.3625,0.2860,0.3520,-0.2668,0.1362
18,9,1998     ,0.1879,0.1453,0.1489,-0.2058,0.3884,0.1791,0.1527,-0.2420,-0.1955,0.4260,-0.0049
18,9,1999     ,-1.1142,0.1967,-0.0378,-0.0691,-0.0194,0.3758,0.2154,-0.1307,-0.1729,-1.0841,-0.5843
18,9,2000     ,-0.7648,-0.5793,0.6131,0.2119,0.0531,-0.0751,0.0231,-0.4146,-0.9776,-1.4200,-1.4813
18,9,2001     ,-0.0122,-0.1080,-0.4120,0.0416,-0.0677,-0.0414,0.4368,-0.2528,0.4912,-0.3949,-0.1329
18,9,2002     ,2.5074,1.0885,-0.4485,-0.5051,-0.3923,-0.1657,0.1491,0.5925,0.3679,2.1867,0.0872
18,9,2003     ,0.9183,0.3679,0.2669,-0.4631,-0.3020,-0.1658,0.1482,-0.1091,0.6490,0.2502,1.4831
18,9,2004     ,0.3647,0.8657,0.3761,-0.3210,-0.2333,0.1137,-0.2386,-0.5849,-0.8020,0.1307,0.1274
18,9,2005     ,-1.0212,0.6047,0.3864,-0.1143,-0.3551,0.1539,0.4408,-0.7591,-0.4562,-0.8024,-0.4957
18,9,2006     ,-1.0830,-0.4023,0.3638,-0.0936,-0.1459,0.2021,0.1473,0.1439,-1.0392,-0.7293,-0.7658
18,9,2007     ,-0.9810,-0.5628,-0.3127,0.0435,-0.0838,0.2167,0.4754,0.3475,0.0939,-0.3486,-0.5514
18,9,2008     ,0.6480,0.0488,0.0291,-0.4985,-0.0420,0.0111,0.6276,0.3980,0.4660,0.7307,-0.6528
18,9,2009     ,0.0408,0.2325,-0.1282,-0.1559,0.2050,-0.1025,0.0675,0.3444,0.5297,-0.1848,0.2104
18,9,2010     ,0.8101,0.4195,0.1466,-0.0148,-0.2968,0.1423,-0.1794,-0.2035,-0.1719,0.2204,-0.4402
18,9,2011     ,1.3133,-0.4225,-0.8477,-0.1017,-0.0077,0.2164,0.2042,-0.0707,0.0147,-0.0636,-1.0887
18,9,2012     ,0.0135,0.4334,-0.5175,-0.3165,-0.2290,-0.0512,0.0404,0.2705,-0.0710,0.9856,0.8678
18,9,2013     ,0.6179,0.7000,0.3044,-0.4769,0.2733,-0.3116,-0.0938,-0.3745,0.4684,-0.6643,-1.1149
18,9,2014     ,-1.0707,0.1651,0.1435,-0.1196,-0.0878,0.0614,-0.8312,-0.5713,-0.9128,-0.0768,-1.4323
18,9,2015     ,-0.3091,-1.3238,0.0890,-0.1721,-0.8532,0.0814,-0.0290,-0.4254,-0.6194,-0.0177,0.0053
18,9,2016     ,-1.0936,-0.5410,-0.5072,0.1937,-0.0531,-0.2771,-0.5771,0.6510,0.0535,0.1521,-0.2266
18,9,2017     ,0.1719,-0.5902,0.1012,-0.1819,0.0457,-0.2386,-0.6223,0.0536,0.0436,2.0337,-1.0691
18,9,2018     ,0.3164,-0.4233,-0.1220,0.1270,0.1406,-0.2413,-0.3063,0.4967,-0.1661,0.7135,-0.4459
18,9,2019     ,-1.3664,0.3601,0.0766,0.1016,-0.1802,0.4123,-0.2699,-0.1250,-1.0188,-0.1316,-0.3794
# Species,Quarter,Year, Age_0, Age_1, Age_2, Age_3, Age_4, Age_5, Age_6, Age_7, Age_8, Age_9, Age_10
19,9,1974,-99.9,-99.9,-99.9,1.0940,0.3095,-0.0801,-0.0904,-0.0249,-0.0401,0.0328,-0.0525
19,9,1975,-99.9,-99.9,-99.9,0.4607,0.1412,-0.2530,-0.0844,0.0549,0.0913,-0.0027,0.1634
19,9,1976,-99.9,-99.9,-99.9,0.9989,0.4886,0.0805,-0.0320,-0.0718,-0.2239,-0.3478,0.0026
19,9,1977,-99.9,-99.9,-99.9,-0.5124,-0.2614,-0.0855,0.0069,0.0721,0.3864,-0.1028,-0.1473
19,9,1978,-99.9,-99.9,-99.9,0.7119,0.2288,0.0543,-0.1727,-0.2374,0.1010,0.0646,0.1501
19,9,1979,-99.9,-99.9,-99.9,-0.2717,-0.1515,0.0002,-0.0102,0.2722,-0.0575,-0.0596,-0.0938
19,9,1980,-99.9,-99.9,-99.9,-0.2011,-0.5680,0.0002,0.0955,0.1055,-0.0691,-0.0040,0.1935
19,9,1981,-99.9,-99.9,-99.9,-0.5564,-0.7187,-0.3105,-0.0418,0.1866,0.3890,0.0292,0.7046
19,9,1982,-99.9,-99.9,-99.9,-0.1333,0.0052,0.1321,0.3199,0.1081,0.0491,-0.2938,0.1399
19,9,1983,-99.9,-99.9,-99.9,-0.5391,-0.6666,0.0869,0.1619,0.5602,0.1831,0.0109,-0.3044
19,9,1984,-99.9,-99.9,-99.9,0.7535,0.0815,0.0307,0.5241,-0.0229,0.2332,-0.4210,-0.5922
19,9,1985,-99.9,-99.9,-99.9,1.0860,0.6483,0.1159,-0.0708,-0.1165,-0.0909,-0.2314,-0.1434
19,9,1986,-99.9,-99.9,-99.9,-0.6585,0.7790,0.0664,-0.1000,-0.0663,-0.2423,-0.0577,0.0394
19,9,1987,-99.9,-99.9,-99.9,-0.3977,0.4605,0.1393,-0.3080,-0.0825,0.2839,0.2302,0.2878
19,9,1988,-99.9,-99.9,-99.9,-0.3396,-0.3192,0.3431,-0.2894,-0.0252,0.1980,0.4484,0.0156
19,9,1989,-99.9,-99.9,-99.9,-0.2187,0.0355,0.0867,0.2392,-0.2060,-0.0025,0.0542,-0.0532
19,9,1990,-99.9,-99.9,-99.9,0.5229,0.0509,0.0874,0.0853,-0.1830,0.0007,-0.1681,-0.1251
19,9,1991,-99.9,-99.9,-99.9,0.3472,0.4649,-0.0135,-0.1796,-0.1122,-0.4414,-0.0373,0.1758
19,9,1992,-99.9,-99.9,-99.9,0.5044,0.4970,0.4866,-0.0765,-0.3109,-0.3089,-0.4836,-0.0360
19,9,1993,-99.9,-99.9,-99.9,0.7948,-0.2959,-0.3008,-0.3453,-0.1586,0.2716,0.3218,0.2428
19,9,1994,-99.9,-99.9,-99.9,0.7134,0.4554,0.0456,-0.1536,-0.3203,-0.4940,0.0590,0.4795
19,9,1995,-99.9,-99.9,-99.9,-0.2094,0.0892,-0.2742,-0.5958,0.2946,-0.0402,0.4761,0.3830
19,9,1996,-99.9,-99.9,-99.9,-0.1323,-0.3800,-0.0586,0.0645,0.2730,-0.1640,-0.3244,0.2835
19,9,1997,-99.9,-99.9,-99.9,0.1292,-0.0419,0.0529,-0.2029,0.0765,0.1905,-0.2453,0.1031
19,9,1998,-99.9,-99.9,-99.9,0.4587,0.0064,0.0529,0.0011,-0.0565,-0.0833,0.1230,-0.3235
19,9,1999,-99.9,-99.9,-99.9,-0.5614,-0.2582,-0.0285,-0.1809,0.0298,0.4628,-0.0295,0.0500
19,9,2000,-99.9,-99.9,-99.9,0.0489,-0.4088,0.0050,0.2394,-0.0536,-0.0351,0.1200,-0.3073
19,9,2001,-99.9,-99.9,-99.9,0.2988,0.3808,0.3679,-0.1387,-0.0863,0.2594,0.0515,-0.7903
19,9,2002,-99.9,-99.9,-99.9,-0.4246,-0.1223,0.1196,0.1534,-0.1513,-0.1010,0.1840,-0.0552
19,9,2003,-99.9,-99.9,-99.9,0.3819,-0.4060,-0.3316,-0.0005,0.1392,0.0694,0.1863,0.2261
19,9,2004,-99.9,-99.9,-99.9,0.2265,0.0115,-0.3799,0.3628,-0.1756,-0.0263,0.7885,-0.2410
19,9,2005,-99.9,-99.9,-99.9,-0.4933,-0.3706,-0.0389,0.3173,0.2017,0.0450,-0.2784,-0.1783
19,9,2006,-99.9,-99.9,-99.9,0.7627,-0.0897,-0.3506,0.1124,0.1596,0.1356,0.1331,-0.2646
19,9,2007,-99.9,-99.9,-99.9,0.9296,0.0788,-0.0043,0.0453,0.2102,0.0774,-0.3452,-0.3463
19,9,2008,-99.9,-99.9,-99.9,-0.1678,0.2320,0.0194,-0.0930,-0.0159,-0.0795,0.2021,0.1686
19,9,2009,-99.9,-99.9,-99.9,-0.2662,0.0432,-0.0701,-0.0054,0.1139,0.1698,-0.2374,-0.0177
19,9,2010,-99.9,-99.9,-99.9,-0.5450,-0.5579,0.0108,-0.1236,-0.0301,0.2408,0.1940,0.0043
19,9,2011,-99.9,-99.9,-99.9,0.5270,0.0364,-0.0524,-0.1333,-0.1118,-0.0441,-0.1983,0.6260
19,9,2012,-99.9,-99.9,-99.9,0.1857,0.0947,0.1825,-0.0761,0.0485,-0.1763,-0.1970,0.2286
19,9,2013,-99.9,-99.9,-99.9,-0.4575,0.4808,-0.3141,0.1636,-0.0591,0.3220,-0.2585,0.1386
19,9,2014,-99.9,-99.9,-99.9,-0.6108,-0.3818,0.1204,-0.0245,0.1389,-0.0801,-0.2614,-0.0003
19,9,2015,-99.9,-99.9,-99.9,-0.1249,-0.4384,0.0052,0.1571,-0.0945,-0.1551,0.0853,-0.1500
19,9,2016,-99.9,-99.9,-99.9,-0.6190,-0.0748,0.1637,-0.1978,-0.1920,0.3441,-0.1942,0.2964
19,9,2017,-99.9,-99.9,-99.9,-0.8157,-0.3791,-0.2272,0.2033,0.2487,-0.1094,0.1589,-0.2229
19,9,2018,-99.9,-99.9,-99.9,-0.7565,-0.0990,0.0915,0.2271,-0.0945,0.0015,-0.1345,0.0528
19,9,2019,-99.9,-99.9,-99.9,-0.2433,-0.1234,0.1851,0.1250,-0.0462,-0.1144,-0.1543,-0.0688
# Species,Quarter,Year, Age_0, Age_1, Age_2, Age_3, Age_4, Age_5, Age_6, Age_7, Age_8, Age_9, Age_10
20,9,1974,-99.9,-0.1766,-0.1476,-0.0645,-0.1063,-0.0498,0.0831,0.0466,0.0494,0.0572,0.0504
20,9,1975,-99.9,0.4106,-0.1911,-0.0752,-0.1329,-0.0335,0.0792,0.0346,0.0407,0.0436,-0.0208
20,9,1976,-99.9,0.2870,0.3806,-0.1290,-0.1448,-0.0523,0.1041,0.0407,0.0393,0.0454,-0.0513
20,9,1977,-99.9,-0.3768,0.2238,0.4069,-0.2394,-0.1006,0.0483,0.0285,0.0087,0.0074,-0.1018
20,9,1978,-99.9,0.1755,-0.4487,0.2426,0.2916,-0.2086,-0.0128,-0.0406,-0.0174,-0.0372,-0.1600
20,9,1979,-99.9,-0.3202,0.1597,-0.3665,0.2031,0.4070,-0.0351,-0.0145,0.0013,0.0245,-0.2106
20,9,1980,-99.9,1.1303,1.1092,0.1934,0.3485,-0.1315,-0.4392,-0.0132,0.0567,-0.0718,-0.4642
20,9,1981,-99.9,0.5726,0.6500,0.2982,-0.5637,-0.0570,-0.2432,-0.4445,0.2484,0.1798,0.2098
20,9,1982,-99.9,0.1423,0.3884,0.3527,0.0375,-0.5587,-0.0223,-0.4257,-0.2466,0.3595,0.2463
20,9,1983,-99.9,0.0775,0.7783,0.2802,0.2058,-0.0039,-0.3953,-0.0906,-0.2991,-0.2854,0.2509
20,9,1984,-99.9,-0.0356,-0.0234,0.5029,0.0680,-0.0453,-0.0157,-0.1357,-0.0948,-0.3334,-0.1075
20,9,1985,-99.9,0.6401,-1.0067,-0.5705,0.1117,-0.0831,-0.0878,-0.1664,0.2496,0.1498,0.2058
20,9,1986,-99.9,-0.1242,0.5006,-0.6085,-0.3191,0.1296,0.0406,-0.1189,-0.1074,0.3220,0.2069
20,9,1987,-99.9,-0.6161,0.1211,0.5869,-0.3882,-0.0989,-0.1023,-0.1933,-0.2136,-0.0189,0.1806
20,9,1988,-99.9,0.2388,-0.1179,-0.0287,0.2276,-0.0450,0.0718,-0.1834,-0.0820,-0.3247,-0.0040
20,9,1989,-99.9,-0.0852,0.4536,0.1791,-0.0781,0.1522,-0.0300,0.0065,-0.2286,-0.1206,-0.1780
20,9,1990,-99.9,0.4022,0.3571,0.3717,0.0175,-0.0698,-0.0313,-0.0696,0.1465,-0.1960,-0.5170
20,9,1991,-99.9,-0.3298,-0.0059,-0.0892,0.0486,-0.0710,-0.1543,-0.2447,0.3523,0.2505,-0.1818
20,9,1992,-99.9,-0.2802,-0.1353,0.1210,-0.0181,-0.0901,-0.0920,-0.1796,-0.2946,0.6621,-0.0951
20,9,1993,-99.9,-0.2101,-0.1365,0.0272,0.0743,-0.0064,-0.0647,0.0113,0.0219,-0.0716,0.0380
20,9,1994,-99.9,-0.2101,-0.3620,-0.0437,-0.0342,-0.0045,0.0263,-0.1096,0.1333,0.2900,-0.1889
20,9,1995,-99.9,-0.6057,0.0524,-0.0950,-0.0937,-0.0666,0.0131,0.1434,-0.0277,0.3029,-0.0243
20,9,1996,-99.9,0.2138,-0.2321,0.0800,-0.0315,-0.0103,-0.1009,0.0730,-0.0152,0.1100,-0.0677
20,9,1997,-99.9,0.3981,0.0372,-0.1103,0.1860,0.0715,0.0439,0.0241,-0.0513,0.1024,-0.2460
20,9,1998,-99.9,0.0729,0.0846,0.0073,0.0181,0.2138,0.0749,0.0197,0.1898,-0.0769,-0.3131
20,9,1999,-99.9,-0.2745,-0.3119,-0.2163,-0.0684,0.0675,0.1149,0.0362,0.1469,0.2653,-0.1123
20,9,2000,-99.9,-0.2293,-0.4139,0.0217,0.1632,0.1324,0.1035,-0.0892,-0.0295,-0.0202,-0.0807
20,9,2001,-99.9,-0.7550,-0.5234,-0.2359,0.0075,0.1081,0.1793,0.1241,-0.0174,0.0343,0.1164
20,9,2002,-99.9,0.0820,-0.9961,-0.0485,0.0398,0.0343,0.1083,-0.0275,0.0691,0.0157,0.0131
20,9,2003,-99.9,-0.3509,-0.2699,-0.8644,-0.1528,0.0407,0.1955,0.0108,0.2044,0.3240,0.1278
20,9,2004,-99.9,-0.5852,0.6684,0.5269,-0.1063,0.1065,-0.0526,-0.2491,-0.2044,-0.1458,-0.2112
20,9,2005,-99.9,-0.1864,0.1478,0.6745,0.1073,0.0813,-0.0675,-0.2326,-0.0730,-0.1964,-0.2729
20,9,2006,-99.9,0.7037,0.2744,-0.2061,0.3397,-0.0805,0.2480,-0.1409,-0.1059,-0.0171,-0.1050
20,9,2007,-99.9,-0.0720,-0.2213,-0.3217,-0.2101,0.1988,0.0111,0.1222,0.0752,0.2281,0.1057
20,9,2008,-99.9,-0.2959,-0.4042,-0.1223,-0.1745,0.0690,-0.1245,-0.1843,0.4492,0.0967,0.1108
20,9,2009,-99.9,-0.6533,-0.6391,-0.0587,0.1869,0.0082,0.1475,-0.1362,-0.1200,0.3883,-0.2107
20,9,2010,-99.9,0.2225,-0.3253,-0.3221,0.2813,0.2233,0.0918,-0.0734,-0.2201,-0.0277,0.1531
20,9,2011,-99.9,-0.3384,-0.3804,-0.1305,-0.0287,0.2033,0.1925,0.1603,0.2388,-0.3209,0.0648
20,9,2012,-99.9,-0.0832,-0.1031,-0.3662,0.0330,0.0332,0.1924,0.0388,0.2050,0.3336,-0.2089
20,9,2013,-99.9,0.1333,0.1387,-0.1388,-0.0344,0.0558,0.0734,-0.1059,-0.0636,0.4044,0.0963
20,9,2014,-99.9,0.0637,-0.0764,0.2243,0.1460,0.1241,0.1562,0.1408,0.1274,-0.1288,-0.2029
20,9,2015,-99.9,0.5989,0.1332,-0.1486,-0.0643,-0.0600,0.0909,0.0966,0.3421,0.1738,-0.0320
20,9,2016,-99.9,0.7685,0.2651,0.1770,0.2195,-0.0309,-0.0901,-0.0007,0.1780,0.1169,-0.2723
20,9,2017,-99.9,-0.4472,0.2952,0.2637,0.1944,0.0400,-0.1526,-0.2400,0.1209,0.2041,0.0328
20,9,2018,-99.9,0.1603,0.2433,0.0557,-0.1000,-0.1035,-0.0930,-0.1313,-0.0323,0.3564,0.1856
20,9,2019,-99.9,0.0809,0.2848,0.0656,-0.1757,-0.2147,0.0426,-0.0500,0.0203,0.1454,0.1897
# Species,Quarter,Year, Age_0, Age_1, Age_2, Age_3, Age_4, Age_5, Age_6, Age_7, Age_8, Age_9, Age_10
26,9,1974,-99.9,-0.0503,-0.1031,-0.0443,-0.0182,0.1490,-0.0659,-0.0032,0.0557,0.0126,0.0480
26,9,1975,-99.9,0.3457,-0.0333,-0.0332,-0.1176,-0.0044,0.0687,0.0479,0.0407,-0.0306,0.0503
26,9,1976,-99.9,0.5058,0.0151,-0.0437,-0.0323,-0.2181,-0.0315,0.1779,0.0983,0.0124,0.0658
26,9,1977,-99.9,0.3880,0.0453,0.0238,-0.0218,0.2636,-0.0493,0.0677,-0.0748,-0.0113,-0.1233
26,9,1978,-99.9,0.5285,0.0577,-0.0104,-0.0167,-0.0084,0.0721,0.3043,0.0199,-0.2857,-0.1441
26,9,1979,-99.9,0.3646,0.1242,-0.0359,-0.1063,-0.0315,0.1042,0.0606,0.0625,-0.0434,-0.1290
26,9,1980,-99.9,0.0448,-0.0272,0.2166,0.0317,-0.1109,0.0331,0.1079,-0.2118,0.0385,-0.1375
26,9,1981,-99.9,-0.4329,0.0825,0.0504,-0.0705,-0.1024,-0.1029,0.1427,0.0399,-0.2989,0.1675
26,9,1982,-99.9,-0.1084,-0.0569,0.2138,0.0011,-0.1719,-0.1945,0.1016,0.0018,-0.1350,0.1234
26,9,1983,-99.9,-0.1492,0.0578,-0.0223,0.1279,-0.1118,-0.1582,-0.0681,0.0661,-0.0437,0.1215
26,9,1984,-99.9,0.0369,0.0052,0.0433,0.0381,-0.0779,-0.0473,-0.0357,0.0249,0.1096,0.0081
26,9,1985,-99.9,0.0797,-0.0801,-0.1019,0.2470,-0.0039,-0.1318,0.1140,-0.0235,-0.0569,0.1775
26,9,1986,-99.9,0.0220,0.0310,-0.0922,-0.0122,0.0610,0.2576,-0.0974,-0.0349,-0.0017,0.2058
26,9,1987,-99.9,-0.3661,0.1376,-0.0136,0.0060,0.2671,0.0519,0.3668,-0.2984,-0.1860,0.1169
26,9,1988,-99.9,-0.4167,0.0155,-0.0080,-0.0729,0.0580,0.1249,0.0402,0.1168,-0.0744,0.3314
26,9,1989,-99.9,-0.4262,0.0012,0.0243,0.0237,0.0465,0.0184,0.1229,-0.1402,-0.1661,0.3429
26,9,1990,-99.9,0.3074,0.0564,0.0989,0.0991,0.2030,0.0325,-0.0432,-0.2607,-0.3643,0.0333
26,9,1991,-99.9,0.5110,0.0933,-0.0102,-0.0630,-0.0350,-0.0013,0.1591,-0.1134,-0.1899,-0.0787
26,9,1992,-99.9,0.3248,-0.0837,-0.1557,-0.1767,0.0029,-0.0343,0.0042,0.0055,-0.0023,0.2449
26,9,1993,-99.9,0.4257,-0.1446,-0.1499,-0.1904,-0.0056,-0.0868,0.1028,-0.2467,0.0595,0.3242
26,9,1994,-99.9,-0.0128,-0.1281,-0.0682,-0.0888,-0.1455,-0.0295,0.2381,-0.0224,-0.3242,0.3196
26,9,1995,-99.9,0.2243,-0.2070,0.0461,0.0770,0.0799,0.0723,0.4458,-0.2068,-0.2649,-0.3429
26,9,1996,-99.9,-0.0307,0.2980,-0.0910,-0.0440,-0.1686,-0.1449,0.2913,0.0710,-0.2981,-0.0163
26,9,1997,-99.9,-1.1002,0.5741,0.4122,-0.2093,0.0438,-0.0705,0.1400,0.0006,0.0256,-0.0878
26,9,1998,-99.9,-0.1778,-0.1173,0.5986,0.4214,0.0591,-0.0218,0.1300,-0.0739,0.0532,0.1453
26,9,1999,-99.9,0.1180,-0.3259,-0.1546,0.2920,-0.0831,0.4822,0.2733,0.0855,0.0714,0.3395
26,9,2000,-99.9,0.0127,-0.1249,-0.4131,0.2497,-0.0058,0.1651,0.3958,0.1350,0.0659,0.4128
26,9,2001,-99.9,-0.8667,0.2333,0.4155,0.3385,0.3379,-0.2201,0.0144,-0.1130,-0.0863,0.5028
26,9,2002,-99.9,0.2446,0.0111,-0.2413,-0.1505,0.1363,0.0336,0.3862,0.0417,0.2419,0.5119
26,9,2003,-99.9,-0.4903,-0.0506,-0.0149,-0.1315,0.1501,0.3610,0.6045,-0.1483,-0.3605,0.1826
26,9,2004,-99.9,0.2530,0.2601,0.0115,0.1475,-0.1518,0.2761,0.2143,0.0044,-0.4885,-0.0962
26,9,2005,-99.9,-0.2030,0.0361,-0.1647,-0.2082,0.1012,0.1930,0.3132,0.2092,-0.0998,-0.1304
26,9,2006,-99.9,0.6288,0.1814,0.0574,-0.0858,-0.2353,-0.1372,0.1297,0.1106,0.1741,-0.1403
26,9,2007,-99.9,-0.6754,0.2050,0.0912,-0.2787,0.0283,0.0707,-0.0685,0.3649,-0.5256,0.0450
26,9,2008,-99.9,0.1527,0.0570,-0.1095,-0.0808,-0.2005,-0.1368,0.4753,0.0972,-0.5067,-0.1520
26,9,2009,-99.9,0.4547,0.0232,-0.1132,-0.0975,-0.0575,-0.0351,-0.0882,0.3125,-0.4048,-0.3801
26,9,2010,-99.9,0.3077,0.0404,-0.2363,-0.0739,-0.2452,-0.1032,0.1271,-0.1112,-0.2999,-0.0205
26,9,2011,-99.9,-0.2500,-0.3985,-0.1860,0.0711,0.0593,-0.0980,-0.1670,0.3722,-0.1528,-0.0462
26,9,2012,-99.9,-0.3362,0.0567,0.0996,0.0962,-0.0268,0.0141,-0.2285,-0.3573,-0.1075,-0.3162
26,9,2013,-99.9,0.0098,-0.3337,0.0238,0.0072,-0.0164,0.0942,0.0324,-0.3104,-0.0892,0.0506
26,9,2014,-99.9,0.7491,-0.2450,-0.0104,0.0714,0.1383,-0.0740,-0.0457,-0.0900,-0.2960,-0.1177
26,9,2015,-99.9,-0.0008,0.0024,-0.0474,-0.0623,-0.0936,-0.0493,-0.0640,-0.0048,-0.3958,0.0315
26,9,2016,-99.9,-0.3291,-0.2113,-0.2274,0.0073,0.0903,-0.0202,0.0548,0.0057,-0.1445,-0.3366
26,9,2017,-99.9,-0.0277,-0.1050,0.1021,0.0866,0.2077,0.1345,0.0125,-0.1455,-0.3400,-0.6298
26,9,2018,-99.9,-0.1812,0.0136,0.0800,0.1362,-0.0533,0.0401,0.0941,-0.2070,-0.0675,-0.4555
26,9,2019,-99.9,-0.1921,0.0813,0.1856,0.0610,0.0390,-0.0613,0.1223,0.1472,-0.2722,-0.3218
# Species,Quarter,Year, Age_0, Age_1, Age_2, Age_3, Age_4, Age_5, Age_6, Age_7, Age_8, Age_9, Age_10
27,9,1974,-99.9,-0.6538,-0.1546,0.0534,0.0796,-0.0277,0.0800,0.1240,-0.1182,-0.0102,-0.1396
27,9,1975,-99.9,1.0874,0.3648,-0.0930,0.0915,-0.0348,0.0134,-0.0540,0.0330,0.0899,-0.0778
27,9,1976,-99.9,1.7235,-0.6556,0.0620,-0.0984,0.1167,-0.0909,0.1367,0.1152,-0.1942,0.0782
27,9,1977,-99.9,2.1169,0.4573,0.0563,0.1363,0.1564,-0.1857,-0.3945,0.1156,-0.1300,0.1767
27,9,1978,-99.9,-1.2831,0.1423,-0.0691,-0.2446,-0.1210,-0.0165,0.2820,0.4653,-0.2173,-0.0431
27,9,1979,-99.9,-1.1358,0.0485,0.1193,0.0247,-0.0611,-0.1473,-0.1080,0.0320,0.0416,0.0230
27,9,1980,-99.9,0.8160,-0.6346,-0.0810,-0.0628,0.0973,-0.1273,0.2297,0.1464,-0.2981,0.1101
27,9,1981,-99.9,0.3481,0.2419,-0.1852,-0.0090,0.0422,0.0812,0.2221,-0.1953,0.0203,-0.0650
27,9,1982,-99.9,2.1537,-0.0461,0.0383,-0.1924,0.0886,0.0589,-0.0465,0.1503,-0.2153,0.0645
27,9,1983,-99.9,0.2652,0.3630,-0.0676,0.0416,-0.2996,-0.0892,0.0205,-0.0243,0.2483,0.0576
27,9,1984,-99.9,0.0805,0.1076,-0.0202,-0.0731,-0.0409,0.4616,0.1109,-0.2210,-0.2641,-0.0731
27,9,1985,-99.9,-0.2062,0.1977,0.0057,0.0278,0.0740,-0.1429,0.0888,-0.1125,-0.1242,0.0667
27,9,1986,-99.9,0.0838,-0.6447,-0.2588,-0.2019,-0.0549,0.2045,0.1589,-0.1051,0.0465,0.4803
27,9,1987,-99.9,-0.3407,0.2331,-0.0987,-0.0273,-0.0319,-0.0156,-0.0109,-0.0269,0.3334,0.1004
27,9,1988,-99.9,-4.6013,0.2087,0.1827,0.2181,0.1537,0.1351,0.0682,-0.0859,-0.0820,-0.2807
27,9,1989,-99.9,-0.4786,-0.3997,0.1283,0.2656,0.0540,0.0045,0.0729,-0.1666,-0.1118,-0.1122
27,9,1990,-99.9,-1.3234,-0.3134,-0.0598,0.0906,-0.0115,0.1743,-0.0114,0.0542,-0.1599,-0.0385
27,9,1991,-99.9,-2.3584,-1.0046,-0.0672,-0.0584,0.2372,-0.3145,0.1088,0.0676,0.0096,0.1128
27,9,1992,-99.9,-1.8507,-0.5867,-0.1571,-0.0690,-0.0889,0.0132,0.2467,-0.1362,0.0843,0.2428
27,9,1993,-99.9,-3.2692,-0.3096,-0.1779,-0.1759,0.3316,0.0938,0.1279,-0.2167,-0.1302,0.0520
27,9,1994,-99.9,-0.4127,-0.6498,-0.1892,0.0158,-0.0492,0.1798,0.0449,-0.4816,0.0845,0.1792
27,9,1995,-99.9,1.0551,0.2618,-0.1562,0.1384,0.0624,-0.0849,0.0034,0.1382,-0.2082,-0.1463
27,9,1996,-99.9,-2.1338,-0.1991,-0.1487,0.0526,-0.3461,0.0943,-0.0245,-0.4084,-0.1226,0.1952
27,9,1997,-99.9,-1.1740,-0.6752,-0.0775,-0.1363,-0.0763,0.0623,0.0443,0.2088,-0.4948,-0.0373
27,9,1998,-99.9,-2.3127,0.0813,-0.0958,0.0031,-0.0842,-0.1621,-0.0850,0.3148,0.0795,-0.3163
27,9,1999,-99.9,-1.7875,-0.3071,0.1359,-0.0176,0.0582,-0.1011,-0.2341,-0.1187,0.2841,-0.1125
27,9,2000,-99.9,-0.0889,-0.1954,0.0249,0.0774,-0.2149,-0.0404,0.2526,-0.0441,-0.2633,0.1294
27,9,2001,-99.9,-0.2921,0.1831,-0.0021,0.2388,0.1050,0.0126,-0.1058,0.0443,-0.1287,-0.0673
27,9,2002,-99.9,0.8776,0.7404,0.2479,0.0361,0.1490,0.0058,0.0827,0.2331,-0.4120,-0.2992
27,9,2003,-99.9,0.4294,0.2615,0.3533,-0.0342,0.0180,0.2133,-0.1610,0.2240,-0.6458,0.3325
27,9,2004,-99.9,0.0714,0.6868,0.2539,0.1498,-0.0773,-0.2033,-0.4583,-0.4420,0.8404,0.2665
27,9,2005,-99.9,1.3386,0.4894,0.2606,0.0711,-0.0919,-0.0298,0.1575,-0.2852,-0.0898,0.4048
27,9,2006,-99.9,1.2155,0.7313,0.2902,-0.0948,-0.0546,-0.1422,0.0056,0.2149,0.0210,0.0956
27,9,2007,-99.9,0.0093,0.4624,0.2030,0.0839,0.0053,-0.0113,-0.1173,-0.2102,0.4038,0.1001
27,9,2008,-99.9,1.2238,-0.0739,0.0666,-0.0260,0.0218,-0.0275,0.0941,-0.0174,0.1082,0.1254
27,9,2009,-99.9,1.1662,0.4447,-0.1596,-0.0423,-0.1452,-0.0227,0.1095,-0.0435,0.0202,0.4209
27,9,2010,-99.9,0.6619,0.4678,0.1292,-0.1814,-0.1423,-0.1354,0.0191,-0.0811,0.1995,0.2538
27,9,2011,-99.9,0.0445,-0.2003,0.2766,-0.0161,0.0219,-0.0040,0.1244,0.0064,-0.3917,0.0579
27,9,2012,-99.9,0.1620,-0.3629,-0.1632,-0.1433,-0.2256,-0.1598,0.1585,0.0884,0.0933,0.3698
27,9,2013,-99.9,1.0917,-0.0236,-0.1967,-0.0285,-0.0582,-0.0784,0.2667,0.2620,-0.0985,-0.0245
27,9,2014,-99.9,1.2323,-0.0648,-0.2886,-0.1726,-0.0165,-0.0245,0.6042,-0.0250,-0.1073,0.1248
27,9,2015,-99.9,1.9045,-0.0284,-0.0181,-0.1471,0.0332,0.1036,0.0988,0.0423,0.1549,-0.2728
27,9,2016,-99.9,1.6776,-0.3483,-0.1708,-0.2291,-0.0163,0.0675,0.3233,-0.1368,-0.3324,0.1953
27,9,2017,-99.9,1.2827,0.0135,-0.0575,-0.0957,-0.2236,0.0193,0.0060,0.1754,-0.0580,-0.1436
27,9,2018,-99.9,0.9535,0.1725,-0.1225,-0.0452,0.0485,0.1055,0.1099,-0.0388,-0.1242,-0.2366
27,9,2019,-99.9,0.7730,0.2894,-0.0540,-0.0250,-0.1884,0.0795,-0.0169,0.2584,0.3578,-0.5648