# F status quo
# Cod        
 0.019024 0.093807 0.177074 0.173253 0.200137 0.203869 0.197127 0.189591 0.157409 0.157409
 0.019024 0.093807 0.177074 0.173253 0.200137 0.203869 0.197127 0.189591 0.157409 0.157409
 0.000000 0.019024 0.093807 0.177074 0.173253 0.200137 0.203869 0.197127 0.189591 0.157409 0.157409
 0.000000 0.019024 0.093807 0.177074 0.173253 0.200137 0.203869 0.197127 0.189591 0.157409 0.157409
# Whiting    
 0.013253 0.031682 0.052721 0.065902 0.074681 0.083957 0.083957 0.083957
 0.013253 0.031682 0.052721 0.065902 0.074681 0.083957 0.083957 0.083957
 0.000646 0.013253 0.031682 0.052721 0.065902 0.074681 0.083957 0.083957 0.083957
 0.000646 0.013253 0.031682 0.052721 0.065902 0.074681 0.083957 0.083957 0.083957
# Haddock    
 0.008455 0.034191 0.064252 0.080682 0.083574 0.080593 0.102752 0.102752 0.102752 0.102752
 0.008455 0.034191 0.064252 0.080682 0.083574 0.080593 0.102752 0.102752 0.102752 0.102752
 0.000928 0.008455 0.034191 0.064252 0.080682 0.083574 0.080593 0.102752 0.102752 0.102752 0.102752
 0.000928 0.008455 0.034191 0.064252 0.080682 0.083574 0.080593 0.102752 0.102752 0.102752 0.102752
# Saithe     
 0.000000 0.000000 0.030670 0.081792 0.098747 0.095361 0.086641 0.079733 0.079733 0.079733
 0.000000 0.000000 0.030670 0.081792 0.098747 0.095361 0.086641 0.079733 0.079733 0.079733
 0.000000 0.000000 0.000000 0.030670 0.081792 0.098747 0.095361 0.086641 0.079733 0.079733 0.079733
 0.000000 0.000000 0.000000 0.030670 0.081792 0.098747 0.095361 0.086641 0.079733 0.079733 0.079733
# Mackerel   
 0.001942 0.006638 0.016999 0.027284 0.038337 0.048964 0.064866 0.064866 0.064866 0.064866
 0.001942 0.006638 0.016999 0.027284 0.038337 0.048964 0.064866 0.064866 0.064866 0.064866
 0.000000 0.001942 0.006638 0.016999 0.027284 0.038337 0.048964 0.064866 0.064866 0.064866 0.064866
 0.000000 0.001942 0.006638 0.016999 0.027284 0.038337 0.048964 0.064866 0.064866 0.064866 0.064866
# Herring    
 0.004378 0.009683 0.015675 0.021662 0.027719 0.027719 0.027719 0.027719
 0.008045 0.017793 0.028805 0.039806 0.050937 0.050937 0.050937 0.050937
 0.028850 0.021036 0.046526 0.075317 0.104084 0.133190 0.133190 0.133190 0.133190
 0.024739 0.015099 0.033396 0.054062 0.074711 0.095602 0.095602 0.095602 0.095602
# N. sandeel 
 0.000000 0.000000 0.000000 0.000000
 0.099620 0.234768 0.299710 0.299710
 0.000000 0.000000 0.000000 0.000000 0.000000
 0.000000 0.000000 0.000000 0.000000 0.000000
# S. sandeel 
 0.000000 0.000000 0.000000 0.000000
 0.127537 0.301874 0.348564 0.348564
 0.000257 0.011996 0.017761 0.020509 0.020509
 0.000000 0.000000 0.000000 0.000000 0.000000
# Nor. pout  
 0.001799 0.008366 0.016354
 0.017467 0.081246 0.133058
 0.000436 0.104934 0.488094 0.597592
 0.005441 0.219900 1.022849 1.022849
# Sprat      
 0.010106 0.072233 0.126157
 0.000000 0.000000 0.000000
 0.000000 0.139945 0.208038 0.177183
 0.000000 0.138133 0.404429 0.404429
# Plaice     
 0.020973 0.058333 0.063547 0.071254 0.076075 0.073780 0.063062 0.063062 0.063062 0.063062
 0.020973 0.058333 0.063547 0.071254 0.076075 0.073780 0.063062 0.063062 0.063062 0.063062
 0.000000 0.020973 0.058333 0.063547 0.071254 0.076075 0.073780 0.063062 0.063062 0.063062 0.063062
 0.000000 0.020973 0.058333 0.063547 0.071254 0.076075 0.073780 0.063062 0.063062 0.063062 0.063062
# Sole       
 0.002649 0.032603 0.074352 0.090178 0.092279 0.084707 0.075645 0.075645 0.075645 0.075645
 0.002649 0.032603 0.074352 0.090178 0.092279 0.084707 0.075645 0.075645 0.075645 0.075645
 0.000000 0.002649 0.032603 0.074352 0.090178 0.092279 0.084707 0.075645 0.075645 0.075645 0.075645
 0.000000 0.002649 0.032603 0.074352 0.090178 0.092279 0.084707 0.075645 0.075645 0.075645 0.075645
