## min pred/prey size ratio
# Cod         Whiting     Haddock     Saithe      Mackerel    Herring     N. sandeel  S. sandeel  Nor. pout   Sprat       Plaice      Sole        
    280.112     357.143     364.166    5000.000    5000.000     111.309     402.253     402.253     277.008     311.333    5000.000    5000.000 
   5000.000      66.454     142.694    5000.000    5000.000     156.201     383.142     383.142    5000.000     283.447    5000.000    5000.000 
    280.112     357.143     364.166    5000.000    5000.000      28.596     435.540     435.540     277.008     311.333    5000.000    5000.000 
    280.112     357.143     364.166    5000.000    5000.000      49.407     402.253     402.253    5000.000     547.046    5000.000    5000.000 
    280.112     357.143     364.166    5000.000    5000.000      28.619     402.253     402.253     277.008     311.333    5000.000    5000.000 
     12.650    5000.000    5000.000    5000.000    5000.000      17.634     402.253     402.253    5000.000     156.201    5000.000    5000.000 
   5000.000    5000.000    5000.000    5000.000    5000.000     547.046     402.253     402.253    5000.000     547.046    5000.000    5000.000 
   5000.000      79.340    5000.000    5000.000    5000.000     547.046     950.570     950.570     252.525     461.255    5000.000    5000.000 
    120.772      59.342    5000.000    5000.000    5000.000    5000.000      57.359      72.602      59.860    5000.000    5000.000    5000.000 
     16.441       5.630      15.608    5000.000    5000.000       8.299      12.820      16.329      11.041      66.118    5000.000    5000.000 
   5000.000    5000.000    5000.000    5000.000    5000.000    5000.000      60.158    5000.000      68.974    5000.000    5000.000    5000.000 
   5000.000      49.435    5000.000    5000.000    5000.000      15.325      79.702    5000.000    5000.000      52.989    5000.000    5000.000 
      3.631      20.597      12.888    5000.000    5000.000      36.677     184.536    5000.000     118.078    5000.000    5000.000    5000.000 
      5.641      20.597    5000.000    5000.000    5000.000      36.677     184.536     184.536    1890.359    5000.000    5000.000    5000.000 
   5000.000     283.157    5000.000    5000.000    5000.000       7.807    5000.000    5000.000       4.947    5000.000    5000.000    5000.000 
      6.796       5.365       7.517    5000.000    5000.000       3.325       7.628       4.438       7.532      11.168    5000.000    5000.000 
      8.239       2.425       2.331    5000.000    5000.000       2.219       4.474       2.973       2.125       3.722    5000.000    5000.000 
   5000.000    5000.000    5000.000    5000.000    5000.000    5000.000       5.646    5000.000       9.380    5000.000    5000.000    5000.000 
   5000.000      16.172      13.310    5000.000    5000.000       5.879      34.809    5000.000      10.298    5000.000    5000.000    5000.000 
   5000.000    5000.000    5000.000    5000.000    5000.000      29.247      48.405       5.168      35.896      30.024    5000.000    5000.000 
## max pred/prey size ratio
# Cod         Whiting     Haddock     Saithe      Mackerel    Herring     N. sandeel  S. sandeel  Nor. pout   Sprat       Plaice      Sole        
   1305.483     984.252     472.144   -5000.000   -5000.000     453.309    8620.690    8620.690    1416.431    4672.897   -5000.000   -5000.000 
  -5000.000     540.541     465.549   -5000.000   -5000.000    1644.737    5263.158    5263.158   -5000.000    4672.897   -5000.000   -5000.000 
   2032.520    2747.253     929.368   -5000.000   -5000.000     119.019    2824.859    2824.859    2262.443    4672.897   -5000.000   -5000.000 
   1305.483    1748.252     821.018   -5000.000   -5000.000     453.309    8620.690    8620.690   -5000.000    4672.897   -5000.000   -5000.000 
   2032.520    2747.253     929.368   -5000.000   -5000.000     119.019    5263.158    5263.158    2262.443    4672.897   -5000.000   -5000.000 
     38.658   -5000.000   -5000.000   -5000.000   -5000.000     118.036    8620.690    8620.690   -5000.000     757.576   -5000.000   -5000.000 
  -5000.000   -5000.000   -5000.000   -5000.000   -5000.000    1644.737    8620.690    8620.690   -5000.000    4672.897   -5000.000   -5000.000 
  -5000.000     511.771   -5000.000   -5000.000   -5000.000    1644.737    8620.690    8620.690     727.802    4672.897   -5000.000   -5000.000 
   1882.178     175.869   -5000.000   -5000.000   -5000.000   -5000.000    2467.179     741.052    1659.738   -5000.000   -5000.000   -5000.000 
    481.943     289.692      81.811   -5000.000   -5000.000      24.863     779.613     939.338     353.425     476.539   -5000.000   -5000.000 
  -5000.000   -5000.000   -5000.000   -5000.000   -5000.000   -5000.000     343.568   -5000.000     277.819   -5000.000   -5000.000   -5000.000 
  -5000.000     202.576   -5000.000   -5000.000   -5000.000      60.963     210.116   -5000.000   -5000.000     104.556   -5000.000   -5000.000 
    943.396    1222.494     387.447   -5000.000   -5000.000     312.402    6024.096   -5000.000     962.464   -5000.000   -5000.000   -5000.000 
   6849.315    9433.962   -5000.000   -5000.000   -5000.000    2178.649    6024.096    6024.096    7812.500   -5000.000   -5000.000   -5000.000 
  -5000.000     283.157   -5000.000   -5000.000   -5000.000      77.633   -5000.000   -5000.000    1489.417   -5000.000   -5000.000   -5000.000 
    911.137    1149.422    1456.790   -5000.000   -5000.000    1371.886    5050.635    3190.048    4292.962    5201.817   -5000.000   -5000.000 
    124.769     188.448     111.216   -5000.000   -5000.000     116.360     488.947     613.255     389.255     431.485   -5000.000   -5000.000 
  -5000.000   -5000.000   -5000.000   -5000.000   -5000.000   -5000.000    1444.723   -5000.000     596.531   -5000.000   -5000.000   -5000.000 
  -5000.000     829.202     561.084   -5000.000   -5000.000     462.870    2214.588   -5000.000    1564.500   -5000.000   -5000.000   -5000.000 
  -5000.000   -5000.000   -5000.000   -5000.000   -5000.000     230.585    1132.444     589.372     655.213     482.608   -5000.000   -5000.000 

## log of min pred/prey size ratio
# Cod         Whiting     Haddock     Saithe      Mackerel    Herring     N. sandeel  S. sandeel  Nor. pout   Sprat       Plaice      Sole        
      5.635       5.878       5.898       8.517       8.517       4.712       5.997       5.997       5.624       5.741       8.517       8.517   # Fulmar     
      8.517       4.197       4.961       8.517       8.517       5.051       5.948       5.948       8.517       5.647       8.517       8.517   # Guillemot  
      5.635       5.878       5.898       8.517       8.517       3.353       6.077       6.077       5.624       5.741       8.517       8.517   # Her. Gull  
      5.635       5.878       5.898       8.517       8.517       3.900       5.997       5.997       8.517       6.305       8.517       8.517   # Kittiwake  
      5.635       5.878       5.898       8.517       8.517       3.354       5.997       5.997       5.624       5.741       8.517       8.517   # GBB. Gull  
      2.538       8.517       8.517       8.517       8.517       2.870       5.997       5.997       8.517       5.051       8.517       8.517   # Gannet     
      8.517       8.517       8.517       8.517       8.517       6.305       5.997       5.997       8.517       6.305       8.517       8.517   # Puffin     
      8.517       4.374       8.517       8.517       8.517       6.305       6.857       6.857       5.532       6.134       8.517       8.517   # Razorbill  
      4.794       4.083       8.517       8.517       8.517       8.517       4.049       4.285       4.092       8.517       8.517       8.517   # A. radiata 
      2.800       1.728       2.748       8.517       8.517       2.116       2.551       2.793       2.402       4.191       8.517       8.517   # G. gurnards
      8.517       8.517       8.517       8.517       8.517       8.517       4.097       8.517       4.234       8.517       8.517       8.517   # W.horse mac
      8.517       3.901       8.517       8.517       8.517       2.729       4.378       8.517       8.517       3.970       8.517       8.517   # N.horse mac
      1.290       3.025       2.556       8.517       8.517       3.602       5.218       8.517       4.771       8.517       8.517       8.517   # Grey seal  
      1.730       3.025       8.517       8.517       8.517       3.602       5.218       5.218       7.545       8.517       8.517       8.517   # H. porpoise
      8.517       5.646       8.517       8.517       8.517       2.055       8.517       8.517       1.599       8.517       8.517       8.517   # Hake       
      1.916       1.680       2.017       8.517       8.517       1.202       2.032       1.490       2.019       2.413       8.517       8.517   # Cod        
      2.109       0.886       0.846       8.517       8.517       0.797       1.498       1.090       0.754       1.314       8.517       8.517   # Whiting    
      8.517       8.517       8.517       8.517       8.517       8.517       1.731       8.517       2.239       8.517       8.517       8.517   # Haddock    
      8.517       2.783       2.589       8.517       8.517       1.771       3.550       8.517       2.332       8.517       8.517       8.517   # Saithe     
      8.517       8.517       8.517       8.517       8.517       3.376       3.880       1.643       3.581       3.402       8.517       8.517   # Mackerel   

## log of max pred/prey size ratio
# Cod         Whiting     Haddock     Saithe      Mackerel    Herring     N. sandeel  S. sandeel  Nor. pout   Sprat       Plaice      Sole        
      7.174       6.892       6.157   -9999.000   -9999.000       6.117       9.062       9.062       7.256       8.450   -9999.000   -9999.000   # Fulmar     
  -9999.000       6.293       6.143   -9999.000   -9999.000       7.405       8.568       8.568   -9999.000       8.450   -9999.000   -9999.000   # Guillemot  
      7.617       7.918       6.835   -9999.000   -9999.000       4.779       7.946       7.946       7.724       8.450   -9999.000   -9999.000   # Her. Gull  
      7.174       7.466       6.711   -9999.000   -9999.000       6.117       9.062       9.062   -9999.000       8.450   -9999.000   -9999.000   # Kittiwake  
      7.617       7.918       6.835   -9999.000   -9999.000       4.779       8.568       8.568       7.724       8.450   -9999.000   -9999.000   # GBB. Gull  
      3.655   -9999.000   -9999.000   -9999.000   -9999.000       4.771       9.062       9.062   -9999.000       6.630   -9999.000   -9999.000   # Gannet     
  -9999.000   -9999.000   -9999.000   -9999.000   -9999.000       7.405       9.062       9.062   -9999.000       8.450   -9999.000   -9999.000   # Puffin     
  -9999.000       6.238   -9999.000   -9999.000   -9999.000       7.405       9.062       9.062       6.590       8.450   -9999.000   -9999.000   # Razorbill  
      7.540       5.170   -9999.000   -9999.000   -9999.000   -9999.000       7.811       6.608       7.414   -9999.000   -9999.000   -9999.000   # A. radiata 
      6.178       5.669       4.404   -9999.000   -9999.000       3.213       6.659       6.845       5.868       6.167   -9999.000   -9999.000   # G. gurnards
  -9999.000   -9999.000   -9999.000   -9999.000   -9999.000   -9999.000       5.839   -9999.000       5.627   -9999.000   -9999.000   -9999.000   # W.horse mac
  -9999.000       5.311   -9999.000   -9999.000   -9999.000       4.110       5.348   -9999.000   -9999.000       4.650   -9999.000   -9999.000   # N.horse mac
      6.849       7.109       5.960   -9999.000   -9999.000       5.744       8.704   -9999.000       6.869   -9999.000   -9999.000   -9999.000   # Grey seal  
      8.832       9.152   -9999.000   -9999.000   -9999.000       7.686       8.704       8.704       8.963   -9999.000   -9999.000   -9999.000   # H. porpoise
  -9999.000       5.646   -9999.000   -9999.000   -9999.000       4.352   -9999.000   -9999.000       7.306   -9999.000   -9999.000   -9999.000   # Hake       
      6.815       7.047       7.284   -9999.000   -9999.000       7.224       8.527       8.068       8.365       8.557   -9999.000   -9999.000   # Cod        
      4.826       5.239       4.711   -9999.000   -9999.000       4.757       6.192       6.419       5.964       6.067   -9999.000   -9999.000   # Whiting    
  -9999.000   -9999.000   -9999.000   -9999.000   -9999.000   -9999.000       7.276   -9999.000       6.391   -9999.000   -9999.000   -9999.000   # Haddock    
  -9999.000       6.720       6.330   -9999.000   -9999.000       6.137       7.703   -9999.000       7.355   -9999.000   -9999.000   -9999.000   # Saithe     
  -9999.000   -9999.000   -9999.000   -9999.000   -9999.000       5.441       7.032       6.379       6.485       6.179   -9999.000   -9999.000   # Mackerel   
