# log(Survey observed CPUE) - log(expected CPUE):
######################################################
# Species: 16
# No. of fleets: 2
# Fleet no.: 1
# First and last year: 1983,2020
# First and last age: 1,5
# Species, Fleet, Year, , ,Age_1 ,Age_2 ,Age_3 ,Age_4 ,Age_5
      16,1,1983       ,-0.3848,0.5682,-0.0427,-0.5115,-0.2837
16,1,1984       ,0.2136,0.0979,-0.2728,-0.2811,-0.4039
16,1,1985       ,-1.8159,0.5032,-0.0004,-0.3328,-0.0983
16,1,1986       ,0.1670,-0.2122,-0.0948,0.2780,-0.1138
16,1,1987       ,-0.0032,0.4153,-0.4389,-0.4350,-0.2882
16,1,1988       ,-0.3813,-0.3016,-0.0694,-0.7159,-0.3388
16,1,1989       ,0.4531,-0.0003,0.4022,-0.0650,0.0799
16,1,1990       ,-0.4732,0.2968,-0.0988,-0.3076,-0.0287
16,1,1991       ,-0.7123,-0.2551,-0.0075,0.1671,0.1058
16,1,1992       ,0.5368,-0.0608,-0.3093,-0.2668,-0.1346
16,1,1993       ,0.1662,0.4045,-0.2080,-0.0625,-0.1501
16,1,1994       ,0.3238,-0.3937,-0.4459,0.1045,0.4360
16,1,1995       ,0.6131,0.4693,0.1877,-0.5055,0.0807
16,1,1996       ,-0.4550,-0.0335,-0.0709,-0.1865,-0.1795
16,1,1997       ,0.9106,0.0180,-0.3282,-0.3787,-0.0419
16,1,1998       ,-0.7551,0.3085,-0.1405,-0.1106,0.0223
16,1,1999       ,-0.4211,-1.0966,0.4089,0.3139,0.4282
16,1,2000       ,0.0321,-0.0745,0.0390,0.2759,0.4166
16,1,2001       ,-0.5265,-0.0865,0.0031,0.1940,-0.4225
16,1,2002       ,0.5184,-0.1392,-0.0834,-0.0178,0.2243
16,1,2003       ,-1.2937,0.0034,0.0146,-0.0670,0.5203
16,1,2004       ,0.3472,-0.1236,0.3946,-0.0636,0.0284
16,1,2005       ,-0.4513,-0.3236,-0.1261,0.5239,-0.1371
16,1,2006       ,0.3282,-0.6544,-0.0120,-0.1068,-0.1666
16,1,2007       ,0.0101,-0.1070,0.0587,-0.1112,0.1911
16,1,2008       ,0.4807,-0.3922,-0.2405,0.1416,0.5351
16,1,2009       ,-0.2913,0.1885,0.1001,-0.2945,0.1649
16,1,2010       ,0.3950,0.0001,0.4944,0.1949,-0.0339
16,1,2011       ,-0.3315,0.2540,-0.3373,0.1932,0.6068
16,1,2012       ,0.1820,0.2771,0.4253,0.0917,0.5221
16,1,2013       ,-0.1276,-0.0164,0.1961,0.0293,0.7070
16,1,2014       ,0.3031,-0.2183,-0.1364,-0.0477,0.2197
16,1,2015       ,0.5038,0.4086,-0.0341,0.0548,0.1796
16,1,2016       ,0.3108,-0.0931,0.2648,-0.0045,0.4262
16,1,2017       ,1.5345,0.1270,0.5531,0.4088,0.5237
16,1,2018       ,0.0409,0.2414,0.0738,-0.1456,-0.3225
16,1,2019       ,0.0527,0.0006,-0.1186,-0.6635,-0.5646
# Fleet no.: 2
# First and last year: 1992,2019
# First and last age: 1,4
# Species, Fleet, Year, , ,Age_1 ,Age_2 ,Age_3 ,Age_4
      16,2,1992       ,0.7436,-0.1286,-0.3969,-0.1297
16,2,1993       ,-0.0126,0.1971,-0.1051,-0.4821
16,2,1994       ,0.7528,0.0080,-0.4005,-0.4206
16,2,1995       ,0.3869,0.5507,-0.1327,-0.4316
16,2,1996       ,0.1005,0.0679,-0.2206,-0.3913
16,2,1997       ,0.9744,-0.0511,-0.2625,-0.4629
16,2,1998       ,-0.9478,0.6415,-0.0408,-0.4366
16,2,1999       ,-0.0052,-0.5516,0.5739,-0.1977
16,2,2000       ,-0.0024,-0.4179,-0.7313,-0.0646
16,2,2001       ,-0.6299,-0.2422,-0.1667,0.1183
16,2,2002       ,0.2394,-0.2772,-0.2072,0.3274
16,2,2003       ,-0.8834,-0.0203,-0.4087,-0.4038
16,2,2004       ,-0.0891,-0.1911,0.1582,-0.1743
16,2,2005       ,-0.9990,-0.5793,-0.0608,-0.1790
16,2,2006       ,0.1565,-0.3812,0.3499,0.1591
16,2,2007       ,-0.2863,0.0422,0.0787,0.0934
16,2,2008       ,0.0117,0.0598,0.2510,0.4123
16,2,2009       ,-0.2944,-0.0731,-0.3710,-0.2614
16,2,2010       ,0.2113,0.2252,0.2367,0.1172
16,2,2011       ,-0.4482,0.4702,0.5382,0.7806
16,2,2012       ,-0.0983,0.1315,0.5114,0.4485
16,2,2013       ,-0.0917,-0.0655,0.1399,0.3307
16,2,2014       ,-0.0844,-0.1941,0.0885,0.3967
16,2,2015       ,-0.0404,0.3745,0.1643,0.4518
16,2,2016       ,0.1133,0.1701,0.5128,0.6649
16,2,2017       ,0.7504,-0.1267,-0.0963,-0.1344
16,2,2018       ,0.2778,0.2854,0.1831,-0.0170
16,2,2019       ,0.1946,0.0756,-0.1854,-0.1136
######################################################
# Species: 17
# No. of fleets: 3
# Fleet no.: 1
# First and last year: 1978,1988
# First and last age: 1,5
# Species, Fleet, Year, , ,Age_1 ,Age_2 ,Age_3 ,Age_4 ,Age_5
      17,1,1978       ,-0.2793,-0.4970,-0.8494,-0.9090,0.2572
17,1,1979       ,-0.1906,-0.7834,-0.3971,-0.5293,-1.2437
17,1,1980       ,-0.1212,-0.2890,-0.5511,-0.3421,-0.4419
17,1,1981       ,-0.3246,-0.2555,0.0254,-0.1909,-0.1609
17,1,1982       ,-0.7388,0.2749,0.2423,0.1542,-0.3437
17,1,1983       ,-0.4417,-0.4291,0.2837,0.1419,0.5311
17,1,1984       ,0.3538,0.0279,0.0599,0.1922,0.3231
17,1,1985       ,0.5524,0.2177,-0.1193,-0.1618,0.2564
17,1,1986       ,0.2589,0.4679,0.5480,0.4845,0.3798
17,1,1987       ,0.5226,0.3642,0.0663,0.3073,0.0628
17,1,1988       ,0.4085,0.9015,0.6914,0.4247,0.8081
# Fleet no.: 2
# First and last year: 1989,2020
# First and last age: 1,5
# Species, Fleet, Year, , ,Age_1 ,Age_2 ,Age_3 ,Age_4 ,Age_5
      17,2,1989       ,-0.0379,0.0023,0.1497,0.1332,0.3026
17,2,1990       ,-0.2427,-0.2758,-0.0783,0.0400,-0.2469
17,2,1991       ,0.5300,0.4694,-0.1612,0.2390,0.2234
17,2,1992       ,0.5816,-0.0797,0.1891,-0.5864,1.0905
17,2,1993       ,0.4131,0.2064,-0.1296,0.2900,-0.1726
17,2,1994       ,0.2285,0.1261,0.1071,0.0308,-0.4054
17,2,1995       ,0.1710,-0.0023,0.0111,0.2039,-0.4219
17,2,1996       ,0.1829,0.0528,0.0700,-0.0112,0.6220
17,2,1997       ,0.2384,-0.0836,-0.1258,0.1794,-0.0482
17,2,1998       ,0.3017,-0.3389,-0.1169,-0.3051,-0.2056
17,2,1999       ,-0.1012,-0.0460,0.3520,0.2730,-0.0418
17,2,2000       ,0.6004,0.1707,0.4200,-0.0820,-0.0138
17,2,2001       ,0.1944,0.1054,0.3140,0.5536,0.8463
17,2,2002       ,-0.1949,-0.1644,0.0110,-0.4559,-0.4401
17,2,2003       ,-0.7501,-0.2780,0.2214,0.2205,0.2167
17,2,2004       ,-0.1123,-0.3464,-0.0446,-0.0101,-0.0414
17,2,2005       ,-0.6201,-0.6894,-0.1090,-0.4263,-0.2117
17,2,2006       ,0.0482,-0.6257,-0.4512,-0.0544,-0.6598
17,2,2007       ,-1.1308,-0.2144,-0.2992,-0.2710,0.0891
17,2,2008       ,-0.0580,0.3907,-0.4346,-0.6432,-0.3197
17,2,2009       ,-0.1293,0.3296,0.0247,-0.6898,0.0489
17,2,2010       ,0.4911,-0.0734,0.5392,0.6487,1.4932
17,2,2011       ,-0.4581,0.4458,0.2174,0.5092,0.3663
17,2,2012       ,0.2414,0.7167,-0.1186,-0.1481,0.3423
17,2,2013       ,-0.8155,0.1707,0.6034,0.3217,0.3913
17,2,2014       ,0.1273,0.5468,0.3021,0.0633,0.3370
17,2,2015       ,0.4457,-0.1791,-0.1088,-0.2032,-0.1725
17,2,2016       ,0.3830,0.2004,-0.3920,0.0357,0.0144
17,2,2017       ,0.2474,0.0453,-0.1287,-0.4870,0.0637
17,2,2018       ,-0.4716,-0.4036,-0.4452,-0.4082,-0.7115
17,2,2019       ,-0.1037,0.0353,-0.3266,-0.0687,-0.6313
17,2,2020       ,-0.1997,-0.2138,-0.0620,-0.2599,-0.3353
# Fleet no.: 3
# First and last year: 1991,2019
# First and last age: 0,5
# Species, Fleet, Year, , ,Age_0 ,Age_1 ,Age_2 ,Age_3 ,Age_4 ,Age_5
      17,3,1991       ,-0.2290,0.0887,-0.6100,-0.7483,0.0824,0.3480
17,3,1992       ,0.3809,-0.1238,-0.1525,-0.1964,-0.1867,1.3026
17,3,1993       ,0.1833,-0.1725,-0.2903,-0.7416,-0.1890,-0.1200
17,3,1994       ,-0.1730,0.0813,-0.1539,-0.3571,-0.4674,0.2189
17,3,1995       ,0.1108,-0.0339,-0.0120,-0.2270,-0.2210,-0.0617
17,3,1996       ,-0.1665,0.1095,0.2926,0.3570,0.0249,0.1148
17,3,1997       ,1.0942,-0.0544,-0.0573,0.3538,-0.3130,0.4888
17,3,1998       ,0.7951,-0.1943,0.0161,-0.1590,-0.1598,-0.1589
17,3,1999       ,0.9958,0.7282,0.1058,0.1595,-0.1006,-0.2750
17,3,2000       ,0.6798,0.3531,0.2370,0.0808,0.0064,-0.0043
17,3,2001       ,1.0908,0.1776,-0.1963,-0.0856,-0.0934,0.1518
17,3,2002       ,-1.0804,0.2683,-0.0704,0.0197,-0.2671,-0.3801
17,3,2003       ,-0.5695,0.1216,0.2237,0.2077,0.1575,-0.0459
17,3,2004       ,0.0599,-0.3944,-0.2487,-0.2459,-0.0445,-0.0428
17,3,2005       ,-1.1700,-0.5366,-0.1512,0.1046,0.1072,0.4322
17,3,2006       ,-1.0984,-0.3420,-0.3851,-0.2030,0.5507,0.0824
17,3,2007       ,0.0968,-0.7867,-0.6044,-0.2354,-0.0614,0.3129
17,3,2008       ,0.1544,0.1881,-0.3358,-0.3614,-0.4048,-0.1408
17,3,2009       ,0.4576,0.6914,0.9674,0.4462,-0.4419,-0.0112
17,3,2010       ,-0.3528,-0.3002,-0.0427,-0.1719,-0.2626,0.2226
17,3,2011       ,-0.9977,0.1267,-0.0765,0.0733,-0.2998,0.0483
17,3,2012       ,-0.3255,0.3305,0.1989,0.0919,-0.2808,0.1394
17,3,2013       ,-0.5514,-0.7934,-0.4648,-0.0836,-0.4011,-0.6976
17,3,2014       ,1.2235,-0.3635,0.2351,0.4775,-0.0120,-0.3998
17,3,2015       ,0.8931,-0.0300,0.2613,0.6428,0.4164,0.1452
17,3,2016       ,-0.0120,-0.0267,0.4080,0.0895,0.4098,0.1505
17,3,2017       ,-1.1912,0.5179,0.2701,0.3354,-0.1577,0.5745
17,3,2018       ,-0.9568,0.0522,0.2988,0.3465,0.0569,0.3584
17,3,2019       ,0.6581,0.3174,0.3369,0.0300,-0.2424,0.0414
######################################################
# Species: 18
# No. of fleets: 3
# Fleet no.: 1
# First and last year: 1974,1988
# First and last age: 1,5
# Species, Fleet, Year, , ,Age_1 ,Age_2 ,Age_3 ,Age_4 ,Age_5
      18,1,1974       ,0.1473,-0.2619,-0.3713,-0.6658,-0.4240
18,1,1975       ,-0.4362,-0.4158,-0.8243,-0.6061,-0.6109
18,1,1976       ,-0.4714,-0.8625,0.3856,0.3565,0.0473
18,1,1977       ,-0.2953,-0.4322,-0.8968,-0.5510,-0.7435
18,1,1978       ,-0.0660,-0.1442,0.0352,-0.1363,0.1712
18,1,1979       ,-0.3580,0.0560,0.4929,0.1002,-0.1553
18,1,1980       ,-0.3786,-0.0528,0.4122,0.3080,0.3420
18,1,1981       ,-0.3708,-0.3854,0.2458,0.5538,0.5736
18,1,1982       ,-0.1975,0.3823,0.3262,0.3498,0.2817
18,1,1983       ,-0.1792,0.2370,0.3736,0.1326,-0.2369
18,1,1984       ,0.2968,0.1759,0.1609,0.1670,-0.4314
18,1,1985       ,0.1468,0.2970,0.5968,0.1304,-0.3161
18,1,1986       ,0.8747,0.6128,0.4359,0.0451,-0.2945
18,1,1987       ,0.6071,0.3942,-0.0667,0.0436,-0.1629
18,1,1988       ,0.6801,0.3996,0.3869,0.0810,-0.0419
# Fleet no.: 2
# First and last year: 1989,2020
# First and last age: 1,5
# Species, Fleet, Year, , ,Age_1 ,Age_2 ,Age_3 ,Age_4 ,Age_5
      18,2,1989       ,0.6879,0.1148,0.1473,-0.5940,-0.9552
18,2,1990       ,0.2970,0.3864,0.2574,-0.1306,-0.9180
18,2,1991       ,0.5558,-0.0387,-0.0830,-0.4332,-0.5822
18,2,1992       ,0.7232,-0.1425,-0.8479,-0.8365,-0.9092
18,2,1993       ,0.4057,0.1219,0.2453,-0.2621,-0.6483
18,2,1994       ,-0.3018,-0.3733,-0.3200,-0.2623,-0.6291
18,2,1995       ,-0.1148,-0.2648,-0.1866,-0.4024,-0.4579
18,2,1996       ,-0.4981,-0.3231,-0.2627,-0.2977,-0.3664
18,2,1997       ,0.7802,0.1775,0.2915,0.0324,-0.1579
18,2,1998       ,0.3856,0.0834,-0.0038,-0.0498,0.0236
18,2,1999       ,0.4642,0.1289,-0.0475,0.4123,0.0038
18,2,2000       ,0.5165,-0.1396,-0.1875,-0.2480,0.7217
18,2,2001       ,0.6964,-0.1130,0.4760,-0.0619,-0.0484
18,2,2002       ,-0.1169,-0.0310,0.2317,-0.5397,0.4519
18,2,2003       ,-0.0093,-0.4800,0.1060,0.3150,-0.0276
18,2,2004       ,-0.4562,-0.1045,0.1260,0.5080,0.5722
18,2,2005       ,-0.2422,-0.3926,-0.0525,-0.0530,0.2099
18,2,2006       ,0.1936,-0.2923,-0.2207,-0.5444,-0.2497
18,2,2007       ,-0.5953,0.3097,0.3510,0.2473,-0.4955
18,2,2008       ,-0.7596,-0.3341,-0.2094,0.4296,-0.8775
18,2,2009       ,-0.1449,0.3804,0.4009,-0.0602,-0.5705
18,2,2010       ,0.0910,-0.1003,0.3799,0.4764,0.2971
18,2,2011       ,-0.2882,0.2819,1.0237,0.4508,1.1980
18,2,2012       ,-0.5069,0.2126,0.3875,0.2731,0.5343
18,2,2013       ,-0.1866,0.1062,0.2394,-0.4149,-0.2160
18,2,2014       ,-0.6260,0.4097,0.5282,1.2641,0.5740
18,2,2015       ,-0.0724,-0.1326,0.0426,-0.1707,0.5373
18,2,2016       ,-0.0420,0.0360,0.2013,0.2542,0.4244
18,2,2017       ,0.0967,0.2752,0.2750,0.3268,-0.1922
18,2,2018       ,-0.7989,-0.1538,0.1137,-0.1629,-1.1087
18,2,2019       ,-0.1334,0.3917,0.5201,-0.1515,0.6246
# Fleet no.: 3
# First and last year: 1991,2019
# First and last age: 0,5
# Species, Fleet, Year, , ,Age_0 ,Age_1 ,Age_2 ,Age_3 ,Age_4 ,Age_5
      18,3,1991       ,-0.1091,-0.4534,-0.8588,-1.2928,-1.6146,-1.3437
18,3,1992       ,0.8862,0.3207,0.1906,-0.4316,-0.5880,-0.6497
18,3,1993       ,0.4301,-0.1719,-0.2588,-0.1816,-0.6029,-0.7683
18,3,1994       ,-0.0383,-0.2498,-0.0663,-0.4747,-0.3436,-1.1462
18,3,1995       ,-0.3701,-0.0991,-0.0373,0.1088,-0.6359,-0.1822
18,3,1996       ,0.1637,-0.1529,-0.0550,-0.1042,-0.2033,-0.5867
18,3,1997       ,-0.7036,-0.0859,-0.0394,-0.0330,-0.4882,-0.4518
18,3,1998       ,0.2867,0.2438,-0.0286,0.1935,-0.1637,-0.2264
18,3,1999       ,1.1497,0.4445,0.1869,-0.0143,0.1206,-0.3636
18,3,2000       ,0.5337,0.0878,-0.2421,-0.1435,-0.0463,0.5103
18,3,2001       ,-1.1735,-0.1828,-0.0703,0.3932,0.0415,0.3028
18,3,2002       ,-0.1408,-0.2419,0.0178,0.1988,0.3426,0.2698
18,3,2003       ,-0.1862,-0.1211,-0.0565,0.5478,0.5955,-0.0066
18,3,2004       ,0.0784,-0.0560,-0.0566,0.3271,0.4706,0.5566
18,3,2005       ,0.0399,0.1321,0.1649,-0.2213,0.2732,0.5247
18,3,2006       ,-0.5203,-0.2805,-0.0520,-0.2692,-0.6305,0.2963
18,3,2007       ,-0.5282,0.0071,0.1612,-0.1191,0.0597,-0.6345
18,3,2008       ,0.1253,-0.1012,0.2102,0.1037,0.0485,0.1666
18,3,2009       ,0.3677,0.0681,0.5173,0.0826,-0.0030,-0.3733
18,3,2010       ,-0.9774,-0.0730,0.4280,0.3048,0.4172,0.4277
18,3,2011       ,-0.1837,0.3854,0.1974,0.3943,0.1312,0.3202
18,3,2012       ,-0.3065,0.4543,0.4351,-0.1060,-0.1687,-0.0756
18,3,2013       ,0.4303,-0.1229,0.8048,0.2153,0.0636,-0.5737
18,3,2014       ,0.4844,0.2743,0.5829,-0.0644,0.2987,0.4323
18,3,2015       ,-0.3334,0.1606,0.3306,0.2793,-0.0652,0.1243
18,3,2016       ,0.3839,-0.0502,0.1715,0.1577,-0.1739,-0.4409
18,3,2017       ,0.1301,-0.0716,0.3305,0.4065,-0.1120,-0.4133
18,3,2018       ,-0.5047,-0.1022,0.0535,-0.1628,-0.2755,-0.8845
18,3,2019       ,0.5857,0.0375,0.1937,0.2337,-0.1835,-0.2466
######################################################
# Species: 19
# No. of fleets: 1
# Fleet no.: 1
# First and last year: 1974,2019
# First and last age: 3,9
# Species, Fleet, Year, , ,Age_3 ,Age_4 ,Age_5 ,Age_6 ,Age_7 ,Age_8 ,Age_9
      19,1,1974       ,1.2764,-0.1317,-0.4865,-0.2626,0.6356,0.1799,-0.3586
19,1,1975       ,0.3202,-0.4429,0.0380,-0.1409,-0.8596,0.1257,-0.0717
19,1,1976       ,0.8614,0.2215,-0.4782,-0.5108,0.0949,0.4255,0.0142
19,1,1977       ,0.4481,-0.4907,-1.7093,0.3192,0.7414,-0.1571,1.4251
19,1,1978       ,0.2715,0.7012,-0.0836,0.6493,-1.0860,0.4463,0.0546
19,1,1979       ,-1.0998,-0.7572,-0.3506,0.1638,0.3913,0.7762,-0.2864
19,1,1980       ,0.2872,-0.5965,-0.0535,-0.0773,0.5942,0.0927,-0.8426
19,1,1981       ,-0.2860,1.1445,-0.5615,0.6777,0.3582,-0.0918,-0.1697
19,1,1982       ,-0.5328,-0.5865,0.8184,0.4438,0.0437,-0.6197,-0.2341
19,1,1983       ,-0.6784,-0.1117,0.0705,-1.0101,0.2381,0.2130,0.5350
19,1,1984       ,0.2959,0.4572,-0.7347,0.2700,-0.3805,-0.3056,0.2665
19,1,1985       ,0.8894,0.6507,-0.1405,0.1457,-0.0663,-0.7844,-0.4819
19,1,1986       ,-0.1307,0.8377,-0.1142,0.5015,0.3185,0.0610,-0.1898
19,1,1987       ,-0.2997,0.1821,-0.7746,0.1315,-0.6723,0.3515,-0.1468
19,1,1988       ,-1.0641,0.1979,0.6150,-0.1838,-0.5108,0.3653,-0.2888
19,1,1989       ,0.7032,0.5603,0.3978,1.0142,-0.3626,-0.2727,-0.3160
19,1,1990       ,1.2210,-0.0169,0.3122,-0.1601,-0.0372,-0.0960,-0.3130
19,1,1991       ,0.2588,0.3419,0.5490,0.4854,0.5205,0.2113,-0.0470
19,1,1992       ,-0.3720,0.3528,-0.4669,-0.6414,0.3959,-0.3326,-0.5797
19,1,1993       ,1.1839,-1.0137,0.6783,-0.1085,0.1730,0.1384,-0.4666
19,1,1994       ,0.1538,0.3027,-0.1952,0.7928,0.2679,-0.1259,0.4783
19,1,1995       ,-0.2482,0.0148,-0.2949,0.1692,0.4014,-0.1627,0.4632
19,1,1996       ,0.2701,-0.5389,-0.2306,-0.2713,0.5886,-0.8897,-0.4692
19,1,1997       ,0.5550,0.5041,0.6247,-0.4583,0.1132,0.7023,0.1065
19,1,1998       ,-0.4125,-0.4513,-0.3989,0.1743,-0.1405,0.7440,0.2114
19,1,1999       ,-0.2891,-0.5974,-0.4989,-0.3934,0.1128,0.1286,-0.2466
19,1,2000       ,-0.8334,-0.7089,-0.3458,-0.1880,-0.0386,0.2327,0.4757
19,1,2001       ,-0.3049,0.5179,-0.2624,0.3753,0.0147,-0.8391,-0.2699
19,1,2002       ,-0.1474,-0.2515,-0.4493,-0.1461,-0.4994,-0.2076,0.3478
19,1,2003       ,0.1445,-0.0596,-0.6079,-0.2618,0.0663,0.1958,0.8621
19,1,2004       ,0.5727,-0.6925,-0.3395,0.2889,-0.7323,-0.3761,-0.6261
19,1,2005       ,-0.7372,-0.3127,-0.8146,0.6378,0.5243,0.0509,0.4813
19,1,2006       ,0.8558,0.4851,0.4865,0.4655,0.7848,-0.5181,0.1356
19,1,2007       ,0.6073,-0.5504,0.1453,0.3376,-0.0354,-0.4966,-0.3913
19,1,2008       ,-0.3296,0.2086,-0.3699,-0.1853,-0.4349,0.0223,-0.2400
19,1,2009       ,0.0549,0.0607,-0.2316,-0.0624,0.8649,-0.3699,-0.4174
19,1,2010       ,-0.6734,0.0161,-0.2558,-0.3441,-0.2146,0.3127,-0.0520
19,1,2011       ,0.1962,-0.2461,-0.1812,-0.1845,0.7994,0.0716,-0.0384
19,1,2012       ,-0.0926,0.1782,-0.3252,-0.7728,-0.3184,0.1495,-0.3998
19,1,2013       ,0.5694,0.4327,0.6393,0.1317,1.3716,0.1016,0.3788
19,1,2014       ,-0.2824,0.7221,-0.2849,-0.8351,0.1452,0.5459,0.1418
19,1,2015       ,-0.1923,0.5875,-0.2745,-0.0871,-0.2689,0.7026,0.1901
19,1,2016       ,0.0936,0.1124,-0.1449,-0.0869,-0.3327,0.0605,0.0727
19,1,2017       ,-0.4834,1.0165,-0.4813,-0.1047,-0.1530,0.3497,-0.1604
19,1,2018       ,-0.8321,-1.3405,-0.3672,0.0750,-0.3195,0.5391,0.3064
19,1,2019       ,-0.4140,0.5258,1.2607,-0.7162,0.9375,-0.7024,0.0003
######################################################
# Species: 20
# No. of fleets: 2
# Fleet no.: 1
# First and last year: 2010,2019
# First and last age: 3,10
# Species, Fleet, Year, , ,Age_3 ,Age_4 ,Age_5 ,Age_6 ,Age_7 ,Age_8 ,Age_9 ,Age_10
      20,1,2010       ,-0.5895,0.1117,-0.1527,0.0794,0.0639,-0.2606,-0.0008,-0.6823
20,1,2011  ,-99.9,-99.9,-99.9,-99.9,-99.9,-99.9,-99.9,-99.9
20,1,2012       ,-0.7557,-0.2729,-0.6306,-0.0226,0.0967,0.1621,0.1080,-1.0306
20,1,2013       ,0.8352,-0.2346,-0.2174,0.1281,0.2467,0.0188,-0.0560,-1.0129
20,1,2014       ,0.6429,0.0612,-0.3040,-0.0035,0.4153,0.4245,0.2338,-0.2791
20,1,2015       ,0.1732,0.4022,-0.1085,-0.3229,-0.0554,0.0955,-0.1172,-1.0488
20,1,2016       ,-0.1876,0.0703,0.0632,0.1700,0.1558,0.4312,0.4217,-0.2587
20,1,2017       ,0.3155,0.0222,0.1468,0.2711,0.6574,0.5951,1.0924,-0.4829
20,1,2018       ,-0.6831,-0.2096,-0.6339,-0.3481,0.0449,0.1718,0.4984,-0.7751
20,1,2019       ,0.2492,0.0497,-0.1777,0.5750,0.3772,0.9910,1.3618,0.2914
# Fleet no.: 2
# First and last year: 1980,2019
# First and last age: 1,9
# Species, Fleet, Year, , ,Age_1 ,Age_2 ,Age_3 ,Age_4 ,Age_5 ,Age_6 ,Age_7 ,Age_8 ,Age_9
      20,2,1980       ,0.2818,-0.0101,0.9234,0.4976,1.3548,0.5537,0.4203,-0.1667,0.8743
20,2,1981       ,0.0299,-0.3904,-0.1735,0.3706,0.3080,2.0284,-0.1519,0.1887,0.9194
20,2,1982       ,-1.1739,-1.0314,-0.7919,0.5538,-0.0935,0.4527,1.6394,0.7036,-0.3536
20,2,1983       ,1.6267,-0.3317,0.1917,0.5106,0.9076,1.3319,0.3783,0.4920,-0.2584
20,2,1984       ,1.1403,-0.1376,0.3476,0.7621,0.8066,-0.1865,0.6737,0.5096,0.7646
20,2,1985       ,-0.2814,0.4967,-0.0246,0.9261,0.2319,-0.1401,-1.2383,1.6615,0.3032
20,2,1986       ,0.6752,-0.2913,1.3083,0.5440,0.3903,0.7812,-0.2791,-0.3183,1.6689
20,2,1987       ,0.2074,-0.1346,0.2380,0.4293,-0.3799,-0.1249,0.1230,0.9172,-0.1270
20,2,1988       ,-0.1452,-0.1203,-0.3054,-0.1723,-0.0832,0.5069,-0.4110,1.1188,0.1435
20,2,1989       ,0.2789,0.8733,0.0132,0.4330,-0.1281,0.0502,-0.3793,0.6284,0.0742
20,2,1990       ,0.6796,0.0241,-0.7575,0.3057,0.5220,0.1138,-0.6575,1.1539,0.4961
20,2,1991       ,-0.4770,-0.4249,-0.2411,-0.4161,-0.7685,0.1106,0.5002,-1.2080,0.3266
20,2,1992       ,-0.0131,-0.2368,-1.2307,-0.1215,0.3809,-0.3453,-0.3801,-0.9712,0.0263
20,2,1993       ,0.2153,0.2936,0.0967,0.7246,-0.3287,0.3681,-0.8953,0.5026,-0.3091
20,2,1994       ,-1.5545,-0.1457,-0.0860,-0.9902,-0.0119,0.1403,-0.7307,0.5136,0.8515
20,2,1995       ,-0.4536,-0.8762,-0.8410,-0.2911,-0.6692,-0.2265,-0.2161,0.5101,-0.5011
20,2,1996       ,-0.6409,-0.0473,-0.0201,0.4933,0.4236,-0.1812,0.3167,-0.0465,-0.8207
20,2,1997       ,-0.0228,0.0021,-0.4643,-1.0128,-0.0010,0.4723,0.3340,-0.4987,-0.1115
20,2,1998       ,0.0049,-0.1179,-1.0551,0.1810,0.7347,0.0644,-0.4706,0.4233,-0.4758
20,2,1999       ,0.5974,-0.5513,0.0412,0.1389,0.2374,-0.5680,0.5642,0.0887,0.0058
20,2,2000       ,0.1442,0.5415,0.6298,0.0861,-0.1222,-0.8294,0.3063,0.1264,-0.4026
20,2,2001       ,-0.3042,-0.0929,0.0431,0.1354,-0.6524,-0.5767,-0.2911,-0.0639,0.2418
20,2,2002       ,0.1351,-0.8225,0.5206,-0.2415,-0.1785,0.0376,0.0408,-0.5586,-0.4317
20,2,2003       ,0.5549,-0.0467,-0.5451,1.0816,0.9425,0.1921,0.9153,0.2671,0.0021
20,2,2004       ,-0.5471,-0.0541,0.4741,0.7815,0.5932,1.0558,0.4215,-0.4419,-0.4411
20,2,2005       ,0.0777,0.3333,0.2347,0.0347,0.3038,0.0712,0.7514,-0.6902,0.7328
20,2,2006       ,-0.4809,-0.4563,-0.7808,-0.2929,-0.4015,-0.2846,-0.2617,-0.1510,0.0340
20,2,2007       ,-0.7723,0.0514,-0.3676,-0.4319,0.0688,-0.1181,0.2516,-0.2757,-0.4260
20,2,2008       ,-0.1676,-0.3472,-0.3889,-0.5345,-1.1054,-0.0657,-0.6029,0.0201,0.9051
20,2,2009       ,-0.9580,-0.2627,-0.7279,0.2995,1.0449,0.2389,0.0716,-0.5062,0.0477
20,2,2010       ,-0.5887,-0.9017,-0.5650,0.2819,0.1197,-0.5997,-0.2265,-0.1424,-0.1683
20,2,2011       ,-0.1994,-0.1468,0.1266,0.0777,-0.3181,-0.2492,-0.3084,0.7650,-1.0941
20,2,2012       ,-0.5414,-0.6121,-0.1102,-1.0398,0.8724,-0.3207,-0.3697,-0.5016,0.3602
20,2,2013       ,0.1535,-0.9432,0.0291,-0.0938,-0.1072,-0.2212,-0.3914,-0.5759,0.0018
20,2,2014       ,-0.8621,0.1621,0.0762,0.3894,-0.2501,-0.4345,-0.0176,-0.7234,0.3417
20,2,2015       ,0.0999,-0.0976,-0.2396,-0.4081,0.1067,-0.5107,-0.3450,0.2997,-0.7295
20,2,2016       ,0.9113,-0.0543,-0.7823,-0.6211,-0.5392,-0.7477,0.4108,0.2044,0.7854
20,2,2017       ,0.2206,-0.8090,-0.6337,-0.3912,-0.7417,0.7104,0.0407,1.0548,0.0742
20,2,2018       ,-0.4136,0.4528,-0.2837,-0.0412,0.0023,0.3730,-0.3090,0.5212,-0.0657
20,2,2019       ,0.1998,-0.3463,-0.7066,-0.3638,-0.1351,0.0076,0.3208,0.2343,0.0818
######################################################
# Species: 21
# No. of fleets: 3
# Fleet no.: 1
# First and last year: 1989,2019
# First and last age: 1,7
# Species, Fleet, Year, , ,Age_1 ,Age_2 ,Age_3 ,Age_4 ,Age_5 ,Age_6 ,Age_7
      21,1,1989  ,-99.9,-0.3170,-0.2941,-0.2257,-0.2058,-0.1586,-0.4277
21,1,1990  ,-99.9,-0.1088,-0.0408,0.1526,0.1873,0.1639,0.1301
21,1,1991  ,-99.9,-0.1265,-0.3673,-0.0563,0.1367,0.0242,0.2078
21,1,1992  ,-99.9,0.2295,-0.3263,-0.1482,0.0384,0.3793,0.1712
21,1,1993  ,-99.9,0.0377,0.0106,0.0179,0.2220,0.4808,0.3761
21,1,1994  ,-99.9,-0.2032,-0.5057,-0.4975,0.1118,0.3696,0.5759
21,1,1995  ,-99.9,-0.0196,0.1020,0.1765,0.1671,0.4466,0.4816
21,1,1996  ,-99.9,0.3384,0.3842,0.3598,0.3453,0.0221,0.5032
21,1,1997       ,-0.1699,0.5043,0.2957,0.2135,0.2972,0.5167,-0.2313
21,1,1998       ,-0.3100,0.0069,0.0402,0.2377,0.3909,0.5530,0.8338
21,1,1999       ,0.0703,-0.0833,0.1643,-0.2004,-0.2725,-0.0018,0.1247
21,1,2000       ,0.4253,0.0038,-0.1714,0.2313,0.2584,0.2913,0.4409
21,1,2001       ,-0.2930,0.2495,0.3171,-0.0966,0.1449,0.0476,-0.1603
21,1,2002       ,-0.1848,-0.0702,0.1029,-0.0412,-0.2058,0.1926,-0.0405
21,1,2003       ,0.0593,0.1948,-0.2557,-0.1423,-0.2721,-0.1500,0.0999
21,1,2004       ,-0.1183,-0.3924,-0.2161,-0.1338,-0.1151,-0.4844,-0.0310
21,1,2005       ,-0.7791,-0.3674,0.0405,-0.1519,-0.1254,-0.3006,-0.6979
21,1,2006       ,0.4045,0.0093,-0.0413,0.0422,0.1496,-0.1277,-0.3736
21,1,2007       ,0.1590,0.0944,-0.3756,-0.3222,-0.3513,-0.3908,-0.4606
21,1,2008       ,-0.6595,-0.0611,-0.0833,-0.1161,0.1063,0.0913,0.4403
21,1,2009       ,-0.4138,0.2590,0.0475,-0.2000,-0.0065,0.3840,0.4349
21,1,2010       ,0.3802,-0.0624,0.1231,0.3189,0.3302,0.5542,0.7514
21,1,2011       ,0.1264,-0.3837,-0.4013,-0.2195,-0.2268,0.0364,0.2488
21,1,2012       ,0.2303,-0.1141,-0.1996,-0.4371,-0.4419,-0.3928,-0.5568
21,1,2013       ,0.0476,-0.2654,-0.3223,-0.1329,-0.1130,-0.3254,-0.1687
21,1,2014       ,-0.0640,0.3203,0.0541,0.0814,-0.1245,0.1860,-0.0544
21,1,2015       ,-0.8157,0.2228,0.0071,-0.0971,-0.0773,-0.2629,-0.1607
21,1,2016       ,1.0485,0.2886,-0.0020,-0.3462,-0.2481,-0.0537,-0.5570
21,1,2017       ,-0.7221,-0.0749,-0.1396,-0.1868,-0.3352,-0.5300,-0.6383
21,1,2018       ,1.2698,0.1443,0.1613,0.1324,0.0507,0.0728,0.3384
21,1,2019       ,0.3092,-0.2538,-0.1883,0.2892,0.2698,0.2259,0.0326
# Fleet no.: 2
# First and last year: 1984,2020
# First and last age: 1,1
# Species, Fleet, Year, , ,Age_1
      21,2,1984       ,-0.4739
21,2,1985       ,0.0114
21,2,1986       ,-0.2981
21,2,1987       ,0.1741
21,2,1988       ,-0.2369
21,2,1989       ,0.4246
21,2,1990       ,-0.2150
21,2,1991       ,0.1106
21,2,1992       ,0.0907
21,2,1993       ,0.1793
21,2,1994       ,0.5706
21,2,1995       ,0.6059
21,2,1996       ,0.1702
21,2,1997       ,-0.1321
21,2,1998       ,0.7079
21,2,1999       ,-0.0130
21,2,2000       ,-0.0896
21,2,2001       ,0.1386
21,2,2002       ,-0.7830
21,2,2003       ,-0.0306
21,2,2004       ,-0.2018
21,2,2005       ,-0.2144
21,2,2006       ,-0.0196
21,2,2007       ,0.0478
21,2,2008       ,-0.3334
21,2,2009       ,-0.3331
21,2,2010       ,-0.3661
21,2,2011       ,0.2295
21,2,2012       ,-0.1188
21,2,2013       ,-0.5903
21,2,2014       ,-0.0946
21,2,2015       ,-0.0751
21,2,2016       ,0.0911
21,2,2017       ,0.4737
21,2,2018       ,0.5082
21,2,2019       ,-0.0786
21,2,2020       ,0.1634
# Fleet no.: 3
# First and last year: 1992,2020
# First and last age: 0,0
# Species, Fleet, Year, , ,Age_0
      21,3,1992       ,0.2470
21,3,1993       ,0.3693
21,3,1994       ,0.4250
21,3,1995       ,0.4659
21,3,1996       ,-0.0352
21,3,1997       ,0.6582
21,3,1998       ,-0.0348
21,3,1999       ,0.4743
21,3,2000       ,0.0915
21,3,2001       ,0.2321
21,3,2002       ,0.3269
21,3,2003       ,-0.0538
21,3,2004       ,-0.6594
21,3,2005       ,0.3474
21,3,2006       ,-0.0591
21,3,2007       ,-0.5515
21,3,2008       ,-0.7139
21,3,2009       ,0.0913
21,3,2010       ,-0.2057
21,3,2011       ,-0.0417
21,3,2012       ,-0.1860
21,3,2013       ,-0.7410
21,3,2014       ,-0.2530
21,3,2015       ,-0.6082
21,3,2016       ,0.2908
21,3,2017       ,-0.0958
21,3,2018       ,0.3396
21,3,2019       ,-0.1200
######################################################
# Species: 22
# No. of fleets: 5
# Fleet no.: 1
# First and last year: 2004,2019
# First and last age: 0,2
# Species, Fleet, Year, , ,Age_0 ,Age_1 ,Age_2
      22,1,2004       ,-0.2390,-0.0960,0.1824
22,1,2005       ,0.7961,0.9122,-0.0062
22,1,2006       ,0.7941,-0.2945,-99.9
22,1,2007       ,-0.3079,0.1662,-1.0201
22,1,2008       ,-0.1251,-0.6402,0.2643
22,1,2009       ,-0.4357,0.2485,-0.2485
22,1,2010       ,-1.2023,-0.9040,-1.1221
22,1,2011       ,-0.6837,0.3862,0.2427
22,1,2012       ,0.3595,-0.6667,0.2301
22,1,2013       ,0.8504,0.6070,-0.4846
22,1,2014       ,0.7162,-0.1129,-0.3878
22,1,2015       ,-0.9294,0.1700,-0.4331
22,1,2016       ,0.6732,-0.4132,0.0707
22,1,2017       ,-0.7579,-0.4844,0.7527
22,1,2018       ,0.3115,1.1585,0.3505
22,1,2019       ,0.1801,-0.0367,1.6088
# Fleet no.: 2
# First and last year: 1982,1998
# First and last age: 1,3
# Species, Fleet, Year, , ,Age_1 ,Age_2 ,Age_3
      22,2,1982       ,-0.5117,0.7540,0.7030
22,2,1983       ,0.1006,-0.0830,-0.5760
22,2,1984       ,0.5606,-0.5571,-1.2152
22,2,1985       ,-0.4612,0.3199,0.3571
22,2,1986       ,0.6826,0.3229,-1.2891
22,2,1987       ,0.5630,0.8643,-0.3595
22,2,1988       ,-0.4969,0.8134,-0.5467
22,2,1989       ,0.2914,-0.4799,0.3920
22,2,1990       ,0.3434,-0.0413,0.8532
22,2,1991       ,0.5900,-0.4524,-0.1848
22,2,1992       ,0.3880,0.8293,0.5856
22,2,1993       ,-0.1217,-1.1478,-0.4485
22,2,1994       ,0.1970,0.2864,1.4215
22,2,1995       ,-0.0038,-0.6472,-0.6281
22,2,1996       ,-0.7858,-0.1682,0.2756
22,2,1997       ,-0.3483,-0.7403,-0.0993
22,2,1998       ,-0.9871,0.1271,0.7589
# Fleet no.: 3
# First and last year: 1999,2019
# First and last age: 1,3
# Species, Fleet, Year, , ,Age_1 ,Age_2 ,Age_3
      22,3,1999       ,-0.0951,0.3703,-0.4765
22,3,2000       ,0.0154,-0.2806,-0.1513
22,3,2001       ,-0.1331,-0.0784,-0.1865
22,3,2002       ,0.5756,0.2326,-0.1058
22,3,2003       ,-0.0383,0.0232,0.1321
22,3,2004       ,0.6406,0.3426,-0.8052
22,3,2005       ,1.1272,-0.0878,0.0346
22,3,2006       ,0.8330,-0.2642,-0.0536
22,3,2007       ,0.8306,-0.2830,-0.6047
22,3,2008       ,0.1583,0.3223,0.6281
22,3,2009       ,0.7736,-0.0539,-1.2135
22,3,2010       ,-0.8537,-1.2751,0.2031
22,3,2011       ,0.4987,0.5045,0.2268
22,3,2012       ,-2.3738,-0.0035,0.4136
22,3,2013       ,-0.3224,0.8727,-0.0575
22,3,2014       ,0.3526,0.4913,1.7700
22,3,2015       ,-0.0205,-0.0081,0.2194
22,3,2016       ,-0.2385,0.2207,-0.0091
22,3,2017  ,-99.9,-99.9,-99.9
22,3,2018       ,-1.1629,-0.6780,0.4624
22,3,2019       ,-0.5673,-0.3676,-0.4267
# Fleet no.: 4
# First and last year: 1976,2004
# First and last age: 0,0
# Species, Fleet, Year, , ,Age_0
      22,4,1976       ,-0.0755
22,4,1977       ,-0.7423
22,4,1978       ,0.5208
22,4,1979       ,0.6051
22,4,1980       ,0.1528
22,4,1981       ,0.0597
22,4,1982       ,1.6120
22,4,1983       ,1.5368
22,4,1984       ,-1.5471
22,4,1985       ,-1.3000
22,4,1986       ,-0.4764
22,4,1987       ,-1.9693
22,4,1988       ,-0.0605
22,4,1989       ,-0.3303
22,4,1990       ,0.6348
22,4,1991       ,0.4784
22,4,1992       ,0.8738
22,4,1993       ,0.2011
22,4,1994       ,-3.3886
22,4,1995       ,-0.3157
22,4,1996       ,-0.2821
22,4,1997       ,-0.6633
22,4,1998       ,1.3889
22,4,1999       ,1.0537
22,4,2000       ,-1.8051
22,4,2001       ,2.1304
22,4,2002       ,-0.4130
22,4,2003       ,1.1408
22,4,2004       ,0.9802
# Fleet no.: 5
# First and last year: 2009,2019
# First and last age: 1,4
# Species, Fleet, Year, , ,Age_1 ,Age_2 ,Age_3 ,Age_4
      22,5,2009       ,0.7253,1.1666,0.6207,0.1092
22,5,2010       ,0.5169,0.7874,0.3616,0.9491
22,5,2011       ,-0.3573,0.6253,-0.0214,-0.3933
22,5,2012       ,0.0013,-0.9474,0.6378,0.0341
22,5,2013       ,-0.9796,-0.5535,-1.2072,-0.2626
22,5,2014       ,1.6378,-0.2195,0.3633,-0.9443
22,5,2015       ,0.4278,0.0778,0.0819,-2.3682
22,5,2016       ,-2.3541,0.5376,-0.2423,0.0786
22,5,2017       ,0.4657,-1.1030,0.9623,0.6156
22,5,2018       ,-0.0920,0.3286,-0.5930,-0.1835
22,5,2019       ,0.0081,-0.7000,1.2174,-0.0789
######################################################
# Species: 23
# No. of fleets: 5
# Fleet no.: 1
# First and last year: 2004,2019
# First and last age: 0,2
# Species, Fleet, Year, , ,Age_0 ,Age_1 ,Age_2
      23,1,2004       ,0.7307,-0.3861,-0.9302
23,1,2005       ,0.5875,-0.4040,-0.3904
23,1,2006       ,0.0454,0.0393,-2.8538
23,1,2007       ,0.5730,-0.3961,-0.5840
23,1,2008       ,-0.9946,-0.4298,-0.4624
23,1,2009       ,-0.1461,-0.0836,0.5955
23,1,2010       ,-0.2984,0.3322,0.5395
23,1,2011       ,-0.1332,1.3246,-0.0850
23,1,2012       ,0.0651,-0.6773,1.5938
23,1,2013       ,0.0250,0.1731,1.0491
23,1,2014       ,0.2428,-0.3397,0.0658
23,1,2015       ,-0.5448,-0.2122,-0.2053
23,1,2016       ,0.1038,0.3991,0.2706
23,1,2017       ,-0.2786,0.2469,0.2212
23,1,2018       ,0.3605,1.3089,0.3849
23,1,2019       ,-0.3382,-0.8955,0.7906
# Fleet no.: 2
# First and last year: 1982,1998
# First and last age: 1,3
# Species, Fleet, Year, , ,Age_1 ,Age_2 ,Age_3
      23,2,1982       ,0.0990,0.0374,0.0462
23,2,1983       ,-0.9286,0.4035,-0.1442
23,2,1984       ,0.1412,-0.5345,0.6158
23,2,1985       ,-0.7491,0.4795,1.1743
23,2,1986       ,0.0351,0.2813,-0.6458
23,2,1987       ,-0.4048,-0.0060,-0.3109
23,2,1988       ,-1.4645,0.1243,0.0987
23,2,1989       ,0.7711,0.1664,-0.3870
23,2,1990       ,0.3212,0.0051,0.6086
23,2,1991       ,0.3779,0.5919,-0.6276
23,2,1992       ,0.6073,-0.2467,-0.8547
23,2,1993       ,-0.2527,-0.0859,0.4363
23,2,1994       ,0.7277,0.3573,-0.1227
23,2,1995       ,0.2530,-0.6297,-0.1216
23,2,1996       ,0.4623,-0.1648,0.2286
23,2,1997       ,0.0394,-0.4547,-0.1044
23,2,1998       ,-0.0355,-0.3243,0.1106
# Fleet no.: 3
# First and last year: 1999,2004
# First and last age: 1,3
# Species, Fleet, Year, , ,Age_1 ,Age_2 ,Age_3
      23,3,1999       ,0.2553,0.1595,0.0190
23,3,2000       ,-0.1239,-0.2809,-0.0753
23,3,2001       ,-0.1967,0.3184,0.0496
23,3,2002       ,-0.1287,-0.0994,-0.2993
23,3,2003       ,-0.0068,-0.1149,0.2703
23,3,2004       ,0.2008,0.0173,0.0357
# Fleet no.: 4
# First and last year: 2005,2009
# First and last age: 1,3
# Species, Fleet, Year, , ,Age_1 ,Age_2 ,Age_3
      23,4,2005       ,-0.0641,-0.1260,-0.0131
23,4,2006       ,0.0779,-0.1889,-0.2050
23,4,2007       ,0.1041,0.2757,0.2850
23,4,2008       ,-0.2619,-0.1737,-0.2730
23,4,2009       ,0.1439,0.2128,0.2060
# Fleet no.: 5
# First and last year: 2010,2019
# First and last age: 1,3
# Species, Fleet, Year, , ,Age_1 ,Age_2 ,Age_3
      23,5,2010       ,-0.1885,-0.6256,-0.6243
23,5,2011       ,-0.9892,-0.3197,-0.4699
23,5,2012       ,-0.9883,-0.4924,-0.2284
23,5,2013       ,0.4763,0.9310,0.5320
23,5,2014       ,0.6754,0.0995,0.0277
23,5,2015       ,0.9713,-0.0395,0.1070
23,5,2016       ,0.0054,0.3768,0.4028
23,5,2017  ,-99.9,-99.9,-99.9
23,5,2018       ,0.2226,0.2566,0.6342
23,5,2019       ,-0.1849,-0.1867,-0.3811
######################################################
# Species: 24
# No. of fleets: 4
# Fleet no.: 1
# First and last year: 1992,2019
# First and last age: 0,1
# Species, Fleet, Year, , ,Age_0 ,Age_1
      24,1,1992       ,0.2245,0.3303
24,1,1993       ,0.6775,0.6633
24,1,1994       ,0.6419,-0.3232
24,1,1995       ,0.8148,0.2934
24,1,1996       ,0.7871,-0.3630
24,1,1997       ,-0.9587,0.1704
24,1,1998       ,-0.5481,-1.0628
24,1,1999       ,1.1768,-0.4520
24,1,2000       ,0.3341,0.8120
24,1,2001       ,-0.0345,0.1438
24,1,2002       ,1.2826,-0.1990
24,1,2003       ,-0.6907,-0.4474
24,1,2004       ,-1.0768,0.3880
24,1,2005       ,0.7164,-0.0554
24,1,2006       ,0.4001,0.4140
24,1,2007       ,-0.0436,0.2601
24,1,2008       ,-1.4672,0.0117
24,1,2009       ,0.5012,0.2831
24,1,2010       ,-2.0400,0.0307
24,1,2011       ,-1.6969,-0.0658
24,1,2012       ,0.2551,-0.4242
24,1,2013       ,-0.7761,0.0623
24,1,2014       ,0.9947,-0.3595
24,1,2015       ,-0.4580,0.1333
24,1,2016       ,0.9423,0.2775
24,1,2017       ,-0.0752,0.7563
24,1,2018       ,0.3756,-0.3053
24,1,2019       ,-0.2591,-0.9725
# Fleet no.: 2
# First and last year: 1984,2020
# First and last age: 1,3
# Species, Fleet, Year, , ,Age_1 ,Age_2 ,Age_3
      24,2,1984       ,-0.0968,-0.7180,-0.1298
24,2,1985       ,-0.3739,-0.0130,-0.1884
24,2,1986       ,-0.3238,-0.2623,-0.5075
24,2,1987       ,-0.2174,-0.3863,0.4416
24,2,1988       ,-1.9764,-0.2103,-0.4085
24,2,1989       ,-0.2763,-0.1624,0.1756
24,2,1990       ,-0.6733,-0.3539,0.3093
24,2,1991       ,-0.3470,-0.3063,0.1602
24,2,1992       ,0.1655,-0.2446,-0.5889
24,2,1993       ,0.1351,0.2393,0.3828
24,2,1994       ,-0.2080,-0.5749,-0.3315
24,2,1995       ,-0.0177,0.1321,0.0615
24,2,1996       ,-0.9131,-0.0505,0.3714
24,2,1997       ,0.7157,0.5833,0.2047
24,2,1998       ,-0.1547,0.8076,0.2219
24,2,1999       ,0.4129,0.1735,0.0340
24,2,2000       ,0.7161,0.5516,-0.0108
24,2,2001       ,-0.1833,0.3154,0.1630
24,2,2002       ,-0.1289,0.3614,0.1160
24,2,2003       ,0.0885,0.0973,0.0326
24,2,2004       ,0.4827,0.0432,-0.3640
24,2,2005       ,0.0282,-0.1541,-0.1009
24,2,2006       ,0.7474,-0.7461,-0.7864
24,2,2007       ,0.1383,0.3340,0.1456
24,2,2008       ,0.4553,-0.0716,-0.5085
24,2,2009       ,0.7189,0.8517,0.0369
24,2,2010       ,0.3092,-0.0047,-0.2942
24,2,2011       ,-0.3351,0.2114,0.6541
24,2,2012       ,-0.2197,0.1554,-0.2091
24,2,2013       ,0.4411,0.2254,0.1579
24,2,2014       ,-0.1964,-0.0663,-0.0422
24,2,2015       ,0.5517,0.6219,0.2006
24,2,2016       ,0.2067,-0.5925,-0.2060
24,2,2017       ,0.5049,-0.1578,0.3388
24,2,2018       ,-0.0365,-0.1451,0.2796
24,2,2019       ,0.0639,-0.0735,-0.5283
24,2,2020       ,-0.2039,-0.4102,0.7168
# Fleet no.: 3
# First and last year: 1991,2019
# First and last age: 2,3
# Species, Fleet, Year, , ,Age_2 ,Age_3
      24,3,1991       ,0.4909,-0.9561
24,3,1992       ,0.3100,2.4414
24,3,1993       ,0.3275,1.2305
24,3,1994       ,-0.8142,-0.1054
24,3,1995       ,0.9318,1.9059
24,3,1996       ,-1.0545,0.1664
24,3,1997       ,-0.2774,-0.6115
24,3,1998       ,-0.4644,-0.8843
24,3,1999       ,0.1218,-0.1688
24,3,2000       ,0.1696,-0.6856
24,3,2001       ,-0.1747,-0.3207
24,3,2002       ,-1.0016,-1.0826
24,3,2003       ,-0.0765,-1.0407
24,3,2004       ,0.4595,0.1195
24,3,2005       ,0.5733,0.5014
24,3,2006       ,0.6948,0.1539
24,3,2007       ,0.3946,1.5143
24,3,2008       ,0.1289,0.2705
24,3,2009       ,-0.0130,-1.0096
24,3,2010       ,0.0802,-0.4172
24,3,2011       ,0.2628,0.1045
24,3,2012       ,0.6763,-0.2005
24,3,2013       ,0.0920,-0.1705
24,3,2014       ,-0.3408,0.1997
24,3,2015       ,0.2189,0.4147
24,3,2016       ,-0.7102,0.3428
24,3,2017       ,-0.4383,-0.3733
24,3,2018       ,-0.4833,-1.1283
24,3,2019       ,-0.0841,-0.2104
# Fleet no.: 4
# First and last year: 1998,2019
# First and last age: 0,1
# Species, Fleet, Year, , ,Age_0 ,Age_1
      24,4,1998       ,-0.6177,-0.1284
24,4,1999       ,-0.6437,-0.0116
24,4,2000       ,-0.4510,0.4552
24,4,2001       ,-1.8238,-0.5126
24,4,2002       ,-0.0808,-0.1289
24,4,2003       ,0.3029,-0.1156
24,4,2004       ,-0.8157,0.6661
24,4,2005       ,-0.0890,-0.2207
24,4,2006       ,-0.7811,-0.0035
24,4,2007       ,0.3844,0.1393
24,4,2008       ,-0.4676,-0.0246
24,4,2009       ,-0.0240,-0.3872
24,4,2010       ,-0.1019,0.2345
24,4,2011       ,-0.5256,-0.9414
24,4,2012       ,0.4859,0.3495
24,4,2013       ,-0.2228,0.1934
24,4,2014       ,1.1855,-0.2307
24,4,2015       ,0.8122,0.5751
24,4,2016       ,0.9592,0.2922
24,4,2017       ,0.9842,-0.1974
24,4,2018       ,1.0682,-0.1425
24,4,2019       ,0.4621,0.1398
######################################################
# Species: 25
# No. of fleets: 3
# Fleet no.: 1
# First and last year: 2006,2019
# First and last age: 1,3
# Species, Fleet, Year, , ,Age_1 ,Age_2 ,Age_3
      25,1,2006       ,0.2098,0.0951,0.1639
25,1,2007       ,0.8110,0.1973,0.2009
25,1,2008       ,0.1300,0.0000,-0.1839
25,1,2009       ,-0.0248,0.8964,0.3555
25,1,2010       ,-0.6739,-0.6502,-0.9593
25,1,2011       ,-0.3507,-0.2691,-0.7824
25,1,2012       ,-0.0306,-0.0752,-0.0083
25,1,2013       ,-0.6815,-0.1713,-0.3536
25,1,2014       ,-0.1460,0.8974,0.6348
25,1,2015       ,-0.9365,-0.7007,0.7431
25,1,2016       ,0.5444,0.5500,0.3834
25,1,2017       ,0.0462,-0.6289,0.1669
25,1,2018       ,0.6722,-0.3292,-0.7668
25,1,2019       ,0.4304,0.1885,0.4058
# Fleet no.: 2
# First and last year: 1983,2020
# First and last age: 1,3
# Species, Fleet, Year, , ,Age_1 ,Age_2 ,Age_3
      25,2,1983       ,-1.1814,0.0842,1.4625
25,2,1984       ,-0.9543,0.6217,1.1664
25,2,1985       ,-0.9235,-0.9765,0.4512
25,2,1986       ,-1.5630,-1.0879,-0.8767
25,2,1987       ,-1.1012,-0.4596,0.2419
25,2,1988       ,-0.8883,-0.1528,0.5895
25,2,1989       ,-0.0247,-0.3876,0.5413
25,2,1990       ,-1.4278,-0.7087,-0.2740
25,2,1991       ,-0.1222,-0.9230,0.0622
25,2,1992       ,0.3554,-0.8199,-0.2327
25,2,1993       ,-0.0166,0.4649,-0.4725
25,2,1994       ,-1.1557,0.1559,0.4590
25,2,1995       ,-0.1783,0.0091,0.3461
25,2,1996       ,0.0157,-0.0045,0.0777
25,2,1997       ,-0.2780,0.0053,0.3052
25,2,1998       ,0.2446,0.6228,0.8376
25,2,1999       ,0.8340,0.2257,0.1853
25,2,2000       ,0.3517,0.0460,0.5999
25,2,2001       ,0.4605,0.5280,0.4887
25,2,2002       ,0.0209,0.6895,0.2953
25,2,2003       ,0.6879,-0.0326,0.1890
25,2,2004       ,1.0218,0.1573,0.4654
25,2,2005       ,0.8353,-0.1382,-0.8707
25,2,2006       ,-0.0135,-0.3801,-0.7091
25,2,2007       ,0.4689,0.9093,0.2253
25,2,2008       ,0.3603,0.0664,-0.5283
25,2,2009       ,0.3615,-0.5498,-1.3605
25,2,2010       ,0.2982,0.1333,-0.5475
25,2,2011       ,-0.8598,-0.6021,-1.0305
25,2,2012       ,0.8268,0.9792,-0.3341
25,2,2013       ,-0.1337,0.4054,-0.2019
25,2,2014       ,0.0118,-0.2870,-0.8391
25,2,2015       ,0.6188,-0.1452,-0.1460
25,2,2016       ,-0.1990,0.3885,0.0573
25,2,2017       ,1.4715,1.0855,0.3439
25,2,2018       ,1.0146,0.1527,-0.3482
25,2,2019       ,0.4555,0.2610,-0.0543
25,2,2020       ,0.3053,-0.3360,-0.5644
# Fleet no.: 3
# First and last year: 1992,2019
# First and last age: 1,3
# Species, Fleet, Year, , ,Age_1 ,Age_2 ,Age_3
      25,3,1992       ,0.3487,0.1229,0.1207
25,3,1993       ,-0.8366,0.3290,0.0251
25,3,1994       ,-0.5855,-0.6839,-0.3916
25,3,1995       ,0.4006,0.1237,0.6442
25,3,1996       ,-0.7061,-0.3487,-0.2252
25,3,1997       ,0.4703,0.0710,-0.1737
25,3,1998       ,-1.0908,-0.5686,0.0023
25,3,1999       ,-0.1802,0.1005,-0.1094
25,3,2000       ,-0.3757,-0.0900,0.0568
25,3,2001       ,-0.0484,0.0170,0.0034
25,3,2002       ,-0.0928,-0.2389,-0.0154
25,3,2003       ,0.2170,-0.3420,-0.1474
25,3,2004       ,0.1147,0.0199,0.2586
25,3,2005       ,0.5524,-0.0355,0.0666
25,3,2006       ,0.0574,0.0162,0.1287
25,3,2007       ,-0.0506,0.0303,-0.2273
25,3,2008       ,-0.0440,-0.1743,0.0184
25,3,2009       ,0.2372,0.2439,0.2154
25,3,2010       ,0.4459,0.0909,0.0297
25,3,2011       ,-0.1521,0.4375,0.2059
25,3,2012       ,-0.0392,0.2576,-0.0743
25,3,2013       ,-0.0809,0.2797,0.1221
25,3,2014       ,0.4093,0.1997,-0.3816
25,3,2015       ,0.4813,0.3084,0.0503
25,3,2016       ,0.5905,-0.1534,-0.2240
25,3,2017       ,0.3247,0.2718,0.0558
25,3,2018       ,-0.4737,-0.3392,-0.0798
25,3,2019       ,0.1065,0.0542,0.0457
######################################################
# Species: 26
# No. of fleets: 6
# Fleet no.: 1
# First and last year: 1985,1995
# First and last age: 1,8
# Species, Fleet, Year, , ,Age_1 ,Age_2 ,Age_3 ,Age_4 ,Age_5 ,Age_6 ,Age_7 ,Age_8
      26,1,1985       ,-1.1370,0.0013,-0.2130,0.3762,-0.3666,-0.0934,-0.3194,-0.5532
26,1,1986       ,-0.4072,-0.5519,0.1946,0.5983,0.0227,-0.8573,-0.3684,-0.6130
26,1,1987       ,-0.7200,0.3819,-0.4232,0.0968,-0.2374,-1.0820,-0.6995,-0.9316
26,1,1988       ,0.4333,-0.4693,0.4680,0.6232,0.3523,-0.2989,-0.7185,-2.0470
26,1,1989       ,0.4151,0.3226,-0.3176,1.3518,0.8636,-0.1351,-0.6357,0.2240
26,1,1990       ,-0.3730,-0.2089,0.3115,1.4422,-0.0817,-0.4516,-1.0076,0.1391
26,1,1991       ,0.2205,-0.0055,-0.2899,0.7002,0.3856,0.7356,-0.9249,-0.3053
26,1,1992       ,0.5838,0.2561,-0.2692,0.1876,0.2374,0.8368,-0.0783,0.1289
26,1,1993       ,0.3601,0.8843,0.6677,0.6880,-0.6493,-0.0976,0.0027,-0.3282
26,1,1994       ,0.4128,0.0098,0.2114,1.1079,0.3837,-0.4176,0.3125,1.1173
26,1,1995       ,0.2116,-0.6202,-0.3403,0.8874,-0.3450,0.0246,-0.2783,1.2536
# Fleet no.: 2
# First and last year: 1996,2019
# First and last age: 1,9
# Species, Fleet, Year, , ,Age_1 ,Age_2 ,Age_3 ,Age_4 ,Age_5 ,Age_6 ,Age_7 ,Age_8 ,Age_9
      26,2,1996       ,-0.7929,-0.2023,-0.3724,-0.7143,-0.5835,-0.7524,-1.0493,-1.1015,-1.5167
26,2,1997       ,-1.9307,-0.9890,-0.9758,-0.8507,-1.0672,-1.0434,-1.9512,-0.5559,-1.9329
26,2,1998       ,-0.4556,0.1433,-0.0100,-0.5232,-0.5831,-0.2686,-0.4773,-0.1625,-0.6242
26,2,1999       ,-0.2278,-1.1977,-0.8385,-0.6247,-0.7313,-0.3017,-0.6968,-0.5311,-0.7377
26,2,2000       ,-0.3216,-0.1491,-0.2361,-0.3297,-1.0804,-1.1999,-0.5958,-0.0721,-1.5534
26,2,2001       ,-0.1673,-0.3518,-0.3927,-0.4241,-0.4729,-0.9511,-1.2579,-0.2394,0.1690
26,2,2002       ,0.2103,-0.0642,-0.4311,-0.1407,0.0694,-0.2524,-0.0710,-0.0513,0.1069
26,2,2003       ,-0.0256,-0.0576,0.0529,-0.3028,-0.0414,0.2136,0.1169,-0.5639,-0.1377
26,2,2004       ,-0.4429,-0.0927,-0.1055,-0.0370,-0.2667,0.2035,0.3812,0.6943,-0.2709
26,2,2005       ,-0.0198,-0.1881,-0.3418,-0.3210,-0.3428,0.1476,0.0327,-0.7168,1.4510
26,2,2006       ,0.0936,-0.1307,-0.4447,-0.3437,-0.1415,-0.0322,0.5085,-0.5155,0.4822
26,2,2007       ,0.1074,0.0001,0.1619,0.0363,0.0577,0.2036,-0.0819,0.9665,-0.2216
26,2,2008       ,0.2596,0.1936,0.1406,0.1768,0.1123,0.1267,0.2886,0.4517,1.2411
26,2,2009       ,0.1913,-0.2417,0.1182,-0.1759,0.1024,0.1401,0.2867,0.7367,0.9329
26,2,2010       ,0.1324,-0.0697,-0.1313,-0.0424,-0.1355,0.0466,0.3110,0.7131,0.8702
26,2,2011       ,0.4265,0.0874,0.2191,-0.0473,0.0255,-0.0085,-0.0780,0.7090,0.2641
26,2,2012       ,-0.1820,0.3036,0.7198,0.4470,0.2388,0.2968,0.1831,0.6390,1.2048
26,2,2013       ,0.1402,0.3054,0.5586,0.5421,0.3651,0.3547,0.4810,0.5869,0.8064
26,2,2014       ,0.5471,0.3704,0.3432,0.3917,0.2703,0.2387,0.1835,0.3598,0.8245
26,2,2015       ,0.1330,0.4058,0.5258,0.3724,0.4945,0.5990,0.2836,0.3951,0.7447
26,2,2016       ,0.4718,0.2699,0.4465,0.4206,0.4083,0.4383,0.5583,0.5232,0.5336
26,2,2017       ,0.4998,0.5437,0.4138,0.4271,0.4284,0.3526,0.2124,0.4258,0.1126
26,2,2018       ,0.5580,0.4076,0.3916,0.4122,0.3867,0.3182,0.4263,0.1990,0.7015
26,2,2019       ,0.7949,0.7039,0.1877,-0.0552,0.3294,0.0022,0.1001,0.4069,0.1497
# Fleet no.: 3
# First and last year: 1974,1999
# First and last age: 1,6
# Species, Fleet, Year, , ,Age_1 ,Age_2 ,Age_3 ,Age_4 ,Age_5 ,Age_6
      26,3,1974       ,-0.7095,0.1782,0.5476,0.3417,1.3182,-0.7386
26,3,1975       ,-0.5667,-0.2117,1.4403,-0.3361,0.1035,-2.2117
26,3,1976       ,-0.6767,-1.0631,-0.6869,-0.3338,-0.6308,-1.1904
26,3,1977       ,-0.2712,-0.5107,0.3614,0.8341,1.6285,-1.6041
26,3,1978       ,-0.4028,0.4043,-1.0781,-0.3086,0.3042,-0.5841
26,3,1979       ,0.0323,0.4107,0.1623,0.1672,-0.2171,0.8832
26,3,1980       ,0.7492,0.6540,-0.7484,-0.0030,0.4301,-0.3419
26,3,1981       ,-0.0425,0.7214,-0.2803,-1.3419,0.3942,-0.5885
26,3,1982       ,0.2787,0.0526,-0.1437,-0.5285,-0.7401,-0.2640
26,3,1983       ,-0.0781,-0.1968,-1.6597,-1.0209,-1.0538,-1.9110
26,3,1984       ,0.2538,-0.1149,-0.0897,-1.4379,-1.3305,-1.9371
26,3,1985       ,-0.5482,0.1933,-0.1811,-0.1361,-0.2105,-2.0962
26,3,1986       ,-0.2009,-0.6846,-0.4312,-0.5527,-0.3414,-0.4896
26,3,1987       ,-0.4600,-0.0384,-0.5921,-0.0977,0.1172,-0.2030
26,3,1988       ,-0.3175,-0.0687,0.9871,1.6217,1.3608,-0.0356
26,3,1989       ,-0.0275,0.1587,0.6513,2.4590,2.3279,2.3446
26,3,1990       ,-0.2037,-0.4563,0.2366,0.9675,1.8285,1.2775
26,3,1991       ,0.7640,0.0653,-0.2493,1.1666,1.3403,0.8761
26,3,1992       ,0.7123,0.4440,0.3219,0.9130,1.6510,1.2978
26,3,1993       ,0.3851,0.2304,-0.3177,-0.7476,0.8889,1.4187
26,3,1994       ,0.2743,-0.0087,-0.3356,-0.8285,0.1025,-1.3492
26,3,1995       ,0.0102,-0.5739,-0.7386,-0.4641,0.7526,-1.9330
26,3,1996       ,-0.0462,0.2518,0.4517,-0.7755,1.1403,-1.7308
26,3,1997       ,0.3661,-0.4815,-0.7775,-0.9282,-0.3136,0.9238
26,3,1998       ,0.2976,0.3681,1.6063,-0.8693,0.3578,-0.8201
26,3,1999       ,0.4279,0.2766,1.5435,2.2394,0.4818,-0.6833
# Fleet no.: 4
# First and last year: 2000,2019
# First and last age: 1,6
# Species, Fleet, Year, , ,Age_1 ,Age_2 ,Age_3 ,Age_4 ,Age_5 ,Age_6
      26,4,2000       ,0.5054,0.2821,0.6425,1.4323,-0.6030,-1.8012
26,4,2001       ,0.2944,0.3148,-0.1269,0.6552,1.9720,2.1527
26,4,2002       ,0.2198,-0.1561,-0.5226,-0.1655,0.6862,-0.1322
26,4,2003  ,-99.9,-99.9,-99.9,-99.9,-99.9,-99.9
26,4,2004       ,0.1085,0.1276,0.3024,-0.0602,-0.2642,0.8510
26,4,2005       ,0.0039,-0.3239,-0.6676,0.7790,-1.1236,0.1763
26,4,2006       ,0.1807,0.0118,-0.4135,-0.1057,-0.3377,-1.7089
26,4,2007       ,-0.0703,0.2698,-0.9889,-0.9006,-1.2357,-1.5781
26,4,2008       ,0.1056,0.0521,0.0930,0.6962,-0.6658,-0.7485
26,4,2009       ,0.1871,-0.1392,-0.3598,-1.0346,-0.9063,-2.9058
26,4,2010       ,-0.2733,-0.1774,-0.2006,-1.1898,-1.7961,-2.6331
26,4,2011       ,-0.0240,-0.8748,-0.6633,-0.7840,-0.5194,-0.1807
26,4,2012       ,-0.9769,-0.1082,-0.0977,-0.6083,-1.1080,-1.3110
26,4,2013       ,-0.0932,0.0866,0.5851,0.7933,0.0432,-0.4989
26,4,2014       ,-0.0628,-0.2860,-0.4227,0.6538,-0.6513,-1.0917
26,4,2015       ,0.4810,0.4456,0.8106,0.8667,0.3996,0.4443
26,4,2016       ,-0.1279,0.3354,0.2383,0.9446,0.7372,0.6159
26,4,2017       ,-0.1633,-0.2030,0.9174,0.8904,0.2341,0.1686
26,4,2018       ,-0.1319,0.4402,0.4932,1.4181,1.3334,0.2782
26,4,2019       ,-0.1628,-0.0975,0.3811,0.6575,0.8624,-0.2823
# Fleet no.: 5
# First and last year: 1997,2019
# First and last age: 1,9
# Species, Fleet, Year, , ,Age_1 ,Age_2 ,Age_3 ,Age_4 ,Age_5 ,Age_6 ,Age_7 ,Age_8 ,Age_9
      26,5,1997       ,-0.6442,-0.1359,-0.4180,-0.6469,-1.2270,-1.0673,-1.2269,-1.0774,-0.6147
26,5,1998       ,-0.8399,-0.7986,-0.4844,-0.5615,-0.6768,-0.6471,-0.7974,-0.2392,-0.5167
26,5,1999       ,-0.8191,-0.6066,-0.6287,-0.6701,-1.2152,-0.5432,-0.8567,-0.6464,-0.5404
26,5,2000       ,-0.9800,-0.8004,-0.5263,-0.7386,-1.4794,-1.1267,-0.6503,-0.2677,-1.2090
26,5,2001       ,-0.2919,-0.3011,-0.3449,-0.4367,-0.9730,-0.8095,-0.7834,0.2429,0.6733
26,5,2002       ,0.2993,0.0593,-0.2933,-0.1443,-0.4946,-0.9426,-0.4633,0.1654,0.6641
26,5,2003       ,-0.0238,-0.4076,-0.1191,-0.4124,-0.7070,-0.4344,-0.5004,-0.3475,0.4553
26,5,2004       ,-0.1715,0.0279,-0.3342,-0.1055,-0.6078,-0.2807,-0.0368,0.0459,0.2147
26,5,2005       ,0.0643,-0.1079,-0.1987,-0.3333,-0.6588,-0.0291,0.1680,-0.2024,0.7293
26,5,2006       ,0.1758,-0.0570,-0.0860,-0.0057,-0.6728,0.1084,0.4897,0.4498,0.5426
26,5,2007       ,0.7075,0.3152,0.3329,0.2682,-0.0662,0.1277,0.6100,1.2509,0.8078
26,5,2008       ,0.9235,0.6897,0.5257,0.6831,0.0295,0.4750,0.1610,1.1254,1.3225
26,5,2009       ,0.2050,0.0300,0.4294,0.3014,0.0747,0.0184,0.5415,0.6738,1.1650
26,5,2010       ,0.1105,0.0869,0.1640,0.3359,-0.1742,0.2493,0.4433,1.0903,1.0651
26,5,2011       ,0.6473,0.4502,0.5562,0.4204,0.0529,0.1679,0.4868,0.9298,1.0271
26,5,2012       ,-0.1651,0.4689,0.7621,0.7808,0.1948,0.3208,0.5710,1.0497,1.3098
26,5,2013       ,-0.1387,0.1613,0.4030,0.5403,0.2012,0.2270,0.3841,0.6496,0.9312
26,5,2014       ,0.4363,0.3534,0.3337,0.3387,-0.0983,-0.0456,0.0685,0.1577,0.7179
26,5,2015       ,-0.1089,0.0918,0.3409,0.4452,0.0695,0.2461,0.3340,0.4631,0.6955
26,5,2016       ,0.3778,0.3048,0.1983,0.3589,-0.1032,0.0267,0.3160,0.6046,0.7949
26,5,2017       ,0.1601,0.1028,0.0275,0.0586,-0.2297,-0.0800,-0.1519,0.2607,0.4721
26,5,2018       ,0.0991,-0.1480,-0.0777,0.0066,-0.5212,-0.2901,0.0501,-0.0999,0.4052
26,5,2019       ,-0.0232,0.2210,-0.5622,-0.4829,-0.6782,-0.9098,-0.6389,-0.2209,-0.4884
# Fleet no.: 6
# First and last year: 2007,2019
# First and last age: 1,7
# Species, Fleet, Year, , ,Age_1 ,Age_2 ,Age_3 ,Age_4 ,Age_5 ,Age_6 ,Age_7
      26,6,2007       ,0.2616,0.0817,0.1369,0.2295,0.5317,-0.3954,0.8596
26,6,2008       ,0.4705,0.4172,0.3362,0.0853,-0.0713,0.1712,-0.1917
26,6,2009       ,0.6933,0.1512,0.3951,0.1272,0.0600,-0.5154,0.3384
26,6,2010       ,-0.2479,-0.0295,0.1456,0.2315,0.3349,0.1885,0.0856
26,6,2011       ,-0.6229,-0.2486,-0.1436,0.1062,0.1968,0.2224,0.3373
26,6,2012       ,0.0508,0.4256,0.4934,0.2807,0.2625,0.3447,0.5140
26,6,2013       ,-0.3486,-0.3864,-0.0931,-0.0056,-0.0674,-0.1232,-0.3226
26,6,2014       ,0.2413,-0.1150,-0.0693,0.0514,0.0745,-0.1094,-0.1617
26,6,2015       ,-0.3292,0.0893,0.0422,0.2045,0.0887,0.0719,0.0365
26,6,2016       ,0.4219,0.0784,-0.1436,0.0018,0.1105,-0.2361,-0.0491
26,6,2017       ,-0.0935,0.1663,-0.3240,-0.0725,-0.0088,0.1845,-0.1376
26,6,2018       ,-0.6188,-0.4175,-0.1803,-0.6841,-0.5157,-0.3877,-0.1195
26,6,2019       ,0.1213,-0.2126,-0.5956,-0.5560,-0.5929,-0.7657,-0.2425
######################################################
# Species: 27
# No. of fleets: 3
# Fleet no.: 1
# First and last year: 1974,2019
# First and last age: 0,6
# Species, Fleet, Year, , ,Age_0 ,Age_1 ,Age_2 ,Age_3 ,Age_4 ,Age_5 ,Age_6
      27,1,1974       ,-0.6165,0.2816,-0.5351,-0.1466,-0.9815,-2.2642,-0.6448
27,1,1975       ,-0.2342,-0.4406,0.4484,0.4179,-0.7747,-1.0599,-0.0503
27,1,1976       ,-0.6711,-0.2760,-1.2486,0.7647,-0.8077,-1.2833,-1.0079
27,1,1977       ,1.5497,0.4882,0.2808,0.7032,-0.2871,-0.0649,-1.1474
27,1,1978       ,4.6586,0.5991,0.6428,0.9807,0.0646,1.1590,-0.3792
27,1,1979       ,1.3686,-0.9738,0.4355,0.8172,0.3470,-1.4243,-0.0391
27,1,1980       ,1.5725,0.5366,0.1428,0.7994,-0.0654,-2.1527,-1.3394
27,1,1981       ,1.2099,0.3258,0.5906,1.2486,-0.1899,-2.3370,-2.0669
27,1,1982       ,0.7789,0.8750,0.3306,0.4939,-0.0036,-0.1930,-2.2140
27,1,1983       ,0.4168,0.0517,0.4016,-0.2075,-0.4876,-0.0130,1.1136
27,1,1984       ,1.6997,0.6663,0.3817,0.9066,0.1151,-1.3621,0.1479
27,1,1985       ,1.0591,0.8552,0.6072,0.2493,-0.1452,-1.9661,-2.0777
27,1,1986       ,0.5226,0.4441,-0.0080,0.0621,-0.5788,-0.4597,-2.0621
27,1,1987       ,1.4024,0.5610,0.2511,-0.2473,-0.3342,-2.1083,-1.9342
27,1,1988       ,-0.3760,0.2831,0.5477,0.7392,0.7124,-0.4011,0.0422
27,1,1989       ,0.1206,0.3863,0.6254,1.1253,-0.2704,-0.1763,0.7483
27,1,1990       ,-2.3754,-0.3044,0.6140,0.4911,1.0106,0.2889,0.0131
27,1,1991       ,0.2694,-0.0873,0.7461,1.4310,0.7241,0.3623,0.5954
27,1,1992       ,-0.6252,0.4677,-1.0799,0.3910,1.0814,0.6054,0.6966
27,1,1993       ,-0.5578,-0.0925,0.4716,0.6065,0.5176,-2.2983,0.8812
27,1,1994       ,1.9302,-0.4378,0.1498,0.8304,-1.4039,-0.0069,-2.0749
27,1,1995       ,1.2103,-0.2238,-0.3248,0.5353,0.6939,-1.0292,0.0587
27,1,1996       ,0.3058,-1.5415,-0.3426,-0.5813,-0.0220,0.0624,0.1605
27,1,1997       ,0.0339,0.8789,-0.6780,0.7824,0.1441,1.3759,1.8750
27,1,1998       ,-0.6111,0.7493,0.9125,0.9800,0.9500,-1.0568,0.4642
27,1,1999       ,0.9858,0.0888,0.5160,0.6870,-0.8895,0.2323,-0.7430
27,1,2000       ,-1.8399,-0.2167,-1.2620,0.4794,0.1393,-1.1370,-1.2780
27,1,2001       ,1.9337,-0.1270,0.0598,0.2455,-0.3177,0.2060,-0.8563
27,1,2002       ,0.6965,0.9175,0.1238,0.5023,-1.8182,0.2969,-0.1393
27,1,2003  ,-99.9,-99.9,-99.9,-99.9,-99.9,-99.9,-99.9
27,1,2004       ,-0.7135,0.6045,0.3757,0.7935,0.7559,0.6375,-0.2429
27,1,2005       ,-1.3827,-0.3746,-0.3284,0.4221,-2.5655,0.3461,-0.6979
27,1,2006       ,-3.4124,-0.1099,-0.7795,-0.5847,-0.3326,-2.5565,-1.3262
27,1,2007       ,-0.0144,-0.3590,-0.0317,-0.4300,0.5094,-0.3836,-2.3994
27,1,2008       ,0.2455,0.0585,-0.3920,0.5033,-1.4472,-0.2327,-1.7467
27,1,2009       ,0.6279,0.2676,-0.0660,-0.2322,-0.0422,-1.5070,-1.2191
27,1,2010       ,-1.5045,-0.1479,-0.6419,-0.0636,0.0617,-0.8090,-1.3152
27,1,2011       ,-1.0363,-1.1040,-0.0706,0.8480,1.0909,-1.7923,0.3555
27,1,2012       ,-1.5632,-1.4446,-1.9760,-1.2360,-0.9528,-1.7239,-1.6128
27,1,2013       ,-1.4634,-0.5810,0.3601,0.7551,0.6095,0.7799,-0.2184
27,1,2014       ,-1.7680,0.1037,-0.1857,-0.3095,-0.7383,-0.4123,-1.8250
27,1,2015       ,-1.4085,0.5449,1.0576,0.1897,1.5307,0.8677,1.6775
27,1,2016       ,-0.8933,-0.4261,0.0782,1.0857,0.5534,-0.0976,0.1432
27,1,2017       ,-1.2768,-0.8711,-0.5496,0.5486,0.8039,0.2025,-0.6655
27,1,2018       ,0.4574,-0.6145,-0.4168,0.7427,0.2643,0.4252,-1.2476
27,1,2019       ,-0.7113,-0.2809,-0.2344,0.8080,0.2105,-1.8884,0.4179
# Fleet no.: 2
# First and last year: 1985,2019
# First and last age: 1,10
# Species, Fleet, Year, , ,Age_1 ,Age_2 ,Age_3 ,Age_4 ,Age_5 ,Age_6 ,Age_7 ,Age_8 ,Age_9 ,Age_10
      27,2,1985       ,-1.0085,-0.4637,-0.2830,0.1248,-0.0509,-0.2030,-0.4607,-2.0006,-0.1444,0.4481
27,2,1986       ,-0.0648,0.1265,0.2263,0.0964,0.4614,-0.0010,0.0388,-0.6494,1.2202,0.8382
27,2,1987       ,-0.9100,-0.1114,-0.2902,-0.0959,-0.0951,0.2698,0.5051,0.9437,0.9506,-1.3390
27,2,1988       ,-0.6143,-0.3074,-0.3299,-0.1486,-0.1522,-0.1871,0.2643,0.1435,-0.3171,0.5426
27,2,1989       ,-0.3294,-0.3589,0.2015,0.1905,-0.2912,0.0556,-0.1164,-2.9019,0.6718,0.3994
27,2,1990       ,-0.7422,0.2522,0.1003,0.4546,-0.0336,0.5321,0.1146,-0.2076,-0.3005,-0.1098
27,2,1991       ,-0.5344,-0.1542,0.3601,-0.0396,-0.1358,-0.8390,-0.3997,0.3473,-0.0067,0.6309
27,2,1992       ,0.4707,0.8477,0.6430,0.5044,0.0797,-1.3512,-0.2078,-0.7483,-0.4222,-0.6021
27,2,1993       ,0.8560,0.4587,-0.1169,0.8187,1.2168,0.9274,0.3513,0.5944,0.4224,1.5390
27,2,1994       ,0.8716,0.6543,0.7019,-1.2309,-0.0663,-0.5295,0.2528,1.0510,-0.5588,1.6750
27,2,1995       ,1.0119,0.8538,1.0040,0.3556,0.4271,0.3372,0.4413,0.0645,0.8804,0.8282
27,2,1996       ,-0.0008,0.3579,0.1544,0.7079,0.2626,0.5052,0.1953,0.2114,-0.0300,0.7207
27,2,1997       ,0.8833,0.0563,0.1757,0.2592,0.8211,-0.3802,0.0646,-0.9833,0.2299,-0.6247
27,2,1998       ,-0.0754,0.2000,-0.7939,0.0428,-0.0057,0.3470,-0.0128,-0.5937,-0.2301,0.2495
27,2,1999       ,0.1063,-0.1792,0.0995,-1.1515,0.1411,-0.2628,-0.2834,0.1283,0.4321,0.6454
27,2,2000       ,-0.1099,-0.5165,-0.1664,-0.6108,0.0837,-0.6660,0.1556,-1.2934,0.1524,0.3514
27,2,2001       ,0.1916,-0.4076,-0.3631,0.3795,-0.2457,0.0152,-1.7542,0.6464,0.8076,0.7801
27,2,2002       ,-0.3734,-0.5328,-0.4671,-0.2581,-0.4269,-0.2390,0.2484,0.3532,0.7515,0.6689
27,2,2003       ,0.2702,-0.7374,-0.2598,-0.4009,-0.5061,-0.2458,-0.1749,-0.5009,-0.3789,0.1905
27,2,2004       ,-0.1613,-0.2332,-0.4906,-0.2417,-0.3410,-0.5295,-0.5817,-1.3183,-1.4053,0.6918
27,2,2005       ,0.2307,0.1631,-0.1912,-0.4344,-0.1518,-0.1599,0.0079,-0.6212,-0.8648,0.8423
27,2,2006       ,-0.1104,-0.1360,-0.3870,0.3247,-0.3225,0.0193,0.2319,0.1609,0.6398,-0.5137
27,2,2007       ,0.1015,-0.0280,-0.0488,-0.2978,0.1033,-0.0171,0.0629,0.0213,0.3326,-0.0178
27,2,2008       ,0.4547,0.1398,-0.1098,0.1215,-0.2114,-0.0444,0.1145,-0.3274,0.4797,0.0589
27,2,2009       ,0.3246,0.0352,0.1162,0.1302,0.1785,-0.1012,0.6975,0.2513,0.4454,0.4208
27,2,2010       ,-0.2878,0.0157,-0.1619,0.0190,-0.3159,0.4770,-0.1279,-0.1750,-0.3054,0.6371
27,2,2011       ,-0.6836,-0.1465,-0.0439,-0.0593,0.3812,0.0561,0.0582,0.1168,0.4671,0.2062
27,2,2012       ,-0.0976,0.0244,-0.0016,0.1130,0.2991,0.4068,-0.4835,0.3355,-0.0968,0.1563
27,2,2013       ,-0.4542,-0.1116,0.1134,-0.0784,0.2215,-0.2020,0.3989,-0.1035,0.2875,0.9966
27,2,2014       ,0.0065,0.1689,-0.0822,-0.0004,0.0512,-0.0290,-0.3669,0.2889,-0.6032,-0.8174
27,2,2015       ,0.0928,-0.0310,0.4307,0.4988,0.4316,0.1923,0.7629,0.1878,0.5099,0.2115
27,2,2016       ,-0.0486,0.0794,0.0446,0.5076,0.5266,0.3756,-0.0306,-0.2088,-1.5369,0.4269
27,2,2017       ,0.6026,0.1723,0.2700,0.0149,0.1811,0.2869,-0.1513,-0.0612,-1.9169,-0.1443
27,2,2018       ,0.1950,-0.1077,-0.0032,0.2305,-0.5835,0.0237,0.1137,-0.2294,-1.6985,-1.4474
27,2,2019       ,-0.0637,-0.0430,-0.0512,0.0411,-0.2061,-0.9894,-0.2214,-0.4967,-0.9244,-1.4749
# Fleet no.: 3
# First and last year: 1985,2019
# First and last age: 1,9
# Species, Fleet, Year, , ,Age_1 ,Age_2 ,Age_3 ,Age_4 ,Age_5 ,Age_6 ,Age_7 ,Age_8 ,Age_9
      27,3,1985       ,-0.4851,-0.0477,-0.2672,0.3110,0.0293,-0.2087,-0.4383,-2.1462,-3.3905
27,3,1986       ,-0.9003,-0.5335,-0.4122,-0.1877,0.1018,-0.6721,-0.1687,-0.7950,-0.3846
27,3,1987       ,-0.1680,-0.1140,-0.5170,-0.1158,0.0084,-0.2820,0.1824,-0.6492,-0.9881
27,3,1988       ,0.2807,0.6430,-0.6190,0.1942,-0.9706,-0.7496,-0.2788,-0.1248,-1.5488
27,3,1989       ,-0.4596,0.2831,0.5177,1.0184,0.3834,-0.3820,0.2149,-3.0475,-0.3775
27,3,1990       ,0.2752,0.7467,0.0495,0.0010,0.3135,1.0773,0.0790,-0.0395,-1.0229
27,3,1991       ,-0.9225,0.2274,0.4117,0.0036,-1.0822,-1.1311,-0.8395,-0.3515,-1.6274
27,3,1992       ,0.4574,1.0065,0.1454,0.5876,-0.0908,-0.8550,-0.3631,-0.0595,-0.5660
27,3,1993       ,-0.5036,0.0354,-0.8431,0.7158,1.5739,1.3006,-1.6222,-0.4303,0.1344
27,3,1994       ,0.0220,-0.1433,0.2687,-1.9669,0.2537,-1.3499,0.1222,-1.9142,-3.2597
27,3,1995       ,0.7996,0.3552,0.7043,0.1608,-0.1515,0.2555,0.5816,0.4567,0.1979
27,3,1996       ,-0.6442,-0.2102,-0.0037,0.8388,0.3635,0.5874,0.3123,-0.4753,0.1836
27,3,1997       ,1.6765,-0.1640,-0.0748,0.4154,0.8223,-0.6806,0.1705,-1.3489,0.0742
27,3,1998       ,0.1749,0.1314,-0.0570,0.4259,-1.0198,-2.1872,0.1251,-1.9846,-3.1934
27,3,1999       ,0.0660,0.5023,0.6194,0.1213,1.7056,1.2430,1.2345,1.2746,-1.9811
27,3,2000       ,-0.0346,-0.3268,0.0581,-0.3866,0.1836,-0.0792,0.3538,-1.4326,0.6112
27,3,2001       ,-0.0219,-0.1714,-0.3612,0.4108,-0.3521,-0.2955,-0.7010,0.2742,-1.7786
27,3,2002       ,-0.0639,-0.4278,-0.2452,0.0101,-0.2928,-0.2619,-0.4697,0.5651,-1.4523
27,3,2003       ,0.0077,-0.5702,0.0289,0.2886,-0.1432,-0.2329,0.2763,-1.6339,-0.0116
27,3,2004       ,-0.2811,-0.6348,-0.6173,-0.0657,0.0486,-0.5448,-0.5577,-0.5695,-1.7166
27,3,2005       ,-0.1024,-0.2439,-0.2371,-0.3518,-0.6533,-0.5158,-0.3032,-0.3128,-3.2555
27,3,2006       ,-0.2787,-0.7405,-1.7872,-0.2275,-0.6355,-0.0595,-0.5375,-2.3633,-1.5920
27,3,2007       ,-0.1844,0.0795,-0.2591,0.1129,-0.3561,0.1361,-1.0225,-2.2525,-2.4935
27,3,2008       ,0.5483,0.2123,0.5231,0.7737,-0.1903,0.1360,-0.2782,-0.5826,-0.0548
27,3,2009       ,0.3745,-0.3433,-0.0094,0.7437,-0.2271,-0.1472,0.6817,-0.6599,-2.4238
27,3,2010       ,0.8821,0.2157,-0.2682,-0.0859,0.1221,-0.1051,0.4696,-2.6441,-1.1366
27,3,2011       ,-0.0653,-0.0441,0.1777,0.3146,0.6131,0.3797,-1.8688,-2.0748,1.2295
27,3,2012       ,-0.3255,-0.1908,0.2520,0.5336,0.6638,0.1847,-0.2839,-0.0180,-2.1846
27,3,2013       ,-0.6287,-0.4714,0.3858,0.9550,0.5647,-0.0187,-0.0927,-0.7702,-0.3098
27,3,2014       ,-0.0070,0.4100,0.3993,0.9298,1.0897,0.3562,-0.1117,-1.1938,-3.6103
27,3,2015       ,0.4292,0.5000,0.8269,0.5646,1.1494,0.9203,1.0051,0.5998,1.3453
27,3,2016       ,-0.2560,0.0691,0.3072,0.7745,0.0592,0.6397,0.3189,-0.7633,-2.7084
27,3,2017       ,-0.0411,0.0458,0.2885,1.1498,0.6352,-0.0807,-0.0051,0.0963,-1.7778
27,3,2018       ,0.1539,0.0231,0.4000,0.6883,0.1848,0.7390,-1.2197,-0.3487,-0.4708
27,3,2019       ,0.2261,-0.1088,0.2147,0.7821,0.3042,-0.3443,0.1073,0.4991,-1.1571
