Area Pred.no Prey.no vulnerability
1  1 16 2.7989e+00
1  1 17 6.6519e-01
1  1 18 2.0277e+01
1  1 21 3.6286e-02
1  1 22 2.6036e-02
1  1 23 2.0651e-02
1  1 24 4.1576e-02
1  1 25 8.5228e-02
1  2 17 2.7590e+00
1  2 18 8.8705e+00
1  2 21 3.1613e+00
1  2 22 2.1711e+00
1  2 23 2.1430e+00
1  2 25 2.7510e+00
1  3 16 4.5376e-02
1  3 17 8.8291e-02
1  3 18 4.5581e-02
1  3 21 1.2384e-03
1  3 22 1.1781e-03
1  3 23 1.2409e-03
1  3 24 5.5988e-03
1  3 25 5.6139e-03
1  4 16 5.4665e+01
1  4 17 1.3284e+01
1  4 18 1.6685e+01
1  4 21 9.7802e-01
1  4 22 1.3001e+00
1  4 23 1.0305e+00
1  4 25 7.5466e+00
1  5 16 7.2341e+00
1  5 17 3.7924e+00
1  5 18 5.1330e+00
1  5 21 1.0598e-01
1  5 22 1.0073e+00
1  5 23 7.9318e-01
1  5 24 3.7972e-01
1  5 25 6.2015e-01
1  6 16 2.2024e+01
1  6 21 1.6322e+00
1  6 22 6.0977e-01
1  6 23 5.0383e-01
1  6 25 5.8054e+00
1  7 21 2.9631e+00
1  7 22 9.3071e-01
1  7 23 7.3227e-01
1  7 25 5.8079e-01
1  8 17 7.1711e-02
1  8 21 4.4134e+00
1  8 22 3.0276e-01
1  8 23 2.4080e-01
1  8 24 2.7197e-02
1  8 25 1.3640e+00
1  9 16 1.2576e+02
1  9 17 1.7559e+01
1  9 22 2.5572e+00
1  9 23 1.1828e+00
1  9 24 2.8151e+00
1  10 16 3.9530e+01
1  10 17 5.6490e+00
1  10 18 9.0383e+00
1  10 21 4.8443e-01
1  10 22 7.2873e-01
1  10 23 1.1522e+00
1  10 24 1.1684e+00
1  10 25 1.8999e+00
1  11 22 2.4102e-01
1  11 24 6.1594e+00
1  12 17 1.8164e+00
1  12 21 8.1420e-02
1  12 22 4.3519e-02
1  12 25 5.0087e-02
1  13 16 3.1279e+00
1  13 17 4.2235e-01
1  13 18 6.8422e-01
1  13 21 1.5036e-02
1  13 22 3.9669e+00
1  13 24 9.2085e-02
1  14 16 7.5342e+00
1  14 17 2.3580e+00
1  14 21 2.9237e-01
1  14 22 2.9508e-01
1  14 23 1.4874e-01
1  14 24 2.1464e-01
1  15 17 4.4426e+00
1  15 21 4.9837e-02
1  15 24 2.2740e+00
1  16 16 3.3309e+00
1  16 17 8.4428e-01
1  16 18 1.7347e+00
1  16 21 2.2754e-01
1  16 22 1.5765e-01
1  16 23 8.8678e-02
1  16 24 4.3551e-01
1  16 25 3.4052e-01
1  17 16 3.0253e+00
1  17 17 1.0077e+00
1  17 18 1.8310e+00
1  17 21 2.8951e-01
1  17 22 1.2463e-01
1  17 23 6.3120e-02
1  17 24 4.9320e-01
1  17 25 4.9187e-01
1  18 22 5.3788e+00
1  18 24 2.5598e+00
1  19 17 9.2904e-01
1  19 18 1.9318e+00
1  19 21 2.6659e-01
1  19 22 4.5438e-01
1  19 24 1.6470e+00
1  20 21 1.0117e+00
1  20 22 3.7767e-01
1  20 23 5.2061e-01
1  20 24 5.0021e-01
1  20 25 1.3131e+00
