#  log(Observed catch)- log(Expected catch)
# Species,Quarter,Year, Age_0, Age_1, Age_2, Age_3, Age_4, Age_5, Age_6, Age_7, Age_8, Age_9, Age_10
17,9,1963,-99.9,-0.4492,0.3386,-0.3000,-0.0338,0.1802,0.2702,-0.5575,0.4798,-0.2090,-0.0936
17,9,1964,-99.9,-1.6004,-0.2245,0.0582,0.0080,0.0105,0.3123,0.2584,0.3384,-0.6556,0.2890
17,9,1965,-99.9,0.2563,-0.2067,0.2638,0.0984,0.0927,-0.1139,0.0054,0.0977,0.0415,-0.2233
17,9,1966,-99.9,-0.1419,-0.0235,0.0953,0.0798,-0.2182,0.0529,-0.0884,-0.0296,-0.2225,0.8383
17,9,1967,-99.9,-0.5074,-0.2070,0.3137,0.1283,0.2594,-0.0395,0.5364,0.2876,-0.3480,-0.5581
17,9,1968,-99.9,-0.4260,-0.0159,0.0834,0.1831,0.1788,-0.0171,-0.1695,-0.0072,-0.0537,-0.2027
17,9,1969,-99.9,-2.3492,-0.3570,0.0070,0.0842,0.1459,0.2961,0.0945,-0.0849,0.0613,0.2353
17,9,1970,-99.9,-0.2703,-0.1979,0.2437,0.1062,0.1013,-0.1103,0.0198,-0.2885,-0.2538,0.1366
17,9,1971,-99.9,0.3577,0.2098,-0.0653,0.0309,0.0751,-0.2448,-0.1653,-0.2729,0.2481,0.0359
17,9,1972,-99.9,-0.5315,0.1053,-0.0136,-0.1554,-0.0720,-0.0214,0.1015,0.0912,0.2028,-0.4378
17,9,1973,-99.9,0.1452,-0.0762,0.0480,0.0855,0.0059,0.0271,-0.0019,-0.2011,-1.0156,0.5513
17,9,1974,-99.9,0.5870,-0.0527,-0.2633,-0.0803,-0.1252,-0.0273,0.0204,-0.2547,0.1440,0.7618
17,9,1975,-99.9,0.2109,-0.0819,-0.1045,-0.0252,0.1105,-0.1067,0.1598,-0.0276,-0.0422,-0.0736
17,9,1976,-99.9,0.9025,0.3532,-0.0618,-0.0135,-0.0805,0.0334,0.0352,-0.3156,-0.3442,-0.4244
17,9,1977,-99.9,1.0595,0.1648,-0.3346,-0.3452,-0.1643,0.0065,-0.0135,-0.1285,1.1310,0.3376
17,9,1978,-99.9,-0.9625,0.4222,-0.2139,-0.1161,0.2269,0.0005,0.3048,-0.2377,-0.2003,0.1464
17,9,1979,-99.9,1.7533,-0.0240,0.2168,-0.1728,0.1213,-0.0640,0.2521,0.3034,-0.1050,-0.2814
17,9,1980,-99.9,1.8503,0.0833,0.1505,-0.1069,-0.1160,-0.1867,0.3649,0.1568,0.2708,-0.3485
17,9,1981,-99.9,0.8134,0.3267,0.1779,0.0546,-0.1722,-0.1129,0.1081,-0.0950,-0.1100,-0.1281
17,9,1982,-99.9,0.5612,0.1006,0.4488,0.1289,0.1268,0.0538,0.3166,0.0078,0.1960,-0.1873
17,9,1983,-99.9,-0.2108,0.2673,0.3236,0.1837,0.0142,0.1023,-0.0787,0.3683,-0.0479,0.2573
17,9,1984,-99.9,1.1894,0.0341,0.1940,0.0422,0.0219,-0.0369,0.1361,-0.0744,0.1529,0.3193
17,9,1985,-99.9,0.3749,0.0020,-0.0194,0.0378,-0.0841,-0.0819,-0.0267,0.0312,-0.3878,0.4130
17,9,1986,-99.9,1.2497,-0.1752,-0.1465,-0.0095,0.0401,-0.0538,0.0654,-0.0344,-0.1147,0.1582
17,9,1987,-99.9,-0.6552,0.2423,-0.0959,-0.0846,-0.1667,0.0777,0.1793,0.0911,-0.1962,0.2121
17,9,1988,-99.9,-0.6176,-0.0833,0.2084,0.1450,-0.1881,-0.0069,-0.0897,-0.1645,-0.2065,0.1583
17,9,1989,-99.9,0.5290,-0.2170,-0.0077,0.0829,0.1143,-0.0983,0.1420,0.0732,-0.1613,-0.0056
17,9,1990,-99.9,-0.0506,0.1689,-0.0419,0.0110,-0.0848,0.0422,-0.0852,-0.3740,0.2490,-0.1996
17,9,1991,-99.9,0.0765,-0.2380,-0.1977,-0.0161,-0.0534,0.0268,0.8039,0.0004,-0.1578,-0.3538
17,9,1992,-99.9,0.2945,-0.0631,-0.1198,-0.0666,-0.0443,-0.0952,-0.0137,0.2589,-0.3339,0.3115
17,9,1993,-99.9,-0.1774,0.0941,-0.0851,-0.0007,-0.4280,-0.1544,-0.1221,-0.4674,-0.1534,-0.0984
17,9,1994,-99.9,1.5485,0.0558,-0.0977,-0.1173,-0.2016,-0.1599,-0.0567,-0.2753,-0.5761,0.6687
17,9,1995,-99.9,0.2140,0.4796,0.0362,-0.2189,-0.3909,0.0374,-0.2102,-0.2000,-0.5671,-0.0222
17,9,1996,-99.9,-0.9097,0.0517,-0.1208,-0.3526,-0.4386,0.0165,0.4028,0.0756,0.6437,-0.0854
17,9,1997,-99.9,0.1485,-0.0252,0.0739,-0.1515,-0.2173,-0.0507,0.2513,0.2498,-0.6664,0.8191
17,9,1998,-99.9,-0.5120,0.2856,-0.0183,-0.1277,-0.3971,-0.0810,-0.2836,-0.3204,-0.0977,0.3928
17,9,1999,-99.9,-0.2483,-0.4660,0.1553,-0.0506,-0.3023,-0.2114,0.4401,-0.0081,-0.1410,0.2481
17,9,2000,-99.9,-0.3052,-0.2249,0.1243,0.0743,-0.0087,0.0772,-0.1947,0.1331,-0.2099,-0.0145
17,9,2001,-99.9,-0.8592,0.1023,-0.1861,0.0984,-0.3291,-0.2722,0.0800,-0.4104,0.4547,0.3286
17,9,2002,-99.9,-0.0704,-0.5970,-0.0093,0.2671,0.1335,0.0080,-0.0175,0.2521,0.0158,0.1542
17,9,2003,-99.9,-0.0758,0.1776,-0.0243,-0.0993,-0.0924,0.0648,-0.4937,-0.0380,0.0540,0.1822
17,9,2004,-99.9,-0.3231,-0.2760,0.0172,0.3263,-0.2534,-0.0701,0.5676,-0.4132,0.3560,-0.3887
17,9,2005,-99.9,0.1080,-0.1734,-0.0929,0.1390,-0.0146,0.1754,-0.0970,0.3137,-0.3870,0.3334
17,9,2006,-99.9,0.2182,-0.0326,0.0578,0.2455,-0.0930,0.1182,0.0788,0.1940,0.3247,-1.1716
17,9,2007,-99.9,0.5636,0.2222,0.1234,0.3283,0.0776,-0.1379,-0.1911,-0.0875,-0.1299,-1.1915
17,9,2008,-99.9,-0.4316,-0.0095,0.1196,-0.1657,-0.0959,0.2264,-0.1333,0.2174,-0.1050,0.2065
17,9,2009,-99.9,-0.3062,-0.1535,-0.0507,0.0716,0.0002,0.0644,0.1424,-0.1007,0.6446,-0.0421
17,9,2010,-99.9,-0.7263,-0.0933,0.1595,0.1745,0.0111,0.2412,-0.0360,-0.1104,-0.3736,-0.1131
# Species,Quarter,Year, Age_0, Age_1, Age_2, Age_3, Age_4, Age_5, Age_6, Age_7, Age_8
18,9,1963     ,-0.9802,-0.5342,0.6161,0.0991,0.2390,-0.1185,-0.2409,-0.0159,-0.3528
18,9,1964     ,0.1554,-0.4856,-0.5909,-0.0732,-0.0033,0.2732,0.1166,0.1602,0.3595
18,9,1965     ,-0.9198,0.1990,0.1735,-0.1984,-0.0203,-0.0765,0.0900,0.0487,0.0984
18,9,1966     ,-1.1062,0.2120,0.0355,-0.1263,-0.0652,-0.1863,0.4338,-0.0330,0.1241
18,9,1967     ,-0.8740,1.1249,0.0951,0.1175,0.0192,0.2558,-0.1456,0.0895,-0.5528
18,9,1968     ,-0.3539,-0.3455,0.5477,0.0430,0.1849,-0.0386,0.5619,-0.1759,-0.7628
18,9,1969     ,1.9450,1.0732,-0.0066,-0.0331,-0.2554,0.0308,-0.3489,0.3698,0.0760
18,9,1970     ,1.6946,0.7378,0.2444,-0.1013,-0.3599,-0.2794,-0.3501,0.4794,0.0339
18,9,1971     ,1.8950,0.9733,-0.0297,-0.0539,-0.1127,-0.1737,-0.3966,-0.1991,0.4763
18,9,1972     ,0.0678,0.3961,0.1571,-0.7033,-0.5012,-0.3424,-0.1966,0.7422,0.3866
18,9,1973     ,-0.4778,0.2261,0.3048,0.0305,-0.5466,0.3214,-0.3843,0.0426,-0.0650
18,9,1974     ,-0.2619,0.8340,0.5394,0.0752,-0.1823,-0.5873,0.0959,0.1155,-0.3933
18,9,1975     ,-0.7285,0.2626,0.4629,0.0716,-0.3306,-0.3485,1.0049,-0.9042,0.1184
18,9,1976     ,-0.1699,-0.5417,0.6278,0.2668,-0.1492,-0.4717,-0.3301,-0.1748,0.4576
18,9,1977     ,0.4903,0.5575,-0.0386,0.1214,-0.1654,-0.1351,-0.0962,-0.3192,0.8670
18,9,1978     ,0.6281,-0.2868,-0.0348,0.0816,0.0993,-0.3081,0.0690,0.3814,0.3780
18,9,1979     ,0.3518,0.1666,0.2300,0.2895,0.2832,0.1921,-0.0436,-0.0278,-0.1175
18,9,1980     ,0.1023,-1.1463,-0.1828,0.1976,0.2446,0.6258,0.1043,0.1179,0.2419
18,9,1981     ,0.8243,-0.5723,-0.3408,0.1505,0.2943,0.2894,0.3700,0.4808,-0.1289
18,9,1982     ,0.1414,0.1094,-0.0915,0.3086,0.3252,0.3062,0.1604,0.1460,-0.1830
18,9,1983     ,1.3913,0.2838,0.2651,0.3768,0.3774,0.2474,-0.0997,-0.2134,0.0514
18,9,1984     ,-0.3050,-0.2329,0.1685,0.3752,0.2991,0.5010,0.1278,-0.0176,-0.4368
18,9,1985     ,-0.2296,-0.1559,-0.7425,0.0818,0.2659,0.2716,0.4434,0.1944,0.0376
18,9,1986     ,-0.4708,0.0570,-0.3072,-0.0254,0.3906,0.2345,-0.1849,0.2393,-0.5450
18,9,1987     ,-1.1940,-0.7891,-0.2006,0.0718,0.4412,0.2694,0.4516,0.1271,0.2860
18,9,1988     ,0.1836,0.4248,-0.1460,0.0295,0.3360,0.3859,0.0709,0.1311,-0.5040
18,9,1989     ,-1.4542,-0.8654,-0.3772,-0.1970,0.0956,0.2986,0.0897,-0.1131,0.4357
18,9,1990     ,0.1976,-0.2815,-0.1160,0.0795,0.1878,0.4996,-0.4063,-0.2489,-0.3463
18,9,1991     ,2.5363,-0.5703,-0.0220,-0.4783,-0.1908,0.0274,-0.1483,-0.3077,0.0428
18,9,1992     ,1.1050,0.3312,-0.1242,-0.1875,-0.2462,-0.1159,0.0741,0.5593,-0.6936
18,9,1993     ,1.6023,-0.2380,-0.2409,-0.2498,-0.4428,-0.2709,-0.3651,-0.5140,0.1224
18,9,1994     ,0.6913,-0.2550,-0.4533,-0.1268,-0.1987,-0.0947,0.2564,0.0227,-0.2997
18,9,1995     ,2.8757,-0.2558,-0.3764,-0.1305,-0.1790,-0.1691,0.0373,0.3702,0.1111
18,9,1996     ,0.6241,-0.4176,-0.3508,-0.2041,-0.1988,-0.0492,-0.1372,-0.0823,0.1308
18,9,1997     ,-1.1043,-0.1475,-0.1332,0.0189,-0.0979,0.0618,-0.1115,-0.2272,-0.1787
18,9,1998     ,-0.0517,0.2706,-0.1118,-0.2123,-0.0761,0.0085,0.1321,0.1904,-0.3189
18,9,1999     ,-0.4250,0.3812,0.0343,-0.0323,-0.0613,-0.1538,-0.0976,-0.2098,-0.1277
18,9,2000     ,-1.9367,-1.0092,-0.4046,-0.2633,-0.2934,-0.1381,-0.0662,0.2302,-0.0452
18,9,2001     ,-1.6098,-0.9260,-0.7049,-0.5829,-0.3597,0.0648,0.1286,0.1068,0.2549
18,9,2002     ,1.4350,-0.4590,-0.4136,0.0238,-0.1052,-0.1985,-0.1712,0.2290,-0.0421
18,9,2003     ,0.9214,1.3710,0.5719,0.0404,0.0746,-0.0649,-0.3809,-0.5537,-0.4789
18,9,2004     ,0.5364,0.8058,0.3298,-0.2883,-0.0198,0.1474,0.2455,-0.0793,-0.6826
18,9,2005     ,0.0283,0.6308,0.7144,-0.0012,-0.3861,-0.0714,0.0439,0.0599,-0.3079
18,9,2006     ,-0.3831,0.7544,0.2815,0.3459,-0.1058,-0.1297,0.2543,-0.0241,-0.3187
18,9,2007     ,-0.1952,0.1547,0.0447,0.0769,0.0423,-0.1877,0.0134,0.2990,0.1114
18,9,2008     ,-1.7513,-0.0434,-0.0104,0.1387,0.0458,-0.0156,-0.0574,0.3013,0.1454
18,9,2009     ,-2.1613,-0.7185,0.0090,-0.0661,0.2087,0.0605,-0.0620,-0.0485,0.5419
18,9,2010     ,-2.7703,-0.2519,0.2835,-0.4413,-0.1975,0.1083,0.2342,-0.2353,0.4659
# Species,Quarter,Year, Age_0, Age_1, Age_2, Age_3, Age_4, Age_5, Age_6, Age_7, Age_8, Age_9, Age_10
19,9,1963     ,-2.5227,-0.3970,0.5936,-0.2441,-0.0908,0.0701,-0.4464,0.0684,0.3253,0.1301,0.0449
19,9,1964     ,1.3965,-1.3407,-0.7524,0.2876,-0.0277,0.1005,0.3312,0.1793,0.0997,0.4685,-0.0281
19,9,1965     ,2.5396,2.2296,-0.6119,-0.6577,-0.0076,0.5711,0.3368,-0.0012,0.3308,0.2975,-0.3151
19,9,1966     ,1.7927,2.7556,0.0304,-0.7720,0.0292,-0.0118,0.1541,0.2941,-0.0197,1.0842,-0.7167
19,9,1967     ,-1.0605,0.6640,0.7192,-0.8214,-0.1442,0.4398,-0.3222,-0.2915,0.2469,-0.1596,0.0159
19,9,1968     ,-2.2238,-0.6986,0.3947,0.1067,-0.4670,0.8096,0.4633,-1.0908,-0.8778,-1.4984,-1.9389
19,9,1969     ,-0.8759,-2.4370,-0.1299,0.1710,-0.3348,0.1831,1.2961,0.1601,-1.2451,-1.0894,-2.2876
19,9,1970     ,0.3992,0.3118,0.3433,0.1664,-0.1326,-0.8847,0.8271,0.4206,0.2317,-1.2489,-0.4754
19,9,1971     ,-0.8224,0.7901,0.0797,-0.0774,0.0841,-0.4059,-0.3197,0.5245,1.2118,0.2543,0.6705
19,9,1972     ,0.2031,-0.8692,-0.0523,0.2288,0.1397,0.1639,-0.4534,-0.1385,-0.3350,0.4094,-0.2353
19,9,1973     ,-1.6628,0.4781,-0.2554,0.2309,-0.1931,0.0450,0.2866,-0.0223,0.5728,0.7092,0.0344
19,9,1974     ,0.0846,0.8419,0.2609,0.1334,0.0019,-0.2909,-0.0389,0.2056,-0.7327,-0.1050,-0.5949
19,9,1975     ,-0.5137,0.2024,0.3625,-0.1306,0.0476,-0.2470,0.0185,0.2266,-0.2859,0.1035,0.4817
19,9,1976     ,0.5360,0.3789,-0.1146,0.3786,-0.4086,0.2970,0.0791,-0.0740,-0.5439,-0.2184,-0.2876
19,9,1977     ,-0.6137,0.5504,0.2675,-0.1295,-0.0201,0.0393,-0.0055,0.0428,0.5682,-0.4387,-0.5054
19,9,1978     ,-0.1398,0.4189,0.3481,-0.0323,0.0013,-0.3141,0.1309,0.1802,-0.0430,1.4211,-0.3914
19,9,1979     ,0.6629,-0.2951,0.1872,0.1617,0.0230,0.1164,-0.2764,0.0265,0.0333,0.2197,0.4064
19,9,1980     ,0.3344,-0.2560,-0.0135,0.0604,0.0894,-0.0467,0.2443,-0.3120,0.3722,0.0591,0.6926
19,9,1981     ,0.9802,-0.5286,-0.3443,0.1614,-0.1297,-0.2539,-0.1189,0.5310,-0.6603,0.9226,-0.0662
19,9,1982     ,0.9312,-0.1960,-0.3702,0.1683,0.1189,-0.5383,-0.1569,0.5623,0.4673,-1.0727,-0.2457
19,9,1983     ,1.0185,-0.3391,-0.1122,0.0182,0.1856,-0.0496,-0.4256,-0.2024,-0.2941,-0.2577,0.0373
19,9,1984     ,-0.1765,-0.3425,0.0079,-0.0190,0.0170,0.0015,-0.2885,-0.2288,-0.3682,0.3385,0.2274
19,9,1985     ,1.4221,0.5103,0.0195,0.1164,0.1172,-0.0362,-0.0403,-0.1347,0.0926,0.4465,1.0919
19,9,1986     ,-0.6176,-0.0311,0.2660,0.1388,0.2299,-0.0480,-0.4298,-0.3951,-0.7346,0.2892,1.4010
19,9,1987     ,-0.4584,-0.4217,0.1036,-0.2077,0.0965,-0.0904,0.0964,0.0442,-0.1245,-0.2114,1.3237
19,9,1988     ,-0.1610,-0.1818,0.0176,0.0219,0.0753,0.4033,0.2871,0.0011,0.0633,-0.6246,0.5016
19,9,1989     ,-0.4496,0.2046,-0.0687,0.0388,0.0541,0.0697,0.3513,0.5652,0.0611,0.5883,-0.5989
19,9,1990     ,0.0221,0.4116,0.5205,-0.1518,0.0687,-0.3480,0.0637,0.2695,0.4631,-0.0862,0.0509
19,9,1991     ,0.8428,0.2728,0.1686,-0.1355,-0.2197,0.1673,-0.2392,0.6920,0.6783,1.2941,0.3376
19,9,1992     ,1.1771,0.0896,0.1916,0.2080,0.1734,0.2128,0.7789,0.4551,1.6497,1.1661,1.7459
19,9,1993     ,1.6008,-0.0565,-0.0409,-0.0680,-0.0989,0.1032,0.3594,0.5171,0.2416,1.5003,1.4670
19,9,1994     ,-0.3688,-0.0296,-0.3408,-0.1825,0.1022,0.1179,0.4034,0.8684,0.8906,1.1523,1.3496
19,9,1995     ,1.6934,-0.3263,-0.2550,0.0094,0.0521,0.4137,0.2728,0.3444,0.6655,0.0258,0.7312
19,9,1996     ,1.3079,-1.0717,-0.5573,-0.2054,-0.0119,-0.0734,0.5067,1.6619,0.1959,1.0330,0.1206
19,9,1997     ,0.1909,0.0148,-0.5094,-0.2470,-0.0528,0.2734,-0.0741,0.3822,0.3310,0.0663,0.4845
19,9,1998     ,0.7424,0.1004,-0.0349,-0.4946,0.2271,0.1938,-0.0297,-0.3731,-0.2807,-0.3103,0.2635
19,9,1999     ,-0.7800,0.3863,0.0557,-0.3141,-0.2942,0.2094,0.1596,0.0167,-0.0270,-0.8764,-0.5848
19,9,2000     ,-2.1585,-1.2255,0.0581,-0.2757,-0.1147,-0.2698,0.0335,-0.0113,-0.8379,-1.3356,-0.9654
19,9,2001     ,-0.4619,-0.6637,-0.6486,0.0804,-0.1222,-0.1381,0.1237,-0.1392,0.3934,-0.6721,-0.6035
19,9,2002     ,2.3049,0.7523,-0.7839,-0.6769,-0.0129,0.0005,0.0239,0.6154,0.1372,2.0068,-0.4535
19,9,2003     ,0.6646,0.7946,0.4277,-0.5036,-0.3120,-0.0016,-0.0762,-0.2196,-0.0069,-0.5388,0.3626
19,9,2004     ,-1.2383,-0.1574,0.2514,-0.2146,-0.1289,0.2141,-0.3783,-0.8534,-1.3676,-0.7205,-0.9596
19,9,2005     ,-2.1492,-0.1606,-0.0122,-0.1684,-0.4222,0.1308,0.3242,-0.6820,-1.0227,-1.5584,-1.8673
19,9,2006     ,-2.0803,-1.0323,-0.0096,-0.2752,-0.3075,-0.1935,-0.1538,-0.0058,-1.4839,-2.0143,-2.3738
19,9,2007     ,-1.2423,-0.9300,-0.6165,0.0861,0.0891,-0.0617,0.4088,0.3670,-0.3202,-0.9476,-1.9236
19,9,2008     ,-0.1042,0.0342,-0.0077,-0.4198,0.3222,0.1272,0.1273,0.3781,0.1462,0.0095,-1.8539
19,9,2009     ,-0.2575,-0.3709,-0.0392,0.0386,0.4274,0.0241,-0.1277,0.2157,0.3411,-0.8793,-0.8587
19,9,2010     ,0.4390,0.1135,0.0472,0.2706,0.0014,0.3650,-0.1574,-0.1654,-0.5132,-0.5097,-1.8080
# Species,Quarter,Year, Age_0, Age_1, Age_2, Age_3, Age_4, Age_5, Age_6, Age_7, Age_8, Age_9, Age_10
20,9,1963,-99.9,-99.9,-99.9,-1.8691,0.0824,0.8085,0.1773,-0.0597,-0.4050,0.3213,0.1261
20,9,1964,-99.9,-99.9,-99.9,-0.4031,-1.0564,0.0114,-0.2244,-0.0978,0.3704,0.6059,-0.3181
20,9,1965,-99.9,-99.9,-99.9,-0.5524,0.8317,0.8593,0.3410,0.1650,-0.3580,-0.1906,-0.2371
20,9,1966,-99.9,-99.9,-99.9,-0.8199,-0.2086,-0.0279,0.3625,0.0658,-0.1599,0.2330,-0.2774
20,9,1967,-99.9,-99.9,-99.9,-0.3897,-0.4293,-0.1058,0.0366,0.2380,-0.1750,0.0451,0.0711
20,9,1968,-99.9,-99.9,-99.9,0.7785,0.3944,0.5648,0.1937,-0.4099,-0.4168,0.0458,0.1744
20,9,1969,-99.9,-99.9,-99.9,-0.4220,-0.0914,-0.2793,0.0373,0.1589,0.2172,0.4095,-0.5992
20,9,1970,-99.9,-99.9,-99.9,-0.2766,0.6016,0.4447,0.5566,0.0976,-0.2789,-0.1155,-0.3704
20,9,1971,-99.9,-99.9,-99.9,0.1818,-0.0665,0.1177,-0.2999,-0.0975,0.1734,0.0107,0.2844
20,9,1972,-99.9,-99.9,-99.9,0.4841,0.0140,-0.3956,0.2185,-0.0371,0.0435,-0.0180,-0.0579
20,9,1973,-99.9,-99.9,-99.9,0.8256,0.3059,-0.2023,-0.1273,-0.0001,0.0486,-0.1896,0.1935
20,9,1974,-99.9,-99.9,-99.9,1.0383,0.1578,-0.2543,-0.0057,0.2173,-0.0614,0.0168,-0.3395
20,9,1975,-99.9,-99.9,-99.9,0.4291,0.0032,-0.4766,-0.2978,0.1288,0.2942,-0.0864,-0.0758
20,9,1976,-99.9,-99.9,-99.9,1.1839,0.5215,0.0341,-0.1248,-0.1248,-0.0191,-0.0404,-0.0303
20,9,1977,-99.9,-99.9,-99.9,-0.4415,-0.1567,-0.1102,-0.0511,0.0001,0.3253,0.0702,-0.0139
20,9,1978,-99.9,-99.9,-99.9,0.7166,0.2288,0.1096,-0.1950,-0.2554,0.0408,-0.0109,0.2943
20,9,1979,-99.9,-99.9,-99.9,-0.4028,-0.1563,-0.0041,0.0728,0.3084,-0.0420,-0.1089,0.0196
20,9,1980,-99.9,-99.9,-99.9,-0.2198,-0.7645,-0.0629,0.0672,0.1951,-0.0523,-0.0300,0.2354
20,9,1981,-99.9,-99.9,-99.9,-0.6589,-0.8677,-0.6245,-0.1859,0.1068,0.3972,-0.0594,0.6314
20,9,1982,-99.9,-99.9,-99.9,-0.1906,0.0047,0.1127,0.1708,0.1565,0.1312,-0.1510,0.2028
20,9,1983,-99.9,-99.9,-99.9,-0.5144,-0.7700,0.0629,0.1594,0.4573,0.2481,0.0858,-0.1961
20,9,1984,-99.9,-99.9,-99.9,0.7922,0.0620,-0.0840,0.5437,0.0542,0.1796,-0.3339,-0.4670
20,9,1985,-99.9,-99.9,-99.9,1.1265,0.6246,0.0542,-0.1805,-0.0573,-0.0020,-0.2974,-0.0360
20,9,1986,-99.9,-99.9,-99.9,-0.4583,0.7257,-0.0254,-0.1807,-0.1621,-0.1987,-0.0081,0.0469
20,9,1987,-99.9,-99.9,-99.9,-0.4382,0.5342,-0.0059,-0.4327,-0.1598,0.1589,0.2175,0.2607
20,9,1988,-99.9,-99.9,-99.9,-0.2805,-0.3777,0.4376,-0.3633,-0.0469,0.1909,0.3661,0.0496
20,9,1989,-99.9,-99.9,-99.9,-0.0401,0.0164,-0.0160,0.3440,-0.2350,-0.0109,0.0335,-0.0759
20,9,1990,-99.9,-99.9,-99.9,0.7187,0.1759,0.0432,0.0063,-0.0211,-0.0017,-0.1765,-0.1388
20,9,1991,-99.9,-99.9,-99.9,0.4258,0.6100,0.0836,-0.2085,-0.1441,-0.2623,-0.0477,0.1647
20,9,1992,-99.9,-99.9,-99.9,0.6628,0.8529,0.6900,0.3147,-0.1611,-0.3002,-0.2892,-0.0225
20,9,1993,-99.9,-99.9,-99.9,0.6368,-0.1588,-0.5021,-0.1810,-0.2162,0.0860,0.1462,0.1986
20,9,1994,-99.9,-99.9,-99.9,0.5532,0.5920,-0.0736,0.0013,-0.2668,-0.5332,0.0558,0.5680
20,9,1995,-99.9,-99.9,-99.9,-0.5203,0.0816,-0.4966,-0.5272,0.2114,-0.1107,0.4646,0.4652
20,9,1996,-99.9,-99.9,-99.9,-0.4719,-0.4047,-0.3004,0.2124,0.2508,-0.2119,-0.1989,0.5319
20,9,1997,-99.9,-99.9,-99.9,-0.2093,-0.0861,-0.2183,-0.0971,0.1161,0.1693,-0.1376,0.4593
20,9,1998,-99.9,-99.9,-99.9,0.3092,0.0080,-0.1893,0.0906,-0.0216,-0.0208,0.2698,0.0573
20,9,1999,-99.9,-99.9,-99.9,-0.8452,-0.2178,-0.3571,-0.2161,-0.0928,0.3866,0.0679,0.3364
20,9,2000,-99.9,-99.9,-99.9,-0.4720,-0.4388,-0.2447,0.2117,-0.2426,-0.2009,0.1558,-0.0151
20,9,2001,-99.9,-99.9,-99.9,-0.1081,0.2188,0.1448,-0.0093,-0.1764,0.0983,0.0593,-0.4485
20,9,2002,-99.9,-99.9,-99.9,-0.2786,-0.0395,-0.8183,-0.2900,-0.1833,-0.1515,0.3926,0.0824
20,9,2003,-99.9,-99.9,-99.9,-0.2232,-0.6908,-0.3875,-0.1294,0.1458,0.0799,0.2151,-0.2005
20,9,2004,-99.9,-99.9,-99.9,-0.7324,-0.3944,-0.6906,-0.0278,0.0236,0.3224,0.5305,-0.5152
20,9,2005,-99.9,-99.9,-99.9,-0.2551,-0.4463,-0.3007,0.1546,0.3092,0.2791,0.3054,-0.8884
20,9,2006,-99.9,-99.9,-99.9,0.4963,-0.2658,-0.6090,-0.1817,0.0592,0.0666,0.1258,-0.2064
20,9,2007,-99.9,-99.9,-99.9,0.3609,0.0034,-0.2597,0.0488,0.1148,0.1586,-0.2199,-0.2535
20,9,2008,-99.9,-99.9,-99.9,0.0771,0.0135,-0.1253,0.2238,-0.0740,0.0393,-0.1600,-0.2428
20,9,2009,-99.9,-99.9,-99.9,0.0082,-0.5120,-0.6575,-0.0413,-0.0349,-0.0171,-0.0627,-0.1300
20,9,2010,-99.9,-99.9,-99.9,0.6273,0.0380,-0.3500,-0.2508,-0.0574,-0.2662,0.0251,0.1411
# Species,Quarter,Year, Age_0, Age_1, Age_2, Age_3, Age_4, Age_5, Age_6, Age_7
21,9,1963     ,0.1607,0.2315,0.3217,0.1005,0.0253,-0.1177,-0.3181,-0.2770
21,9,1964     ,-0.4368,0.6793,0.0471,-0.1015,0.0828,-0.1044,-0.0365,-0.4172
21,9,1965     ,-1.4357,-0.0637,0.1238,-0.1131,0.0915,0.0599,-0.0977,0.3709
21,9,1966     ,-0.0561,-0.1336,0.1282,-0.1551,-0.0974,0.0850,-0.3081,0.5189
21,9,1967     ,-0.5633,0.0391,-0.1973,0.0078,-0.0359,0.0224,-0.2242,0.6492
21,9,1968     ,-0.6820,-0.6737,0.2479,0.6969,0.1734,-0.2374,-0.0433,-0.1023
21,9,1969     ,-1.6799,-0.2743,0.1309,-0.0964,0.0851,0.4607,0.0826,0.1206
21,9,1970     ,0.2652,-0.5335,0.0848,0.3423,0.3045,0.0420,0.2424,-0.2295
21,9,1971     ,-0.2100,0.3191,-0.1471,-0.0722,0.1305,-0.2989,0.4406,0.0653
21,9,1972     ,0.7418,0.6275,0.3373,0.3088,0.3243,-0.0137,-0.2999,-1.3907
21,9,1973     ,0.2897,0.2906,-0.2424,0.0158,0.2400,0.0285,0.4052,-0.4639
21,9,1974     ,0.9741,0.1695,-0.1272,-0.4399,-0.2018,0.3775,0.1697,0.0244
21,9,1975     ,-0.0240,0.1706,0.0552,-0.3623,-0.2360,-0.1423,-0.0240,0.3822
21,9,1976     ,0.9111,-1.1545,0.4079,0.2919,0.1616,0.1565,-0.6124,0.3641
21,9,1977     ,1.5709,0.1218,-0.8341,0.5419,-0.0366,-0.0623,-0.1970,0.0182
21,9,1978     ,-0.1255,0.7995,-0.8611,-0.2044,-0.0781,-0.3503,-0.3698,1.0719
21,9,1979     ,0.0350,0.4862,-0.0228,-0.3805,0.3920,-0.6307,-0.9686,1.0816
21,9,1980     ,-0.9039,-0.7415,0.6254,0.2641,0.3548,0.9950,-1.2232,-0.0529
21,9,1981     ,0.1253,-0.9318,-0.0028,-0.7472,-0.8360,0.2236,0.4902,0.5661
21,9,1982     ,0.5111,-0.5455,-0.0530,0.6108,-0.1888,-0.5176,-0.4452,0.1432
21,9,1983     ,1.7866,0.4789,-0.0992,-0.3253,-0.1306,-0.6542,-0.8285,0.0613
21,9,1984     ,0.8279,-0.1454,-0.0279,-0.2047,-0.1791,-0.1125,-0.4980,0.0274
21,9,1985     ,-0.3539,0.2192,-0.1496,0.1911,-0.1268,-0.3475,-0.4006,-0.0971
21,9,1986     ,-0.6042,0.3724,0.0707,0.0734,0.0167,-0.3519,-0.2085,0.1338
21,9,1987     ,0.4879,0.5172,0.2866,0.0159,0.1389,0.1007,-0.1630,-0.2333
21,9,1988     ,-0.1508,0.9896,0.0424,0.0897,-0.0103,0.1377,0.0884,-0.0145
21,9,1989     ,-0.1024,0.4859,0.1045,0.1109,0.3956,0.0699,0.1190,0.1651
21,9,1990     ,-0.7555,0.6939,0.0520,-0.0181,0.2898,0.3620,-0.1698,0.2871
21,9,1991     ,-0.1935,0.1340,0.2727,-0.0895,-0.0145,0.1671,0.1861,-0.0880
21,9,1992     ,0.6169,-0.0238,0.0151,-0.4165,-0.2214,-0.0944,0.2629,0.2981
21,9,1993     ,0.2753,-0.1744,-0.2835,-0.4317,-0.4092,-0.2920,-0.0758,0.3686
21,9,1994     ,-0.1683,-0.8186,-0.0052,-0.3310,-0.0670,-0.4309,-0.0910,0.4645
21,9,1995     ,0.3650,-0.6656,-0.1845,-0.0410,-0.2408,-0.2239,-0.1505,0.7498
21,9,1996     ,-0.1222,0.0702,-0.1427,0.1643,-0.1794,-0.1315,-0.3351,0.3960
21,9,1997     ,-1.0114,-1.2471,-0.0072,0.1489,0.2538,0.1152,0.0467,0.5296
21,9,1998     ,-1.1869,0.6801,0.1822,-0.0954,-0.3162,-0.5043,-0.3361,-0.3835
21,9,1999     ,-0.1607,-0.1646,0.3462,0.4546,-0.1271,-0.5223,-0.3432,-0.2858
21,9,2000     ,-0.0551,-0.0351,0.3326,0.0974,0.1549,-0.3318,-0.3465,-0.1725
21,9,2001     ,-0.3034,0.1647,-0.3035,0.3808,0.0378,-0.1927,-0.2844,0.1909
21,9,2002     ,-0.1430,-0.4164,0.1552,0.0874,0.2394,-0.3843,-0.0081,0.3609
21,9,2003     ,-0.3469,0.2667,-0.2678,0.0458,0.0446,0.0467,-0.1373,0.2758
21,9,2004     ,0.0556,-0.3379,-0.1932,-0.0912,0.2374,0.0019,0.2717,0.6113
21,9,2005     ,0.5189,0.4199,-0.1563,-0.2196,-0.1035,0.0373,0.1757,0.7776
21,9,2006     ,0.3459,-0.2114,-0.0768,0.0686,0.2419,0.0475,0.3864,0.3340
21,9,2007     ,-0.1690,-0.2642,-0.2824,0.1645,0.3343,0.0904,0.3869,0.4626
21,9,2008     ,0.5196,-0.2933,0.2095,-0.0594,-0.0421,0.0339,0.1088,0.3495
21,9,2009     ,0.4944,0.1515,0.1494,-0.3431,-0.0306,-0.2991,-0.1421,0.5436
21,9,2010     ,0.4777,0.0108,0.3500,-0.0306,-0.1463,-0.2514,-0.2425,0.2991
# Species,Quarter,Year, Age_0, Age_1, Age_2, Age_3, Age_4
22,9,1963     ,0.4874,-0.0731,-0.0731,0.0648,0.0261
22,9,1964     ,0.5174,-0.0162,-0.0455,0.0832,-0.0914
22,9,1965     ,0.5250,-0.0102,-0.0435,0.0525,-0.0917
22,9,1966     ,0.4313,0.0306,-0.0489,0.0424,-0.1274
22,9,1967     ,0.2462,0.0607,-0.0170,0.0290,-0.1556
22,9,1968     ,0.6070,0.1174,-0.0315,0.0226,-0.2224
22,9,1969     ,0.6490,0.0232,0.0901,0.0730,-0.2872
22,9,1970     ,-0.4824,0.0893,-0.0297,0.1507,-0.2173
22,9,1971     ,1.6229,-0.6026,0.2084,0.1808,-0.0079
22,9,1972     ,-1.5878,-0.2923,0.9058,-0.3262,-0.0989
22,9,1973     ,-1.9337,0.4411,-0.2543,0.4171,-0.4154
22,9,1974     ,-0.0529,0.4307,-0.6710,0.1322,0.0403
22,9,1975     ,0.2296,-0.3021,-0.2484,0.4664,-0.0409
22,9,1976     ,-0.9145,0.1975,0.0925,-0.0887,-0.1736
22,9,1977     ,-0.4745,0.1033,-0.3256,0.3589,-0.1431
22,9,1978     ,0.8953,0.3530,0.0484,0.0569,-0.4565
22,9,1979     ,0.4400,-0.4127,0.1046,0.1811,0.2579
22,9,1980     ,-0.8090,0.0363,0.3203,0.1989,-0.2767
22,9,1981     ,0.0421,-0.5865,-0.2368,0.0885,-0.3744
22,9,1982     ,0.7189,-0.4057,-0.3788,-0.2202,-0.0285
22,9,1983     ,0.2601,-0.6254,0.6968,-0.1256,-0.5270
22,9,1984     ,-2.8910,-0.1688,-0.6720,0.6683,-0.2841
22,9,1985     ,-1.0766,-1.7663,-0.0838,0.7999,-0.5517
22,9,1986     ,0.3766,0.4672,0.7977,0.0181,-0.7884
22,9,1987     ,-1.2013,0.4914,0.6524,0.0478,-0.4142
22,9,1988     ,-0.1867,-0.8382,0.3561,0.2132,0.7360
22,9,1989     ,0.0166,0.4897,-0.3124,-0.2465,0.2326
22,9,1990     ,-0.1300,-0.0730,-0.0457,0.3153,-0.3621
22,9,1991     ,0.7237,0.4248,0.0873,-0.6171,0.4412
22,9,1992     ,0.2488,0.6670,0.1085,-0.2719,0.3178
22,9,1993     ,1.1300,-0.1157,-0.0337,-0.0094,0.7386
22,9,1994     ,-2.7863,0.0758,-0.0975,0.1961,0.5366
22,9,1995     ,-0.1352,0.5462,-0.2301,0.0302,-0.0288
22,9,1996     ,0.3586,-0.1987,-0.0745,0.0060,0.4474
22,9,1997     ,0.2137,0.1782,-0.1711,0.1275,0.2016
22,9,1998     ,2.0672,0.1198,0.1450,0.2815,-0.0012
22,9,1999     ,1.3205,0.3681,0.0939,-0.0239,0.3236
22,9,2000     ,-0.1960,0.2813,0.4227,0.1915,0.0720
22,9,2001     ,1.9145,0.2163,-0.1857,-0.5127,0.6666
22,9,2002     ,-0.9122,0.7135,0.1474,-0.4880,0.1470
22,9,2003     ,0.7898,-0.0350,-0.6034,-0.0873,0.6845
22,9,2004     ,0.1686,0.3110,0.0832,-0.0118,-0.1354
22,9,2005     ,-1.3672,-0.3289,-0.5204,0.3905,-0.1967
22,9,2006     ,0.9536,-0.1947,-0.3847,-0.1767,0.2142
22,9,2007     ,0.6460,0.0040,-0.1117,0.0332,-0.4503
22,9,2008     ,-0.7588,-0.2089,0.0431,0.0400,-0.0204
22,9,2009     ,0.3846,0.3497,0.1091,0.0887,-0.6395
22,9,2010     ,0.1477,0.0788,-0.0438,0.2756,-0.2643
# Species,Quarter,Year, Age_0, Age_1, Age_2, Age_3
23,9,1963     ,0.0114,0.1401,-0.0950,-0.0000
23,9,1964     ,-0.1024,-0.1698,-0.0064,0.0945
23,9,1965     ,-0.0772,-0.0306,0.1268,-0.1401
23,9,1966     ,0.0088,-0.0498,0.0263,-0.0527
23,9,1967     ,0.0128,0.0121,0.0147,-0.1151
23,9,1968     ,-0.1656,0.0850,-0.0342,-0.0571
23,9,1969     ,0.1130,-0.1295,0.0724,0.0483
23,9,1970     ,0.4557,0.0151,0.2505,-0.1855
23,9,1971     ,0.2000,-0.0154,0.0304,0.1722
23,9,1972     ,0.5671,-0.0656,0.0718,0.1496
23,9,1973     ,-0.3639,0.3269,-0.1124,0.0472
23,9,1974     ,-0.0524,-0.2954,-0.2035,0.3238
23,9,1975     ,0.3391,0.2702,-0.1131,-0.1610
23,9,1976     ,0.0872,0.0935,0.1128,0.1584
23,9,1977     ,-0.0518,0.2551,0.1897,0.0591
23,9,1978     ,-0.8437,-0.0424,-0.1092,0.5373
23,9,1979     ,-0.9527,0.0259,0.3460,0.0429
23,9,1980     ,-0.9981,0.0719,0.3550,-0.0180
23,9,1981     ,2.7008,0.0901,0.2707,0.0069
23,9,1982     ,-0.9465,0.6655,0.1497,0.2515
23,9,1983     ,0.0236,0.3115,0.8012,0.2468
23,9,1984     ,0.0002,-0.2880,0.0654,0.9251
23,9,1985     ,-1.2670,-0.2417,-0.5940,0.2202
23,9,1986     ,0.7103,-0.6704,-0.0401,-0.1353
23,9,1987     ,-1.3554,-0.0591,-0.3812,-0.8104
23,9,1988     ,0.8113,-0.4878,0.1186,-0.5462
23,9,1989     ,1.7076,0.4322,0.2231,-1.0863
23,9,1990     ,-0.2938,0.1119,-0.2595,-0.0731
23,9,1991     ,0.6019,-0.4951,-0.0102,-0.1355
23,9,1992     ,0.3049,0.2269,-0.0777,0.2292
23,9,1993     ,-0.0628,-0.1335,-0.2187,-0.5469
23,9,1994     ,0.3198,-0.1882,-0.2204,-0.2970
23,9,1995     ,1.1035,0.4881,-0.3998,-0.3461
23,9,1996     ,1.2528,0.0484,-0.1446,-0.1140
23,9,1997     ,0.3237,0.2481,-0.0959,-0.1105
23,9,1998     ,-0.2954,0.1514,-0.0937,-0.1591
23,9,1999     ,0.1869,-0.1931,0.3180,-0.2127
23,9,2000     ,-0.5103,0.4747,-0.3379,-0.0798
23,9,2001     ,0.0483,-0.5375,0.1893,0.1213
23,9,2002     ,1.0640,0.3158,0.5903,-1.0229
23,9,2003     ,-2.4949,-0.6549,0.1288,0.8932
23,9,2004     ,-0.1826,-0.2776,0.3356,-0.0297
23,9,2005,-99.9,-99.9,-99.9,-99.9
23,9,2006     ,0.1405,0.0232,-0.4119,0.2782
23,9,2007,-99.9,-99.9,-99.9,-99.9
23,9,2008     ,1.9059,0.5110,0.5230,-1.4700
23,9,2009     ,-0.8615,-0.1934,0.9257,-0.7279
23,9,2010     ,-1.8288,0.7670,0.5825,-1.1769
# Species,Quarter,Year, Age_0, Age_1, Age_2, Age_3
24,9,1963,-99.9,-0.1191,0.0811,0.0206
24,9,1964,-99.9,0.2402,0.0297,-0.1343
24,9,1965,-99.9,0.1088,0.4289,-0.1270
24,9,1966,-99.9,0.0213,0.3805,0.3057
24,9,1967,-99.9,-0.1185,0.2225,0.3638
24,9,1968,-99.9,-0.1679,0.1067,0.4604
24,9,1969,-99.9,-0.1971,-0.3008,0.5858
24,9,1970,-99.9,-0.0327,-0.8094,0.6891
24,9,1971,-99.9,0.3506,-0.6089,-0.0214
24,9,1972,-99.9,0.2917,-0.0224,-0.4761
24,9,1973,-99.9,0.3926,-0.1473,-0.4354
24,9,1974,-99.9,0.1206,-0.0838,-0.0545
24,9,1975,-99.9,0.2819,-0.0568,-0.0258
24,9,1976,-99.9,-0.1539,-0.1549,0.2525
24,9,1977,-99.9,0.2356,-0.1904,-0.0777
24,9,1978,-99.9,0.6758,-0.4864,-0.0305
24,9,1979,-99.9,0.3177,-0.3250,0.2284
24,9,1980,-99.9,0.1121,-0.0654,0.1944
24,9,1981,-99.9,0.3907,-0.0594,-0.0520
24,9,1982,-99.9,0.6250,0.3082,-0.0283
24,9,1983,-99.9,0.1696,-0.2431,0.0843
24,9,1984,-99.9,-0.2696,-0.7970,0.2717
24,9,1985,-99.9,-0.1795,0.4715,-0.4564
24,9,1986,-99.9,-0.9878,-0.3160,0.8923
24,9,1987,-99.9,-0.5096,-0.1497,-1.1195
24,9,1988,-99.9,-0.6430,1.5123,-1.1946
24,9,1989,-99.9,-0.6135,0.7172,-0.8718
24,9,1990,-99.9,-0.0182,0.7415,-0.8495
24,9,1991,-99.9,-0.5805,0.2988,0.3595
24,9,1992,-99.9,0.6444,-0.1447,0.3571
24,9,1993,-99.9,0.0227,0.7433,0.2716
24,9,1994,-99.9,0.5949,0.0209,0.6038
24,9,1995,-99.9,0.3700,0.3354,0.6311
24,9,1996,-99.9,-0.8381,0.3973,0.8419
24,9,1997,-99.9,-0.0243,0.1289,-0.1183
24,9,1998,-99.9,-0.0876,-0.1550,-0.2483
24,9,1999,-99.9,0.2393,-0.1429,0.0752
24,9,2000,-99.9,0.0202,-0.3021,0.5138
24,9,2001,-99.9,-0.3539,-0.1042,0.3022
24,9,2002,-99.9,0.0115,-0.3181,-0.4009
24,9,2003,-99.9,-0.0075,-0.1671,-0.0938
24,9,2004,-99.9,-0.1065,-0.5725,-0.4800
24,9,2005,-99.9,0.8441,-0.3639,-0.7872
24,9,2006,-99.9,-0.2903,-0.2884,-0.2694
24,9,2007,-99.9,-0.1050,-0.1114,-0.8268
24,9,2008,-99.9,-0.9611,-0.0573,-0.1432
24,9,2009,-99.9,1.0041,-0.1909,-0.8429
24,9,2010,-99.9,-0.4149,-0.2735,0.8568
# Species,Quarter,Year, Age_0, Age_1, Age_2, Age_3, Age_4, Age_5, Age_6, Age_7, Age_8, Age_9, Age_10
25,9,1963,-99.9,0.0377,-0.0151,-0.0266,-0.0111,-0.0801,0.0940,0.1704,0.0475,-0.0520,-0.1329
25,9,1964,-99.9,-1.6601,0.1123,0.0380,0.0053,0.1735,0.0848,0.0473,-0.1116,-0.1082,-0.0611
25,9,1965,-99.9,-0.7714,-0.2227,0.0456,-0.0273,-0.1499,0.1550,0.1241,-0.0896,-0.0818,0.2368
25,9,1966,-99.9,-0.7872,-0.0185,0.0158,0.0129,0.0624,-0.1173,0.1431,-0.0777,-0.0389,0.1184
25,9,1967,-99.9,-1.0148,0.0115,0.0251,0.0752,0.1557,0.1515,0.0596,-0.1445,-0.1137,-0.1455
25,9,1968,-99.9,0.4743,-0.0459,-0.0139,-0.0198,0.1213,-0.0612,0.1479,0.0849,-0.3610,0.0701
25,9,1969,-99.9,0.1254,-0.0554,-0.0977,-0.1346,-0.1783,0.2323,-0.0233,-0.1066,0.1510,0.1585
25,9,1970,-99.9,0.3412,0.0818,0.0417,0.0763,0.0088,0.1546,0.4016,-0.3446,-0.3019,-0.1574
25,9,1971,-99.9,0.2083,-0.0976,-0.1131,-0.1923,-0.0627,-0.0161,0.1637,-0.1067,0.1392,0.1587
25,9,1972,-99.9,0.3008,-0.0747,-0.0496,-0.1128,-0.0948,0.0497,0.1458,0.0827,-0.2185,0.1123
25,9,1973,-99.9,-0.4639,-0.1481,-0.1259,0.1259,0.1177,-0.0715,0.0267,0.1224,-0.1455,-0.0816
25,9,1974,-99.9,0.2076,-0.0999,-0.1074,-0.0451,0.1215,-0.0810,0.0404,0.0706,-0.0635,-0.0237
25,9,1975,-99.9,0.6124,-0.0078,-0.0397,-0.1486,-0.0053,0.0138,0.0370,0.0861,-0.0139,-0.0205
25,9,1976,-99.9,0.7695,0.0057,-0.0688,-0.0390,-0.2162,-0.0477,0.1411,0.1049,0.0753,0.0280
25,9,1977,-99.9,0.6651,0.0438,-0.0208,-0.0268,0.2847,-0.0693,0.0603,-0.1044,0.0026,-0.1345
25,9,1978,-99.9,0.7806,0.0681,-0.0341,-0.0291,0.0248,0.0769,0.2985,0.0246,-0.3032,-0.1364
25,9,1979,-99.9,0.6625,0.1541,-0.0248,-0.0968,-0.0167,0.1074,0.0642,0.0512,-0.0443,-0.1337
25,9,1980,-99.9,0.3456,0.0112,0.2126,0.0588,-0.0911,0.0050,0.1014,-0.2215,0.0149,-0.1576
25,9,1981,-99.9,-0.1229,0.1301,0.0517,-0.0552,-0.0484,-0.1080,0.1193,0.0358,-0.3073,0.1452
25,9,1982,-99.9,0.1995,-0.0274,0.2070,0.0089,-0.1435,-0.1859,0.0835,-0.0374,-0.1530,0.0975
25,9,1983,-99.9,0.1488,0.0921,-0.0293,0.1359,-0.0773,-0.1599,-0.0617,0.0386,-0.0854,0.0926
25,9,1984,-99.9,0.3408,0.0712,0.0668,-0.0204,-0.0971,-0.1235,-0.0582,0.0524,0.1132,0.0063
25,9,1985,-99.9,0.4238,-0.0326,-0.0705,0.2350,-0.0751,-0.1761,0.0804,-0.0259,-0.0639,0.1695
25,9,1986,-99.9,0.3847,0.1427,-0.0535,-0.0134,0.0022,0.1871,-0.0757,-0.0122,0.0176,0.2213
25,9,1987,-99.9,0.0414,0.2755,0.1051,0.0399,0.2055,-0.0649,0.3204,-0.2554,-0.1647,0.1719
25,9,1988,-99.9,-0.0518,0.1563,0.0931,-0.0081,-0.0467,0.0183,0.0217,0.0882,-0.0492,0.3855
25,9,1989,-99.9,-0.1526,0.0546,0.0817,0.0820,0.0660,-0.0597,0.0949,-0.1294,-0.1976,0.3420
25,9,1990,-99.9,-0.0427,-0.0566,0.0792,0.1329,0.3168,0.1370,-0.0438,-0.2381,-0.3278,0.0439
25,9,1991,-99.9,0.0569,-0.0967,-0.0084,-0.0380,0.0954,0.1279,0.1596,-0.0931,-0.1413,-0.0199
25,9,1992,-99.9,-0.1448,-0.3175,-0.1525,-0.1123,0.0207,0.0538,-0.0085,0.0050,0.0209,0.3091
25,9,1993,-99.9,0.0479,-0.3963,-0.1943,-0.1521,0.0769,-0.0428,0.0790,-0.2523,0.0767,0.3854
25,9,1994,-99.9,-0.3789,-0.2991,-0.1666,-0.0912,-0.0908,-0.0340,0.2029,-0.0118,-0.3405,0.3477
25,9,1995,-99.9,-0.1455,-0.3146,0.1068,0.1062,0.0811,0.1029,0.2526,-0.2635,-0.2303,-0.3204
25,9,1996,-99.9,-0.3116,0.1349,-0.0581,0.0097,-0.0938,-0.1501,0.3277,0.0091,-0.2469,0.0200
25,9,1997,-99.9,-1.5227,0.5730,0.4945,-0.0922,0.0491,-0.1221,-0.0906,-0.0973,-0.0757,-0.0213
25,9,1998,-99.9,-0.7099,-0.4441,0.6281,0.4188,-0.0473,-0.1973,-0.0690,-0.2137,-0.0126,0.0557
25,9,1999,-99.9,-0.2965,-0.5867,-0.2326,0.4384,-0.1270,0.0199,-0.0237,-0.0973,0.0561,0.3437
25,9,2000,-99.9,-0.4265,-0.3382,-0.5152,0.2345,-0.1976,0.0848,0.1655,0.0885,-0.0124,0.4068
25,9,2001,-99.9,-1.3266,-0.0734,0.2726,0.2008,0.3065,-0.4896,-0.0806,-0.2166,-0.1723,0.3533
25,9,2002,-99.9,-0.1533,-0.1713,-0.3016,-0.2152,0.0553,0.0257,0.2068,-0.1640,0.1953,0.4255
25,9,2003,-99.9,-0.3051,-0.1683,-0.0538,-0.1572,0.0774,0.1863,0.5221,-0.1033,-0.4038,0.1218
25,9,2004,-99.9,0.4218,0.3318,-0.1284,0.0997,-0.1390,0.2733,0.2063,-0.0935,-0.4700,-0.1709
25,9,2005,-99.9,-0.0702,0.0230,-0.1608,-0.3381,0.0959,0.2269,0.2890,0.1269,-0.2781,-0.2187
25,9,2006,-99.9,0.8598,0.2637,0.0686,-0.1093,-0.2765,-0.1367,0.1944,0.1356,0.1147,-0.2931
25,9,2007,-99.9,-0.2961,0.3423,0.1573,-0.2962,0.0021,0.0219,-0.0899,0.4828,-0.5087,-0.0479
25,9,2008,-99.9,0.6376,0.3371,-0.0608,-0.0669,-0.0991,-0.1426,0.4893,0.2229,-0.4726,-0.2157
25,9,2009,-99.9,0.9615,0.4108,0.0826,-0.0834,-0.0024,0.0461,0.0103,0.3246,-0.3401,-0.4449
25,9,2010,-99.9,1.3955,0.4079,0.0226,0.0665,-0.1904,-0.0468,0.2073,-0.0163,-0.3629,-0.0641
# Species,Quarter,Year, Age_0, Age_1, Age_2, Age_3, Age_4, Age_5, Age_6, Age_7, Age_8, Age_9, Age_10
26,9,1963,-99.9,-99.9,-0.9140,-0.9132,-0.0102,-0.1179,0.1960,0.3126,0.1400,0.1812,0.3705
26,9,1964,-99.9,-99.9,-1.7729,0.0613,-0.2254,0.3820,0.0744,0.4158,-0.0847,-0.0406,-0.1451
26,9,1965,-99.9,-99.9,-0.0655,-0.6354,0.1179,0.1080,0.4052,0.2595,-0.0598,-0.0346,-0.0803
26,9,1966,-99.9,-99.9,0.2018,0.3351,-0.2163,0.4621,0.4362,-0.1053,-0.0209,-0.4554,-0.3233
26,9,1967,-99.9,-99.9,-0.2210,-0.0625,0.0275,0.7336,-0.0763,0.0893,-0.0674,-0.2299,-0.4166
26,9,1968,-99.9,-99.9,0.8024,0.3730,0.3621,0.0456,-0.1567,-0.2624,0.2304,-0.6242,-0.2056
26,9,1969,-99.9,-99.9,0.6527,0.1954,-0.2195,0.1491,-0.1603,-0.0033,-0.0836,0.0902,-0.3084
26,9,1970,-99.9,-99.9,-0.1263,0.2750,0.0152,-0.4087,-0.3289,-0.0043,0.2835,-0.0556,0.1268
26,9,1971,-99.9,-99.9,0.5774,-0.0694,-0.0275,-0.0622,-0.1293,-0.1337,-0.2929,0.2526,0.1818
26,9,1972,-99.9,-99.9,0.3977,0.2358,0.0245,-0.0377,-0.2217,-0.2192,-0.1625,-0.1129,0.2559
26,9,1973,-99.9,-99.9,-0.0091,0.1168,-0.1768,-0.0116,-0.3082,-0.1577,0.3718,0.0368,-0.0396
26,9,1974,-99.9,-99.9,-0.1856,-0.0157,-0.0498,-0.2055,0.0024,0.0829,-0.1153,0.1809,0.0527
26,9,1975,-99.9,-99.9,0.3765,-0.1104,0.0858,-0.1829,-0.0311,-0.0788,0.0133,0.1146,0.1360
26,9,1976,-99.9,-99.9,-0.6458,0.0662,-0.0834,0.0604,-0.1337,0.1197,0.0888,-0.2150,0.2680
26,9,1977,-99.9,-99.9,0.4725,0.0548,0.1639,0.1107,-0.1453,-0.4156,0.0932,-0.1619,0.3215
26,9,1978,-99.9,-99.9,0.1653,-0.0789,-0.2391,-0.1674,0.0157,0.3257,0.4221,-0.2620,0.0523
26,9,1979,-99.9,-99.9,0.0611,0.1234,0.0343,-0.1179,-0.1004,-0.0618,0.0618,-0.0160,0.0569
26,9,1980,-99.9,-99.9,-0.6365,-0.1031,-0.0593,0.0244,-0.1107,0.2721,0.1614,-0.2991,0.0998
26,9,1981,-99.9,-99.9,0.2531,-0.2108,-0.0196,-0.0246,0.0941,0.2460,-0.1726,0.0154,-0.0928
26,9,1982,-99.9,-99.9,-0.0302,0.0378,-0.1962,0.0199,0.0882,-0.0158,0.1658,-0.2015,0.0379
26,9,1983,-99.9,-99.9,0.3815,-0.0638,0.0632,-0.3625,-0.0588,0.0672,-0.0039,0.2518,0.0356
26,9,1984,-99.9,-99.9,0.1218,-0.0180,-0.0525,-0.0811,0.4901,0.1543,-0.1884,-0.2577,-0.1030
26,9,1985,-99.9,-99.9,0.1979,-0.0041,0.0369,0.0201,-0.0980,0.1194,-0.0935,-0.1168,0.0271
26,9,1986,-99.9,-99.9,-0.6758,-0.2964,-0.2154,-0.1289,0.2222,0.1918,-0.1106,0.0262,0.4220
26,9,1987,-99.9,-99.9,0.2203,-0.1330,-0.0277,-0.0914,0.0254,0.0356,0.0058,0.3192,0.0495
26,9,1988,-99.9,-99.9,0.1412,0.1406,0.1894,0.0771,0.1556,0.1098,-0.0661,-0.0755,-0.3565
26,9,1989,-99.9,-99.9,-0.4180,0.0406,0.2403,-0.0432,0.0178,0.1033,-0.1435,-0.1105,-0.1560
26,9,1990,-99.9,-99.9,-0.1877,-0.0407,0.0226,-0.0523,0.1424,-0.0114,0.0426,-0.1775,-0.1041
26,9,1991,-99.9,-99.9,-0.8476,-0.0646,-0.1016,0.1627,-0.3546,0.1110,0.0706,0.0012,0.0705
26,9,1992,-99.9,-99.9,-0.4726,-0.1422,-0.1450,-0.1528,-0.0747,0.2258,-0.1465,0.0755,0.2027
26,9,1993,-99.9,-99.9,-0.1339,-0.1698,-0.1994,0.2766,0.0590,0.1005,-0.2088,-0.1125,0.0488
26,9,1994,-99.9,-99.9,-0.3728,-0.1092,-0.0062,-0.0424,0.1642,0.0820,-0.4685,0.1315,0.2246
26,9,1995,-99.9,-99.9,0.5152,-0.0213,0.1368,0.0178,-0.0921,0.0075,0.1636,-0.2083,-0.1147
26,9,1996,-99.9,-99.9,0.0247,-0.0052,0.1431,-0.3326,0.0748,0.0252,-0.3786,-0.0720,0.2445
26,9,1997,-99.9,-99.9,-0.5239,0.0091,-0.0704,0.0005,0.0737,0.0583,0.2575,-0.4670,0.0116
26,9,1998,-99.9,-99.9,0.2362,-0.0858,0.0074,-0.0403,-0.0968,-0.0508,0.3195,0.1190,-0.2804
26,9,1999,-99.9,-99.9,-0.1966,0.1328,-0.1067,0.0242,-0.0859,-0.1624,-0.1111,0.2611,-0.1023
26,9,2000,-99.9,-99.9,0.0520,-0.0169,-0.0108,-0.3271,-0.0879,0.2862,0.0117,-0.2707,0.1166
26,9,2001,-99.9,-99.9,0.3842,0.1236,0.1491,0.0361,-0.0710,-0.0936,0.0992,-0.0502,-0.0518
26,9,2002,-99.9,-99.9,0.2445,0.2423,0.0952,0.1060,0.0269,0.1219,0.3318,-0.2656,-0.1881
26,9,2003,-99.9,-99.9,0.2187,0.2483,-0.0294,0.0863,0.2041,-0.1031,0.2675,-0.5422,0.4576
26,9,2004,-99.9,-99.9,0.3281,0.1575,0.0720,-0.0740,-0.0748,-0.4275,-0.3737,0.8966,0.3950
26,9,2005,-99.9,-99.9,0.0326,0.1652,-0.0435,-0.1587,-0.0357,0.2541,-0.3035,-0.0717,0.4562
26,9,2006,-99.9,-99.9,0.4640,0.0691,-0.1280,-0.1551,-0.1406,0.0443,0.3275,0.0134,0.1328
26,9,2007,-99.9,-99.9,0.3464,0.0720,-0.0441,-0.0029,-0.0967,-0.0519,-0.1337,0.5526,0.1437
26,9,2008,-99.9,-99.9,-0.0209,-0.0898,-0.0702,-0.1098,-0.0474,0.0131,0.0275,0.1595,0.1857
26,9,2009,-99.9,-99.9,0.1901,-0.1216,-0.2668,-0.2512,-0.1547,0.1014,-0.1233,0.0627,0.4756
26,9,2010,-99.9,-99.9,0.2619,-0.0443,-0.0425,-0.3658,-0.1671,-0.0469,-0.0270,0.1759,0.3630