# F status quo
# Cod        
 0.002307 0.093320 0.200945 0.190696 0.239064 0.208585 0.193611 0.193611 0.193611 0.193611
 0.010150 0.149228 0.197739 0.187653 0.222056 0.193746 0.179838 0.179838 0.179838 0.179838
 0.000000 0.048905 0.138719 0.140377 0.133217 0.133170 0.116192 0.107851 0.107851 0.107851 0.107851
 0.000000 0.115343 0.105090 0.089072 0.084529 0.080223 0.069995 0.064970 0.064970 0.064970 0.064970
# Whiting    
 0.002604 0.018767 0.044438 0.060650 0.070817 0.074402 0.075976 0.075976
 0.006975 0.019608 0.028748 0.039236 0.045813 0.048133 0.049151 0.049151
 0.001368 0.005657 0.015316 0.022371 0.030532 0.035650 0.037455 0.038247 0.038247
 0.000168 0.008036 0.021039 0.025307 0.034539 0.040328 0.042370 0.043266 0.043266
# Haddock    
 0.004122 0.039818 0.065314 0.068166 0.064259 0.060748 0.053772 0.053772 0.053772 0.053772
 0.008436 0.041919 0.068761 0.071764 0.067650 0.063954 0.056610 0.056610 0.056610 0.056610
 0.000883 0.013852 0.036942 0.060597 0.063243 0.059618 0.056360 0.049889 0.049889 0.049889 0.049889
 0.001019 0.011982 0.027651 0.045357 0.047338 0.044624 0.042186 0.037342 0.037342 0.037342 0.037342
# Saithe     
 0.000000 0.000000 0.014335 0.122133 0.214001 0.168366 0.181512 0.186430 0.186430 0.186430
 0.000000 0.000000 0.040638 0.092667 0.162371 0.127746 0.137721 0.141452 0.141452 0.141452
 0.000000 0.000000 0.000000 0.058524 0.093308 0.163494 0.128629 0.138673 0.142430 0.142430 0.142430
 0.000000 0.000000 0.000000 0.032879 0.053380 0.093532 0.073586 0.079332 0.081481 0.081481 0.081481
# Herring    
 0.004379 0.008924 0.013457 0.018290 0.029591 0.029591 0.029591
 0.003632 0.007401 0.011160 0.015168 0.024539 0.024539 0.024539
 0.012195 0.007851 0.015998 0.024124 0.032789 0.053047 0.053047 0.053047
 0.003431 0.006676 0.013604 0.020514 0.027881 0.045108 0.045108 0.045108
# Sandeel    
 0.000000 0.000000 0.000000 0.000000
 0.129475 0.129764 0.093330 0.093330
 0.000394 0.021579 0.021627 0.015555 0.015555
 0.000099 0.000000 0.000000 0.000000 0.000000
# Nor. pout  
 0.000000 0.000000 0.000000
 0.011601 0.033863 0.033863
 0.000600 0.023526 0.068674 0.068674
 0.003845 0.020281 0.059202 0.059202
# Sprat      
 0.071540 0.210878 0.210878
 0.007154 0.021088 0.021088
 0.000000 0.107311 0.316318 0.316318
 0.000000 0.178851 0.527196 0.527196
# Plaice     
 0.011183 0.052293 0.056521 0.061629 0.060803 0.057760 0.048480 0.048480 0.048480 0.048480
 0.008674 0.046253 0.049993 0.054512 0.053780 0.051089 0.042881 0.042881 0.042881 0.042881
 0.000000 0.010451 0.042129 0.045535 0.049651 0.048985 0.046533 0.039057 0.039057 0.039057 0.039057
 0.000000 0.026128 0.036826 0.039804 0.043401 0.042819 0.040676 0.034141 0.034141 0.034141 0.034141
# Sole       
 0.000000 0.025871 0.065157 0.083336 0.086433 0.080365 0.070102 0.070102 0.070102 0.070102
 0.000000 0.023900 0.060193 0.076987 0.079847 0.074242 0.064761 0.064761 0.064761 0.064761
 0.000000 0.000000 0.022422 0.056469 0.072225 0.074908 0.069650 0.060755 0.060755 0.060755 0.060755
 0.000000 0.000000 0.020533 0.051712 0.066140 0.068598 0.063782 0.055637 0.055637 0.055637 0.055637
