 280.103 357.25 364.068 1000 114.191 206.116 277.039 311.28 1000 1000
 1000 66.8273 145.483 1000 156.193 197.633 1000 288.41 1000 1000
 280.103 357.25 364.068 1000 28.5377 224.555 277.039 311.28 1000 1000
 280.103 357.25 364.068 1000 49.8951 206.116 1000 546.83 1000 1000
 280.103 357.25 364.068 1000 28.5377 206.116 277.039 311.28 1000 1000
 12.6325 1000 1000 1000 17.6027 206.116 1000 156.193 1000 1000
 1000 1000 1000 1000 546.83 206.116 1000 546.83 1000 1000
 1000 79.3404 1000 1000 546.83 503.057 250.866 470.294 1000 1000
 50.7042 49.6027 1000 1000 1000 33.6867 32.2793 1000 1000 1000
 9.19613 5.56906 19.8891 1000 1000 6.92926 7.01965 30.5654 1000 1000
 1000 1000 1000 1000 43.638 3.29838 19.7339 19.9792 1000 1000
 1000 1000 1000 1000 21.8965 3.29838 25.7949 19.9792 1000 1000
 1000 1000 1000 1000 1000 45.9034 55.1266 1000 1000 1000
 1000 36.6569 1000 1000 13.2728 54.3299 1000 15.4951 1000 1000
 2.76556 15.5555 9.84431 1000 27.3192 134.489 88.4851 1000 1000 1000
 4.29593 15.5555 1000 1000 27.3192 134.489 1000 1000 1000 1000
 3.6249 2.74546 4.34699 1000 2 2 2.07694 8.00554 1000 1000
 4.77882 1.71095 2.34339 1000 1.66667 1.66667 1.66667 1.89012 1000 1000
 1000 1000 1000 1000 1000 2.69754 8.1402 1000 1000 1000
 1000 13.2119 13.0543 1000 3.6698 16.6317 4.3018 1000 1000 1000
 1306.52 1021.53 477.766 -1000 456.717 5023.85 1415.77 4657.53 -1000 -1000
 -1000 544.547 465.59 -1000 1646.5 3011.43 -1000 4657.53 -1000 -1000
 2029.51 2752.24 933.624 -1000 120.811 1580.62 2257.39 4657.53 -1000 -1000
 1306.52 1021.53 821.031 -1000 456.717 5023.85 -1000 4657.53 -1000 -1000
 2029.51 2752.24 933.624 -1000 120.811 3011.43 2257.39 4657.53 -1000 -1000
 38.6585 -1000 -1000 -1000 120.811 5023.85 -1000 757.289 -1000 -1000
 -1000 -1000 -1000 -1000 1646.5 5023.85 -1000 4657.53 -1000 -1000
 -1000 514.835 -1000 -1000 1646.5 5023.85 733.208 4657.53 -1000 -1000
 1056.28 163.787 -1000 -1000 -1000 2448.82 1199.84 -1000 -1000 -1000
 306.716 420.533 95.8071 -1000 -1000 804.121 348.401 270.646 -1000 -1000
 -1000 -1000 -1000 -1000 111.022 833.226 552.851 281.481 -1000 -1000
 -1000 -1000 -1000 -1000 230.821 833.226 552.851 301.925 -1000 -1000
 -1000 -1000 -1000 -1000 -1000 351.075 237.65 -1000 -1000 -1000
 -1000 186.166 -1000 -1000 64.2017 191.654 -1000 65.4621 -1000 -1000
 718.312 1781.44 931.18 -1000 463.726 7322.22 2122.01 -1000 -1000 -1000
 5204.58 7112.57 -1000 -1000 1623.5 4389.14 5874.95 -1000 -1000 -1000
 759.091 1321.21 1665.38 -1000 890.631 4110.53 3527.7 6879.94 -1000 -1000
 54.6403 187.003 124.839 -1000 104.656 548.815 272.621 433.048 -1000 -1000
 -1000 -1000 -1000 -1000 -1000 1517.17 607.653 -1000 -1000 -1000
 -1000 1065.58 935.762 -1000 593.964 1694.11 1228.21 -1000 -1000 -1000