 par parNo species year quarter area age predator prey fleet
log_rec 1 17 1963 -1 -1 -1 -1 -1 -1
log_rec 2 17 1964 -1 -1 -1 -1 -1 -1
log_rec 3 17 1965 -1 -1 -1 -1 -1 -1
log_rec 4 17 1966 -1 -1 -1 -1 -1 -1
log_rec 5 17 1967 -1 -1 -1 -1 -1 -1
log_rec 6 17 1968 -1 -1 -1 -1 -1 -1
log_rec 7 17 1969 -1 -1 -1 -1 -1 -1
log_rec 8 17 1970 -1 -1 -1 -1 -1 -1
log_rec 9 17 1971 -1 -1 -1 -1 -1 -1
log_rec 10 17 1972 -1 -1 -1 -1 -1 -1
log_rec 11 17 1973 -1 -1 -1 -1 -1 -1
log_rec 12 17 1974 -1 -1 -1 -1 -1 -1
log_rec 13 17 1975 -1 -1 -1 -1 -1 -1
log_rec 14 17 1976 -1 -1 -1 -1 -1 -1
log_rec 15 17 1977 -1 -1 -1 -1 -1 -1
log_rec 16 17 1978 -1 -1 -1 -1 -1 -1
log_rec 17 17 1979 -1 -1 -1 -1 -1 -1
log_rec 18 17 1980 -1 -1 -1 -1 -1 -1
log_rec 19 17 1981 -1 -1 -1 -1 -1 -1
log_rec 20 17 1982 -1 -1 -1 -1 -1 -1
log_rec 21 17 1983 -1 -1 -1 -1 -1 -1
log_rec 22 17 1984 -1 -1 -1 -1 -1 -1
log_rec 23 17 1985 -1 -1 -1 -1 -1 -1
log_rec 24 17 1986 -1 -1 -1 -1 -1 -1
log_rec 25 17 1987 -1 -1 -1 -1 -1 -1
log_rec 26 17 1988 -1 -1 -1 -1 -1 -1
log_rec 27 17 1989 -1 -1 -1 -1 -1 -1
log_rec 28 17 1990 -1 -1 -1 -1 -1 -1
log_rec 29 17 1991 -1 -1 -1 -1 -1 -1
log_rec 30 17 1992 -1 -1 -1 -1 -1 -1
log_rec 31 17 1993 -1 -1 -1 -1 -1 -1
log_rec 32 17 1994 -1 -1 -1 -1 -1 -1
log_rec 33 17 1995 -1 -1 -1 -1 -1 -1
log_rec 34 17 1996 -1 -1 -1 -1 -1 -1
log_rec 35 17 1997 -1 -1 -1 -1 -1 -1
log_rec 36 17 1998 -1 -1 -1 -1 -1 -1
log_rec 37 17 1999 -1 -1 -1 -1 -1 -1
log_rec 38 17 2000 -1 -1 -1 -1 -1 -1
log_rec 39 17 2001 -1 -1 -1 -1 -1 -1
log_rec 40 17 2002 -1 -1 -1 -1 -1 -1
log_rec 41 17 2003 -1 -1 -1 -1 -1 -1
log_rec 42 17 2004 -1 -1 -1 -1 -1 -1
log_rec 43 17 2005 -1 -1 -1 -1 -1 -1
log_rec 44 17 2006 -1 -1 -1 -1 -1 -1
log_rec 45 17 2007 -1 -1 -1 -1 -1 -1
log_rec 46 17 2008 -1 -1 -1 -1 -1 -1
log_rec 47 17 2009 -1 -1 -1 -1 -1 -1
log_rec 48 17 2010 -1 -1 -1 -1 -1 -1
log_rec 49 18 1963 -1 -1 -1 -1 -1 -1
log_rec 50 18 1964 -1 -1 -1 -1 -1 -1
log_rec 51 18 1965 -1 -1 -1 -1 -1 -1
log_rec 52 18 1966 -1 -1 -1 -1 -1 -1
log_rec 53 18 1967 -1 -1 -1 -1 -1 -1
log_rec 54 18 1968 -1 -1 -1 -1 -1 -1
log_rec 55 18 1969 -1 -1 -1 -1 -1 -1
log_rec 56 18 1970 -1 -1 -1 -1 -1 -1
log_rec 57 18 1971 -1 -1 -1 -1 -1 -1
log_rec 58 18 1972 -1 -1 -1 -1 -1 -1
log_rec 59 18 1973 -1 -1 -1 -1 -1 -1
log_rec 60 18 1974 -1 -1 -1 -1 -1 -1
log_rec 61 18 1975 -1 -1 -1 -1 -1 -1
log_rec 62 18 1976 -1 -1 -1 -1 -1 -1
log_rec 63 18 1977 -1 -1 -1 -1 -1 -1
log_rec 64 18 1978 -1 -1 -1 -1 -1 -1
log_rec 65 18 1979 -1 -1 -1 -1 -1 -1
log_rec 66 18 1980 -1 -1 -1 -1 -1 -1
log_rec 67 18 1981 -1 -1 -1 -1 -1 -1
log_rec 68 18 1982 -1 -1 -1 -1 -1 -1
log_rec 69 18 1983 -1 -1 -1 -1 -1 -1
log_rec 70 18 1984 -1 -1 -1 -1 -1 -1
log_rec 71 18 1985 -1 -1 -1 -1 -1 -1
log_rec 72 18 1986 -1 -1 -1 -1 -1 -1
log_rec 73 18 1987 -1 -1 -1 -1 -1 -1
log_rec 74 18 1988 -1 -1 -1 -1 -1 -1
log_rec 75 18 1989 -1 -1 -1 -1 -1 -1
log_rec 76 18 1990 -1 -1 -1 -1 -1 -1
log_rec 77 18 1991 -1 -1 -1 -1 -1 -1
log_rec 78 18 1992 -1 -1 -1 -1 -1 -1
log_rec 79 18 1993 -1 -1 -1 -1 -1 -1
log_rec 80 18 1994 -1 -1 -1 -1 -1 -1
log_rec 81 18 1995 -1 -1 -1 -1 -1 -1
log_rec 82 18 1996 -1 -1 -1 -1 -1 -1
log_rec 83 18 1997 -1 -1 -1 -1 -1 -1
log_rec 84 18 1998 -1 -1 -1 -1 -1 -1
log_rec 85 18 1999 -1 -1 -1 -1 -1 -1
log_rec 86 18 2000 -1 -1 -1 -1 -1 -1
log_rec 87 18 2001 -1 -1 -1 -1 -1 -1
log_rec 88 18 2002 -1 -1 -1 -1 -1 -1
log_rec 89 18 2003 -1 -1 -1 -1 -1 -1
log_rec 90 18 2004 -1 -1 -1 -1 -1 -1
log_rec 91 18 2005 -1 -1 -1 -1 -1 -1
log_rec 92 18 2006 -1 -1 -1 -1 -1 -1
log_rec 93 18 2007 -1 -1 -1 -1 -1 -1
log_rec 94 18 2008 -1 -1 -1 -1 -1 -1
log_rec 95 18 2009 -1 -1 -1 -1 -1 -1
log_rec 96 18 2010 -1 -1 -1 -1 -1 -1
log_rec 97 19 1963 -1 -1 -1 -1 -1 -1
log_rec 98 19 1964 -1 -1 -1 -1 -1 -1
log_rec 99 19 1965 -1 -1 -1 -1 -1 -1
log_rec 100 19 1966 -1 -1 -1 -1 -1 -1
log_rec 101 19 1967 -1 -1 -1 -1 -1 -1
log_rec 102 19 1968 -1 -1 -1 -1 -1 -1
log_rec 103 19 1969 -1 -1 -1 -1 -1 -1
log_rec 104 19 1970 -1 -1 -1 -1 -1 -1
log_rec 105 19 1971 -1 -1 -1 -1 -1 -1
log_rec 106 19 1972 -1 -1 -1 -1 -1 -1
log_rec 107 19 1973 -1 -1 -1 -1 -1 -1
log_rec 108 19 1974 -1 -1 -1 -1 -1 -1
log_rec 109 19 1975 -1 -1 -1 -1 -1 -1
log_rec 110 19 1976 -1 -1 -1 -1 -1 -1
log_rec 111 19 1977 -1 -1 -1 -1 -1 -1
log_rec 112 19 1978 -1 -1 -1 -1 -1 -1
log_rec 113 19 1979 -1 -1 -1 -1 -1 -1
log_rec 114 19 1980 -1 -1 -1 -1 -1 -1
log_rec 115 19 1981 -1 -1 -1 -1 -1 -1
log_rec 116 19 1982 -1 -1 -1 -1 -1 -1
log_rec 117 19 1983 -1 -1 -1 -1 -1 -1
log_rec 118 19 1984 -1 -1 -1 -1 -1 -1
log_rec 119 19 1985 -1 -1 -1 -1 -1 -1
log_rec 120 19 1986 -1 -1 -1 -1 -1 -1
log_rec 121 19 1987 -1 -1 -1 -1 -1 -1
log_rec 122 19 1988 -1 -1 -1 -1 -1 -1
log_rec 123 19 1989 -1 -1 -1 -1 -1 -1
log_rec 124 19 1990 -1 -1 -1 -1 -1 -1
log_rec 125 19 1991 -1 -1 -1 -1 -1 -1
log_rec 126 19 1992 -1 -1 -1 -1 -1 -1
log_rec 127 19 1993 -1 -1 -1 -1 -1 -1
log_rec 128 19 1994 -1 -1 -1 -1 -1 -1
log_rec 129 19 1995 -1 -1 -1 -1 -1 -1
log_rec 130 19 1996 -1 -1 -1 -1 -1 -1
log_rec 131 19 1997 -1 -1 -1 -1 -1 -1
log_rec 132 19 1998 -1 -1 -1 -1 -1 -1
log_rec 133 19 1999 -1 -1 -1 -1 -1 -1
log_rec 134 19 2000 -1 -1 -1 -1 -1 -1
log_rec 135 19 2001 -1 -1 -1 -1 -1 -1
log_rec 136 19 2002 -1 -1 -1 -1 -1 -1
log_rec 137 19 2003 -1 -1 -1 -1 -1 -1
log_rec 138 19 2004 -1 -1 -1 -1 -1 -1
log_rec 139 19 2005 -1 -1 -1 -1 -1 -1
log_rec 140 19 2006 -1 -1 -1 -1 -1 -1
log_rec 141 19 2007 -1 -1 -1 -1 -1 -1
log_rec 142 19 2008 -1 -1 -1 -1 -1 -1
log_rec 143 19 2009 -1 -1 -1 -1 -1 -1
log_rec 144 19 2010 -1 -1 -1 -1 -1 -1
log_rec 145 20 1963 -1 -1 -1 -1 -1 -1
log_rec 146 20 1964 -1 -1 -1 -1 -1 -1
log_rec 147 20 1965 -1 -1 -1 -1 -1 -1
log_rec 148 20 1966 -1 -1 -1 -1 -1 -1
log_rec 149 20 1967 -1 -1 -1 -1 -1 -1
log_rec 150 20 1968 -1 -1 -1 -1 -1 -1
log_rec 151 20 1969 -1 -1 -1 -1 -1 -1
log_rec 152 20 1970 -1 -1 -1 -1 -1 -1
log_rec 153 20 1971 -1 -1 -1 -1 -1 -1
log_rec 154 20 1972 -1 -1 -1 -1 -1 -1
log_rec 155 20 1973 -1 -1 -1 -1 -1 -1
log_rec 156 20 1974 -1 -1 -1 -1 -1 -1
log_rec 157 20 1975 -1 -1 -1 -1 -1 -1
log_rec 158 20 1976 -1 -1 -1 -1 -1 -1
log_rec 159 20 1977 -1 -1 -1 -1 -1 -1
log_rec 160 20 1978 -1 -1 -1 -1 -1 -1
log_rec 161 20 1979 -1 -1 -1 -1 -1 -1
log_rec 162 20 1980 -1 -1 -1 -1 -1 -1
log_rec 163 20 1981 -1 -1 -1 -1 -1 -1
log_rec 164 20 1982 -1 -1 -1 -1 -1 -1
log_rec 165 20 1983 -1 -1 -1 -1 -1 -1
log_rec 166 20 1984 -1 -1 -1 -1 -1 -1
log_rec 167 20 1985 -1 -1 -1 -1 -1 -1
log_rec 168 20 1986 -1 -1 -1 -1 -1 -1
log_rec 169 20 1987 -1 -1 -1 -1 -1 -1
log_rec 170 20 1988 -1 -1 -1 -1 -1 -1
log_rec 171 20 1989 -1 -1 -1 -1 -1 -1
log_rec 172 20 1990 -1 -1 -1 -1 -1 -1
log_rec 173 20 1991 -1 -1 -1 -1 -1 -1
log_rec 174 20 1992 -1 -1 -1 -1 -1 -1
log_rec 175 20 1993 -1 -1 -1 -1 -1 -1
log_rec 176 20 1994 -1 -1 -1 -1 -1 -1
log_rec 177 20 1995 -1 -1 -1 -1 -1 -1
log_rec 178 20 1996 -1 -1 -1 -1 -1 -1
log_rec 179 20 1997 -1 -1 -1 -1 -1 -1
log_rec 180 20 1998 -1 -1 -1 -1 -1 -1
log_rec 181 20 1999 -1 -1 -1 -1 -1 -1
log_rec 182 20 2000 -1 -1 -1 -1 -1 -1
log_rec 183 20 2001 -1 -1 -1 -1 -1 -1
log_rec 184 20 2002 -1 -1 -1 -1 -1 -1
log_rec 185 20 2003 -1 -1 -1 -1 -1 -1
log_rec 186 20 2004 -1 -1 -1 -1 -1 -1
log_rec 187 20 2005 -1 -1 -1 -1 -1 -1
log_rec 188 20 2006 -1 -1 -1 -1 -1 -1
log_rec 189 20 2007 -1 -1 -1 -1 -1 -1
log_rec 190 20 2008 -1 -1 -1 -1 -1 -1
log_rec 191 20 2009 -1 -1 -1 -1 -1 -1
log_rec 192 20 2010 -1 -1 -1 -1 -1 -1
log_rec 193 21 1963 -1 -1 -1 -1 -1 -1
log_rec 194 21 1964 -1 -1 -1 -1 -1 -1
log_rec 195 21 1965 -1 -1 -1 -1 -1 -1
log_rec 196 21 1966 -1 -1 -1 -1 -1 -1
log_rec 197 21 1967 -1 -1 -1 -1 -1 -1
log_rec 198 21 1968 -1 -1 -1 -1 -1 -1
log_rec 199 21 1969 -1 -1 -1 -1 -1 -1
log_rec 200 21 1970 -1 -1 -1 -1 -1 -1
log_rec 201 21 1971 -1 -1 -1 -1 -1 -1
log_rec 202 21 1972 -1 -1 -1 -1 -1 -1
log_rec 203 21 1973 -1 -1 -1 -1 -1 -1
log_rec 204 21 1974 -1 -1 -1 -1 -1 -1
log_rec 205 21 1975 -1 -1 -1 -1 -1 -1
log_rec 206 21 1976 -1 -1 -1 -1 -1 -1
log_rec 207 21 1977 -1 -1 -1 -1 -1 -1
log_rec 208 21 1978 -1 -1 -1 -1 -1 -1
log_rec 209 21 1979 -1 -1 -1 -1 -1 -1
log_rec 210 21 1980 -1 -1 -1 -1 -1 -1
log_rec 211 21 1981 -1 -1 -1 -1 -1 -1
log_rec 212 21 1982 -1 -1 -1 -1 -1 -1
log_rec 213 21 1983 -1 -1 -1 -1 -1 -1
log_rec 214 21 1984 -1 -1 -1 -1 -1 -1
log_rec 215 21 1985 -1 -1 -1 -1 -1 -1
log_rec 216 21 1986 -1 -1 -1 -1 -1 -1
log_rec 217 21 1987 -1 -1 -1 -1 -1 -1
log_rec 218 21 1988 -1 -1 -1 -1 -1 -1
log_rec 219 21 1989 -1 -1 -1 -1 -1 -1
log_rec 220 21 1990 -1 -1 -1 -1 -1 -1
log_rec 221 21 1991 -1 -1 -1 -1 -1 -1
log_rec 222 21 1992 -1 -1 -1 -1 -1 -1
log_rec 223 21 1993 -1 -1 -1 -1 -1 -1
log_rec 224 21 1994 -1 -1 -1 -1 -1 -1
log_rec 225 21 1995 -1 -1 -1 -1 -1 -1
log_rec 226 21 1996 -1 -1 -1 -1 -1 -1
log_rec 227 21 1997 -1 -1 -1 -1 -1 -1
log_rec 228 21 1998 -1 -1 -1 -1 -1 -1
log_rec 229 21 1999 -1 -1 -1 -1 -1 -1
log_rec 230 21 2000 -1 -1 -1 -1 -1 -1
log_rec 231 21 2001 -1 -1 -1 -1 -1 -1
log_rec 232 21 2002 -1 -1 -1 -1 -1 -1
log_rec 233 21 2003 -1 -1 -1 -1 -1 -1
log_rec 234 21 2004 -1 -1 -1 -1 -1 -1
log_rec 235 21 2005 -1 -1 -1 -1 -1 -1
log_rec 236 21 2006 -1 -1 -1 -1 -1 -1
log_rec 237 21 2007 -1 -1 -1 -1 -1 -1
log_rec 238 21 2008 -1 -1 -1 -1 -1 -1
log_rec 239 21 2009 -1 -1 -1 -1 -1 -1
log_rec 240 21 2010 -1 -1 -1 -1 -1 -1
log_rec 241 22 1963 -1 -1 -1 -1 -1 -1
log_rec 242 22 1964 -1 -1 -1 -1 -1 -1
log_rec 243 22 1965 -1 -1 -1 -1 -1 -1
log_rec 244 22 1966 -1 -1 -1 -1 -1 -1
log_rec 245 22 1967 -1 -1 -1 -1 -1 -1
log_rec 246 22 1968 -1 -1 -1 -1 -1 -1
log_rec 247 22 1969 -1 -1 -1 -1 -1 -1
log_rec 248 22 1970 -1 -1 -1 -1 -1 -1
log_rec 249 22 1971 -1 -1 -1 -1 -1 -1
log_rec 250 22 1972 -1 -1 -1 -1 -1 -1
log_rec 251 22 1973 -1 -1 -1 -1 -1 -1
log_rec 252 22 1974 -1 -1 -1 -1 -1 -1
log_rec 253 22 1975 -1 -1 -1 -1 -1 -1
log_rec 254 22 1976 -1 -1 -1 -1 -1 -1
log_rec 255 22 1977 -1 -1 -1 -1 -1 -1
log_rec 256 22 1978 -1 -1 -1 -1 -1 -1
log_rec 257 22 1979 -1 -1 -1 -1 -1 -1
log_rec 258 22 1980 -1 -1 -1 -1 -1 -1
log_rec 259 22 1981 -1 -1 -1 -1 -1 -1
log_rec 260 22 1982 -1 -1 -1 -1 -1 -1
log_rec 261 22 1983 -1 -1 -1 -1 -1 -1
log_rec 262 22 1984 -1 -1 -1 -1 -1 -1
log_rec 263 22 1985 -1 -1 -1 -1 -1 -1
log_rec 264 22 1986 -1 -1 -1 -1 -1 -1
log_rec 265 22 1987 -1 -1 -1 -1 -1 -1
log_rec 266 22 1988 -1 -1 -1 -1 -1 -1
log_rec 267 22 1989 -1 -1 -1 -1 -1 -1
log_rec 268 22 1990 -1 -1 -1 -1 -1 -1
log_rec 269 22 1991 -1 -1 -1 -1 -1 -1
log_rec 270 22 1992 -1 -1 -1 -1 -1 -1
log_rec 271 22 1993 -1 -1 -1 -1 -1 -1
log_rec 272 22 1994 -1 -1 -1 -1 -1 -1
log_rec 273 22 1995 -1 -1 -1 -1 -1 -1
log_rec 274 22 1996 -1 -1 -1 -1 -1 -1
log_rec 275 22 1997 -1 -1 -1 -1 -1 -1
log_rec 276 22 1998 -1 -1 -1 -1 -1 -1
log_rec 277 22 1999 -1 -1 -1 -1 -1 -1
log_rec 278 22 2000 -1 -1 -1 -1 -1 -1
log_rec 279 22 2001 -1 -1 -1 -1 -1 -1
log_rec 280 22 2002 -1 -1 -1 -1 -1 -1
log_rec 281 22 2003 -1 -1 -1 -1 -1 -1
log_rec 282 22 2004 -1 -1 -1 -1 -1 -1
log_rec 283 22 2005 -1 -1 -1 -1 -1 -1
log_rec 284 22 2006 -1 -1 -1 -1 -1 -1
log_rec 285 22 2007 -1 -1 -1 -1 -1 -1
log_rec 286 22 2008 -1 -1 -1 -1 -1 -1
log_rec 287 22 2009 -1 -1 -1 -1 -1 -1
log_rec 288 22 2010 -1 -1 -1 -1 -1 -1
log_rec 289 23 1963 -1 -1 -1 -1 -1 -1
log_rec 290 23 1964 -1 -1 -1 -1 -1 -1
log_rec 291 23 1965 -1 -1 -1 -1 -1 -1
log_rec 292 23 1966 -1 -1 -1 -1 -1 -1
log_rec 293 23 1967 -1 -1 -1 -1 -1 -1
log_rec 294 23 1968 -1 -1 -1 -1 -1 -1
log_rec 295 23 1969 -1 -1 -1 -1 -1 -1
log_rec 296 23 1970 -1 -1 -1 -1 -1 -1
log_rec 297 23 1971 -1 -1 -1 -1 -1 -1
log_rec 298 23 1972 -1 -1 -1 -1 -1 -1
log_rec 299 23 1973 -1 -1 -1 -1 -1 -1
log_rec 300 23 1974 -1 -1 -1 -1 -1 -1
log_rec 301 23 1975 -1 -1 -1 -1 -1 -1
log_rec 302 23 1976 -1 -1 -1 -1 -1 -1
log_rec 303 23 1977 -1 -1 -1 -1 -1 -1
log_rec 304 23 1978 -1 -1 -1 -1 -1 -1
log_rec 305 23 1979 -1 -1 -1 -1 -1 -1
log_rec 306 23 1980 -1 -1 -1 -1 -1 -1
log_rec 307 23 1981 -1 -1 -1 -1 -1 -1
log_rec 308 23 1982 -1 -1 -1 -1 -1 -1
log_rec 309 23 1983 -1 -1 -1 -1 -1 -1
log_rec 310 23 1984 -1 -1 -1 -1 -1 -1
log_rec 311 23 1985 -1 -1 -1 -1 -1 -1
log_rec 312 23 1986 -1 -1 -1 -1 -1 -1
log_rec 313 23 1987 -1 -1 -1 -1 -1 -1
log_rec 314 23 1988 -1 -1 -1 -1 -1 -1
log_rec 315 23 1989 -1 -1 -1 -1 -1 -1
log_rec 316 23 1990 -1 -1 -1 -1 -1 -1
log_rec 317 23 1991 -1 -1 -1 -1 -1 -1
log_rec 318 23 1992 -1 -1 -1 -1 -1 -1
log_rec 319 23 1993 -1 -1 -1 -1 -1 -1
log_rec 320 23 1994 -1 -1 -1 -1 -1 -1
log_rec 321 23 1995 -1 -1 -1 -1 -1 -1
log_rec 322 23 1996 -1 -1 -1 -1 -1 -1
log_rec 323 23 1997 -1 -1 -1 -1 -1 -1
log_rec 324 23 1998 -1 -1 -1 -1 -1 -1
log_rec 325 23 1999 -1 -1 -1 -1 -1 -1
log_rec 326 23 2000 -1 -1 -1 -1 -1 -1
log_rec 327 23 2001 -1 -1 -1 -1 -1 -1
log_rec 328 23 2002 -1 -1 -1 -1 -1 -1
log_rec 329 23 2003 -1 -1 -1 -1 -1 -1
log_rec 330 23 2004 -1 -1 -1 -1 -1 -1
log_rec 331 23 2005 -1 -1 -1 -1 -1 -1
log_rec 332 23 2006 -1 -1 -1 -1 -1 -1
log_rec 333 23 2007 -1 -1 -1 -1 -1 -1
log_rec 334 23 2008 -1 -1 -1 -1 -1 -1
log_rec 335 23 2009 -1 -1 -1 -1 -1 -1
log_rec 336 23 2010 -1 -1 -1 -1 -1 -1
log_rec 337 24 1963 -1 -1 -1 -1 -1 -1
log_rec 338 24 1964 -1 -1 -1 -1 -1 -1
log_rec 339 24 1965 -1 -1 -1 -1 -1 -1
log_rec 340 24 1966 -1 -1 -1 -1 -1 -1
log_rec 341 24 1967 -1 -1 -1 -1 -1 -1
log_rec 342 24 1968 -1 -1 -1 -1 -1 -1
log_rec 343 24 1969 -1 -1 -1 -1 -1 -1
log_rec 344 24 1970 -1 -1 -1 -1 -1 -1
log_rec 345 24 1971 -1 -1 -1 -1 -1 -1
log_rec 346 24 1972 -1 -1 -1 -1 -1 -1
log_rec 347 24 1973 -1 -1 -1 -1 -1 -1
log_rec 348 24 1974 -1 -1 -1 -1 -1 -1
log_rec 349 24 1975 -1 -1 -1 -1 -1 -1
log_rec 350 24 1976 -1 -1 -1 -1 -1 -1
log_rec 351 24 1977 -1 -1 -1 -1 -1 -1
log_rec 352 24 1978 -1 -1 -1 -1 -1 -1
log_rec 353 24 1979 -1 -1 -1 -1 -1 -1
log_rec 354 24 1980 -1 -1 -1 -1 -1 -1
log_rec 355 24 1981 -1 -1 -1 -1 -1 -1
log_rec 356 24 1982 -1 -1 -1 -1 -1 -1
log_rec 357 24 1983 -1 -1 -1 -1 -1 -1
log_rec 358 24 1984 -1 -1 -1 -1 -1 -1
log_rec 359 24 1985 -1 -1 -1 -1 -1 -1
log_rec 360 24 1986 -1 -1 -1 -1 -1 -1
log_rec 361 24 1987 -1 -1 -1 -1 -1 -1
log_rec 362 24 1988 -1 -1 -1 -1 -1 -1
log_rec 363 24 1989 -1 -1 -1 -1 -1 -1
log_rec 364 24 1990 -1 -1 -1 -1 -1 -1
log_rec 365 24 1991 -1 -1 -1 -1 -1 -1
log_rec 366 24 1992 -1 -1 -1 -1 -1 -1
log_rec 367 24 1993 -1 -1 -1 -1 -1 -1
log_rec 368 24 1994 -1 -1 -1 -1 -1 -1
log_rec 369 24 1995 -1 -1 -1 -1 -1 -1
log_rec 370 24 1996 -1 -1 -1 -1 -1 -1
log_rec 371 24 1997 -1 -1 -1 -1 -1 -1
log_rec 372 24 1998 -1 -1 -1 -1 -1 -1
log_rec 373 24 1999 -1 -1 -1 -1 -1 -1
log_rec 374 24 2000 -1 -1 -1 -1 -1 -1
log_rec 375 24 2001 -1 -1 -1 -1 -1 -1
log_rec 376 24 2002 -1 -1 -1 -1 -1 -1
log_rec 377 24 2003 -1 -1 -1 -1 -1 -1
log_rec 378 24 2004 -1 -1 -1 -1 -1 -1
log_rec 379 24 2005 -1 -1 -1 -1 -1 -1
log_rec 380 24 2006 -1 -1 -1 -1 -1 -1
log_rec 381 24 2007 -1 -1 -1 -1 -1 -1
log_rec 382 24 2008 -1 -1 -1 -1 -1 -1
log_rec 383 24 2009 -1 -1 -1 -1 -1 -1
log_rec 384 24 2010 -1 -1 -1 -1 -1 -1
log_rec 385 25 1963 -1 -1 -1 -1 -1 -1
log_rec 386 25 1964 -1 -1 -1 -1 -1 -1
log_rec 387 25 1965 -1 -1 -1 -1 -1 -1
log_rec 388 25 1966 -1 -1 -1 -1 -1 -1
log_rec 389 25 1967 -1 -1 -1 -1 -1 -1
log_rec 390 25 1968 -1 -1 -1 -1 -1 -1
log_rec 391 25 1969 -1 -1 -1 -1 -1 -1
log_rec 392 25 1970 -1 -1 -1 -1 -1 -1
log_rec 393 25 1971 -1 -1 -1 -1 -1 -1
log_rec 394 25 1972 -1 -1 -1 -1 -1 -1
log_rec 395 25 1973 -1 -1 -1 -1 -1 -1
log_rec 396 25 1974 -1 -1 -1 -1 -1 -1
log_rec 397 25 1975 -1 -1 -1 -1 -1 -1
log_rec 398 25 1976 -1 -1 -1 -1 -1 -1
log_rec 399 25 1977 -1 -1 -1 -1 -1 -1
log_rec 400 25 1978 -1 -1 -1 -1 -1 -1
log_rec 401 25 1979 -1 -1 -1 -1 -1 -1
log_rec 402 25 1980 -1 -1 -1 -1 -1 -1
log_rec 403 25 1981 -1 -1 -1 -1 -1 -1
log_rec 404 25 1982 -1 -1 -1 -1 -1 -1
log_rec 405 25 1983 -1 -1 -1 -1 -1 -1
log_rec 406 25 1984 -1 -1 -1 -1 -1 -1
log_rec 407 25 1985 -1 -1 -1 -1 -1 -1
log_rec 408 25 1986 -1 -1 -1 -1 -1 -1
log_rec 409 25 1987 -1 -1 -1 -1 -1 -1
log_rec 410 25 1988 -1 -1 -1 -1 -1 -1
log_rec 411 25 1989 -1 -1 -1 -1 -1 -1
log_rec 412 25 1990 -1 -1 -1 -1 -1 -1
log_rec 413 25 1991 -1 -1 -1 -1 -1 -1
log_rec 414 25 1992 -1 -1 -1 -1 -1 -1
log_rec 415 25 1993 -1 -1 -1 -1 -1 -1
log_rec 416 25 1994 -1 -1 -1 -1 -1 -1
log_rec 417 25 1995 -1 -1 -1 -1 -1 -1
log_rec 418 25 1996 -1 -1 -1 -1 -1 -1
log_rec 419 25 1997 -1 -1 -1 -1 -1 -1
log_rec 420 25 1998 -1 -1 -1 -1 -1 -1
log_rec 421 25 1999 -1 -1 -1 -1 -1 -1
log_rec 422 25 2000 -1 -1 -1 -1 -1 -1
log_rec 423 25 2001 -1 -1 -1 -1 -1 -1
log_rec 424 25 2002 -1 -1 -1 -1 -1 -1
log_rec 425 25 2003 -1 -1 -1 -1 -1 -1
log_rec 426 25 2004 -1 -1 -1 -1 -1 -1
log_rec 427 25 2005 -1 -1 -1 -1 -1 -1
log_rec 428 25 2006 -1 -1 -1 -1 -1 -1
log_rec 429 25 2007 -1 -1 -1 -1 -1 -1
log_rec 430 25 2008 -1 -1 -1 -1 -1 -1
log_rec 431 25 2009 -1 -1 -1 -1 -1 -1
log_rec 432 25 2010 -1 -1 -1 -1 -1 -1
log_rec 433 26 1963 -1 -1 -1 -1 -1 -1
log_rec 434 26 1964 -1 -1 -1 -1 -1 -1
log_rec 435 26 1965 -1 -1 -1 -1 -1 -1
log_rec 436 26 1966 -1 -1 -1 -1 -1 -1
log_rec 437 26 1967 -1 -1 -1 -1 -1 -1
log_rec 438 26 1968 -1 -1 -1 -1 -1 -1
log_rec 439 26 1969 -1 -1 -1 -1 -1 -1
log_rec 440 26 1970 -1 -1 -1 -1 -1 -1
log_rec 441 26 1971 -1 -1 -1 -1 -1 -1
log_rec 442 26 1972 -1 -1 -1 -1 -1 -1
log_rec 443 26 1973 -1 -1 -1 -1 -1 -1
log_rec 444 26 1974 -1 -1 -1 -1 -1 -1
log_rec 445 26 1975 -1 -1 -1 -1 -1 -1
log_rec 446 26 1976 -1 -1 -1 -1 -1 -1
log_rec 447 26 1977 -1 -1 -1 -1 -1 -1
log_rec 448 26 1978 -1 -1 -1 -1 -1 -1
log_rec 449 26 1979 -1 -1 -1 -1 -1 -1
log_rec 450 26 1980 -1 -1 -1 -1 -1 -1
log_rec 451 26 1981 -1 -1 -1 -1 -1 -1
log_rec 452 26 1982 -1 -1 -1 -1 -1 -1
log_rec 453 26 1983 -1 -1 -1 -1 -1 -1
log_rec 454 26 1984 -1 -1 -1 -1 -1 -1
log_rec 455 26 1985 -1 -1 -1 -1 -1 -1
log_rec 456 26 1986 -1 -1 -1 -1 -1 -1
log_rec 457 26 1987 -1 -1 -1 -1 -1 -1
log_rec 458 26 1988 -1 -1 -1 -1 -1 -1
log_rec 459 26 1989 -1 -1 -1 -1 -1 -1
log_rec 460 26 1990 -1 -1 -1 -1 -1 -1
log_rec 461 26 1991 -1 -1 -1 -1 -1 -1
log_rec 462 26 1992 -1 -1 -1 -1 -1 -1
log_rec 463 26 1993 -1 -1 -1 -1 -1 -1
log_rec 464 26 1994 -1 -1 -1 -1 -1 -1
log_rec 465 26 1995 -1 -1 -1 -1 -1 -1
log_rec 466 26 1996 -1 -1 -1 -1 -1 -1
log_rec 467 26 1997 -1 -1 -1 -1 -1 -1
log_rec 468 26 1998 -1 -1 -1 -1 -1 -1
log_rec 469 26 1999 -1 -1 -1 -1 -1 -1
log_rec 470 26 2000 -1 -1 -1 -1 -1 -1
log_rec 471 26 2001 -1 -1 -1 -1 -1 -1
log_rec 472 26 2002 -1 -1 -1 -1 -1 -1
log_rec 473 26 2003 -1 -1 -1 -1 -1 -1
log_rec 474 26 2004 -1 -1 -1 -1 -1 -1
log_rec 475 26 2005 -1 -1 -1 -1 -1 -1
log_rec 476 26 2006 -1 -1 -1 -1 -1 -1
log_rec 477 26 2007 -1 -1 -1 -1 -1 -1
log_rec 478 26 2008 -1 -1 -1 -1 -1 -1
log_rec 479 26 2009 -1 -1 -1 -1 -1 -1
log_rec 480 26 2010 -1 -1 -1 -1 -1 -1
log_rec_older 481 17 1963 1 -1 1 -1 -1 -1
log_rec_older 482 17 1963 1 -1 2 -1 -1 -1
log_rec_older 483 17 1963 1 -1 3 -1 -1 -1
log_rec_older 484 17 1963 1 -1 4 -1 -1 -1
log_rec_older 485 17 1963 1 -1 5 -1 -1 -1
log_rec_older 486 17 1963 1 -1 6 -1 -1 -1
log_rec_older 487 17 1963 1 -1 7 -1 -1 -1
log_rec_older 488 17 1963 1 -1 8 -1 -1 -1
log_rec_older 489 17 1963 1 -1 9 -1 -1 -1
log_rec_older 490 17 1963 1 -1 10 -1 -1 -1
log_rec_older 491 18 1963 1 -1 1 -1 -1 -1
log_rec_older 492 18 1963 1 -1 2 -1 -1 -1
log_rec_older 493 18 1963 1 -1 3 -1 -1 -1
log_rec_older 494 18 1963 1 -1 4 -1 -1 -1
log_rec_older 495 18 1963 1 -1 5 -1 -1 -1
log_rec_older 496 18 1963 1 -1 6 -1 -1 -1
log_rec_older 497 18 1963 1 -1 7 -1 -1 -1
log_rec_older 498 18 1963 1 -1 8 -1 -1 -1
log_rec_older 499 19 1963 1 -1 1 -1 -1 -1
log_rec_older 500 19 1963 1 -1 2 -1 -1 -1
log_rec_older 501 19 1963 1 -1 3 -1 -1 -1
log_rec_older 502 19 1963 1 -1 4 -1 -1 -1
log_rec_older 503 19 1963 1 -1 5 -1 -1 -1
log_rec_older 504 19 1963 1 -1 6 -1 -1 -1
log_rec_older 505 19 1963 1 -1 7 -1 -1 -1
log_rec_older 506 19 1963 1 -1 8 -1 -1 -1
log_rec_older 507 19 1963 1 -1 9 -1 -1 -1
log_rec_older 508 19 1963 1 -1 10 -1 -1 -1
log_rec_older 509 20 1963 1 -1 1 -1 -1 -1
log_rec_older 510 20 1963 1 -1 2 -1 -1 -1
log_rec_older 511 20 1963 1 -1 3 -1 -1 -1
log_rec_older 512 20 1963 1 -1 4 -1 -1 -1
log_rec_older 513 20 1963 1 -1 5 -1 -1 -1
log_rec_older 514 20 1963 1 -1 6 -1 -1 -1
log_rec_older 515 20 1963 1 -1 7 -1 -1 -1
log_rec_older 516 20 1963 1 -1 8 -1 -1 -1
log_rec_older 517 20 1963 1 -1 9 -1 -1 -1
log_rec_older 518 20 1963 1 -1 10 -1 -1 -1
log_rec_older 519 21 1963 1 -1 1 -1 -1 -1
log_rec_older 520 21 1963 1 -1 2 -1 -1 -1
log_rec_older 521 21 1963 1 -1 3 -1 -1 -1
log_rec_older 522 21 1963 1 -1 4 -1 -1 -1
log_rec_older 523 21 1963 1 -1 5 -1 -1 -1
log_rec_older 524 21 1963 1 -1 6 -1 -1 -1
log_rec_older 525 21 1963 1 -1 7 -1 -1 -1
log_rec_older 526 22 1963 1 -1 1 -1 -1 -1
log_rec_older 527 22 1963 1 -1 2 -1 -1 -1
log_rec_older 528 22 1963 1 -1 3 -1 -1 -1
log_rec_older 529 22 1963 1 -1 4 -1 -1 -1
log_rec_older 530 23 1963 1 -1 1 -1 -1 -1
log_rec_older 531 23 1963 1 -1 2 -1 -1 -1
log_rec_older 532 23 1963 1 -1 3 -1 -1 -1
log_rec_older 533 24 1963 1 -1 1 -1 -1 -1
log_rec_older 534 24 1963 1 -1 2 -1 -1 -1
log_rec_older 535 24 1963 1 -1 3 -1 -1 -1
log_rec_older 536 25 1963 1 -1 1 -1 -1 -1
log_rec_older 537 25 1963 1 -1 2 -1 -1 -1
log_rec_older 538 25 1963 1 -1 3 -1 -1 -1
log_rec_older 539 25 1963 1 -1 4 -1 -1 -1
log_rec_older 540 25 1963 1 -1 5 -1 -1 -1
log_rec_older 541 25 1963 1 -1 6 -1 -1 -1
log_rec_older 542 25 1963 1 -1 7 -1 -1 -1
log_rec_older 543 25 1963 1 -1 8 -1 -1 -1
log_rec_older 544 25 1963 1 -1 9 -1 -1 -1
log_rec_older 545 25 1963 1 -1 10 -1 -1 -1
log_rec_older 546 26 1963 1 -1 1 -1 -1 -1
log_rec_older 547 26 1963 1 -1 2 -1 -1 -1
log_rec_older 548 26 1963 1 -1 3 -1 -1 -1
log_rec_older 549 26 1963 1 -1 4 -1 -1 -1
log_rec_older 550 26 1963 1 -1 5 -1 -1 -1
log_rec_older 551 26 1963 1 -1 6 -1 -1 -1
log_rec_older 552 26 1963 1 -1 7 -1 -1 -1
log_rec_older 553 26 1963 1 -1 8 -1 -1 -1
log_rec_older 554 26 1963 1 -1 9 -1 -1 -1
log_rec_older 555 26 1963 1 -1 10 -1 -1 -1
F_y_ini 556 17 1964 -1 -1 -1 -1 -1 -1
F_y_ini 557 17 1965 -1 -1 -1 -1 -1 -1
F_y_ini 558 17 1966 -1 -1 -1 -1 -1 -1
F_y_ini 559 17 1967 -1 -1 -1 -1 -1 -1
F_y_ini 560 17 1968 -1 -1 -1 -1 -1 -1
F_y_ini 561 17 1969 -1 -1 -1 -1 -1 -1
F_y_ini 562 17 1970 -1 -1 -1 -1 -1 -1
F_y_ini 563 17 1971 -1 -1 -1 -1 -1 -1
F_y_ini 564 17 1972 -1 -1 -1 -1 -1 -1
F_y_ini 565 17 1973 -1 -1 -1 -1 -1 -1
F_y_ini 566 17 1974 -1 -1 -1 -1 -1 -1
F_y_ini 567 17 1975 -1 -1 -1 -1 -1 -1
F_y_ini 568 17 1976 -1 -1 -1 -1 -1 -1
F_y_ini 569 17 1977 -1 -1 -1 -1 -1 -1
F_y_ini 570 17 1978 -1 -1 -1 -1 -1 -1
F_y_ini 571 17 1979 -1 -1 -1 -1 -1 -1
F_y_ini 572 17 1980 -1 -1 -1 -1 -1 -1
F_y_ini 573 17 1981 -1 -1 -1 -1 -1 -1
F_y_ini 574 17 1982 -1 -1 -1 -1 -1 -1
F_y_ini 575 17 1983 -1 -1 -1 -1 -1 -1
F_y_ini 576 17 1984 -1 -1 -1 -1 -1 -1
F_y_ini 577 17 1985 -1 -1 -1 -1 -1 -1
F_y_ini 578 17 1986 -1 -1 -1 -1 -1 -1
F_y_ini 579 17 1987 -1 -1 -1 -1 -1 -1
F_y_ini 580 17 1988 -1 -1 -1 -1 -1 -1
F_y_ini 581 17 1989 -1 -1 -1 -1 -1 -1
F_y_ini 582 17 1990 -1 -1 -1 -1 -1 -1
F_y_ini 583 17 1991 -1 -1 -1 -1 -1 -1
F_y_ini 584 17 1992 -1 -1 -1 -1 -1 -1
F_y_ini 585 17 1993 -1 -1 -1 -1 -1 -1
F_y_ini 586 17 1994 -1 -1 -1 -1 -1 -1
F_y_ini 587 17 1995 -1 -1 -1 -1 -1 -1
F_y_ini 588 17 1996 -1 -1 -1 -1 -1 -1
F_y_ini 589 17 1997 -1 -1 -1 -1 -1 -1
F_y_ini 590 17 1998 -1 -1 -1 -1 -1 -1
F_y_ini 591 17 1999 -1 -1 -1 -1 -1 -1
F_y_ini 592 17 2000 -1 -1 -1 -1 -1 -1
F_y_ini 593 17 2001 -1 -1 -1 -1 -1 -1
F_y_ini 594 17 2002 -1 -1 -1 -1 -1 -1
F_y_ini 595 17 2003 -1 -1 -1 -1 -1 -1
F_y_ini 596 17 2004 -1 -1 -1 -1 -1 -1
F_y_ini 597 17 2005 -1 -1 -1 -1 -1 -1
F_y_ini 598 17 2006 -1 -1 -1 -1 -1 -1
F_y_ini 599 17 2007 -1 -1 -1 -1 -1 -1
F_y_ini 600 17 2008 -1 -1 -1 -1 -1 -1
F_y_ini 601 17 2009 -1 -1 -1 -1 -1 -1
F_y_ini 602 17 2010 -1 -1 -1 -1 -1 -1
F_y_ini 603 18 1964 -1 -1 -1 -1 -1 -1
F_y_ini 604 18 1965 -1 -1 -1 -1 -1 -1
F_y_ini 605 18 1966 -1 -1 -1 -1 -1 -1
F_y_ini 606 18 1967 -1 -1 -1 -1 -1 -1
F_y_ini 607 18 1968 -1 -1 -1 -1 -1 -1
F_y_ini 608 18 1969 -1 -1 -1 -1 -1 -1
F_y_ini 609 18 1970 -1 -1 -1 -1 -1 -1
F_y_ini 610 18 1971 -1 -1 -1 -1 -1 -1
F_y_ini 611 18 1972 -1 -1 -1 -1 -1 -1
F_y_ini 612 18 1973 -1 -1 -1 -1 -1 -1
F_y_ini 613 18 1974 -1 -1 -1 -1 -1 -1
F_y_ini 614 18 1975 -1 -1 -1 -1 -1 -1
F_y_ini 615 18 1976 -1 -1 -1 -1 -1 -1
F_y_ini 616 18 1977 -1 -1 -1 -1 -1 -1
F_y_ini 617 18 1978 -1 -1 -1 -1 -1 -1
F_y_ini 618 18 1979 -1 -1 -1 -1 -1 -1
F_y_ini 619 18 1980 -1 -1 -1 -1 -1 -1
F_y_ini 620 18 1981 -1 -1 -1 -1 -1 -1
F_y_ini 621 18 1982 -1 -1 -1 -1 -1 -1
F_y_ini 622 18 1983 -1 -1 -1 -1 -1 -1
F_y_ini 623 18 1984 -1 -1 -1 -1 -1 -1
F_y_ini 624 18 1985 -1 -1 -1 -1 -1 -1
F_y_ini 625 18 1986 -1 -1 -1 -1 -1 -1
F_y_ini 626 18 1987 -1 -1 -1 -1 -1 -1
F_y_ini 627 18 1988 -1 -1 -1 -1 -1 -1
F_y_ini 628 18 1989 -1 -1 -1 -1 -1 -1
F_y_ini 629 18 1990 -1 -1 -1 -1 -1 -1
F_y_ini 630 18 1991 -1 -1 -1 -1 -1 -1
F_y_ini 631 18 1992 -1 -1 -1 -1 -1 -1
F_y_ini 632 18 1993 -1 -1 -1 -1 -1 -1
F_y_ini 633 18 1994 -1 -1 -1 -1 -1 -1
F_y_ini 634 18 1995 -1 -1 -1 -1 -1 -1
F_y_ini 635 18 1996 -1 -1 -1 -1 -1 -1
F_y_ini 636 18 1997 -1 -1 -1 -1 -1 -1
F_y_ini 637 18 1998 -1 -1 -1 -1 -1 -1
F_y_ini 638 18 1999 -1 -1 -1 -1 -1 -1
F_y_ini 639 18 2000 -1 -1 -1 -1 -1 -1
F_y_ini 640 18 2001 -1 -1 -1 -1 -1 -1
F_y_ini 641 18 2002 -1 -1 -1 -1 -1 -1
F_y_ini 642 18 2003 -1 -1 -1 -1 -1 -1
F_y_ini 643 18 2004 -1 -1 -1 -1 -1 -1
F_y_ini 644 18 2005 -1 -1 -1 -1 -1 -1
F_y_ini 645 18 2006 -1 -1 -1 -1 -1 -1
F_y_ini 646 18 2007 -1 -1 -1 -1 -1 -1
F_y_ini 647 18 2008 -1 -1 -1 -1 -1 -1
F_y_ini 648 18 2009 -1 -1 -1 -1 -1 -1
F_y_ini 649 18 2010 -1 -1 -1 -1 -1 -1
F_y_ini 650 19 1964 -1 -1 -1 -1 -1 -1
F_y_ini 651 19 1965 -1 -1 -1 -1 -1 -1
F_y_ini 652 19 1966 -1 -1 -1 -1 -1 -1
F_y_ini 653 19 1967 -1 -1 -1 -1 -1 -1
F_y_ini 654 19 1968 -1 -1 -1 -1 -1 -1
F_y_ini 655 19 1969 -1 -1 -1 -1 -1 -1
F_y_ini 656 19 1970 -1 -1 -1 -1 -1 -1
F_y_ini 657 19 1971 -1 -1 -1 -1 -1 -1
F_y_ini 658 19 1972 -1 -1 -1 -1 -1 -1
F_y_ini 659 19 1973 -1 -1 -1 -1 -1 -1
F_y_ini 660 19 1974 -1 -1 -1 -1 -1 -1
F_y_ini 661 19 1975 -1 -1 -1 -1 -1 -1
F_y_ini 662 19 1976 -1 -1 -1 -1 -1 -1
F_y_ini 663 19 1977 -1 -1 -1 -1 -1 -1
F_y_ini 664 19 1978 -1 -1 -1 -1 -1 -1
F_y_ini 665 19 1979 -1 -1 -1 -1 -1 -1
F_y_ini 666 19 1980 -1 -1 -1 -1 -1 -1
F_y_ini 667 19 1981 -1 -1 -1 -1 -1 -1
F_y_ini 668 19 1982 -1 -1 -1 -1 -1 -1
F_y_ini 669 19 1983 -1 -1 -1 -1 -1 -1
F_y_ini 670 19 1984 -1 -1 -1 -1 -1 -1
F_y_ini 671 19 1985 -1 -1 -1 -1 -1 -1
F_y_ini 672 19 1986 -1 -1 -1 -1 -1 -1
F_y_ini 673 19 1987 -1 -1 -1 -1 -1 -1
F_y_ini 674 19 1988 -1 -1 -1 -1 -1 -1
F_y_ini 675 19 1989 -1 -1 -1 -1 -1 -1
F_y_ini 676 19 1990 -1 -1 -1 -1 -1 -1
F_y_ini 677 19 1991 -1 -1 -1 -1 -1 -1
F_y_ini 678 19 1992 -1 -1 -1 -1 -1 -1
F_y_ini 679 19 1993 -1 -1 -1 -1 -1 -1
F_y_ini 680 19 1994 -1 -1 -1 -1 -1 -1
F_y_ini 681 19 1995 -1 -1 -1 -1 -1 -1
F_y_ini 682 19 1996 -1 -1 -1 -1 -1 -1
F_y_ini 683 19 1997 -1 -1 -1 -1 -1 -1
F_y_ini 684 19 1998 -1 -1 -1 -1 -1 -1
F_y_ini 685 19 1999 -1 -1 -1 -1 -1 -1
F_y_ini 686 19 2000 -1 -1 -1 -1 -1 -1
F_y_ini 687 19 2001 -1 -1 -1 -1 -1 -1
F_y_ini 688 19 2002 -1 -1 -1 -1 -1 -1
F_y_ini 689 19 2003 -1 -1 -1 -1 -1 -1
F_y_ini 690 19 2004 -1 -1 -1 -1 -1 -1
F_y_ini 691 19 2005 -1 -1 -1 -1 -1 -1
F_y_ini 692 19 2006 -1 -1 -1 -1 -1 -1
F_y_ini 693 19 2007 -1 -1 -1 -1 -1 -1
F_y_ini 694 19 2008 -1 -1 -1 -1 -1 -1
F_y_ini 695 19 2009 -1 -1 -1 -1 -1 -1
F_y_ini 696 19 2010 -1 -1 -1 -1 -1 -1
F_y_ini 697 20 1964 -1 -1 -1 -1 -1 -1
F_y_ini 698 20 1965 -1 -1 -1 -1 -1 -1
F_y_ini 699 20 1966 -1 -1 -1 -1 -1 -1
F_y_ini 700 20 1967 -1 -1 -1 -1 -1 -1
F_y_ini 701 20 1968 -1 -1 -1 -1 -1 -1
F_y_ini 702 20 1969 -1 -1 -1 -1 -1 -1
F_y_ini 703 20 1970 -1 -1 -1 -1 -1 -1
F_y_ini 704 20 1971 -1 -1 -1 -1 -1 -1
F_y_ini 705 20 1972 -1 -1 -1 -1 -1 -1
F_y_ini 706 20 1973 -1 -1 -1 -1 -1 -1
F_y_ini 707 20 1974 -1 -1 -1 -1 -1 -1
F_y_ini 708 20 1975 -1 -1 -1 -1 -1 -1
F_y_ini 709 20 1976 -1 -1 -1 -1 -1 -1
F_y_ini 710 20 1977 -1 -1 -1 -1 -1 -1
F_y_ini 711 20 1978 -1 -1 -1 -1 -1 -1
F_y_ini 712 20 1979 -1 -1 -1 -1 -1 -1
F_y_ini 713 20 1980 -1 -1 -1 -1 -1 -1
F_y_ini 714 20 1981 -1 -1 -1 -1 -1 -1
F_y_ini 715 20 1982 -1 -1 -1 -1 -1 -1
F_y_ini 716 20 1983 -1 -1 -1 -1 -1 -1
F_y_ini 717 20 1984 -1 -1 -1 -1 -1 -1
F_y_ini 718 20 1985 -1 -1 -1 -1 -1 -1
F_y_ini 719 20 1986 -1 -1 -1 -1 -1 -1
F_y_ini 720 20 1987 -1 -1 -1 -1 -1 -1
F_y_ini 721 20 1988 -1 -1 -1 -1 -1 -1
F_y_ini 722 20 1989 -1 -1 -1 -1 -1 -1
F_y_ini 723 20 1990 -1 -1 -1 -1 -1 -1
F_y_ini 724 20 1991 -1 -1 -1 -1 -1 -1
F_y_ini 725 20 1992 -1 -1 -1 -1 -1 -1
F_y_ini 726 20 1993 -1 -1 -1 -1 -1 -1
F_y_ini 727 20 1994 -1 -1 -1 -1 -1 -1
F_y_ini 728 20 1995 -1 -1 -1 -1 -1 -1
F_y_ini 729 20 1996 -1 -1 -1 -1 -1 -1
F_y_ini 730 20 1997 -1 -1 -1 -1 -1 -1
F_y_ini 731 20 1998 -1 -1 -1 -1 -1 -1
F_y_ini 732 20 1999 -1 -1 -1 -1 -1 -1
F_y_ini 733 20 2000 -1 -1 -1 -1 -1 -1
F_y_ini 734 20 2001 -1 -1 -1 -1 -1 -1
F_y_ini 735 20 2002 -1 -1 -1 -1 -1 -1
F_y_ini 736 20 2003 -1 -1 -1 -1 -1 -1
F_y_ini 737 20 2004 -1 -1 -1 -1 -1 -1
F_y_ini 738 20 2005 -1 -1 -1 -1 -1 -1
F_y_ini 739 20 2006 -1 -1 -1 -1 -1 -1
F_y_ini 740 20 2007 -1 -1 -1 -1 -1 -1
F_y_ini 741 20 2008 -1 -1 -1 -1 -1 -1
F_y_ini 742 20 2009 -1 -1 -1 -1 -1 -1
F_y_ini 743 20 2010 -1 -1 -1 -1 -1 -1
F_y_ini 744 21 1964 -1 -1 -1 -1 -1 -1
F_y_ini 745 21 1965 -1 -1 -1 -1 -1 -1
F_y_ini 746 21 1966 -1 -1 -1 -1 -1 -1
F_y_ini 747 21 1967 -1 -1 -1 -1 -1 -1
F_y_ini 748 21 1968 -1 -1 -1 -1 -1 -1
F_y_ini 749 21 1969 -1 -1 -1 -1 -1 -1
F_y_ini 750 21 1970 -1 -1 -1 -1 -1 -1
F_y_ini 751 21 1971 -1 -1 -1 -1 -1 -1
F_y_ini 752 21 1972 -1 -1 -1 -1 -1 -1
F_y_ini 753 21 1973 -1 -1 -1 -1 -1 -1
F_y_ini 754 21 1974 -1 -1 -1 -1 -1 -1
F_y_ini 755 21 1975 -1 -1 -1 -1 -1 -1
F_y_ini 756 21 1976 -1 -1 -1 -1 -1 -1
F_y_ini 757 21 1977 -1 -1 -1 -1 -1 -1
F_y_ini 758 21 1978 -1 -1 -1 -1 -1 -1
F_y_ini 759 21 1979 -1 -1 -1 -1 -1 -1
F_y_ini 760 21 1980 -1 -1 -1 -1 -1 -1
F_y_ini 761 21 1981 -1 -1 -1 -1 -1 -1
F_y_ini 762 21 1982 -1 -1 -1 -1 -1 -1
F_y_ini 763 21 1983 -1 -1 -1 -1 -1 -1
F_y_ini 764 21 1984 -1 -1 -1 -1 -1 -1
F_y_ini 765 21 1985 -1 -1 -1 -1 -1 -1
F_y_ini 766 21 1986 -1 -1 -1 -1 -1 -1
F_y_ini 767 21 1987 -1 -1 -1 -1 -1 -1
F_y_ini 768 21 1988 -1 -1 -1 -1 -1 -1
F_y_ini 769 21 1989 -1 -1 -1 -1 -1 -1
F_y_ini 770 21 1990 -1 -1 -1 -1 -1 -1
F_y_ini 771 21 1991 -1 -1 -1 -1 -1 -1
F_y_ini 772 21 1992 -1 -1 -1 -1 -1 -1
F_y_ini 773 21 1993 -1 -1 -1 -1 -1 -1
F_y_ini 774 21 1994 -1 -1 -1 -1 -1 -1
F_y_ini 775 21 1995 -1 -1 -1 -1 -1 -1
F_y_ini 776 21 1996 -1 -1 -1 -1 -1 -1
F_y_ini 777 21 1997 -1 -1 -1 -1 -1 -1
F_y_ini 778 21 1998 -1 -1 -1 -1 -1 -1
F_y_ini 779 21 1999 -1 -1 -1 -1 -1 -1
F_y_ini 780 21 2000 -1 -1 -1 -1 -1 -1
F_y_ini 781 21 2001 -1 -1 -1 -1 -1 -1
F_y_ini 782 21 2002 -1 -1 -1 -1 -1 -1
F_y_ini 783 21 2003 -1 -1 -1 -1 -1 -1
F_y_ini 784 21 2004 -1 -1 -1 -1 -1 -1
F_y_ini 785 21 2005 -1 -1 -1 -1 -1 -1
F_y_ini 786 21 2006 -1 -1 -1 -1 -1 -1
F_y_ini 787 21 2007 -1 -1 -1 -1 -1 -1
F_y_ini 788 21 2008 -1 -1 -1 -1 -1 -1
F_y_ini 789 21 2009 -1 -1 -1 -1 -1 -1
F_y_ini 790 21 2010 -1 -1 -1 -1 -1 -1
F_y_ini 791 22 1964 -1 -1 -1 -1 -1 -1
F_y_ini 792 22 1965 -1 -1 -1 -1 -1 -1
F_y_ini 793 22 1966 -1 -1 -1 -1 -1 -1
F_y_ini 794 22 1967 -1 -1 -1 -1 -1 -1
F_y_ini 795 22 1968 -1 -1 -1 -1 -1 -1
F_y_ini 796 22 1969 -1 -1 -1 -1 -1 -1
F_y_ini 797 22 1970 -1 -1 -1 -1 -1 -1
F_y_ini 798 22 1971 -1 -1 -1 -1 -1 -1
F_y_ini 799 22 1972 -1 -1 -1 -1 -1 -1
F_y_ini 800 22 1973 -1 -1 -1 -1 -1 -1
F_y_ini 801 22 1974 -1 -1 -1 -1 -1 -1
F_y_ini 802 22 1975 -1 -1 -1 -1 -1 -1
F_y_ini 803 22 1976 -1 -1 -1 -1 -1 -1
F_y_ini 804 22 1977 -1 -1 -1 -1 -1 -1
F_y_ini 805 22 1978 -1 -1 -1 -1 -1 -1
F_y_ini 806 22 1979 -1 -1 -1 -1 -1 -1
F_y_ini 807 22 1980 -1 -1 -1 -1 -1 -1
F_y_ini 808 22 1981 -1 -1 -1 -1 -1 -1
F_y_ini 809 22 1982 -1 -1 -1 -1 -1 -1
F_y_ini 810 22 1983 -1 -1 -1 -1 -1 -1
F_y_ini 811 22 1984 -1 -1 -1 -1 -1 -1
F_y_ini 812 22 1985 -1 -1 -1 -1 -1 -1
F_y_ini 813 22 1986 -1 -1 -1 -1 -1 -1
F_y_ini 814 22 1987 -1 -1 -1 -1 -1 -1
F_y_ini 815 22 1988 -1 -1 -1 -1 -1 -1
F_y_ini 816 22 1989 -1 -1 -1 -1 -1 -1
F_y_ini 817 22 1990 -1 -1 -1 -1 -1 -1
F_y_ini 818 22 1991 -1 -1 -1 -1 -1 -1
F_y_ini 819 22 1992 -1 -1 -1 -1 -1 -1
F_y_ini 820 22 1993 -1 -1 -1 -1 -1 -1
F_y_ini 821 22 1994 -1 -1 -1 -1 -1 -1
F_y_ini 822 22 1995 -1 -1 -1 -1 -1 -1
F_y_ini 823 22 1996 -1 -1 -1 -1 -1 -1
F_y_ini 824 22 1997 -1 -1 -1 -1 -1 -1
F_y_ini 825 22 1998 -1 -1 -1 -1 -1 -1
F_y_ini 826 22 1999 -1 -1 -1 -1 -1 -1
F_y_ini 827 22 2000 -1 -1 -1 -1 -1 -1
F_y_ini 828 22 2001 -1 -1 -1 -1 -1 -1
F_y_ini 829 22 2002 -1 -1 -1 -1 -1 -1
F_y_ini 830 22 2003 -1 -1 -1 -1 -1 -1
F_y_ini 831 22 2004 -1 -1 -1 -1 -1 -1
F_y_ini 832 22 2005 -1 -1 -1 -1 -1 -1
F_y_ini 833 22 2006 -1 -1 -1 -1 -1 -1
F_y_ini 834 22 2007 -1 -1 -1 -1 -1 -1
F_y_ini 835 22 2008 -1 -1 -1 -1 -1 -1
F_y_ini 836 22 2009 -1 -1 -1 -1 -1 -1
F_y_ini 837 22 2010 -1 -1 -1 -1 -1 -1
F_y_ini 838 23 1964 -1 -1 -1 -1 -1 -1
F_y_ini 839 23 1965 -1 -1 -1 -1 -1 -1
F_y_ini 840 23 1966 -1 -1 -1 -1 -1 -1
F_y_ini 841 23 1967 -1 -1 -1 -1 -1 -1
F_y_ini 842 23 1968 -1 -1 -1 -1 -1 -1
F_y_ini 843 23 1969 -1 -1 -1 -1 -1 -1
F_y_ini 844 23 1970 -1 -1 -1 -1 -1 -1
F_y_ini 845 23 1971 -1 -1 -1 -1 -1 -1
F_y_ini 846 23 1972 -1 -1 -1 -1 -1 -1
F_y_ini 847 23 1973 -1 -1 -1 -1 -1 -1
F_y_ini 848 23 1974 -1 -1 -1 -1 -1 -1
F_y_ini 849 23 1975 -1 -1 -1 -1 -1 -1
F_y_ini 850 23 1976 -1 -1 -1 -1 -1 -1
F_y_ini 851 23 1977 -1 -1 -1 -1 -1 -1
F_y_ini 852 23 1978 -1 -1 -1 -1 -1 -1
F_y_ini 853 23 1979 -1 -1 -1 -1 -1 -1
F_y_ini 854 23 1980 -1 -1 -1 -1 -1 -1
F_y_ini 855 23 1981 -1 -1 -1 -1 -1 -1
F_y_ini 856 23 1982 -1 -1 -1 -1 -1 -1
F_y_ini 857 23 1983 -1 -1 -1 -1 -1 -1
F_y_ini 858 23 1984 -1 -1 -1 -1 -1 -1
F_y_ini 859 23 1985 -1 -1 -1 -1 -1 -1
F_y_ini 860 23 1986 -1 -1 -1 -1 -1 -1
F_y_ini 861 23 1987 -1 -1 -1 -1 -1 -1
F_y_ini 862 23 1988 -1 -1 -1 -1 -1 -1
F_y_ini 863 23 1989 -1 -1 -1 -1 -1 -1
F_y_ini 864 23 1990 -1 -1 -1 -1 -1 -1
F_y_ini 865 23 1991 -1 -1 -1 -1 -1 -1
F_y_ini 866 23 1992 -1 -1 -1 -1 -1 -1
F_y_ini 867 23 1993 -1 -1 -1 -1 -1 -1
F_y_ini 868 23 1994 -1 -1 -1 -1 -1 -1
F_y_ini 869 23 1995 -1 -1 -1 -1 -1 -1
F_y_ini 870 23 1996 -1 -1 -1 -1 -1 -1
F_y_ini 871 23 1997 -1 -1 -1 -1 -1 -1
F_y_ini 872 23 1998 -1 -1 -1 -1 -1 -1
F_y_ini 873 23 1999 -1 -1 -1 -1 -1 -1
F_y_ini 874 23 2000 -1 -1 -1 -1 -1 -1
F_y_ini 875 23 2001 -1 -1 -1 -1 -1 -1
F_y_ini 876 23 2002 -1 -1 -1 -1 -1 -1
F_y_ini 877 23 2003 -1 -1 -1 -1 -1 -1
F_y_ini 878 23 2004 -1 -1 -1 -1 -1 -1
F_y_ini 879 23 2005 -1 -1 -1 -1 -1 -1
F_y_ini 880 23 2006 -1 -1 -1 -1 -1 -1
F_y_ini 881 23 2007 -1 -1 -1 -1 -1 -1
F_y_ini 882 23 2008 -1 -1 -1 -1 -1 -1
F_y_ini 883 23 2009 -1 -1 -1 -1 -1 -1
F_y_ini 884 23 2010 -1 -1 -1 -1 -1 -1
F_y_ini 885 24 1964 -1 -1 -1 -1 -1 -1
F_y_ini 886 24 1965 -1 -1 -1 -1 -1 -1
F_y_ini 887 24 1966 -1 -1 -1 -1 -1 -1
F_y_ini 888 24 1967 -1 -1 -1 -1 -1 -1
F_y_ini 889 24 1968 -1 -1 -1 -1 -1 -1
F_y_ini 890 24 1969 -1 -1 -1 -1 -1 -1
F_y_ini 891 24 1970 -1 -1 -1 -1 -1 -1
F_y_ini 892 24 1971 -1 -1 -1 -1 -1 -1
F_y_ini 893 24 1972 -1 -1 -1 -1 -1 -1
F_y_ini 894 24 1973 -1 -1 -1 -1 -1 -1
F_y_ini 895 24 1974 -1 -1 -1 -1 -1 -1
F_y_ini 896 24 1975 -1 -1 -1 -1 -1 -1
F_y_ini 897 24 1976 -1 -1 -1 -1 -1 -1
F_y_ini 898 24 1977 -1 -1 -1 -1 -1 -1
F_y_ini 899 24 1978 -1 -1 -1 -1 -1 -1
F_y_ini 900 24 1979 -1 -1 -1 -1 -1 -1
F_y_ini 901 24 1980 -1 -1 -1 -1 -1 -1
F_y_ini 902 24 1981 -1 -1 -1 -1 -1 -1
F_y_ini 903 24 1982 -1 -1 -1 -1 -1 -1
F_y_ini 904 24 1983 -1 -1 -1 -1 -1 -1
F_y_ini 905 24 1984 -1 -1 -1 -1 -1 -1
F_y_ini 906 24 1985 -1 -1 -1 -1 -1 -1
F_y_ini 907 24 1986 -1 -1 -1 -1 -1 -1
F_y_ini 908 24 1987 -1 -1 -1 -1 -1 -1
F_y_ini 909 24 1988 -1 -1 -1 -1 -1 -1
F_y_ini 910 24 1989 -1 -1 -1 -1 -1 -1
F_y_ini 911 24 1990 -1 -1 -1 -1 -1 -1
F_y_ini 912 24 1991 -1 -1 -1 -1 -1 -1
F_y_ini 913 24 1992 -1 -1 -1 -1 -1 -1
F_y_ini 914 24 1993 -1 -1 -1 -1 -1 -1
F_y_ini 915 24 1994 -1 -1 -1 -1 -1 -1
F_y_ini 916 24 1995 -1 -1 -1 -1 -1 -1
F_y_ini 917 24 1996 -1 -1 -1 -1 -1 -1
F_y_ini 918 24 1997 -1 -1 -1 -1 -1 -1
F_y_ini 919 24 1998 -1 -1 -1 -1 -1 -1
F_y_ini 920 24 1999 -1 -1 -1 -1 -1 -1
F_y_ini 921 24 2000 -1 -1 -1 -1 -1 -1
F_y_ini 922 24 2001 -1 -1 -1 -1 -1 -1
F_y_ini 923 24 2002 -1 -1 -1 -1 -1 -1
F_y_ini 924 24 2003 -1 -1 -1 -1 -1 -1
F_y_ini 925 24 2004 -1 -1 -1 -1 -1 -1
F_y_ini 926 24 2005 -1 -1 -1 -1 -1 -1
F_y_ini 927 24 2006 -1 -1 -1 -1 -1 -1
F_y_ini 928 24 2007 -1 -1 -1 -1 -1 -1
F_y_ini 929 24 2008 -1 -1 -1 -1 -1 -1
F_y_ini 930 24 2009 -1 -1 -1 -1 -1 -1
F_y_ini 931 24 2010 -1 -1 -1 -1 -1 -1
F_y_ini 932 25 1964 -1 -1 -1 -1 -1 -1
F_y_ini 933 25 1965 -1 -1 -1 -1 -1 -1
F_y_ini 934 25 1966 -1 -1 -1 -1 -1 -1
F_y_ini 935 25 1967 -1 -1 -1 -1 -1 -1
F_y_ini 936 25 1968 -1 -1 -1 -1 -1 -1
F_y_ini 937 25 1969 -1 -1 -1 -1 -1 -1
F_y_ini 938 25 1970 -1 -1 -1 -1 -1 -1
F_y_ini 939 25 1971 -1 -1 -1 -1 -1 -1
F_y_ini 940 25 1972 -1 -1 -1 -1 -1 -1
F_y_ini 941 25 1973 -1 -1 -1 -1 -1 -1
F_y_ini 942 25 1974 -1 -1 -1 -1 -1 -1
F_y_ini 943 25 1975 -1 -1 -1 -1 -1 -1
F_y_ini 944 25 1976 -1 -1 -1 -1 -1 -1
F_y_ini 945 25 1977 -1 -1 -1 -1 -1 -1
F_y_ini 946 25 1978 -1 -1 -1 -1 -1 -1
F_y_ini 947 25 1979 -1 -1 -1 -1 -1 -1
F_y_ini 948 25 1980 -1 -1 -1 -1 -1 -1
F_y_ini 949 25 1981 -1 -1 -1 -1 -1 -1
F_y_ini 950 25 1982 -1 -1 -1 -1 -1 -1
F_y_ini 951 25 1983 -1 -1 -1 -1 -1 -1
F_y_ini 952 25 1984 -1 -1 -1 -1 -1 -1
F_y_ini 953 25 1985 -1 -1 -1 -1 -1 -1
F_y_ini 954 25 1986 -1 -1 -1 -1 -1 -1
F_y_ini 955 25 1987 -1 -1 -1 -1 -1 -1
F_y_ini 956 25 1988 -1 -1 -1 -1 -1 -1
F_y_ini 957 25 1989 -1 -1 -1 -1 -1 -1
F_y_ini 958 25 1990 -1 -1 -1 -1 -1 -1
F_y_ini 959 25 1991 -1 -1 -1 -1 -1 -1
F_y_ini 960 25 1992 -1 -1 -1 -1 -1 -1
F_y_ini 961 25 1993 -1 -1 -1 -1 -1 -1
F_y_ini 962 25 1994 -1 -1 -1 -1 -1 -1
F_y_ini 963 25 1995 -1 -1 -1 -1 -1 -1
F_y_ini 964 25 1996 -1 -1 -1 -1 -1 -1
F_y_ini 965 25 1997 -1 -1 -1 -1 -1 -1
F_y_ini 966 25 1998 -1 -1 -1 -1 -1 -1
F_y_ini 967 25 1999 -1 -1 -1 -1 -1 -1
F_y_ini 968 25 2000 -1 -1 -1 -1 -1 -1
F_y_ini 969 25 2001 -1 -1 -1 -1 -1 -1
F_y_ini 970 25 2002 -1 -1 -1 -1 -1 -1
F_y_ini 971 25 2003 -1 -1 -1 -1 -1 -1
F_y_ini 972 25 2004 -1 -1 -1 -1 -1 -1
F_y_ini 973 25 2005 -1 -1 -1 -1 -1 -1
F_y_ini 974 25 2006 -1 -1 -1 -1 -1 -1
F_y_ini 975 25 2007 -1 -1 -1 -1 -1 -1
F_y_ini 976 25 2008 -1 -1 -1 -1 -1 -1
F_y_ini 977 25 2009 -1 -1 -1 -1 -1 -1
F_y_ini 978 25 2010 -1 -1 -1 -1 -1 -1
F_y_ini 979 26 1964 -1 -1 -1 -1 -1 -1
F_y_ini 980 26 1965 -1 -1 -1 -1 -1 -1
F_y_ini 981 26 1966 -1 -1 -1 -1 -1 -1
F_y_ini 982 26 1967 -1 -1 -1 -1 -1 -1
F_y_ini 983 26 1968 -1 -1 -1 -1 -1 -1
F_y_ini 984 26 1969 -1 -1 -1 -1 -1 -1
F_y_ini 985 26 1970 -1 -1 -1 -1 -1 -1
F_y_ini 986 26 1971 -1 -1 -1 -1 -1 -1
F_y_ini 987 26 1972 -1 -1 -1 -1 -1 -1
F_y_ini 988 26 1973 -1 -1 -1 -1 -1 -1
F_y_ini 989 26 1974 -1 -1 -1 -1 -1 -1
F_y_ini 990 26 1975 -1 -1 -1 -1 -1 -1
F_y_ini 991 26 1976 -1 -1 -1 -1 -1 -1
F_y_ini 992 26 1977 -1 -1 -1 -1 -1 -1
F_y_ini 993 26 1978 -1 -1 -1 -1 -1 -1
F_y_ini 994 26 1979 -1 -1 -1 -1 -1 -1
F_y_ini 995 26 1980 -1 -1 -1 -1 -1 -1
F_y_ini 996 26 1981 -1 -1 -1 -1 -1 -1
F_y_ini 997 26 1982 -1 -1 -1 -1 -1 -1
F_y_ini 998 26 1983 -1 -1 -1 -1 -1 -1
F_y_ini 999 26 1984 -1 -1 -1 -1 -1 -1
F_y_ini 1000 26 1985 -1 -1 -1 -1 -1 -1
F_y_ini 1001 26 1986 -1 -1 -1 -1 -1 -1
F_y_ini 1002 26 1987 -1 -1 -1 -1 -1 -1
F_y_ini 1003 26 1988 -1 -1 -1 -1 -1 -1
F_y_ini 1004 26 1989 -1 -1 -1 -1 -1 -1
F_y_ini 1005 26 1990 -1 -1 -1 -1 -1 -1
F_y_ini 1006 26 1991 -1 -1 -1 -1 -1 -1
F_y_ini 1007 26 1992 -1 -1 -1 -1 -1 -1
F_y_ini 1008 26 1993 -1 -1 -1 -1 -1 -1
F_y_ini 1009 26 1994 -1 -1 -1 -1 -1 -1
F_y_ini 1010 26 1995 -1 -1 -1 -1 -1 -1
F_y_ini 1011 26 1996 -1 -1 -1 -1 -1 -1
F_y_ini 1012 26 1997 -1 -1 -1 -1 -1 -1
F_y_ini 1013 26 1998 -1 -1 -1 -1 -1 -1
F_y_ini 1014 26 1999 -1 -1 -1 -1 -1 -1
F_y_ini 1015 26 2000 -1 -1 -1 -1 -1 -1
F_y_ini 1016 26 2001 -1 -1 -1 -1 -1 -1
F_y_ini 1017 26 2002 -1 -1 -1 -1 -1 -1
F_y_ini 1018 26 2003 -1 -1 -1 -1 -1 -1
F_y_ini 1019 26 2004 -1 -1 -1 -1 -1 -1
F_y_ini 1020 26 2005 -1 -1 -1 -1 -1 -1
F_y_ini 1021 26 2006 -1 -1 -1 -1 -1 -1
F_y_ini 1022 26 2007 -1 -1 -1 -1 -1 -1
F_y_ini 1023 26 2008 -1 -1 -1 -1 -1 -1
F_y_ini 1024 26 2009 -1 -1 -1 -1 -1 -1
F_y_ini 1025 26 2010 -1 -1 -1 -1 -1 -1
log_F_a_ini 1026 17 1963 -1 -1 1 -1 -1 -1
log_F_a_ini 1027 17 1993 -1 -1 1 -1 -1 -1
log_F_a_ini 1028 17 1963 -1 -1 2 -1 -1 -1
log_F_a_ini 1029 17 1993 -1 -1 2 -1 -1 -1
log_F_a_ini 1030 17 1963 -1 -1 3 -1 -1 -1
log_F_a_ini 1031 17 1993 -1 -1 3 -1 -1 -1
log_F_a_ini 1032 17 1963 -1 -1 4 -1 -1 -1
log_F_a_ini 1033 17 1993 -1 -1 4 -1 -1 -1
log_F_a_ini 1034 17 1963 -1 -1 5 -1 -1 -1
log_F_a_ini 1035 17 1993 -1 -1 5 -1 -1 -1
log_F_a_ini 1036 17 1963 -1 -1 6 -1 -1 -1
log_F_a_ini 1037 17 1993 -1 -1 6 -1 -1 -1
log_F_a_ini 1038 17 1963 -1 -1 7 -1 -1 -1
log_F_a_ini 1039 17 1993 -1 -1 7 -1 -1 -1
log_F_a_ini 1040 18 1963 -1 -1 0 -1 -1 -1
log_F_a_ini 1041 18 1991 -1 -1 0 -1 -1 -1
log_F_a_ini 1042 18 1963 -1 -1 1 -1 -1 -1
log_F_a_ini 1043 18 1991 -1 -1 1 -1 -1 -1
log_F_a_ini 1044 18 1963 -1 -1 2 -1 -1 -1
log_F_a_ini 1045 18 1991 -1 -1 2 -1 -1 -1
log_F_a_ini 1046 18 1963 -1 -1 3 -1 -1 -1
log_F_a_ini 1047 18 1991 -1 -1 3 -1 -1 -1
log_F_a_ini 1048 18 1963 -1 -1 4 -1 -1 -1
log_F_a_ini 1049 18 1991 -1 -1 4 -1 -1 -1
log_F_a_ini 1050 18 1963 -1 -1 5 -1 -1 -1
log_F_a_ini 1051 18 1991 -1 -1 5 -1 -1 -1
log_F_a_ini 1052 18 1963 -1 -1 6 -1 -1 -1
log_F_a_ini 1053 18 1991 -1 -1 6 -1 -1 -1
log_F_a_ini 1054 18 1963 -1 -1 7 -1 -1 -1
log_F_a_ini 1055 18 1991 -1 -1 7 -1 -1 -1
log_F_a_ini 1056 19 1963 -1 -1 0 -1 -1 -1
log_F_a_ini 1057 19 1985 -1 -1 0 -1 -1 -1
log_F_a_ini 1058 19 1963 -1 -1 1 -1 -1 -1
log_F_a_ini 1059 19 1985 -1 -1 1 -1 -1 -1
log_F_a_ini 1060 19 1963 -1 -1 2 -1 -1 -1
log_F_a_ini 1061 19 1985 -1 -1 2 -1 -1 -1
log_F_a_ini 1062 19 1963 -1 -1 3 -1 -1 -1
log_F_a_ini 1063 19 1985 -1 -1 3 -1 -1 -1
log_F_a_ini 1064 19 1963 -1 -1 4 -1 -1 -1
log_F_a_ini 1065 19 1985 -1 -1 4 -1 -1 -1
log_F_a_ini 1066 19 1963 -1 -1 5 -1 -1 -1
log_F_a_ini 1067 19 1985 -1 -1 5 -1 -1 -1
log_F_a_ini 1068 19 1963 -1 -1 6 -1 -1 -1
log_F_a_ini 1069 19 1985 -1 -1 6 -1 -1 -1
log_F_a_ini 1070 19 1963 -1 -1 7 -1 -1 -1
log_F_a_ini 1071 19 1985 -1 -1 7 -1 -1 -1
log_F_a_ini 1072 20 1963 -1 -1 3 -1 -1 -1
log_F_a_ini 1073 20 1992 -1 -1 3 -1 -1 -1
log_F_a_ini 1074 20 1963 -1 -1 4 -1 -1 -1
log_F_a_ini 1075 20 1992 -1 -1 4 -1 -1 -1
log_F_a_ini 1076 20 1963 -1 -1 5 -1 -1 -1
log_F_a_ini 1077 20 1992 -1 -1 5 -1 -1 -1
log_F_a_ini 1078 20 1963 -1 -1 6 -1 -1 -1
log_F_a_ini 1079 20 1992 -1 -1 6 -1 -1 -1
log_F_a_ini 1080 20 1963 -1 -1 7 -1 -1 -1
log_F_a_ini 1081 20 1992 -1 -1 7 -1 -1 -1
log_F_a_ini 1082 20 1963 -1 -1 8 -1 -1 -1
log_F_a_ini 1083 20 1992 -1 -1 8 -1 -1 -1
log_F_a_ini 1084 21 1963 -1 -1 0 -1 -1 -1
log_F_a_ini 1085 21 1978 -1 -1 0 -1 -1 -1
log_F_a_ini 1086 21 1983 -1 -1 0 -1 -1 -1
log_F_a_ini 1087 21 1998 -1 -1 0 -1 -1 -1
log_F_a_ini 1088 21 1963 -1 -1 1 -1 -1 -1
log_F_a_ini 1089 21 1978 -1 -1 1 -1 -1 -1
log_F_a_ini 1090 21 1983 -1 -1 1 -1 -1 -1
log_F_a_ini 1091 21 1998 -1 -1 1 -1 -1 -1
log_F_a_ini 1092 21 1963 -1 -1 2 -1 -1 -1
log_F_a_ini 1093 21 1978 -1 -1 2 -1 -1 -1
log_F_a_ini 1094 21 1983 -1 -1 2 -1 -1 -1
log_F_a_ini 1095 21 1998 -1 -1 2 -1 -1 -1
log_F_a_ini 1096 21 1963 -1 -1 3 -1 -1 -1
log_F_a_ini 1097 21 1978 -1 -1 3 -1 -1 -1
log_F_a_ini 1098 21 1983 -1 -1 3 -1 -1 -1
log_F_a_ini 1099 21 1998 -1 -1 3 -1 -1 -1
log_F_a_ini 1100 21 1963 -1 -1 4 -1 -1 -1
log_F_a_ini 1101 21 1978 -1 -1 4 -1 -1 -1
log_F_a_ini 1102 21 1983 -1 -1 4 -1 -1 -1
log_F_a_ini 1103 21 1998 -1 -1 4 -1 -1 -1
log_F_a_ini 1104 21 1963 -1 -1 5 -1 -1 -1
log_F_a_ini 1105 21 1978 -1 -1 5 -1 -1 -1
log_F_a_ini 1106 21 1983 -1 -1 5 -1 -1 -1
log_F_a_ini 1107 21 1998 -1 -1 5 -1 -1 -1
log_F_a_ini 1108 22 1963 -1 -1 0 -1 -1 -1
log_F_a_ini 1109 22 1982 -1 -1 0 -1 -1 -1
log_F_a_ini 1110 22 2005 -1 -1 0 -1 -1 -1
log_F_a_ini 1111 22 1963 -1 -1 1 -1 -1 -1
log_F_a_ini 1112 22 1982 -1 -1 1 -1 -1 -1
log_F_a_ini 1113 22 2005 -1 -1 1 -1 -1 -1
log_F_a_ini 1114 22 1963 -1 -1 2 -1 -1 -1
log_F_a_ini 1115 22 1982 -1 -1 2 -1 -1 -1
log_F_a_ini 1116 22 2005 -1 -1 2 -1 -1 -1
log_F_a_ini 1117 22 1963 -1 -1 3 -1 -1 -1
log_F_a_ini 1118 22 1982 -1 -1 3 -1 -1 -1
log_F_a_ini 1119 22 2005 -1 -1 3 -1 -1 -1
log_F_a_ini 1120 23 1963 -1 -1 0 -1 -1 -1
log_F_a_ini 1121 23 1982 -1 -1 0 -1 -1 -1
log_F_a_ini 1122 23 1963 -1 -1 1 -1 -1 -1
log_F_a_ini 1123 23 1982 -1 -1 1 -1 -1 -1
log_F_a_ini 1124 23 1963 -1 -1 2 -1 -1 -1
log_F_a_ini 1125 23 1982 -1 -1 2 -1 -1 -1
log_F_a_ini 1126 24 1963 -1 -1 1 -1 -1 -1
log_F_a_ini 1127 24 1973 -1 -1 1 -1 -1 -1
log_F_a_ini 1128 24 1990 -1 -1 1 -1 -1 -1
log_F_a_ini 1129 24 1963 -1 -1 2 -1 -1 -1
log_F_a_ini 1130 24 1973 -1 -1 2 -1 -1 -1
log_F_a_ini 1131 24 1990 -1 -1 2 -1 -1 -1
log_F_a_ini 1132 25 1963 -1 -1 1 -1 -1 -1
log_F_a_ini 1133 25 1990 -1 -1 1 -1 -1 -1
log_F_a_ini 1134 25 1963 -1 -1 2 -1 -1 -1
log_F_a_ini 1135 25 1990 -1 -1 2 -1 -1 -1
log_F_a_ini 1136 25 1963 -1 -1 3 -1 -1 -1
log_F_a_ini 1137 25 1990 -1 -1 3 -1 -1 -1
log_F_a_ini 1138 25 1963 -1 -1 4 -1 -1 -1
log_F_a_ini 1139 25 1990 -1 -1 4 -1 -1 -1
log_F_a_ini 1140 25 1963 -1 -1 5 -1 -1 -1
log_F_a_ini 1141 25 1990 -1 -1 5 -1 -1 -1
log_F_a_ini 1142 25 1963 -1 -1 6 -1 -1 -1
log_F_a_ini 1143 25 1990 -1 -1 6 -1 -1 -1
log_F_a_ini 1144 25 1963 -1 -1 7 -1 -1 -1
log_F_a_ini 1145 25 1990 -1 -1 7 -1 -1 -1
log_F_a_ini 1146 26 1963 -1 -1 2 -1 -1 -1
log_F_a_ini 1147 26 1990 -1 -1 2 -1 -1 -1
log_F_a_ini 1148 26 1963 -1 -1 3 -1 -1 -1
log_F_a_ini 1149 26 1990 -1 -1 3 -1 -1 -1
log_F_a_ini 1150 26 1963 -1 -1 4 -1 -1 -1
log_F_a_ini 1151 26 1990 -1 -1 4 -1 -1 -1
log_F_a_ini 1152 26 1963 -1 -1 5 -1 -1 -1
log_F_a_ini 1153 26 1990 -1 -1 5 -1 -1 -1
log_F_a_ini 1154 26 1963 -1 -1 6 -1 -1 -1
log_F_a_ini 1155 26 1990 -1 -1 6 -1 -1 -1
log_F_a_ini 1156 26 1963 -1 -1 7 -1 -1 -1
log_F_a_ini 1157 26 1990 -1 -1 7 -1 -1 -1
qq_ini 1158 17 -1 -1 -1 1 -1 -1 1
qq_ini 1159 17 -1 -1 -1 1 -1 -1 2
qq_ini 1160 17 -1 -1 -1 2 -1 -1 2
qq_ini 1161 17 -1 -1 -1 3 -1 -1 2
qq_ini 1162 17 -1 -1 -1 0 -1 -1 3
qq_ini 1163 17 -1 -1 -1 0 -1 -1 4
qq_ini 1164 17 -1 -1 -1 0 -1 -1 5
qq_ini 1165 18 -1 -1 -1 0 -1 -1 1
qq_ini 1166 18 -1 -1 -1 1 -1 -1 1
qq_ini 1167 18 -1 -1 -1 1 -1 -1 2
qq_ini 1168 18 -1 -1 -1 2 -1 -1 2
qq_ini 1169 18 -1 -1 -1 3 -1 -1 2
qq_ini 1170 18 -1 -1 -1 0 -1 -1 3
qq_ini 1171 18 -1 -1 -1 1 -1 -1 3
qq_ini 1172 18 -1 -1 -1 2 -1 -1 3
qq_ini 1173 18 -1 -1 -1 1 -1 -1 4
qq_ini 1174 18 -1 -1 -1 0 -1 -1 5
qq_ini 1175 18 -1 -1 -1 1 -1 -1 5
qq_ini 1176 18 -1 -1 -1 2 -1 -1 5
qq_ini 1177 19 -1 -1 -1 0 -1 -1 1
qq_ini 1178 19 -1 -1 -1 1 -1 -1 1
qq_ini 1179 19 -1 -1 -1 0 -1 -1 2
qq_ini 1180 19 -1 -1 -1 1 -1 -1 2
qq_ini 1181 19 -1 -1 -1 1 -1 -1 3
qq_ini 1182 19 -1 -1 -1 2 -1 -1 3
qq_ini 1183 19 -1 -1 -1 0 -1 -1 4
qq_ini 1184 19 -1 -1 -1 1 -1 -1 4
qq_ini 1185 19 -1 -1 -1 2 -1 -1 4
qq_ini 1186 19 -1 -1 -1 0 -1 -1 5
qq_ini 1187 19 -1 -1 -1 1 -1 -1 5
qq_ini 1188 19 -1 -1 -1 2 -1 -1 5
qq_ini 1189 20 -1 -1 -1 2 -1 -1 1
qq_ini 1190 20 -1 -1 -1 3 -1 -1 1
qq_ini 1191 20 -1 -1 -1 6 -1 -1 2
qq_ini 1192 20 -1 -1 -1 6 -1 -1 3
qq_ini 1193 20 -1 -1 -1 6 -1 -1 4
qq_ini 1194 20 -1 -1 -1 3 -1 -1 5
qq_ini 1195 20 -1 -1 -1 4 -1 -1 5
qq_ini 1196 20 -1 -1 -1 3 -1 -1 6
qq_ini 1197 20 -1 -1 -1 4 -1 -1 6
qq_ini 1198 20 -1 -1 -1 3 -1 -1 7
qq_ini 1199 20 -1 -1 -1 4 -1 -1 7
qq_ini 1200 21 -1 -1 -1 2 -1 -1 1
qq_ini 1201 21 -1 -1 -1 3 -1 -1 1
qq_ini 1202 21 -1 -1 -1 4 -1 -1 1
qq_ini 1203 21 -1 -1 -1 5 -1 -1 1
qq_ini 1204 21 -1 -1 -1 2 -1 -1 2
qq_ini 1205 21 -1 -1 -1 3 -1 -1 2
qq_ini 1206 21 -1 -1 -1 0 -1 -1 3
qq_ini 1207 22 -1 -1 -1 1 -1 -1 1
qq_ini 1208 22 -1 -1 -1 1 -1 -1 2
qq_ini 1209 22 -1 -1 -1 0 -1 -1 3
qq_ini 1210 22 -1 -1 -1 1 -1 -1 4
qq_ini 1211 22 -1 -1 -1 2 -1 -1 4
qq_ini 1212 22 -1 -1 -1 3 -1 -1 4
qq_ini 1213 22 -1 -1 -1 1 -1 -1 5
qq_ini 1214 22 -1 -1 -1 2 -1 -1 5
qq_ini 1215 22 -1 -1 -1 3 -1 -1 5
qq_ini 1216 22 -1 -1 -1 0 -1 -1 6
qq_ini 1217 22 -1 -1 -1 1 -1 -1 6
qq_ini 1218 23 -1 -1 -1 0 -1 -1 1
qq_ini 1219 23 -1 -1 -1 1 -1 -1 1
qq_ini 1220 23 -1 -1 -1 2 -1 -1 1
qq_ini 1221 23 -1 -1 -1 3 -1 -1 1
qq_ini 1222 23 -1 -1 -1 0 -1 -1 2
qq_ini 1223 23 -1 -1 -1 1 -1 -1 2
qq_ini 1224 23 -1 -1 -1 2 -1 -1 2
qq_ini 1225 23 -1 -1 -1 1 -1 -1 3
qq_ini 1226 23 -1 -1 -1 2 -1 -1 3
qq_ini 1227 23 -1 -1 -1 3 -1 -1 3
qq_ini 1228 23 -1 -1 -1 1 -1 -1 4
qq_ini 1229 23 -1 -1 -1 2 -1 -1 4
qq_ini 1230 23 -1 -1 -1 3 -1 -1 4
qq_ini 1231 24 -1 -1 -1 1 -1 -1 1
qq_ini 1232 24 -1 -1 -1 2 -1 -1 1
qq_ini 1233 24 -1 -1 -1 1 -1 -1 2
qq_ini 1234 24 -1 -1 -1 2 -1 -1 2
qq_ini 1235 24 -1 -1 -1 1 -1 -1 3
qq_ini 1236 24 -1 -1 -1 2 -1 -1 3
qq_ini 1237 25 -1 -1 -1 1 -1 -1 1
qq_ini 1238 25 -1 -1 -1 2 -1 -1 1
qq_ini 1239 25 -1 -1 -1 3 -1 -1 1
qq_ini 1240 25 -1 -1 -1 4 -1 -1 1
qq_ini 1241 25 -1 -1 -1 1 -1 -1 2
qq_ini 1242 25 -1 -1 -1 2 -1 -1 2
qq_ini 1243 25 -1 -1 -1 3 -1 -1 2
qq_ini 1244 25 -1 -1 -1 4 -1 -1 2
qq_ini 1245 25 -1 -1 -1 1 -1 -1 3
qq_ini 1246 25 -1 -1 -1 2 -1 -1 3
qq_ini 1247 25 -1 -1 -1 3 -1 -1 3
qq_ini 1248 25 -1 -1 -1 1 -1 -1 4
qq_ini 1249 25 -1 -1 -1 2 -1 -1 4
qq_ini 1250 25 -1 -1 -1 3 -1 -1 4
qq_ini 1251 25 -1 -1 -1 1 -1 -1 5
qq_ini 1252 25 -1 -1 -1 2 -1 -1 5
qq_ini 1253 25 -1 -1 -1 3 -1 -1 5
qq_ini 1254 25 -1 -1 -1 0 -1 -1 6
qq_ini 1255 25 -1 -1 -1 1 -1 -1 6
qq_ini 1256 26 -1 -1 -1 2 -1 -1 1
qq_ini 1257 26 -1 -1 -1 3 -1 -1 1
qq_ini 1258 26 -1 -1 -1 4 -1 -1 1
qq_ini 1259 26 -1 -1 -1 1 -1 -1 2
qq_ini 1260 26 -1 -1 -1 2 -1 -1 2
qq_ini 1261 26 -1 -1 -1 3 -1 -1 2
qq_ini 1262 26 -1 -1 -1 4 -1 -1 2
qq_ini 1263 26 -1 -1 -1 1 -1 -1 3
qq_ini 1264 26 -1 -1 -1 2 -1 -1 3
qq_ini 1265 26 -1 -1 -1 3 -1 -1 3
SSB_R_alfa 1266 17 -1 -1 -1 -1 -1 -1 -1
SSB_R_alfa 1267 18 -1 -1 -1 -1 -1 -1 -1
SSB_R_alfa 1268 19 -1 -1 -1 -1 -1 -1 -1
SSB_R_alfa 1269 20 -1 -1 -1 -1 -1 -1 -1
SSB_R_alfa 1270 21 -1 -1 -1 -1 -1 -1 -1
SSB_R_alfa 1271 22 -1 -1 -1 -1 -1 -1 -1
SSB_R_alfa 1272 23 -1 -1 -1 -1 -1 -1 -1
SSB_R_alfa 1273 24 -1 -1 -1 -1 -1 -1 -1
SSB_R_alfa 1274 25 -1 -1 -1 -1 -1 -1 -1
SSB_R_alfa 1275 26 -1 -1 -1 -1 -1 -1 -1
SSB_R_beta 1276 23 -1 -1 -1 -1 -1 -1 -1
SSB_R_s2_ini 1277 17 -1 -1 -1 -1 -1 -1 -1
SSB_R_s2_ini 1278 18 -1 -1 -1 -1 -1 -1 -1
SSB_R_s2_ini 1279 19 -1 -1 -1 -1 -1 -1 -1
SSB_R_s2_ini 1280 20 -1 -1 -1 -1 -1 -1 -1
SSB_R_s2_ini 1281 21 -1 -1 -1 -1 -1 -1 -1
SSB_R_s2_ini 1282 22 -1 -1 -1 -1 -1 -1 -1
SSB_R_s2_ini 1283 23 -1 -1 -1 -1 -1 -1 -1
SSB_R_s2_ini 1284 24 -1 -1 -1 -1 -1 -1 -1
SSB_R_s2_ini 1285 25 -1 -1 -1 -1 -1 -1 -1
SSB_R_s2_ini 1286 26 -1 -1 -1 -1 -1 -1 -1
vulnera 1287 -1 -1 -1 1 -1 1 17 -1
vulnera 1288 -1 -1 -1 1 -1 1 18 -1
vulnera 1289 -1 -1 -1 1 -1 1 19 -1
vulnera 1290 -1 -1 -1 1 -1 1 21 -1
vulnera 1291 -1 -1 -1 1 -1 1 22 -1
vulnera 1292 -1 -1 -1 1 -1 1 23 -1
vulnera 1293 -1 -1 -1 1 -1 1 24 -1
vulnera 1294 -1 -1 -1 1 -1 2 18 -1
vulnera 1295 -1 -1 -1 1 -1 2 19 -1
vulnera 1296 -1 -1 -1 1 -1 2 21 -1
vulnera 1297 -1 -1 -1 1 -1 2 22 -1
vulnera 1298 -1 -1 -1 1 -1 2 24 -1
vulnera 1299 -1 -1 -1 1 -1 3 17 -1
vulnera 1300 -1 -1 -1 1 -1 3 18 -1
vulnera 1301 -1 -1 -1 1 -1 3 19 -1
vulnera 1302 -1 -1 -1 1 -1 3 21 -1
vulnera 1303 -1 -1 -1 1 -1 3 22 -1
vulnera 1304 -1 -1 -1 1 -1 3 23 -1
vulnera 1305 -1 -1 -1 1 -1 3 24 -1
vulnera 1306 -1 -1 -1 1 -1 4 17 -1
vulnera 1307 -1 -1 -1 1 -1 4 18 -1
vulnera 1308 -1 -1 -1 1 -1 4 19 -1
vulnera 1309 -1 -1 -1 1 -1 4 21 -1
vulnera 1310 -1 -1 -1 1 -1 4 22 -1
vulnera 1311 -1 -1 -1 1 -1 4 24 -1
vulnera 1312 -1 -1 -1 1 -1 5 17 -1
vulnera 1313 -1 -1 -1 1 -1 5 18 -1
vulnera 1314 -1 -1 -1 1 -1 5 19 -1
vulnera 1315 -1 -1 -1 1 -1 5 21 -1
vulnera 1316 -1 -1 -1 1 -1 5 22 -1
vulnera 1317 -1 -1 -1 1 -1 5 23 -1
vulnera 1318 -1 -1 -1 1 -1 5 24 -1
vulnera 1319 -1 -1 -1 1 -1 6 17 -1
vulnera 1320 -1 -1 -1 1 -1 6 21 -1
vulnera 1321 -1 -1 -1 1 -1 6 22 -1
vulnera 1322 -1 -1 -1 1 -1 6 24 -1
vulnera 1323 -1 -1 -1 1 -1 7 21 -1
vulnera 1324 -1 -1 -1 1 -1 7 22 -1
vulnera 1325 -1 -1 -1 1 -1 7 24 -1
vulnera 1326 -1 -1 -1 1 -1 8 18 -1
vulnera 1327 -1 -1 -1 1 -1 8 21 -1
vulnera 1328 -1 -1 -1 1 -1 8 22 -1
vulnera 1329 -1 -1 -1 1 -1 8 23 -1
vulnera 1330 -1 -1 -1 1 -1 8 24 -1
vulnera 1331 -1 -1 -1 1 -1 9 17 -1
vulnera 1332 -1 -1 -1 1 -1 9 18 -1
vulnera 1333 -1 -1 -1 1 -1 9 22 -1
vulnera 1334 -1 -1 -1 1 -1 9 23 -1
vulnera 1335 -1 -1 -1 1 -1 10 17 -1
vulnera 1336 -1 -1 -1 1 -1 10 18 -1
vulnera 1337 -1 -1 -1 1 -1 10 19 -1
vulnera 1338 -1 -1 -1 1 -1 10 22 -1
vulnera 1339 -1 -1 -1 1 -1 10 23 -1
vulnera 1340 -1 -1 -1 1 -1 10 24 -1
vulnera 1341 -1 -1 -1 1 -1 11 21 -1
vulnera 1342 -1 -1 -1 1 -1 11 22 -1
vulnera 1343 -1 -1 -1 1 -1 11 23 -1
vulnera 1344 -1 -1 -1 1 -1 11 24 -1
vulnera 1345 -1 -1 -1 1 -1 12 21 -1
vulnera 1346 -1 -1 -1 1 -1 12 22 -1
vulnera 1347 -1 -1 -1 1 -1 12 23 -1
vulnera 1348 -1 -1 -1 1 -1 12 24 -1
vulnera 1349 -1 -1 -1 1 -1 13 22 -1
vulnera 1350 -1 -1 -1 1 -1 13 23 -1
vulnera 1351 -1 -1 -1 1 -1 14 18 -1
vulnera 1352 -1 -1 -1 1 -1 14 21 -1
vulnera 1353 -1 -1 -1 1 -1 14 22 -1
vulnera 1354 -1 -1 -1 1 -1 14 24 -1
vulnera 1355 -1 -1 -1 1 -1 15 17 -1
vulnera 1356 -1 -1 -1 1 -1 15 18 -1
vulnera 1357 -1 -1 -1 1 -1 15 19 -1
vulnera 1358 -1 -1 -1 1 -1 15 21 -1
vulnera 1359 -1 -1 -1 1 -1 15 22 -1
vulnera 1360 -1 -1 -1 1 -1 15 23 -1
vulnera 1361 -1 -1 -1 1 -1 16 17 -1
vulnera 1362 -1 -1 -1 1 -1 16 18 -1
vulnera 1363 -1 -1 -1 1 -1 16 21 -1
vulnera 1364 -1 -1 -1 1 -1 16 22 -1
vulnera 1365 -1 -1 -1 1 -1 16 23 -1
vulnera 1366 -1 -1 -1 1 -1 17 17 -1
vulnera 1367 -1 -1 -1 1 -1 17 18 -1
vulnera 1368 -1 -1 -1 1 -1 17 19 -1
vulnera 1369 -1 -1 -1 1 -1 17 21 -1
vulnera 1370 -1 -1 -1 1 -1 17 22 -1
vulnera 1371 -1 -1 -1 1 -1 17 23 -1
vulnera 1372 -1 -1 -1 1 -1 17 24 -1
vulnera 1373 -1 -1 -1 1 -1 18 17 -1
vulnera 1374 -1 -1 -1 1 -1 18 18 -1
vulnera 1375 -1 -1 -1 1 -1 18 19 -1
vulnera 1376 -1 -1 -1 1 -1 18 21 -1
vulnera 1377 -1 -1 -1 1 -1 18 22 -1
vulnera 1378 -1 -1 -1 1 -1 18 23 -1
vulnera 1379 -1 -1 -1 1 -1 18 24 -1
vulnera 1380 -1 -1 -1 1 -1 19 22 -1
vulnera 1381 -1 -1 -1 1 -1 19 23 -1
vulnera 1382 -1 -1 -1 1 -1 20 18 -1
vulnera 1383 -1 -1 -1 1 -1 20 19 -1
vulnera 1384 -1 -1 -1 1 -1 20 21 -1
vulnera 1385 -1 -1 -1 1 -1 20 22 -1
vulnera 1386 -1 -1 -1 1 -1 20 23 -1
init_stl_other_suit_slope 1387 -1 -1 -1 -1 -1 10 -1 -1
init_stl_other_suit_slope 1388 -1 -1 -1 -1 -1 11 -1 -1
init_stl_other_suit_slope 1389 -1 -1 -1 -1 -1 12 -1 -1
init_stl_other_suit_slope 1390 -1 -1 -1 -1 -1 18 -1 -1
init_stl_other_suit_slope 1391 -1 -1 -1 -1 -1 19 -1 -1
init_stl_other_suit_slope 1392 -1 -1 -1 -1 -1 20 -1 -1
init_season_overlap 1393 -1 -1 -1 -1 -1 -1 -1 -1
init_season_overlap 1394 -1 -1 -1 -1 -1 -1 -1 -1
init_season_overlap 1395 -1 -1 -1 -1 -1 -1 -1 -1
init_season_overlap 1396 -1 -1 -1 -1 -1 -1 -1 -1
init_season_overlap 1397 -1 -1 -1 -1 -1 -1 -1 -1
init_season_overlap 1398 -1 -1 -1 -1 -1 -1 -1 -1
init_season_overlap 1399 -1 -1 -1 -1 -1 -1 -1 -1
Stom_var 1400 -1 -1 -1 -1 -1 1 -1  -1
Stom_var 1401 -1 -1 -1 -1 -1 2 -1  -1
Stom_var 1402 -1 -1 -1 -1 -1 3 -1  -1
Stom_var 1403 -1 -1 -1 -1 -1 4 -1  -1
Stom_var 1404 -1 -1 -1 -1 -1 5 -1  -1
Stom_var 1405 -1 -1 -1 -1 -1 6 -1  -1
Stom_var 1406 -1 -1 -1 -1 -1 7 -1  -1
Stom_var 1407 -1 -1 -1 -1 -1 8 -1  -1
Stom_var 1408 -1 -1 -1 -1 -1 9 -1  -1
Stom_var 1409 -1 -1 -1 -1 -1 10 -1  -1
Stom_var 1410 -1 -1 -1 -1 -1 11 -1  -1
Stom_var 1411 -1 -1 -1 -1 -1 12 -1  -1
Stom_var 1412 -1 -1 -1 -1 -1 13 -1  -1
Stom_var 1413 -1 -1 -1 -1 -1 14 -1  -1
Stom_var 1414 -1 -1 -1 -1 -1 15 -1  -1
Stom_var 1415 -1 -1 -1 -1 -1 16 -1  -1
Stom_var 1416 -1 -1 -1 -1 -1 17 -1  -1
Stom_var 1417 -1 -1 -1 -1 -1 18 -1  -1
Stom_var 1418 -1 -1 -1 -1 -1 19 -1  -1
Stom_var 1419 -1 -1 -1 -1 -1 20 -1  -1
avg_F 1420 17 2005 -1 -1 -1 -1 -1 -1
avg_F 1421 17 2006 -1 -1 -1 -1 -1 -1
avg_F 1422 17 2007 -1 -1 -1 -1 -1 -1
avg_F 1423 17 2008 -1 -1 -1 -1 -1 -1
avg_F 1424 17 2009 -1 -1 -1 -1 -1 -1
avg_F 1425 17 2010 -1 -1 -1 -1 -1 -1
avg_F 1426 18 2005 -1 -1 -1 -1 -1 -1
avg_F 1427 18 2006 -1 -1 -1 -1 -1 -1
avg_F 1428 18 2007 -1 -1 -1 -1 -1 -1
avg_F 1429 18 2008 -1 -1 -1 -1 -1 -1
avg_F 1430 18 2009 -1 -1 -1 -1 -1 -1
avg_F 1431 18 2010 -1 -1 -1 -1 -1 -1
avg_F 1432 19 2005 -1 -1 -1 -1 -1 -1
avg_F 1433 19 2006 -1 -1 -1 -1 -1 -1
avg_F 1434 19 2007 -1 -1 -1 -1 -1 -1
avg_F 1435 19 2008 -1 -1 -1 -1 -1 -1
avg_F 1436 19 2009 -1 -1 -1 -1 -1 -1
avg_F 1437 19 2010 -1 -1 -1 -1 -1 -1
avg_F 1438 20 2005 -1 -1 -1 -1 -1 -1
avg_F 1439 20 2006 -1 -1 -1 -1 -1 -1
avg_F 1440 20 2007 -1 -1 -1 -1 -1 -1
avg_F 1441 20 2008 -1 -1 -1 -1 -1 -1
avg_F 1442 20 2009 -1 -1 -1 -1 -1 -1
avg_F 1443 20 2010 -1 -1 -1 -1 -1 -1
avg_F 1444 21 2005 -1 -1 -1 -1 -1 -1
avg_F 1445 21 2006 -1 -1 -1 -1 -1 -1
avg_F 1446 21 2007 -1 -1 -1 -1 -1 -1
avg_F 1447 21 2008 -1 -1 -1 -1 -1 -1
avg_F 1448 21 2009 -1 -1 -1 -1 -1 -1
avg_F 1449 21 2010 -1 -1 -1 -1 -1 -1
avg_F 1450 22 2005 -1 -1 -1 -1 -1 -1
avg_F 1451 22 2006 -1 -1 -1 -1 -1 -1
avg_F 1452 22 2007 -1 -1 -1 -1 -1 -1
avg_F 1453 22 2008 -1 -1 -1 -1 -1 -1
avg_F 1454 22 2009 -1 -1 -1 -1 -1 -1
avg_F 1455 22 2010 -1 -1 -1 -1 -1 -1
avg_F 1456 23 2005 -1 -1 -1 -1 -1 -1
avg_F 1457 23 2006 -1 -1 -1 -1 -1 -1
avg_F 1458 23 2007 -1 -1 -1 -1 -1 -1
avg_F 1459 23 2008 -1 -1 -1 -1 -1 -1
avg_F 1460 23 2009 -1 -1 -1 -1 -1 -1
avg_F 1461 23 2010 -1 -1 -1 -1 -1 -1
avg_F 1462 24 2005 -1 -1 -1 -1 -1 -1
avg_F 1463 24 2006 -1 -1 -1 -1 -1 -1
avg_F 1464 24 2007 -1 -1 -1 -1 -1 -1
avg_F 1465 24 2008 -1 -1 -1 -1 -1 -1
avg_F 1466 24 2009 -1 -1 -1 -1 -1 -1
avg_F 1467 24 2010 -1 -1 -1 -1 -1 -1
avg_F 1468 25 2005 -1 -1 -1 -1 -1 -1
avg_F 1469 25 2006 -1 -1 -1 -1 -1 -1
avg_F 1470 25 2007 -1 -1 -1 -1 -1 -1
avg_F 1471 25 2008 -1 -1 -1 -1 -1 -1
avg_F 1472 25 2009 -1 -1 -1 -1 -1 -1
avg_F 1473 25 2010 -1 -1 -1 -1 -1 -1
avg_F 1474 26 2005 -1 -1 -1 -1 -1 -1
avg_F 1475 26 2006 -1 -1 -1 -1 -1 -1
avg_F 1476 26 2007 -1 -1 -1 -1 -1 -1
avg_F 1477 26 2008 -1 -1 -1 -1 -1 -1
avg_F 1478 26 2009 -1 -1 -1 -1 -1 -1
avg_F 1479 26 2010 -1 -1 -1 -1 -1 -1
hist_SSB 1480 17 2005 -1 -1 -1 -1 -1 -1
hist_SSB 1481 17 2006 -1 -1 -1 -1 -1 -1
hist_SSB 1482 17 2007 -1 -1 -1 -1 -1 -1
hist_SSB 1483 17 2008 -1 -1 -1 -1 -1 -1
hist_SSB 1484 17 2009 -1 -1 -1 -1 -1 -1
hist_SSB 1485 17 2010 -1 -1 -1 -1 -1 -1
hist_SSB 1486 18 2005 -1 -1 -1 -1 -1 -1
hist_SSB 1487 18 2006 -1 -1 -1 -1 -1 -1
hist_SSB 1488 18 2007 -1 -1 -1 -1 -1 -1
hist_SSB 1489 18 2008 -1 -1 -1 -1 -1 -1
hist_SSB 1490 18 2009 -1 -1 -1 -1 -1 -1
hist_SSB 1491 18 2010 -1 -1 -1 -1 -1 -1
hist_SSB 1492 19 2005 -1 -1 -1 -1 -1 -1
hist_SSB 1493 19 2006 -1 -1 -1 -1 -1 -1
hist_SSB 1494 19 2007 -1 -1 -1 -1 -1 -1
hist_SSB 1495 19 2008 -1 -1 -1 -1 -1 -1
hist_SSB 1496 19 2009 -1 -1 -1 -1 -1 -1
hist_SSB 1497 19 2010 -1 -1 -1 -1 -1 -1
hist_SSB 1498 20 2005 -1 -1 -1 -1 -1 -1
hist_SSB 1499 20 2006 -1 -1 -1 -1 -1 -1
hist_SSB 1500 20 2007 -1 -1 -1 -1 -1 -1
hist_SSB 1501 20 2008 -1 -1 -1 -1 -1 -1
hist_SSB 1502 20 2009 -1 -1 -1 -1 -1 -1
hist_SSB 1503 20 2010 -1 -1 -1 -1 -1 -1
hist_SSB 1504 21 2005 -1 -1 -1 -1 -1 -1
hist_SSB 1505 21 2006 -1 -1 -1 -1 -1 -1
hist_SSB 1506 21 2007 -1 -1 -1 -1 -1 -1
hist_SSB 1507 21 2008 -1 -1 -1 -1 -1 -1
hist_SSB 1508 21 2009 -1 -1 -1 -1 -1 -1
hist_SSB 1509 21 2010 -1 -1 -1 -1 -1 -1
hist_SSB 1510 22 2005 -1 -1 -1 -1 -1 -1
hist_SSB 1511 22 2006 -1 -1 -1 -1 -1 -1
hist_SSB 1512 22 2007 -1 -1 -1 -1 -1 -1
hist_SSB 1513 22 2008 -1 -1 -1 -1 -1 -1
hist_SSB 1514 22 2009 -1 -1 -1 -1 -1 -1
hist_SSB 1515 22 2010 -1 -1 -1 -1 -1 -1
hist_SSB 1516 23 2005 -1 -1 -1 -1 -1 -1
hist_SSB 1517 23 2006 -1 -1 -1 -1 -1 -1
hist_SSB 1518 23 2007 -1 -1 -1 -1 -1 -1
hist_SSB 1519 23 2008 -1 -1 -1 -1 -1 -1
hist_SSB 1520 23 2009 -1 -1 -1 -1 -1 -1
hist_SSB 1521 23 2010 -1 -1 -1 -1 -1 -1
hist_SSB 1522 24 2005 -1 -1 -1 -1 -1 -1
hist_SSB 1523 24 2006 -1 -1 -1 -1 -1 -1
hist_SSB 1524 24 2007 -1 -1 -1 -1 -1 -1
hist_SSB 1525 24 2008 -1 -1 -1 -1 -1 -1
hist_SSB 1526 24 2009 -1 -1 -1 -1 -1 -1
hist_SSB 1527 24 2010 -1 -1 -1 -1 -1 -1
hist_SSB 1528 25 2005 -1 -1 -1 -1 -1 -1
hist_SSB 1529 25 2006 -1 -1 -1 -1 -1 -1
hist_SSB 1530 25 2007 -1 -1 -1 -1 -1 -1
hist_SSB 1531 25 2008 -1 -1 -1 -1 -1 -1
hist_SSB 1532 25 2009 -1 -1 -1 -1 -1 -1
hist_SSB 1533 25 2010 -1 -1 -1 -1 -1 -1
hist_SSB 1534 26 2005 -1 -1 -1 -1 -1 -1
hist_SSB 1535 26 2006 -1 -1 -1 -1 -1 -1
hist_SSB 1536 26 2007 -1 -1 -1 -1 -1 -1
hist_SSB 1537 26 2008 -1 -1 -1 -1 -1 -1
hist_SSB 1538 26 2009 -1 -1 -1 -1 -1 -1
hist_SSB 1539 26 2010 -1 -1 -1 -1 -1 -1
next_SSB 1540 17 2011 1 -1 -1 -1 -1 -1
next_SSB 1541 18 2011 1 -1 -1 -1 -1 -1
next_SSB 1542 19 2011 1 -1 -1 -1 -1 -1
next_SSB 1543 20 2011 1 -1 -1 -1 -1 -1
next_SSB 1544 21 2011 1 -1 -1 -1 -1 -1
next_SSB 1545 22 2011 1 -1 -1 -1 -1 -1
next_SSB 1546 23 2011 1 -1 -1 -1 -1 -1
next_SSB 1547 24 2011 1 -1 -1 -1 -1 -1
next_SSB 1548 25 2011 1 -1 -1 -1 -1 -1
next_SSB 1549 26 2011 1 -1 -1 -1 -1 -1
rec_sd 1550 17 2005 3 -1 0 -1 -1 -1
rec_sd 1551 17 2006 3 -1 0 -1 -1 -1
rec_sd 1552 17 2007 3 -1 0 -1 -1 -1
rec_sd 1553 17 2008 3 -1 0 -1 -1 -1
rec_sd 1554 17 2009 3 -1 0 -1 -1 -1
rec_sd 1555 17 2010 3 -1 0 -1 -1 -1
rec_sd 1556 18 2005 3 -1 0 -1 -1 -1
rec_sd 1557 18 2006 3 -1 0 -1 -1 -1
rec_sd 1558 18 2007 3 -1 0 -1 -1 -1
rec_sd 1559 18 2008 3 -1 0 -1 -1 -1
rec_sd 1560 18 2009 3 -1 0 -1 -1 -1
rec_sd 1561 18 2010 3 -1 0 -1 -1 -1
rec_sd 1562 19 2005 3 -1 0 -1 -1 -1
rec_sd 1563 19 2006 3 -1 0 -1 -1 -1
rec_sd 1564 19 2007 3 -1 0 -1 -1 -1
rec_sd 1565 19 2008 3 -1 0 -1 -1 -1
rec_sd 1566 19 2009 3 -1 0 -1 -1 -1
rec_sd 1567 19 2010 3 -1 0 -1 -1 -1
rec_sd 1568 20 2005 3 -1 0 -1 -1 -1
rec_sd 1569 20 2006 3 -1 0 -1 -1 -1
rec_sd 1570 20 2007 3 -1 0 -1 -1 -1
rec_sd 1571 20 2008 3 -1 0 -1 -1 -1
rec_sd 1572 20 2009 3 -1 0 -1 -1 -1
rec_sd 1573 20 2010 3 -1 0 -1 -1 -1
rec_sd 1574 21 2005 3 -1 0 -1 -1 -1
rec_sd 1575 21 2006 3 -1 0 -1 -1 -1
rec_sd 1576 21 2007 3 -1 0 -1 -1 -1
rec_sd 1577 21 2008 3 -1 0 -1 -1 -1
rec_sd 1578 21 2009 3 -1 0 -1 -1 -1
rec_sd 1579 21 2010 3 -1 0 -1 -1 -1
rec_sd 1580 22 2005 3 -1 0 -1 -1 -1
rec_sd 1581 22 2006 3 -1 0 -1 -1 -1
rec_sd 1582 22 2007 3 -1 0 -1 -1 -1
rec_sd 1583 22 2008 3 -1 0 -1 -1 -1
rec_sd 1584 22 2009 3 -1 0 -1 -1 -1
rec_sd 1585 22 2010 3 -1 0 -1 -1 -1
rec_sd 1586 23 2005 3 -1 0 -1 -1 -1
rec_sd 1587 23 2006 3 -1 0 -1 -1 -1
rec_sd 1588 23 2007 3 -1 0 -1 -1 -1
rec_sd 1589 23 2008 3 -1 0 -1 -1 -1
rec_sd 1590 23 2009 3 -1 0 -1 -1 -1
rec_sd 1591 23 2010 3 -1 0 -1 -1 -1
rec_sd 1592 24 2005 3 -1 0 -1 -1 -1
rec_sd 1593 24 2006 3 -1 0 -1 -1 -1
rec_sd 1594 24 2007 3 -1 0 -1 -1 -1
rec_sd 1595 24 2008 3 -1 0 -1 -1 -1
rec_sd 1596 24 2009 3 -1 0 -1 -1 -1
rec_sd 1597 24 2010 3 -1 0 -1 -1 -1
rec_sd 1598 25 2005 3 -1 0 -1 -1 -1
rec_sd 1599 25 2006 3 -1 0 -1 -1 -1
rec_sd 1600 25 2007 3 -1 0 -1 -1 -1
rec_sd 1601 25 2008 3 -1 0 -1 -1 -1
rec_sd 1602 25 2009 3 -1 0 -1 -1 -1
rec_sd 1603 25 2010 3 -1 0 -1 -1 -1
rec_sd 1604 26 2005 3 -1 0 -1 -1 -1
rec_sd 1605 26 2006 3 -1 0 -1 -1 -1
rec_sd 1606 26 2007 3 -1 0 -1 -1 -1
rec_sd 1607 26 2008 3 -1 0 -1 -1 -1
rec_sd 1608 26 2009 3 -1 0 -1 -1 -1
rec_sd 1609 26 2010 3 -1 0 -1 -1 -1
