# log(Survey observed CPUE) - log(expected CPUE):
######################################################
# Species: 17
# No. of fleets: 5
# Fleet no.: 1
# First and last year: 1977,1991
# First and last age: 1,6
# Species, Fleet, Year, , ,Age_1 ,Age_2 ,Age_3 ,Age_4 ,Age_5 ,Age_6
      17,1,1977       ,0.3737,0.1148,0.6407,0.3912,-0.4618,-2.1120
17,1,1978       ,-0.3487,0.4960,0.0591,0.5260,-0.0670,0.0282
17,1,1979       ,-0.1706,-0.0203,-0.0953,-0.2832,0.3778,-0.0753
17,1,1980       ,0.1314,0.1849,0.0740,-0.1130,-0.2577,-0.5939
17,1,1981       ,-0.4258,0.6033,-0.0632,-0.2649,0.2626,1.4478
17,1,1982       ,0.0349,-0.0908,0.6742,0.1143,0.6993,0.6921
17,1,1983       ,-0.3652,0.7408,0.5303,0.6500,0.4922,1.1599
17,1,1984       ,0.3598,0.2249,0.3554,0.4839,-0.0603,0.1353
17,1,1985       ,-0.9474,0.4791,0.1753,0.2277,0.7578,0.9109
17,1,1986       ,-0.1080,-0.5385,0.2646,0.0024,-0.3490,-1.1221
17,1,1987       ,-0.3166,0.4690,-0.4611,0.2082,0.3669,-2.2601
17,1,1988       ,-0.5304,0.1845,0.3063,-2.3711,0.8949,0.0446
17,1,1989       ,-0.0393,0.0217,0.4791,0.2989,0.1988,-0.0483
17,1,1990       ,-0.5513,0.2053,0.0905,-0.5701,-0.3023,-1.1350
17,1,1991       ,-0.5195,-0.2020,-0.2485,-0.4054,-0.9049,-0.1273
# Fleet no.: 2
# First and last year: 1983,2011
# First and last age: 1,5
# Species, Fleet, Year, , ,Age_1 ,Age_2 ,Age_3 ,Age_4 ,Age_5
      17,2,1983       ,-0.9655,0.1395,-0.3104,-0.2432,0.0298
17,2,1984       ,-0.2254,-0.1361,-0.4251,-0.1742,0.0444
17,2,1985       ,-1.9384,-0.1044,-0.0888,0.6013,0.6143
17,2,1986       ,-0.1251,-0.4012,-0.1895,0.6516,0.6235
17,2,1987       ,-0.0566,0.5514,-0.3372,-0.1557,0.3327
17,2,1988       ,-0.1006,-0.2782,-0.0791,0.0271,0.0736
17,2,1989       ,0.3028,-0.0342,0.2778,0.1726,0.5909
17,2,1990       ,-0.1023,0.2417,-0.3780,-0.0662,0.2788
17,2,1991       ,-0.7778,-0.0876,-0.1094,0.1715,0.3212
17,2,1992       ,0.3865,-0.2976,-0.5876,-0.3519,-0.0094
17,2,1993       ,0.6857,0.5015,-0.2246,0.0286,0.2345
17,2,1994       ,0.2251,-0.5253,-0.7900,-0.1000,0.5919
17,2,1995       ,0.4372,0.7544,-0.1024,-0.3672,-0.0658
17,2,1996       ,-0.4169,0.0012,-0.0593,-0.3072,0.0329
17,2,1997       ,1.1869,0.0887,-0.4387,-0.4223,0.3294
17,2,1998       ,-0.0373,0.6559,-0.3929,-0.0845,-0.0477
17,2,1999       ,-0.3679,-0.4363,0.1392,-0.0063,0.2825
17,2,2000       ,0.0469,0.0260,-0.5070,0.3552,0.6462
17,2,2001       ,0.2071,-0.0449,-0.4425,-0.1701,-0.1191
17,2,2002       ,1.2500,0.1361,-0.1355,0.0662,0.4214
17,2,2003       ,-1.0229,-0.1101,-0.5625,0.0346,0.8383
17,2,2004       ,0.9136,-0.2132,-0.4104,-0.1492,0.3135
17,2,2005       ,0.1141,-0.2392,-0.3730,0.1475,0.3284
17,2,2006       ,0.5671,-0.3180,-0.4262,-0.0760,-0.0891
17,2,2007       ,0.3543,0.1973,-0.2616,-0.3304,0.8816
17,2,2008       ,0.2419,-0.2852,-0.2968,0.3072,0.5688
17,2,2009       ,-0.2164,0.0007,-0.4792,-0.2184,0.4698
17,2,2010       ,0.1907,0.2420,-0.1561,0.1061,0.0680
17,2,2011       ,-0.7568,-0.0248,-0.3181,-0.0353,0.4682
# Fleet no.: 3
# First and last year: 1981,1996
# First and last age: 0,0
# Species, Fleet, Year, , ,Age_0
      17,3,1981       ,-0.4407
17,3,1982       ,-0.6182
17,3,1983       ,0.3707
17,3,1984       ,-1.7515
17,3,1985       ,0.2899
17,3,1986       ,-0.4892
17,3,1987       ,-0.6469
17,3,1988       ,0.5103
17,3,1989       ,-0.6545
17,3,1990       ,0.1917
17,3,1991       ,0.5297
17,3,1992       ,0.2986
17,3,1993       ,1.0232
17,3,1994       ,0.4828
17,3,1995       ,0.0858
17,3,1996       ,0.8184
# Fleet no.: 4
# First and last year: 1975,1991
# First and last age: 0,0
# Species, Fleet, Year, , ,Age_0
      17,4,1975       ,-0.8690
17,4,1976       ,0.4238
17,4,1977       ,-0.4817
17,4,1978       ,0.0944
17,4,1979       ,0.6148
17,4,1980       ,-0.4646
17,4,1981       ,-0.2126
17,4,1982       ,-0.4839
17,4,1983       ,0.3692
17,4,1984       ,-0.8215
17,4,1985       ,0.8031
17,4,1986       ,-0.2313
17,4,1987       ,-0.0552
17,4,1988       ,0.7406
17,4,1989       ,-0.1410
17,4,1990       ,-0.1793
17,4,1991       ,0.8945
# Fleet no.: 5
# First and last year: 1992,2000
# First and last age: 0,0
# Species, Fleet, Year, , ,Age_0
      17,5,1992       ,-0.4448
17,5,1993       ,0.6886
17,5,1994       ,0.0233
17,5,1995       ,-0.1204
17,5,1996       ,0.8093
17,5,1997       ,-0.8608
17,5,1998       ,-0.3427
17,5,1999       ,0.1761
17,5,2000       ,0.0713
######################################################
# Species: 18
# No. of fleets: 5
# Fleet no.: 1
# First and last year: 1977,1991
# First and last age: 0,6
# Species, Fleet, Year, , ,Age_0 ,Age_1 ,Age_2 ,Age_3 ,Age_4 ,Age_5 ,Age_6
      18,1,1977       ,-0.3083,-0.6567,-0.5315,-1.2243,-0.7470,-1.1190,0.4284
18,1,1978       ,-0.8095,-0.6658,-0.6260,-1.2938,-1.2390,-1.0167,-1.2736
18,1,1979       ,-0.0992,-0.9314,-0.5470,-0.5356,-0.3817,-1.7860,-0.2582
18,1,1980       ,-0.4271,-0.6694,-0.1091,0.1766,0.1478,-0.1672,-0.4615
18,1,1981       ,0.2193,-0.2055,0.6935,1.2780,-0.7214,0.6893,-0.1989
18,1,1982       ,-0.6830,0.2895,0.4084,0.5687,0.4125,-0.1841,-0.6395
18,1,1983       ,1.3119,-0.2036,0.8655,0.1232,0.0704,-0.6414,-0.5002
18,1,1984       ,-0.2468,0.4028,0.9634,0.7483,0.5500,0.5384,1.2019
18,1,1985       ,-0.1712,-0.2118,0.7086,0.2170,0.8137,0.2082,0.2821
18,1,1986       ,-0.5892,-0.8950,0.2489,0.5246,0.1633,-0.0313,-1.1156
18,1,1987       ,-0.5291,-0.5498,0.2359,0.5636,1.1734,1.3900,1.7153
18,1,1988       ,0.0493,-0.2112,0.1773,0.3748,0.3735,0.0104,-0.0635
18,1,1989       ,1.2016,-0.6971,0.5815,0.7908,0.6154,1.0389,-0.6729
18,1,1990       ,1.2001,-0.3565,-0.3238,0.5931,0.7451,0.2138,0.4709
18,1,1991       ,-0.1187,0.1836,0.0580,-0.4886,0.5168,0.1927,-0.5854
# Fleet no.: 2
# First and last year: 1983,2011
# First and last age: 1,5
# Species, Fleet, Year, , ,Age_1 ,Age_2 ,Age_3 ,Age_4 ,Age_5
      18,2,1983       ,-0.8709,-0.8826,-0.0693,-0.4188,-0.0702
18,2,1984       ,-0.2762,-0.2708,-0.1460,-0.2637,-0.3546
18,2,1985       ,-0.1527,-0.3718,-0.3654,-0.5594,-0.4721
18,2,1986       ,-0.3435,-0.1448,0.0419,0.0637,-0.3615
18,2,1987       ,-0.0411,-0.0719,-0.2698,-0.1113,-0.4282
18,2,1988       ,-0.1245,0.3377,0.3062,0.0006,-0.0434
18,2,1989       ,0.3427,0.3843,0.4527,0.4254,0.1898
18,2,1990       ,-0.2719,-0.0782,0.2219,0.1429,-0.1614
18,2,1991       ,0.5908,0.5380,0.1122,0.3696,0.4158
18,2,1992       ,0.6933,0.4077,0.3218,0.0163,-0.1530
18,2,1993       ,0.7138,0.3379,0.2191,-0.0572,0.1336
18,2,1994       ,0.3115,0.3446,0.2179,0.0538,-0.4747
18,2,1995       ,0.3291,0.0353,0.2261,0.1572,-0.4423
18,2,1996       ,0.2514,0.2479,0.2242,-0.0482,0.3475
18,2,1997       ,0.0880,0.2520,-0.0434,-0.1806,-0.2765
18,2,1998       ,0.4802,-0.2004,-0.0091,-0.2610,-0.5699
18,2,1999       ,0.2790,0.2297,0.0450,0.0779,-0.0683
18,2,2000       ,0.3811,0.3934,0.4239,0.3864,0.0675
18,2,2001       ,0.2086,0.2119,0.4561,0.7560,0.7663
18,2,2002       ,0.3306,0.0595,0.1203,-0.2368,0.1556
18,2,2003       ,-0.4081,-0.1505,0.1016,0.1577,0.2304
18,2,2004       ,-0.0941,-0.1218,-0.0952,-0.0032,-0.0314
18,2,2005       ,-0.3061,-0.7023,-0.5176,-0.4227,-0.1685
18,2,2006       ,0.0244,-0.5168,-0.4556,-0.3825,-0.2901
18,2,2007       ,-1.2071,-0.0526,-0.1093,-0.2350,-0.2354
18,2,2008       ,-0.4213,0.3153,-0.0307,-0.3986,-0.1736
18,2,2009       ,-0.4978,-0.1929,0.2688,-0.1247,-0.1604
18,2,2010       ,0.0322,-0.3553,0.2595,0.9941,0.6631
18,2,2011       ,-0.0414,0.0174,-0.2246,0.1533,0.2313
# Fleet no.: 3
# First and last year: 1982,1994
# First and last age: 0,6
# Species, Fleet, Year, , ,Age_0 ,Age_1 ,Age_2 ,Age_3 ,Age_4 ,Age_5 ,Age_6
      18,3,1982       ,-0.9127,-0.5966,0.2247,0.3061,0.0353,-0.0023,0.1375
18,3,1983       ,-0.5319,-0.3881,-0.1458,0.4936,0.7849,0.5481,0.0009
18,3,1984       ,0.1047,-0.6122,-0.4931,-0.2091,0.0190,0.3302,0.0685
18,3,1985       ,-0.9554,0.3410,-0.2378,0.2223,-0.0143,0.5152,0.0783
18,3,1986       ,-0.2946,-0.6461,-0.5142,-0.4031,-0.6406,-1.1105,0.1077
18,3,1987       ,-1.2800,-0.4725,-0.2759,-0.0797,-0.1722,0.2211,-0.0572
18,3,1988       ,-0.0470,-0.3168,-0.0097,-0.0179,0.0770,-0.2645,-0.4497
18,3,1989       ,-0.4222,0.1788,-0.2665,0.3568,0.1676,-0.3086,0.0396
18,3,1990       ,1.3813,0.3668,-0.2406,-0.2328,0.4535,0.1813,0.0847
18,3,1991       ,1.3744,0.1107,-0.1141,-0.1881,-0.6288,-0.1155,-0.1606
18,3,1992       ,1.7197,0.7813,0.0377,0.2986,0.6064,0.4492,0.6692
18,3,1993       ,-0.5826,0.6860,0.2026,0.0222,0.1941,0.7339,-0.2562
18,3,1994       ,0.4463,0.5678,-0.2303,-0.1958,-0.7539,0.0286,0.0931
# Fleet no.: 4
# First and last year: 1991,1997
# First and last age: 1,6
# Species, Fleet, Year, , ,Age_1 ,Age_2 ,Age_3 ,Age_4 ,Age_5 ,Age_6
      18,4,1991       ,-0.5499,0.0571,-0.3279,0.1009,-0.2784,0.2831
18,4,1992       ,-0.0463,0.1076,-0.1795,-0.9367,0.0877,-0.0367
18,4,1993       ,-0.4352,0.1917,0.3724,0.1162,0.4100,0.2215
18,4,1994       ,-0.8341,-0.1656,-0.2228,-0.5986,-0.2964,-0.0325
18,4,1995       ,0.3079,0.5976,0.5673,0.2085,0.5504,0.2039
18,4,1996       ,-0.8464,0.3221,0.3892,0.4577,0.1055,0.4299
18,4,1997       ,-1.6593,-0.1550,0.2717,0.1417,-0.2336,-1.0286
# Fleet no.: 5
# First and last year: 1991,2010
# First and last age: 0,5
# Species, Fleet, Year, , ,Age_0 ,Age_1 ,Age_2 ,Age_3 ,Age_4 ,Age_5
      18,5,1991       ,-0.2802,0.0013,-0.2709,-0.8170,-0.2485,-0.5256
18,5,1992       ,0.4474,0.0115,0.2173,-0.1005,-0.0802,0.5619
18,5,1993       ,0.0201,-0.1029,-0.0488,-0.2004,-0.5338,-0.0702
18,5,1994       ,-0.3244,0.0227,-0.0619,0.2138,-0.1929,-0.3122
18,5,1995       ,-0.1377,0.0061,0.1955,0.2113,0.0579,-0.1616
18,5,1996       ,-0.4748,0.2376,0.3119,0.3983,0.1394,0.1067
18,5,1997       ,1.0015,0.0362,0.1903,0.2989,-0.1461,0.0571
18,5,1998       ,0.8033,-0.0963,0.3403,-0.1596,-0.0492,-0.0950
18,5,1999       ,0.5704,0.8658,0.3430,0.2736,0.1019,-0.1421
18,5,2000       ,0.4776,0.2696,0.4053,0.1777,-0.0669,-0.0719
18,5,2001       ,0.9074,0.0710,0.0002,-0.0058,-0.1267,-0.2067
18,5,2002       ,-0.9082,0.3000,-0.0183,-0.0052,-0.2379,-0.5718
18,5,2003       ,-0.5930,0.3096,0.3440,0.2033,0.1258,-0.1675
18,5,2004       ,0.1914,-0.2205,-0.2347,-0.4018,-0.1072,0.1777
18,5,2005       ,-1.1239,-0.2903,0.1720,0.0186,0.0570,0.2870
18,5,2006       ,-0.9308,-0.4210,-0.0303,0.2158,0.1276,0.2617
18,5,2007       ,-0.0654,-0.8867,-0.2560,0.0258,0.0565,0.5818
18,5,2008       ,0.0667,-0.3919,-0.2300,-0.0991,-0.1666,-0.1186
18,5,2009       ,0.2757,0.5045,0.9111,0.3456,-0.2116,0.2404
18,5,2010       ,0.0769,-0.2263,-0.0750,-0.3397,-0.2996,-0.4888
######################################################
# Species: 19
# No. of fleets: 5
# Fleet no.: 1
# First and last year: 1977,1991
# First and last age: 0,5
# Species, Fleet, Year, , ,Age_0 ,Age_1 ,Age_2 ,Age_3 ,Age_4 ,Age_5
      19,1,1977       ,0.1814,-0.6610,0.2592,-0.3765,0.1291,-0.0805
19,1,1978       ,-0.5505,-0.5347,-0.1130,-0.8734,0.1490,0.0376
19,1,1979       ,0.0110,-0.3586,0.0377,0.1956,-0.2552,-0.0339
19,1,1980       ,-0.4505,-0.3260,0.4206,0.5647,0.3166,0.0464
19,1,1981       ,0.9473,-0.2375,0.6221,0.8659,0.5096,-0.0506
19,1,1982       ,-0.0563,-0.1936,0.3990,0.4601,-0.0320,0.4250
19,1,1983       ,0.6664,0.1760,0.2135,0.3700,0.0459,-0.1615
19,1,1984       ,0.0507,0.0005,0.1984,0.2505,0.0396,-0.1564
19,1,1985       ,0.3297,0.1984,0.2680,0.4212,0.0777,0.5464
19,1,1986       ,-0.5227,-0.2577,0.2270,-0.1767,-0.1346,0.1084
19,1,1987       ,-1.0578,-0.5482,-0.2967,-0.4464,-0.2046,-0.4681
19,1,1988       ,0.0966,-0.3864,0.3473,0.1697,-0.1768,0.3086
19,1,1989       ,-0.0122,0.4002,0.1202,0.1650,-0.2548,-0.5142
19,1,1990       ,0.2007,0.0778,0.2190,-0.0802,0.1943,-0.4806
19,1,1991       ,0.1662,-0.5242,-0.6003,-0.5334,-0.3356,0.2821
# Fleet no.: 2
# First and last year: 1992,2010
# First and last age: 0,6
# Species, Fleet, Year, , ,Age_0 ,Age_1 ,Age_2 ,Age_3 ,Age_4 ,Age_5 ,Age_6
      19,2,1992       ,1.1629,0.1106,0.6731,0.4995,-0.3773,-0.1401,0.9200
19,2,1993       ,0.5440,-0.2431,0.0355,0.2297,-0.3678,-0.1298,-1.3958
19,2,1994       ,0.9932,-0.1057,0.0100,-0.5251,-0.0108,-0.1153,-1.6671
19,2,1995       ,0.2412,-0.2295,0.3032,0.2816,-0.3511,0.0368,-0.0459
19,2,1996       ,0.4928,-0.3497,-0.0365,0.2592,-0.0259,-0.5100,0.0444
19,2,1997       ,0.3819,-0.0426,-0.0185,0.3521,-0.0981,0.1298,-0.5695
19,2,1998       ,0.2543,-0.0058,0.0699,-0.0371,-0.0348,-0.1355,-0.4201
19,2,1999       ,1.4822,0.1867,0.2134,-0.0531,0.1574,0.0515,-0.6398
19,2,2000       ,0.8165,-0.1139,0.0199,-0.0071,-0.0902,0.3547,0.2552
19,2,2001       ,-1.3567,-0.6559,-0.0287,0.7801,0.6135,0.4196,0.6311
19,2,2002       ,-1.2578,-0.2320,0.0722,0.3833,-0.0413,-0.6476,0.4123
19,2,2003       ,-1.4079,-0.1533,-0.5180,0.3238,0.8368,0.9499,-1.3229
19,2,2004       ,-0.9955,-0.2911,0.2715,-0.8510,0.3465,0.5906,0.3743
19,2,2005       ,0.4159,0.2887,0.6588,0.6383,0.9200,1.0648,-0.2558
19,2,2006       ,-0.4959,-0.6154,0.3393,0.0343,-0.1394,-0.2454,-0.0399
19,2,2007       ,-0.0394,-0.6907,0.2376,0.4316,0.4305,-0.6943,0.0479
19,2,2008       ,-0.8470,-0.5087,-0.1906,0.1405,0.4910,0.2901,0.3644
19,2,2009       ,-0.2171,-0.5934,0.4054,0.2669,-0.1320,-0.8286,-0.1673
19,2,2010       ,-0.1675,-0.5118,-0.4170,-0.1826,0.1119,-0.1905,0.6765
# Fleet no.: 3
# First and last year: 1983,2011
# First and last age: 1,5
# Species, Fleet, Year, , ,Age_1 ,Age_2 ,Age_3 ,Age_4 ,Age_5
      19,3,1983       ,-0.6881,-0.3053,-0.0885,-0.1206,-0.4285
19,3,1984       ,-0.1422,-0.2886,-0.2439,-0.2163,-0.5569
19,3,1985       ,-0.5324,-0.2025,0.1573,-0.2241,-0.6515
19,3,1986       ,0.3040,0.1259,-0.1034,-0.2584,-0.5252
19,3,1987       ,-0.0771,-0.0560,-0.3311,-0.0771,-0.1915
19,3,1988       ,-0.0115,-0.1865,-0.0681,-0.0356,0.0515
19,3,1989       ,0.5545,0.3216,0.1851,-0.2069,-0.3598
19,3,1990       ,0.4588,0.3918,0.3215,-0.1169,-0.5710
19,3,1991       ,0.3798,0.2324,-0.1392,-0.1565,-0.2885
19,3,1992       ,0.8013,-0.0958,-0.6184,-0.7202,-0.5573
19,3,1993       ,0.2235,0.2083,0.1868,0.0827,-0.4090
19,3,1994       ,-0.2097,-0.3417,-0.3675,-0.2221,-0.1696
19,3,1995       ,-0.0875,-0.0843,-0.2359,-0.2517,-0.2184
19,3,1996       ,-0.5971,-0.3106,-0.2690,-0.3601,-0.1894
19,3,1997       ,0.5516,0.1853,0.2121,0.1734,-0.0303
19,3,1998       ,0.1042,0.1646,-0.0845,-0.0009,0.3267
19,3,1999       ,0.3161,0.1736,-0.0844,0.3392,0.0631
19,3,2000       ,0.4885,-0.0774,-0.1495,-0.1387,0.7015
19,3,2001       ,0.5250,0.0256,0.2606,-0.0742,0.2395
19,3,2002       ,0.1783,0.1391,0.4475,-0.1241,0.7248
19,3,2003       ,0.0489,-0.0056,0.2740,0.3853,-0.0296
19,3,2004       ,-0.6054,0.3435,0.6557,0.6168,0.5666
19,3,2005       ,-0.3740,-0.0169,0.1588,0.1153,0.3102
19,3,2006       ,0.0595,-0.0906,-0.0261,-0.3372,-0.0388
19,3,2007       ,-0.8946,0.2629,0.5988,0.5477,-0.1568
19,3,2008       ,-0.7393,-0.3404,-0.2708,0.6243,-0.8118
19,3,2009       ,-0.1659,0.4703,0.4366,-0.1047,-0.5396
19,3,2010       ,0.1455,-0.1559,0.4350,0.4111,0.1508
19,3,2011       ,-0.0147,0.2076,0.8139,0.3643,0.9171
# Fleet no.: 4
# First and last year: 1982,1997
# First and last age: 0,6
# Species, Fleet, Year, , ,Age_0 ,Age_1 ,Age_2 ,Age_3 ,Age_4 ,Age_5 ,Age_6
      19,4,1982       ,-0.5859,-0.5313,0.3020,0.2657,-0.2404,-1.1258,-0.4441
19,4,1983       ,-0.3688,-0.1094,0.2810,0.6044,0.4677,0.1944,0.5887
19,4,1984       ,-0.6179,-0.4163,0.1261,0.0189,-0.0093,-0.1718,-0.2802
19,4,1985       ,-0.4773,0.1555,0.1737,0.1975,0.1453,-0.1288,-0.0836
19,4,1986       ,-0.6496,0.0840,0.1585,0.0752,-0.2019,0.1953,-0.1299
19,4,1987       ,-0.5518,-0.8122,-0.1247,-0.0719,0.0948,-0.3167,-0.1686
19,4,1988       ,-0.0120,0.0037,0.1058,-0.0565,0.0279,-0.2067,-0.3957
19,4,1989       ,-0.4993,0.3810,0.1909,0.2151,-0.3582,-0.5451,-0.2284
19,4,1990       ,0.6094,0.3876,0.0928,-0.3004,0.0331,-0.4627,-0.6290
19,4,1991       ,0.7361,-0.2306,-0.3014,-0.9430,-0.6542,-0.3549,-0.3718
19,4,1992       ,1.0284,0.3780,0.0424,-0.3133,-0.5026,0.1265,0.2528
19,4,1993       ,-0.0470,0.2257,0.2779,0.0959,-0.9677,0.1642,0.2844
19,4,1994       ,1.2409,-0.0510,0.2257,-0.2275,-0.0574,-0.7037,0.0131
19,4,1995       ,-0.0304,0.1319,0.1909,0.5828,0.0140,0.5311,0.3815
19,4,1996       ,0.3184,0.1635,0.5287,0.2909,0.4543,0.0272,0.1376
19,4,1997       ,-0.0933,0.1624,0.0623,0.4712,0.2925,0.3575,-0.2036
# Fleet no.: 5
# First and last year: 1998,2010
# First and last age: 0,6
# Species, Fleet, Year, , ,Age_0 ,Age_1 ,Age_2 ,Age_3 ,Age_4 ,Age_5 ,Age_6
      19,5,1998       ,0.5294,0.7786,-0.0455,-0.1060,-0.0769,-0.3277,-0.4282
19,5,1999       ,1.0772,0.2389,0.2669,0.3249,0.3536,0.1107,-0.4866
19,5,2000       ,0.6138,-0.0001,-0.2167,0.0425,0.2209,0.8783,-0.2566
19,5,2001       ,-2.1436,-0.4646,-0.1185,-0.0015,0.1191,0.3008,0.6664
19,5,2002       ,0.3501,0.2134,-0.0260,0.2655,-0.0378,0.4389,0.3225
19,5,2003       ,0.0428,0.4243,0.1306,0.4755,0.5474,-0.4867,0.3025
19,5,2004       ,0.1727,0.2158,0.3667,-0.2904,0.2749,0.1347,-0.7581
19,5,2005       ,0.4337,-0.0475,0.4986,-0.1381,0.5587,0.1670,-0.2291
19,5,2006       ,-0.3802,-0.4142,-0.0837,0.1110,-0.6470,-0.5533,-0.4573
19,5,2007       ,-0.2188,-0.2477,0.2271,-0.0016,0.0877,-0.7679,-0.6491
19,5,2008       ,0.6703,-0.4771,0.1037,0.1565,-0.7155,-0.0651,-0.7135
19,5,2009       ,0.4592,-0.2220,-0.0618,0.0261,0.1213,0.1504,-0.6327
19,5,2010       ,-1.6065,-0.0126,0.1627,-0.0897,0.1911,0.3376,-1.5359
######################################################
# Species: 20
# No. of fleets: 7
# Fleet no.: 1
# First and last year: 1977,2000
# First and last age: 2,3
# Species, Fleet, Year, , ,Age_2 ,Age_3
      20,1,1977       ,0.9162,0.3402
20,1,1978       ,0.2167,-1.4297
20,1,1979       ,-2.7675,-1.1527
20,1,1980       ,-1.6665,-0.3094
20,1,1981       ,0.1556,-1.4992
20,1,1982       ,2.2497,1.5527
20,1,1983       ,-2.7769,0.3825
20,1,1984       ,3.5124,2.5573
20,1,1985       ,0.4842,1.8275
20,1,1986       ,1.3923,0.9709
20,1,1987       ,-0.9950,-0.5986
20,1,1988       ,0.7906,0.8281
20,1,1989       ,0.6301,-0.1151
20,1,1990       ,2.3342,1.4916
20,1,1991       ,1.4313,0.3416
20,1,1992       ,-1.3694,-1.1775
20,1,1993       ,1.3000,1.0513
20,1,1994       ,-1.4390,-0.9256
20,1,1995       ,-0.2775,0.4370
20,1,1996       ,1.1369,-0.3331
20,1,1997       ,0.9548,-0.2931
20,1,1998       ,-2.3165,-1.5464
20,1,1999       ,-2.1008,-1.7724
20,1,2000       ,-1.7959,-0.6278
# Fleet no.: 2
# First and last year: 1995,2010
# First and last age: 6,9
# Species, Fleet, Year, , ,Age_6 ,Age_7 ,Age_8 ,Age_9
      20,2,1995       ,0.2003,-0.2615,-0.5338,-0.3862
20,2,1996       ,0.0267,0.3364,0.7141,0.7917
20,2,1997       ,-0.5717,-0.5349,-0.3414,-0.4731
20,2,1998       ,0.0003,-0.0711,-0.2953,-0.1915
20,2,1999       ,0.1421,0.2328,-0.3826,-0.4934
20,2,2000       ,0.5617,-0.0687,0.2736,0.1001
20,2,2001       ,0.2306,0.4284,0.6756,0.2558
20,2,2002       ,0.2796,-0.6508,-0.4451,-0.1413
20,2,2003       ,-0.3557,-0.2348,-0.6436,-0.5611
20,2,2004       ,-0.1750,-0.4776,-0.0624,-0.1633
20,2,2005       ,0.2619,0.2481,0.3060,0.0218
20,2,2006       ,0.0054,0.1529,0.1625,0.7039
20,2,2007       ,-0.0368,-0.0327,0.1424,-0.0377
20,2,2008       ,0.4382,-0.0082,-0.0551,0.1098
20,2,2009       ,-0.0794,0.0525,0.3649,0.6527
20,2,2010       ,-0.4325,-0.4080,-0.1662,0.5614
# Fleet no.: 3
# First and last year: 1993,2010
# First and last age: 6,9
# Species, Fleet, Year, , ,Age_6 ,Age_7 ,Age_8 ,Age_9
      20,3,1993       ,0.2025,0.2738,0.2752,0.5831
20,3,1994       ,-0.5999,-0.5853,-1.0658,0.3487
20,3,1995       ,-0.8440,0.7286,0.2836,0.7635
20,3,1996       ,-0.0100,0.1161,-0.7548,-1.8628
20,3,1997       ,-0.4598,-0.3043,-0.3585,-0.8435
20,3,1998       ,0.0015,0.1829,0.1337,0.4798
20,3,1999       ,-0.0453,0.3912,1.2285,0.6613
20,3,2000       ,0.6144,0.2128,0.3811,0.6594
20,3,2001       ,-0.5517,-0.4334,-0.3133,-0.5253
20,3,2002       ,-0.5418,-0.4118,-0.0436,0.5267
20,3,2003       ,-0.2620,0.1772,-0.0428,0.0606
20,3,2004       ,-0.2000,0.1128,0.5240,0.6400
20,3,2005       ,-0.0093,0.3697,0.3805,0.4537
20,3,2006       ,-0.0517,0.5315,0.6030,0.4227
20,3,2007       ,0.0170,0.1477,0.4554,-0.1146
20,3,2008       ,0.1631,-0.0922,0.0506,-0.0696
20,3,2009       ,-0.3854,0.3875,0.3311,0.2046
20,3,2010       ,0.0337,0.2079,-0.0660,0.1415
# Fleet no.: 4
# First and last year: 1990,2010
# First and last age: 6,9
# Species, Fleet, Year, , ,Age_6 ,Age_7 ,Age_8 ,Age_9
      20,4,1990       ,0.0620,0.4175,-0.5563,-0.5496
20,4,1991       ,0.6620,0.3161,0.0011,-0.5642
20,4,1992       ,0.1142,-0.6500,-1.2081,-1.1192
20,4,1993       ,-0.0310,-1.8240,-1.4161,-1.0731
20,4,1994       ,0.8504,-0.2420,-1.4636,-1.7596
20,4,1995       ,0.1023,-0.1700,0.1079,0.2915
20,4,1996       ,0.7150,0.1183,-0.4267,0.4489
20,4,1997       ,0.0112,-0.1868,-0.7722,-0.0188
20,4,1998       ,0.7069,-0.6990,-0.8757,-0.6268
20,4,1999       ,0.4578,0.0355,-0.8048,-0.7257
20,4,2000       ,1.3769,0.6445,0.5182,0.7530
20,4,2001       ,0.9496,0.1674,-0.5614,-0.3710
20,4,2002       ,1.0418,0.5613,0.2741,-0.0228
20,4,2003       ,-0.0452,0.3936,0.5000,0.7041
20,4,2004       ,0.4997,0.2069,-0.4940,0.4256
20,4,2005       ,0.8285,0.7736,-0.4163,-0.2518
20,4,2006       ,-0.3948,0.0489,-0.8845,-0.5726
20,4,2007       ,-0.0462,-0.5181,-99.9,-99.9
20,4,2008       ,0.9775,0.3266,-0.8152,-0.6924
20,4,2009       ,1.8043,-0.3179,0.5277,0.0360
20,4,2010       ,0.1633,-0.2111,0.2335,0.2821
# Fleet no.: 5
# First and last year: 1995,2010
# First and last age: 3,6
# Species, Fleet, Year, , ,Age_3 ,Age_4 ,Age_5 ,Age_6
      20,5,1995       ,0.0495,-1.1305,-1.8392,-2.7416
20,5,1996       ,-0.1557,-0.3739,-0.0047,0.3565
20,5,1997       ,-0.4823,-0.3218,0.1538,-0.0079
20,5,1998       ,-0.0088,0.3697,0.1613,-0.0016
20,5,1999       ,-0.6071,0.5012,0.6059,-0.1971
20,5,2000       ,0.4703,1.0989,0.8214,0.6568
20,5,2001       ,0.4126,0.3284,0.1180,0.0993
20,5,2002       ,0.5364,1.3305,0.5065,-0.6046
20,5,2003       ,0.8341,0.8985,0.6305,-0.1765
20,5,2004       ,0.3022,0.4634,0.2890,-0.6334
20,5,2005       ,0.1867,0.4341,0.6241,-0.2490
20,5,2006       ,0.5397,0.4755,-0.0450,0.0234
20,5,2007       ,0.9835,0.1530,0.5015,-0.9975
20,5,2008       ,-0.9457,-0.3491,-0.2659,-0.0342
20,5,2009  ,-99.9,-99.9,-99.9,-99.9
20,5,2010       ,-2.1155,-0.6901,-0.3397,-0.5978
# Fleet no.: 6
# First and last year: 1991,2010
# First and last age: 3,5
# Species, Fleet, Year, , ,Age_3 ,Age_4 ,Age_5
      20,6,1991       ,-0.5432,-1.2891,-2.3002
20,6,1992       ,-1.1441,-0.0093,-0.2565
20,6,1993       ,0.6360,0.0386,0.0322
20,6,1994       ,-1.1243,-0.7979,-0.2930
20,6,1995       ,0.3581,-0.0854,0.0986
20,6,1996       ,-0.1791,-0.2004,-0.0231
20,6,1997       ,-0.5741,-0.2091,0.6348
20,6,1998       ,-0.9999,-0.4535,-0.4691
20,6,1999       ,-0.9922,-0.1581,0.0779
20,6,2000       ,-0.1232,0.5547,-0.0671
20,6,2001       ,0.9045,0.4773,0.3194
20,6,2002       ,0.2005,0.8643,-0.3838
20,6,2003       ,1.2788,1.0764,1.1838
20,6,2004       ,0.0788,0.3022,-0.3276
20,6,2005       ,0.1937,0.4500,0.5929
20,6,2006       ,1.6665,1.4958,0.2874
20,6,2007       ,1.8564,1.0717,1.1747
20,6,2008       ,0.0282,0.1573,-0.0576
20,6,2009       ,-0.5069,-0.4890,-1.3204
20,6,2010       ,-1.0144,-0.6945,-1.0051
# Fleet no.: 7
# First and last year: 2006,2010
# First and last age: 3,4
# Species, Fleet, Year, , ,Age_3 ,Age_4
      20,7,2006       ,-0.7669,-0.2426
20,7,2007       ,0.2403,-0.0401
20,7,2008       ,0.1186,0.3209
20,7,2009       ,0.4115,0.2218
20,7,2010       ,-0.0035,-0.2599
######################################################
# Species: 21
# No. of fleets: 3
# Fleet no.: 1
# First and last year: 1989,2010
# First and last age: 2,7
# Species, Fleet, Year, , ,Age_2 ,Age_3 ,Age_4 ,Age_5 ,Age_6 ,Age_7
      21,1,1989       ,-0.2585,-0.0989,-0.1192,-0.2391,-0.2049,-0.9676
21,1,1990       ,-0.0974,0.1313,0.3123,0.3247,0.1399,-0.5535
21,1,1991       ,-0.0217,-0.3248,0.1183,0.3910,0.3270,-0.4262
21,1,1992       ,0.2655,-0.0491,0.2119,0.4765,0.6528,-0.0225
21,1,1993       ,0.3089,0.1212,0.1451,0.5321,0.6929,0.0951
21,1,1994       ,-0.0608,-0.3299,-0.5028,0.1828,0.5712,-0.3809
21,1,1995       ,0.0334,0.1277,0.0687,-0.0661,0.3314,-0.4946
21,1,1996       ,0.2673,0.2861,0.1212,0.0711,-0.3390,-0.7081
21,1,1997       ,0.4238,0.3430,0.2551,0.2359,0.4319,-0.8229
21,1,1998       ,-0.0267,-0.0397,0.1997,0.4703,0.5290,0.0030
21,1,1999       ,-0.0788,0.1847,-0.3269,-0.2352,0.1385,-0.3329
21,1,2000       ,-0.1762,-0.1505,0.1816,0.1694,0.3720,0.0853
21,1,2001       ,0.0695,0.1872,-0.1153,0.1472,0.0051,-0.5871
21,1,2002       ,-0.1882,0.0137,-0.1811,-0.1334,0.2866,-0.5118
21,1,2003       ,0.1192,-0.2821,-0.2005,-0.2961,0.0301,-0.1175
21,1,2004       ,-0.4154,-0.1780,-0.1418,-0.0238,-0.3617,-0.5454
21,1,2005       ,-0.3166,0.1492,-0.0389,0.0556,-0.0302,-1.2147
21,1,2006       ,0.0355,0.0707,0.1224,0.3562,0.1595,-0.3260
21,1,2007       ,0.0738,-0.2505,-0.1925,-0.1231,-0.0409,-0.9338
21,1,2008       ,-0.1049,-0.0302,0.0021,0.3391,0.4365,0.5413
21,1,2009       ,0.1694,0.0415,-0.1969,0.1616,0.6696,-0.3469
21,1,2010       ,-0.0212,0.0776,0.2776,0.3993,0.7847,-0.2103
# Fleet no.: 2
# First and last year: 1983,2011
# First and last age: 2,5
# Species, Fleet, Year, , ,Age_2 ,Age_3 ,Age_4 ,Age_5
      21,2,1983       ,-0.9352,-0.6921,-0.8494,0.6044
21,2,1984       ,-1.1078,-0.6923,-0.6096,-0.5834
21,2,1985       ,0.3617,0.5037,-0.4683,0.0438
21,2,1986       ,0.6283,0.6191,-0.0171,-0.0928
21,2,1987       ,0.4304,-0.1133,-0.2247,0.2388
21,2,1988       ,1.6754,1.4273,-0.1434,-0.3919
21,2,1989       ,0.5107,0.3532,-0.0767,-1.3120
21,2,1990       ,0.2271,0.4778,0.7437,0.3283
21,2,1991       ,0.7486,0.7610,0.8143,0.7072
21,2,1992       ,0.1732,0.6212,-0.1528,0.5409
21,2,1993       ,0.8391,0.7004,-0.1161,0.7814
21,2,1994       ,1.0120,0.8953,0.4473,0.8164
21,2,1995       ,1.1581,0.8790,-0.0071,-0.9405
21,2,1996       ,-0.6553,-1.3047,-1.6224,-0.6608
21,2,1997       ,0.1527,0.2312,-0.7813,-0.3434
21,2,1998       ,0.2253,-0.4748,-1.2673,-0.7637
21,2,1999       ,0.2662,0.8196,0.1733,-0.0326
21,2,2000       ,-0.5247,0.1685,-0.7951,-1.6361
21,2,2001       ,-0.0281,0.8355,0.1178,-0.1418
21,2,2002       ,0.0653,-0.2788,-1.2236,-0.9028
21,2,2003       ,-0.1306,1.0009,0.3002,0.0533
21,2,2004       ,-0.2189,0.2107,-0.1718,0.1245
21,2,2005       ,-0.3846,0.6263,0.1124,0.5942
21,2,2006       ,1.3640,1.1511,0.9393,0.6969
21,2,2007       ,-1.6916,-2.0346,-2.0092,-0.2681
21,2,2008       ,-0.3197,0.4052,0.9666,1.9883
21,2,2009       ,-1.2104,-1.7863,-1.6857,0.0119
21,2,2010       ,-2.0896,-1.7190,-0.6309,0.8032
21,2,2011       ,-0.5416,1.1868,1.1295,2.0662
# Fleet no.: 3
# First and last year: 1992,2011
# First and last age: 0,0
# Species, Fleet, Year, , ,Age_0
      21,3,1992       ,0.4279
21,3,1993       ,0.3911
21,3,1994       ,0.1011
21,3,1995       ,0.2194
21,3,1996       ,0.0313
21,3,1997       ,0.8503
21,3,1998       ,-0.1456
21,3,1999       ,0.4098
21,3,2000       ,0.2584
21,3,2001       ,-0.2797
21,3,2002       ,0.2138
21,3,2003       ,-0.2477
21,3,2004       ,-0.5888
21,3,2005       ,0.1374
21,3,2006       ,0.2027
21,3,2007       ,-0.7763
21,3,2008       ,-0.9633
21,3,2009       ,-0.0383
21,3,2010       ,-0.2034
######################################################
# Species: 22
# No. of fleets: 6
# Fleet no.: 1
# First and last year: 1976,1998
# First and last age: 1,1
# Species, Fleet, Year, , ,Age_1
      22,1,1976       ,-0.5173
22,1,1977       ,-0.1784
22,1,1978       ,-0.7544
22,1,1979       ,-0.7877
22,1,1980       ,-0.2026
22,1,1981       ,-0.1415
22,1,1982       ,-0.8997
22,1,1983       ,1.0856
22,1,1984       ,0.3387
22,1,1985       ,-0.0467
22,1,1986       ,0.0149
22,1,1987       ,0.2460
22,1,1988       ,-0.1835
22,1,1989       ,0.4199
22,1,1990       ,0.2718
22,1,1991       ,0.7844
22,1,1992       ,-0.3045
22,1,1993       ,0.5141
22,1,1994       ,0.1002
22,1,1995       ,0.2614
22,1,1996       ,0.2057
22,1,1997       ,-0.0183
22,1,1998       ,-0.2081
# Fleet no.: 2
# First and last year: 1999,2009
# First and last age: 1,1
# Species, Fleet, Year, , ,Age_1
      22,2,1999       ,-1.4934
22,2,2000       ,-0.1645
22,2,2001       ,-0.0235
22,2,2002       ,0.6137
22,2,2003       ,0.2795
22,2,2004       ,0.0968
22,2,2005       ,0.5186
22,2,2006       ,0.0733
22,2,2007       ,0.8116
22,2,2008       ,-1.0646
22,2,2009       ,0.3526
# Fleet no.: 3
# First and last year: 1976,2004
# First and last age: 0,0
# Species, Fleet, Year, , ,Age_0
      22,3,1976       ,-0.0074
22,3,1977       ,-1.4494
22,3,1978       ,0.5037
22,3,1979       ,0.9807
22,3,1980       ,0.4368
22,3,1981       ,-0.1143
22,3,1982       ,2.5911
22,3,1983       ,1.0654
22,3,1984       ,-2.6619
22,3,1985       ,-1.6843
22,3,1986       ,-0.1655
22,3,1987       ,-2.0210
22,3,1988       ,0.2686
22,3,1989       ,-0.5591
22,3,1990       ,0.3938
22,3,1991       ,0.3360
22,3,1992       ,1.2212
22,3,1993       ,0.7607
22,3,1994       ,-2.9421
22,3,1995       ,0.0801
22,3,1996       ,0.2148
22,3,1997       ,-0.5401
22,3,1998       ,1.7559
22,3,1999       ,1.1527
22,3,2000       ,-2.2755
22,3,2001       ,1.6630
22,3,2002       ,-0.5881
22,3,2003       ,0.9309
22,3,2004       ,0.6531
# Fleet no.: 4
# First and last year: 1982,1998
# First and last age: 1,4
# Species, Fleet, Year, , ,Age_1 ,Age_2 ,Age_3 ,Age_4
      22,4,1982       ,0.8354,0.1476,0.3808,0.7564
22,4,1983       ,-1.0157,1.0291,-0.2182,-0.1390
22,4,1984       ,0.6633,-0.6323,1.2212,0.2237
22,4,1985       ,-0.5467,0.9440,1.1014,-0.7767
22,4,1986       ,0.3913,0.4634,-0.2090,-1.2377
22,4,1987       ,-1.0120,0.2936,-0.1435,-1.0291
22,4,1988       ,-1.5087,-0.3520,0.5851,1.2473
22,4,1989       ,0.5199,-0.3612,-1.3867,0.5790
22,4,1990       ,0.3551,0.2257,0.5531,-0.1201
22,4,1991       ,0.3610,0.5831,-0.4741,0.6275
22,4,1992       ,0.7523,-0.4572,-0.9937,-0.3378
22,4,1993       ,-1.0224,0.1307,0.0496,0.5469
22,4,1994       ,0.8188,-0.4674,0.0297,0.1714
22,4,1995       ,0.4457,-0.7725,-0.5041,-0.1159
22,4,1996       ,0.0199,0.0353,0.4158,0.2828
22,4,1997       ,0.0934,-0.5610,-0.6621,-0.4606
22,4,1998       ,-0.1506,-0.2490,-0.0200,0.0567
# Fleet no.: 5
# First and last year: 1999,2009
# First and last age: 1,4
# Species, Fleet, Year, , ,Age_1 ,Age_2 ,Age_3 ,Age_4
      22,5,1999       ,-0.0214,-0.2960,-0.1335,-0.1928
22,5,2000       ,-0.2645,-0.1064,0.1199,0.2641
22,5,2001       ,0.1552,0.0956,-0.2920,0.9507
22,5,2002       ,0.0620,-0.1705,-0.6225,-0.2928
22,5,2003       ,-0.3341,-0.1088,0.5568,1.0504
22,5,2004       ,0.0035,-0.2415,0.3398,-0.3242
22,5,2005       ,0.3846,0.2769,0.6193,0.2008
22,5,2006       ,0.0943,-0.0539,-0.1968,0.2227
22,5,2007       ,0.1178,0.5136,0.1165,-0.3225
22,5,2008       ,-0.2211,-0.0677,-0.3784,-0.7155
22,5,2009       ,0.0238,0.1587,-0.1937,-0.7762
# Fleet no.: 6
# First and last year: 2004,2010
# First and last age: 0,1
# Species, Fleet, Year, , ,Age_0 ,Age_1
      22,6,2004       ,0.2172,0.1918
22,6,2005       ,0.3379,-0.4289
22,6,2006       ,0.3473,0.2129
22,6,2007       ,0.4763,-0.4895
22,6,2008       ,-0.7313,0.0442
22,6,2009       ,-0.0978,-0.4386
22,6,2010       ,-0.5497,0.9081
######################################################
# Species: 23
# No. of fleets: 4
# Fleet no.: 1
# First and last year: 1982,1991
# First and last age: 0,3
# Species, Fleet, Year, , ,Age_0 ,Age_1 ,Age_2 ,Age_3
      23,1,1982       ,1.6638,0.7965,-0.9552,1.2509
23,1,1983       ,1.5380,-0.1509,-0.8219,-1.5411
23,1,1984       ,-0.5260,0.5796,-0.0856,0.0455
23,1,1985       ,-0.6220,0.4171,0.1780,-2.2728
23,1,1986       ,-1.1907,0.1379,0.4194,2.5683
23,1,1987       ,-1.5842,-0.4357,0.1267,-1.2066
23,1,1988       ,-1.7900,-1.1470,-0.3804,1.4291
23,1,1989       ,0.6260,0.2106,1.6466,-0.0252
23,1,1990       ,1.3358,0.0031,-0.6481,0.8817
23,1,1991       ,0.5491,-0.4111,0.5205,-1.1297
# Fleet no.: 2
# First and last year: 1992,2010
# First and last age: 0,2
# Species, Fleet, Year, , ,Age_0 ,Age_1 ,Age_2
      23,2,1992       ,0.1917,0.8357,1.7826
23,2,1993       ,0.8619,0.7039,1.9334
23,2,1994       ,0.3118,-0.1169,-0.1501
23,2,1995       ,0.7860,0.1678,0.6478
23,2,1996       ,-0.2702,-0.4902,-0.7954
23,2,1997       ,-0.4313,0.3566,0.1608
23,2,1998       ,-0.2302,-1.0300,-0.7364
23,2,1999       ,0.3879,-0.0333,-0.4327
23,2,2000       ,-0.4622,0.5182,-0.9099
23,2,2001       ,0.1033,-0.4916,0.1659
23,2,2002       ,1.6463,0.0733,-1.0460
23,2,2003       ,-0.9466,-0.3732,-0.6477
23,2,2004       ,-0.8666,0.0614,-0.2006
23,2,2005       ,1.2888,0.0770,0.0492
23,2,2006       ,-0.2356,0.5243,0.3797
23,2,2007       ,-0.0214,-0.1515,0.5067
23,2,2008       ,-1.3828,-0.4275,0.1684
23,2,2009       ,0.3852,0.0225,-0.0673
23,2,2010       ,-1.1160,-0.2264,-0.8084
# Fleet no.: 3
# First and last year: 1974,2011
# First and last age: 1,3
# Species, Fleet, Year, , ,Age_1 ,Age_2 ,Age_3
      23,3,1974       ,1.0812,-0.0458,-99.9
23,3,1975       ,0.1431,0.7744,-99.9
23,3,1976       ,-0.3829,-0.7920,-99.9
23,3,1977       ,-0.2922,-1.1928,-99.9
23,3,1978       ,-0.3562,-0.2168,-99.9
23,3,1979       ,-0.4728,-0.9309,-99.9
23,3,1980       ,-0.3325,-0.6827,-99.9
23,3,1981       ,-0.3687,-0.8536,-99.9
23,3,1982       ,0.0935,0.0915,-99.9
23,3,1983       ,-0.5366,-0.2397,-0.8782
23,3,1984       ,-0.1683,-0.5378,-0.1971
23,3,1985       ,-0.0273,0.1282,-0.0451
23,3,1986       ,0.0409,-0.2020,-0.6352
23,3,1987       ,0.2839,0.1667,1.2604
23,3,1988       ,-1.8014,0.3873,-0.4499
23,3,1989       ,-0.1399,0.1039,1.1788
23,3,1990       ,-0.4260,0.0355,0.2421
23,3,1991       ,0.1448,-0.0017,0.4449
23,3,1992       ,0.6021,0.1922,-0.5273
23,3,1993       ,0.3936,0.9002,1.1752
23,3,1994       ,0.0542,-0.5059,-0.4554
23,3,1995       ,0.1798,0.2958,0.2931
23,3,1996       ,-0.9554,0.2142,0.7181
23,3,1997       ,0.9576,0.4917,0.4334
23,3,1998       ,-0.1704,1.2493,0.5475
23,3,1999       ,0.3723,0.2453,0.7806
23,3,2000       ,0.9271,0.5711,-0.2355
23,3,2001       ,-0.4507,0.5550,0.0795
23,3,2002       ,-0.1834,0.3065,0.8852
23,3,2003       ,0.0521,0.0640,0.0894
23,3,2004       ,0.4398,0.1317,-0.8677
23,3,2005       ,-0.2316,-0.3263,-0.4939
23,3,2006       ,0.9592,-0.7219,-0.4380
23,3,2007       ,-0.0666,0.4401,-0.9380
23,3,2008       ,0.0627,-0.0510,0.2598
23,3,2009       ,0.2158,0.5384,-0.0208
23,3,2010       ,0.2596,-0.5842,-0.9618
23,3,2011       ,0.0997,0.0024,-1.2442
# Fleet no.: 4
# First and last year: 1998,2010
# First and last age: 1,3
# Species, Fleet, Year, , ,Age_1 ,Age_2 ,Age_3
      23,4,1998       ,0.5582,-1.0903,1.2095
23,4,1999       ,0.3238,0.8884,-0.9674
23,4,2000       ,-0.8443,1.2564,0.1417
23,4,2001       ,-1.0514,-1.4744,0.4622
23,4,2002       ,0.1669,0.2384,-1.4228
23,4,2003       ,0.3131,-0.1205,-0.0723
23,4,2004       ,0.0934,0.1893,0.2311
23,4,2005       ,1.1519,-0.0060,0.1969
23,4,2006       ,-0.3874,0.8328,-0.0700
23,4,2007       ,1.1107,-0.0562,1.1747
23,4,2008       ,0.2299,0.0881,-0.1511
23,4,2009       ,-0.1613,-0.3473,-0.6513
23,4,2010       ,-1.5033,-0.3987,-0.0811
######################################################
# Species: 24
# No. of fleets: 3
# Fleet no.: 1
# First and last year: 1977,2011
# First and last age: 1,3
# Species, Fleet, Year, , ,Age_1 ,Age_2 ,Age_3
      24,1,1977       ,-0.0198,-99.9,-99.9
24,1,1978       ,-1.8865,-99.9,-99.9
24,1,1979       ,-0.5260,-0.3287,-99.9
24,1,1980       ,-0.4182,-1.7609,-99.9
24,1,1981       ,0.1073,0.1059,0.6222
24,1,1982       ,-0.6197,-0.4070,0.2633
24,1,1983       ,-0.6204,0.6716,1.0890
24,1,1984       ,-1.1443,-0.0663,0.2212
24,1,1985       ,-0.5207,-1.1821,0.1286
24,1,1986       ,-2.4867,-2.3892,-1.8225
24,1,1987       ,-0.3314,-2.0911,-2.4496
24,1,1988       ,-1.3020,0.5354,-0.4028
24,1,1989       ,1.3150,0.4804,0.7714
24,1,1990       ,-0.5929,0.1402,1.1767
24,1,1991       ,-0.0521,-1.3165,-1.2588
24,1,1992       ,0.5590,-0.7475,-0.4655
24,1,1993       ,0.1485,0.0390,0.1262
24,1,1994       ,0.3501,0.0877,0.0917
24,1,1995       ,0.3717,-0.6161,-0.4848
24,1,1996       ,-0.6804,-0.6514,-0.3354
24,1,1997       ,-0.1903,0.2733,0.4654
24,1,1998       ,0.4845,0.6751,1.1643
24,1,1999       ,0.8375,-0.0752,-0.2056
24,1,2000       ,0.2545,-0.2324,0.9556
24,1,2001       ,0.4149,0.3614,0.3063
24,1,2002       ,0.4946,0.7622,0.7862
24,1,2003       ,1.1168,-0.4696,0.2535
24,1,2004       ,1.1146,0.3560,1.3044
24,1,2005       ,0.8504,-0.0943,0.8486
24,1,2006       ,-0.2918,-0.0844,0.6265
24,1,2007       ,0.5186,1.2771,1.1288
24,1,2008       ,0.8093,0.3219,0.3078
24,1,2009       ,0.7790,-0.0175,-0.9652
24,1,2010       ,1.1279,0.0167,0.2004
24,1,2011       ,0.0291,0.6000,1.3784
# Fleet no.: 2
# First and last year: 2005,2010
# First and last age: 1,3
# Species, Fleet, Year, , ,Age_1 ,Age_2 ,Age_3
      24,2,2005       ,0.2488,-0.3749,0.2016
24,2,2006       ,0.1204,0.4945,0.1116
24,2,2007       ,0.4661,0.2566,0.2018
24,2,2008       ,-0.2637,0.2485,-0.6985
24,2,2009       ,-0.3162,0.9035,-0.1613
24,2,2010       ,-0.2554,-0.2757,-0.9078
# Fleet no.: 3
# First and last year: 1991,2010
# First and last age: 1,3
# Species, Fleet, Year, , ,Age_1 ,Age_2 ,Age_3
      24,3,1991       ,-2.2974,-1.8278,-1.6216
24,3,1992       ,0.3525,0.7982,-0.1761
24,3,1993       ,-0.6321,0.7249,0.4727
24,3,1994       ,-0.8316,-1.3164,-0.7178
24,3,1995       ,-1.2349,-0.2167,1.4071
24,3,1996       ,-1.1759,-0.2311,-0.1733
24,3,1997       ,0.6760,0.9034,-0.1239
24,3,1998       ,-0.0387,0.1290,-0.2272
24,3,1999       ,0.8791,0.0905,-1.1695
24,3,2000       ,0.0295,0.0841,-1.5501
24,3,2001       ,0.4543,0.7426,-0.4637
24,3,2002       ,0.7943,0.9122,0.4245
24,3,2003       ,0.0870,-0.4455,-1.2818
24,3,2004       ,1.0455,0.9501,1.3430
24,3,2005       ,0.6716,0.0251,0.0598
24,3,2006       ,-0.0337,0.2187,-0.0038
24,3,2007       ,-0.2352,0.7248,0.1363
24,3,2008       ,0.1370,0.3166,-0.0980
24,3,2009       ,0.6458,0.8238,0.3917
24,3,2010       ,0.7068,0.2884,-0.3229
######################################################
# Species: 25
# No. of fleets: 6
# Fleet no.: 1
# First and last year: 1985,2010
# First and last age: 1,9
# Species, Fleet, Year, , ,Age_1 ,Age_2 ,Age_3 ,Age_4 ,Age_5 ,Age_6 ,Age_7 ,Age_8 ,Age_9
      25,1,1985       ,-1.1097,0.2934,-0.0855,0.0939,-0.6661,-0.3894,-0.6026,-0.8500,-1.1183
25,1,1986       ,-0.3948,-0.2287,0.2887,0.3040,-0.2737,-1.1605,-0.6510,-0.9045,-1.1201
25,1,1987       ,-0.7011,0.6901,-0.2933,-0.2237,-0.5381,-1.3750,-0.9803,-1.2176,-0.9672
25,1,1988       ,0.3982,-0.1701,0.5635,0.3170,0.0034,-0.6167,-1.0066,-2.3466,-0.8174
25,1,1989       ,0.3482,0.5978,-0.1976,1.0481,0.5661,-0.4686,-0.9216,-0.0572,-0.4647
25,1,1990       ,-0.5025,0.0956,0.4448,1.1888,-0.3827,-0.7778,-1.3223,-0.1538,-0.5148
25,1,1991       ,0.0228,0.2478,-0.1174,0.4400,0.1064,0.3597,-1.2851,-0.6491,-0.9831
25,1,1992       ,0.3647,0.4550,-0.1162,-0.0037,-0.0206,0.5042,-0.4666,-0.2406,-1.3806
25,1,1993       ,0.2351,1.0683,0.7808,0.4919,-0.8220,-0.3944,-0.3316,-0.7146,-0.3532
25,1,1994       ,0.3160,0.2893,0.3087,0.8718,0.2048,-0.6302,0.0137,0.7845,-0.2438
25,1,1995       ,0.0676,-0.3170,-0.1459,0.6374,-0.5585,-0.1867,-0.4879,0.9601,-0.0306
25,1,1996       ,0.3150,0.7641,0.3739,0.6194,0.5815,-0.0405,-2.3648,-0.5351,-0.5229
25,1,1997       ,0.2760,-0.3418,-0.3111,0.2316,-1.3186,-0.6943,-0.8992,-0.6921,-2.3842
25,1,1998       ,0.1693,0.3261,0.8274,0.9359,0.4073,-0.1104,-0.7179,0.1826,-0.3482
25,1,1999       ,0.2045,0.1161,0.8996,0.2011,0.4290,-0.9451,-0.2328,-1.6637,-1.0152
25,1,2000       ,-0.0854,-0.3097,0.0452,0.7375,-0.7287,-1.2288,1.1977,-1.1093,-1.7795
25,1,2001       ,0.1814,-0.4167,-0.3176,0.7546,0.6368,-0.6579,-0.6977,-0.6960,-0.0289
25,1,2002       ,0.0414,-0.3457,-0.5410,0.3942,0.4370,-0.3079,-0.9507,0.0645,-1.0632
25,1,2003       ,0.0352,-0.1409,-0.4010,0.4334,0.0825,0.5469,-0.1965,0.0813,0.5420
25,1,2004       ,-0.2007,-0.2582,0.2566,0.9706,0.4648,0.9518,1.1337,1.9848,-1.4560
25,1,2005       ,-0.1066,-0.5742,-0.7792,0.4410,-0.0352,0.4265,-0.0340,-0.1024,0.8296
25,1,2006       ,-0.3865,-0.7418,-0.6389,0.1463,0.3814,0.4404,0.6405,-1.4281,1.0553
25,1,2007       ,0.1009,-0.2427,-0.2234,0.7697,0.7374,1.0046,0.7507,1.2319,0.4311
25,1,2008       ,-0.1454,-0.1194,-0.0242,0.5169,0.5537,-0.3550,0.1739,0.2981,0.3417
25,1,2009       ,0.4020,-0.2130,-0.1481,0.5611,0.0865,0.1979,-0.0793,0.7118,0.5711
25,1,2010       ,0.1546,-0.5235,-0.4487,0.3991,-0.1416,-0.2186,0.4923,-0.8224,1.1683
# Fleet no.: 2
# First and last year: 1996,2010
# First and last age: 1,9
# Species, Fleet, Year, , ,Age_1 ,Age_2 ,Age_3 ,Age_4 ,Age_5 ,Age_6 ,Age_7 ,Age_8 ,Age_9
      25,2,1996       ,-1.4284,-1.0342,-0.6473,-0.9331,-0.9678,-0.5326,-0.6882,-0.7081,-1.1998
25,2,1997  ,-99.9,-0.7209,-0.3907,-0.6917,-0.3379,-0.3682,-1.0814,0.1866,-0.1197
25,2,1998  ,-99.9,-0.4596,-0.1672,-0.7159,-0.1263,0.0905,-0.0077,0.3374,-0.0277
25,2,1999       ,-0.9887,-0.9032,-0.1291,-0.4241,-0.4455,0.6561,0.2302,0.5552,0.1971
25,2,2000       ,-0.6084,-0.2102,-0.2235,-0.6589,-0.2287,0.0138,0.6976,1.1658,0.0002
25,2,2001       ,-0.8874,-0.8043,-0.3540,-0.6821,-0.6522,-0.4197,-0.3093,0.5820,1.3869
25,2,2002       ,0.2068,0.1557,-0.4343,-0.4753,-0.1843,-0.2201,0.0974,0.7006,1.3083
25,2,2003       ,0.0215,0.2587,0.4368,-0.1964,0.2330,0.3353,0.4991,0.8072,1.4644
25,2,2004       ,-0.3700,0.5606,0.1332,0.2781,-0.0937,0.3237,0.2797,0.7366,0.9529
25,2,2005       ,0.2244,0.1235,0.3662,-0.3556,-0.1990,1.0819,0.5319,0.0942,1.6926
25,2,2006       ,0.1562,0.8742,0.2648,0.3654,-0.1211,0.1513,1.1592,0.5247,0.9241
25,2,2007       ,1.1344,0.4553,0.3210,0.1245,0.1276,0.3964,0.6907,1.6285,0.0390
25,2,2008       ,0.8089,0.7474,0.3657,0.1039,0.4019,0.8373,1.0599,1.3864,2.6052
25,2,2009       ,0.3790,0.6003,0.3451,-0.1733,0.0621,0.2982,0.4812,1.1511,1.1805
25,2,2010       ,1.3518,0.3567,0.1132,-0.3213,-0.2049,-0.3690,0.6342,0.6422,0.9639
# Fleet no.: 3
# First and last year: 1970,1981
# First and last age: 1,3
# Species, Fleet, Year, , ,Age_1 ,Age_2 ,Age_3
      25,3,1970       ,-0.5065,0.0647,1.0620
25,3,1971       ,0.2540,1.1777,-0.1346
25,3,1972       ,0.3279,0.6100,1.0738
25,3,1973       ,0.6192,-0.0112,0.4495
25,3,1974       ,-0.5698,-0.1320,0.2633
25,3,1975       ,-0.4551,-0.5259,1.1646
25,3,1976       ,-0.5484,-1.4066,-0.9778
25,3,1977       ,-0.1199,-0.8349,0.0548
25,3,1978       ,-0.2427,0.1110,-1.3600
25,3,1979       ,0.1966,0.1307,-0.0745
25,3,1980       ,0.9204,0.3754,-0.9960
25,3,1981       ,0.1242,0.4411,-0.5253
# Fleet no.: 4
# First and last year: 1982,1999
# First and last age: 1,3
# Species, Fleet, Year, , ,Age_1 ,Age_2 ,Age_3
      25,4,1982       ,0.2435,0.0613,-0.2340
25,4,1983       ,-0.0955,-0.1583,-1.7356
25,4,1984       ,0.2248,-0.0610,-0.1351
25,4,1985       ,-0.5214,0.2349,-0.2150
25,4,1986       ,-0.1794,-0.5865,-0.4696
25,4,1987       ,-0.4338,0.0432,-0.5966
25,4,1988       ,-0.3420,0.0121,0.9578
25,4,1989       ,-0.0869,0.2061,0.6358
25,4,1990       ,-0.3376,-0.3988,0.2064
25,4,1991       ,0.5674,0.1002,-0.2095
25,4,1992       ,0.4950,0.4353,0.3540
25,4,1993       ,0.2611,0.2019,-0.3309
25,4,1994       ,0.1811,0.0645,-0.3584
25,4,1995       ,-0.1367,-0.4950,-0.6838
25,4,1996       ,-0.1109,0.2812,0.5104
25,4,1997       ,0.0640,-0.3864,-0.8012
25,4,1998       ,0.0108,0.2696,1.6803
25,4,1999       ,0.1963,0.1759,1.4250
# Fleet no.: 5
# First and last year: 2000,2010
# First and last age: 1,3
# Species, Fleet, Year, , ,Age_1 ,Age_2 ,Age_3
      25,5,2000       ,0.2728,0.3014,0.9550
25,5,2001       ,0.1194,0.3556,0.2670
25,5,2002       ,0.0429,-0.0639,-0.1192
25,5,2003  ,-99.9,-99.9,-99.9
25,5,2004       ,0.0606,0.2931,0.6069
25,5,2005       ,-0.0691,-0.2295,-0.2344
25,5,2006       ,0.0648,0.0346,-0.1036
25,5,2007       ,-0.1843,0.1976,-0.8160
25,5,2008       ,-0.0585,-0.0528,0.1325
25,5,2009       ,-0.1154,-0.3165,-0.3744
25,5,2010       ,-0.1330,-0.5195,-0.3138
# Fleet no.: 6
# First and last year: 1981,2010
# First and last age: 0,1
# Species, Fleet, Year, , ,Age_0 ,Age_1
      25,6,1981       ,0.1675,1.0990
25,6,1982       ,0.2189,0.9662
25,6,1983       ,0.2528,0.7454
25,6,1984       ,-0.5149,0.5102
25,6,1985       ,-0.3881,0.0496
25,6,1986       ,-0.8866,0.2155
25,6,1987       ,0.0561,0.6045
25,6,1988       ,-0.1005,0.0846
25,6,1989       ,0.3135,0.4821
25,6,1990       ,0.4420,0.5801
25,6,1991       ,0.6331,0.8161
25,6,1992       ,0.8031,0.8392
25,6,1993       ,0.5680,0.7547
25,6,1994       ,0.5353,-0.0827
25,6,1995       ,-0.2602,-0.4460
25,6,1996       ,-0.3898,0.7837
25,6,1997       ,-0.7382,0.1169
25,6,1998  ,-99.9,-99.9
25,6,1999  ,-99.9,-99.9
25,6,2000       ,-0.0011,-1.8095
25,6,2001       ,-0.0559,-1.9278
25,6,2002       ,0.4349,-1.8851
25,6,2003       ,0.1854,-0.9830
25,6,2004       ,0.2465,-1.5137
25,6,2005       ,-0.4244,-99.9
25,6,2006       ,-0.2238,-99.9
25,6,2007       ,-0.4010,-99.9
25,6,2008       ,-0.3969,-99.9
25,6,2009       ,0.0385,-99.9
25,6,2010       ,-0.1142,-99.9
######################################################
# Species: 26
# No. of fleets: 3
# Fleet no.: 1
# First and last year: 2001,2010
# First and last age: 2,9
# Species, Fleet, Year, , ,Age_2 ,Age_3 ,Age_4 ,Age_5 ,Age_6 ,Age_7 ,Age_8 ,Age_9
      26,1,2001       ,-0.2339,-0.4167,0.0073,-0.0324,-0.6499,-0.6204,-0.6280,-0.6690
26,1,2002       ,-0.1665,-0.0308,-0.1099,0.0653,-0.0145,-0.2776,-0.0460,-0.7018
26,1,2003       ,-0.1302,-0.0838,0.0234,-0.1064,0.1541,-0.1762,-0.1668,-1.1263
26,1,2004       ,0.0094,0.0895,-0.0427,-0.0164,-0.2988,-0.5281,-0.7056,0.0794
26,1,2005       ,-0.3118,0.0687,0.0930,0.2365,-0.2746,0.0575,-0.7526,-0.0024
26,1,2006       ,0.1042,0.0197,-0.0223,0.0601,-0.2406,-0.1717,0.2962,-0.0184
26,1,2007       ,0.1725,-0.0545,0.0419,0.0313,-0.0821,-0.6714,-0.6581,-0.5396
26,1,2008       ,0.1035,0.2840,0.1824,0.3383,0.1445,0.1069,-0.0956,-0.1668
26,1,2009       ,0.3297,0.0890,0.1757,0.0665,0.1741,0.1723,-0.1793,-0.9518
26,1,2010       ,0.1231,0.0349,0.0476,-0.0278,-0.1750,0.0735,-0.1880,0.1134
# Fleet no.: 2
# First and last year: 1985,2010
# First and last age: 1,9
# Species, Fleet, Year, , ,Age_1 ,Age_2 ,Age_3 ,Age_4 ,Age_5 ,Age_6 ,Age_7 ,Age_8 ,Age_9
      26,2,1985       ,-0.5197,-0.0267,-0.1226,0.5643,0.3188,0.1138,-0.0018,-1.9085,-2.9619
26,2,1986       ,-0.9311,-0.5278,-0.2899,0.0479,0.3799,-0.3679,0.1557,-0.5729,-0.1000
26,2,1987       ,-0.2449,-0.0955,-0.3774,0.1475,0.3106,0.0522,0.5225,-0.3250,-0.5622
26,2,1988       ,0.2562,0.6159,-0.4780,0.4390,-0.6747,-0.4293,0.0662,0.1966,-1.2776
26,2,1989       ,-0.4726,0.3187,0.6418,1.2964,0.6816,-0.0404,0.5667,-2.7617,-0.0608
26,2,1990       ,0.3020,0.7813,0.2342,0.2467,0.5967,1.3910,0.4113,0.2842,-0.6907
26,2,1991       ,-0.9136,0.2925,0.5735,0.2653,-0.8445,-0.8362,-0.5163,-0.0117,-1.3380
26,2,1992       ,0.5204,1.0567,0.3493,0.8469,0.1909,-0.5758,-0.0261,0.2826,-0.2373
26,2,1993       ,-0.3645,0.1328,-0.6665,1.0045,1.8412,1.6117,-1.2955,-0.0803,0.4988
26,2,1994       ,0.1512,0.0225,0.4793,-1.7122,0.5428,-1.0562,0.4581,-1.5922,-2.7710
26,2,1995       ,0.8833,0.5168,0.9948,0.4588,0.1133,0.5817,0.9109,0.8062,0.5143
26,2,1996       ,-0.6381,-0.1221,0.2239,1.1471,0.6038,0.8237,0.6128,-0.1905,0.4867
26,2,1997       ,1.6866,-0.1437,0.1144,0.7229,1.1499,-0.3913,0.4496,-1.0212,0.3805
26,2,1998       ,0.1604,0.1527,0.0484,0.6625,-0.7314,-1.8533,0.4210,-1.7753,-2.7479
26,2,1999       ,0.2169,0.5095,0.7506,0.3067,1.9560,1.5690,1.6086,1.5844,-1.5576
26,2,2000       ,0.0764,-0.1579,0.1673,-0.1858,0.3703,0.1979,0.7089,-1.0997,0.9217
26,2,2001       ,0.0983,-0.0281,-0.0508,0.6484,-0.0836,-0.0242,-0.3364,0.6908,-1.2030
26,2,2002       ,-0.0738,-0.2810,0.0184,0.4132,-0.0298,0.0565,-0.1453,0.9528,-0.8768
26,2,2003       ,0.0622,-0.5547,0.2814,0.6123,0.2460,0.0365,0.6046,-1.3764,0.3396
26,2,2004       ,-0.3577,-0.5573,-0.5064,0.2288,0.3347,-0.1691,-0.3009,-0.2696,-1.2867
26,2,2005       ,-0.1608,-0.2992,-0.0713,-0.2131,-0.4116,-0.2596,0.0507,-0.0946,-2.8569
26,2,2006       ,-0.6284,-0.7744,-1.7462,-0.0161,-0.5300,0.1713,-0.2923,-2.0987,-1.4140
26,2,2007       ,-0.2092,-0.2497,-0.2221,0.1457,-0.2457,0.1633,-0.8768,-2.0730,-2.1102
26,2,2008       ,0.2092,0.2133,0.2672,0.7937,-0.2706,0.1506,-0.3339,-0.5316,0.0270
26,2,2009       ,0.0492,-0.6725,0.0187,0.4007,-0.4014,-0.4001,0.5453,-0.8782,-2.3706
26,2,2010       ,0.8419,-0.1224,-0.6322,-0.2316,-0.5064,-0.5342,-0.0128,-3.0732,-1.5739
# Fleet no.: 3
# First and last year: 1970,2010
# First and last age: 1,4
# Species, Fleet, Year, , ,Age_1 ,Age_2 ,Age_3 ,Age_4
      26,3,1970       ,0.8010,0.8274,0.7837,-0.2187
26,3,1971       ,0.1433,0.9584,0.5045,-0.6315
26,3,1972       ,-0.0692,0.1618,-0.0538,-99.9
26,3,1973       ,0.8761,0.7332,0.5468,-0.7772
26,3,1974       ,0.1428,-0.6177,-0.3567,-99.9
26,3,1975       ,-0.5926,0.3855,0.2342,-0.9398
26,3,1976       ,-0.4352,-1.3225,0.5850,-0.9863
26,3,1977       ,0.3413,0.1923,0.5040,-0.4825
26,3,1978       ,0.4416,0.5710,0.7843,-0.1374
26,3,1979       ,-1.1316,0.3493,0.6309,0.1583
26,3,1980       ,0.3917,0.0569,0.5972,-0.2655
26,3,1981       ,0.1748,0.5179,1.0460,-0.3987
26,3,1982       ,0.7155,0.2523,0.3090,-0.1707
26,3,1983       ,-0.1210,0.3141,-0.3982,-0.6830
26,3,1984       ,0.4781,-99.9,0.7012,-0.0984
26,3,1985       ,0.6554,0.4929,0.0331,-0.3697
26,3,1986       ,0.2481,-0.1300,-0.1573,-0.8059
26,3,1987       ,0.3190,0.1283,-0.4810,-0.5728
26,3,1988       ,0.0936,0.3797,0.5060,0.4759
26,3,1989       ,0.2083,0.5109,0.8505,-0.5075
26,3,1990       ,-0.4428,0.4946,0.2476,0.7370
26,3,1991       ,-0.2431,0.6612,1.1767,0.4856
26,3,1992       ,0.3656,-1.1828,0.1763,0.8396
26,3,1993       ,-0.1184,0.4234,0.3780,0.3201
26,3,1994       ,-0.4733,0.1714,0.6404,-1.6528
26,3,1995       ,-0.3052,-0.3090,0.4174,0.5000
26,3,1996       ,-1.7022,-0.3822,-0.7002,-0.1275
26,3,1997       ,0.7240,-0.7930,0.5861,0.0082
26,3,1998       ,0.5698,0.7990,0.7092,0.7385
26,3,1999       ,0.0747,0.3834,0.4277,-1.1719
26,3,2000       ,-0.2709,-1.2241,0.2155,-0.1025
26,3,2001       ,-0.1722,0.0618,0.1655,-0.5367
26,3,2002       ,0.7426,0.1250,0.3587,-99.9
26,3,2003  ,-99.9,-99.9,-99.9,-99.9
26,3,2004       ,0.3631,0.3024,0.4872,0.5506
26,3,2005       ,-0.5981,-0.5284,0.1828,-99.9
26,3,2006       ,-0.6249,-0.9711,-0.9767,-0.6451
26,3,2007       ,-0.5483,-0.5204,-0.8425,0.0235
26,3,2008       ,-0.4457,-0.5568,-0.2150,-99.9
26,3,2009       ,-0.2225,-0.5638,-0.6603,-0.9393
26,3,2010       ,-0.3531,-1.1523,-0.9005,-0.6592
