#  log(Observed catch)- log(Expected catch)
# Species,Quarter,Year, Age_0, Age_1, Age_2, Age_3, Age_4, Age_5, Age_6, Age_7, Age_8, Age_9
21,1,1974     ,0.3350,-0.3211,-1.1402,-0.2182,-0.3198,0.4967,-0.2538,0.0227,-1.1153
21,1,1975     ,1.4555,-0.6455,-1.5103,-1.6477,-0.6102,-0.6483,-0.0378,-0.2936,0.1537
21,1,1976     ,-1.6859,0.2709,-0.0249,0.1025,-0.6686,-3.1689,-2.1402,-1.2310,-99.9
21,1,1977     ,1.7823,0.4038,3.3124,2.1317,1.9918,1.6239,1.9987,1.6992,-99.9
21,1,1978     ,1.7914,-1.4947,-0.7122,-0.6861,-99.9,-99.9,1.1634,2.1412,-99.9
21,1,1979     ,1.9734,-99.9,-1.4097,-1.1560,-0.9741,-99.9,-99.9,-99.9,-99.9
21,1,1980     ,0.4254,0.3279,1.2486,0.5722,1.3300,-1.8592,-99.9,-99.9,-99.9
21,1,1981     ,-1.0182,-0.5324,-1.9046,-3.3333,-2.2606,-0.7011,-99.9,-99.9,-99.9
21,1,1982     ,-1.1955,1.2680,2.4948,0.9915,0.9687,0.9649,1.1367,1.3821,0.5457
21,1,1983     ,-0.9084,-0.2717,-0.7449,0.0056,-0.6379,-1.4606,-1.6530,-2.1361,-99.9
21,1,1984     ,0.0180,-0.5332,-0.0416,-0.0451,0.1085,-0.0447,-0.5929,0.3592,-0.1248
21,1,1985     ,1.5234,-1.1438,0.3375,0.5085,0.4975,0.1921,1.1465,0.6704,0.3464
21,1,1986     ,0.2355,0.3137,0.7599,0.7870,0.7690,1.2050,0.9310,2.1204,1.7054
21,1,1987     ,1.6219,0.2245,0.6711,0.8087,0.7627,0.4112,0.1592,0.4951,0.4182
21,1,1988     ,0.2499,-0.5164,0.2232,0.8165,1.1421,1.0464,1.1904,0.9573,0.8343
21,1,1989     ,-1.0771,0.4919,0.3165,0.5152,0.3577,0.2446,0.3821,-0.0705,0.3338
21,1,1990     ,1.1617,-0.1662,-0.2103,0.2335,0.4565,-0.3255,0.0164,0.0752,-1.8128
21,1,1991     ,-1.4988,0.1287,-0.1807,0.1588,0.3747,0.1044,0.1820,-0.1514,-1.2297
21,1,1992     ,-1.7288,0.7483,-0.4307,-0.2411,0.0575,0.3059,-0.2815,-0.1024,-1.2774
21,1,1993     ,1.6181,0.3293,-0.4766,-0.6074,-0.6644,-0.8583,-0.3628,-0.2835,-2.8624
21,1,1994     ,-0.0795,-0.3576,-0.7680,0.0814,-1.1245,-0.7022,-0.2064,-0.1170,-0.0052
21,1,1995     ,-0.6698,-1.2022,0.0475,-0.5651,-0.4879,-1.3126,-1.1786,-0.5993,-1.6816
21,1,1996     ,2.1071,-0.2295,0.8837,0.3414,0.6083,0.7933,-0.1061,0.3448,-3.0357
21,1,1997     ,-1.8803,-1.0214,0.0071,0.5587,-0.0745,0.0864,-0.4588,1.5715,-3.5342
21,1,1998     ,2.5311,-0.5886,-0.1881,-0.5951,-0.8171,0.5108,-0.0554,1.2189,-2.0318
21,1,1999     ,0.7406,-0.5181,-0.0710,0.2455,-0.2858,0.0389,-0.1681,-0.8452,-99.9
21,1,2000     ,-0.0763,-0.5613,-0.9327,-0.2584,-0.5754,-1.1290,-1.4849,-1.7453,-99.9
21,1,2001     ,1.4240,0.0629,0.3698,0.2404,0.1990,0.3172,-0.0263,-0.5013,-2.7917
21,1,2002     ,0.2992,1.0156,-0.0294,0.0203,-0.7750,-0.0058,-0.0593,0.1178,0.0288
21,1,2003     ,1.4262,-0.7577,-0.1804,0.2551,0.2926,0.0226,0.3981,0.7500,-3.2679
21,1,2004     ,-1.0616,0.5436,-0.1979,0.3075,0.1185,0.4947,0.6740,-0.3164,-1.7147
21,1,2005     ,0.9308,0.9269,-0.1913,0.1554,-0.0161,0.1126,-0.0778,0.0091,-2.9144
21,1,2006     ,1.1662,0.6153,0.4013,0.2537,0.0709,-0.1796,-0.2869,0.3483,-0.4522
21,1,2007     ,0.5777,0.8065,0.2999,0.3241,0.1069,0.1687,0.4518,0.8495,-2.2010
21,1,2008     ,0.3128,1.3083,-0.2556,-0.3017,0.1845,-1.0804,-0.4739,-1.2694,-2.3658
21,1,2009     ,0.6998,0.2292,0.3327,0.7267,0.6207,-0.6435,0.7335,0.5003,-0.4056
21,1,2010     ,0.6691,0.7948,0.5213,0.6385,-0.0955,-0.9851,0.4516,0.6738,-1.1405
21,1,2011     ,0.0728,0.9775,0.1154,0.0655,0.8686,0.8932,0.5930,2.3697,0.4394
21,1,2012     ,0.8806,0.0193,0.7609,-0.5396,-0.8667,-0.1775,-0.6756,-0.3382,-0.8854
21,1,2013     ,-0.4176,0.3400,-0.1780,0.4969,-0.7825,-0.0140,0.5576,1.1590,0.2300
21,1,2014     ,-3.1457,0.1595,-0.2799,-0.0573,-0.1322,-0.6765,-0.3066,-0.1973,-0.5535
21,1,2015     ,-0.1145,0.2281,-0.3041,0.0875,0.1508,0.5967,-0.1244,-0.0777,0.4119
21,1,2016     ,0.1840,-0.7254,-0.6457,-0.8466,-1.0418,-0.4866,-0.6414,-0.7430,-0.7786
# Species,Quarter,Year, Age_0, Age_1, Age_2, Age_3, Age_4, Age_5, Age_6, Age_7, Age_8, Age_9
21,2,1974     ,-1.9146,-0.7546,-0.3962,-0.2555,0.0445,-0.4523,0.2622,-1.2155,-99.9
21,2,1975     ,-0.4761,-0.2527,0.1851,0.3455,0.6503,-0.0780,0.6326,0.8512,-0.0233
21,2,1976     ,-1.0163,0.6539,-0.1700,0.3338,0.1568,-0.6260,0.3074,0.0126,-0.6291
21,2,1977     ,1.6680,0.5199,-0.0978,-0.5679,0.9567,0.8506,-99.9,1.4491,-99.9
21,2,1978     ,2.4569,0.8775,0.5011,1.2893,-99.9,1.0614,-99.9,-99.9,-99.9
21,2,1979     ,0.9745,1.0202,-0.6030,0.4517,0.9102,0.4707,-99.9,-99.9,-99.9
21,2,1980     ,-0.7690,-0.9116,0.2251,0.6411,0.5776,-1.0862,0.2126,-99.9,-99.9
21,2,1981     ,-0.0442,-1.1941,-2.5879,-99.9,-99.9,0.5390,-99.9,-99.9,-99.9
21,2,1982     ,-2.2162,-1.0499,-0.0434,-0.7361,-1.1547,-99.9,-99.9,-99.9,-99.9
21,2,1983     ,-0.6499,-0.1799,-0.3794,-0.2308,0.0365,0.3480,0.9931,0.8710,0.6014
21,2,1984     ,-0.2755,0.3598,0.4206,0.6243,0.8208,0.1809,0.7700,-0.6517,0.2958
21,2,1985     ,-1.8493,-0.2209,0.7823,0.7567,0.6285,0.7598,0.6934,0.5126,0.9328
21,2,1986     ,-0.5847,0.6243,-0.2424,0.0497,0.2125,-0.1651,0.4485,0.4703,-0.2102
21,2,1987     ,-0.3232,-0.2856,-0.1201,0.2069,0.2555,0.4239,0.2564,0.4864,0.1859
21,2,1988     ,0.5698,-0.4257,-0.5180,-0.0602,-0.0472,-0.1147,-0.0354,0.0370,-0.2689
21,2,1989     ,-1.6264,-0.2440,-0.0418,0.3841,-0.1348,0.0841,-0.0481,-0.3019,-0.8424
21,2,1990     ,0.2131,0.0123,-0.5725,-0.2027,-0.1090,-0.2247,0.0096,-0.1620,-0.4501
21,2,1991     ,0.6699,0.8319,-0.1696,-0.1132,0.1729,0.1407,-0.7655,0.0696,-0.0823
21,2,1992     ,0.5219,0.2685,-0.2056,-0.1522,-0.2326,0.0251,0.1704,0.1355,-1.1578
21,2,1993     ,0.4013,-0.1092,-0.2139,-0.0549,-0.0732,0.0954,0.2244,-0.0365,-0.2166
21,2,1994     ,-0.5083,0.8367,0.2641,-0.0141,-0.0758,-0.2184,-0.2354,-0.1175,-1.1774
21,2,1995     ,0.1063,-0.0921,-0.3809,-0.3178,0.0107,-0.6393,-0.3597,0.2123,-1.2352
21,2,1996     ,0.9310,0.4916,0.7584,-0.2166,-0.3450,-0.2098,-1.6966,-99.9,-1.6830
21,2,1997     ,-0.1595,0.6749,0.2821,0.1523,-0.2590,0.2147,0.4233,-0.1113,-1.7789
21,2,1998     ,0.3375,0.2377,-0.3978,-0.6982,-1.5786,-1.5988,-1.1534,-0.5723,-99.9
21,2,1999     ,1.3996,0.9050,-0.0230,-0.3826,-0.8857,-1.0253,-0.9778,-0.6750,-2.4181
21,2,2000     ,0.7472,0.8827,0.1549,0.0056,-0.3024,-0.6049,-1.1948,-1.4755,-1.3214
21,2,2001     ,0.4198,0.1075,0.9280,0.0577,-0.0643,0.2533,0.2801,-0.7197,-1.2833
21,2,2002     ,-0.1938,0.1672,-0.1832,0.4705,-0.6855,-0.6793,-0.4209,-0.1263,-1.0856
21,2,2003     ,-0.3582,-0.4177,-0.3052,-0.0274,0.5436,-0.0006,0.2803,0.5509,-0.1763
21,2,2004     ,-0.4092,0.3078,-0.2478,-0.2580,-0.3046,0.3471,-0.2759,-0.6660,-0.4499
21,2,2005     ,0.2315,0.3888,0.2014,0.2846,-0.1416,0.1485,0.5534,0.1462,-0.8864
21,2,2006     ,-0.8644,0.1070,0.4408,0.6069,0.3270,0.2358,0.1949,1.0301,-0.1367
21,2,2007     ,-1.0888,0.1941,1.0057,1.0935,0.3110,0.9196,0.4830,0.1413,-0.6474
21,2,2008     ,0.0646,1.0329,0.3876,0.7874,0.5909,-0.1009,0.6699,-0.0117,-0.7284
21,2,2009     ,-1.3173,1.4268,0.5016,-0.2884,0.0824,-0.1295,-1.2463,0.0373,-1.1796
21,2,2010     ,0.5683,0.9013,0.6274,0.0224,-0.8521,-0.1952,-0.4647,0.4646,-0.1200
21,2,2011     ,-2.4912,0.4895,0.5578,0.5083,-0.0647,-0.2575,-0.0639,0.2478,-0.0588
21,2,2012     ,0.1085,0.4044,0.2434,0.5255,0.1249,-0.0992,0.0414,-0.1144,-0.3248
21,2,2013     ,0.4004,0.4310,-0.0863,-0.0701,0.2149,0.0745,-0.0612,0.7985,0.1408
21,2,2014     ,-0.2378,0.6048,0.5095,0.6107,-0.3534,0.8264,0.5975,-0.1693,0.2553
21,2,2015     ,0.2217,-0.4902,-0.5346,-0.3154,-0.1009,-0.0905,0.9956,1.1342,0.5845
21,2,2016     ,-0.4183,-0.6715,0.1356,-0.1668,-0.3929,0.4669,0.4936,1.4619,1.0509
# Species,Quarter,Year, Age_0, Age_1, Age_2, Age_3, Age_4, Age_5, Age_6, Age_7, Age_8, Age_9
21,3,1974     ,-0.1444,-0.0152,0.6335,0.6944,1.0106,1.3565,1.4322,0.4459,0.9533,0.6419
21,3,1975     ,-0.9091,-0.1457,-0.6103,0.2856,0.5353,0.3321,0.2589,0.6461,0.3650,-0.3664
21,3,1976     ,0.1198,-1.3237,0.7673,0.1923,0.9495,0.8407,-0.2332,1.0030,0.2382,0.0020
21,3,1977     ,0.9509,0.1472,-2.2567,-2.3820,-2.2912,-1.8091,-2.2661,-99.9,-99.9,-99.9
21,3,1978     ,-0.1300,0.8579,-1.3491,-0.0448,-0.0463,-0.1590,-99.9,-99.9,-99.9,-99.9
21,3,1979     ,-0.9059,1.3806,0.3669,-1.3022,0.5846,-0.5014,-0.2553,0.2359,-99.9,-99.9
21,3,1980     ,-0.9119,0.6949,-1.3660,-0.4475,-0.4561,-99.9,-99.9,1.2728,-99.9,-99.9
21,3,1981     ,0.5292,0.9171,0.0942,0.4921,-1.0937,0.1808,0.0650,-0.6113,1.3300,-99.9
21,3,1982     ,0.8480,0.8238,0.6952,-0.3144,-0.2991,-1.3660,-0.9700,-99.9,-99.9,-99.9
21,3,1983     ,1.7222,1.1683,-0.7890,-0.9010,-0.8690,-0.6323,-0.4165,-0.1784,0.0537,0.4629
21,3,1984     ,0.6426,-0.3189,-0.5486,-0.4279,-0.2797,-0.5031,0.0548,0.3653,0.4907,0.2857
21,3,1985     ,-0.3124,0.4592,-0.1545,0.0385,-0.1926,-0.2859,-0.4060,0.1885,-0.3634,-0.1269
21,3,1986     ,-0.4742,0.6214,-0.2324,-0.1744,-0.3521,-0.3664,-0.1192,-0.7096,-0.1816,-1.4010
21,3,1987     ,-0.7945,-0.7533,-0.5327,-0.3366,-0.3623,-0.0434,0.0221,0.1177,-0.4451,0.1768
21,3,1988     ,-0.0504,1.7823,-0.0618,-0.3985,-0.3713,-0.2642,0.0133,-0.0355,0.5012,0.0412
21,3,1989     ,0.2931,1.7670,-0.0604,0.1439,0.1858,0.3297,0.4060,0.3886,0.7382,0.0444
21,3,1990     ,-0.4854,1.3658,-0.5030,-0.2017,0.3836,0.3821,0.2692,0.4039,0.5840,0.7773
21,3,1991     ,0.0054,1.0661,0.1790,-0.3208,-0.1046,0.2488,0.1757,-0.1962,0.0059,-0.2319
21,3,1992     ,1.0545,1.0699,-0.6895,-0.5126,-0.4568,-0.0145,0.4856,0.3867,0.4420,-0.0039
21,3,1993     ,0.6996,-1.5154,-0.3784,-0.6527,-0.3208,-0.2838,0.2333,0.3734,0.3753,0.6014
21,3,1994     ,0.2273,0.1418,0.2314,-0.0026,-0.1482,-0.1352,-0.0471,0.0734,0.5499,0.5829
21,3,1995     ,0.5679,-0.4626,-0.0354,0.1317,0.0497,-0.1647,0.2236,0.1873,0.9953,0.1276
21,3,1996     ,-0.8288,-3.9664,-0.1106,0.2048,0.1953,0.3637,-0.0678,0.1338,0.7553,-0.7362
21,3,1997     ,-1.4144,-1.8240,-0.5585,-0.5613,0.3815,0.6354,0.2031,-0.2390,0.2072,-0.0458
21,3,1998     ,-1.4976,0.3012,0.5142,0.0121,-0.0741,0.1049,0.0012,-0.6301,-0.2031,-1.2256
21,3,1999     ,0.1994,-1.7176,0.3220,0.6324,-0.1406,-0.2400,0.1728,-0.0957,0.4881,-1.2038
21,3,2000     ,-0.0420,0.3537,0.4770,0.3094,0.2517,-0.3147,-0.1495,0.0068,0.1746,-1.2923
21,3,2001     ,-0.4623,0.0958,-0.1447,0.0056,-0.1708,0.0849,0.0505,0.1483,0.6545,-1.1887
21,3,2002     ,-0.2881,-0.7927,-0.4820,-0.1189,-0.1991,-0.3828,0.0102,0.0421,0.5867,-1.0849
21,3,2003     ,-1.1862,-0.6390,-0.2720,0.0230,0.0467,-0.1105,-0.3366,0.1221,0.1269,-0.8873
21,3,2004     ,-0.4793,-0.2507,-0.7281,-0.2965,0.2143,0.0996,0.1165,0.3627,0.2289,-0.5907
21,3,2005     ,0.4476,0.1029,-0.9667,-0.4214,-0.3813,0.1491,0.3074,0.3740,0.7561,0.2400
21,3,2006     ,0.5328,-0.3219,-0.3454,-0.1969,0.0326,-0.0623,0.4756,0.4729,0.6404,0.0448
21,3,2007     ,-0.5998,0.1538,-0.1925,0.1889,0.1980,0.2354,0.3623,0.6118,0.4055,-0.2800
21,3,2008     ,0.7366,-0.0374,0.1865,0.4113,0.0521,-0.2531,-0.0057,0.1281,0.8041,-0.2448
21,3,2009     ,0.9866,0.7580,-0.2600,-0.4681,0.2277,-0.3953,-0.3166,0.4321,0.5738,0.1188
21,3,2010     ,0.5133,0.0069,-0.4358,-0.5425,-0.2901,0.0849,-0.3254,-0.1368,0.5221,-0.4123
21,3,2011     ,1.0880,-1.2902,0.2915,-0.0459,-0.3039,-0.4763,-0.1060,-0.1783,0.0861,-0.7538
21,3,2012     ,0.0661,-0.0429,-0.1573,0.2596,-0.0511,-0.0670,0.0740,0.4733,0.7350,-0.1013
21,3,2013     ,-0.3839,0.7336,-0.2106,-0.0131,0.0651,-0.0379,0.1614,0.3504,0.8570,-0.3259
21,3,2014     ,0.2640,0.1838,0.0134,0.2642,0.4559,0.1029,-0.0061,0.2579,0.5923,0.0266
21,3,2015     ,-0.0290,-1.1762,-0.5920,-0.4667,0.1642,0.2797,0.6027,0.5658,0.5417,0.3741
21,3,2016     ,0.3109,-0.1802,-0.2683,0.0981,-0.0181,0.3713,0.6329,0.8897,0.7133,0.4474
# Species,Quarter,Year, Age_0, Age_1, Age_2, Age_3, Age_4, Age_5, Age_6, Age_7, Age_8, Age_9
21,4,1974     ,0.1490,0.8700,0.1897,0.1801,0.0099,-0.3062,-1.2686,-0.6370,-99.9,-0.6891
21,4,1975     ,-1.0066,0.6028,0.8074,0.6062,-0.1441,-0.3523,-0.0636,-0.5319,-1.2996,-99.9
21,4,1976     ,-0.3658,0.2996,1.4560,1.4917,0.1396,0.0201,0.4070,-1.7024,-0.7932,-99.9
21,4,1977     ,1.4205,0.8792,-0.4953,-0.7767,-0.6035,-1.2215,-99.9,-99.9,-99.9,0.7828
21,4,1978     ,0.1869,-0.8295,-0.8666,-0.1190,-0.5247,-1.2672,-1.4645,-99.9,-99.9,1.3450
21,4,1979     ,0.6683,-1.5977,0.2530,0.3226,-0.0355,-1.0927,-99.9,0.3803,0.4106,-0.8582
21,4,1980     ,-0.6288,-1.8053,1.5917,1.1944,0.7451,1.1429,-0.6026,-0.3591,-0.4373,-2.1051
21,4,1981     ,-1.5544,-1.7436,0.8392,0.4541,-0.0986,0.9743,0.9538,1.2391,1.1953,-0.5941
21,4,1982     ,-0.3142,-0.4356,0.1401,1.0626,0.0672,-0.3436,-0.0706,0.4848,-0.3345,-0.9915
21,4,1983     ,0.8660,0.2439,0.4144,0.3826,0.5755,0.1628,-0.4356,-0.3956,-0.0829,-0.7622
21,4,1984     ,0.3002,0.2093,-0.4515,-0.4800,-0.5271,-0.1396,-0.2884,-1.2497,-0.2440,-0.0345
21,4,1985     ,-2.8351,-0.6635,0.0982,-0.3294,-0.4108,-0.7158,-0.3742,-0.2233,-0.9187,-0.9200
21,4,1986     ,-2.7481,0.8583,-0.2130,0.0325,-0.1682,-0.5409,-0.1664,0.0739,0.7401,-0.5307
21,4,1987     ,1.7114,0.9280,0.5113,0.0043,-0.0342,-0.3334,0.0540,-0.4566,-0.5753,-0.8556
21,4,1988     ,0.1949,0.6901,0.2004,0.2886,-0.0639,-0.1211,-0.3564,-0.5988,-1.2196,-0.8350
21,4,1989     ,0.1401,-0.1236,0.0477,0.1390,0.5695,0.4587,0.4438,0.3025,0.3437,0.0632
21,4,1990     ,-0.0498,0.9451,0.2563,0.1211,0.2138,0.2824,-0.1803,-0.0377,-0.3248,-1.3816
21,4,1991     ,0.4782,0.7794,0.0390,-0.0478,-0.1750,0.0069,0.2474,-0.2891,-0.2691,-1.0751
21,4,1992     ,0.3425,0.1486,0.4827,-0.3272,-0.2895,-0.2621,0.1947,0.4382,-0.0993,-0.2609
21,4,1993     ,0.6206,-0.1027,0.1456,0.5057,-0.2402,-0.1766,-0.0221,0.1326,0.5624,-0.0804
21,4,1994     ,-0.0359,-0.8297,-0.1499,0.0071,0.7616,-0.3381,0.1684,-0.0672,-0.0330,0.1524
21,4,1995     ,0.5878,0.2501,0.3630,0.3204,0.2249,0.4383,0.0616,0.2208,0.8984,-0.2771
21,4,1996     ,1.3033,-0.5300,0.3784,0.3670,0.0290,0.0919,-0.2960,-0.3776,1.2690,-1.7169
21,4,1997     ,-0.2960,-0.5776,0.4121,0.6958,-0.0185,-0.5259,0.0069,-0.2434,1.3853,-3.1747
21,4,1998     ,-0.5209,-0.6176,0.3939,0.5074,0.1974,-0.1522,-0.2520,-0.9145,-0.0466,-2.6164
21,4,1999     ,-1.0498,-0.4753,0.4863,0.7556,0.4036,-0.0685,-0.4969,-0.2420,-0.9403,-99.9
21,4,2000     ,-0.2719,-0.2480,0.3776,-0.1049,0.2732,0.3497,0.2078,0.1128,-0.5866,-4.1379
21,4,2001     ,-0.2163,-0.4238,-0.6142,0.6864,0.2358,-0.7501,-1.1425,-1.0724,-2.8298,-99.9
21,4,2002     ,-0.3555,-0.1097,0.0300,0.4109,0.6308,-0.1968,0.1655,0.1118,0.8261,-0.3789
21,4,2003     ,0.1538,0.6685,-0.0782,-0.0888,-0.0764,0.0554,-0.2500,-0.3324,-0.5267,-1.6308
21,4,2004     ,0.5428,0.2558,-1.1240,0.0403,0.0165,0.1230,0.5080,0.3824,0.0710,0.8902
21,4,2005     ,0.5870,1.2915,-0.7589,-1.0550,-0.4643,-0.1899,0.1918,0.4358,0.7377,0.2221
21,4,2006     ,-0.0695,0.0265,0.0763,-0.1796,-0.3815,-0.0830,0.2010,0.2937,0.5922,0.0275
21,4,2007     ,0.5781,0.4751,-0.6456,-0.0817,0.1691,-0.1521,0.2564,0.8055,0.7619,0.0325
21,4,2008     ,-0.0010,0.4730,-0.5116,-0.5683,-0.2920,0.2444,0.3967,0.1692,1.2687,0.4642
21,4,2009     ,0.1579,0.1337,0.1589,-0.5817,-0.0010,-0.2510,0.2363,0.1664,0.7329,0.4268
21,4,2010     ,0.0967,0.6523,0.0356,-0.1454,-0.4026,-0.2751,-0.0107,-0.0990,0.4434,-0.4066
21,4,2011     ,0.8650,0.9912,-0.7620,-0.0607,0.1106,-0.1128,-0.4183,-0.0486,0.7176,0.0416
21,4,2012     ,0.4754,0.8012,0.0349,-0.4402,-0.1483,-0.3593,-0.1245,0.5312,0.1859,0.3067
21,4,2013     ,-1.3676,0.4838,-0.3800,-0.3466,-0.3821,0.1551,0.6219,0.1640,1.3940,0.7110
21,4,2014     ,-0.1000,0.0432,-0.6058,-0.1660,-0.0315,0.2362,0.2304,0.5068,0.6056,0.5329
21,4,2015     ,0.9353,-0.4441,0.1395,-0.6679,-0.3522,-0.0745,0.4041,0.9081,0.9119,0.8134
21,4,2016     ,-0.1553,-1.7988,-0.5451,0.3792,-0.1330,0.3176,0.6736,0.9584,1.1187,0.6621
# Species,Quarter,Year, Age_0, Age_1, Age_2, Age_3, Age_4
22,1,1974,-99.9,-99.9,-99.9,-99.9
22,1,1975,-99.9,-99.9,-99.9,-99.9
22,1,1976,-99.9,-99.9,-99.9,-99.9
22,1,1977,-99.9,-99.9,-99.9,-99.9
22,1,1978,-99.9,-99.9,-99.9,-99.9
22,1,1979,-99.9,-99.9,-99.9,-99.9
22,1,1980,-99.9,-99.9,-99.9,-99.9
22,1,1981,-99.9,-99.9,-99.9,-99.9
22,1,1982,-99.9,-99.9,-99.9,-99.9
22,1,1983,-99.9,-99.9,-99.9,-99.9
22,1,1984,-99.9,-99.9,-99.9,-99.9
22,1,1985,-99.9,-99.9,-99.9,-99.9
22,1,1986,-99.9,-99.9,-99.9,-99.9
22,1,1987,-99.9,-99.9,-99.9,-99.9
22,1,1988,-99.9,-99.9,-99.9,-99.9
22,1,1989,-99.9,-99.9,-99.9,-99.9
22,1,1990,-99.9,-99.9,-99.9,-99.9
22,1,1991,-99.9,-99.9,-99.9,-99.9
22,1,1992,-99.9,-99.9,-99.9,-99.9
22,1,1993,-99.9,-99.9,-99.9,-99.9
22,1,1994,-99.9,-99.9,-99.9,-99.9
22,1,1995,-99.9,-99.9,-99.9,-99.9
22,1,1996,-99.9,-99.9,-99.9,-99.9
22,1,1997,-99.9,-99.9,-99.9,-99.9
22,1,1998,-99.9,-99.9,-99.9,-99.9
22,1,1999,-99.9,-99.9,-99.9,-99.9
22,1,2000,-99.9,-99.9,-99.9,-99.9
22,1,2001,-99.9,-99.9,-99.9,-99.9
22,1,2002,-99.9,-99.9,-99.9,-99.9
22,1,2003,-99.9,-99.9,-99.9,-99.9
22,1,2004,-99.9,-99.9,-99.9,-99.9
22,1,2005,-99.9,-99.9,-99.9,-99.9
22,1,2006,-99.9,-99.9,-99.9,-99.9
22,1,2007,-99.9,-99.9,-99.9,-99.9
22,1,2008,-99.9,-99.9,-99.9,-99.9
22,1,2009,-99.9,-99.9,-99.9,-99.9
22,1,2010,-99.9,-99.9,-99.9,-99.9
22,1,2011,-99.9,-99.9,-99.9,-99.9
22,1,2012,-99.9,-99.9,-99.9,-99.9
22,1,2013,-99.9,-99.9,-99.9,-99.9
22,1,2014,-99.9,-99.9,-99.9,-99.9
22,1,2015,-99.9,-99.9,-99.9,-99.9
22,1,2016,-99.9,-99.9,-99.9,-99.9
# Species,Quarter,Year, Age_0, Age_1, Age_2, Age_3, Age_4
22,2,1974     ,0.3328,-0.2552,0.3807,0.4390
22,2,1975     ,-0.0365,0.0549,0.9690,-0.4088
22,2,1976     ,-0.2182,0.0858,-0.3014,-0.3874
22,2,1977     ,0.1370,-0.4957,0.0403,-1.1698
22,2,1978     ,-0.2834,-0.2177,0.3394,0.1696
22,2,1979     ,-0.8782,0.2802,-0.1871,-1.6792
22,2,1980     ,-0.6729,0.4622,0.1811,0.7662
22,2,1981     ,-0.4324,0.1329,0.3792,-0.2106
22,2,1982     ,-1.0375,0.2205,-0.0407,-0.6205
22,2,1983     ,0.1844,-0.0788,-0.7420,-2.1235
22,2,1984     ,1.1028,-0.0799,-0.9863,-3.1376
22,2,1985     ,-0.6916,0.0461,-0.1288,0.0916
22,2,1986     ,0.4870,0.1418,-1.7062,-99.9
22,2,1987     ,0.9729,1.2613,-0.1160,-0.6717
22,2,1988     ,-0.0319,1.1973,-0.3171,-3.0464
22,2,1989     ,0.4316,-0.3768,0.3084,-99.9
22,2,1990     ,-0.1260,-0.5299,0.2075,-1.1441
22,2,1991     ,0.8872,-0.1889,-0.0895,0.5395
22,2,1992     ,0.5365,0.8214,0.4606,0.6167
22,2,1993     ,0.4032,-0.5977,-0.2239,2.2046
22,2,1994     ,-0.0271,-0.0418,0.9819,1.1754
22,2,1995     ,0.7564,0.0895,-0.1572,-0.0427
22,2,1996     ,-0.6945,-0.0771,0.1883,0.5926
22,2,1997     ,0.4884,-0.0675,0.4156,0.6081
22,2,1998     ,-0.5832,0.5273,0.8906,-0.5328
22,2,1999     ,-0.4793,0.3120,-0.1375,0.4912
22,2,2000     ,0.2204,0.3113,0.8224,-0.1129
22,2,2001     ,-0.4529,0.0005,0.3106,0.9024
22,2,2002     ,0.0179,0.0769,0.1826,0.6724
22,2,2003     ,-0.7516,-0.2711,0.3149,1.9480
22,2,2004     ,-0.2330,-0.2184,-0.8800,0.7726
22,2,2005     ,0.6434,-0.4965,-0.4860,-0.1295
22,2,2006     ,0.5194,-0.5001,-0.3855,0.1598
22,2,2007     ,0.7552,-0.4035,-0.7922,-0.9942
22,2,2008     ,-0.2854,-0.1156,0.0176,0.2105
22,2,2009     ,0.7266,-0.0170,-1.4059,-1.4128
22,2,2010     ,-0.3024,-0.5400,0.8379,0.2936
22,2,2011     ,0.4506,0.4118,0.1298,-1.9840
22,2,2012     ,-1.8325,0.6319,0.9034,1.5786
22,2,2013     ,-0.4545,0.8808,-0.1232,-1.4861
22,2,2014     ,-0.5347,-0.3295,1.0113,-0.1069
22,2,2015     ,-0.3088,-0.1465,-0.0340,0.5945
22,2,2016     ,0.3127,-0.1522,-0.3671,0.8561
# Species,Quarter,Year, Age_0, Age_1, Age_2, Age_3, Age_4
22,3,1974     ,0.7749,-1.0391,-0.7900,-1.8918,-0.3557
22,3,1975     ,0.6578,-1.8775,-0.9604,-3.4445,-99.9
22,3,1976     ,0.4109,0.1926,0.2181,2.1710,0.7937
22,3,1977     ,-0.6655,0.7660,1.6052,1.6886,1.7349
22,3,1978     ,0.2810,0.4993,0.5690,0.3560,-1.4639
22,3,1979     ,2.3055,0.9713,1.7576,0.9900,0.5781
22,3,1980     ,0.1204,-0.4497,-0.3605,-1.0907,-1.2183
22,3,1981     ,0.3254,-0.5653,-0.8235,-1.0626,-0.8578
22,3,1982     ,-0.2198,-3.1449,-99.9,-99.9,-99.9
22,3,1983     ,1.5627,-0.2728,1.2276,0.2682,-99.9
22,3,1984,-99.9,1.4044,0.0374,0.3536,-99.9
22,3,1985     ,-1.6891,-0.7381,0.7347,0.7234,-0.4232
22,3,1986     ,0.0314,1.7451,1.1584,-99.9,-99.9
22,3,1987     ,-4.7899,-1.4809,-3.4614,-99.9,-99.9
22,3,1988     ,0.3023,0.7879,-0.1692,0.2166,-0.5875
22,3,1989     ,-0.9551,0.2301,0.2769,-99.9,-99.9
22,3,1990     ,0.5300,0.6538,0.1883,0.8149,-0.5759
22,3,1991     ,0.9605,0.0560,-1.3809,-1.7182,-0.9688
22,3,1992     ,-0.0913,-3.0507,-4.4206,-99.9,-99.9
22,3,1993     ,0.7921,0.3133,0.8713,1.3394,1.2341
22,3,1994,-99.9,-0.3958,0.9432,0.6338,0.7226
22,3,1995     ,-1.2853,-0.2022,0.0030,-0.5347,0.5561
22,3,1996     ,0.2313,1.7699,0.1751,0.8415,2.9079
22,3,1997     ,0.1221,1.1010,-0.4148,-1.3596,-0.3752
22,3,1998     ,1.7559,0.5544,-0.2862,0.9923,-0.1019
22,3,1999     ,0.0766,1.2729,0.8644,1.1934,2.4293
22,3,2000     ,-2.8552,-0.8062,-1.6506,-0.1667,-0.6363
22,3,2001     ,1.5430,1.6622,-0.8714,-0.6822,0.7449
22,3,2002,-99.9,-99.9,-99.9,-99.9,-99.9
22,3,2003     ,0.7031,-0.5292,0.2137,-1.0834,-1.0488
22,3,2004     ,-0.5368,0.9450,0.1300,0.7937,0.5641
22,3,2005,-99.9,-99.9,-99.9,-99.9,-99.9
22,3,2006,-99.9,-99.9,-99.9,-99.9,-99.9
22,3,2007,-99.9,-99.9,-99.9,-99.9,-99.9
22,3,2008,-99.9,-99.9,-99.9,-99.9,-99.9
22,3,2009     ,0.4118,1.7890,1.9816,1.1316,0.5107
22,3,2010,-99.9,-99.9,-99.9,-99.9,-99.9
22,3,2011,-99.9,-99.9,-99.9,-99.9,-99.9
22,3,2012,-99.9,-99.9,-99.9,-99.9,-99.9
22,3,2013,-99.9,-99.9,-99.9,-99.9,-99.9
22,3,2014     ,-0.4098,-2.3084,-1.9676,-0.9956,-0.9716
22,3,2015,-99.9,-99.9,-99.9,-99.9,-99.9
22,3,2016,-99.9,-99.9,-99.9,-99.9,-99.9
# Species,Quarter,Year, Age_0, Age_1, Age_2, Age_3, Age_4
22,4,1974,-99.9,-99.9,-99.9,-99.9,-99.9
22,4,1975,-99.9,-99.9,-99.9,-99.9,-99.9
22,4,1976,-99.9,-99.9,-99.9,-99.9,-99.9
22,4,1977,-99.9,-99.9,-99.9,-99.9,-99.9
22,4,1978,-99.9,-99.9,-99.9,-99.9,-99.9
22,4,1979,-99.9,-99.9,-99.9,-99.9,-99.9
22,4,1980,-99.9,-99.9,-99.9,-99.9,-99.9
22,4,1981,-99.9,-99.9,-99.9,-99.9,-99.9
22,4,1982,-99.9,-99.9,-99.9,-99.9,-99.9
22,4,1983,-99.9,-99.9,-99.9,-99.9,-99.9
22,4,1984,-99.9,-99.9,-99.9,-99.9,-99.9
22,4,1985,-99.9,-99.9,-99.9,-99.9,-99.9
22,4,1986,-99.9,-99.9,-99.9,-99.9,-99.9
22,4,1987,-99.9,-99.9,-99.9,-99.9,-99.9
22,4,1988,-99.9,-99.9,-99.9,-99.9,-99.9
22,4,1989,-99.9,-99.9,-99.9,-99.9,-99.9
22,4,1990,-99.9,-99.9,-99.9,-99.9,-99.9
22,4,1991,-99.9,-99.9,-99.9,-99.9,-99.9
22,4,1992,-99.9,-99.9,-99.9,-99.9,-99.9
22,4,1993,-99.9,-99.9,-99.9,-99.9,-99.9
22,4,1994,-99.9,-99.9,-99.9,-99.9,-99.9
22,4,1995,-99.9,-99.9,-99.9,-99.9,-99.9
22,4,1996,-99.9,-99.9,-99.9,-99.9,-99.9
22,4,1997,-99.9,-99.9,-99.9,-99.9,-99.9
22,4,1998,-99.9,-99.9,-99.9,-99.9,-99.9
22,4,1999,-99.9,-99.9,-99.9,-99.9,-99.9
22,4,2000,-99.9,-99.9,-99.9,-99.9,-99.9
22,4,2001,-99.9,-99.9,-99.9,-99.9,-99.9
22,4,2002,-99.9,-99.9,-99.9,-99.9,-99.9
22,4,2003,-99.9,-99.9,-99.9,-99.9,-99.9
22,4,2004,-99.9,-99.9,-99.9,-99.9,-99.9
22,4,2005,-99.9,-99.9,-99.9,-99.9,-99.9
22,4,2006,-99.9,-99.9,-99.9,-99.9,-99.9
22,4,2007,-99.9,-99.9,-99.9,-99.9,-99.9
22,4,2008,-99.9,-99.9,-99.9,-99.9,-99.9
22,4,2009,-99.9,-99.9,-99.9,-99.9,-99.9
22,4,2010,-99.9,-99.9,-99.9,-99.9,-99.9
22,4,2011,-99.9,-99.9,-99.9,-99.9,-99.9
22,4,2012,-99.9,-99.9,-99.9,-99.9,-99.9
22,4,2013,-99.9,-99.9,-99.9,-99.9,-99.9
22,4,2014,-99.9,-99.9,-99.9,-99.9,-99.9
22,4,2015,-99.9,-99.9,-99.9,-99.9,-99.9
22,4,2016,-99.9,-99.9,-99.9,-99.9,-99.9
# Species,Quarter,Year, Age_0, Age_1, Age_2, Age_3, Age_4
23,1,1974,-99.9,-99.9,-99.9,-99.9
23,1,1975,-99.9,-99.9,-99.9,-99.9
23,1,1976,-99.9,-99.9,-99.9,-99.9
23,1,1977,-99.9,-99.9,-99.9,-99.9
23,1,1978,-99.9,-99.9,-99.9,-99.9
23,1,1979,-99.9,-99.9,-99.9,-99.9
23,1,1980,-99.9,-99.9,-99.9,-99.9
23,1,1981,-99.9,-99.9,-99.9,-99.9
23,1,1982,-99.9,-99.9,-99.9,-99.9
23,1,1983,-99.9,-99.9,-99.9,-99.9
23,1,1984,-99.9,-99.9,-99.9,-99.9
23,1,1985,-99.9,-99.9,-99.9,-99.9
23,1,1986,-99.9,-99.9,-99.9,-99.9
23,1,1987,-99.9,-99.9,-99.9,-99.9
23,1,1988,-99.9,-99.9,-99.9,-99.9
23,1,1989,-99.9,-99.9,-99.9,-99.9
23,1,1990,-99.9,-99.9,-99.9,-99.9
23,1,1991,-99.9,-99.9,-99.9,-99.9
23,1,1992,-99.9,-99.9,-99.9,-99.9
23,1,1993,-99.9,-99.9,-99.9,-99.9
23,1,1994,-99.9,-99.9,-99.9,-99.9
23,1,1995,-99.9,-99.9,-99.9,-99.9
23,1,1996,-99.9,-99.9,-99.9,-99.9
23,1,1997,-99.9,-99.9,-99.9,-99.9
23,1,1998,-99.9,-99.9,-99.9,-99.9
23,1,1999,-99.9,-99.9,-99.9,-99.9
23,1,2000,-99.9,-99.9,-99.9,-99.9
23,1,2001,-99.9,-99.9,-99.9,-99.9
23,1,2002,-99.9,-99.9,-99.9,-99.9
23,1,2003,-99.9,-99.9,-99.9,-99.9
23,1,2004,-99.9,-99.9,-99.9,-99.9
23,1,2005,-99.9,-99.9,-99.9,-99.9
23,1,2006,-99.9,-99.9,-99.9,-99.9
23,1,2007,-99.9,-99.9,-99.9,-99.9
23,1,2008,-99.9,-99.9,-99.9,-99.9
23,1,2009,-99.9,-99.9,-99.9,-99.9
23,1,2010,-99.9,-99.9,-99.9,-99.9
23,1,2011,-99.9,-99.9,-99.9,-99.9
23,1,2012,-99.9,-99.9,-99.9,-99.9
23,1,2013,-99.9,-99.9,-99.9,-99.9
23,1,2014,-99.9,-99.9,-99.9,-99.9
23,1,2015,-99.9,-99.9,-99.9,-99.9
23,1,2016,-99.9,-99.9,-99.9,-99.9
# Species,Quarter,Year, Age_0, Age_1, Age_2, Age_3, Age_4
23,2,1974     ,0.5853,0.3056,-0.0613,0.4932
23,2,1975     ,0.0200,-0.5712,0.3885,0.1433
23,2,1976     ,0.4358,0.1799,-0.3617,-0.2604
23,2,1977     ,0.1194,0.0609,0.4683,0.4664
23,2,1978     ,0.1169,0.4732,-0.0736,-0.2966
23,2,1979     ,-0.8022,-0.2809,0.1972,0.6742
23,2,1980     ,0.2100,0.1969,-0.1501,-0.1054
23,2,1981     ,-0.1471,-0.1145,-0.1592,0.0485
23,2,1982     ,-0.3513,-0.1410,-0.1614,0.6334
23,2,1983     ,-0.9094,0.7153,0.1342,-0.0897
23,2,1984     ,-0.1563,-0.5501,0.5950,-0.0188
23,2,1985     ,-1.1025,0.4150,1.0970,-1.6491
23,2,1986     ,0.5003,1.0292,0.0776,-1.2605
23,2,1987     ,-0.0203,0.6399,0.3249,-0.8580
23,2,1988     ,-1.3867,0.4613,0.3985,0.8819
23,2,1989     ,0.7710,0.4310,-0.1442,0.4963
23,2,1990     ,0.0803,0.0571,0.6266,-0.4211
23,2,1991     ,0.0242,0.5403,-0.6837,0.3464
23,2,1992     ,0.7970,0.2004,-0.3983,-0.1338
23,2,1993     ,-0.6517,-0.2281,0.2662,0.5284
23,2,1994     ,-0.0830,-0.1839,-0.6980,0.4877
23,2,1995     ,0.4793,-0.1243,0.3620,-1.0488
23,2,1996     ,-0.1460,-0.5035,-0.1225,-0.0790
23,2,1997     ,0.0460,-0.2001,0.1181,0.0008
23,2,1998     ,-0.0024,-0.0133,0.3721,-0.1184
23,2,1999     ,0.5963,-0.1669,-0.2716,-0.4623
23,2,2000     ,0.4434,-0.3656,-0.1274,-0.1588
23,2,2001     ,0.0410,-0.1107,-0.3446,0.3322
23,2,2002     ,0.8255,0.1816,0.0160,0.0866
23,2,2003     ,0.3292,-0.3999,-0.0032,0.6931
23,2,2004     ,0.4771,-0.3619,-0.2825,-0.1928
23,2,2005     ,-0.1177,-0.4381,-0.1227,-0.2572
23,2,2006     ,0.2880,-0.2261,-0.0593,0.0886
23,2,2007     ,-0.2719,-0.3919,-0.2012,0.1739
23,2,2008     ,-0.1584,-0.3421,-0.2772,0.3308
23,2,2009     ,0.2510,0.1030,0.2602,-0.1222
23,2,2010     ,0.1459,-0.1055,0.2534,0.0793
23,2,2011     ,-0.6250,0.4296,0.5027,-0.3694
23,2,2012     ,-0.6978,0.0226,0.5800,0.0983
23,2,2013     ,-0.2339,0.3857,0.2440,-0.5881
23,2,2014     ,0.2014,-0.0447,-0.0153,-0.8461
23,2,2015     ,0.3943,-0.4635,-0.0911,-0.3303
23,2,2016     ,0.1719,-0.0378,-0.0039,-0.1393
# Species,Quarter,Year, Age_0, Age_1, Age_2, Age_3, Age_4
23,3,1974     ,-1.3616,-0.4054,-3.3870,-99.9,-3.8748
23,3,1975     ,-1.4782,-0.8514,1.2811,-0.0973,0.8417
23,3,1976,-99.9,-1.3687,0.8292,0.7649,0.2017
23,3,1977     ,2.0321,-1.7848,-2.7704,-3.6726,-1.9158
23,3,1978     ,3.6316,-0.5280,-0.7639,-0.1531,0.2790
23,3,1979     ,0.2008,0.5575,0.0754,-0.4562,0.8506
23,3,1980     ,-2.2549,0.6297,0.0286,0.5252,-1.5159
23,3,1981     ,2.7267,-1.1664,0.6315,-0.6307,-0.8105
23,3,1982     ,2.1174,-0.6796,-0.2542,0.1498,-0.7399
23,3,1983     ,1.8205,-0.5279,0.9220,2.2687,-2.5971
23,3,1984,-99.9,0.7824,-0.7517,0.5190,0.7283
23,3,1985     ,0.9473,-0.1232,0.5662,3.6931,1.1728
23,3,1986     ,-0.7566,0.6396,0.0924,0.5155,0.5154
23,3,1987     ,0.2165,1.4126,1.2155,0.3271,-0.2535
23,3,1988,-99.9,-99.9,-0.7250,0.8181,-0.2550
23,3,1989     ,-6.9189,-0.9344,-1.1275,-1.6137,-0.9770
23,3,1990     ,-0.7350,-0.0727,-0.8199,-0.1828,-1.2543
23,3,1991     ,2.3720,1.9570,-0.1702,-0.5621,-99.9
23,3,1992     ,-0.8123,0.4190,-0.6017,0.2391,-0.5478
23,3,1993     ,0.6380,-0.1697,-0.3986,0.4269,0.5920
23,3,1994,-99.9,0.3872,0.4067,0.0803,1.2858
23,3,1995     ,-1.2694,0.3920,1.0280,1.2785,0.4643
23,3,1996     ,1.1944,1.2605,0.9075,0.3228,2.6281
23,3,1997     ,-2.2200,1.2314,-0.0589,-0.2806,0.1069
23,3,1998     ,-1.3035,-0.7940,-0.1121,0.4509,0.2085
23,3,1999     ,-1.3668,0.2615,-0.7033,0.0097,0.7571
23,3,2000     ,1.6052,0.4357,-0.3745,0.7373,0.4364
23,3,2001     ,2.5976,-0.2747,0.0759,-0.0955,1.6048
23,3,2002     ,-2.3204,-0.7313,-1.1012,-1.0631,0.2538
23,3,2003     ,0.8393,0.1565,1.1174,-0.2992,0.0674
23,3,2004     ,-0.1237,0.7142,0.8560,0.7376,0.7118
23,3,2005     ,-0.7228,0.1723,0.8697,1.3462,1.6436
23,3,2006     ,-0.5677,0.1532,0.5438,1.0430,1.8219
23,3,2007,-99.9,-99.9,-99.9,-99.9,-99.9
23,3,2008,-99.9,-99.9,-99.9,-99.9,-99.9
23,3,2009     ,1.3275,1.0395,-0.4483,-1.2326,-1.5188
23,3,2010     ,-0.0116,-0.3155,-0.8084,-0.4785,-0.4972
23,3,2011,-99.9,-99.9,-99.9,-99.9,-99.9
23,3,2012,-99.9,-99.9,-99.9,-99.9,-99.9
23,3,2013     ,-2.9311,-0.2950,0.0069,0.5531,-1.6646
23,3,2014     ,2.8972,-1.3858,-0.5775,0.0673,-0.6687
23,3,2015,-99.9,-99.9,-99.9,-99.9,-99.9
23,3,2016,-99.9,-99.9,-99.9,-99.9,-99.9
# Species,Quarter,Year, Age_0, Age_1, Age_2, Age_3, Age_4
23,4,1974,-99.9,-99.9,-99.9,-99.9,-99.9
23,4,1975,-99.9,-99.9,-99.9,-99.9,-99.9
23,4,1976,-99.9,-99.9,-99.9,-99.9,-99.9
23,4,1977,-99.9,-99.9,-99.9,-99.9,-99.9
23,4,1978,-99.9,-99.9,-99.9,-99.9,-99.9
23,4,1979,-99.9,-99.9,-99.9,-99.9,-99.9
23,4,1980,-99.9,-99.9,-99.9,-99.9,-99.9
23,4,1981,-99.9,-99.9,-99.9,-99.9,-99.9
23,4,1982,-99.9,-99.9,-99.9,-99.9,-99.9
23,4,1983,-99.9,-99.9,-99.9,-99.9,-99.9
23,4,1984,-99.9,-99.9,-99.9,-99.9,-99.9
23,4,1985,-99.9,-99.9,-99.9,-99.9,-99.9
23,4,1986,-99.9,-99.9,-99.9,-99.9,-99.9
23,4,1987,-99.9,-99.9,-99.9,-99.9,-99.9
23,4,1988,-99.9,-99.9,-99.9,-99.9,-99.9
23,4,1989,-99.9,-99.9,-99.9,-99.9,-99.9
23,4,1990,-99.9,-99.9,-99.9,-99.9,-99.9
23,4,1991,-99.9,-99.9,-99.9,-99.9,-99.9
23,4,1992,-99.9,-99.9,-99.9,-99.9,-99.9
23,4,1993,-99.9,-99.9,-99.9,-99.9,-99.9
23,4,1994,-99.9,-99.9,-99.9,-99.9,-99.9
23,4,1995,-99.9,-99.9,-99.9,-99.9,-99.9
23,4,1996,-99.9,-99.9,-99.9,-99.9,-99.9
23,4,1997,-99.9,-99.9,-99.9,-99.9,-99.9
23,4,1998,-99.9,-99.9,-99.9,-99.9,-99.9
23,4,1999,-99.9,-99.9,-99.9,-99.9,-99.9
23,4,2000,-99.9,-99.9,-99.9,-99.9,-99.9
23,4,2001,-99.9,-99.9,-99.9,-99.9,-99.9
23,4,2002,-99.9,-99.9,-99.9,-99.9,-99.9
23,4,2003,-99.9,-99.9,-99.9,-99.9,-99.9
23,4,2004,-99.9,-99.9,-99.9,-99.9,-99.9
23,4,2005,-99.9,-99.9,-99.9,-99.9,-99.9
23,4,2006,-99.9,-99.9,-99.9,-99.9,-99.9
23,4,2007,-99.9,-99.9,-99.9,-99.9,-99.9
23,4,2008,-99.9,-99.9,-99.9,-99.9,-99.9
23,4,2009,-99.9,-99.9,-99.9,-99.9,-99.9
23,4,2010,-99.9,-99.9,-99.9,-99.9,-99.9
23,4,2011,-99.9,-99.9,-99.9,-99.9,-99.9
23,4,2012,-99.9,-99.9,-99.9,-99.9,-99.9
23,4,2013,-99.9,-99.9,-99.9,-99.9,-99.9
23,4,2014,-99.9,-99.9,-99.9,-99.9,-99.9
23,4,2015,-99.9,-99.9,-99.9,-99.9,-99.9
23,4,2016,-99.9,-99.9,-99.9,-99.9,-99.9
# Species,Quarter,Year, Age_0, Age_1, Age_2, Age_3
24,1,1974     ,0.0464,-0.3942,-1.1758
24,1,1975     ,-0.3580,0.0233,0.5671
24,1,1976     ,-0.3124,-0.4692,0.5576
24,1,1977     ,0.6204,0.1089,0.2963
24,1,1978     ,0.1907,0.0383,0.4692
24,1,1979     ,0.1886,0.4654,0.8352
24,1,1980     ,-0.0378,-0.0593,0.6306
24,1,1981     ,0.3160,0.3717,0.2991
24,1,1982     ,0.3327,0.1992,1.1684
24,1,1983     ,-0.0040,0.5819,0.2164
24,1,1984     ,-0.6724,-0.0812,1.0331
24,1,1985     ,-0.1870,-0.0138,1.1993
24,1,1986     ,-1.3386,1.3191,1.2419
24,1,1987     ,0.1240,-0.1674,-0.6627
24,1,1988     ,-0.3658,0.6624,0.3108
24,1,1989     ,0.3052,-0.7968,-1.7039
24,1,1990     ,0.2183,0.0101,0.2328
24,1,1991     ,-0.6144,0.5584,0.2657
24,1,1992     ,0.2547,0.6145,1.6590
24,1,1993     ,0.0914,-0.4839,-1.2615
24,1,1994     ,0.3231,0.0438,-0.1716
24,1,1995     ,0.4637,0.1600,-1.0209
24,1,1996     ,-0.4106,-0.2221,-0.6817
24,1,1997     ,-0.6694,0.1700,-0.4997
24,1,1998     ,-0.2421,0.3386,0.2006
24,1,1999     ,-1.4411,-0.3336,-0.4356
24,1,2000     ,-0.7542,-0.2131,-1.7813
24,1,2001     ,0.0680,1.1751,0.6761
24,1,2002     ,0.0733,0.0719,-2.0223
24,1,2003     ,1.0925,1.4481,0.8979
24,1,2004     ,0.5760,1.8814,1.2260
24,1,2005,-99.9,-99.9,-99.9
24,1,2006     ,-0.2092,1.7977,0.5822
24,1,2007,-99.9,-99.9,-99.9
24,1,2008     ,-0.9050,-0.0555,-99.9
24,1,2009     ,1.0397,-1.8676,-99.9
24,1,2010,-99.9,-99.9,-99.9
24,1,2011,-99.9,-99.9,-99.9
24,1,2012     ,-1.1840,-99.9,-99.9
24,1,2013     ,-2.3704,-99.9,-99.9
24,1,2014     ,-0.5976,0.3912,-1.0466
24,1,2015     ,-0.1578,-0.0633,-1.1171
24,1,2016     ,-0.6312,-0.2970,-0.6008
# Species,Quarter,Year, Age_0, Age_1, Age_2, Age_3
24,2,1974     ,0.2949,-0.2515,-0.4803
24,2,1975     ,1.0970,-0.6899,-0.9001
24,2,1976     ,0.9582,0.4605,0.6467
24,2,1977     ,0.4438,-0.0708,-0.6996
24,2,1978     ,0.1119,0.0972,1.6706
24,2,1979     ,0.4818,-0.1014,-0.5479
24,2,1980     ,-0.0296,0.1765,0.2901
24,2,1981     ,0.5220,0.2441,0.8447
24,2,1982     ,0.6173,0.6009,-0.5542
24,2,1983     ,-0.1122,1.2984,0.2371
24,2,1984     ,-0.2030,0.4803,2.1362
24,2,1985     ,-0.3703,-1.4286,-0.8656
24,2,1986     ,-0.9727,-0.4236,-1.5650
24,2,1987     ,-0.0728,-1.3265,-99.9
24,2,1988     ,-0.5699,-0.8536,-99.9
24,2,1989     ,0.0268,0.8433,-1.4829
24,2,1990     ,0.8643,0.6811,0.5378
24,2,1991     ,-0.8116,0.1002,-0.8202
24,2,1992     ,0.0378,-0.0380,0.2347
24,2,1993     ,-0.1064,-0.1685,0.5328
24,2,1994     ,-0.6371,0.0380,-0.3813
24,2,1995     ,0.3319,0.8366,0.9379
24,2,1996     ,0.3352,-0.9139,0.5699
24,2,1997     ,-1.9948,-0.1413,0.0986
24,2,1998     ,0.2135,0.1798,-0.5401
24,2,1999     ,-0.2268,0.9392,0.1373
24,2,2000     ,-1.0274,0.4432,1.2229
24,2,2001     ,0.2841,0.5299,1.8221
24,2,2002     ,0.4998,-1.0315,-3.0174
24,2,2003     ,0.0552,-0.1869,0.7711
24,2,2004     ,-1.8311,-0.5214,0.5115
24,2,2005,-99.9,-99.9,-99.9
24,2,2006     ,-0.7722,0.4290,1.3388
24,2,2007,-99.9,-99.9,-99.9
24,2,2008     ,0.3167,0.1381,-99.9
24,2,2009     ,-0.5363,0.3850,-0.1818
24,2,2010     ,1.0795,1.2542,-0.6591
24,2,2011     ,-0.8920,-1.0815,-99.9
24,2,2012     ,0.0058,-0.2118,-1.1613
24,2,2013     ,1.3018,-0.2444,-0.8833
24,2,2014     ,-0.3832,-0.5109,-0.3028
24,2,2015     ,0.7065,-0.0387,-0.8153
24,2,2016     ,0.9691,-0.0461,1.0429
# Species,Quarter,Year, Age_0, Age_1, Age_2, Age_3
24,3,1974     ,0.4649,0.0123,0.4810,2.3394
24,3,1975     ,0.3918,0.5515,-1.1304,-99.9
24,3,1976     ,-0.9161,0.1170,0.0462,-1.7280
24,3,1977     ,-1.0042,-0.1388,0.3201,1.6665
24,3,1978     ,0.1900,0.2492,-0.1150,0.5140
24,3,1979     ,1.1059,0.1132,0.5801,0.7644
24,3,1980     ,-1.8344,0.3990,0.7130,0.4399
24,3,1981     ,-1.1516,0.2340,0.2985,0.0970
24,3,1982     ,-0.7557,0.7543,0.6817,1.2349
24,3,1983     ,0.5390,0.4058,1.0881,1.5186
24,3,1984     ,-5.2972,-0.0094,0.4222,-0.6000
24,3,1985     ,-3.4541,-0.4151,-0.0331,0.4257
24,3,1986,-99.9,-0.0584,0.1430,-0.1989
24,3,1987     ,-1.8507,-0.2976,-0.7325,-99.9
24,3,1988     ,2.0775,-0.5809,-0.1867,-99.9
24,3,1989     ,0.5329,0.1835,0.8897,-1.3246
24,3,1990     ,-1.7638,-0.4669,-1.0145,-0.0555
24,3,1991     ,1.1497,-0.6352,-0.9528,0.1319
24,3,1992     ,2.1094,0.1114,-0.3174,-2.1764
24,3,1993     ,-0.1588,-0.4655,0.0060,0.1028
24,3,1994     ,0.6896,-0.2869,-0.0396,1.2229
24,3,1995     ,2.2970,-0.1316,-1.5277,-1.0047
24,3,1996     ,2.1603,0.2692,0.0642,0.9725
24,3,1997     ,1.3675,0.6841,0.2271,0.3671
24,3,1998     ,0.7131,0.1820,-0.4016,-2.5835
24,3,1999     ,-1.0622,0.5104,0.8200,-0.3211
24,3,2000     ,0.5372,-0.2462,-0.0526,0.6628
24,3,2001     ,0.4986,-0.4830,-2.4028,-2.4288
24,3,2002     ,2.5849,0.4624,0.8353,-1.0141
24,3,2003     ,-0.0448,-0.2315,-0.5173,0.2535
24,3,2004     ,1.0449,-0.4791,-0.6132,0.6507
24,3,2005,-99.9,-99.9,-99.9,-99.9
24,3,2006     ,-0.4125,-1.3429,-0.4677,0.0554
24,3,2007,-99.9,-99.9,-99.9,-99.9
24,3,2008,-99.9,0.0181,-0.2046,-99.9
24,3,2009     ,1.7274,0.7840,1.4528,0.0558
24,3,2010,-99.9,-0.1086,-0.3343,-0.9915
24,3,2011,-99.9,1.3735,0.1824,0.4771
24,3,2012     ,-1.6704,-0.8706,-1.0382,-1.4307
24,3,2013     ,-0.3351,0.2013,-0.2077,0.7179
24,3,2014     ,1.2340,0.1687,-0.5709,-0.1599
24,3,2015     ,-0.2951,0.3503,0.6054,-1.2626
24,3,2016     ,-1.2492,0.2915,-0.6420,0.7465
# Species,Quarter,Year, Age_0, Age_1, Age_2, Age_3
24,4,1974     ,-0.0409,0.1390,0.3429,-0.0870
24,4,1975     ,0.4362,-0.4015,-0.0133,0.3670
24,4,1976     ,0.0797,-0.0753,0.2273,0.8889
24,4,1977     ,-0.1348,0.0816,-0.3814,-0.0510
24,4,1978     ,-0.9290,-0.0685,-0.3748,-0.5253
24,4,1979     ,-1.5427,-0.3588,-0.2735,-0.1075
24,4,1980     ,-0.9541,0.0055,0.0720,-0.0323
24,4,1981     ,2.6253,0.2629,-0.2169,-1.0560
24,4,1982     ,-1.2410,0.2791,-0.7684,-99.9
24,4,1983     ,-0.1782,0.3057,0.3121,1.2979
24,4,1984     ,0.0170,-0.1146,0.4487,-99.9
24,4,1985     ,-1.1461,0.7262,-0.5569,-99.9
24,4,1986     ,1.2682,0.5554,-1.1422,-99.9
24,4,1987     ,-0.8065,0.2936,0.3368,0.2858
24,4,1988     ,1.0635,0.8107,0.7453,-99.9
24,4,1989     ,1.6300,0.3811,0.2512,0.0398
24,4,1990     ,-0.3322,-0.1051,-0.9434,0.0321
24,4,1991     ,0.2087,-0.7512,-0.2517,0.7075
24,4,1992     ,-0.2707,0.0613,-0.1073,-0.9396
24,4,1993     ,0.0813,-0.3342,-0.0134,-1.4898
24,4,1994     ,0.1240,0.0428,-0.4571,-99.9
24,4,1995     ,0.8946,0.2744,-0.9301,-0.6896
24,4,1996     ,0.9181,-0.0833,-0.7110,-99.9
24,4,1997     ,0.1188,0.3388,-0.0324,-0.4636
24,4,1998     ,-0.3855,0.5622,-0.5539,-0.2241
24,4,1999     ,-0.2334,-0.2212,0.4136,-0.4101
24,4,2000     ,-0.4400,1.0412,0.1162,-0.3687
24,4,2001     ,0.6189,0.4308,0.4816,-2.5635
24,4,2002     ,0.1149,0.3909,1.3149,-0.6707
24,4,2003     ,-3.8420,-1.6473,0.0440,0.5473
24,4,2004     ,0.6298,0.0574,-0.0515,-1.2721
24,4,2005,-99.9,-99.9,-99.9,-99.9
24,4,2006     ,1.3487,0.5811,-0.4657,-2.6733
24,4,2007,-99.9,-99.9,-99.9,-99.9
24,4,2008     ,2.6450,0.6898,-1.6078,-99.9
24,4,2009     ,-1.9104,-0.9021,-1.9256,-99.9
24,4,2010,-99.9,-0.7482,-0.9193,-99.9
24,4,2011     ,-1.4549,0.5668,-0.1089,-99.9
24,4,2012     ,2.0950,2.7854,2.5627,-0.3952
24,4,2013     ,0.1285,0.5697,0.5716,0.8146
24,4,2014     ,1.1735,0.9568,-0.6383,-99.9
24,4,2015     ,-1.2442,0.0087,-0.8677,-0.7834
24,4,2016     ,0.4386,-0.1393,-0.3141,-99.9
# Species,Quarter,Year, Age_0, Age_1, Age_2, Age_3
25,1,1974     ,1.2636,-0.5725,-0.0254
25,1,1975     ,-1.0276,0.2731,0.5597
25,1,1976     ,-1.3037,0.7716,2.2135
25,1,1977     ,-0.0224,-0.0885,0.3207
25,1,1978     ,0.4771,0.3181,1.8164
25,1,1979     ,-0.1763,0.7195,2.1192
25,1,1980     ,-0.1429,0.0833,0.7340
25,1,1981     ,0.0404,0.9542,0.5051
25,1,1982     ,-0.8492,1.6607,1.4603
25,1,1983     ,0.6011,-1.3094,-1.2884
25,1,1984     ,-2.8827,0.0909,-1.2396
25,1,1985     ,0.6590,0.3798,-1.0365
25,1,1986     ,-1.1112,-1.6428,0.0574
25,1,1987     ,0.6140,-0.6056,-3.6136
25,1,1988     ,0.6940,0.4081,-0.3707
25,1,1989     ,2.9261,2.7372,-0.1170
25,1,1990     ,0.0880,-1.4456,-0.8852
25,1,1991,-99.9,-99.9,-99.9
25,1,1992,-99.9,-99.9,-99.9
25,1,1993     ,0.6169,0.9153,0.5358
25,1,1994     ,-0.3969,0.5341,1.5931
25,1,1995     ,-0.1027,-0.3530,1.3116
25,1,1996     ,3.7553,1.9194,2.0656
25,1,1997     ,-1.4276,0.9819,1.8267
25,1,1998     ,0.7575,-0.4154,-0.3580
25,1,1999     ,1.2980,1.2967,1.9567
25,1,2000     ,1.8843,1.6437,2.9839
25,1,2001     ,0.7787,1.7812,2.9003
25,1,2002     ,-0.0684,-1.4764,-0.8626
25,1,2003     ,1.5206,1.2426,1.7010
25,1,2004     ,-0.5737,-2.3583,-2.2717
25,1,2005     ,1.8393,0.2127,-0.3238
25,1,2006     ,0.9344,1.6140,1.3823
25,1,2007     ,-3.1187,-3.5655,-4.0257
25,1,2008     ,-0.3829,-1.1264,-2.1027
25,1,2009     ,-0.4622,-1.7961,-2.5957
25,1,2010     ,-1.3427,1.8840,2.7568
25,1,2011     ,-0.6976,1.2062,1.0229
25,1,2012     ,-2.4135,-3.8856,-4.1162
25,1,2013     ,0.0936,1.3183,0.7429
25,1,2014     ,-2.5901,-4.8131,-5.1803
25,1,2015     ,0.2693,0.8713,0.4842
25,1,2016     ,-0.1555,0.6061,0.9606
# Species,Quarter,Year, Age_0, Age_1, Age_2, Age_3
25,2,1974     ,1.3285,-0.6900,-0.4552
25,2,1975     ,0.4727,0.2681,-0.0708
25,2,1976     ,-0.8231,1.0173,2.4748
25,2,1977     ,0.1425,0.3168,0.7752
25,2,1978     ,0.9160,0.7559,2.0256
25,2,1979     ,-0.0944,1.1036,2.2741
25,2,1980     ,-0.5572,0.3409,1.3739
25,2,1981     ,1.8532,0.8702,0.1591
25,2,1982     ,-2.4020,0.4672,0.4441
25,2,1983     ,-0.5939,-2.0286,-2.0387
25,2,1984     ,-1.5331,0.1938,-0.9362
25,2,1985     ,-1.3295,-1.1975,-2.6684
25,2,1986     ,-1.6508,-1.6580,-0.0097
25,2,1987     ,1.5183,0.6199,-2.4539
25,2,1988     ,0.0103,0.0547,-0.8147
25,2,1989,-99.9,-99.9,-99.9
25,2,1990     ,-1.1331,-2.2594,-1.6780
25,2,1991,-99.9,-99.9,-99.9
25,2,1992     ,2.0979,0.6002,-0.9512
25,2,1993     ,1.1020,1.1237,0.5404
25,2,1994     ,0.8878,1.3941,2.3765
25,2,1995     ,-0.1690,-0.4642,1.0601
25,2,1996     ,2.1844,0.5476,0.6431
25,2,1997     ,-2.0438,0.6350,1.4361
25,2,1998     ,-0.3783,-1.3059,-1.3227
25,2,1999     ,0.2830,0.5954,1.0022
25,2,2000     ,-0.5268,-0.2082,1.6469
25,2,2001     ,-1.7537,-0.9822,-0.1940
25,2,2002,-99.9,-99.9,-99.9
25,2,2003     ,-0.3852,-0.6552,-0.2868
25,2,2004     ,-0.9119,-2.4520,-2.3874
25,2,2005     ,1.5266,-0.0800,-0.6901
25,2,2006     ,-1.7361,-1.1542,-1.4834
25,2,2007,-99.9,-99.9,-99.9
25,2,2008,-99.9,-99.9,-99.9
25,2,2009     ,1.3758,0.2715,-0.5527
25,2,2010     ,-2.0000,1.1146,1.7707
25,2,2011     ,-0.2518,0.7179,0.5334
25,2,2012     ,1.8056,0.5500,0.2644
25,2,2013     ,-3.3872,-1.9646,-2.4616
25,2,2014     ,3.7910,1.7911,1.3469
25,2,2015     ,2.3190,1.1443,-1.0858
25,2,2016     ,0.0546,1.0363,1.4571
# Species,Quarter,Year, Age_0, Age_1, Age_2, Age_3
25,3,1974,-99.9,-0.3778,0.4576,0.7815
25,3,1975,-99.9,-0.1414,0.4072,-0.8281
25,3,1976,-99.9,-0.0034,-0.6787,-0.9585
25,3,1977,-99.9,-1.0293,0.3101,-0.1382
25,3,1978,-99.9,0.9358,-1.4287,-1.6121
25,3,1979,-99.9,-0.0376,-1.3033,0.4574
25,3,1980,-99.9,-1.5637,1.0909,2.8464
25,3,1981,-99.9,0.4727,0.1294,-0.5869
25,3,1982,-99.9,1.0520,-1.0768,-2.2684
25,3,1983,-99.9,0.3282,0.7347,1.1338
25,3,1984,-99.9,0.4920,-0.1102,-1.1538
25,3,1985,-99.9,-1.2506,0.5103,-0.3236
25,3,1986,-99.9,-3.1546,-1.3696,0.8103
25,3,1987,-99.9,-0.0592,0.1360,-1.3317
25,3,1988,-99.9,1.1674,2.3486,1.5385
25,3,1989,-99.9,1.1858,3.6910,-3.2035
25,3,1990,-99.9,-0.0463,0.4879,1.7676
25,3,1991,-99.9,-0.7599,1.5763,0.6157
25,3,1992,-99.9,1.8380,0.7030,2.2738
25,3,1993,-99.9,-0.5659,1.9231,0.9268
25,3,1994,-99.9,1.3388,-0.8679,-0.6389
25,3,1995,-99.9,1.3343,0.0404,1.4916
25,3,1996,-99.9,-2.1676,-0.8883,0.1129
25,3,1997,-99.9,-0.3073,0.1037,-0.2355
25,3,1998,-99.9,-0.2144,0.0884,0.2120
25,3,1999,-99.9,0.9887,-0.9909,-0.0256
25,3,2000,-99.9,0.6887,-0.1495,-0.1287
25,3,2001,-99.9,-0.3430,-0.4661,-0.7803
25,3,2002,-99.9,0.1000,-0.9290,-0.6301
25,3,2003,-99.9,-0.1988,-0.4803,0.3033
25,3,2004,-99.9,-0.0112,0.0548,0.5518
25,3,2005,-99.9,0.5315,-0.8447,0.3267
25,3,2006,-99.9,-0.2191,-0.6944,1.2502
25,3,2007,-99.9,-0.9546,-0.0829,-0.1315
25,3,2008,-99.9,-2.1873,0.2265,1.0773
25,3,2009,-99.9,0.0883,-0.7871,-0.6976
25,3,2010,-99.9,-0.6109,-1.3351,-2.1972
25,3,2011,-99.9,-0.9753,-0.1568,-0.3045
25,3,2012,-99.9,0.1745,-0.1462,-0.4424
25,3,2013,-99.9,0.7329,0.0388,-0.0037
25,3,2014,-99.9,1.4420,0.8248,0.2425
25,3,2015,-99.9,0.2902,-0.4668,-1.0982
25,3,2016,-99.9,0.2720,0.3583,-0.3736
# Species,Quarter,Year, Age_0, Age_1, Age_2, Age_3
25,4,1974,-99.9,0.3869,-0.4368,-0.8322
25,4,1975,-99.9,0.7014,0.3216,-0.5194
25,4,1976,-99.9,0.3097,0.4292,-0.5769
25,4,1977,-99.9,0.0486,0.2084,-0.1823
25,4,1978,-99.9,0.7221,0.6001,-0.6087
25,4,1979,-99.9,-0.2625,0.6600,-0.3323
25,4,1980,-99.9,-0.8305,1.6034,2.7096
25,4,1981,-99.9,0.0236,1.7014,0.5014
25,4,1982,-99.9,1.6591,1.1699,0.6151
25,4,1983,-99.9,0.4015,0.5797,0.2537
25,4,1984,-99.9,1.0950,0.1774,-1.1318
25,4,1985,-99.9,-0.3928,0.9027,-0.6243
25,4,1986,-99.9,-1.3595,0.2987,1.5667
25,4,1987,-99.9,1.2810,1.5386,-2.2689
25,4,1988,-99.9,-2.6060,-1.6419,-2.7523
25,4,1989,-99.9,-1.5715,-0.2077,-6.9303
25,4,1990,-99.9,0.4713,0.6095,1.2101
25,4,1991,-99.9,0.5936,0.5096,-0.1631
25,4,1992,-99.9,0.2461,-1.4372,-0.4476
25,4,1993,-99.9,0.4921,0.7189,-1.4595
25,4,1994,-99.9,0.1225,0.2903,0.5282
25,4,1995,-99.9,1.0444,0.4101,1.3374
25,4,1996,-99.9,-0.5403,0.3833,0.9691
25,4,1997,-99.9,0.3213,0.4931,-0.2063
25,4,1998,-99.9,-0.2703,-0.0631,0.2947
25,4,1999,-99.9,-1.0956,-1.3077,-2.0393
25,4,2000,-99.9,-1.8775,-1.6754,-1.6509
25,4,2001,-99.9,0.1905,0.1940,-0.5922
25,4,2002,-99.9,-0.1377,-0.1226,0.3879
25,4,2003,-99.9,0.6235,0.1795,0.1311
25,4,2004,-99.9,0.3140,-0.8735,-0.4494
25,4,2005,-99.9,0.0165,-1.3464,-1.3254
25,4,2006,-99.9,-0.4871,-1.0864,-0.0932
25,4,2007,-99.9,0.2725,0.7768,-0.1963
25,4,2008,-99.9,-0.7577,-0.1490,0.3290
25,4,2009,-99.9,0.3978,-0.4533,-0.3044
25,4,2010,-99.9,0.0350,-0.0186,1.9282
25,4,2011,-99.9,0.1045,0.5711,0.1462
25,4,2012,-99.9,0.4537,0.2451,-0.3282
25,4,2013,-99.9,0.5509,-0.1560,-0.5762
25,4,2014,-99.9,0.4154,-0.6453,-1.0848
25,4,2015,-99.9,0.3566,-1.3081,-2.4871
25,4,2016,-99.9,-1.5546,-0.8871,-1.5230
# Species,Quarter,Year, Age_0, Age_1, Age_2, Age_3, Age_4, Age_5, Age_6, Age_7, Age_8, Age_9, Age_10
16,9,1974,-99.9,0.1522,0.0535,-0.1954,0.0027,0.0501,0.0260,0.0212,0.0081,0.2566,0.2170
16,9,1975,-99.9,-0.1768,-0.0917,-0.0833,0.0020,0.1683,0.0139,0.0135,0.0528,0.1709,-0.2582
16,9,1976,-99.9,0.5241,0.3414,-0.0589,-0.0103,-0.0775,0.0362,-0.0418,-0.3795,-0.3096,-0.4875
16,9,1977,-99.9,0.5533,0.2413,-0.2268,-0.2180,-0.0529,0.0844,-0.0758,0.0129,1.1555,0.1999
16,9,1978,-99.9,-1.3513,0.2632,-0.2423,-0.1115,0.2638,-0.0083,0.1255,-0.2709,-0.1559,0.0180
16,9,1979,-99.9,1.1611,-0.0875,0.1229,-0.1952,0.1350,-0.0519,0.0706,0.2470,-0.1499,-0.2709
16,9,1980,-99.9,1.3698,-0.0001,0.0853,-0.0960,-0.0494,-0.1171,0.2942,0.1680,0.2806,-0.3694
16,9,1981,-99.9,0.1136,0.2346,0.1317,0.0279,-0.1164,-0.0350,0.0498,-0.0050,-0.0679,-0.0911
16,9,1982,-99.9,-0.1707,-0.0924,0.3139,0.0749,0.0835,0.0602,0.2082,0.0515,0.2606,-0.1821
16,9,1983,-99.9,-0.7888,-0.0034,0.2378,0.0580,-0.0189,0.0448,-0.2246,0.3999,0.0067,0.2820
16,9,1984,-99.9,0.7525,-0.0395,0.0991,0.0402,0.0026,-0.0003,0.0081,0.0006,0.2740,0.4353
16,9,1985,-99.9,-0.3142,0.0345,-0.0062,0.0175,-0.0178,-0.0677,-0.0953,0.0853,-0.2601,0.3843
16,9,1986,-99.9,0.7567,-0.3194,-0.0590,0.0734,0.0848,0.0430,-0.0229,0.0825,-0.0021,0.2840
16,9,1987,-99.9,-1.1278,0.1339,-0.1286,-0.0148,-0.0886,0.0819,0.1004,0.1258,-0.0858,0.4179
16,9,1988,-99.9,-1.1007,-0.1029,0.1991,0.1507,-0.0803,0.0750,-0.2169,-0.0785,-0.1366,0.2168
16,9,1989,-99.9,0.1199,-0.2734,0.0569,0.0632,0.1247,-0.0185,0.0623,0.0800,-0.0696,0.1123
16,9,1990,-99.9,-0.6764,0.1743,0.0158,0.0725,-0.1098,0.0160,-0.1803,-0.3290,0.2493,0.0165
16,9,1991,-99.9,-0.4570,-0.3565,-0.0812,0.0932,0.0383,-0.0023,0.6358,0.0548,-0.0927,-0.5531
16,9,1992,-99.9,-0.1311,-0.1519,-0.0791,0.0744,0.0869,-0.0159,-0.1957,0.2297,-0.2711,0.3484
16,9,1993,-99.9,0.1503,0.1850,-0.0153,0.1157,-0.1716,-0.0020,-0.0946,-0.4565,-0.0692,-0.2143
16,9,1994,-99.9,1.8040,0.0686,-0.0293,0.0013,-0.0028,-0.0897,-0.0125,-0.2301,-0.5356,0.4101
16,9,1995,-99.9,0.3914,0.4406,-0.0035,-0.1166,-0.1920,0.0490,-0.2480,-0.1372,-0.4906,-0.2051
16,9,1996,-99.9,-0.6611,0.0180,-0.0686,-0.2357,-0.1293,0.1519,0.4341,0.1879,0.8704,-0.3214
16,9,1997,-99.9,0.1946,-0.0783,-0.0081,-0.0502,-0.0156,0.0629,0.2767,0.3052,-0.5165,0.8184
16,9,1998,-99.9,-0.3539,0.2304,0.0025,-0.0237,-0.1021,0.0485,-0.1584,-0.1543,0.1112,0.1848
16,9,1999,-99.9,0.0652,-0.4486,0.1565,0.0493,-0.0915,-0.0944,0.4873,0.1723,0.0950,0.4660
16,9,2000,-99.9,-0.1953,-0.2461,0.1456,0.0260,0.1461,0.0569,-0.2198,0.1773,-0.0163,0.1649
16,9,2001,-99.9,-0.7262,0.1151,-0.0203,0.2582,-0.1424,-0.1527,0.1101,-0.2512,0.6985,0.4149
16,9,2002,-99.9,0.2265,-0.2144,-0.0835,0.2391,0.1687,-0.1939,-0.1676,0.2279,0.2555,-0.0070
16,9,2003,-99.9,-0.5513,-0.1355,-0.0314,0.1954,-0.0078,0.1254,-0.4008,0.0994,-0.0684,-0.1908
16,9,2004,-99.9,0.0912,-0.1927,0.2192,0.2381,-0.0407,0.0138,0.1400,-0.6588,0.1326,-0.7182
16,9,2005,-99.9,-0.4854,-0.3299,0.0698,0.1279,0.1688,0.0122,-0.1177,0.3417,-0.2130,-0.3025
16,9,2006,-99.9,-0.1042,0.7110,-0.0534,-0.2017,-0.1408,0.1127,-0.1216,0.0066,0.0389,-1.7385
16,9,2007,-99.9,0.5825,0.2612,-0.0031,0.2058,0.0624,-0.3052,-0.3927,-0.1012,0.2259,0.0001
16,9,2008,-99.9,0.1062,-0.0571,-0.0397,-0.2543,-0.0197,0.3013,-0.0185,0.1447,0.0218,-0.5945
16,9,2009,-99.9,-0.0694,0.1000,-0.1371,-0.0681,-0.0563,0.0141,0.1159,-0.1992,1.0935,0.4232
16,9,2010,-99.9,-0.2809,0.0129,-0.0125,-0.1574,-0.0029,-0.0756,0.0030,0.1381,0.1590,-0.2530
16,9,2011,-99.9,-0.2615,-0.3022,-0.1914,-0.1185,-0.0301,0.1430,-0.0453,0.4523,0.5296,-0.3648
16,9,2012,-99.9,0.4099,-0.0509,-0.1925,-0.0349,-0.1070,0.0309,0.1213,-0.2059,-0.1000,0.1555
16,9,2013,-99.9,-0.3706,-0.0759,-0.0405,-0.0013,0.0256,-0.1852,0.2532,-0.1658,0.0072,-0.7202
16,9,2014,-99.9,-0.1923,-0.1033,0.1302,0.1325,0.0113,-0.1049,-0.3538,0.2737,-0.7513,-0.7478
16,9,2015,-99.9,-0.1630,-0.0112,-0.0070,-0.0060,0.0568,0.0827,0.1403,-0.3347,0.0813,-1.0521
16,9,2016,-99.9,0.2534,0.1534,0.0047,0.2226,0.0066,-0.2033,-0.1585,-0.2429,-0.1236,-0.3413
# Species,Quarter,Year, Age_0, Age_1, Age_2, Age_3, Age_4, Age_5, Age_6, Age_7, Age_8
17,9,1974     ,-0.6755,0.7875,0.4693,0.0586,-0.1033,-0.9453,0.3583,-0.4022,-0.0203
17,9,1975     ,-0.6782,0.2294,0.4369,-0.0677,-0.2405,-0.0103,0.7163,-0.4174,-0.2000
17,9,1976     ,-0.1199,-0.4735,0.5640,0.1129,-0.3035,-0.2431,-0.1034,-0.3470,0.3296
17,9,1977     ,0.5413,0.8263,0.0086,-0.0654,-0.3488,-0.1310,0.0925,-0.0234,0.7841
17,9,1978     ,0.5427,-0.1850,-0.0099,-0.0056,-0.0818,-0.3938,-0.0175,0.5784,0.5181
17,9,1979     ,0.4893,0.2037,0.1906,0.1459,0.1223,0.0159,-0.2386,-0.0927,-0.0171
17,9,1980     ,0.3180,-0.8242,-0.1029,0.1006,0.1295,0.6027,-0.0248,0.1571,0.2028
17,9,1981     ,0.7034,-0.3360,-0.2685,0.0557,0.1605,0.2826,0.3231,0.4685,-0.0917
17,9,1982     ,-0.1611,0.1570,-0.0304,0.1408,0.1280,0.2194,0.1025,0.1594,-0.1394
17,9,1983     ,1.4018,0.1094,0.2108,0.1973,0.1613,0.1307,-0.2326,-0.2359,-0.0264
17,9,1984     ,-0.2924,-0.0512,0.0658,0.1494,0.1246,0.4296,0.0405,0.0182,-0.4344
17,9,1985     ,-0.1504,0.0632,-0.6161,-0.0598,0.0989,0.2971,0.4525,0.2956,0.2241
17,9,1986     ,-0.2925,0.2253,-0.1918,-0.1480,0.1216,0.0517,-0.2692,0.2599,-0.5890
17,9,1987     ,-1.1666,-0.6135,-0.2519,-0.0711,0.1593,-0.0173,0.1079,-0.0824,0.1182
17,9,1988     ,0.2860,0.6533,-0.0939,-0.1662,0.1323,0.2228,-0.2074,-0.0753,-0.6497
17,9,1989     ,-0.8918,-0.5566,-0.1720,-0.1429,-0.0539,0.3153,0.0132,-0.1580,0.3708
17,9,1990     ,0.4045,0.2229,0.0427,0.0741,0.1416,0.4011,-0.4680,-0.2843,-0.4360
17,9,1991     ,2.1907,-0.6383,0.1040,-0.3297,-0.0708,0.2339,-0.0795,-0.0489,0.1687
17,9,1992     ,0.5840,0.1482,-0.0855,-0.0582,-0.1156,-0.0897,0.1756,0.5754,-0.5647
17,9,1993     ,1.3981,-0.2724,-0.1335,-0.0377,-0.0779,0.0088,-0.1927,-0.2236,0.3128
17,9,1994     ,0.5350,-0.2576,-0.2686,-0.0066,0.0352,0.2068,0.4629,0.1550,-0.0758
17,9,1995     ,2.7493,-0.3075,-0.2169,0.0620,-0.0562,-0.0266,0.2505,0.5179,0.1820
17,9,1996     ,0.6503,-0.4346,-0.2023,0.0199,0.0799,0.0439,-0.0038,0.1588,0.2665
17,9,1997     ,-1.4457,-0.1940,-0.0509,0.1433,0.0910,0.2115,-0.1496,-0.1823,-0.1075
17,9,1998     ,-0.4333,0.0567,-0.0560,-0.0725,0.1061,0.1773,0.2523,0.1790,-0.2619
17,9,1999     ,-0.6458,0.1067,0.0718,0.0732,0.0855,-0.0232,0.0055,-0.1178,-0.1566
17,9,2000     ,-4.3281,-1.0190,-0.2631,-0.0292,-0.0060,0.0904,0.1419,0.4471,0.1055
17,9,2001     ,-1.6879,-0.8662,-0.4962,-0.3315,-0.0533,0.3195,0.3159,0.3139,0.4167
17,9,2002     ,1.3207,-0.5834,-0.3517,0.1233,0.0496,-0.0763,-0.1300,0.2661,-0.0381
17,9,2003     ,0.4300,1.1630,0.4571,-0.0221,0.0448,-0.0949,-0.4529,-0.6593,-0.6320
17,9,2004     ,-0.0747,0.6424,0.2224,-0.2644,0.0614,0.1970,0.3029,-0.0115,-0.7011
17,9,2005     ,-0.5961,0.3245,0.5691,-0.0807,-0.3315,-0.0292,0.0545,0.1159,-0.2909
17,9,2006     ,-0.9706,0.5483,0.1717,0.1903,-0.1474,-0.1103,0.2525,-0.0023,-0.2877
17,9,2007     ,-0.4999,0.4465,0.0463,0.1192,-0.0060,-0.3136,-0.0301,0.2646,0.0938
17,9,2008     ,0.5189,0.3195,-0.0275,0.0732,0.0240,-0.2162,-0.1186,0.3496,0.1889
17,9,2009     ,0.1356,-0.5305,0.1790,-0.1072,0.0463,-0.1464,-0.2382,-0.0579,0.5598
17,9,2010     ,-1.2114,-0.3776,0.2407,-0.3020,-0.3105,-0.1865,0.1095,-0.3708,0.5288
17,9,2011     ,-1.7088,-0.2812,0.2785,-0.0317,-0.2139,-0.4736,-0.0942,0.2074,-0.6556
17,9,2012     ,0.0698,0.2988,-0.4801,-0.1707,0.1052,-0.3419,0.2213,0.2497,0.0327
17,9,2013     ,0.6251,0.2802,-0.3445,-0.0361,-0.0112,0.1913,-0.1102,-0.0806,-0.1422
17,9,2014     ,0.6833,0.2328,0.0767,0.2118,0.1098,0.0199,-0.2127,-0.5789,-0.7444
17,9,2015     ,0.7604,0.1030,0.2996,0.0959,-0.0731,0.2326,0.0577,-0.3448,-0.9865
17,9,2016     ,0.6292,-0.2332,-0.1957,0.1340,0.0463,0.0279,0.1186,-0.0435,-0.1975
# Species,Quarter,Year, Age_0, Age_1, Age_2, Age_3, Age_4, Age_5, Age_6, Age_7, Age_8, Age_9, Age_10
18,9,1974     ,-0.2684,0.8076,0.2554,-0.0668,0.0888,-0.1412,0.1818,0.2304,-0.3552,-0.1101,-0.1571
18,9,1975     ,-0.6210,0.4021,0.3068,-0.1079,0.1334,0.0755,0.2246,0.2104,-0.1573,0.4913,0.3104
18,9,1976     ,0.1414,0.5523,-0.0702,0.2508,-0.1979,0.4073,0.2926,-0.1195,-0.7516,-0.1631,-0.1656
18,9,1977     ,-0.7463,0.6982,0.2222,-0.0815,0.1147,0.3767,0.0916,0.1754,0.6319,-0.3951,-0.4834
18,9,1978     ,-0.3587,-0.0314,0.2194,-0.1902,0.2688,-0.0209,0.3370,0.0644,0.3748,1.2973,0.0270
18,9,1979     ,0.1570,-0.5577,0.2191,0.0339,-0.0761,0.3570,-0.2072,0.0190,-0.1720,0.0180,0.0178
18,9,1980     ,0.1334,-0.6936,0.0898,0.1069,0.0996,-0.0531,0.3639,-0.3422,0.1729,-0.3711,0.4022
18,9,1981     ,0.7347,-0.2575,-0.3274,0.3526,0.1197,-0.0737,-0.1286,0.4599,-0.7048,0.8194,-0.3503
18,9,1982     ,0.5744,-0.1795,-0.1325,0.2515,0.1901,-0.2298,-0.1704,0.8443,0.1651,-0.8808,-0.3703
18,9,1983     ,0.4898,-0.1959,-0.0946,0.1139,0.2478,0.0144,-0.2038,-0.4824,0.6073,-0.3214,0.0322
18,9,1984     ,-0.2258,-0.1102,-0.1694,-0.0254,0.2064,0.2265,-0.2429,-0.2408,-0.6432,0.3122,-0.3134
18,9,1985     ,0.7307,0.3646,-0.2385,0.0767,0.1037,0.1019,0.4299,-0.2786,-0.3356,-0.3862,0.4323
18,9,1986     ,-1.1064,-0.0904,0.0295,0.2198,0.2285,-0.0763,-0.1602,-0.2268,-0.5360,-0.0394,0.7140
18,9,1987     ,-0.8092,-0.3871,0.1061,-0.2253,0.0666,-0.1702,0.0858,0.2138,0.1598,0.1467,0.7882
18,9,1988     ,-0.1111,-0.1355,-0.1649,-0.0139,-0.0731,0.2328,0.0348,-0.5313,0.1465,0.3890,-0.0362
18,9,1989     ,-0.5661,0.2108,-0.1231,0.1065,-0.2016,-0.0801,0.3284,-0.0115,-0.5245,0.5080,0.6587
18,9,1990     ,-1.2635,0.3352,0.3987,-0.1404,0.1943,-0.4014,-0.0668,-0.1694,0.0075,-0.4581,-0.3956
18,9,1991     ,0.4063,0.1362,0.1543,0.0083,-0.2667,0.2337,-0.3218,0.2546,0.2368,0.5977,-0.1549
18,9,1992     ,0.9633,-0.1298,0.2049,0.2376,0.1312,0.0102,0.6486,-0.1568,0.7223,0.4729,1.0648
18,9,1993     ,1.1240,-0.1144,-0.0405,0.1419,0.0285,-0.0209,0.3363,0.2434,-0.2927,1.1559,0.7981
18,9,1994     ,-0.8260,-0.2324,-0.2241,-0.0876,0.2284,0.1804,0.1621,0.6890,0.3889,0.3651,0.6356
18,9,1995     ,1.1307,-0.3975,-0.1837,0.0652,0.1017,0.3065,0.2427,-0.1955,0.9907,-0.0473,-0.2162
18,9,1996     ,1.0056,-1.1726,-0.2881,-0.0242,0.1270,0.1375,0.5959,1.1410,-0.0661,1.1104,-0.3747
18,9,1997     ,0.1515,0.2526,-0.2519,0.0167,-0.0024,0.3686,0.2488,0.2083,0.2297,-0.3672,0.0801
18,9,1998     ,0.2000,0.1270,0.1151,-0.2402,0.3171,0.0904,0.0264,-0.3107,-0.2608,0.3163,-0.0670
18,9,1999     ,-1.1136,0.1801,-0.0642,-0.1049,-0.0691,0.2892,0.1031,-0.2089,-0.2277,-1.1364,-0.6635
18,9,2000     ,-0.9107,-0.6833,0.5241,0.1821,0.0120,-0.1296,-0.0970,-0.4509,-1.0161,-1.4357,-1.4986
18,9,2001     ,-0.2450,-0.2439,-0.4399,0.0329,-0.0787,-0.0919,0.3414,-0.1617,0.4668,-0.4216,-0.1370
18,9,2002     ,2.2448,0.9003,-0.4945,-0.4671,-0.3993,-0.2066,0.0259,0.6583,0.4430,2.1464,0.0498
18,9,2003     ,0.6695,0.2367,0.1999,-0.4325,-0.2467,-0.1906,0.0296,-0.0800,0.7049,0.3153,1.4344
18,9,2004     ,0.2691,0.7156,0.2896,-0.3279,-0.1965,0.1454,-0.3511,-0.5908,-0.7967,0.1629,0.1523
18,9,2005     ,-1.0102,0.5059,0.3350,-0.1365,-0.3555,0.1679,0.3909,-0.7544,-0.4922,-0.8270,-0.4974
18,9,2006     ,-1.0529,-0.4909,0.2813,-0.1261,-0.2049,0.1348,0.0506,0.1826,-1.1030,-0.8337,-0.8519
18,9,2007     ,-0.9830,-0.6421,-0.3720,0.0187,-0.1184,0.1267,0.3365,0.4060,0.1183,-0.4377,-0.6742
18,9,2008     ,0.7109,-0.0222,-0.0085,-0.5008,-0.0692,-0.0589,0.4464,0.4016,0.4998,0.7264,-0.7838
18,9,2009     ,0.0423,0.1959,-0.1828,-0.1621,0.1863,-0.1730,-0.1094,0.2711,0.4930,-0.1914,0.1624
18,9,2010     ,0.7851,0.3540,0.1074,-0.0310,-0.3125,0.0914,-0.3415,-0.2667,-0.2670,0.1621,-0.4928
18,9,2011     ,1.2105,-0.5012,-0.8854,-0.0575,0.0141,0.2111,0.1099,-0.0728,-0.0345,-0.1403,-1.1283
18,9,2012     ,-0.1671,0.3329,-0.4997,-0.2801,-0.1737,-0.0544,-0.0541,0.3127,-0.0987,0.8943,0.7803
18,9,2013     ,0.1747,0.5023,0.2956,-0.4142,0.2941,-0.3058,-0.2192,-0.3768,0.4665,-0.7468,-1.2592
18,9,2014     ,-1.1251,-0.1466,0.0929,0.0021,0.0328,0.1100,-0.8637,-0.5496,-0.8999,-0.0617,-1.5324
18,9,2015     ,0.0181,-1.0213,0.1382,-0.0145,-0.6540,0.2328,-0.0003,-0.3102,-0.6208,-0.0225,-0.0020
18,9,2016     ,-0.6136,0.1121,0.1007,0.3171,-0.0273,-0.3138,-0.7304,0.5842,-0.1603,-0.1925,-0.5701
# Species,Quarter,Year, Age_0, Age_1, Age_2, Age_3, Age_4, Age_5, Age_6, Age_7, Age_8, Age_9, Age_10
19,9,1974,-99.9,-99.9,-99.9,0.9985,0.3279,-0.1272,-0.0500,0.0317,-0.0470,-0.0583,-0.0628
19,9,1975,-99.9,-99.9,-99.9,0.3651,0.1253,-0.2793,-0.1069,0.0951,0.1442,-0.0016,0.1271
19,9,1976,-99.9,-99.9,-99.9,0.9712,0.4928,0.0392,-0.0126,-0.0742,-0.1668,-0.2662,0.0176
19,9,1977,-99.9,-99.9,-99.9,-0.5416,-0.1951,-0.1127,0.0070,0.1077,0.3981,-0.0193,-0.0666
19,9,1978,-99.9,-99.9,-99.9,0.6841,0.2804,0.0622,-0.1783,-0.2422,0.1295,0.0825,0.2382
19,9,1979,-99.9,-99.9,-99.9,-0.3830,-0.1063,-0.0006,0.0155,0.2610,-0.0710,-0.0279,-0.0166
19,9,1980,-99.9,-99.9,-99.9,-0.2455,-0.6090,-0.0092,0.1101,0.1227,-0.0918,-0.0169,0.2619
19,9,1981,-99.9,-99.9,-99.9,-0.5962,-0.6590,-0.3751,-0.0016,0.2260,0.4284,0.0408,0.7894
19,9,1982,-99.9,-99.9,-99.9,-0.1741,0.0246,0.1228,0.2588,0.1285,0.0665,-0.2637,0.1898
19,9,1983,-99.9,-99.9,-99.9,-0.5572,-0.6332,0.0569,0.1747,0.4976,0.2003,0.0376,-0.2562
19,9,1984,-99.9,-99.9,-99.9,0.7353,0.1386,0.0029,0.5125,-0.0173,0.1622,-0.3986,-0.5469
19,9,1985,-99.9,-99.9,-99.9,1.0796,0.7056,0.1176,-0.0782,-0.1320,-0.0909,-0.2950,-0.0977
19,9,1986,-99.9,-99.9,-99.9,-0.6352,0.8536,0.0777,-0.0686,-0.0671,-0.2517,-0.0384,0.0622
19,9,1987,-99.9,-99.9,-99.9,-0.4328,0.5164,0.1047,-0.3234,-0.1019,0.2322,0.1849,0.2734
19,9,1988,-99.9,-99.9,-99.9,-0.3230,-0.2912,0.3311,-0.3163,-0.0580,0.1595,0.3908,-0.0229
19,9,1989,-99.9,-99.9,-99.9,-0.1450,0.1524,0.0817,0.2726,-0.2142,-0.0183,0.0457,-0.0699
19,9,1990,-99.9,-99.9,-99.9,0.5255,0.1939,0.1397,0.0930,-0.1618,-0.0213,-0.1845,-0.1388
19,9,1991,-99.9,-99.9,-99.9,0.4013,0.5516,0.0836,-0.0980,-0.0994,-0.4170,-0.0432,0.1770
19,9,1992,-99.9,-99.9,-99.9,0.3749,0.6164,0.4988,0.0088,-0.2576,-0.3237,-0.4736,-0.0529
19,9,1993,-99.9,-99.9,-99.9,0.7189,-0.3157,-0.2422,-0.3245,-0.0612,0.3249,0.3160,0.2525
19,9,1994,-99.9,-99.9,-99.9,0.6718,0.5125,-0.0226,-0.0686,-0.2687,-0.3787,0.1398,0.5100
19,9,1995,-99.9,-99.9,-99.9,-0.3022,0.1608,-0.2807,-0.6601,0.3884,0.0094,0.5988,0.4434
19,9,1996,-99.9,-99.9,-99.9,-0.1897,-0.3820,-0.0817,0.0326,0.1882,-0.1016,-0.2959,0.3465
19,9,1997,-99.9,-99.9,-99.9,0.0290,0.0033,-0.0285,-0.2375,0.0378,0.0873,-0.1918,0.1418
19,9,1998,-99.9,-99.9,-99.9,0.3771,0.0122,0.0295,-0.0844,-0.0906,-0.1330,0.0176,-0.2784
19,9,1999,-99.9,-99.9,-99.9,-0.5251,-0.2309,-0.0868,-0.2033,-0.0501,0.4231,-0.0759,0.0098
19,9,2000,-99.9,-99.9,-99.9,0.0967,-0.2199,0.0003,0.2177,-0.0336,-0.0837,0.1213,-0.3102
19,9,2001,-99.9,-99.9,-99.9,0.2448,0.5107,0.4540,-0.1846,-0.1433,0.2341,-0.0326,-0.8267
19,9,2002,-99.9,-99.9,-99.9,-0.3891,-0.1133,0.1377,0.1882,-0.2436,-0.2150,0.1106,-0.1752
19,9,2003,-99.9,-99.9,-99.9,0.3850,-0.2624,-0.3900,0.0153,0.1765,-0.0319,0.0723,0.1243
19,9,2004,-99.9,-99.9,-99.9,0.1893,0.1225,-0.3075,0.2988,-0.1606,-0.0017,0.6836,-0.3525
19,9,2005,-99.9,-99.9,-99.9,-0.5488,-0.3039,0.0036,0.3833,0.1359,0.0469,-0.2584,-0.2925
19,9,2006,-99.9,-99.9,-99.9,0.7345,-0.0382,-0.3517,0.1510,0.2263,0.0590,0.1328,-0.3117
19,9,2007,-99.9,-99.9,-99.9,0.9375,0.1840,0.0046,0.0653,0.2750,0.1588,-0.3986,-0.3542
19,9,2008,-99.9,-99.9,-99.9,-0.2980,0.3095,0.0223,-0.1254,-0.0328,-0.0625,0.2445,0.0956
19,9,2009,-99.9,-99.9,-99.9,-0.2373,0.0261,-0.0543,0.0025,0.0909,0.1503,-0.2140,-0.0256
19,9,2010,-99.9,-99.9,-99.9,-0.6234,-0.4130,-0.0660,-0.1011,-0.0108,0.2175,0.1833,0.0172
19,9,2011,-99.9,-99.9,-99.9,0.4022,0.0889,0.0445,-0.1920,-0.0659,-0.0126,-0.2003,0.6523
19,9,2012,-99.9,-99.9,-99.9,-0.0091,0.0722,0.1557,0.0049,-0.0204,-0.1510,-0.1767,0.2301
19,9,2013,-99.9,-99.9,-99.9,-0.4273,0.4173,-0.3874,0.1488,0.0400,0.2610,-0.2160,0.1619
19,9,2014,-99.9,-99.9,-99.9,-0.4802,-0.2109,0.0127,-0.0814,0.1475,0.0336,-0.2982,0.0540
19,9,2015,-99.9,-99.9,-99.9,-0.3354,-0.1805,0.1106,0.0425,-0.1500,-0.1523,0.2037,-0.1180
19,9,2016,-99.9,-99.9,-99.9,-0.4215,-0.1673,0.3410,-0.1166,-0.3217,0.2674,-0.2016,0.3490
# Species,Quarter,Year, Age_0, Age_1, Age_2, Age_3, Age_4, Age_5, Age_6, Age_7, Age_8, Age_9, Age_10
20,9,1974,-99.9,-0.1813,-0.1435,-0.0568,-0.0896,-0.0337,0.0827,0.0341,0.0401,0.0508,0.0445
20,9,1975,-99.9,0.3438,-0.1925,-0.0768,-0.1125,-0.0220,0.0742,0.0215,0.0351,0.0411,-0.0202
20,9,1976,-99.9,0.2639,0.3183,-0.1349,-0.1331,-0.0368,0.0950,0.0242,0.0347,0.0483,-0.0437
20,9,1977,-99.9,-0.3160,0.2135,0.3480,-0.2243,-0.0864,0.0502,0.0148,0.0078,0.0183,-0.0811
20,9,1978,-99.9,0.1706,-0.3768,0.2336,0.2507,-0.1939,-0.0151,-0.0464,-0.0191,-0.0262,-0.1323
20,9,1979,-99.9,-0.2820,0.1596,-0.3002,0.2042,0.3568,-0.0452,-0.0321,0.0001,0.0274,-0.1816
20,9,1980,-99.9,1.1424,1.1173,0.1520,0.3814,-0.1735,-0.5192,-0.0278,0.0550,-0.0571,-0.4225
20,9,1981,-99.9,0.5753,0.6889,0.3060,-0.5956,-0.0117,-0.2731,-0.5234,0.2343,0.1786,0.2437
20,9,1982,-99.9,0.1584,0.4069,0.3800,0.0433,-0.5902,0.0228,-0.4670,-0.3377,0.3331,0.2643
20,9,1983,-99.9,0.1446,0.8098,0.2867,0.2307,0.0019,-0.4272,-0.0568,-0.3526,-0.3888,0.2466
20,9,1984,-99.9,0.1113,0.0504,0.5140,0.0639,-0.0282,-0.0179,-0.1863,-0.0804,-0.4063,-0.1612
20,9,1985,-99.9,0.6459,-0.8511,-0.5149,0.1149,-0.0919,-0.0755,-0.1838,0.1833,0.1484,0.1304
20,9,1986,-99.9,-0.0499,0.5208,-0.4650,-0.2651,0.1345,0.0338,-0.1147,-0.1333,0.2472,0.1400
20,9,1987,-99.9,-0.6433,0.2111,0.5964,-0.2450,-0.0417,-0.0938,-0.2067,-0.2163,-0.0517,0.1062
20,9,1988,-99.9,0.2276,-0.1471,0.0333,0.2200,0.0846,0.1156,-0.1982,-0.1190,-0.3511,-0.0905
20,9,1989,-99.9,-0.0468,0.4564,0.1382,-0.0165,0.1483,0.1040,0.0449,-0.2488,-0.1630,-0.2430
20,9,1990,-99.9,0.3489,0.4085,0.3619,-0.0245,-0.0051,-0.0314,0.0586,0.1792,-0.2220,-0.5778
20,9,1991,-99.9,-0.3678,-0.0549,-0.0586,0.0299,-0.1175,-0.0934,-0.2580,0.4673,0.2701,-0.2404
20,9,1992,-99.9,-0.3060,-0.1675,0.0534,0.0068,-0.1096,-0.1385,-0.1278,-0.3165,0.7686,-0.1506
20,9,1993,-99.9,-0.2352,-0.1266,0.0062,0.0310,0.0479,-0.0541,-0.0147,0.0951,-0.0722,0.0253
20,9,1994,-99.9,-0.2375,-0.3610,-0.0328,-0.0420,-0.0303,0.0982,-0.0916,0.1151,0.3709,-0.1877
20,9,1995,-99.9,-0.6206,0.0453,-0.0992,-0.0763,-0.0639,-0.0023,0.2151,-0.0098,0.2845,-0.0025
20,9,1996,-99.9,0.2594,-0.2244,0.0694,-0.0277,0.0190,-0.0861,0.0590,0.0580,0.1293,-0.0565
20,9,1997,-99.9,0.4239,0.1030,-0.1084,0.1806,0.0842,0.0824,0.0377,-0.0666,0.1742,-0.2328
20,9,1998,-99.9,0.1146,0.1359,0.0722,0.0296,0.2214,0.1005,0.0605,0.2056,-0.0900,-0.2806
20,9,1999,-99.9,-0.2457,-0.2610,-0.1823,-0.0103,0.0752,0.1184,0.0471,0.1723,0.2657,-0.1122
20,9,2000,-99.9,-0.1896,-0.3609,0.0703,0.2051,0.2013,0.1214,-0.0864,-0.0199,0.0041,-0.0817
20,9,2001,-99.9,-0.7674,-0.4794,-0.2052,0.0440,0.1405,0.2377,0.1204,-0.0372,0.0214,0.1020
20,9,2002,-99.9,0.0294,-1.0155,-0.0369,0.0499,0.0534,0.1224,0.0022,0.0361,-0.0335,-0.0299
20,9,2003,-99.9,-0.4309,-0.3041,-0.8900,-0.1342,0.0623,0.2259,0.0257,0.2352,0.2922,0.0834
20,9,2004,-99.9,-0.5464,0.6754,0.5314,-0.1170,0.1221,-0.0467,-0.2317,-0.2021,-0.1276,-0.2635
20,9,2005,-99.9,-0.1242,0.2497,0.6537,0.0785,0.0603,-0.0433,-0.1928,-0.0389,-0.1774,-0.2846
20,9,2006,-99.9,0.8011,0.3777,-0.1530,0.2644,-0.1418,0.2119,-0.1072,-0.0736,0.0095,-0.1129
20,9,2007,-99.9,-0.0607,-0.0874,-0.2709,-0.2135,0.0901,-0.0655,0.0965,0.1034,0.2549,0.1043
20,9,2008,-99.9,-0.2325,-0.3539,-0.0378,-0.1759,0.0378,-0.2411,-0.2412,0.4283,0.1298,0.1254
20,9,2009,-99.9,-0.6067,-0.5160,-0.0369,0.2403,0.0003,0.1297,-0.2116,-0.1495,0.3948,-0.1599
20,9,2010,-99.9,0.4065,-0.2309,-0.2390,0.2605,0.2583,0.0851,-0.0621,-0.2805,-0.0422,0.2021
20,9,2011,-99.9,-0.1330,-0.1674,-0.0941,-0.0055,0.1474,0.2128,0.1676,0.2504,-0.3809,0.0754
20,9,2012,-99.9,-0.0148,0.1200,-0.2215,0.0005,0.0135,0.1151,0.0684,0.2092,0.3421,-0.2458
20,9,2013,-99.9,0.0958,0.2153,0.0083,0.0356,-0.0235,0.0302,-0.1737,-0.0358,0.4068,0.0769
20,9,2014,-99.9,-0.1186,-0.1106,0.2233,0.2212,0.1550,0.0658,0.1243,0.0772,-0.0834,-0.1938
20,9,2015,-99.9,0.3260,-0.0508,-0.2630,-0.1352,-0.0164,0.1240,0.0525,0.3679,0.1659,0.0400
20,9,2016,-99.9,0.2518,-0.0266,-0.1011,0.0254,-0.1392,-0.0461,0.0819,0.1823,0.1909,-0.1940
# Species,Quarter,Year, Age_0, Age_1, Age_2, Age_3, Age_4, Age_5, Age_6, Age_7, Age_8, Age_9, Age_10
26,9,1974,-99.9,-0.0190,-0.0807,-0.0251,-0.0102,0.1544,-0.0600,0.0047,0.0640,0.0134,0.0511
26,9,1975,-99.9,0.3829,-0.0065,-0.0068,-0.1253,-0.0216,0.0524,0.0352,0.0287,-0.0422,0.0330
26,9,1976,-99.9,0.5103,0.0206,-0.0365,-0.0501,-0.2291,-0.0411,0.1723,0.0959,0.0107,0.0598
26,9,1977,-99.9,0.3679,0.0363,0.0375,-0.0230,0.2520,-0.0472,0.0732,-0.0671,-0.0003,-0.1150
26,9,1978,-99.9,0.4809,0.0151,-0.0074,-0.0100,-0.0038,0.0696,0.3166,0.0335,-0.2698,-0.1270
26,9,1979,-99.9,0.3407,0.0935,-0.0497,-0.1120,-0.0305,0.1006,0.0490,0.0613,-0.0433,-0.1257
26,9,1980,-99.9,0.0303,-0.0341,0.2132,0.0193,-0.1067,0.0472,0.1180,-0.2137,0.0471,-0.1252
26,9,1981,-99.9,-0.4020,0.0541,0.0383,-0.0927,-0.1260,-0.1066,0.1506,0.0417,-0.3091,0.1707
26,9,1982,-99.9,-0.1178,-0.0354,0.1924,-0.0138,-0.1893,-0.2100,0.1077,0.0174,-0.1254,0.1267
26,9,1983,-99.9,-0.1617,0.0351,0.0066,0.0983,-0.1271,-0.1726,-0.0797,0.0738,-0.0265,0.1290
26,9,1984,-99.9,0.0254,-0.0053,0.0484,0.0694,-0.0951,-0.0468,-0.0339,0.0265,0.1306,0.0317
26,9,1985,-99.9,0.0934,-0.0843,-0.0789,0.2574,0.0417,-0.1337,0.1303,-0.0089,-0.0426,0.2131
26,9,1986,-99.9,-0.0073,0.0451,-0.0781,-0.0023,0.0643,0.2993,-0.1022,-0.0243,0.0072,0.2276
26,9,1987,-99.9,-0.3698,0.1127,0.0234,0.0161,0.2812,0.0623,0.4168,-0.2977,-0.1699,0.1398
26,9,1988,-99.9,-0.3743,0.0205,-0.0063,-0.0347,0.0779,0.1531,0.0673,0.1812,-0.0593,0.3664
26,9,1989,-99.9,-0.4245,0.0230,0.0248,-0.0045,0.0628,0.0199,0.1356,-0.1294,-0.1180,0.3526
26,9,1990,-99.9,0.2113,0.0195,0.0866,0.0619,0.1427,0.0381,-0.0346,-0.2426,-0.3482,0.0635
26,9,1991,-99.9,0.4364,-0.0086,-0.0304,-0.0278,-0.0492,-0.0144,0.1942,-0.1031,-0.1703,-0.0550
26,9,1992,-99.9,0.2999,-0.1368,-0.2183,-0.1405,0.0579,-0.0094,0.0105,0.0297,-0.0029,0.2562
26,9,1993,-99.9,0.3467,-0.1793,-0.1938,-0.2220,0.0311,-0.0098,0.1297,-0.2661,0.0580,0.3052
26,9,1994,-99.9,-0.0656,-0.1905,-0.0671,-0.0775,-0.1546,0.0520,0.3416,0.0021,-0.3461,0.3059
26,9,1995,-99.9,0.2193,-0.2385,0.0095,0.1167,0.0943,0.0895,0.5379,-0.1195,-0.2566,-0.3782
26,9,1996,-99.9,-0.0628,0.2573,-0.1521,-0.0907,-0.1708,-0.1522,0.2704,0.1026,-0.2713,-0.0961
26,9,1997,-99.9,-1.0343,0.5307,0.3672,-0.2617,-0.0274,-0.0774,0.1090,-0.0691,0.0085,-0.1723
26,9,1998,-99.9,-0.0749,-0.0581,0.5565,0.3975,-0.0033,-0.0819,0.1134,-0.1397,-0.0513,0.0512
26,9,1999,-99.9,0.1527,-0.2246,-0.0919,0.2695,-0.1217,0.4242,0.2009,0.0329,-0.0305,0.2053
26,9,2000,-99.9,0.0330,-0.0864,-0.3052,0.3377,-0.0375,0.1376,0.3331,0.0363,-0.0104,0.2665
26,9,2001,-99.9,-0.7745,0.2504,0.4426,0.4420,0.3806,-0.2824,-0.0526,-0.2332,-0.2403,0.3243
26,9,2002,-99.9,0.3011,0.0933,-0.2540,-0.1444,0.1769,0.0300,0.2705,-0.0909,0.0575,0.2754
26,9,2003,-99.9,-0.7403,-0.2360,-0.1392,-0.3107,0.0263,0.3730,0.9234,0.0540,-0.1723,0.2835
26,9,2004,-99.9,0.1200,0.1704,0.0116,0.1407,-0.2287,0.2012,0.4926,0.0307,-0.5763,-0.2420
26,9,2005,-99.9,-0.2882,0.0471,-0.1029,-0.1112,0.1848,0.1699,0.5360,0.2559,-0.2820,-0.4789
26,9,2006,-99.9,0.5421,0.1556,0.1061,-0.0575,-0.1887,-0.1391,0.2730,-0.0241,-0.1380,-0.1604
26,9,2007,-99.9,-0.8235,0.1071,0.0362,-0.3113,-0.0243,0.0091,0.0743,0.1363,0.1434,-0.2232
26,9,2008,-99.9,0.1411,0.0548,-0.0715,-0.0542,-0.1493,-0.1262,0.7484,0.0608,-0.8633,-0.5455
26,9,2009,-99.9,0.2307,-0.1293,-0.2944,-0.2993,-0.2696,-0.2396,-0.0625,0.1186,-0.9230,0.9326
26,9,2010,-99.9,0.3070,0.0145,-0.1874,-0.0822,-0.2490,-0.1226,0.3951,-0.1191,-0.3544,-0.4918
26,9,2011,-99.9,-0.3626,-0.4465,-0.2644,0.0299,-0.0249,-0.1871,0.0123,0.3359,-0.4563,1.0770
26,9,2012,-99.9,-0.2493,0.0423,0.1368,0.0446,-0.0405,-0.0587,-0.0255,-0.3904,-0.1851,-0.2304
26,9,2013,-99.9,0.1778,-0.1125,0.1279,0.1218,0.0193,0.1621,0.3342,-0.2266,-0.2387,-0.6124
26,9,2014,-99.9,0.8110,-0.0564,0.2005,0.1148,0.1944,-0.1009,0.2589,-0.0359,-0.3492,-0.8410
26,9,2015,-99.9,0.1607,0.1109,0.1547,0.1169,-0.0727,-0.0162,0.1898,0.0987,-0.5384,-0.5923
26,9,2016,-99.9,-0.1168,0.0530,-0.0631,0.2126,0.2743,0.0038,0.4014,0.0943,-0.1721,-0.9299
# Species,Quarter,Year, Age_0, Age_1, Age_2, Age_3, Age_4, Age_5, Age_6, Age_7, Age_8, Age_9, Age_10
27,9,1974,-99.9,-99.9,-0.1451,0.0640,0.0726,-0.0330,0.0766,0.1174,-0.1228,-0.0109,-0.1510
27,9,1975,-99.9,-99.9,0.3753,-0.0757,0.1004,-0.0382,0.0102,-0.0586,0.0336,0.0926,-0.0812
27,9,1976,-99.9,-99.9,-0.6478,0.0761,-0.0877,0.1242,-0.0975,0.1280,0.1131,-0.1918,0.0780
27,9,1977,-99.9,-99.9,0.4704,0.0740,0.1499,0.1720,-0.1749,-0.4022,0.1157,-0.1250,0.1855
27,9,1978,-99.9,-99.9,0.1512,-0.0565,-0.2385,-0.1139,-0.0082,0.2830,0.4577,-0.2193,-0.0370
27,9,1979,-99.9,-99.9,0.0550,0.1302,0.0284,-0.0586,-0.1448,-0.1070,0.0341,0.0332,0.0274
27,9,1980,-99.9,-99.9,-0.6158,-0.0718,-0.0599,0.0983,-0.1289,0.2259,0.1494,-0.2953,0.1139
27,9,1981,-99.9,-99.9,0.2600,-0.1614,-0.0059,0.0445,0.0803,0.2160,-0.1956,0.0270,-0.0596
27,9,1982,-99.9,-99.9,-0.0303,0.0605,-0.1754,0.0906,0.0592,-0.0518,0.1479,-0.2118,0.0744
27,9,1983,-99.9,-99.9,0.3714,-0.0512,0.0531,-0.2887,-0.0937,0.0121,-0.0297,0.2454,0.0639
27,9,1984,-99.9,-99.9,0.0944,-0.0046,-0.0599,-0.0268,0.4744,0.1058,-0.2215,-0.2621,-0.0627
27,9,1985,-99.9,-99.9,0.1824,-0.0111,0.0276,0.0770,-0.1397,0.0853,-0.1228,-0.1290,0.0684
27,9,1986,-99.9,-99.9,-0.6865,-0.2812,-0.2359,-0.0676,0.1937,0.1453,-0.1209,0.0273,0.4716
27,9,1987,-99.9,-99.9,0.1854,-0.1230,-0.0385,-0.0489,-0.0139,-0.0105,-0.0219,0.3336,0.1037
27,9,1988,-99.9,-99.9,0.1409,0.1338,0.1837,0.1370,0.1110,0.0593,-0.0882,-0.0800,-0.2900
27,9,1989,-99.9,-99.9,-0.4411,0.0720,0.2212,0.0292,-0.0052,0.0521,-0.1650,-0.1039,-0.1076
27,9,1990,-99.9,-99.9,-0.3373,-0.1122,0.0269,-0.0600,0.1579,-0.0110,0.0515,-0.1404,-0.0135
27,9,1991,-99.9,-99.9,-1.0235,-0.1076,-0.0926,0.1789,-0.3412,0.0914,0.0680,0.0067,0.1351
27,9,1992,-99.9,-99.9,-0.6481,-0.1967,-0.0934,-0.1197,-0.0255,0.2161,-0.1573,0.0806,0.2499
27,9,1993,-99.9,-99.9,-0.2775,-0.2359,-0.1744,0.3364,0.1086,0.1110,-0.2253,-0.1296,0.0758
27,9,1994,-99.9,-99.9,-0.5544,-0.1590,-0.0080,-0.0262,0.2225,0.0740,-0.4847,0.0909,0.2074
27,9,1995,-99.9,-99.9,0.3398,-0.0747,0.1896,0.0460,-0.0379,0.0462,0.1690,-0.2109,-0.1332
27,9,1996,-99.9,-99.9,-0.1422,-0.0612,0.1755,-0.2669,0.1218,0.0446,-0.3429,-0.0686,0.2276
27,9,1997,-99.9,-99.9,-0.6913,-0.0432,-0.0442,0.0337,0.1457,0.0523,0.2619,-0.4468,-0.0051
27,9,1998,-99.9,-99.9,0.0864,-0.1446,0.0304,-0.0161,-0.0601,-0.0309,0.2963,0.1060,-0.3102
27,9,1999,-99.9,-99.9,-0.3188,0.1066,-0.0735,0.0614,-0.0408,-0.1629,-0.0918,0.2371,-0.1272
27,9,2000,-99.9,-99.9,-0.2610,-0.0248,0.0396,-0.2949,-0.0458,0.2815,-0.0022,-0.2656,0.0771
27,9,2001,-99.9,-99.9,0.1334,-0.0879,0.2034,0.0671,-0.0512,-0.1198,0.0644,-0.0969,-0.0981
27,9,2002,-99.9,-99.9,0.7059,0.1938,-0.0205,0.1291,0.0002,0.0290,0.2309,-0.3775,-0.2991
27,9,2003,-99.9,-99.9,0.1844,0.2973,-0.0785,-0.0434,0.2052,-0.1773,0.1614,-0.6568,0.3310
27,9,2004,-99.9,-99.9,0.6861,0.1544,0.1032,-0.1265,-0.2531,-0.4773,-0.4674,0.7687,0.2518
27,9,2005,-99.9,-99.9,0.4224,0.2287,-0.0265,-0.1505,-0.0752,0.0884,-0.3219,-0.1329,0.3515
27,9,2006,-99.9,-99.9,0.7364,0.2185,-0.0949,-0.1332,-0.1648,-0.0279,0.1587,-0.0029,0.0630
27,9,2007,-99.9,-99.9,0.4422,0.2022,0.0397,0.0195,-0.0587,-0.1312,-0.2337,0.3575,0.0811
27,9,2008,-99.9,-99.9,-0.0466,0.0377,-0.0038,-0.0136,0.0132,0.0513,-0.0251,0.0908,0.1015
27,9,2009,-99.9,-99.9,0.4350,-0.1473,-0.0572,-0.1235,-0.0415,0.1463,-0.0883,0.0105,0.3984
27,9,2010,-99.9,-99.9,0.4687,0.1178,-0.1447,-0.1485,-0.0873,0.0068,-0.0356,0.1634,0.2445
27,9,2011,-99.9,-99.9,-0.2287,0.2706,-0.0143,0.0536,0.0034,0.1672,-0.0075,-0.3477,0.0296
27,9,2012,-99.9,-99.9,-0.2317,-0.1931,-0.1377,-0.2316,-0.1167,0.1616,0.1313,0.0794,0.3674
27,9,2013,-99.9,-99.9,0.1476,-0.0837,-0.0745,-0.0926,-0.1045,0.2765,0.2384,-0.0824,-0.0568
27,9,2014,-99.9,-99.9,0.0741,-0.1284,-0.0753,-0.1037,-0.0793,0.5471,-0.0387,-0.1543,0.0862
27,9,2015,-99.9,-99.9,0.0451,0.1351,0.0136,0.1025,0.0105,0.0307,-0.0191,0.1369,-0.3216
27,9,2016,-99.9,-99.9,-0.0093,-0.0581,-0.0641,0.1244,0.1414,0.2327,-0.1919,-0.3808,0.1693