# F status quo
# Cod        
 0.009134 0.043059 0.077389 0.075480 0.084218 0.090302 0.079099 0.072709 0.042337 0.042337
 0.009134 0.043059 0.077389 0.075480 0.084218 0.090302 0.079099 0.072709 0.042337 0.042337
 0.000000 0.009134 0.043059 0.077389 0.075480 0.084218 0.090302 0.079099 0.072709 0.042337 0.042337
 0.000000 0.009134 0.043059 0.077389 0.075480 0.084218 0.090302 0.079099 0.072709 0.042337 0.042337
# Whiting    
 0.010934 0.035765 0.052896 0.073325 0.099713 0.104531 0.104531 0.104531
 0.010934 0.035765 0.052896 0.073325 0.099713 0.104531 0.104531 0.104531
 0.000267 0.010934 0.035765 0.052896 0.073325 0.099713 0.104531 0.104531 0.104531
 0.000267 0.010934 0.035765 0.052896 0.073325 0.099713 0.104531 0.104531 0.104531
# Haddock    
 0.008760 0.034597 0.061957 0.076999 0.081042 0.086685 0.099515 0.099515 0.099515 0.099515
 0.008760 0.034597 0.061957 0.076999 0.081042 0.086685 0.099515 0.099515 0.099515 0.099515
 0.000956 0.008760 0.034597 0.061957 0.076999 0.081042 0.086685 0.099515 0.099515 0.099515 0.099515
 0.000956 0.008760 0.034597 0.061957 0.076999 0.081042 0.086685 0.099515 0.099515 0.099515 0.099515
# Saithe     
 0.000000 0.000000 0.024272 0.057797 0.073685 0.071188 0.064367 0.059665 0.059665 0.059665
 0.000000 0.000000 0.024272 0.057797 0.073685 0.071188 0.064367 0.059665 0.059665 0.059665
 0.000000 0.000000 0.000000 0.024272 0.057797 0.073685 0.071188 0.064367 0.059665 0.059665 0.059665
 0.000000 0.000000 0.000000 0.024272 0.057797 0.073685 0.071188 0.064367 0.059665 0.059665 0.059665
# Mackerel   
 0.003270 0.010551 0.027869 0.046455 0.066638 0.085820 0.111998 0.111998 0.111998 0.111998
 0.003270 0.010551 0.027869 0.046455 0.066638 0.085820 0.111998 0.111998 0.111998 0.111998
 0.000000 0.003270 0.010551 0.027869 0.046455 0.066638 0.085820 0.111998 0.111998 0.111998 0.111998
 0.000000 0.003270 0.010551 0.027869 0.046455 0.066638 0.085820 0.111998 0.111998 0.111998 0.111998
# Herring    
 0.007985 0.018457 0.028730 0.037521 0.055025 0.055025 0.055025 0.055025 0.055025
 0.013550 0.031317 0.048749 0.063666 0.093366 0.093366 0.093366 0.093366 0.093366
 0.043405 0.035029 0.080963 0.126027 0.164592 0.241374 0.241374 0.241374 0.241374 0.241374
 0.036977 0.026407 0.061036 0.095008 0.124081 0.181965 0.181965 0.181965 0.181965 0.181965
# N. sandeel 
 0.000000 0.000000 0.000000 0.000000
 0.093870 0.186446 0.324121 0.324121
 0.000000 0.000000 0.000000 0.000000 0.000000
 0.000000 0.000000 0.000000 0.000000 0.000000
# S. sandeel 
 0.000000 0.000000 0.000000 0.000000
 0.018549 0.035985 0.034363 0.034363
 0.000000 0.000000 0.000000 0.000000 0.000000
 0.000000 0.000000 0.000000 0.000000 0.000000
# Nor. pout  
 0.001582 0.009744 0.049913
 0.008552 0.052660 0.107167
 0.000252 0.060292 0.371243 0.214409
 0.003145 0.123742 0.761933 0.761933
# Sprat      
 0.012185 0.086794 0.092120
 0.004948 0.027130 0.029386
 0.000000 0.383779 0.542188 0.363547
 0.000000 0.693191 1.705615 1.705615
# Plaice     
 0.020114 0.053061 0.053347 0.055973 0.053314 0.044706 0.023859 0.023859 0.023859 0.023859
 0.020114 0.053061 0.053347 0.055973 0.053314 0.044706 0.023859 0.023859 0.023859 0.023859
 0.000000 0.020114 0.053061 0.053347 0.055973 0.053314 0.044706 0.023859 0.023859 0.023859 0.023859
 0.000000 0.020114 0.053061 0.053347 0.055973 0.053314 0.044706 0.023859 0.023859 0.023859 0.023859
# Sole       
 0.000000 0.027519 0.064044 0.076954 0.079015 0.071350 0.063782 0.063782 0.063782 0.063782
 0.000000 0.027519 0.064044 0.076954 0.079015 0.071350 0.063782 0.063782 0.063782 0.063782
 0.000000 0.000000 0.027519 0.064044 0.076954 0.079015 0.071350 0.063782 0.063782 0.063782 0.063782
 0.000000 0.000000 0.027519 0.064044 0.076954 0.079015 0.071350 0.063782 0.063782 0.063782 0.063782
