Species.n Year  Rec SSB TSB SOP SOP.hat Yield Yield.hat mean.F Eaten
16 1974  9.0673e+006 181007 397798 252714 245155 200586 199042 0.73288 136210
16 1975  5.0455e+006 167864 393695 241132 251841 187349 188871 0.764927 129735
16 1976  1.89905e+007 151318 420023 305329 253738 200309 184287 0.836646 217444
16 1977  1.00535e+007 122788 404825 347182 282369 174962 175712 0.824111 215279
16 1978  1.53579e+007 118196 467824 327061 366689 256398 274068 0.952178 218344
16 1979  8.21146e+006 113164 436916 428086 301925 255306 244425 0.771178 175124
16 1980  9.00766e+006 126123 458305 587443 348868 267055 255754 0.896225 195060
16 1981  3.30031e+007 131204 496373 390754 342014 313503 275664 0.884977 332133
16 1982  1.23381e+007 123704 407328 356376 342476 284216 257536 0.955751 208516
16 1983  1.04239e+007 106515 381321 279032 307939 247144 249550 0.961725 175116
16 1984  1.01385e+007 94238.1 345115 378275 276546 203321 187520 0.89429 184704
16 1985  8.77666e+006 96176 358793 245642 250694 195755 194452 0.905809 147771
16 1986  6.40605e+006 84629.3 292394 339692 248112 169395 163784 0.986866 138617
16 1987  5.61418e+006 86594.1 337109 243840 273024 184639 197315 0.985469 123482
16 1988  4.79679e+006 84957 267903 193767 218592 173546 182533 0.959834 95058.8
16 1989  4.65826e+006 77958.3 221413 201155 201312 127755 132758 1.00258 93856.4
16 1990  5.6147e+006 75407.3 222007 151592 157911 105385 104564 0.930061 97213.9
16 1991  5.83527e+006 70923.1 177147 119678 146041 92467 104713 0.930295 85258.5
16 1992  4.52293e+006 67619.8 184260 148985 163188 98924.8 105883 0.888942 89535.8
16 1993  6.42023e+006 68563.6 199345 132900 121771 99599.5 93792.8 0.828043 99240
16 1994  6.62008e+006 74759 201583 216500 127381 101050 97426.4 0.843643 106501
16 1995  5.8257e+006 82656.3 236457 198306 159838 136796 119530 0.94566 104002
16 1996  9.00431e+006 82958.8 214403 142941 157384 115187 123881 0.999897 114183
16 1997  6.69127e+006 72106.7 192492 135372 131941 96879.1 97821.1 0.901905 118578
16 1998  7.51652e+006 71217.2 216992 136757 123675 88153.8 82019.9 0.980461 108102
16 1999  1.36453e+007 61479.9 127939 95882.7 93293.6 72998.3 70407.8 1.10153 109802
16 2000  5.10712e+006 45905.7 112402 77117.6 84448.9 60240.6 63634.6 1.04262 72876.4
16 2001  6.75257e+006 51799.8 134503 78723.3 78569.2 48660.7 48468.1 1.00345 80518.7
16 2002  9.97741e+006 45129.6 94781.9 56581.5 57851.8 38654.2 39376.3 0.915345 89214.2
16 2003  1.16122e+007 43216.3 86391.1 51655.7 54061.6 39792.6 39354.3 0.911776 98737.2
16 2004  9.11133e+006 36836.3 73975.5 40848 38113.5 25442.9 23024.2 0.836923 87912.5
16 2005  1.27982e+007 37485.8 79395.7 36580 42578.9 22881.4 24410.7 0.749402 115487
16 2006  8.84246e+006 40546 86208.9 37577 35610 18736.4 20036.9 0.805884 98719.6
16 2007  9.61634e+006 50166.1 101373 54641.2 45300.9 21288.1 19172.1 0.637762 103184
16 2008  1.0503e+007 57155.3 95719.2 51795 54106.4 22763.2 24210.5 0.709658 97845.3
16 2009  8.32444e+006 56222.5 91280.7 54026.1 55733.7 30546.8 31858.3 0.729659 79338.8
16 2010  7.06948e+006 53562.5 91387.4 49105.7 51608.7 33622.5 35078.2 0.712597 76370.1
16 2011  1.36166e+007 59941.6 102808 40686.8 48279.9 29212.3 33289.9 0.575473 119148
16 2012  1.53805e+007 61093.7 96193.7 40764 43826.8 29772.8 32938.6 0.526114 122717
16 2013  1.6132e+007 63073.1 104214 40757.4 43119.7 28228.1 28964.9 0.467221 135281
16 2014  1.17709e+007 71913.5 130461 45192.4 45116 31782.9 30864.2 0.391358 125952
16 2015  1.12874e+007 92243.5 162898 49899.9 49968.8 34154.8 33892.2 0.332357 123308
16 2016  1.28514e+007 111190 172164 50310.5 47146.2 35951.6 34027.7 0.252066 117877
16 2017  NA 133909 NA NA NA NA NA NA NA
17 1974  2.68117e+007 461863 623872 323103 232260 223467 168549 0.854357 466120
17 1975  2.6247e+007 409239 696441 276575 251275 197639 185814 0.857419 515322
17 1976  2.90469e+007 479046 787293 326266 280135 229927 202183 0.912954 610732
17 1977  2.56934e+007 566556 801946 289854 237752 209262 175132 0.731241 546114
17 1978  3.18031e+007 419912 708370 188211 196145 140458 145567 0.664118 625161
17 1979  2.00571e+007 448362 727376 243558 206449 165430 141847 0.651201 490619
17 1980  1.68443e+007 476168 763157 223388 236954 140035 143326 0.730753 478735
17 1981  2.29711e+007 500298 677550 192132 199573 154376 156373 0.651484 525599
17 1982  1.24794e+007 359481 487210 140252 125831 110894 99294.3 0.492263 328565
17 1983  1.2446e+007 279809 391426 161289 132291 108669 88175.8 0.633978 256459
17 1984  1.58562e+007 225588 371043 145648 131453 103320 90311.8 0.759864 299156
17 1985  1.60667e+007 256429 371313 100339 118255 70105 81156.4 0.645846 274345
17 1986  1.89238e+007 250545 438235 161496 162107 83274.8 85893.3 0.817944 337033
17 1987  1.75275e+007 305901 495608 138731 172445 84448.4 98893.3 0.934277 344213
17 1988  2.07135e+007 317790 447616 133220 129926 103420 98788.4 0.719279 331524
17 1989  1.57299e+007 274870 519408 123550 155365 86518 107144 0.7853 380826
17 1990  1.52639e+007 343239 469403 152614 136970 94265.9 84380.6 0.720947 296781
17 1991  1.06175e+007 289216 410779 126730 133943 85660.2 80444.4 0.614983 247348
17 1992  1.5707e+007 257540 360116 108540 111261 73493.2 75336.2 0.559674 259669
17 1993  1.26815e+007 240895 360509 116921 123201 68888.6 69432.1 0.703412 243666
17 1994  1.10384e+007 229517 340942 101644 109036 61333.6 61698.4 0.647067 223148
17 1995  1.07301e+007 228750 329033 105486 100121 69624.5 59937.6 0.570683 223064
17 1996  5.39124e+006 213505 292168 76123.2 82167 40746.1 42028.6 0.523296 162591
17 1997  1.20776e+007 178157 227332 61432.6 60496.3 40623.7 39181.3 0.426279 188033
17 1998  1.98085e+007 147945 217428 47477.5 46573.2 29784.9 29037.6 0.359858 274109
17 1999  2.05178e+007 146659 255383 60835.9 58521.4 35891.4 35101.1 0.461279 307993
17 2000  1.80041e+007 177328 287344 63812.5 92238 35142.3 45003.4 0.55627 274428
17 2001  1.79417e+007 216529 316336 45244.9 68692.3 23737.8 31283.6 0.365261 285320
17 2002  9.68499e+006 231679 326881 46448.9 49897.4 27285.4 29222.9 0.286606 233577
17 2003  1.12811e+007 211807 247796 45642.8 38263.7 15929.8 14962.2 0.260965 189343
17 2004  1.1876e+007 160484 196379 33557 30438.7 14207.4 12720.7 0.220407 190678
17 2005  9.99573e+006 118402 163013 28879.6 26685.9 14970.7 14686.9 0.228989 167099
17 2006  1.00074e+007 104086 142410 36764.6 33086.4 18678.2 16433.2 0.312876 153239
17 2007  1.50862e+007 94296.6 129079 26973.1 24790.9 17021.4 15988.9 0.347467 194625
17 2008  1.19824e+007 92604.5 149992 28242.5 25991.8 13746.5 13293.5 0.356763 187873
17 2009  7.00857e+006 110985 159200 27011.7 26675.7 17654.8 17536.3 0.317488 135315
17 2010  1.38739e+007 127885 173753 30978.4 33187.2 17611.8 19471.2 0.348635 198238
17 2011  1.48021e+007 148326 213133 31987.5 33251.6 16675.1 17600.2 0.302012 241530
17 2012  8.44906e+006 157679 199746 25074.4 29096.1 13699.4 15938.3 0.261104 164449
17 2013  1.17137e+007 144553 173629 26842.3 27322.7 19211.8 19324.2 0.249347 176596
17 2014  1.22706e+007 125818 183286 28003.1 25999.8 16228 15502.2 0.234345 196909
17 2015  1.70318e+007 143666 201360 30029.2 26394 17358.8 15303.6 0.216652 245380
17 2016  1.78353e+007 163996 221745 33842.4 34583.7 17332.9 16924.5 0.277642 260974
17 2017  NA 164871 NA NA NA NA NA NA NA
18 1974  4.76857e+007 312104 823545 396271 301685 222859 202057 0.767724 973483
18 1975  4.68426e+006 141897 1.29732e+006 494728 369707 217674 174332 0.910713 905405
18 1976  8.83038e+006 159474 904494 402849 385005 213499 194477 0.847348 425709
18 1977  1.59637e+007 327205 479285 240340 231075 189074 185400 0.798885 366540
18 1978  2.18332e+007 127529 361228 146706 129540 111269 98716.1 0.849318 450790
18 1979  3.82117e+007 76754.5 488506 149064 146555 111615 105528 0.871722 761920
18 1980  2.16838e+007 85969.6 837527 202451 221574 133632 145928 0.820784 811571
18 1981  2.66235e+007 154360 798380 226485 243265 145513 145375 0.58034 705101
18 1982  1.43468e+007 368395 767569 256108 219375 201811 172259 0.542898 575090
18 1983  1.94147e+007 245147 554752 253230 236362 197210 177940 0.718664 425850
18 1984  6.94423e+006 208248 616174 247089 255434 166562 166605 0.839031 367852
18 1985  7.48391e+006 141870 520738 247098 263313 178039 188702 0.757741 238654
18 1986  1.63625e+007 235403 401713 223727 199197 177443 155052 0.790864 298509
18 1987  2.63728e+006 149029 464014 194995 205005 134119 137446 0.901921 202225
18 1988  1.87055e+006 112889 360534 179974 195940 113525 118505 0.907149 89714.3
18 1989  3.9862e+006 153563 201600 127719 120810 86575.4 82514.6 0.878484 88058.7
18 1990  7.64719e+006 71731.4 135249 86747.9 74284.3 60227.5 53282.9 0.831963 130090
18 1991  8.26625e+006 43748.5 182397 97264.3 85632.6 58399.7 51926.2 0.896563 172739
18 1992  1.11812e+007 44736.7 277824 135185 111526 89017.9 71503 0.798307 241730
18 1993  4.06869e+006 90756.9 409788 180218 177816 104887 99151.1 0.923052 203704
18 1994  1.92621e+007 109795 376446 169436 194108 86892.4 92362.9 0.875011 290218
18 1995  7.66571e+006 145583 581839 168928 183546 92822.5 92151 0.774062 406836
18 1996  6.18678e+006 103946 518893 204683 249800 83716.3 86291.4 0.873907 213697
18 1997  4.32431e+006 204514 380882 170009 167678 94875.6 91246.6 0.66265 152388
18 1998  2.28248e+006 143231 306975 161929 144944 93522.3 83208.9 0.72809 97749.1
18 1999  2.32385e+007 118213 203357 123489 128166 73727.4 75997.5 0.972136 249097
18 2000  6.62794e+006 67324.7 581975 126823 162339 61314.3 65313.9 1.14154 371415
18 2001  1.36362e+006 39569.4 767130 173366 253112 48941.6 63669.3 0.864745 177044
18 2002  2.08069e+006 403209 545184 155333 238750 56535.7 83174.4 0.707276 108254
18 2003  2.52561e+006 278720 318233 74350.3 96393.2 43751.3 56027.2 0.376103 75789.6
18 2004  1.813e+006 174377 229393 72513.1 68566.4 47965.1 46389.1 0.405016 83438
18 2005  1.23749e+007 109856 152149 64115.2 52016.5 48509.3 38575 0.450372 172759
18 2006  2.73566e+006 68940.4 300248 66967.2 73638.4 39263 37214.1 0.775852 221489
18 2007  1.68265e+006 39176.3 269918 67425.3 85570.1 29104.4 29799.1 0.739123 97869.4
18 2008  925528 151115 219153 47787 63847.9 29639.3 39945.3 0.441687 58076.1
18 2009  5.36751e+006 109013 151749 47952.5 44594.7 32306.4 29107.8 0.382935 80275.6
18 2010  718166 89282.1 236124 45377.6 43522.2 30173.1 30903.8 0.413271 111057
18 2011  394755 65117 237046 49689.9 73112 34584.3 39062.9 0.546138 60076.2
18 2012  1.08135e+006 172314 192365 43194.2 52424.4 35828.3 42738.4 0.324945 34970.8
18 2013  840674 132931 158737 47127.4 39049.4 42681.8 35752.5 0.281372 35246.7
18 2014  5.28334e+006 89548.1 127928 46284 45773.5 39086.2 38604.5 0.442453 79847.3
18 2015  1.60066e+006 72245.3 197995 41558.9 49062.1 33830.2 34643.6 0.524195 118003
18 2016  2.72261e+006 58738.3 201061 43152.2 37163.7 32445.7 27423.1 0.269099 100354
18 2017  NA 187473 NA NA NA NA NA NA NA
19 1974  270846 550998 855796 341457 278495 295427 254467 0.47055 0
19 1975  151958 476209 822055 308362 278727 269215 248348 0.544767 0
19 1976  197082 357686 727047 432832 275034 337275 233419 0.593914 0
19 1977  161543 283231 591151 242626 281686 214712 242715 0.736469 0
19 1978  369444 242624 451602 179361 142180 153360 125743 0.436431 0
19 1979  286462 236756 490443 144250 157578 127289 135596 0.460072 0
19 1980  283877 221996 478173 146784 167513 130902 145664 0.541609 0
19 1981  253580 213411 562955 150025 184249 131092 151241 0.49358 0
19 1982  301590 196678 582396 205438 204409 172109 168109 0.5124 0
19 1983  579955 202566 560006 205616 263288 178182 218639 0.732976 0
19 1984  297110 166744 452888 245308 176985 197566 148851 0.616868 0
19 1985  256536 144667 440999 280080 151478 216339 126285 0.606144 0
19 1986  158132 129581 496243 236972 225379 195768 176011 0.773351 0
19 1987  162612 133436 398156 195418 170111 165495 140678 0.665907 0
19 1988  214642 132794 355236 156418 168644 133605 139954 0.7432 0
19 1989  199981 110576 289866 126442 120595 107664 101194 0.664717 0
19 1990  229396 103904 274479 126902 99969.6 102101 83715.3 0.59244 0
19 1991  169425 96402.5 282885 133739 100364 106147 82063 0.568959 0
19 1992  504308 94489.7 311174 117430 83568.4 98443.6 71563.5 0.459159 0
19 1993  212014 106802 357010 135112 125576 109747 107380 0.599708 0
19 1994  305852 108157 368652 128816 93863.7 108216 81590.3 0.434638 0
19 1995  141125 135053 570983 143477 162606 120185 134415 0.526202 0
19 1996  246732 150958 504445 130551 158501 113887 136482 0.457923 0
19 1997  139268 187683 492782 121523 124121 106296 108979 0.338335 0
19 1998  339480 188929 423184 118480 117427 105335 105892 0.358231 0
19 1999  331959 193090 428003 120395 138650 109885 124075 0.469967 0
19 2000  233734 179868 429382 94675.6 97165.5 85254.1 87262 0.325414 0
19 2001  187516 188634 487316 104100 83278.4 90870.3 73743.8 0.258042 0
19 2002  312550 222975 566977 129849 139114 110578 116254 0.357211 0
19 2003  122149 209254 475837 121658 131468 105491 116429 0.378372 0
19 2004  169271 256919 529731 113792 110571 104896 102955 0.27059 0
19 2005  120355 237471 498506 119234 122342 116693 117943 0.318996 0
19 2006  111356 258863 481404 128711 122681 117897 113835 0.307936 0
19 2007  193350 241078 423972 106333 90815 93265.8 82746 0.255118 0
19 2008  111706 230581 403761 129887 123711 117112 112786 0.392932 0
19 2009  204532 219671 374449 114519 115844 111031 112146 0.389889 0
19 2010  179490 207855 388807 104723 118147 102213 114499 0.389278 0
19 2011  106624 164213 335197 102008 90777.7 97369.1 87121.7 0.349603 0
19 2012  201772 151976 339503 87049.1 81468.4 76731.2 71473.5 0.321096 0
19 2013  220860 161018 352094 87269.8 78772 78833 70978.9 0.279458 0
19 2014  244678 192910 376757 82171.6 88359 74763.8 79677.2 0.276599 0
19 2015  233300 207263 411297 81446.6 85777.3 76477.3 79890.4 0.260148 0
19 2016  232395 209685 451760 77671.3 81879 66551 68221.1 0.226941 0
19 2017  NA 240652 NA NA NA NA NA NA NA
20 1974  4.94608e+006 4.92533e+006 5.57081e+006 604750 594657 604750 594657 0.124786 0
20 1975  4.85093e+006 4.74576e+006 5.53923e+006 780518 782094 780518 782094 0.166346 0
20 1976  2.96104e+006 4.55372e+006 5.45809e+006 826864 808282 826864 808282 0.18805 0
20 1977  794680 4.42947e+006 5.2348e+006 619776 604088 619776 604088 0.145321 0
20 1978  2.43205e+006 4.35613e+006 4.87787e+006 735619 731161 735619 731161 0.181741 0
20 1979  4.63768e+006 3.85838e+006 4.2524e+006 840578 806935 840578 806935 0.22233 0
20 1980  5.38077e+006 2.73378e+006 3.29424e+006 733063 720566 733063 720566 0.236801 0
20 1981  6.42011e+006 2.46635e+006 3.28724e+006 750656 665393 750656 665393 0.241726 0
20 1982  1.68985e+006 2.47606e+006 3.45395e+006 716385 638714 716385 638714 0.238026 0
20 1983  1.11785e+006 2.66652e+006 3.45181e+006 671927 543531 671927 543531 0.204883 0
20 1984  6.11297e+006 2.69283e+006 3.0886e+006 633027 580515 633027 580515 0.213308 0
20 1985  2.82202e+006 2.54191e+006 3.13384e+006 609877 595824 609877 595824 0.192413 0
20 1986  3.23765e+006 2.60591e+006 3.32084e+006 600246 548048 600246 548048 0.180479 0
20 1987  4.68678e+006 2.63033e+006 3.21092e+006 654429 600861 654429 600861 0.196797 0
20 1988  3.02361e+006 2.6056e+006 3.30786e+006 677317 679925 677317 679925 0.216786 0
20 1989  4.09188e+006 2.46352e+006 3.19267e+006 582714 563729 582714 563729 0.185719 0
20 1990  2.91281e+006 2.62216e+006 3.257e+006 624046 611346 624046 611346 0.202267 0
20 1991  3.35447e+006 2.74134e+006 3.3606e+006 674986 737904 674986 737904 0.242711 0
20 1992  4.23229e+006 2.6824e+006 3.17976e+006 758475 827355 758475 827355 0.284055 0
20 1993  4.58852e+006 2.55634e+006 3.12565e+006 823385 830942 823385 830942 0.32242 0
20 1994  3.93419e+006 2.49078e+006 3.0879e+006 817922 858497 817922 858497 0.343151 0
20 1995  3.20183e+006 2.51983e+006 3.1288e+006 755210 763639 755210 763639 0.324492 0
20 1996  3.38789e+006 2.41964e+006 2.93563e+006 561267 558956 561267 558956 0.241742 0
20 1997  2.81451e+006 2.42285e+006 2.91515e+006 570291 539208 570291 539208 0.233358 0
20 1998  2.86975e+006 2.41956e+006 2.83191e+006 662343 611302 662343 611302 0.263901 0
20 1999  3.22308e+006 2.35273e+006 2.75747e+006 636297 631601 636297 631601 0.275097 0
20 2000  2.00683e+006 2.21874e+006 2.6157e+006 736472 698997 736472 698997 0.323297 0
20 2001  4.07392e+006 2.06884e+006 2.40992e+006 735748 720908 735748 720908 0.365294 0
20 2002  5.66876e+006 1.782e+006 2.17313e+006 770238 781545 770238 781545 0.450462 0
20 2003  3.41574e+006 1.7482e+006 2.3445e+006 678030 727574 678030 727574 0.432735 0
20 2004  4.6054e+006 2.07492e+006 2.53965e+006 684412 594222 684412 594222 0.481275 0
20 2005  7.02467e+006 1.98978e+006 2.54431e+006 549854 453427 549854 453427 0.347985 0
20 2006  8.58399e+006 2.19503e+006 3.02107e+006 478373 442653 478373 442653 0.28818 0
20 2007  7.34659e+006 2.59862e+006 3.75804e+006 588318 609002 588318 609002 0.330702 0
20 2008  7.01087e+006 3.05105e+006 4.30045e+006 622041 692136 622041 692136 0.310641 0
20 2009  5.76937e+006 3.51417e+006 4.63449e+006 738620 733292 738620 733292 0.288375 0
20 2010  8.23618e+006 3.90444e+006 4.7429e+006 877019 806541 877019 806541 0.2738 0
20 2011  8.48277e+006 4.35225e+006 5.30393e+006 947366 873446 947366 873446 0.262387 0
20 2012  5.19969e+006 4.29089e+006 5.46584e+006 895262 857827 895262 857827 0.238834 0
20 2013  4.45537e+006 4.46988e+006 5.34057e+006 933733 924675 933733 924675 0.247835 0
20 2014  6.91146e+006 4.41518e+006 5.07892e+006 1.39545e+006 1.24588e+006 1.39545e+006 1.24588e+006 0.329561 0
20 2015  3.13791e+006 4.33973e+006 5.01591e+006 1.21556e+006 1.16951e+006 1.21556e+006 1.16951e+006 0.328137 0
20 2016  4.16598e+006 4.27543e+006 4.79565e+006 1.09645e+006 1.11375e+006 1.09645e+006 1.11375e+006 0.338328 0
20 2017  NA 3.7061e+006 NA NA NA NA NA NA NA
21 1974  7.95281e+006 232427 283368 266011 205914 265715 205643 0.709815 99570.2
21 1975  3.15852e+006 178406 228946 253931 227746 253557 227279 1.24806 59725.9
21 1976  1.68734e+006 98973.1 122229 159254 91680.2 159146 91508.5 0.767824 36637.4
21 1977  2.55707e+006 71192.3 83737.3 39341.6 16424.6 39314.1 16412 0.155167 35484
21 1978  1.78824e+006 84401.3 103595 11293.4 10468.5 11210.9 10447 0.0409246 40594.6
21 1979  5.7569e+006 119958 138937 24535.2 20522.3 24507.7 20457.4 0.0589275 56301
21 1980  1.87522e+007 153736 191991 73451.4 76522.4 73423.9 76296.7 0.101078 127364
21 1981  2.91405e+007 217633 319946 208758 236127 208456 235579 0.195482 255432
21 1982  3.53031e+007 307775 432089 277091 223643 276798 223125 0.132785 317180
21 1983  2.73219e+007 496205 679566 430221 280590 426905 277875 0.336489 352608
21 1984  2.97242e+007 744241 954356 461026 505759 455974 501378 0.473764 377526
21 1985  4.58483e+007 868592 1.108e+006 659503 656896 655127 653015 0.557658 451146
21 1986  5.33988e+007 861365 1.1441e+006 752901 645844 749031 642824 0.487105 520175
21 1987  4.45046e+007 1.06989e+006 1.42357e+006 1.00878e+006 768098 1.00657e+006 765923 0.480006 588733
21 1988  2.36546e+007 1.38373e+006 1.69903e+006 1.1409e+006 815659 1.13864e+006 813415 0.477047 512232
21 1989  2.2017e+007 1.42276e+006 1.64844e+006 910313 662329 907971 659987 0.391804 370784
21 1990  1.84392e+007 1.34962e+006 1.48524e+006 739073 592096 735845 588904 0.371326 342212
21 1991  1.90919e+007 1.18942e+006 1.3124e+006 685107 580268 681563 574351 0.407497 286143
21 1992  2.65575e+007 941069 1.14856e+006 764475 659007 758149 649891 0.540956 283531
21 1993  2.59169e+007 690925 1.00977e+006 690163 670280 677243 659691 0.719187 279361
21 1994  2.04629e+007 655150 862036 597636 565336 584515 554924 0.661983 253080
21 1995  2.2482e+007 629594 829050 595691 557686 587287 546627 0.708547 270076
21 1996  2.50386e+007 537788 719603 274475 243840 273367 239997 0.281523 291914
21 1997  1.53511e+007 684748 923401 264478 270409 262782 267151 0.286165 317842
21 1998  1.2766e+007 862652 1.11325e+006 380259 342997 379157 337914 0.439551 329015
21 1999  3.73692e+007 968458 1.14611e+006 369680 290621 369081 287066 0.338679 366723
21 2000  2.48812e+007 962174 1.23639e+006 421768 367754 421122 363936 0.374295 379558
21 2001  6.74715e+007 1.35139e+006 1.6604e+006 363871 370855 363105 366909 0.28518 690884
21 2002  2.90539e+007 1.6762e+006 2.11762e+006 390463 405851 388261 401408 0.258874 838787
21 2003  1.74115e+007 1.94364e+006 2.79394e+006 487635 529243 485336 523317 0.277898 761667
21 2004  1.83804e+007 2.10075e+006 2.73901e+006 589836 620347 581677 612309 0.291434 748897
21 2005  1.27688e+007 2.01311e+006 2.20903e+006 665442 687037 649916 671231 0.374501 510815
21 2006  1.56881e+007 1.46255e+006 1.64012e+006 512348 458686 500970 446902 0.304369 406766
21 2007  2.07089e+007 1.15179e+006 1.30812e+006 408589 297795 402695 289503 0.238785 392942
21 2008  2.08363e+007 1.0672e+006 1.19773e+006 258984 208991 247283 195919 0.174286 385509
21 2009  2.18629e+007 1.11718e+006 1.24904e+006 168592 141466 159675 133051 0.0966813 369760
21 2010  2.17211e+007 1.12983e+006 1.48189e+006 187794 189548 174467 169558 0.118992 414444
21 2011  1.78056e+007 1.50516e+006 1.74088e+006 224662 207228 208914 188004 0.114957 542854
21 2012  1.77103e+007 1.76463e+006 1.88152e+006 438983 412417 410658 382118 0.216409 502652
21 2013  2.36767e+007 1.64574e+006 1.79143e+006 512107 466729 473289 434429 0.272115 477947
21 2014  2.85316e+007 1.48592e+006 1.64525e+006 517942 430205 488280 405329 0.27866 509103
21 2015  8.25017e+006 1.24149e+006 1.54698e+006 494951 432725 453583 408516 0.328689 427365
21 2016  2.45876e+007 1.27522e+006 1.51153e+006 563619 475909 522157 452650 0.379858 463511
21 2017  NA 1.04267e+006 NA NA NA NA NA NA NA
22 1974  2.23798e+008 239378 973214 220388 173752 220388 173752 0.282566 1.01463e+006
22 1975  1.83993e+008 308472 721999 196585 175930 196585 175930 0.361225 732934
22 1976  1.97783e+008 168081 542205 110245 103271 110245 103271 0.275645 620205
22 1977  1.12698e+008 166757 642648 271729 245405 271729 245405 0.693707 467479
22 1978  1.70682e+008 143359 428645 133700 132188 133700 132188 0.436094 447871
22 1979  3.5025e+008 150233 592264 202374 78433.1 202374 78433.1 0.169953 872875
22 1980  2.10158e+008 284522 1.11863e+006 303285 319233 303285 319233 0.518756 988539
22 1981  2.62059e+008 264349 707902 152257 156747 152257 156747 0.320049 870455
22 1982  2.24179e+008 145647 694237 87780.1 136918 85899.4 133242 0.314174 713247
22 1983  1.74657e+008 139757 514755 96993.3 52745.1 96794.5 50856 0.12417 633286
22 1984  1.02311e+008 218003 550825 98661.2 57133.4 98577.6 54903.4 0.113327 690359
22 1985  2.15257e+008 313257 588120 91674 104727 80731.7 94358.2 0.175302 787216
22 1986  2.90679e+008 185896 695580 400827 218349 400827 204094 0.391483 907519
22 1987  1.28271e+008 252338 811317 408086 181831 403736 172394 0.279397 895861
22 1988  3.61767e+008 319498 559644 393355 185090 392180 170585 0.365712 878143
22 1989  1.3991e+008 172491 766124 478128 362201 478128 344884 0.742059 623854
22 1990  1.96101e+008 156187 490709 253098 212895 249537 202191 0.618877 533020
22 1991  2.52275e+008 162054 598644 413418 184341 407222 180592 0.422433 758962
22 1992  2.66272e+008 133012 442753 190875 109978 182519 104995 0.260232 771853
22 1993  4.95957e+008 227721 750575 279254 145965 239154 141358 0.246915 1.30496e+006
22 1994  5.18645e+008 281603 960956 502751 474228 461713 461253 0.68777 1.36995e+006
22 1995  3.28424e+008 256910 1.08217e+006 365350 222084 360391 217166 0.292852 1.41819e+006
22 1996  7.9397e+008 351923 1.02844e+006 328107 257760 294888 245052 0.323508 1.31431e+006
22 1997  1.36486e+008 257123 1.55942e+006 584720 350127 573485 343775 0.343165 1.20816e+006
22 1998  1.64619e+008 477605 756775 556941 287246 548716 273693 0.481606 636601
22 1999  2.32111e+008 206679 518248 296384 204146 273993 194224 0.441459 749616
22 2000  2.72651e+008 147507 722078 267315 241239 248873 220072 0.525356 951805
22 2001  1.81612e+008 122430 547678 291694 125206 283767 121948 0.341941 826237
22 2002  7.14431e+007 106307 460504 163137 153280 158905 151139 0.588247 458160
22 2003  1.14355e+008 75170.2 183515 72300.9 46564.9 66183.8 45620.2 0.321875 363851
22 2004  6.18046e+007 37710.5 218267 80779 84204.7 77931.3 82880.4 0.675213 264323
22 2005  1.0217e+008 36403.5 156226 23671.9 16956.4 23129.4 16419.4 0.189813 252187
22 2006  1.59773e+008 34818.6 192021 16349.4 9467.63 15643.4 9308.61 0.0793431 433375
22 2007  1.41205e+008 69714.3 389288 89771.6 55541.2 89491.4 54783.8 0.251457 518639
22 2008  1.24473e+008 112423 409971 88537.9 104992 86435.1 103300 0.410703 431522
22 2009  2.86662e+008 82296.6 342452 29705.6 15733.1 29640.7 15548.6 0.0569476 620903
22 2010  4.73495e+007 212060 914464 76347.9 81255.9 72055.4 78072.6 0.1309 558396
22 2011  3.21914e+007 313512 476911 96285.7 73090.2 95361.9 66372 0.162939 281389
22 2012  1.85882e+008 136376 218623 43068.5 17429.2 31556.4 15099.9 0.059017 446354
22 2013  1.59702e+008 65350.1 475640 25122.8 35702.2 23934.3 30582.8 0.11453 578310
22 2014  2.29677e+008 161523 593605 134706 200758 126906 191964 0.550025 609637
22 2015  1.38993e+007 163154 729224 119442 146038 115959 144144 0.298379 483988
22 2016  8.44128e+008 240132 306006 46093.6 48245.9 36239.9 44060 0.130005 791733
22 2017  NA 164604 NA NA NA NA NA NA NA
23 1974  1.89388e+008 432575 764555 118670 87237.3 118670 87237.3 0.138831 417288
23 1975  9.2356e+007 383219 1.06818e+006 162704 153898 162704 153898 0.207484 486789
23 1976  1.4818e+008 516971 916295 316414 266526 316414 266526 0.414075 405935
23 1977  3.31436e+008 341524 870628 314952 248288 314952 248288 0.433483 456959
23 1978  1.59733e+008 365250 1.6409e+006 665810 497318 665810 497318 0.567877 653677
23 1979  1.60928e+008 617052 1.2967e+006 481048 616233 481048 616233 0.847102 368717
23 1980  1.05739e+008 382251 1.03964e+006 420808 355058 420808 355058 0.57228 352849
23 1981  4.17341e+008 411491 857294 375286 308195 375286 308195 0.58695 592619
23 1982  4.21429e+007 186841 1.27439e+006 537998 687492 509751 671849 0.954807 451524
23 1983  3.32367e+008 353042 526066 470143 237010 462895 228710 0.511313 370088
23 1984  1.11106e+008 202311 1.08154e+006 572838 517894 566796 512224 0.756855 543068
23 1985  3.85315e+008 337650 651872 524433 405823 515984 381579 0.873528 410854
23 1986  8.80252e+007 196248 1.1986e+006 464453 262516 463659 260574 0.300137 653531
23 1987  7.87436e+007 678170 1.08396e+006 415141 229588 411777 222295 0.214945 549056
23 1988  2.15553e+008 533227 757239 507642 376522 453753 352650 0.527004 417809
23 1989  1.08738e+008 173812 700064 539481 319420 472329 274064 0.628917 492597
23 1990  1.51217e+008 282919 649546 370865 350744 357559 329503 0.749607 411400
23 1991  2.32709e+008 337719 889631 489596 344704 480784 338021 0.514192 488073
23 1992  6.22274e+007 289442 1.13012e+006 678507 396183 665758 381174 0.470921 499378
23 1993  2.03764e+008 452350 727182 292075 326901 267874 312705 0.496676 407578
23 1994  2.80183e+008 250872 821582 283720 311369 246543 290662 0.486131 543417
23 1995  8.76238e+007 404564 1.47864e+006 493912 363465 483202 340987 0.319236 664332
23 1996  4.72942e+008 527837 824866 472730 442641 427976 419617 0.625906 647972
23 1997  1.02411e+008 245694 1.87636e+006 551195 447998 535642 432622 0.334635 851280
23 1998  1.54476e+008 753246 1.1632e+006 491211 495599 460455 462185 0.478413 574234
23 1999  1.92862e+008 357532 724919 469056 412062 452180 388842 0.785628 476352
23 2000  2.93921e+008 175408 701781 349141 246978 322606 217666 0.504598 513379
23 2001  3.49569e+008 220694 822562 685447 462136 651924 442213 0.90578 563135
23 2002  4.1271e+007 210679 1.15138e+006 647212 362442 642187 357914 0.443341 580983
23 2003  1.62955e+008 365385 497528 236107 254910 220309 246779 0.688256 317274
23 2004  7.67431e+007 100209 417784 266244 192457 258228 183539 0.743879 256327
23 2005  1.64241e+008 108816 336057 145425 176175 136713 166809 0.895068 302083
23 2006  1.27644e+008 71136.4 469891 265023 216807 262160 214509 0.830999 328277
23 2007  2.64904e+008 134567 433305 114490 156394 111885 154205 0.554298 546175
23 2008  1.24405e+008 146056 796510 245955 292586 242356 290107 0.623648 482641
23 2009  6.20745e+008 223884 535284 297950 245141 292725 239099 0.687416 605288
23 2010  7.49308e+007 193642 1.88886e+006 325653 293364 323027 290893 0.242229 908582
23 2011  1.03976e+008 752914 1.06245e+006 339087 234712 334301 227875 0.22557 600462
23 2012  1.80794e+008 436162 700356 56730.1 41532.4 54191.9 39232.8 0.0629997 559791
23 2013  1.23194e+008 247963 581979 235771 282893 183471 186260 0.703813 391585
23 2014  2.86189e+008 151623 423654 92214.2 91063.7 86499.2 77864.6 0.276173 434110
23 2015  5.33554e+007 209415 898461 188010 157919 182484 150240 0.240531 555627
23 2016  3.40526e+008 474019 652941 20698.7 21104.4 19410.2 19626.2 0.0272478 498381
23 2017  NA 430972 NA NA NA NA NA NA NA
24 1974  2.40352e+008 305885 1.25694e+006 732535 663822 732535 663822 1.37103 1.70979e+006
24 1975  3.67909e+008 335461 862485 508241 416634 508241 416634 1.05184 1.83545e+006
24 1976  3.19952e+008 315571 1.05173e+006 472608 397552 472608 397552 0.907155 1.9076e+006
24 1977  1.41777e+008 328576 1.02989e+006 383967 334979 383967 334979 0.682598 1.36984e+006
24 1978  1.89263e+008 297468 618657 253756 245845 253756 245845 0.736532 1.00563e+006
24 1979  2.27465e+008 223813 727201 339898 317489 339898 317489 0.872285 1.18369e+006
24 1980  1.14796e+008 333203 971056 534650 428151 534650 428151 0.929969 1.17415e+006
24 1981  2.08687e+008 276559 521768 431928 177196 431928 177196 0.624695 1.08886e+006
24 1982  2.24139e+008 164757 592309 390197 245371 390197 245371 0.904279 1.18424e+006
24 1983  1.9052e+008 238060 747846 475746 313314 475746 313314 0.829457 1.12823e+006
24 1984  1.18806e+008 306661 812318 376484 360651 376484 360651 1.1861 978391
24 1985  1.04869e+008 222070 465457 227635 235986 227635 235986 1.17767 662479
24 1986  1.41451e+008 109577 331610 180330 126039 180330 126039 0.668614 734892
24 1987  3.73748e+007 139555 415690 148927 160056 148927 160056 0.920073 486276
24 1988  9.81657e+007 95754.6 159484 109219 68469.9 109219 68469.9 0.55576 406135
24 1989  1.15481e+008 88921.2 324581 166742 109040 166742 109040 0.591768 665498
24 1990  1.02484e+008 158064 371846 138841 151022 138841 151022 0.725874 581426
24 1991  1.30304e+008 159525 412900 189819 284589 189819 284589 1.20644 629544
24 1992  8.17099e+007 177792 518636 302275 268986 302275 268986 0.883287 631057
24 1993  8.91115e+007 209411 405488 181098 222571 181098 222571 0.98282 558537
24 1994  2.17679e+008 118867 268370 183618 188320 183618 188320 1.03084 788447
24 1995  1.05817e+008 184697 702744 231894 198716 231894 198716 0.503254 1.01133e+006
24 1996  1.18865e+008 313380 496112 156207 161879 156207 161879 0.439876 712576
24 1997  4.2718e+007 190872 495647 156781 123179 156781 123179 0.442436 585300
24 1998  7.97426e+007 194242 284391 73980.5 73554.2 73980.5 73554.2 0.365004 479747
24 1999  1.32916e+008 105689 267834 92388.1 85930.3 92388.1 85930.3 0.50413 596044
24 2000  6.8522e+007 155522 493809 185103 140206 185103 140206 0.44423 654162
24 2001  8.60905e+007 256320 399760 64358.3 48896.6 64358.3 48896.6 0.142816 651003
24 2002  5.9123e+007 148956 308846 77138.2 56992.4 77138.2 56992.4 0.262027 501274
24 2003  3.62359e+007 85705 190492 24569.2 29606.6 24569.2 29606.6 0.320074 319825
24 2004  3.79456e+007 55843.2 116998 13487.8 14720.1 13487.8 14720.1 0.196996 255516
24 2005  9.34784e+007 38138.7 100874 0 0 0 0 0 411930
24 2006  7.0144e+007 72484 255083 46529 43421.2 46529 43421.2 0.363765 506478
24 2007  7.58877e+007 113988 244709 5790.05 0 5790.05 0 0 514126
24 2008  1.25212e+008 116847 250629 34815.6 31265.7 34815.6 31265.7 0.166007 643766
24 2009  1.37041e+008 140381 394702 45799.2 36869.1 45799.2 36869.1 0.143353 747475
24 2010  4.99559e+007 295381 660195 131179 165830 131179 165830 0.40086 828022
24 2011  8.20876e+007 255190 344456 6831.03 6342.25 6831.03 6342.25 0.018719 654559
24 2012  1.5181e+008 92828.7 196191 26931.1 4634.66 26931.1 4634.66 0.0276001 718888
24 2013  5.39239e+007 113608 381798 82164 54390.5 82164 54390.5 0.330891 626319
24 2014  1.75653e+008 111110 195832 44189.1 40278.5 44189.1 40278.5 0.29037 747683
24 2015  1.14475e+008 117534 472531 57351.2 48290.5 57351.2 48290.5 0.277995 922538
24 2016  2.1914e+008 216790 419256 60202.7 69224.7 60202.7 69224.7 0.271839 1.05887e+006
24 2017  NA 209053 NA NA NA NA NA NA NA
25 1974  2.83022e+008 546086 967129 316175 292028 311793 287856 0.348173 1.94308e+006
25 1975  8.03987e+008 553990 897308 661457 494326 619712 461022 0.806276 3.20304e+006
25 1976  2.53025e+008 730622 1.56779e+006 687534 500486 548406 479485 0.634984 1.91894e+006
25 1977  2.50729e+008 440073 684737 301102 293672 290309 284857 0.590061 1.21368e+006
25 1978  5.93986e+008 264631 502192 434451 188223 325527 162119 0.579664 1.69255e+006
25 1979  1.87535e+008 374198 762497 404868 371871 359860 364407 0.706231 1.30144e+006
25 1980  1.45707e+008 311813 454026 330001 183179 292168 175933 0.721192 872274
25 1981  5.10298e+007 140306 250026 216536 117588 196941 104436 0.684487 392272
25 1982  2.66547e+007 77199.2 128260 157270 48976 145129 44701.6 0.580143 195636
25 1983  4.21415e+007 94755 167362 86407.2 67939.8 79088.7 58909.4 1.04536 241377
25 1984  6.1434e+007 57437.1 115283 76492.2 43265.3 75965.9 41580.3 0.631567 323526
25 1985  2.78059e+007 128539 257833 49766.5 51366.7 48598.7 48634.3 0.620564 247318
25 1986  9.49433e+007 65052.4 112793 18438.6 36290.2 8222.47 30745.4 0.97413 419912
25 1987  4.24173e+007 132516 304572 32110 16524.8 32073.7 16106 0.185533 371232
25 1988  1.00351e+008 129378 215453 87694.3 28391.9 86388.3 27155.9 0.226103 523744
25 1989  6.24287e+007 137792 273031 63344.1 10237.3 62361.4 8034.34 0.0823486 408427
25 1990  1.04115e+008 133751 226580 74278.2 62559.1 56002.5 50570.5 0.676636 538987
25 1991  5.7172e+007 91077.2 189211 105877 85387.4 102885 82987 0.532633 367860
25 1992  1.23985e+008 88716.6 165660 123038 41325.1 120363 40448.2 0.285704 570276
25 1993  1.99737e+008 137538 262962 194570 120335 181700 111380 0.579682 828394
25 1994  9.56322e+007 101345 373789 312346 140228 292621 135486 0.523245 616625
25 1995  5.52609e+007 190301 324857 365668 167635 327845 157526 0.744861 337885
25 1996  4.95236e+007 185344 248229 131890 80330.9 101965 70657.5 0.522412 282343
25 1997  7.90185e+007 126133 190392 107888 87402.1 90384.9 76308.8 0.533282 358968
25 1998  1.36215e+008 208023 411073 157765 181577 145373 170452 0.86076 508741
25 1999  9.79873e+007 179549 353419 190634 142892 184123 138866 0.55229 534783
25 2000  6.54377e+007 147657 256312 206492 185057 183057 178868 0.753655 408752
25 2001  8.25304e+007 89781.6 234158 182223 140076 144887 130943 0.876389 415243
25 2002  7.1562e+007 257712 435560 140413 155622 136066 150722 1.04129 392601
25 2003  6.04431e+007 56838.2 206971 175143 135444 170440 133135 0.91028 337777
25 2004  1.85636e+008 158779 269911 103085 101994 101774 100117 0.882741 686615
25 2005  5.5077e+007 114681 338353 202029 155851 201190 154523 0.54122 421219
25 2006  6.55565e+007 137310 283528 114945 138387 107864 134954 0.802204 373819
25 2007  6.90755e+007 204195 295215 80224 83930.7 75098.1 76255.6 0.542784 357516
25 2008  1.37127e+008 122652 191827 58572.2 103250 50211.3 97697.5 0.759681 548106
25 2009  1.0089e+008 246307 573139 131887 112786 129889 109313 0.401684 602427
25 2010  1.26925e+008 273057 351366 147837 114071 107656 108003 0.38743 581317
25 2011  1.08665e+008 265363 407355 137779 127716 108104 105698 0.486043 590771
25 2012  5.8897e+007 179016 420330 83552.7 72182.3 77787 62475.1 0.355486 426173
25 2013  1.84867e+008 109029 178295 69379.5 48927.3 63938.2 42348.3 0.253141 619874
25 2014  1.25872e+008 476472 859376 129932 54919.4 126107 48823.4 0.138031 673626
25 2015  1.18274e+008 382480 641344 283775 281812 272882 255376 0.643726 653278
25 2016  2.52082e+008 214362 375548 231237 241376 194116 208348 1.05214 726565
25 2017  NA 180651 NA NA NA NA NA NA NA
26 1974  813549 290810 423429 153481 154256 102781 100197 0.47356 0
26 1975  656070 304504 461363 188882 184793 88619.2 89120.7 0.549651 0
26 1976  976918 314752 443330 164109 160405 97536.5 99729.3 0.445074 0
26 1977  826481 323486 455515 176506 162306 101394 94937.3 0.483796 0
26 1978  863950 320312 452947 163864 157004 105133 104657 0.444283 0
26 1979  1.13076e+006 313416 458567 213545 207888 129026 131123 0.662684 0
26 1980  1.00184e+006 295982 435683 169371 162780 131854 124894 0.516273 0
26 1981  2.16158e+006 284021 422114 171001 174764 128188 130567 0.532653 0
26 1982  1.47612e+006 279606 478813 203480 200941 147371 141019 0.579138 0
26 1983  1.4081e+006 331878 536422 220317 218735 130758 129128 0.558705 0
26 1984  1.89026e+006 348077 561767 238117 233927 151786 148905 0.577224 0
26 1985  4.81335e+006 370753 589074 234667 224707 163468 151426 0.517265 0
26 1986  2.19666e+006 406094 779674 309595 304697 162460 159159 0.636402 0
26 1987  2.05002e+006 469268 800129 359454 335863 147799 134910 0.649203 0
26 1988  1.44971e+006 413859 712071 325492 326010 140605 134446 0.678049 0
26 1989  1.20884e+006 432020 631461 287787 287312 151630 148237 0.611527 0
26 1990  1.03124e+006 388752 555670 241248 224755 151348 140746 0.574234 0
26 1991  869446 376568 537566 242323 243575 143317 146478 0.682594 0
26 1992  593778 318372 457217 194780 209972 122496 128421 0.717078 0
26 1993  571533 278933 388839 165253 184338 118169 130704 0.702681 0
26 1994  943904 231823 327824 147526 158353 116392 122624 0.701362 0
26 1995  946152 215313 321085 130795 128638 102384 97930.7 0.63251 0
26 1996  2.41911e+006 201491 316236 143593 141786 82366.2 89259 0.750911 0
26 1997  869460 191912 390796 192624 161467 77908.1 76418.4 0.908142 0
26 1998  819060 205429 350839 183742 153230 62501.4 50237.5 0.772651 0
26 1999  1.00212e+006 195425 330453 160865 165342 71874.9 70969 0.799546 0
26 2000  613171 195528 301676 136175 124802 79213.8 67453.6 0.599555 0
26 2001  1.91765e+006 216829 328046 192970 143286 71312.6 53688.4 0.731015 0
26 2002  643542 191403 352666 134530 135606 70896.8 73229.2 0.711565 0
26 2003  1.2528e+006 223677 361537 154521 180597 62483.9 63921.9 0.72751 0
26 2004  815002 188684 334309 127804 120723 59784.4 58316.3 0.520476 0
26 2005  851636 214969 324387 119550 122562 53031.4 54438.4 0.495599 0
26 2006  1.29082e+006 228253 351979 129858 120126 55303.5 57808.6 0.46996 0
26 2007  1.09483e+006 219980 347810 100796 111026 47141.8 53010.7 0.43115 0
26 2008  1.06215e+006 264822 405302 105052 105276 49885.1 53403.6 0.326359 0
26 2009  1.28571e+006 329097 486001 105422 128327 49947.4 64981.1 0.340758 0
26 2010  1.62098e+006 388659 543701 116566 124490 58205.4 65377.5 0.291728 0
26 2011  1.20959e+006 395133 571907 120814 140330 64414.4 68951 0.317048 0
26 2012  1.37993e+006 409592 570377 142246 139896 68132.8 68743 0.294121 0
26 2013  1.75283e+006 464095 642612 127855 120086 75493.5 70674.3 0.23241 0
26 2014  974461 553986 746125 134006 121805 67203.6 64128.4 0.220916 0
26 2015  1.27112e+006 550289 688635 135413 130272 73254.6 74530.2 0.216237 0
26 2016  1.3856e+006 605515 750165 137539 129508 78043 72954.4 0.207341 0
26 2017  NA 682241 NA NA NA NA NA NA NA
27 1974  48608.7 40427.5 60166.8 17970.9 18491.7 17970.9 18491.7 0.460022 0
27 1975  109960 42425.4 58152.6 20735.8 19754.8 20735.8 19754.8 0.465776 0
27 1976  137134 42731.1 53902 17171.6 17327.5 17171.6 17327.5 0.43513 0
27 1977  50813.7 34546 54980.9 17739.2 14764.7 17739.2 14764.7 0.391714 0
27 1978  14642.6 38540.7 57364 20273.3 20643.8 20273.3 20643.8 0.48255 0
27 1979  149036 45279.7 52449 22594.4 21457.4 22594.4 21457.4 0.475631 0
27 1980  160021 35704.6 44771.6 15712.2 16000.7 15712.2 16000.7 0.480931 0
27 1981  145540 24619.6 49804.3 15338.2 13981.1 15338.2 13981.1 0.478746 0
27 1982  152393 33595.8 58423 21196.2 20664 21196.2 20664 0.539545 0
27 1983  78118.2 41573.1 66358.5 24872.5 23116.9 24872.5 23116.9 0.50845 0
27 1984  95101.3 44709.4 65869.8 26807.5 26986.3 26807.5 26986.3 0.580397 0
27 1985  149006 42012.3 55074.5 24225.8 23668.8 24225.8 23668.8 0.549522 0
27 1986  70504.7 36263.5 54237.1 18148.2 21734.1 18148.2 21734.1 0.617269 0
27 1987  523778 30004 53107.9 17352.8 17227.6 17352.8 17227.6 0.499374 0
27 1988  117282 37114.8 70097.4 21586.7 19039.4 21586.7 19039.4 0.504832 0
27 1989  232737 33178.5 98715.6 21788.3 24660.1 21788.3 24660.1 0.412402 0
27 1990  84787.8 93265.8 119275 35012.1 38621.2 35012.1 38621.2 0.43758 0
27 1991  397792 78769 110646 33496.3 40470.6 33496.3 40470.6 0.484153 0
27 1992  76608.6 78346.2 108650 29197.9 33831.8 29197.9 33831.8 0.473902 0
27 1993  55589.3 53999.7 101468 31483.3 34730.6 31483.3 34730.6 0.521905 0
27 1994  98533.7 73837.9 85910.9 32897.9 36498.8 32897.9 36498.8 0.556475 0
27 1995  63698 56233.6 68144.8 29745.9 26157.3 29745.9 26157.3 0.510747 0
27 1996  260283 37809.1 53305.5 22620 24877.7 22620 24877.7 0.713905 0
27 1997  119097 27779.5 48382.8 14661.5 15365.3 14661.5 15365.3 0.601397 0
27 1998  96388.6 21528.1 58556.4 20833.7 20476.2 20833.7 20476.2 0.639286 0
27 1999  127376 39963.4 57976.4 23426.6 23126.4 23426.6 23126.4 0.57438 0
27 2000  68829.7 36766.5 54356.5 22301.8 23199.9 22301.8 23199.9 0.651005 0
27 2001  196214 29769.1 48830 19819.1 18482.9 19819.1 18482.9 0.545274 0
27 2002  84409.2 32327.1 50249.5 18215.6 15304.9 15360.8 13402.1 0.534423 0
27 2003  47255.4 27487.4 56158.9 19080.8 17228.5 16581.5 15137.9 0.527984 0
27 2004  48908.1 39648 51848.8 20857.2 17917.5 17172.2 15329.2 0.523027 0
27 2005  186854 32852.4 41279.5 17348.2 16142.2 15260.4 14491.2 0.568705 0
27 2006  71970.2 24852.8 39970 12337.5 11375.5 10712.4 10272.8 0.480517 0
27 2007  73651.8 17942.4 45811.1 15402.2 12275.7 13801.4 11079.1 0.479242 0
27 2008  93146.7 34465.7 47508.3 14242.6 13929.5 13290.8 12973.2 0.404755 0
27 2009  204960 32574.9 46006.9 14811.3 14742.7 12867.8 13008.6 0.462715 0
27 2010  226589 30353.7 52047.5 14414.6 13728.6 11188.9 11159.7 0.502873 0
27 2011  58522.1 27276.8 62927.5 12998.8 12631 10387 9918.54 0.422477 0
27 2012  117013 34537 48632 14628 17079.4 10840 12413.9 0.449478 0
27 2013  207934 41552 50542.5 15767.3 16574.5 12305.4 12954.4 0.382974 0
27 2014  135708 37503.3 55349.3 14217 14982.4 11758.4 12444.8 0.336023 0
27 2015  49253.1 37599.2 57476.5 14258.4 13281.7 11497.3 10704.6 0.270949 0
27 2016  100020 51185.2 61353.7 15182.8 15014.4 13006.5 12798.4 0.255106 0
27 2017  NA 54910.2 NA NA NA NA NA NA NA
