Cod        

Year         Recruits          SSB            TSB          Yield           mean-F
              (1000)        (tonnes)       (tonnes)       (tonnes)        age 2-4
1974          9067304         181007         397798         200586          0.733
1975          5045504         167864         393695         187349          0.765
1976         18990461         151318         420023         200309          0.837
1977         10053453         122788         404825         174962          0.824
1978         15357928         118196         467824         256398          0.952
1979          8211463         113164         436916         255306          0.771
1980          9007655         126123         458305         267055          0.896
1981         33003124         131204         496373         313503          0.885
1982         12338085         123704         407328         284216          0.956
1983         10423858         106515         381321         247144          0.962
1984         10138521          94238         345115         203321          0.894
1985          8776660          96176         358793         195755          0.906
1986          6406052          84629         292394         169395          0.987
1987          5614181          86594         337109         184639          0.985
1988          4796791          84957         267903         173546          0.960
1989          4658257          77958         221413         127755          1.003
1990          5614698          75407         222007         105385          0.930
1991          5835268          70923         177147          92467          0.930
1992          4522932          67620         184260          98925          0.889
1993          6420231          68564         199345          99600          0.828
1994          6620081          74759         201583         101050          0.844
1995          5825699          82656         236457         136796          0.946
1996          9004305          82959         214403         115187          1.000
1997          6691273          72107         192492          96879          0.902
1998          7516522          71217         216992          88154          0.980
1999         13645293          61480         127939          72998          1.102
2000          5107117          45906         112402          60241          1.043
2001          6752565          51800         134503          48661          1.003
2002          9977410          45130          94782          38654          0.915
2003         11612201          43216          86391          39793          0.912
2004          9111327          36836          73975          25443          0.837
2005         12798226          37486          79396          22881          0.749
2006          8842456          40546          86209          18736          0.806
2007          9616337          50166         101373          21288          0.638
2008         10502974          57155          95719          22763          0.710
2009          8324438          56222          91281          30547          0.730
2010          7069483          53562          91387          33623          0.713
2011         13616610          59942         102808          29212          0.575
2012         15380520          61094          96194          29773          0.526
2013         16132036          63073         104214          28228          0.467
2014         11770861          71913         130461          31783          0.391
2015         11287369          92243         162898          34155          0.332
2016         12851420         111190         172164          35952          0.252
2017                          133909

Whiting    

Year         Recruits          SSB            TSB          Yield           mean-F
              (1000)        (tonnes)       (tonnes)       (tonnes)        age 2-6
1974         26811745         461863         623872         223467          0.854
1975         26247011         409239         696441         197639          0.857
1976         29046912         479046         787293         229927          0.913
1977         25693363         566556         801946         209262          0.731
1978         31803056         419912         708370         140458          0.664
1979         20057102         448362         727376         165430          0.651
1980         16844330         476168         763157         140035          0.731
1981         22971148         500298         677550         154376          0.651
1982         12479375         359481         487210         110894          0.492
1983         12445980         279809         391426         108669          0.634
1984         15856171         225588         371043         103320          0.760
1985         16066678         256429         371313          70105          0.646
1986         18923788         250545         438235          83275          0.818
1987         17527452         305901         495608          84448          0.934
1988         20713533         317790         447616         103420          0.719
1989         15729863         274870         519408          86518          0.785
1990         15263936         343239         469403          94266          0.721
1991         10617486         289216         410779          85660          0.615
1992         15707031         257540         360116          73493          0.560
1993         12681496         240895         360509          68889          0.703
1994         11038370         229517         340942          61334          0.647
1995         10730143         228750         329033          69625          0.571
1996          5391244         213505         292168          40746          0.523
1997         12077641         178157         227332          40624          0.426
1998         19808453         147945         217428          29785          0.360
1999         20517813         146659         255383          35891          0.461
2000         18004076         177328         287344          35142          0.556
2001         17941694         216529         316336          23738          0.365
2002          9684986         231679         326881          27285          0.287
2003         11281118         211807         247796          15930          0.261
2004         11875975         160484         196379          14207          0.220
2005          9995726         118402         163013          14971          0.229
2006         10007359         104086         142410          18678          0.313
2007         15086220          94297         129079          17021          0.347
2008         11982425          92604         149992          13747          0.357
2009          7008573         110985         159200          17655          0.317
2010         13873889         127885         173753          17612          0.349
2011         14802126         148326         213133          16675          0.302
2012          8449061         157679         199746          13699          0.261
2013         11713673         144553         173629          19212          0.249
2014         12270590         125818         183286          16228          0.234
2015         17031793         143666         201360          17359          0.217
2016         17835307         163996         221745          17333          0.278
2017                          164871

Haddock    

Year         Recruits          SSB            TSB          Yield           mean-F
              (1000)        (tonnes)       (tonnes)       (tonnes)        age 2-6
1974         47685723         312104         823545         222859          0.768
1975          4684264         141897        1297315         217674          0.911
1976          8830375         159474         904494         213499          0.847
1977         15963697         327205         479285         189074          0.799
1978         21833207         127529         361228         111269          0.849
1979         38211719          76755         488506         111615          0.872
1980         21683800          85970         837527         133632          0.821
1981         26623534         154360         798380         145513          0.580
1982         14346783         368395         767569         201811          0.543
1983         19414669         245147         554752         197210          0.719
1984          6944231         208248         616174         166562          0.839
1985          7483914         141870         520738         178039          0.758
1986         16362486         235403         401713         177443          0.791
1987          2637279         149029         464014         134119          0.902
1988          1870554         112889         360534         113525          0.907
1989          3986200         153563         201600          86575          0.878
1990          7647192          71731         135249          60228          0.832
1991          8266249          43748         182397          58400          0.897
1992         11181194          44737         277824          89018          0.798
1993          4068693          90757         409788         104887          0.923
1994         19262120         109795         376446          86892          0.875
1995          7665710         145583         581839          92823          0.774
1996          6186775         103946         518893          83716          0.874
1997          4324310         204514         380882          94876          0.663
1998          2282478         143231         306975          93522          0.728
1999         23238526         118213         203357          73727          0.972
2000          6627938          67325         581975          61314          1.142
2001          1363616          39569         767130          48942          0.865
2002          2080685         403209         545184          56536          0.707
2003          2525609         278720         318233          43751          0.376
2004          1812997         174377         229393          47965          0.405
2005         12374924         109856         152149          48509          0.450
2006          2735664          68940         300248          39263          0.776
2007          1682652          39176         269918          29104          0.739
2008           925528         151115         219153          29639          0.442
2009          5367508         109013         151749          32306          0.383
2010           718166          89282         236124          30173          0.413
2011           394755          65117         237046          34584          0.546
2012          1081354         172314         192365          35828          0.325
2013           840674         132931         158737          42682          0.281
2014          5283343          89548         127928          39086          0.442
2015          1600657          72245         197995          33830          0.524
2016          2722605          58738         201061          32446          0.269
2017                          187473

Saithe     

Year         Recruits          SSB            TSB          Yield           mean-F
              (1000)        (tonnes)       (tonnes)       (tonnes)        age 3-6
1974           270846         550998         855796         295427          0.471
1975           151958         476209         822055         269215          0.545
1976           197082         357686         727047         337275          0.594
1977           161543         283231         591151         214712          0.736
1978           369444         242624         451602         153360          0.436
1979           286462         236756         490443         127289          0.460
1980           283877         221996         478173         130902          0.542
1981           253580         213411         562955         131092          0.494
1982           301590         196678         582396         172109          0.512
1983           579955         202566         560006         178182          0.733
1984           297110         166744         452888         197566          0.617
1985           256536         144667         440999         216339          0.606
1986           158132         129581         496243         195768          0.773
1987           162612         133436         398156         165495          0.666
1988           214642         132794         355236         133605          0.743
1989           199981         110576         289866         107664          0.665
1990           229396         103904         274479         102101          0.592
1991           169425          96402         282885         106147          0.569
1992           504308          94490         311174          98444          0.459
1993           212014         106802         357010         109747          0.600
1994           305852         108157         368652         108216          0.435
1995           141125         135053         570983         120185          0.526
1996           246732         150958         504445         113887          0.458
1997           139268         187683         492782         106296          0.338
1998           339480         188929         423184         105335          0.358
1999           331959         193090         428003         109885          0.470
2000           233734         179868         429382          85254          0.325
2001           187516         188634         487316          90870          0.258
2002           312550         222975         566977         110578          0.357
2003           122149         209254         475837         105491          0.378
2004           169271         256919         529731         104896          0.271
2005           120355         237471         498506         116693          0.319
2006           111356         258863         481404         117897          0.308
2007           193350         241078         423972          93266          0.255
2008           111706         230581         403761         117112          0.393
2009           204532         219671         374449         111031          0.390
2010           179490         207855         388807         102213          0.389
2011           106624         164213         335197          97369          0.350
2012           201772         151976         339503          76731          0.321
2013           220860         161018         352094          78833          0.279
2014           244678         192910         376757          74764          0.277
2015           233300         207263         411297          76477          0.260
2016           232395         209685         451760          66551          0.227
2017                          240652

Mackerel   

Year         Recruits          SSB            TSB          Yield           mean-F
              (1000)        (tonnes)       (tonnes)       (tonnes)        age 4-8
1974          4946075        4925329        5570811         604750          0.125
1975          4850930        4745759        5539228         780518          0.166
1976          2961043        4553722        5458092         826864          0.188
1977           794680        4429469        5234804         619776          0.145
1978          2432052        4356131        4877872         735619          0.182
1979          4637675        3858377        4252397         840578          0.222
1980          5380767        2733782        3294239         733063          0.237
1981          6420107        2466353        3287238         750656          0.242
1982          1689849        2476062        3453954         716385          0.238
1983          1117848        2666522        3451808         671927          0.205
1984          6112974        2692835        3088601         633027          0.213
1985          2822021        2541906        3133840         609877          0.192
1986          3237647        2605915        3320836         600246          0.180
1987          4686781        2630330        3210921         654429          0.197
1988          3023609        2605601        3307864         677317          0.217
1989          4091883        2463524        3192675         582714          0.186
1990          2912807        2622160        3256998         624046          0.202
1991          3354474        2741338        3360599         674986          0.243
1992          4232286        2682398        3179758         758475          0.284
1993          4588516        2556339        3125648         823385          0.322
1994          3934190        2490784        3087902         817922          0.343
1995          3201833        2519826        3128804         755210          0.324
1996          3387894        2419642        2935631         561267          0.242
1997          2814509        2422848        2915152         570291          0.233
1998          2869748        2419561        2831908         662343          0.264
1999          3223077        2352727        2757469         636297          0.275
2000          2006834        2218741        2615701         736472          0.323
2001          4073920        2068837        2409919         735748          0.365
2002          5668757        1781995        2173128         770238          0.450
2003          3415742        1748196        2344500         678030          0.433
2004          4605403        2074921        2539650         684412          0.481
2005          7024667        1989783        2544312         549854          0.348
2006          8583989        2195030        3021068         478373          0.288
2007          7346593        2598617        3758042         588318          0.331
2008          7010865        3051048        4300449         622041          0.311
2009          5769365        3514175        4634492         738620          0.288
2010          8236184        3904436        4742903         877019          0.274
2011          8482773        4352254        5303933         947366          0.262
2012          5199691        4290892        5465839         895262          0.239
2013          4455367        4469884        5340573         933733          0.248
2014          6911463        4415185        5078917        1395447          0.330
2015          3137913        4339732        5015910        1215562          0.328
2016          4165976        4275434        4795645        1096450          0.338
2017                         3706102

Herring    

Year         Recruits          SSB            TSB          Yield           mean-F
              (1000)        (tonnes)       (tonnes)       (tonnes)        age 2-6
1974          7952813         232427         283368         265715          0.710
1975          3158518         178406         228946         253557          1.248
1976          1687337          98973         122229         159146          0.768
1977          2557069          71192          83737          39314          0.155
1978          1788244          84401         103595          11211          0.041
1979          5756899         119958         138937          24508          0.059
1980         18752216         153736         191991          73424          0.101
1981         29140464         217633         319946         208456          0.195
1982         35303097         307775         432089         276798          0.133
1983         27321860         496205         679566         426905          0.336
1984         29724178         744241         954356         455974          0.474
1985         45848334         868592        1107996         655127          0.558
1986         53398845         861365        1144099         749031          0.487
1987         44504630        1069890        1423569        1006570          0.480
1988         23654576        1383732        1699032        1138636          0.477
1989         22016988        1422764        1648444         907971          0.392
1990         18439227        1349624        1485237         735845          0.371
1991         19091896        1189421        1312395         681563          0.407
1992         26557512         941069        1148561         758149          0.541
1993         25916940         690925        1009774         677243          0.719
1994         20462944         655150         862036         584515          0.662
1995         22482025         629594         829050         587287          0.709
1996         25038618         537788         719603         273367          0.282
1997         15351125         684748         923401         262782          0.286
1998         12766043         862652        1113250         379157          0.440
1999         37369177         968458        1146113         369081          0.339
2000         24881238         962174        1236391         421122          0.374
2001         67471534        1351388        1660399         363105          0.285
2002         29053934        1676197        2117624         388261          0.259
2003         17411494        1943637        2793940         485336          0.278
2004         18380387        2100748        2739010         581677          0.291
2005         12768843        2013114        2209032         649916          0.375
2006         15688068        1462549        1640116         500970          0.304
2007         20708927        1151786        1308116         402695          0.239
2008         20836314        1067195        1197727         247283          0.174
2009         21862946        1117182        1249039         159675          0.097
2010         21721132        1129828        1481893         174467          0.119
2011         17805570        1505164        1740879         208914          0.115
2012         17710345        1764627        1881515         410658          0.216
2013         23676726        1645736        1791428         473289          0.272
2014         28531589        1485916        1645247         488280          0.279
2015          8250165        1241491        1546985         453583          0.329
2016         24587607        1275219        1511533         522157          0.380
2017                         1042670

N. sandeel 

Year         Recruits          SSB            TSB          Yield           mean-F
              (1000)        (tonnes)       (tonnes)       (tonnes)        age 1-2
1974        223798488         239378         973214         220388          0.283
1975        183993436         308472         721999         196585          0.361
1976        197783013         168081         542205         110245          0.276
1977        112697999         166757         642648         271729          0.694
1978        170682109         143359         428645         133700          0.436
1979        350250445         150233         592264         202374          0.170
1980        210157686         284522        1118626         303285          0.519
1981        262058571         264349         707902         152257          0.320
1982        224178674         145647         694237          85899          0.314
1983        174657439         139757         514755          96794          0.124
1984        102310565         218003         550825          98578          0.113
1985        215256963         313257         588120          80732          0.175
1986        290678590         185896         695580         400827          0.391
1987        128270582         252338         811317         403736          0.279
1988        361766926         319498         559644         392180          0.366
1989        139910367         172491         766124         478128          0.742
1990        196101184         156187         490709         249537          0.619
1991        252274560         162054         598644         407222          0.422
1992        266272305         133012         442753         182519          0.260
1993        495956699         227721         750575         239154          0.247
1994        518644941         281603         960956         461713          0.688
1995        328424151         256910        1082168         360391          0.293
1996        793970292         351923        1028443         294888          0.324
1997        136485598         257123        1559424         573485          0.343
1998        164618502         477605         756775         548716          0.482
1999        232111269         206679         518248         273993          0.441
2000        272651073         147507         722078         248873          0.525
2001        181612435         122430         547678         283767          0.342
2002         71443057         106307         460504         158905          0.588
2003        114354648          75170         183515          66184          0.322
2004         61804646          37711         218267          77931          0.675
2005        102169514          36404         156226          23129          0.190
2006        159772509          34819         192021          15643          0.079
2007        141204763          69714         389288          89491          0.251
2008        124472515         112423         409971          86435          0.411
2009        286661536          82297         342452          29641          0.057
2010         47349462         212060         914464          72055          0.131
2011         32191403         313512         476911          95362          0.163
2012        185882353         136376         218623          31556          0.059
2013        159702103          65350         475640          23934          0.115
2014        229677312         161523         593605         126906          0.550
2015         13899273         163154         729224         115959          0.298
2016        844127927         240132         306006          36240          0.130
2017                          164604

S. sandeel 

Year         Recruits          SSB            TSB          Yield           mean-F
              (1000)        (tonnes)       (tonnes)       (tonnes)        age 1-2
1974        189387980         432575         764555         118670          0.139
1975         92355959         383219        1068180         162704          0.207
1976        148179773         516971         916295         316414          0.414
1977        331435573         341524         870628         314952          0.433
1978        159733054         365250        1640901         665810          0.568
1979        160927772         617052        1296701         481048          0.847
1980        105738651         382251        1039643         420808          0.572
1981        417341311         411491         857294         375286          0.587
1982         42142929         186841        1274395         509751          0.955
1983        332366915         353042         526066         462895          0.511
1984        111105680         202311        1081539         566796          0.757
1985        385314734         337650         651872         515984          0.874
1986         88025222         196248        1198602         463659          0.300
1987         78743557         678170        1083957         411777          0.215
1988        215552814         533227         757239         453753          0.527
1989        108737923         173812         700064         472329          0.629
1990        151216684         282919         649546         357559          0.750
1991        232708540         337719         889631         480784          0.514
1992         62227375         289442        1130117         665758          0.471
1993        203764161         452350         727182         267874          0.497
1994        280183193         250872         821582         246543          0.486
1995         87623786         404564        1478638         483202          0.319
1996        472941683         527837         824866         427976          0.626
1997        102411397         245694        1876357         535642          0.335
1998        154476091         753246        1163196         460455          0.478
1999        192862335         357532         724919         452180          0.786
2000        293921244         175408         701781         322606          0.505
2001        349569217         220694         822562         651924          0.906
2002         41270958         210679        1151379         642187          0.443
2003        162955031         365385         497528         220309          0.688
2004         76743123         100209         417784         258228          0.744
2005        164241229         108816         336057         136713          0.895
2006        127643542          71136         469891         262160          0.831
2007        264903506         134567         433305         111885          0.554
2008        124405098         146056         796510         242356          0.624
2009        620744924         223884         535284         292725          0.687
2010         74930793         193642        1888858         323027          0.242
2011        103976436         752914        1062451         334301          0.226
2012        180793892         436162         700356          54192          0.063
2013        123194474         247963         581979         183471          0.704
2014        286188735         151623         423654          86499          0.276
2015         53355402         209415         898461         182484          0.241
2016        340526182         474019         652941          19410          0.027
2017                          430972

Nor. pout  

Year         Recruits          SSB            TSB          Yield           mean-F
              (1000)        (tonnes)       (tonnes)       (tonnes)        age 1-2
1974        240351971         305885        1256938         732535          1.371
1975        367908826         335461         862485         508241          1.052
1976        319952233         315571        1051726         472608          0.907
1977        141777127         328576        1029888         383967          0.683
1978        189263081         297468         618657         253756          0.737
1979        227464748         223813         727201         339898          0.872
1980        114796222         333203         971056         534650          0.930
1981        208687097         276559         521768         431928          0.625
1982        224139050         164757         592309         390197          0.904
1983        190520091         238060         747846         475746          0.829
1984        118806345         306661         812318         376484          1.186
1985        104868618         222070         465457         227635          1.178
1986        141450518         109577         331610         180330          0.669
1987         37374752         139555         415690         148927          0.920
1988         98165733          95755         159484         109219          0.556
1989        115481264          88921         324581         166742          0.592
1990        102484269         158064         371846         138841          0.726
1991        130304481         159525         412900         189819          1.206
1992         81709948         177792         518636         302275          0.883
1993         89111453         209411         405488         181098          0.983
1994        217679108         118867         268370         183618          1.031
1995        105816584         184697         702744         231894          0.503
1996        118865438         313380         496112         156207          0.440
1997         42717967         190872         495647         156781          0.442
1998         79742586         194242         284391          73981          0.365
1999        132915794         105689         267834          92388          0.504
2000         68522027         155522         493809         185103          0.444
2001         86090488         256320         399760          64358          0.143
2002         59123031         148956         308846          77138          0.262
2003         36235913          85705         190492          24569          0.320
2004         37945602          55843         116998          13488          0.197
2005         93478370          38139         100874              0          0.000
2006         70144000          72484         255083          46529          0.364
2007         75887737         113988         244709           5790          0.000
2008        125212012         116847         250629          34816          0.166
2009        137041336         140381         394702          45799          0.143
2010         49955872         295381         660195         131179          0.401
2011         82087649         255190         344456           6831          0.019
2012        151809938          92829         196191          26931          0.028
2013         53923946         113608         381798          82164          0.331
2014        175652641         111110         195832          44189          0.290
2015        114475213         117534         472531          57351          0.278
2016        219140348         216790         419256          60203          0.272
2017                          209053

Sprat      

Year         Recruits          SSB            TSB          Yield           mean-F
              (1000)        (tonnes)       (tonnes)       (tonnes)        age 1-2
1974        283022136         546086         967129         311793          0.348
1975        803986648         553990         897308         619712          0.806
1976        253025004         730622        1567790         548406          0.635
1977        250729294         440073         684737         290309          0.590
1978        593986141         264631         502192         325527          0.580
1979        187534727         374198         762497         359860          0.706
1980        145706726         311813         454026         292168          0.721
1981         51029821         140306         250026         196941          0.684
1982         26654651          77199         128260         145129          0.580
1983         42141543          94755         167362          79089          1.045
1984         61434046          57437         115283          75966          0.632
1985         27805885         128539         257833          48599          0.621
1986         94943333          65052         112793           8222          0.974
1987         42417345         132516         304572          32074          0.186
1988        100350576         129378         215453          86388          0.226
1989         62428700         137792         273031          62361          0.082
1990        104114808         133751         226580          56003          0.677
1991         57172002          91077         189211         102885          0.533
1992        123984789          88717         165660         120363          0.286
1993        199736606         137538         262962         181700          0.580
1994         95632237         101345         373789         292621          0.523
1995         55260886         190301         324857         327845          0.745
1996         49523650         185344         248229         101965          0.522
1997         79018456         126133         190392          90385          0.533
1998        136214524         208023         411073         145373          0.861
1999         97987296         179549         353419         184123          0.552
2000         65437659         147657         256312         183057          0.754
2001         82530350          89782         234158         144887          0.876
2002         71562000         257712         435560         136066          1.041
2003         60443051          56838         206971         170440          0.910
2004        185635959         158779         269911         101774          0.883
2005         55076968         114681         338353         201190          0.541
2006         65556516         137310         283528         107864          0.802
2007         69075531         204195         295215          75098          0.543
2008        137127285         122652         191827          50211          0.760
2009        100890485         246307         573139         129889          0.402
2010        126925361         273057         351366         107656          0.387
2011        108664749         265363         407355         108104          0.486
2012         58896981         179016         420330          77787          0.355
2013        184867339         109029         178295          63938          0.253
2014        125871622         476472         859376         126107          0.138
2015        118274137         382480         641344         272882          0.644
2016        252082088         214362         375548         194116          1.052
2017                          180651

Plaice     

Year         Recruits          SSB            TSB          Yield           mean-F
              (1000)        (tonnes)       (tonnes)       (tonnes)        age 3-6
1974           813549         290810         423429         102781          0.474
1975           656070         304504         461363          88619          0.550
1976           976918         314752         443330          97536          0.445
1977           826481         323486         455515         101394          0.484
1978           863950         320312         452947         105133          0.444
1979          1130759         313416         458567         129026          0.663
1980          1001842         295982         435683         131854          0.516
1981          2161581         284021         422114         128188          0.533
1982          1476121         279606         478813         147371          0.579
1983          1408100         331878         536422         130758          0.559
1984          1890259         348077         561767         151786          0.577
1985          4813354         370753         589074         163468          0.517
1986          2196656         406094         779674         162460          0.636
1987          2050015         469268         800129         147799          0.649
1988          1449705         413859         712071         140605          0.678
1989          1208838         432020         631461         151630          0.612
1990          1031243         388752         555670         151348          0.574
1991           869446         376568         537566         143317          0.683
1992           593778         318372         457217         122496          0.717
1993           571533         278933         388839         118169          0.703
1994           943904         231823         327824         116392          0.701
1995           946152         215313         321085         102384          0.633
1996          2419113         201491         316236          82366          0.751
1997           869460         191912         390796          77908          0.908
1998           819060         205429         350839          62501          0.773
1999          1002124         195425         330453          71875          0.800
2000           613171         195528         301676          79214          0.600
2001          1917655         216829         328046          71313          0.731
2002           643542         191403         352666          70897          0.712
2003          1252804         223677         361537          62484          0.728
2004           815002         188684         334309          59784          0.520
2005           851636         214969         324387          53031          0.496
2006          1290815         228253         351979          55303          0.470
2007          1094830         219980         347810          47142          0.431
2008          1062150         264822         405302          49885          0.326
2009          1285710         329097         486001          49947          0.341
2010          1620977         388659         543701          58205          0.292
2011          1209588         395133         571907          64414          0.317
2012          1379933         409592         570377          68133          0.294
2013          1752828         464095         642612          75493          0.232
2014           974461         553986         746125          67204          0.221
2015          1271119         550289         688635          73255          0.216
2016          1385596         605515         750165          78043          0.207
2017                          682241

Sole       

Year         Recruits          SSB            TSB          Yield           mean-F
              (1000)        (tonnes)       (tonnes)       (tonnes)        age 2-6
1974            48609          40427          60167          17971          0.460
1975           109960          42425          58153          20736          0.466
1976           137134          42731          53902          17172          0.435
1977            50814          34546          54981          17739          0.392
1978            14643          38541          57364          20273          0.483
1979           149036          45280          52449          22594          0.476
1980           160021          35705          44772          15712          0.481
1981           145540          24620          49804          15338          0.479
1982           152393          33596          58423          21196          0.540
1983            78118          41573          66359          24873          0.508
1984            95101          44709          65870          26807          0.580
1985           149006          42012          55075          24226          0.550
1986            70505          36264          54237          18148          0.617
1987           523778          30004          53108          17353          0.499
1988           117282          37115          70097          21587          0.505
1989           232737          33179          98716          21788          0.412
1990            84788          93266         119275          35012          0.438
1991           397792          78769         110646          33496          0.484
1992            76609          78346         108650          29198          0.474
1993            55589          54000         101468          31483          0.522
1994            98534          73838          85911          32898          0.556
1995            63698          56234          68145          29746          0.511
1996           260283          37809          53306          22620          0.714
1997           119097          27779          48383          14661          0.601
1998            96389          21528          58556          20834          0.639
1999           127376          39963          57976          23427          0.574
2000            68830          36767          54357          22302          0.651
2001           196214          29769          48830          19819          0.545
2002            84409          32327          50249          15361          0.534
2003            47255          27487          56159          16581          0.528
2004            48908          39648          51849          17172          0.523
2005           186854          32852          41280          15260          0.569
2006            71970          24853          39970          10712          0.481
2007            73652          17942          45811          13801          0.479
2008            93147          34466          47508          13291          0.405
2009           204960          32575          46007          12868          0.463
2010           226589          30354          52048          11189          0.503
2011            58522          27277          62928          10387          0.422
2012           117013          34537          48632          10840          0.449
2013           207934          41552          50543          12305          0.383
2014           135708          37503          55349          11758          0.336
2015            49253          37599          57476          11497          0.271
2016           100020          51185          61354          13007          0.255
2017                           54910

