# log(Survey observed CPUE) - log(expected CPUE):
######################################################
# Species: 16
# No. of fleets: 2
# Fleet no.: 1
# First and last year: 1983,2017
# First and last age: 1,5
# Species, Fleet, Year, , ,Age_1 ,Age_2 ,Age_3 ,Age_4 ,Age_5
      16,1,1983       ,-0.3436,0.6161,0.0199,-0.5488,-0.1672
16,1,1984       ,0.2665,0.1696,-0.2269,-0.3186,-0.3012
16,1,1985       ,-1.7840,0.5327,0.0517,-0.3984,-0.0436
16,1,1986       ,0.2532,-0.1354,-0.0471,0.2286,-0.0296
16,1,1987       ,0.0699,0.4723,-0.3851,-0.5015,-0.2180
16,1,1988       ,-0.3001,-0.2414,-0.0386,-0.7139,-0.2558
16,1,1989       ,0.6207,0.0542,0.4321,-0.1316,0.2126
16,1,1990       ,-0.3828,0.3982,-0.0471,-0.3442,0.0462
16,1,1991       ,-0.6092,-0.1724,0.0229,0.1047,0.2202
16,1,1992       ,0.6476,0.0358,-0.2783,-0.3535,-0.0134
16,1,1993       ,0.2796,0.4681,-0.1488,-0.1297,-0.0246
16,1,1994       ,0.4284,-0.3604,-0.4122,0.0237,0.5646
16,1,1995       ,0.7455,0.5062,0.2021,-0.6011,0.1813
16,1,1996       ,-0.3640,0.0141,-0.0503,-0.3116,-0.0853
16,1,1997       ,0.9867,0.0119,-0.3018,-0.4426,0.0043
16,1,1998       ,-0.6379,0.3635,-0.0911,-0.2050,0.1126
16,1,1999       ,-0.2793,-0.9408,0.4471,0.3440,0.5410
16,1,2000       ,0.1205,-0.0375,0.0968,0.2306,0.5474
16,1,2001       ,-0.4219,-0.0677,0.0443,0.0976,-0.3013
16,1,2002       ,0.6408,-0.0772,-0.0267,-0.0788,0.3489
16,1,2003       ,-1.1507,0.0466,0.0451,-0.1324,0.6375
16,1,2004       ,0.4761,-0.0873,0.4440,-0.1549,0.1308
16,1,2005       ,-0.3614,-0.3033,-0.0629,0.4472,-0.0246
16,1,2006       ,0.4038,-0.6352,0.0180,-0.2118,-0.0481
16,1,2007       ,0.0678,-0.0964,0.1102,-0.1966,0.2889
16,1,2008       ,0.5540,-0.3842,-0.1861,0.0582,0.6541
16,1,2009       ,-0.2266,0.2143,0.1394,-0.3763,0.2882
16,1,2010       ,0.4845,0.0167,0.5293,0.0753,0.0685
16,1,2011       ,-0.2765,0.2323,-0.2936,0.1035,0.7042
16,1,2012       ,0.1525,0.2767,0.4527,0.0144,0.6006
16,1,2013       ,-0.1560,-0.1131,0.1609,-0.1202,0.7301
16,1,2014       ,-0.0309,-0.2956,-0.2303,-0.2807,0.1582
16,1,2015       ,0.1205,0.0218,-0.1664,-0.2985,0.0095
16,1,2016       ,0.0062,-0.5035,-0.2233,-0.4498,0.0358
# Fleet no.: 2
# First and last year: 1992,2016
# First and last age: 1,4
# Species, Fleet, Year, , ,Age_1 ,Age_2 ,Age_3 ,Age_4
      16,2,1992       ,0.6855,-0.2046,-0.3843,-0.1033
16,2,1993       ,0.0277,0.2283,-0.0929,-0.5021
16,2,1994       ,0.7897,0.0544,-0.3734,-0.4178
16,2,1995       ,0.4779,0.5665,-0.1731,-0.4873
16,2,1996       ,0.0999,0.0334,-0.2668,-0.4610
16,2,1997       ,1.0820,-0.0077,-0.2462,-0.4806
16,2,1998       ,-0.8614,0.6260,-0.0372,-0.4754
16,2,1999       ,0.0496,-0.6661,0.4746,-0.3274
16,2,2000       ,0.1713,-0.4529,-0.8332,-0.1516
16,2,2001       ,-0.4744,-0.2562,-0.2448,0.0246
16,2,2002       ,0.4153,-0.2702,-0.2125,0.3246
16,2,2003       ,-0.6933,-0.0108,-0.4610,-0.4603
16,2,2004       ,0.0608,-0.1748,0.1316,-0.1978
16,2,2005       ,-0.9098,-0.6057,-0.0445,-0.1080
16,2,2006       ,0.2059,-0.4681,0.3335,0.1868
16,2,2007       ,-0.2200,0.1620,0.1816,0.1760
16,2,2008       ,0.0911,0.1109,0.2972,0.4561
16,2,2009       ,-0.1755,-0.0063,-0.3324,-0.2164
16,2,2010       ,0.4135,0.4473,0.3247,0.1520
16,2,2011       ,-0.3572,0.5785,0.5989,0.8354
16,2,2012       ,-0.0861,0.2153,0.5665,0.5386
16,2,2013       ,-0.0357,-0.0133,0.2733,0.4494
16,2,2014       ,-0.3187,-0.0734,0.1051,0.3910
16,2,2015       ,-0.3119,0.2603,0.2217,0.3711
16,2,2016       ,-0.1264,-0.0729,0.1935,0.4836
######################################################
# Species: 17
# No. of fleets: 3
# Fleet no.: 1
# First and last year: 1978,1988
# First and last age: 1,5
# Species, Fleet, Year, , ,Age_1 ,Age_2 ,Age_3 ,Age_4 ,Age_5
      17,1,1978       ,-0.1238,-0.3482,-0.7873,-0.8743,-0.3330
17,1,1979       ,-0.2840,-0.7095,-0.3277,-0.3991,-1.1198
17,1,1980       ,0.1085,-0.2012,-0.4565,-0.4474,-0.4763
17,1,1981       ,-0.4283,-0.1807,0.0722,-0.0383,-0.2024
17,1,1982       ,-0.5875,0.1680,0.1302,0.2622,-0.3227
17,1,1983       ,-0.6236,-0.3880,0.2853,0.2001,0.5974
17,1,1984       ,0.3265,0.0235,0.1124,0.3514,0.3106
17,1,1985       ,0.3783,0.1415,-0.0974,-0.0084,0.2205
17,1,1986       ,0.1413,0.3133,0.3418,0.5211,0.1478
17,1,1987       ,0.5539,0.3284,0.0845,0.3899,0.0210
17,1,1988       ,0.5386,0.8530,0.6424,0.6267,0.5729
# Fleet no.: 2
# First and last year: 1989,2017
# First and last age: 1,5
# Species, Fleet, Year, , ,Age_1 ,Age_2 ,Age_3 ,Age_4 ,Age_5
      17,2,1989       ,0.0910,0.1027,0.1188,0.0846,-0.0255
17,2,1990       ,-0.1389,-0.3350,-0.0332,-0.0132,-0.4285
17,2,1991       ,0.4585,0.3953,-0.0821,0.2329,0.3769
17,2,1992       ,0.5446,0.2553,0.1787,-0.0397,-0.3166
17,2,1993       ,0.5412,0.1207,0.0385,0.0107,0.1189
17,2,1994       ,0.2277,0.1758,-0.0530,0.0062,-0.4520
17,2,1995       ,0.2766,-0.1151,0.0672,0.0286,-0.5513
17,2,1996       ,0.2304,0.0835,0.0809,-0.0464,0.1844
17,2,1997       ,0.1543,0.0973,-0.1998,-0.1895,-0.3157
17,2,1998       ,0.3905,-0.3418,-0.1613,-0.2766,-0.5950
17,2,1999       ,0.1544,0.0043,-0.1532,0.0337,-0.1342
17,2,2000       ,0.2958,0.1324,0.2616,0.3735,-0.0011
17,2,2001       ,0.1924,0.0525,0.3012,0.7451,0.7186
17,2,2002       ,0.1316,-0.3058,-0.0978,-0.3221,0.0380
17,2,2003       ,-0.2259,-0.2959,-0.0162,0.1486,0.2128
17,2,2004       ,-0.0251,-0.3319,-0.2059,0.0286,-0.0797
17,2,2005       ,-0.7455,-0.2699,-0.3289,-0.3258,-0.1203
17,2,2006       ,-0.0710,-0.3514,-0.3591,-0.3209,-0.3167
17,2,2007       ,-1.0207,-0.1369,-0.2057,-0.2385,-0.1845
17,2,2008       ,-0.1330,0.3142,-0.1811,-0.3359,-0.2514
17,2,2009       ,-0.1475,0.0852,0.3292,-0.0378,-0.0233
17,2,2010       ,0.3316,-0.0826,0.6827,1.3142,0.8865
17,2,2011       ,-0.6021,0.2266,0.2896,0.6451,0.5927
17,2,2012       ,0.1184,0.5863,-0.1016,-0.0347,0.4168
17,2,2013       ,-0.9899,-0.0851,0.4270,0.5540,0.2219
17,2,2014       ,-0.1528,0.3419,0.1716,0.0463,-0.0200
17,2,2015       ,0.0657,-0.3506,-0.0618,-0.1620,-0.1433
17,2,2016       ,0.0251,0.0263,-0.4838,-0.2748,-0.3083
17,2,2017       ,0.0229,0.0017,-0.2227,-0.7775,-0.3569
# Fleet no.: 3
# First and last year: 1991,2016
# First and last age: 0,5
# Species, Fleet, Year, , ,Age_0 ,Age_1 ,Age_2 ,Age_3 ,Age_4 ,Age_5
      17,3,1991       ,-0.1532,0.0136,-0.4654,-0.9771,-0.3899,-0.6002
17,3,1992       ,0.3986,0.0401,0.0306,-0.1392,-0.0774,0.4532
17,3,1993       ,0.2066,-0.0578,-0.3277,-0.3390,-0.4909,-0.1347
17,3,1994       ,-0.0635,0.0890,-0.2461,-0.0130,-0.2790,-0.3550
17,3,1995       ,0.1422,0.0386,0.0384,0.1278,-0.0623,-0.2796
17,3,1996       ,-0.0042,0.3058,0.1234,0.3168,0.1515,-0.0909
17,3,1997       ,1.0637,0.1364,0.0220,0.2175,-0.1122,0.0386
17,3,1998       ,0.8125,-0.1963,0.1210,-0.2309,-0.0268,-0.0932
17,3,1999       ,0.7255,0.7581,0.1320,0.1627,0.0662,-0.2039
17,3,2000       ,0.6141,0.3011,0.1978,0.0781,-0.0853,-0.1702
17,3,2001       ,1.2105,0.1464,-0.1656,-0.0819,-0.0986,-0.2444
17,3,2002       ,-0.7515,0.4384,-0.0758,-0.0172,-0.1464,-0.5311
17,3,2003       ,-0.6235,0.4869,0.1943,0.1405,0.2325,-0.0356
17,3,2004       ,0.0201,-0.1527,-0.2272,-0.3885,0.0096,0.1179
17,3,2005       ,-1.2472,-0.3010,-0.1022,0.0675,0.1736,0.5370
17,3,2006       ,-1.0872,-0.2279,-0.1357,0.1293,0.2092,0.3977
17,3,2007       ,-0.0777,-0.7066,-0.3898,0.0180,0.1020,0.7026
17,3,2008       ,0.0794,0.0508,-0.1677,-0.0998,0.0271,0.0368
17,3,2009       ,0.3627,0.6873,0.9810,0.3198,-0.0131,0.4588
17,3,2010       ,-0.4721,-0.3895,0.0426,-0.0461,0.0969,0.1744
17,3,2011       ,-1.2617,0.0698,-0.0533,-0.1720,-0.3303,0.3624
17,3,2012       ,-0.4846,0.1507,0.0601,-0.0206,-0.1004,0.1198
17,3,2013       ,-0.7254,-0.8979,-0.4907,-0.0988,-0.3011,-0.3037
17,3,2014       ,0.6610,-0.5119,0.2792,0.5252,0.1543,-0.0232
17,3,2015       ,0.7339,-0.2253,0.2475,0.3501,0.3983,0.3711
17,3,2016       ,-0.0790,-0.0462,0.3774,0.1708,0.0138,0.1740
######################################################
# Species: 18
# No. of fleets: 2
# Fleet no.: 1
# First and last year: 1974,2017
# First and last age: 1,5
# Species, Fleet, Year, , ,Age_1 ,Age_2 ,Age_3 ,Age_4 ,Age_5
      18,1,1974       ,-0.2128,-0.6024,-0.7310,-1.0529,-0.7912
18,1,1975       ,-0.9269,-0.7348,-1.1875,-0.9749,-1.0047
18,1,1976       ,-0.8820,-1.2442,0.0617,0.0023,-0.3124
18,1,1977       ,-0.8196,-0.7475,-1.2917,-0.8866,-1.1090
18,1,1978       ,-0.4381,-0.4206,-0.2837,-0.5284,-0.1495
18,1,1979       ,-0.7867,-0.2163,0.2256,-0.2106,-0.5412
18,1,1980       ,-0.8066,-0.3559,0.1396,0.0409,0.0318
18,1,1981       ,-0.7752,-0.7190,-0.0627,0.2770,0.3084
18,1,1982       ,-0.6200,0.1050,-0.0184,0.0441,0.0123
18,1,1983       ,-0.5383,-0.0223,0.0884,-0.2115,-0.5381
18,1,1984       ,-0.0213,-0.0943,-0.1094,-0.1344,-0.7902
18,1,1985       ,-0.1919,0.0048,0.3034,-0.1692,-0.6428
18,1,1986       ,0.5518,0.3161,0.1162,-0.2629,-0.6007
18,1,1987       ,0.2450,0.1116,-0.3855,-0.2881,-0.4760
18,1,1988       ,0.2734,0.0678,0.0657,-0.2684,-0.3952
18,1,1989       ,0.9236,0.4511,0.3819,-0.3467,-0.7300
18,1,1990       ,0.5392,0.6633,0.4872,0.0477,-0.7137
18,1,1991       ,0.7336,0.1997,0.0864,-0.2551,-0.4484
18,1,1992       ,0.9454,0.1387,-0.7078,-0.7128,-0.7701
18,1,1993       ,0.6300,0.4154,0.4477,-0.1385,-0.5341
18,1,1994       ,-0.0564,-0.1092,-0.1191,-0.0930,-0.5301
18,1,1995       ,0.0824,-0.0013,-0.0093,-0.2258,-0.3048
18,1,1996       ,-0.2828,-0.0607,-0.0833,-0.1401,-0.2018
18,1,1997       ,0.9387,0.4546,0.4816,0.2087,0.0033
18,1,1998       ,0.5758,0.3589,0.2091,0.1301,0.1958
18,1,1999       ,0.6593,0.4166,0.1673,0.6170,0.1809
18,1,2000       ,0.7689,0.1295,0.0394,-0.0398,0.9272
18,1,2001       ,0.8836,0.2006,0.7072,0.1617,0.1475
18,1,2002       ,0.0014,0.2533,0.4994,-0.3213,0.6487
18,1,2003       ,0.1790,-0.2337,0.3465,0.5736,0.1648
18,1,2004       ,-0.3270,0.1165,0.3213,0.7401,0.8129
18,1,2005       ,-0.0469,-0.1440,0.1215,0.1392,0.4303
18,1,2006       ,0.4548,-0.0403,-0.0210,-0.3779,-0.0799
18,1,2007       ,-0.3351,0.5745,0.5484,0.4289,-0.3572
18,1,2008       ,-0.5053,-0.0551,-0.0011,0.6058,-0.7306
18,1,2009       ,0.1694,0.6578,0.6194,0.1360,-0.4135
18,1,2010       ,0.3850,0.1973,0.5882,0.6771,0.4763
18,1,2011       ,-0.0781,0.5193,1.2424,0.6422,1.3758
18,1,2012       ,-0.3806,0.4674,0.5628,0.4625,0.6733
18,1,2013       ,-0.1519,0.3228,0.4333,-0.2669,-0.0672
18,1,2014       ,-0.8552,0.4777,0.6814,1.4215,0.6738
18,1,2015       ,-0.0072,-0.2502,-0.0097,-0.1607,0.5142
18,1,2016       ,0.1057,0.2246,-0.1363,-0.1692,-0.0742
# Fleet no.: 2
# First and last year: 1991,2016
# First and last age: 0,5
# Species, Fleet, Year, , ,Age_0 ,Age_1 ,Age_2 ,Age_3 ,Age_4 ,Age_5
      18,2,1991       ,-0.0748,-0.4045,-0.8646,-1.3116,-1.6216,-1.3864
18,2,1992       ,0.9512,0.3272,0.2390,-0.4617,-0.6308,-0.6722
18,2,1993       ,0.4050,-0.1455,-0.2064,-0.1594,-0.6556,-0.8232
18,2,1994       ,-0.0268,-0.2256,-0.0405,-0.4497,-0.3461,-1.2120
18,2,1995       ,-0.2861,-0.1009,-0.0113,0.1119,-0.6292,-0.1920
18,2,1996       ,0.0990,-0.1176,-0.0241,-0.0895,-0.2070,-0.5758
18,2,1997       ,-0.7082,-0.0754,0.0133,-0.0112,-0.4777,-0.4513
18,2,1998       ,0.3039,0.2714,0.0238,0.2386,-0.1494,-0.2138
18,2,1999       ,1.1478,0.4834,0.2524,0.0361,0.1634,-0.3414
18,2,2000       ,0.5853,0.1541,-0.1837,-0.0796,-0.0071,0.5568
18,2,2001       ,-1.2352,-0.1526,0.0284,0.4572,0.0884,0.3294
18,2,2002       ,-0.2645,-0.2661,0.0892,0.2997,0.3835,0.2952
18,2,2003       ,-0.3030,-0.1373,-0.0277,0.6216,0.6816,0.0165
18,2,2004       ,0.1245,-0.0542,-0.0537,0.3584,0.5332,0.6313
18,2,2005       ,0.1928,0.1494,0.1978,-0.2115,0.2900,0.5732
18,2,2006       ,-0.3049,-0.2481,-0.0197,-0.2406,-0.6419,0.2960
18,2,2007       ,-0.3658,0.0339,0.2042,-0.0957,0.0594,-0.6717
18,2,2008       ,0.3424,-0.0670,0.2649,0.1428,0.0503,0.1429
18,2,2009       ,0.5296,0.1378,0.5666,0.1302,0.0220,-0.3826
18,2,2010       ,-0.8239,-0.0336,0.4909,0.3441,0.4453,0.4377
18,2,2011       ,-0.1820,0.3540,0.2047,0.4296,0.1295,0.3088
18,2,2012       ,-0.4151,0.3933,0.4727,-0.1057,-0.1626,-0.1113
18,2,2013       ,0.0525,-0.2877,0.8105,0.2363,0.0302,-0.6055
18,2,2014       ,0.3666,-0.0975,0.4192,-0.1217,0.2223,0.3001
18,2,2015       ,-0.3902,0.0699,-0.0767,-0.1127,-0.4520,-0.2973
18,2,2016       ,0.2799,0.0394,0.1219,-0.4796,-0.9251,-1.2413
######################################################
# Species: 19
# No. of fleets: 2
# Fleet no.: 1
# First and last year: 1992,2016
# First and last age: 3,8
# Species, Fleet, Year, , ,Age_3 ,Age_4 ,Age_5 ,Age_6 ,Age_7 ,Age_8
      19,1,1992       ,-1.6289,0.3420,-0.1094,-0.8664,-1.0323,-0.5415
19,1,1993       ,0.2722,0.1892,0.3089,-0.1791,-2.2126,-0.5973
19,1,1994       ,-1.4331,-0.5359,-0.1647,0.5256,-0.1599,-0.1799
19,1,1995       ,0.0260,0.1919,0.2210,0.1431,0.0387,-0.0484
19,1,1996       ,-0.4202,0.0572,0.1538,0.5634,-0.0059,-0.1494
19,1,1997       ,-0.8368,0.1512,0.8397,0.3771,0.6215,0.4537
19,1,1998       ,-1.2150,-0.0438,-0.1376,-0.0669,-0.5539,0.1079
19,1,1999       ,-1.1750,0.0352,0.4034,-0.1755,-0.2817,-0.5928
19,1,2000       ,-0.1301,0.9661,0.1114,-0.2024,-1.2148,-1.0922
19,1,2001       ,0.7819,1.0748,0.6914,-0.4410,-0.3363,-0.7153
19,1,2002       ,0.1377,1.3407,0.1254,0.0126,-0.6510,-0.3119
19,1,2003       ,1.0781,1.6456,1.6362,-0.4208,-0.2604,-0.0140
19,1,2004       ,-0.0936,0.6735,0.2148,-0.4446,-1.6653,-1.3630
19,1,2005       ,0.0009,0.9888,0.8173,0.2711,0.2700,-0.6551
19,1,2006       ,1.1060,1.8622,0.5859,0.0892,-0.6192,-0.6894
19,1,2007       ,1.9358,1.0952,1.4594,0.1100,0.1553,-0.3378
19,1,2008       ,-0.0154,0.8348,-0.1056,0.3233,-0.6780,-0.3517
19,1,2009       ,-0.8389,0.0454,-0.7845,-1.6034,-1.1809,-0.2934
19,1,2010       ,-1.3797,-0.4477,-0.5754,-1.1084,-1.7522,-0.8808
19,1,2011       ,0.3586,1.1461,0.2786,0.9495,0.2544,-0.5812
19,1,2012       ,0.6476,0.4405,0.6937,0.1564,0.7062,0.6006
19,1,2013       ,1.0451,1.6719,0.6791,0.8011,0.2154,0.0303
19,1,2014       ,-0.6226,0.3598,0.4505,-0.1040,0.0554,-0.2777
19,1,2015       ,0.6330,1.2272,1.0381,0.4099,-0.0987,-0.0572
19,1,2016       ,1.7665,1.6873,1.1525,0.9867,0.3617,-0.0476
# Fleet no.: 2
# First and last year: 1997,2016
# First and last age: 3,9
# Species, Fleet, Year, , ,Age_3 ,Age_4 ,Age_5 ,Age_6 ,Age_7 ,Age_8 ,Age_9
      19,2,1997       ,-0.0153,-0.0492,0.1307,0.3026,-0.0282,0.4424,-0.1938
19,2,1998       ,-0.0652,-0.2864,-0.0210,0.1816,0.0770,0.2033,0.0264
19,2,1999       ,-0.5599,-0.0801,0.1520,-0.1686,0.2527,0.1151,-0.0292
19,2,2000       ,0.2157,-0.2734,0.0094,0.1390,0.1654,-0.0809,-0.3415
19,2,2001       ,-0.3327,0.0591,0.3684,-0.2348,0.1328,0.2889,-0.0629
19,2,2002       ,-0.6095,0.0400,0.1323,0.0392,0.0308,0.0444,0.0403
19,2,2003       ,-0.1770,-0.1574,-0.2195,0.2092,-0.0609,0.1416,0.1768
19,2,2004       ,-0.0374,-0.0305,-0.0467,0.1761,-0.3336,-0.3012,0.3359
19,2,2005       ,-0.2295,-0.0085,-0.0064,0.0940,0.2443,-0.0939,0.2880
19,2,2006       ,0.2934,0.0868,-0.6222,0.1681,0.2711,0.2539,-0.3154
19,2,2007       ,0.5088,-0.0527,0.0419,-0.0968,-0.3671,-0.0958,-0.3271
19,2,2008       ,0.0103,0.1340,0.1334,-0.1259,0.3712,-0.3352,0.0782
19,2,2009       ,-0.3606,-0.0622,-0.0929,-0.0536,-0.0415,0.2029,0.1275
19,2,2010       ,-0.1668,-0.0319,0.0509,0.3341,-0.0270,0.2922,0.3561
19,2,2011       ,0.5635,0.2502,-0.2427,0.1406,-0.2926,-0.2361,0.1944
19,2,2012       ,0.2993,-0.2370,-0.0469,0.1571,-0.0438,-0.3316,0.1201
19,2,2013       ,-0.0606,0.0579,-0.0485,0.1416,-0.0444,0.2112,-0.1008
19,2,2014       ,-0.1875,-0.2234,-0.0537,0.1454,0.2862,0.2126,-0.0438
19,2,2015       ,-0.0338,-0.0142,0.0377,-0.0218,0.0035,-0.0334,0.0905
19,2,2016       ,-0.0746,-0.0790,-0.3724,0.0115,-0.2185,0.0191,-0.5622
######################################################
# Species: 20
# No. of fleets: 2
# Fleet no.: 1
# First and last year: 2010,2017
# First and last age: 1,9
# Species, Fleet, Year, , ,Age_1 ,Age_2 ,Age_3 ,Age_4 ,Age_5 ,Age_6 ,Age_7 ,Age_8 ,Age_9
      20,1,2010       ,-0.6122,0.0630,-0.2217,-0.6723,-0.8639,-0.1552,-0.1115,-1.0946,-1.0337
20,1,2011  ,-99.9,-99.9,-99.9,-99.9,-99.9,-99.9,-99.9,-99.9,-99.9
20,1,2012       ,-1.2290,-0.6263,-0.3322,0.0962,0.0042,-0.2517,-0.5058,-0.2435,0.0389
20,1,2013       ,1.2305,-0.6262,-0.3404,0.4034,0.3860,0.2568,-0.5227,-0.7655,0.2076
20,1,2014       ,1.1168,0.5545,-0.5111,-0.1493,0.6698,0.8644,0.4329,-0.0251,-0.6917
20,1,2015       ,-0.3409,0.9814,0.5798,-0.5337,-0.1721,0.6985,0.3959,-0.1245,-1.0961
20,1,2016       ,-0.1652,-0.3464,0.8256,0.8556,-0.0240,0.6662,1.0709,1.0189,0.9706
# Fleet no.: 2
# First and last year: 1980,2016
# First and last age: 0,9
# Species, Fleet, Year, , ,Age_0 ,Age_1 ,Age_2 ,Age_3 ,Age_4 ,Age_5 ,Age_6 ,Age_7 ,Age_8 ,Age_9
      20,2,1980  ,-99.9,-0.2699,0.2512,0.6580,-0.1123,1.0554,1.0494,0.2389,0.1335,0.3318
20,2,1981  ,-99.9,0.5761,-0.0621,-0.4957,0.2757,0.3579,0.1775,0.6783,0.0813,0.2724
20,2,1982  ,-99.9,-0.1816,-0.3974,0.5314,0.0298,0.3666,0.1959,0.6361,0.3881,0.1693
20,2,1983  ,-99.9,-0.2440,-0.6470,0.9920,-0.3733,-0.5403,0.6395,0.0494,0.8368,0.5165
20,2,1984  ,-99.9,0.0251,-0.5385,0.2127,0.3848,-0.0400,0.0509,0.3919,-0.0989,1.4726
20,2,1985  ,-99.9,-0.1384,0.1142,-0.1006,0.0426,-0.1132,-0.0673,0.4191,0.9670,0.0802
20,2,1986  ,-99.9,-0.1265,-0.3838,-0.2929,0.0247,0.0188,-0.2338,-0.2112,-0.2596,0.9634
20,2,1987  ,-99.9,-0.2686,0.3663,-0.4335,-0.4454,0.1480,0.1807,-0.0124,0.3715,0.5847
20,2,1988  ,-99.9,0.2617,0.0342,0.1509,0.1667,-0.4822,0.2715,0.7108,0.3789,0.4215
20,2,1989  ,-99.9,-0.4819,-0.0053,0.3190,0.1047,-0.3385,-0.2102,-0.0729,0.2831,-0.1076
20,2,1990  ,-99.9,0.0614,-0.3559,-0.0807,0.1289,-0.1724,0.4146,-0.3669,0.9458,-0.2803
20,2,1991  ,-99.9,-0.0482,-0.4178,-0.2779,0.3308,0.2064,-0.3682,-0.0382,-0.0995,0.3858
20,2,1992  ,-99.9,0.0512,-0.3746,-0.2041,0.1274,0.0260,-0.0959,0.7962,0.3544,-0.3493
20,2,1993  ,-99.9,-0.2776,0.0968,0.0382,0.5592,-0.0963,-0.0520,-0.0060,-0.6646,-0.3340
20,2,1994  ,-99.9,-0.5898,0.1701,0.3445,-0.9819,0.4091,-0.5365,0.0646,0.1702,-0.6760
20,2,1995  ,-99.9,-0.5597,-0.5054,-0.1015,-0.0834,0.0961,0.2465,0.0279,-0.6284,-0.0076
20,2,1996  ,-99.9,-0.3802,-0.2158,-0.1728,0.1534,-0.2360,-0.4269,-0.1531,-0.3593,-0.4984
20,2,1997  ,-99.9,-0.4582,-0.3962,-0.3705,-0.5969,0.1101,-0.0502,0.0386,-0.2545,0.2168
20,2,1998  ,-99.9,-0.0804,-0.5898,-0.7312,0.1180,-0.0758,0.1212,-0.5744,0.3974,0.0577
20,2,1999  ,-99.9,-0.2814,0.0543,0.3472,-0.0545,-0.0875,-0.0310,0.4822,-0.0809,0.7928
20,2,2000  ,-99.9,0.0388,-0.1828,-0.5004,0.4975,-0.6218,-0.3649,-0.0487,-0.2520,0.1055
20,2,2001  ,-99.9,-0.2419,0.2641,-0.0167,-0.0189,0.2302,0.3501,0.6970,0.3872,-0.0285
20,2,2002  ,-99.9,0.9312,0.0261,-0.0292,0.7680,-0.0817,-0.1368,-0.0640,0.1915,0.4858
20,2,2003  ,-99.9,0.8776,0.5157,-0.7348,0.3619,0.4502,0.2627,-0.0837,0.3488,-0.1093
20,2,2004  ,-99.9,-0.9041,0.7538,0.2953,0.5061,-0.1069,-0.1189,0.2988,0.3765,-0.7529
20,2,2005  ,-99.9,0.1827,0.1157,0.7078,0.3958,0.0430,0.0021,-0.2532,0.2973,-0.4978
20,2,2006  ,-99.9,-0.1832,-0.0165,-0.6796,-0.5060,-0.2245,-0.0258,0.2729,0.3925,-0.8959
20,2,2007  ,-99.9,0.0451,-0.0828,0.2070,-0.0520,-0.0328,-0.0814,0.6049,0.0154,0.1468
20,2,2008  ,-99.9,-0.7725,0.2417,-0.4795,0.0800,-0.3023,-0.0892,-0.4243,0.2332,-0.2934
20,2,2009  ,-99.9,-0.4461,-0.5097,-0.2486,-0.0881,-0.7956,-0.0073,-0.1860,-0.3209,0.1811
20,2,2010  ,-99.9,-0.2265,-0.7020,-0.0397,-0.1868,-0.3811,-0.4269,0.4323,-0.2448,-0.3160
20,2,2011  ,-99.9,0.1892,-0.7361,-0.0035,-0.0301,-0.2110,-0.0583,-0.1389,0.3790,-0.0161
20,2,2012  ,-99.9,-0.3956,-0.4893,0.0570,-0.2558,-0.4444,0.1071,-0.1638,-0.3117,0.0693
20,2,2013  ,-99.9,-0.2864,0.4074,-0.0941,-0.9624,-0.2669,-0.3336,0.1729,0.0249,-0.0634
20,2,2014  ,-99.9,0.0896,0.0706,0.2884,-0.2280,0.3511,0.6927,0.3574,0.0182,-0.2619
20,2,2015  ,-99.9,-0.4359,-0.0781,-0.3867,0.2283,0.2558,-0.5218,-0.0521,-0.0459,0.0094
20,2,2016  ,-99.9,-0.2311,0.3542,-0.5653,0.2654,0.3947,-0.1231,0.2363,0.0053,0.1882
######################################################
# Species: 21
# No. of fleets: 3
# Fleet no.: 1
# First and last year: 1989,2016
# First and last age: 1,9
# Species, Fleet, Year, , ,Age_1 ,Age_2 ,Age_3 ,Age_4 ,Age_5 ,Age_6 ,Age_7 ,Age_8 ,Age_9
      21,1,1989  ,-99.9,-0.4186,-0.3256,-0.3109,-0.2377,-0.2189,-0.4106,-0.1846,-0.4461
21,1,1990  ,-99.9,-0.2447,-0.2055,0.1337,0.1127,0.1349,0.0797,0.2752,-0.1301
21,1,1991  ,-99.9,-0.2738,-0.5595,-0.1983,0.1286,-0.0368,0.1788,-0.1459,-0.5075
21,1,1992  ,-99.9,0.1296,-0.5346,-0.3356,-0.1049,0.3660,0.0946,0.1008,-0.0072
21,1,1993  ,-99.9,-0.0396,-0.1943,-0.1843,0.0158,0.2998,0.3160,0.0639,0.1677
21,1,1994  ,-99.9,-0.2229,-0.6223,-0.6519,-0.0549,0.1565,0.3903,0.3464,0.2334
21,1,1995  ,-99.9,-0.0264,-0.0519,0.0233,-0.0205,0.2276,0.2100,0.2802,-0.1348
21,1,1996  ,-99.9,0.3707,0.3542,0.2448,0.2496,-0.1357,0.3141,1.1430,0.9881
21,1,1997       ,-0.0435,0.4967,0.2730,0.1994,0.1846,0.4010,-0.4201,0.7341,0.7602
21,1,1998       ,-0.2048,0.0252,-0.0379,0.2071,0.3446,0.3810,0.6517,0.0308,0.5441
21,1,1999       ,0.0637,-0.0440,0.1440,-0.2432,-0.2884,0.0623,0.0386,0.3118,0.5205
21,1,2000       ,0.4981,0.0559,-0.1664,0.2091,0.1981,0.3554,0.5643,0.5511,0.7132
21,1,2001       ,-0.3646,0.2598,0.2897,-0.0563,0.1303,0.1119,0.0137,0.2656,-0.0010
21,1,2002       ,-0.1899,-0.1420,0.0715,-0.0519,-0.2076,0.2202,0.0731,0.2453,0.6718
21,1,2003       ,-0.0905,0.1619,-0.3607,-0.1544,-0.3050,-0.1213,0.1755,0.1056,0.5866
21,1,2004       ,-0.1409,-0.5113,-0.3193,-0.2874,-0.1618,-0.4785,0.0371,0.2309,0.3517
21,1,2005       ,-0.7796,-0.4108,-0.1568,-0.2353,-0.3199,-0.2849,-0.6413,-0.2797,-0.6969
21,1,2006       ,0.4243,0.0751,-0.0912,-0.1141,0.0594,-0.2068,-0.2678,-0.4093,-0.9504
21,1,2007       ,0.1429,0.0837,-0.3870,-0.3623,-0.5027,-0.3974,-0.4641,-0.9201,-0.9158
21,1,2008       ,-0.6502,-0.0807,-0.1511,-0.1067,0.0361,-0.0338,0.4531,-0.1802,-0.1506
21,1,2009       ,-0.4623,0.2573,-0.0122,-0.2278,0.0214,0.3556,0.3336,0.4848,0.5248
21,1,2010       ,0.4909,-0.1463,0.0548,0.2834,0.3193,0.6058,0.7302,1.2325,0.7755
21,1,2011       ,0.1752,-0.4200,-0.5736,-0.2775,-0.2442,0.0672,0.3329,0.6659,0.5680
21,1,2012       ,0.2410,-0.1224,-0.3053,-0.5673,-0.4895,-0.3635,-0.4890,-0.4146,-0.3118
21,1,2013       ,0.0675,-0.2034,-0.3735,-0.2047,-0.1995,-0.2753,-0.0644,0.0609,0.0120
21,1,2014       ,0.2321,0.3367,0.0835,0.0715,-0.1497,0.2181,0.1248,-0.2280,-0.5773
21,1,2015       ,-0.5266,0.5410,0.0162,0.0116,-0.0278,-0.1401,0.0022,-0.1143,-0.5338
21,1,2016       ,1.1170,0.5132,0.2868,-0.2557,-0.0594,0.1699,-0.2663,-0.1349,-0.8328
# Fleet no.: 2
# First and last year: 1984,2017
# First and last age: 1,5
# Species, Fleet, Year, , ,Age_1 ,Age_2 ,Age_3 ,Age_4 ,Age_5
      21,2,1984       ,-0.4641,-1.2813,-0.3730,-0.2236,-0.1267
21,2,1985       ,-0.0659,0.2973,0.6413,-0.0446,0.5529
21,2,1986       ,-0.3026,0.5630,0.7972,0.1802,0.3905
21,2,1987       ,-0.1647,0.1891,0.0775,-0.0498,0.4265
21,2,1988       ,0.3089,1.4914,1.4091,0.0680,-0.2088
21,2,1989       ,0.1948,0.2831,0.3816,-0.0640,-1.1416
21,2,1990       ,-0.4516,0.0310,0.4141,0.7453,0.3121
21,2,1991       ,-0.1408,0.6345,0.7095,0.7742,0.7427
21,2,1992       ,-0.1548,0.2267,0.6523,-0.2245,0.5384
21,2,1993       ,0.2778,0.8716,0.9625,-0.0293,0.7424
21,2,1994       ,-0.1515,1.0168,1.1592,0.7454,0.9039
21,2,1995       ,-0.2005,1.1741,1.0880,0.2370,-0.7362
21,2,1996       ,0.1969,-0.5019,-0.9925,-1.2827,-0.2574
21,2,1997       ,0.6770,0.3084,0.3223,-0.4521,-0.0307
21,2,1998       ,0.5979,0.2864,-0.1545,-1.0102,-0.5136
21,2,1999       ,-0.3739,0.2781,1.0528,0.4782,0.2088
21,2,2000       ,0.0770,-0.3713,0.3806,-0.5528,-1.0788
21,2,2001       ,0.1021,0.1161,1.1673,0.3504,0.0819
21,2,2002       ,-0.4986,-0.2060,-0.2562,-1.1762,-0.8774
21,2,2003       ,0.1857,-0.1080,0.8508,0.5291,0.0958
21,2,2004       ,-0.3818,-0.3781,0.2553,-0.1248,0.2833
21,2,2005       ,-0.4364,-0.5223,0.5993,0.2139,0.5613
21,2,2006       ,-0.1243,1.3570,1.2938,0.7052,0.5278
21,2,2007       ,0.0610,-1.6833,-1.8586,-1.9536,-0.3485
21,2,2008       ,0.0768,-0.3878,0.4471,1.0148,1.8880
21,2,2009       ,0.3226,-1.2264,-1.6558,-1.6019,-0.0363
21,2,2010       ,-0.5279,-2.3527,-1.5872,-0.5335,0.8325
21,2,2011       ,0.4133,-0.5596,1.1475,1.2272,2.1382
21,2,2012       ,0.0132,-0.7015,-0.3078,-0.8230,-0.0895
21,2,2013       ,0.1964,-0.6818,0.0459,0.0133,-0.2244
21,2,2014       ,0.2124,0.5427,-1.5070,-1.9408,-0.9257
21,2,2015       ,0.4078,0.0390,-0.6889,-1.7310,-1.7082
21,2,2016       ,0.1435,0.6551,0.3243,-0.9915,-0.9965
21,2,2017       ,-0.0256,0.6008,-0.2550,-0.5069,-0.4344
# Fleet no.: 3
# First and last year: 1992,2017
# First and last age: 0,0
# Species, Fleet, Year, , ,Age_0
      21,3,1992       ,0.6011
21,3,1993       ,0.5713
21,3,1994       ,0.1820
21,3,1995       ,0.3101
21,3,1996       ,0.0264
21,3,1997       ,0.8453
21,3,1998       ,0.0040
21,3,1999       ,0.4550
21,3,2000       ,0.2852
21,3,2001       ,-0.2634
21,3,2002       ,0.2958
21,3,2003       ,-0.2821
21,3,2004       ,-0.4761
21,3,2005       ,0.1474
21,3,2006       ,0.2458
21,3,2007       ,-0.8356
21,3,2008       ,-1.1330
21,3,2009       ,0.0561
21,3,2010       ,-0.1546
21,3,2011       ,0.0429
21,3,2012       ,-0.0760
21,3,2013       ,-0.6659
21,3,2014       ,0.3305
21,3,2015       ,-0.4919
21,3,2016       ,-0.0204
######################################################
# Species: 22
# No. of fleets: 5
# Fleet no.: 1
# First and last year: 2004,2016
# First and last age: 0,2
# Species, Fleet, Year, , ,Age_0 ,Age_1 ,Age_2
      22,1,2004       ,-0.2577,-0.0557,0.2849
22,1,2005       ,0.6082,0.7831,0.0592
22,1,2006       ,0.8137,-0.3920,-99.9
22,1,2007       ,-0.2497,0.0307,-0.6030
22,1,2008       ,-0.3911,-1.0371,0.1138
22,1,2009       ,-0.6253,0.7117,-0.0252
22,1,2010       ,-1.3740,-1.1387,-1.0914
22,1,2011       ,-0.8006,0.7498,1.0135
22,1,2012       ,0.5510,-0.6131,0.6409
22,1,2013       ,0.8010,0.6759,-0.3278
22,1,2014       ,0.7081,-0.0314,-0.1414
22,1,2015       ,0.0029,0.2593,0.0200
22,1,2016       ,0.2137,0.0575,0.0566
# Fleet no.: 2
# First and last year: 1982,1998
# First and last age: 1,3
# Species, Fleet, Year, , ,Age_1 ,Age_2 ,Age_3
      22,2,1982       ,-0.5439,0.7606,0.6948
22,2,1983       ,0.1169,-0.0997,-0.5676
22,2,1984       ,0.5841,-0.5521,-1.2631
22,2,1985       ,-0.4505,0.3338,0.3543
22,2,1986       ,0.6568,0.3582,-1.2945
22,2,1987       ,0.5045,0.8395,-0.3424
22,2,1988       ,-0.4751,0.8007,-0.5184
22,2,1989       ,0.2843,-0.4776,0.4030
22,2,1990       ,0.3273,-0.0300,0.9028
22,2,1991       ,0.5668,-0.4626,-0.1679
22,2,1992       ,0.4156,0.7470,0.5816
22,2,1993       ,-0.1475,-1.1018,-0.5326
22,2,1994       ,0.2132,0.2452,1.4642
22,2,1995       ,-0.0052,-0.6255,-0.6769
22,2,1996       ,-0.8528,-0.1888,0.2720
22,2,1997       ,-0.2540,-0.7633,-0.0848
22,2,1998       ,-0.9405,0.2165,0.7752
# Fleet no.: 3
# First and last year: 1999,2016
# First and last age: 1,3
# Species, Fleet, Year, , ,Age_1 ,Age_2 ,Age_3
      22,3,1999       ,-0.2451,0.2629,-0.5796
22,3,2000       ,-0.1441,-0.3364,-0.2183
22,3,2001       ,-0.3043,-0.1342,-0.2169
22,3,2002       ,0.3989,0.1746,-0.1126
22,3,2003       ,-0.2308,-0.0335,0.1595
22,3,2004       ,0.5852,0.3165,-0.7380
22,3,2005       ,1.1059,-0.0110,0.1555
22,3,2006       ,0.7103,-0.2862,-0.0155
22,3,2007       ,0.7532,-0.3825,-0.6151
22,3,2008       ,0.0952,0.2880,0.5773
22,3,2009       ,0.6770,-0.0436,-1.2764
22,3,2010       ,-1.1182,-1.3329,0.2011
22,3,2011       ,0.2288,0.2130,0.0871
22,3,2012       ,-2.4005,0.0869,0.5146
22,3,2013       ,-0.4404,0.9179,0.0700
22,3,2014       ,0.1449,0.3732,1.8700
22,3,2015       ,-0.2995,-0.1143,0.1543
22,3,2016       ,0.4835,0.0416,-0.0172
# Fleet no.: 4
# First and last year: 1976,2004
# First and last age: 0,0
# Species, Fleet, Year, , ,Age_0
      22,4,1976       ,-0.1491
22,4,1977       ,-0.8451
22,4,1978       ,0.4252
22,4,1979       ,0.5231
22,4,1980       ,0.1290
22,4,1981       ,0.0189
22,4,1982       ,1.6355
22,4,1983       ,1.6058
22,4,1984       ,-1.5406
22,4,1985       ,-1.3378
22,4,1986       ,-0.5004
22,4,1987       ,-2.0039
22,4,1988       ,0.0225
22,4,1989       ,-0.3298
22,4,1990       ,0.6455
22,4,1991       ,0.4150
22,4,1992       ,0.9134
22,4,1993       ,0.2002
22,4,1994       ,-3.3849
22,4,1995       ,-0.5754
22,4,1996       ,-0.2129
22,4,1997       ,-0.5939
22,4,1998       ,1.4779
22,4,1999       ,1.1057
22,4,2000       ,-1.7638
22,4,2001       ,2.1296
22,4,2002       ,-0.4072
22,4,2003       ,1.2301
22,4,2004       ,1.1673
# Fleet no.: 5
# First and last year: 2009,2016
# First and last age: 1,4
# Species, Fleet, Year, , ,Age_1 ,Age_2 ,Age_3 ,Age_4
      22,5,2009       ,0.7381,1.0705,0.5600,0.2680
22,5,2010       ,0.3621,0.6203,0.3629,0.9723
22,5,2011       ,-0.5203,0.2194,-0.1642,-0.3666
22,5,2012       ,0.0907,-0.9639,0.7401,0.3794
22,5,2013       ,-0.9789,-0.6129,-1.0751,-0.0197
22,5,2014       ,1.5317,-0.4617,0.5096,-0.5502
22,5,2015       ,0.2671,-0.1271,0.0526,-1.7538
22,5,2016       ,-1.4903,0.2555,-0.2383,0.3230
######################################################
# Species: 23
# No. of fleets: 5
# Fleet no.: 1
# First and last year: 2004,2016
# First and last age: 0,2
# Species, Fleet, Year, , ,Age_0 ,Age_1 ,Age_2
      23,1,2004       ,0.7702,-0.1450,-0.5895
23,1,2005       ,0.6640,-0.1057,-0.0487
23,1,2006       ,0.0913,0.3196,-2.4344
23,1,2007       ,0.6768,-0.1608,-0.4912
23,1,2008       ,-1.1004,-0.3375,-0.0806
23,1,2009       ,-0.0787,0.0340,0.8802
23,1,2010       ,-0.2678,0.5480,0.9453
23,1,2011       ,-0.0506,1.4068,0.3812
23,1,2012       ,0.0227,-0.6663,1.8472
23,1,2013       ,-0.1805,0.2940,1.0460
23,1,2014       ,-0.1222,-0.6970,-0.1718
23,1,2015       ,-0.4641,-0.8923,-1.1073
23,1,2016       ,0.0392,0.4021,-0.1764
# Fleet no.: 2
# First and last year: 1982,1998
# First and last age: 1,3
# Species, Fleet, Year, , ,Age_1 ,Age_2 ,Age_3
      23,2,1982       ,0.1065,0.0428,0.0448
23,2,1983       ,-0.9394,0.4113,-0.1473
23,2,1984       ,0.1391,-0.5286,0.6389
23,2,1985       ,-0.7713,0.4723,1.1767
23,2,1986       ,0.0093,0.2644,-0.6648
23,2,1987       ,-0.4132,-0.0269,-0.3195
23,2,1988       ,-1.4336,0.1405,0.1001
23,2,1989       ,0.7672,0.1533,-0.3995
23,2,1990       ,0.3099,0.0128,0.6047
23,2,1991       ,0.3417,0.5839,-0.6177
23,2,1992       ,0.5985,-0.2721,-0.8484
23,2,1993       ,-0.2397,-0.0900,0.4267
23,2,1994       ,0.7340,0.3591,-0.1326
23,2,1995       ,0.2573,-0.6202,-0.1115
23,2,1996       ,0.4590,-0.1725,0.2309
23,2,1997       ,0.0752,-0.4448,-0.1041
23,2,1998       ,-0.0004,-0.2852,0.1226
# Fleet no.: 3
# First and last year: 1999,2004
# First and last age: 1,3
# Species, Fleet, Year, , ,Age_1 ,Age_2 ,Age_3
      23,3,1999       ,0.2672,0.1600,0.0204
23,3,2000       ,-0.1269,-0.2799,-0.0767
23,3,2001       ,-0.1946,0.3098,0.0408
23,3,2002       ,-0.1088,-0.0967,-0.2973
23,3,2003       ,-0.0162,-0.0893,0.2724
23,3,2004       ,0.1792,-0.0039,0.0405
# Fleet no.: 4
# First and last year: 2005,2009
# First and last age: 1,3
# Species, Fleet, Year, , ,Age_1 ,Age_2 ,Age_3
      23,4,2005       ,-0.0598,-0.1229,0.0134
23,4,2006       ,0.0833,-0.1736,-0.1858
23,4,2007       ,0.1532,0.2905,0.3021
23,4,2008       ,-0.2243,-0.1508,-0.2648
23,4,2009       ,0.0476,0.1569,0.1350
# Fleet no.: 5
# First and last year: 2010,2016
# First and last age: 1,3
# Species, Fleet, Year, , ,Age_1 ,Age_2 ,Age_3
      23,5,2010       ,0.0238,-0.3461,-0.1706
23,5,2011       ,-0.8954,0.0407,-0.0695
23,5,2012       ,-0.8887,-0.2868,0.0873
23,5,2013       ,0.5719,1.0730,0.7479
23,5,2014       ,0.5637,0.1991,0.0452
23,5,2015       ,0.5169,-0.4594,-0.2704
23,5,2016       ,0.1078,-0.2205,-0.3699
######################################################
# Species: 24
# No. of fleets: 4
# Fleet no.: 1
# First and last year: 1982,1991
# First and last age: 0,3
# Species, Fleet, Year, , ,Age_0 ,Age_1 ,Age_2 ,Age_3
      24,1,1982       ,1.4090,0.6407,-0.8937,1.5983
24,1,1983       ,1.4628,-0.1760,-0.7839,-1.2394
24,1,1984       ,-0.6261,0.5862,-0.1271,0.2648
24,1,1985       ,-0.7318,0.4963,0.0999,-2.1376
24,1,1986       ,-1.2146,-0.0001,0.2303,2.2889
24,1,1987       ,-1.2487,-0.5916,-0.2645,-1.8870
24,1,1988       ,-1.4703,-0.7884,-0.4169,0.9825
24,1,1989       ,0.6884,0.2237,2.0640,-0.2137
24,1,1990       ,1.2761,0.0364,-0.5955,1.1846
24,1,1991       ,0.4553,-0.4273,0.6874,-0.8415
# Fleet no.: 2
# First and last year: 1992,2017
# First and last age: 0,2
# Species, Fleet, Year, , ,Age_0 ,Age_1 ,Age_2
      24,2,1992       ,0.4318,0.5124,1.3353
24,2,1993       ,0.7575,0.6209,1.4033
24,2,1994       ,0.7021,-0.1671,-0.2566
24,2,1995       ,0.9478,0.3370,0.3743
24,2,1996       ,1.1256,-0.2734,-0.8687
24,2,1997       ,-0.7673,0.5428,0.1987
24,2,1998       ,-0.2464,-0.8780,-0.5272
24,2,1999       ,1.2762,-0.1622,-1.0630
24,2,2000       ,0.3957,0.8226,-0.1277
24,2,2001       ,0.1816,0.0870,0.4140
24,2,2002       ,1.3607,-0.1513,-1.1464
24,2,2003       ,-0.8743,-0.5082,-0.7666
24,2,2004       ,-1.0681,0.1128,-0.0599
24,2,2005       ,0.5195,-0.0788,0.1365
24,2,2006       ,0.1874,0.0607,0.4421
24,2,2007       ,-0.0013,-0.0392,0.7834
24,2,2008       ,-1.4651,0.0128,0.5743
24,2,2009       ,0.4556,0.0925,-0.0629
24,2,2010       ,-2.3498,-0.1855,-0.4261
24,2,2011       ,-1.7496,-0.2826,0.3130
24,2,2012       ,0.2062,-0.5543,-0.0335
24,2,2013       ,-0.8221,0.0477,-0.0454
24,2,2014       ,0.9721,-0.1915,0.2419
24,2,2015       ,-0.5620,0.1224,-0.4287
24,2,2016       ,0.3862,0.1008,-0.4039
# Fleet no.: 3
# First and last year: 1974,2017
# First and last age: 1,3
# Species, Fleet, Year, , ,Age_1 ,Age_2 ,Age_3
      24,3,1974       ,0.9647,-0.2418,-99.9
24,3,1975       ,-0.1658,0.0997,-99.9
24,3,1976       ,-0.5360,-1.0347,-99.9
24,3,1977       ,-0.1645,-1.5172,-99.9
24,3,1978       ,-0.7993,-1.1096,-99.9
24,3,1979       ,-0.6328,-0.8353,-99.9
24,3,1980       ,-0.6899,-0.9470,-99.9
24,3,1981       ,-0.8328,-1.5189,-99.9
24,3,1982       ,0.0355,-0.4331,-99.9
24,3,1983       ,-0.8382,-0.4331,-1.2442
24,3,1984       ,-0.0363,-0.3970,-0.0910
24,3,1985       ,-0.0623,0.0976,-0.2057
24,3,1986       ,-0.0940,-0.0985,-0.8978
24,3,1987       ,0.1145,-0.1577,0.3005
24,3,1988       ,-1.6608,0.1151,-1.0204
24,3,1989       ,-0.1785,0.2823,0.6048
24,3,1990       ,-0.5251,-0.1328,0.0413
24,3,1991       ,-0.0575,-0.0324,0.1391
24,3,1992       ,0.3734,0.1685,-0.3621
24,3,1993       ,0.2894,0.7211,0.9949
24,3,1994       ,0.1832,-0.4892,-0.5686
24,3,1995       ,0.1130,0.5995,0.4196
24,3,1996       ,-0.7068,0.1858,0.8519
24,3,1997       ,1.1338,0.8448,0.3264
24,3,1998       ,0.0898,1.3832,0.4913
24,3,1999       ,0.7533,0.5733,0.6982
24,3,2000       ,0.8487,1.0138,0.0689
24,3,2001       ,-0.1207,0.5007,0.2600
24,3,2002       ,0.0907,0.5103,0.2623
24,3,2003       ,0.1437,0.2850,-0.1170
24,3,2004       ,0.3559,0.1910,-0.3485
24,3,2005       ,0.0713,-0.1844,-0.1952
24,3,2006       ,0.5886,-0.3000,-0.7099
24,3,2007       ,-0.0402,0.1541,-0.0557
24,3,2008       ,0.5408,0.0001,-0.4994
24,3,2009       ,0.7438,1.0740,0.0995
24,3,2010       ,0.2795,-0.0595,-0.5889
24,3,2011       ,-0.5246,-99.9,0.0813
24,3,2012       ,-0.0599,0.3643,0.0250
24,3,2013       ,0.4861,0.4212,0.2042
24,3,2014       ,-0.0663,0.2449,0.5187
24,3,2015       ,0.6085,0.8823,0.8675
24,3,2016       ,0.1533,-0.4047,-0.3735
24,3,2017       ,-0.1688,-0.3859,0.0225
# Fleet no.: 4
# First and last year: 1998,2017
# First and last age: 0,2
# Species, Fleet, Year, , ,Age_0 ,Age_1 ,Age_2
      24,4,1998       ,-0.1001,0.1122,-1.4407
24,4,1999       ,-0.2954,0.3452,0.4784
24,4,2000       ,-0.1756,0.5421,-0.2831
24,4,2001       ,-1.4186,-0.5155,-0.0829
24,4,2002       ,0.1725,-0.0575,-0.1168
24,4,2003       ,0.2917,-0.1406,-0.2706
24,4,2004       ,-0.6370,0.4186,0.4301
24,4,2005       ,-0.1026,-0.1676,0.9767
24,4,2006       ,-0.8185,-0.3017,-0.1577
24,4,2007       ,0.5933,-0.0786,0.3563
24,4,2008       ,-0.2774,0.0652,0.2310
24,4,2009       ,0.1561,-0.4583,-0.3259
24,4,2010       ,-0.2278,0.0772,0.0891
24,4,2011       ,-0.4561,-1.1260,0.3191
24,4,2012       ,0.5991,0.2880,0.5831
24,4,2013       ,-0.1103,0.2686,-0.1492
24,4,2014       ,1.3352,-0.0439,-0.4006
24,4,2015       ,0.8629,0.5928,0.2455
24,4,2016       ,0.6085,0.1797,-0.4817
######################################################
# Species: 25
# No. of fleets: 3
# Fleet no.: 1
# First and last year: 1975,2017
# First and last age: 1,3
# Species, Fleet, Year, , ,Age_1 ,Age_2 ,Age_3
      25,1,1975  ,-99.9,-1.0320,0.6890
25,1,1976  ,-99.9,-1.1267,-0.4563
25,1,1977  ,-99.9,-0.5569,0.3365
25,1,1978  ,-99.9,-0.6023,-0.6100
25,1,1979  ,-99.9,-1.9106,0.1679
25,1,1980  ,-99.9,-1.2750,-1.3121
25,1,1981  ,-99.9,0.1575,-0.3196
25,1,1982  ,-99.9,-0.4054,0.3398
25,1,1983       ,-0.6726,0.6190,0.7175
25,1,1984       ,-0.6986,0.8168,0.5993
25,1,1985       ,-0.3613,-0.3589,-0.0158
25,1,1986       ,-1.6895,-1.3740,-0.8848
25,1,1987       ,-0.3809,-0.1645,0.3083
25,1,1988       ,-1.2978,0.5461,0.7357
25,1,1989       ,1.0581,0.5869,0.3593
25,1,1990       ,-0.6543,-0.0261,-0.2255
25,1,1991       ,-0.2259,-0.6233,-0.9409
25,1,1992       ,0.4945,-0.4674,0.2531
25,1,1993       ,-0.2941,0.2227,-0.2188
25,1,1994       ,-0.0067,0.0467,-0.0551
25,1,1995       ,0.0390,-0.3801,-0.6748
25,1,1996       ,-0.9294,-0.4828,-0.3314
25,1,1997       ,-0.0012,0.2892,-0.0883
25,1,1998       ,0.3800,0.9773,0.7554
25,1,1999       ,0.4239,0.0133,-0.3484
25,1,2000       ,0.0253,-0.0671,0.9306
25,1,2001       ,0.0481,0.6001,0.2389
25,1,2002       ,0.0328,0.5495,0.0704
25,1,2003       ,0.7213,-0.1827,-0.2268
25,1,2004       ,0.8440,0.3720,0.8480
25,1,2005       ,0.3428,-0.3082,-0.2885
25,1,2006       ,-0.4678,-0.0816,0.2133
25,1,2007       ,0.4586,1.5067,0.5341
25,1,2008       ,0.6230,0.3173,-0.2568
25,1,2009       ,0.6145,0.2162,-1.2167
25,1,2010       ,0.6552,0.1223,-0.0787
25,1,2011       ,-0.7039,0.0266,0.2924
25,1,2012       ,1.0657,1.0503,0.4905
25,1,2013       ,0.0148,0.7659,0.5379
25,1,2014       ,0.4004,0.5575,-0.3912
25,1,2015       ,0.5565,0.1518,-0.1841
25,1,2016       ,-0.6295,0.1063,-0.3819
25,1,2017       ,0.2149,0.8075,0.0889
# Fleet no.: 2
# First and last year: 2003,2016
# First and last age: 1,3
# Species, Fleet, Year, , ,Age_1 ,Age_2 ,Age_3
      25,2,2003       ,0.1950,-0.3164,0.0663
25,2,2004       ,0.4908,0.0534,0.3010
25,2,2005       ,0.2504,-0.7171,-0.0426
25,2,2006       ,0.2158,0.0931,0.2340
25,2,2007       ,0.7216,0.1429,0.1759
25,2,2008       ,-0.1230,-0.0838,-0.6221
25,2,2009       ,-0.0236,0.9911,0.3508
25,2,2010       ,-0.4623,-0.6146,-0.7632
25,2,2011       ,-0.2696,-0.0332,-0.7441
25,2,2012       ,-0.0389,0.1189,0.2647
25,2,2013       ,-0.6476,-0.3802,-0.4010
25,2,2014       ,0.0004,0.6670,0.0227
25,2,2015       ,-0.6931,-0.5601,0.6322
25,2,2016       ,0.3841,0.6387,0.5252
# Fleet no.: 3
# First and last year: 1991,2016
# First and last age: 1,3
# Species, Fleet, Year, , ,Age_1 ,Age_2 ,Age_3
      25,3,1991       ,-2.2407,-1.3675,-0.7594
25,3,1992       ,0.4864,0.8607,1.2338
25,3,1993       ,-0.8206,0.8307,0.8970
25,3,1994       ,-0.8227,-1.3869,-0.0206
25,3,1995       ,-1.3317,-0.1037,2.0029
25,3,1996       ,-1.3759,-0.6143,0.2452
25,3,1997       ,0.8325,0.5440,-0.1345
25,3,1998       ,-0.1752,-0.0684,-0.3122
25,3,1999       ,0.7446,-0.1030,-0.6951
25,3,2000       ,-0.0256,-0.1061,-1.1795
25,3,2001       ,0.1272,0.3987,-0.3781
25,3,2002       ,0.5756,0.4243,0.2922
25,3,2003       ,-0.1642,-0.7507,-1.1264
25,3,2004       ,0.5382,0.2507,1.0564
25,3,2005       ,0.4707,-0.4078,0.6062
25,3,2006       ,-0.0871,-0.1600,0.0649
25,3,2007       ,-0.3221,0.4826,-0.1096
25,3,2008       ,0.0029,-0.0603,-0.1367
25,3,2009       ,0.6045,0.8597,0.7164
25,3,2010       ,0.2017,-0.1607,-0.4005
25,3,2011       ,1.2057,0.7726,0.3963
25,3,2012       ,0.1962,0.6634,0.1638
25,3,2013       ,0.6496,0.8357,0.0764
25,3,2014       ,0.4268,0.0840,-2.1919
25,3,2015       ,0.5431,-0.0668,-0.6510
25,3,2016       ,-0.2399,-0.8419,-1.1420
######################################################
# Species: 26
# No. of fleets: 6
# Fleet no.: 1
# First and last year: 1985,1995
# First and last age: 1,8
# Species, Fleet, Year, , ,Age_1 ,Age_2 ,Age_3 ,Age_4 ,Age_5 ,Age_6 ,Age_7 ,Age_8
      26,1,1985       ,-1.0912,0.0244,-0.1970,0.3835,-0.3213,-0.0956,-0.3056,-0.5411
26,1,1986       ,-0.4058,-0.5091,0.2076,0.6136,0.0337,-0.8081,-0.3679,-0.5971
26,1,1987       ,-0.7013,0.3775,-0.3934,0.1054,-0.2219,-1.0700,-0.6500,-0.9314
26,1,1988       ,0.4788,-0.4643,0.4409,0.6383,0.3510,-0.2916,-0.7138,-2.0049
26,1,1989       ,0.4317,0.3567,-0.3340,1.3108,0.8690,-0.1449,-0.6362,0.2216
26,1,1990       ,-0.4198,-0.1919,0.3455,1.4258,-0.1174,-0.4501,-1.0271,0.1289
26,1,1991       ,0.2051,-0.0452,-0.2609,0.7506,0.3868,0.7072,-0.9304,-0.3356
26,1,1992       ,0.5940,0.2416,-0.3022,0.2268,0.2981,0.8376,-0.1202,0.1049
26,1,1993       ,0.3267,0.8973,0.6596,0.6649,-0.6009,-0.0385,-0.0128,-0.3902
26,1,1994       ,0.3870,-0.0260,0.2259,1.1041,0.3638,-0.3765,0.3517,1.0776
26,1,1995       ,0.1948,-0.6609,-0.3919,0.8872,-0.3669,-0.0236,-0.2737,1.2533
# Fleet no.: 2
# First and last year: 1996,2016
# First and last age: 1,9
# Species, Fleet, Year, , ,Age_1 ,Age_2 ,Age_3 ,Age_4 ,Age_5 ,Age_6 ,Age_7 ,Age_8 ,Age_9
      26,2,1996       ,-0.5747,-0.0528,-0.0795,-0.2675,-0.0868,-0.0653,0.0001,-1.3964,-2.8755
26,2,1997       ,-0.9543,1.3579,-0.2727,-0.1408,-0.2692,-0.1205,-1.3300,0.4337,-0.7056
26,2,1998       ,-0.2436,0.2438,0.1379,0.1000,0.0367,0.3281,0.1547,0.4292,-0.1001
26,2,1999       ,0.0789,-0.2691,0.2839,0.1856,0.1437,0.0384,-0.2567,-0.0868,-0.4040
26,2,2000       ,-0.1975,-0.0928,0.0095,0.3550,-0.5212,-0.6321,-0.0792,0.4234,-1.1051
26,2,2001       ,-0.0769,-0.3659,-0.2895,0.2196,0.1017,-0.5312,-0.8230,0.1500,0.4824
26,2,2002       ,0.3187,-0.0522,-0.4554,0.3023,0.5478,0.1641,0.1994,0.1951,0.3069
26,2,2003       ,0.0705,-0.0486,0.1167,0.0966,0.2882,0.5263,0.2415,-0.6181,-0.1305
26,2,2004       ,-0.3105,-0.1558,-0.0032,0.4600,0.0229,0.3401,0.3504,0.3717,-0.6932
26,2,2005       ,-0.0592,-0.2042,-0.3265,0.1483,-0.0896,0.2127,-0.1100,-1.0979,0.8661
26,2,2006       ,-0.0131,-0.2986,-0.3271,0.0727,0.1603,0.0170,0.2730,-1.0870,-0.2908
26,2,2007       ,0.2676,-0.1043,0.0974,0.4585,0.2976,0.2710,-0.3377,0.3967,-1.0793
26,2,2008       ,0.1809,0.1371,0.0954,0.5099,0.3453,0.1458,0.0182,-0.0368,0.3636
26,2,2009       ,0.1768,-0.4259,0.0113,0.0926,0.2435,0.2035,0.0736,0.2899,0.1602
26,2,2010       ,0.1897,-0.2070,-0.2312,0.2211,0.0128,0.0341,0.1153,0.2217,0.1395
26,2,2011       ,0.4051,-0.0034,0.0360,0.2316,0.1334,-0.0566,-0.3117,0.2790,-0.4413
26,2,2012       ,-0.0670,0.1818,0.5903,0.7289,0.5069,0.3146,0.0091,0.1817,0.4736
26,2,2013       ,0.1878,0.2160,0.3101,0.6996,0.3363,0.1906,0.1047,-0.0082,-0.0406
26,2,2014       ,0.4272,0.2169,0.1772,0.4661,0.2498,-0.0412,-0.1891,-0.2888,-0.0580
26,2,2015       ,0.0050,0.0453,0.2120,0.4313,0.2986,0.2696,-0.2865,-0.3205,-0.2325
26,2,2016       ,0.1885,-0.1181,-0.0925,0.3161,0.1891,-0.0750,-0.1097,-0.3942,-0.5492
# Fleet no.: 3
# First and last year: 1974,1999
# First and last age: 1,6
# Species, Fleet, Year, , ,Age_1 ,Age_2 ,Age_3 ,Age_4 ,Age_5 ,Age_6
      26,3,1974       ,-0.6841,0.1993,0.5816,0.3770,1.3528,-0.7030
26,3,1975       ,-0.5487,-0.1967,1.4484,-0.3139,0.1257,-2.1879
26,3,1976       ,-0.6731,-1.0514,-0.6805,-0.3337,-0.6183,-1.1761
26,3,1977       ,-0.2846,-0.5094,0.3700,0.8390,1.6255,-1.5933
26,3,1978       ,-0.4088,0.3975,-1.0693,-0.2905,0.3171,-0.5789
26,3,1979       ,0.0386,0.4143,0.1664,0.1906,-0.1852,0.9101
26,3,1980       ,0.7394,0.6607,-0.7423,0.0048,0.4567,-0.3053
26,3,1981       ,-0.0062,0.7093,-0.2767,-1.3373,0.3993,-0.5632
26,3,1982       ,0.2777,0.0877,-0.1580,-0.5253,-0.7371,-0.2592
26,3,1983       ,-0.0696,-0.1951,-1.6219,-1.0308,-1.0472,-1.9037
26,3,1984       ,0.2632,-0.1023,-0.0830,-1.3930,-1.3342,-1.9235
26,3,1985       ,-0.5188,0.2050,-0.1652,-0.1243,-0.1614,-2.0947
26,3,1986       ,-0.2160,-0.6534,-0.4182,-0.5330,-0.3268,-0.4367
26,3,1987       ,-0.4577,-0.0543,-0.5623,-0.0846,0.1366,-0.1873
26,3,1988       ,-0.2885,-0.0752,0.9601,1.6413,1.3632,-0.0245
26,3,1989       ,-0.0273,0.1812,0.6349,2.4225,2.3371,2.3385
26,3,1990       ,-0.2669,-0.4508,0.2706,0.9555,1.7966,1.2828
26,3,1991       ,0.7321,0.0141,-0.2204,1.2216,1.3452,0.8515
26,3,1992       ,0.7060,0.4180,0.2889,0.9567,1.7154,1.3023
26,3,1993       ,0.3352,0.2320,-0.3259,-0.7662,0.9411,1.4814
26,3,1994       ,0.2320,-0.0560,-0.3211,-0.8280,0.0865,-1.3044
26,3,1995       ,-0.0230,-0.6261,-0.7902,-0.4598,0.7344,-1.9775
26,3,1996       ,-0.0840,0.2132,0.3959,-0.8385,1.1251,-1.7810
26,3,1997       ,0.4240,-0.5249,-0.8169,-0.9939,-0.3947,0.8757
26,3,1998       ,0.3836,0.4173,1.5579,-0.9216,0.2691,-0.9366
26,3,1999       ,0.4252,0.3459,1.5770,2.1655,0.3935,-0.8214
# Fleet no.: 4
# First and last year: 2000,2016
# First and last age: 1,6
# Species, Fleet, Year, , ,Age_1 ,Age_2 ,Age_3 ,Age_4 ,Age_5 ,Age_6
      26,4,2000       ,0.6070,0.4701,1.0556,1.9591,-0.1956,-1.4188
26,4,2001       ,0.4287,0.4388,0.1663,1.1607,2.4193,2.4658
26,4,2002       ,0.2706,-0.0185,-0.3234,0.1857,1.0725,0.1795
26,4,2003  ,-99.9,-99.9,-99.9,-99.9,-99.9,-99.9
26,4,2004       ,0.2072,0.2784,0.6137,0.3321,-0.0683,0.8925
26,4,2005       ,0.0439,-0.1857,-0.4122,1.1525,-0.8908,0.1485
26,4,2006       ,0.1779,0.0717,-0.2031,0.1782,-0.1582,-1.7323
26,4,2007       ,-0.0943,0.2994,-0.8455,-0.6462,-1.1260,-1.6317
26,4,2008       ,0.0817,0.0369,0.1919,0.8736,-0.5864,-0.8607
26,4,2009       ,0.1260,-0.1205,-0.2785,-0.8680,-0.8668,-3.0099
26,4,2010       ,-0.2951,-0.2241,-0.0986,-1.0546,-1.7773,-2.7805
26,4,2011       ,-0.0916,-0.8788,-0.6376,-0.6391,-0.5457,-0.3642
26,4,2012       ,-0.9402,-0.1743,-0.0415,-0.5536,-1.1379,-1.5510
26,4,2013       ,-0.1266,0.1012,0.5498,0.8496,-0.1030,-0.7630
26,4,2014       ,-0.2512,-0.3530,-0.3959,0.6007,-0.8129,-1.4855
26,4,2015       ,0.3003,0.2033,0.7315,0.8492,0.1007,0.0083
26,4,2016       ,-0.4443,0.0550,-0.0725,0.7590,0.4076,-0.0219
# Fleet no.: 5
# First and last year: 1997,2016
# First and last age: 1,9
# Species, Fleet, Year, , ,Age_1 ,Age_2 ,Age_3 ,Age_4 ,Age_5 ,Age_6 ,Age_7 ,Age_8 ,Age_9
      26,5,1997       ,-0.5243,0.1469,-0.1673,-0.2039,-0.2911,-0.0104,-0.0277,0.3371,0.5396
26,5,1998       ,-0.6484,-0.5929,-0.5217,-0.4424,-0.1267,-0.0983,-0.1723,0.3531,0.0934
26,5,1999       ,-0.6937,-0.4053,-0.5887,-0.5664,-0.6202,-0.0592,-0.3367,-0.0594,0.0050
26,5,2000       ,-0.9099,-0.6901,-0.4704,-0.5690,-0.9443,-0.6082,-0.1069,0.2865,-0.5451
26,5,2001       ,-0.1684,-0.2468,-0.4074,-0.2941,-0.4005,-0.3855,-0.2890,0.7131,1.1488
26,5,2002       ,0.3573,0.1408,-0.4539,-0.1571,0.0102,-0.4946,-0.0986,0.5666,1.0527
26,5,2003       ,0.0013,-0.3290,-0.2138,-0.4775,-0.3681,-0.1080,-0.2997,-0.1976,0.6132
26,5,2004       ,-0.1050,0.0978,-0.3944,-0.0795,-0.2933,-0.1164,0.0610,-0.0935,0.0312
26,5,2005       ,0.0816,-0.0224,-0.3103,-0.3171,-0.3117,0.0577,0.0756,-0.4301,0.2284
26,5,2006       ,0.1480,-0.0508,-0.2353,-0.0877,-0.3661,0.2054,0.2943,0.0009,-0.0579
26,5,2007       ,0.6824,0.2828,0.1191,0.1629,0.1672,0.2015,0.4559,0.7263,0.0364
26,5,2008       ,0.9159,0.6171,0.2650,0.4969,0.2366,0.4861,0.0124,0.6733,0.5028
26,5,2009       ,0.1341,-0.0080,0.1493,0.1070,0.2415,0.0350,0.3643,0.2511,0.4764
26,5,2010       ,0.0628,-0.0258,-0.0981,0.1076,-0.0314,0.2289,0.2781,0.6488,0.3825
26,5,2011       ,0.5913,0.3944,0.2149,0.2050,0.1641,0.1135,0.2732,0.5117,0.3314
26,5,2012       ,-0.0036,0.3930,0.4824,0.5176,0.3385,0.2308,0.3508,0.5584,0.5932
26,5,2013       ,-0.1320,0.1260,0.0260,0.2441,0.1835,0.0925,0.0491,0.0899,0.1377
26,5,2014       ,0.2920,0.2333,0.0072,-0.0634,-0.1173,-0.3071,-0.2906,-0.4552,-0.1141
26,5,2015       ,-0.3044,-0.2277,-0.1070,0.0658,-0.0949,-0.0668,-0.1848,-0.2077,-0.2351
26,5,2016       ,0.2229,0.1667,-0.3654,-0.1531,-0.4056,-0.6429,-0.4109,-0.3649,-0.2768
# Fleet no.: 6
# First and last year: 2007,2016
# First and last age: 1,7
# Species, Fleet, Year, , ,Age_1 ,Age_2 ,Age_3 ,Age_4 ,Age_5 ,Age_6 ,Age_7
      26,6,2007       ,0.2379,0.1399,0.1555,0.3783,0.6271,-0.4793,0.5783
26,6,2008       ,0.4665,0.4045,0.2816,0.2082,0.0296,0.2242,-0.6196
26,6,2009       ,0.6747,0.1213,0.2815,0.2107,0.1072,-0.6040,0.0866
26,6,2010       ,-0.2193,-0.0990,0.1312,0.2962,0.3791,0.0918,-0.2423
26,6,2011       ,-0.6496,-0.2395,-0.2306,0.1493,0.2328,0.1034,0.0514
26,6,2012       ,0.1727,0.3554,0.4123,0.2899,0.3087,0.1882,0.1856
26,6,2013       ,-0.3617,-0.3160,-0.2774,0.0010,-0.1504,-0.3500,-0.7519
26,6,2014       ,0.0328,-0.1673,-0.1397,-0.0653,-0.0276,-0.4089,-0.6548
26,6,2015       ,-0.5260,-0.0840,-0.1183,0.1583,-0.1140,-0.3121,-0.5627
26,6,2016       ,0.1720,-0.1154,-0.5229,-0.1910,-0.0972,-0.7188,-0.7510
######################################################
# Species: 27
# No. of fleets: 2
# Fleet no.: 1
# First and last year: 1985,2016
# First and last age: 1,9
# Species, Fleet, Year, , ,Age_1 ,Age_2 ,Age_3 ,Age_4 ,Age_5 ,Age_6 ,Age_7 ,Age_8 ,Age_9
      27,1,1985       ,-0.4786,-0.0125,-0.1724,0.4721,0.1628,-0.0799,-0.3486,-2.1086,-3.1471
27,1,1986       ,-0.9084,-0.5010,-0.2847,-0.0207,0.2559,-0.5231,-0.0455,-0.7261,-0.2496
27,1,1987       ,-0.1876,-0.1110,-0.4389,0.0237,0.1156,-0.1620,0.2847,-0.5436,-0.7329
27,1,1988       ,0.2851,0.6366,-0.5529,0.3239,-0.8492,-0.6460,-0.1730,-0.0140,-1.4690
27,1,1989       ,-0.4397,0.2899,0.5445,1.1048,0.4661,-0.2856,0.2852,-3.0132,-0.2837
27,1,1990       ,0.3094,0.7710,0.0884,0.0783,0.4133,1.1776,0.1836,0.0643,-0.8807
27,1,1991       ,-0.9192,0.2669,0.4801,0.1297,-0.9752,-1.0253,-0.7408,-0.2190,-1.5375
27,1,1992       ,0.5422,1.0149,0.2249,0.7338,0.0565,-0.7489,-0.2604,0.0480,-0.4547
27,1,1993       ,-0.3643,0.1292,-0.7831,0.8886,1.7582,1.4606,-1.4902,-0.3014,0.2774
27,1,1994       ,0.1440,0.0066,0.4138,-1.8167,0.4549,-1.1618,0.2791,-1.7764,-2.9815
27,1,1995       ,0.8722,0.4822,0.8885,0.3673,-0.0048,0.4323,0.7417,0.6037,0.3066
27,1,1996       ,-0.6481,-0.1162,0.2022,1.1414,0.6323,0.7649,0.5109,-0.2749,0.3689
27,1,1997       ,1.6961,-0.1618,0.0423,0.6464,1.0797,-0.4852,0.2693,-1.1916,0.2274
27,1,1998       ,0.1856,0.1631,-0.0088,0.6077,-0.7850,-1.9584,0.2870,-1.9511,-2.9139
27,1,1999       ,0.0392,0.5194,0.6804,0.2106,1.8626,1.4230,1.4106,1.4046,-1.7792
27,1,2000       ,-0.0405,-0.3350,0.1398,-0.2334,0.3048,0.0774,0.5308,-1.2868,0.7529
27,1,2001       ,-0.0265,-0.1702,-0.3373,0.5395,-0.2175,-0.2279,-0.5915,0.4275,-1.4752
27,1,2002       ,-0.1092,-0.4269,-0.2075,0.0982,-0.1595,-0.1487,-0.4221,0.6675,-1.1702
27,1,2003       ,0.0424,-0.6104,0.0655,0.3900,-0.0494,-0.1230,0.3647,-1.6495,0.0580
27,1,2004       ,-0.2964,-0.5949,-0.6212,0.0363,0.1554,-0.4708,-0.4738,-0.4864,-1.5366
27,1,2005       ,-0.0530,-0.2464,-0.1418,-0.2663,-0.5183,-0.4045,-0.2269,-0.2093,-3.0153
27,1,2006       ,-0.2659,-0.6896,-1.7651,-0.0803,-0.5600,0.0401,-0.4683,-2.3694,-1.5216
27,1,2007       ,-0.1356,0.0935,-0.1773,0.2026,-0.1996,0.1981,-0.9565,-2.1690,-2.3008
27,1,2008       ,0.5510,0.2529,0.5447,0.8938,-0.1202,0.2499,-0.2580,-0.5439,-0.0017
27,1,2009       ,0.3613,-0.3432,0.0581,0.8334,-0.0945,-0.0870,0.7860,-0.6415,-2.2222
27,1,2010       ,0.8071,0.1988,-0.2484,0.0329,0.2062,0.0029,0.5015,-2.6126,-1.1174
27,1,2011       ,-0.0327,-0.1353,0.1450,0.3366,0.6722,0.3846,-1.8545,-2.1603,1.2595
27,1,2012       ,-0.3046,-0.1791,0.1394,0.5028,0.6284,0.1700,-0.3482,-0.0448,-2.1250
27,1,2013       ,-0.7129,-0.4833,0.3416,0.7944,0.4220,-0.1821,-0.2268,-0.9337,-0.4375
27,1,2014       ,-0.2707,0.2826,0.3103,0.8174,0.7986,0.0731,-0.4023,-1.4430,-3.7498
27,1,2015       ,0.2647,0.1801,0.5923,0.3730,0.8713,0.4573,0.5631,0.1658,0.9512
27,1,2016       ,0.0937,-0.1710,-0.1624,0.3889,-0.3468,0.1464,-0.3412,-1.3800,-3.1824
# Fleet no.: 2
# First and last year: 1974,2016
# First and last age: 1,6
# Species, Fleet, Year, , ,Age_1 ,Age_2 ,Age_3 ,Age_4 ,Age_5 ,Age_6
      27,2,1974       ,0.2309,-0.5730,-0.2465,-99.9,-2.3910,-0.7744
27,2,1975       ,-0.4939,0.4101,0.3257,-0.8353,-1.1867,-0.1823
27,2,1976       ,-0.3301,-1.2871,0.6601,-0.8929,-1.4069,-1.1495
27,2,1977       ,0.4332,0.2301,0.5840,-0.4042,-0.1992,-1.2900
27,2,1978       ,0.5430,0.6014,0.8852,-0.0249,1.0436,-0.4989
27,2,1979       ,-1.0142,0.3912,0.7202,0.2681,-1.5447,-0.1650
27,2,1980       ,0.4917,0.1149,0.6999,-0.1614,-2.2724,-1.4667
27,2,1981       ,0.2772,0.5586,1.1648,-0.2827,-2.4572,-2.1956
27,2,1982       ,0.8214,0.3013,0.4260,-0.0205,-0.2990,-2.3283
27,2,1983       ,-0.0287,0.3640,-0.2854,-0.5589,-0.1142,0.9902
27,2,1984       ,0.5895,0.3248,0.8391,0.0543,-1.4489,0.0539
27,2,1985       ,0.7655,0.5518,0.1475,-0.2229,-2.0653,-2.1831
27,2,1986       ,0.3399,-0.0658,-0.0092,-0.6573,-0.5391,-2.1475
27,2,1987       ,0.4454,0.1633,-0.3621,-0.4410,-2.2346,-2.0474
27,2,1988       ,0.1915,0.4505,0.6106,0.6154,-0.5149,-0.0851
27,2,1989       ,0.3103,0.5411,0.9580,-0.4186,-0.3260,0.6096
27,2,1990       ,-0.3663,0.5477,0.3337,0.8508,0.1558,-0.1190
27,2,1991       ,-0.1796,0.6944,1.3037,0.6177,0.2395,0.4714
27,2,1992       ,0.4565,-1.1654,0.2734,0.9953,0.5201,0.5711
27,2,1993       ,-0.0491,0.4745,0.4716,0.4586,-2.3468,0.8085
27,2,1994       ,-0.4115,0.2079,0.7793,-1.5103,-0.0384,-2.1219
27,2,1995       ,-0.2472,-0.2876,0.5248,0.6673,-1.1150,0.0028
27,2,1996       ,-1.6432,-0.3400,-0.5581,0.0619,0.0983,0.1047
27,2,1997       ,0.8026,-0.7643,0.7045,0.1610,1.4007,1.8368
27,2,1998       ,0.6641,0.8530,0.8342,0.9024,-1.0574,0.4602
27,2,1999       ,-0.0340,0.4422,0.5528,-1.0326,0.1568,-0.7963
27,2,2000       ,-0.3188,-1.3605,0.3632,0.0596,-1.2494,-1.3541
27,2,2001       ,-0.2279,-0.0307,0.0761,-0.4079,0.1076,-1.0147
27,2,2002       ,0.7763,0.0336,0.3424,-99.9,0.1977,-0.2585
27,2,2003  ,-99.9,-99.9,-99.9,-99.9,-99.9,-99.9
27,2,2004       ,0.4935,0.3239,0.5937,0.6268,0.5123,-0.4025
27,2,2005       ,-0.4213,-0.4212,0.3216,-99.9,0.2465,-0.8200
27,2,2006       ,-0.1933,-0.8204,-0.7572,-0.4188,-2.7136,-1.4599
27,2,2007       ,-0.4057,-0.1089,-0.5531,0.3788,-0.4609,-2.5707
27,2,2008       ,-0.0348,-0.4406,0.3280,-99.9,-0.3962,-1.8640
27,2,2009       ,0.1586,-0.1580,-0.3560,-0.1822,-1.6059,-1.3901
27,2,2010       ,-0.3189,-0.7503,-0.2414,-0.0569,-0.9581,-1.4427
27,2,2011       ,-1.1674,-0.2528,0.6179,0.8816,-1.9665,0.1273
27,2,2012  ,-99.9,-99.9,-99.9,-99.9,-99.9,-99.9
27,2,2013       ,-0.7616,0.2580,0.5159,0.2145,0.4044,-0.6130
27,2,2014       ,-0.2560,-0.4046,-0.5900,-1.0834,-0.9244,-2.3419
27,2,2015       ,0.2844,0.6465,-0.2396,1.1068,0.3544,0.9841
27,2,2016       ,-0.1720,-0.2535,0.4208,-0.0631,-0.7177,-0.5802
