Area Pred.no Prey.no vulnerability
1 16 2.6392e+000
1 17 7.5208e-001
1 18 2.0157e+001
1 21 3.4108e-002
1 22 2.6044e-002
1 23 2.0241e-002
1 24 3.9508e-002
1 25 8.7827e-002
2 17 2.7452e+000
2 18 6.6217e+000
2 21 2.2682e+000
2 22 2.3913e+000
2 23 1.8765e+000
2 25 4.2294e+000
3 16 4.1699e-002
3 17 1.0267e-001
3 18 4.2918e-002
3 21 1.2450e-003
3 22 1.1792e-003
3 23 1.2068e-003
3 24 5.3186e-003
3 25 5.7741e-003
4 16 5.1763e+001
4 17 1.4237e+001
4 18 1.5706e+001
4 21 9.0036e-001
4 22 1.3041e+000
4 23 1.0139e+000
4 25 7.1766e+000
5 16 6.6933e+000
5 17 4.4253e+000
5 18 4.8607e+000
5 21 1.0683e-001
5 22 1.0037e+000
5 23 7.7687e-001
5 24 3.6239e-001
5 25 6.3501e-001
6 16 2.2419e+001
6 21 1.6932e+000
6 22 6.1070e-001
6 23 4.9723e-001
6 25 6.6325e+000
7 21 2.7756e+000
7 22 9.3439e-001
7 23 7.2261e-001
7 25 5.9640e-001
8 17 7.5346e-002
8 21 4.1963e+000
8 22 3.2237e-001
8 23 2.5210e-001
8 24 2.5930e-002
8 25 1.3982e+000
9 16 1.3060e+002
9 17 2.3845e+001
9 22 2.5738e+000
9 23 1.2254e+000
9 24 2.7546e+000
10 16 4.0307e+001
10 17 5.8505e+000
10 18 7.6599e+000
10 21 1.0782e+000
10 22 7.0351e-001
10 23 1.0974e+000
10 24 1.1063e+000
10 25 1.8458e+000
11 22 2.8330e-001
11 24 6.1830e+000
12 17 1.9057e+000
12 21 8.2936e-002
12 22 5.1870e-002
12 25 5.5548e-002
13 16 2.8687e+000
13 17 5.1069e-001
13 18 8.3283e-001
13 21 1.6733e-002
13 22 4.1432e+000
13 24 8.4830e-002
14 16 7.3987e+000
14 17 3.5759e+000
14 21 3.1691e-001
14 22 3.3532e-001
14 23 1.3411e-001
14 24 1.3045e-001
15 17 4.3316e+000
15 21 7.0405e-002
15 24 1.5345e+000
16 16 3.3050e+000
16 17 9.3038e-001
16 18 1.6419e+000
16 21 2.2010e-001
16 22 1.5698e-001
16 23 8.6937e-002
16 24 4.1379e-001
16 25 3.4612e-001
17 16 2.6297e+000
17 17 1.2861e+000
17 18 1.8341e+000
17 21 2.7852e-001
17 22 1.2892e-001
17 23 6.4412e-002
17 24 4.8142e-001
17 25 5.0580e-001
18 22 4.7063e+000
18 24 2.2365e+000
19 17 7.5453e-001
19 18 1.9419e+000
19 21 2.8260e-001
19 22 4.1458e-001
19 24 1.5826e+000
20 21 1.0809e+000
20 22 4.2279e-001
20 23 5.9739e-001
20 24 5.1504e-001
20 25 1.4657e+000
