#  log(Observed catch)- log(Expected catch)
# Species,Quarter,Year, Age_0, Age_1, Age_2, Age_3, Age_4
23,1,1974,-99.9,-99.9,-99.9,-99.9
23,1,1975,-99.9,-99.9,-99.9,-99.9
23,1,1976,-99.9,-99.9,-99.9,-99.9
23,1,1977,-99.9,-99.9,-99.9,-99.9
23,1,1978,-99.9,-99.9,-99.9,-99.9
23,1,1979,-99.9,-99.9,-99.9,-99.9
23,1,1980,-99.9,-99.9,-99.9,-99.9
23,1,1981,-99.9,-99.9,-99.9,-99.9
23,1,1982,-99.9,-99.9,-99.9,-99.9
23,1,1983,-99.9,-99.9,-99.9,-99.9
23,1,1984,-99.9,-99.9,-99.9,-99.9
23,1,1985,-99.9,-99.9,-99.9,-99.9
23,1,1986,-99.9,-99.9,-99.9,-99.9
23,1,1987,-99.9,-99.9,-99.9,-99.9
23,1,1988,-99.9,-99.9,-99.9,-99.9
23,1,1989,-99.9,-99.9,-99.9,-99.9
23,1,1990,-99.9,-99.9,-99.9,-99.9
23,1,1991,-99.9,-99.9,-99.9,-99.9
23,1,1992,-99.9,-99.9,-99.9,-99.9
23,1,1993,-99.9,-99.9,-99.9,-99.9
23,1,1994,-99.9,-99.9,-99.9,-99.9
23,1,1995,-99.9,-99.9,-99.9,-99.9
23,1,1996,-99.9,-99.9,-99.9,-99.9
23,1,1997,-99.9,-99.9,-99.9,-99.9
23,1,1998,-99.9,-99.9,-99.9,-99.9
23,1,1999,-99.9,-99.9,-99.9,-99.9
23,1,2000,-99.9,-99.9,-99.9,-99.9
23,1,2001,-99.9,-99.9,-99.9,-99.9
23,1,2002,-99.9,-99.9,-99.9,-99.9
23,1,2003,-99.9,-99.9,-99.9,-99.9
23,1,2004,-99.9,-99.9,-99.9,-99.9
23,1,2005,-99.9,-99.9,-99.9,-99.9
23,1,2006,-99.9,-99.9,-99.9,-99.9
23,1,2007,-99.9,-99.9,-99.9,-99.9
23,1,2008,-99.9,-99.9,-99.9,-99.9
23,1,2009,-99.9,-99.9,-99.9,-99.9
23,1,2010,-99.9,-99.9,-99.9,-99.9
23,1,2011,-99.9,-99.9,-99.9,-99.9
23,1,2012,-99.9,-99.9,-99.9,-99.9
23,1,2013,-99.9,-99.9,-99.9,-99.9
# Species,Quarter,Year, Age_0, Age_1, Age_2, Age_3, Age_4
23,2,1974     ,0.3470,-0.3921,0.2600,0.3152
23,2,1975     ,-0.1986,-0.0660,0.8092,-0.5980
23,2,1976     ,-0.0669,0.0562,-0.1444,-0.4081
23,2,1977     ,0.2333,-0.1984,0.2787,-0.7818
23,2,1978     ,-0.3233,-0.3071,0.4985,0.3649
23,2,1979     ,-0.6747,0.2494,-0.2222,-1.4673
23,2,1980     ,-0.3919,0.5539,0.0927,0.6969
23,2,1981     ,-0.4142,0.1239,0.2155,-0.6136
23,2,1982     ,-0.7030,0.3337,0.0248,-0.7634
23,2,1983     ,0.2741,0.2968,-0.7541,-2.0365
23,2,1984     ,0.5759,-0.4489,-0.0261,-2.3360
23,2,1985     ,-0.6218,-0.0523,-0.0791,-0.0024
23,2,1986     ,0.5707,0.2574,-1.7940,-99.9
23,2,1987     ,0.5883,1.0274,-0.2467,-1.1634
23,2,1988     ,0.0074,0.8941,-0.5504,-3.0269
23,2,1989     ,0.4264,-0.3621,0.2487,-3.3038
23,2,1990     ,-0.1636,-0.6515,0.1776,-1.2372
23,2,1991     ,0.3080,-0.3008,-0.4008,0.3686
23,2,1992     ,0.1953,0.2091,0.3919,0.6233
23,2,1993     ,0.0535,0.0269,0.1741,1.9445
23,2,1994     ,0.2707,-0.0323,0.8124,0.8742
23,2,1995     ,0.4674,0.0000,0.1115,-0.4422
23,2,1996     ,-0.5959,-0.0720,0.0259,0.4120
23,2,1997     ,0.3308,-0.0565,0.2517,0.3418
23,2,1998     ,-0.5348,0.1607,0.6551,-0.7229
23,2,1999     ,-0.3309,0.2465,-0.1842,0.5194
23,2,2000     ,0.2650,0.1003,0.3252,-0.5480
23,2,2001     ,-0.4611,0.2501,0.3713,-0.0041
23,2,2002     ,0.5742,-0.1671,0.0087,-0.1840
23,2,2003     ,-0.3803,-0.6559,0.9010,1.2878
23,2,2004     ,0.2785,-0.0037,-0.6100,0.5595
23,2,2005     ,0.2039,-0.5274,0.0889,0.1119
23,2,2006     ,0.4563,-0.3287,-0.1321,-0.3486
23,2,2007     ,0.6945,-0.4649,-0.2644,-1.3909
23,2,2008     ,-0.3651,-0.0581,0.1390,-0.3120
23,2,2009     ,0.7680,0.0090,-0.5264,-2.0199
23,2,2010     ,-0.4219,-0.4416,0.9549,0.0068
23,2,2011     ,-0.0974,0.1957,0.3812,-2.7229
23,2,2012     ,-0.9530,0.3625,0.6039,0.5561
23,2,2013     ,-0.4837,0.9618,-0.2152,-1.8838
# Species,Quarter,Year, Age_0, Age_1, Age_2, Age_3, Age_4
23,3,1974     ,0.6071,-1.1640,-0.4860,-1.6049,-0.0716
23,3,1975     ,0.6477,-2.1147,-0.5727,-3.1715,-99.9
23,3,1976     ,0.2986,0.2425,0.6470,2.7823,1.2359
23,3,1977     ,-0.7657,0.6559,2.2105,2.2452,2.4461
23,3,1978     ,0.3013,0.3001,0.8323,0.8591,-0.9199
23,3,1979     ,2.4932,1.0275,2.0980,1.3130,1.1480
23,3,1980     ,0.2098,-0.3183,0.0618,-0.8902,-0.9986
23,3,1981     ,0.3347,-0.6792,-0.4637,-0.8633,-0.8971
23,3,1982     ,0.5097,-2.2956,-99.9,-99.9,-99.9
23,3,1983     ,1.0844,-0.4551,1.6062,0.5873,-6.0545
23,3,1984     ,-0.4914,0.9445,0.3394,0.6645,-3.5075
23,3,1985     ,-1.4818,-0.3607,1.3707,1.6166,0.3462
23,3,1986     ,-0.3457,1.6889,1.6177,-2.1802,-4.0828
23,3,1987     ,-1.4614,-1.8596,-1.4933,-3.1713,-4.6315
23,3,1988     ,-0.0330,0.7873,0.1588,1.0643,-0.2198
23,3,1989     ,-1.5029,0.1602,0.7247,-99.9,-99.9
23,3,1990     ,-0.1905,0.5343,0.4600,1.2282,-0.2187
23,3,1991     ,0.5262,0.5002,-0.1549,-0.4196,-0.7177
23,3,1992     ,-0.5357,-1.7906,-2.3258,-1.0713,-1.9057
23,3,1993     ,0.9200,-0.0990,0.7221,0.8569,1.2827
23,3,1994     ,-3.2204,0.0428,1.3921,1.4642,1.5805
23,3,1995     ,-0.8159,-0.7496,-0.1124,-0.5621,0.4592
23,3,1996     ,0.7790,2.5591,2.6991,1.9430,4.5194
23,3,1997     ,-0.1302,0.7450,0.1591,-0.5432,-0.1043
23,3,1998     ,1.5830,0.1823,-0.2204,1.2498,-0.0824
23,3,1999     ,-0.1885,1.0778,0.7763,1.0537,2.4791
23,3,2000,-99.9,-0.9883,-3.0514,-2.4353,-1.6850
23,3,2001     ,1.5648,1.5403,-1.7978,-1.8386,-1.1290
23,3,2002,-99.9,-99.9,-99.9,-99.9,-99.9
23,3,2003     ,-0.0472,-0.7559,-0.1529,-1.5915,-1.1928
23,3,2004     ,-0.1145,0.8455,-0.1515,-0.0255,-1.3598
23,3,2005,-99.9,-99.9,-99.9,-99.9,-99.9
23,3,2006,-99.9,-99.9,-99.9,-99.9,-99.9
23,3,2007,-99.9,-99.9,-99.9,-99.9,-99.9
23,3,2008,-99.9,-99.9,-99.9,-99.9,-99.9
23,3,2009     ,0.0001,-3.0828,0.5440,0.1586,-1.7520
23,3,2010,-99.9,-99.9,-99.9,-99.9,-99.9
23,3,2011,-99.9,-99.9,-99.9,-99.9,-99.9
23,3,2012,-99.9,-99.9,-99.9,-99.9,-99.9
23,3,2013,-99.9,-99.9,-99.9,-99.9,-99.9
# Species,Quarter,Year, Age_0, Age_1, Age_2, Age_3, Age_4
23,4,1974,-99.9,-99.9,-99.9,-99.9,-99.9
23,4,1975,-99.9,-99.9,-99.9,-99.9,-99.9
23,4,1976,-99.9,-99.9,-99.9,-99.9,-99.9
23,4,1977,-99.9,-99.9,-99.9,-99.9,-99.9
23,4,1978,-99.9,-99.9,-99.9,-99.9,-99.9
23,4,1979,-99.9,-99.9,-99.9,-99.9,-99.9
23,4,1980,-99.9,-99.9,-99.9,-99.9,-99.9
23,4,1981,-99.9,-99.9,-99.9,-99.9,-99.9
23,4,1982,-99.9,-99.9,-99.9,-99.9,-99.9
23,4,1983,-99.9,-99.9,-99.9,-99.9,-99.9
23,4,1984,-99.9,-99.9,-99.9,-99.9,-99.9
23,4,1985,-99.9,-99.9,-99.9,-99.9,-99.9
23,4,1986,-99.9,-99.9,-99.9,-99.9,-99.9
23,4,1987,-99.9,-99.9,-99.9,-99.9,-99.9
23,4,1988,-99.9,-99.9,-99.9,-99.9,-99.9
23,4,1989,-99.9,-99.9,-99.9,-99.9,-99.9
23,4,1990,-99.9,-99.9,-99.9,-99.9,-99.9
23,4,1991,-99.9,-99.9,-99.9,-99.9,-99.9
23,4,1992,-99.9,-99.9,-99.9,-99.9,-99.9
23,4,1993,-99.9,-99.9,-99.9,-99.9,-99.9
23,4,1994,-99.9,-99.9,-99.9,-99.9,-99.9
23,4,1995,-99.9,-99.9,-99.9,-99.9,-99.9
23,4,1996,-99.9,-99.9,-99.9,-99.9,-99.9
23,4,1997,-99.9,-99.9,-99.9,-99.9,-99.9
23,4,1998,-99.9,-99.9,-99.9,-99.9,-99.9
23,4,1999,-99.9,-99.9,-99.9,-99.9,-99.9
23,4,2000,-99.9,-99.9,-99.9,-99.9,-99.9
23,4,2001,-99.9,-99.9,-99.9,-99.9,-99.9
23,4,2002,-99.9,-99.9,-99.9,-99.9,-99.9
23,4,2003,-99.9,-99.9,-99.9,-99.9,-99.9
23,4,2004,-99.9,-99.9,-99.9,-99.9,-99.9
23,4,2005,-99.9,-99.9,-99.9,-99.9,-99.9
23,4,2006,-99.9,-99.9,-99.9,-99.9,-99.9
23,4,2007,-99.9,-99.9,-99.9,-99.9,-99.9
23,4,2008,-99.9,-99.9,-99.9,-99.9,-99.9
23,4,2009,-99.9,-99.9,-99.9,-99.9,-99.9
23,4,2010,-99.9,-99.9,-99.9,-99.9,-99.9
23,4,2011,-99.9,-99.9,-99.9,-99.9,-99.9
23,4,2012,-99.9,-99.9,-99.9,-99.9,-99.9
23,4,2013,-99.9,-99.9,-99.9,-99.9,-99.9
# Species,Quarter,Year, Age_0, Age_1, Age_2, Age_3, Age_4
24,1,1974,-99.9,-99.9,-99.9,-99.9
24,1,1975,-99.9,-99.9,-99.9,-99.9
24,1,1976,-99.9,-99.9,-99.9,-99.9
24,1,1977,-99.9,-99.9,-99.9,-99.9
24,1,1978,-99.9,-99.9,-99.9,-99.9
24,1,1979,-99.9,-99.9,-99.9,-99.9
24,1,1980,-99.9,-99.9,-99.9,-99.9
24,1,1981,-99.9,-99.9,-99.9,-99.9
24,1,1982,-99.9,-99.9,-99.9,-99.9
24,1,1983,-99.9,-99.9,-99.9,-99.9
24,1,1984,-99.9,-99.9,-99.9,-99.9
24,1,1985,-99.9,-99.9,-99.9,-99.9
24,1,1986,-99.9,-99.9,-99.9,-99.9
24,1,1987,-99.9,-99.9,-99.9,-99.9
24,1,1988,-99.9,-99.9,-99.9,-99.9
24,1,1989,-99.9,-99.9,-99.9,-99.9
24,1,1990,-99.9,-99.9,-99.9,-99.9
24,1,1991,-99.9,-99.9,-99.9,-99.9
24,1,1992,-99.9,-99.9,-99.9,-99.9
24,1,1993,-99.9,-99.9,-99.9,-99.9
24,1,1994,-99.9,-99.9,-99.9,-99.9
24,1,1995,-99.9,-99.9,-99.9,-99.9
24,1,1996,-99.9,-99.9,-99.9,-99.9
24,1,1997,-99.9,-99.9,-99.9,-99.9
24,1,1998,-99.9,-99.9,-99.9,-99.9
24,1,1999,-99.9,-99.9,-99.9,-99.9
24,1,2000,-99.9,-99.9,-99.9,-99.9
24,1,2001,-99.9,-99.9,-99.9,-99.9
24,1,2002,-99.9,-99.9,-99.9,-99.9
24,1,2003,-99.9,-99.9,-99.9,-99.9
24,1,2004,-99.9,-99.9,-99.9,-99.9
24,1,2005,-99.9,-99.9,-99.9,-99.9
24,1,2006,-99.9,-99.9,-99.9,-99.9
24,1,2007,-99.9,-99.9,-99.9,-99.9
24,1,2008,-99.9,-99.9,-99.9,-99.9
24,1,2009,-99.9,-99.9,-99.9,-99.9
24,1,2010,-99.9,-99.9,-99.9,-99.9
24,1,2011,-99.9,-99.9,-99.9,-99.9
24,1,2012,-99.9,-99.9,-99.9,-99.9
24,1,2013,-99.9,-99.9,-99.9,-99.9
# Species,Quarter,Year, Age_0, Age_1, Age_2, Age_3, Age_4
24,2,1974     ,0.5989,0.2831,-0.0704,0.4754
24,2,1975     ,0.0053,-0.5988,0.3917,0.1580
24,2,1976     ,0.4425,0.1580,-0.3702,-0.2342
24,2,1977     ,0.1390,0.0459,0.4706,0.5054
24,2,1978     ,0.1978,0.4845,-0.0976,-0.2856
24,2,1979     ,-0.7836,-0.2514,0.1945,0.6575
24,2,1980     ,0.2599,0.2074,-0.1531,-0.1416
24,2,1981     ,-0.2220,-0.1149,-0.2246,-0.0310
24,2,1982     ,-0.4161,-0.3484,-0.3198,0.4362
24,2,1983     ,-0.6701,0.6574,-0.0558,-0.2949
24,2,1984     ,-0.4440,-0.5199,0.5938,-0.1639
24,2,1985     ,-1.3377,0.2473,1.2965,-1.3547
24,2,1986     ,0.3969,0.9700,0.0574,-0.8622
24,2,1987     ,-0.0774,0.6602,0.4502,-0.7697
24,2,1988     ,-1.0837,0.4959,0.4956,1.1181
24,2,1989     ,0.5557,0.6667,-0.1720,0.5197
24,2,1990     ,-0.1731,0.0789,1.1301,-0.2041
24,2,1991     ,-0.0337,0.2532,-0.6340,0.6801
24,2,1992     ,0.5638,-0.1110,-0.7203,-0.1099
24,2,1993     ,-0.6507,-0.3841,-0.0163,0.3492
24,2,1994     ,0.0767,-0.0181,-1.0211,0.1351
24,2,1995     ,0.5344,-0.1872,0.1008,-1.0351
24,2,1996     ,-0.1215,-0.5057,-0.0733,0.0104
24,2,1997     ,0.0052,-0.2492,0.1484,0.0572
24,2,1998     ,0.0383,-0.1894,0.2311,-0.1122
24,2,1999     ,0.8482,0.0241,-0.2255,-0.3646
24,2,2000     ,0.5123,-0.2364,0.0626,-0.1132
24,2,2001     ,0.4461,-0.3518,-0.4301,0.4639
24,2,2002     ,0.4515,0.2342,-0.2289,0.0827
24,2,2003     ,0.0627,-0.0579,-0.2086,0.2595
24,2,2004     ,0.3553,-0.2376,-0.3437,0.3595
24,2,2005     ,0.1417,-0.6064,0.0749,-0.3568
24,2,2006     ,0.4400,-0.6373,-0.6652,-0.2156
24,2,2007     ,0.0736,-0.3357,-0.5057,-0.3117
24,2,2008     ,-0.1158,-0.5842,-0.5573,-0.2808
24,2,2009     ,-0.0427,-0.4145,-0.2668,-0.6395
24,2,2010     ,0.1306,-0.3078,0.2293,0.1867
24,2,2011     ,-0.5633,0.3390,0.5544,-0.0925
24,2,2012     ,-0.6633,-0.1040,0.5373,0.3700
24,2,2013     ,-0.0350,0.6017,0.5715,-0.2424
# Species,Quarter,Year, Age_0, Age_1, Age_2, Age_3, Age_4
24,3,1974     ,-1.5523,-0.3788,-3.4207,-99.9,-3.9029
24,3,1975     ,-1.6676,-0.8401,1.2432,-0.1032,0.8473
24,3,1976,-99.9,-1.3338,0.8087,0.7609,0.2324
24,3,1977     ,1.8802,-1.7440,-2.8116,-3.6906,-1.8971
24,3,1978     ,3.4465,-0.4179,-0.7614,-0.1833,0.2839
24,3,1979     ,-0.0328,0.5856,0.0458,-0.5209,0.7719
24,3,1980     ,-2.4939,0.7279,0.0082,0.4867,-1.5876
24,3,1981     ,2.5292,-1.1992,0.6197,-0.7048,-0.8985
24,3,1982     ,2.2126,-0.2968,-0.0848,0.3104,-0.5606
24,3,1983     ,1.3908,-0.4052,0.9201,2.1351,-2.7642
24,3,1984,-99.9,0.6116,-0.6041,0.6367,0.6987
24,3,1985     ,0.4794,-0.2649,0.4673,3.9557,1.4775
24,3,1986     ,-0.1118,0.5738,0.0562,0.4352,0.9108
24,3,1987     ,0.2200,1.4306,1.2399,0.4646,-0.1602
24,3,1988     ,-0.7909,-2.0527,-0.6838,0.8663,-0.0542
24,3,1989     ,-1.5633,-0.8151,-0.6487,-1.7036,-0.9370
24,3,1990     ,-0.0475,-0.2774,-0.8120,0.2830,-1.0724
24,3,1991     ,2.1588,1.6667,-0.5814,-0.6800,-3.5981
24,3,1992     ,1.5279,0.3361,-0.8418,-0.0290,-0.4713
24,3,1993     ,0.6916,0.2717,-0.0991,0.5885,0.8105
24,3,1994,-99.9,0.6144,0.5194,-0.3599,0.8375
24,3,1995     ,-2.7080,0.6349,1.0908,1.3909,0.5452
24,3,1996     ,0.1476,0.3918,-0.1178,0.2051,0.5545
24,3,1997     ,-4.8389,1.2708,-0.1201,-0.2666,0.2223
24,3,1998     ,-1.1720,-0.5616,-0.1380,0.4387,0.3367
24,3,1999     ,-1.4274,0.7082,-0.2787,0.2542,1.1429
24,3,2000     ,1.8996,0.6436,-0.1226,1.0990,0.6223
24,3,2001     ,2.3686,0.1714,0.3030,0.2410,2.0314
24,3,2002     ,-2.6864,-0.8807,-0.7686,-0.8434,0.6435
24,3,2003     ,0.6083,0.3319,1.3995,0.4724,0.8002
24,3,2004     ,-0.2935,0.7134,1.1618,0.6368,1.3120
24,3,2005     ,0.5361,-0.1377,0.4971,1.3784,1.3484
24,3,2006     ,0.4622,-0.1511,0.1084,0.3698,1.5205
24,3,2007,-99.9,-99.9,-99.9,-99.9,-99.9
24,3,2008,-99.9,-99.9,-99.9,-99.9,-99.9
24,3,2009     ,1.7050,0.4259,-0.6319,-1.4087,-1.6932
24,3,2010     ,0.5702,-0.6260,-0.8775,-0.3803,-0.2596
24,3,2011,-99.9,-99.9,-99.9,-99.9,-99.9
24,3,2012,-99.9,-99.9,-99.9,-99.9,-99.9
24,3,2013     ,-3.2748,-0.4559,0.1175,0.8161,-1.3577
# Species,Quarter,Year, Age_0, Age_1, Age_2, Age_3, Age_4
24,4,1974,-99.9,-99.9,-99.9,-99.9,-99.9
24,4,1975,-99.9,-99.9,-99.9,-99.9,-99.9
24,4,1976,-99.9,-99.9,-99.9,-99.9,-99.9
24,4,1977,-99.9,-99.9,-99.9,-99.9,-99.9
24,4,1978,-99.9,-99.9,-99.9,-99.9,-99.9
24,4,1979,-99.9,-99.9,-99.9,-99.9,-99.9
24,4,1980,-99.9,-99.9,-99.9,-99.9,-99.9
24,4,1981,-99.9,-99.9,-99.9,-99.9,-99.9
24,4,1982,-99.9,-99.9,-99.9,-99.9,-99.9
24,4,1983,-99.9,-99.9,-99.9,-99.9,-99.9
24,4,1984,-99.9,-99.9,-99.9,-99.9,-99.9
24,4,1985,-99.9,-99.9,-99.9,-99.9,-99.9
24,4,1986,-99.9,-99.9,-99.9,-99.9,-99.9
24,4,1987,-99.9,-99.9,-99.9,-99.9,-99.9
24,4,1988,-99.9,-99.9,-99.9,-99.9,-99.9
24,4,1989,-99.9,-99.9,-99.9,-99.9,-99.9
24,4,1990,-99.9,-99.9,-99.9,-99.9,-99.9
24,4,1991,-99.9,-99.9,-99.9,-99.9,-99.9
24,4,1992,-99.9,-99.9,-99.9,-99.9,-99.9
24,4,1993,-99.9,-99.9,-99.9,-99.9,-99.9
24,4,1994,-99.9,-99.9,-99.9,-99.9,-99.9
24,4,1995,-99.9,-99.9,-99.9,-99.9,-99.9
24,4,1996,-99.9,-99.9,-99.9,-99.9,-99.9
24,4,1997,-99.9,-99.9,-99.9,-99.9,-99.9
24,4,1998,-99.9,-99.9,-99.9,-99.9,-99.9
24,4,1999,-99.9,-99.9,-99.9,-99.9,-99.9
24,4,2000,-99.9,-99.9,-99.9,-99.9,-99.9
24,4,2001,-99.9,-99.9,-99.9,-99.9,-99.9
24,4,2002,-99.9,-99.9,-99.9,-99.9,-99.9
24,4,2003,-99.9,-99.9,-99.9,-99.9,-99.9
24,4,2004,-99.9,-99.9,-99.9,-99.9,-99.9
24,4,2005,-99.9,-99.9,-99.9,-99.9,-99.9
24,4,2006,-99.9,-99.9,-99.9,-99.9,-99.9
24,4,2007,-99.9,-99.9,-99.9,-99.9,-99.9
24,4,2008,-99.9,-99.9,-99.9,-99.9,-99.9
24,4,2009,-99.9,-99.9,-99.9,-99.9,-99.9
24,4,2010,-99.9,-99.9,-99.9,-99.9,-99.9
24,4,2011,-99.9,-99.9,-99.9,-99.9,-99.9
24,4,2012,-99.9,-99.9,-99.9,-99.9,-99.9
24,4,2013,-99.9,-99.9,-99.9,-99.9,-99.9
# Species,Quarter,Year, Age_0, Age_1, Age_2, Age_3
25,1,1974     ,-0.2910,-0.3280,-1.8457
25,1,1975     ,-0.6882,0.1624,0.1144
25,1,1976     ,-0.6836,-0.2909,0.3937
25,1,1977     ,0.5095,0.5073,0.1777
25,1,1978     ,0.1070,0.1227,-0.0260
25,1,1979     ,0.1100,0.8104,0.3200
25,1,1980     ,-0.1354,0.1905,0.1976
25,1,1981     ,0.3219,0.6321,-0.2621
25,1,1982     ,0.6881,0.4353,1.6769
25,1,1983     ,0.3236,0.9163,0.4762
25,1,1984     ,-0.2661,0.3595,1.5814
25,1,1985     ,0.4890,0.6366,1.8002
25,1,1986     ,-0.7119,1.8116,1.4451
25,1,1987     ,0.8480,0.6286,0.0075
25,1,1988     ,0.3409,1.2929,0.7855
25,1,1989     ,0.7233,-0.6305,-1.6740
25,1,1990     ,0.7184,0.3441,0.4311
25,1,1991     ,0.0193,1.2857,0.9200
25,1,1992     ,1.1233,1.1754,1.9896
25,1,1993     ,0.6721,-0.0521,-1.3134
25,1,1994     ,0.9340,0.6979,0.1895
25,1,1995     ,1.2290,0.5363,-0.8433
25,1,1996     ,0.1727,0.3685,-0.3318
25,1,1997     ,0.1203,0.7129,0.2314
25,1,1998     ,0.4392,0.8029,0.5839
25,1,1999     ,-1.0811,-0.0425,-0.1221
25,1,2000     ,0.0945,0.0460,-1.4817
25,1,2001     ,0.6820,1.8416,1.0236
25,1,2002     ,0.3796,0.4940,-1.1170
25,1,2003     ,-0.6646,0.2512,1.3635
25,1,2004     ,-0.7722,0.9762,0.8968
25,1,2005,-99.9,-99.9,-99.9
25,1,2006     ,-1.8306,0.4123,1.2698
25,1,2007,-99.9,-99.9,-99.9
25,1,2008     ,-2.7292,-0.9934,-3.7499
25,1,2009     ,-0.8403,-3.3795,-99.9
25,1,2010,-99.9,-99.9,-99.9
25,1,2011,-99.9,-99.9,-99.9
25,1,2012     ,-2.7598,-2.6331,-2.5984
25,1,2013     ,-4.0766,-4.6807,-4.0056
# Species,Quarter,Year, Age_0, Age_1, Age_2, Age_3
25,2,1974     ,-0.2486,-0.3963,-0.6768
25,2,1975     ,0.5216,-0.7663,-0.9035
25,2,1976     ,0.4177,0.4069,0.8698
25,2,1977     ,0.1194,0.0657,-0.6031
25,2,1978     ,-0.1688,-0.0737,1.4779
25,2,1979     ,0.1685,-0.0555,-0.8046
25,2,1980     ,-0.3511,0.1394,0.1030
25,2,1981     ,0.2190,0.1411,0.4092
25,2,1982     ,0.5935,0.3777,-0.3771
25,2,1983     ,-0.1575,1.1916,0.1953
25,2,1984     ,-0.1689,0.4677,2.3063
25,2,1985     ,-0.0654,-1.2403,-0.6704
25,2,1986     ,-0.7038,-0.3602,-1.6093
25,2,1987     ,0.2770,-1.0036,-99.9
25,2,1988     ,-0.2242,-0.6800,-99.9
25,2,1989     ,0.1106,0.5972,-1.6580
25,2,1990     ,1.0094,0.5945,0.4902
25,2,1991     ,-0.5624,0.3339,-0.5885
25,2,1992     ,0.5078,0.0402,0.2378
25,2,1993     ,0.0816,-0.2194,0.1202
25,2,1994     ,-0.4478,0.1895,-0.4129
25,2,1995     ,0.6988,0.7648,0.9086
25,2,1996     ,0.5127,-0.7721,0.7284
25,2,1997     ,-1.6223,-0.0613,0.6277
25,2,1998     ,0.4825,0.1932,-0.3248
25,2,1999     ,-0.2920,0.7459,0.1905
25,2,2000     ,-0.5790,0.2762,1.3637
25,2,2001     ,0.4988,0.7871,2.0975
25,2,2002     ,0.4095,-1.0287,-2.2592
25,2,2003     ,-0.2093,0.1038,1.6243
25,2,2004     ,-1.7447,0.0255,0.5629
25,2,2005,-99.9,-99.9,-99.9
25,2,2006     ,-0.9218,0.5116,2.3975
25,2,2007,-99.9,-99.9,-99.9
25,2,2008     ,-0.0702,0.6368,-2.4239
25,2,2009     ,-0.9678,0.3323,0.0748
25,2,2010     ,0.4925,0.9961,-0.9666
25,2,2011     ,-1.4673,-0.7721,-2.8072
25,2,2012     ,-0.1863,-0.1369,-0.3299
25,2,2013     ,0.9655,0.2338,-0.3655
# Species,Quarter,Year, Age_0, Age_1, Age_2, Age_3
25,3,1974     ,0.7720,-0.3724,0.4919,2.2238
25,3,1975     ,0.4740,0.0904,-1.0557,-1.7201
25,3,1976     ,-0.7116,-0.2843,0.1201,-1.5806
25,3,1977     ,-0.4331,-0.3661,0.5034,1.3960
25,3,1978     ,0.5762,0.0662,-0.2146,0.0860
25,3,1979     ,1.4993,-0.1196,0.6624,0.2500
25,3,1980     ,-1.5009,0.1642,0.7093,-0.0329
25,3,1981     ,-0.6432,-0.0958,0.1132,-0.8225
25,3,1982     ,-1.0797,0.5748,0.2134,1.1772
25,3,1983     ,0.1936,0.2189,0.7694,1.2972
25,3,1984     ,-5.5834,-0.0970,0.1800,-0.7006
25,3,1985     ,-3.5285,-0.3041,-0.1559,0.2844
25,3,1986,-99.9,0.0475,-0.0528,-0.3708
25,3,1987     ,-2.0506,-0.1275,-0.7371,-3.0101
25,3,1988     ,2.1022,-0.4227,-0.3150,-99.9
25,3,1989     ,0.5067,0.1403,0.4364,-1.5197
25,3,1990     ,-2.0925,-0.4639,-1.3107,-0.1963
25,3,1991     ,1.1850,-0.5591,-1.0484,0.0352
25,3,1992     ,2.2905,0.3987,-0.5555,-2.3561
25,3,1993     ,-0.1942,-0.4525,-0.3404,-0.5476
25,3,1994     ,0.9083,-0.3198,-0.2445,0.9084
25,3,1995     ,2.3945,0.0457,-1.8675,-1.0527
25,3,1996     ,2.2559,0.2253,-0.0761,1.1160
25,3,1997     ,1.5891,0.8519,0.0168,0.8858
25,3,1998     ,0.7237,0.2197,-0.6654,-2.3439
25,3,1999     ,-0.8940,0.2226,0.3174,-0.3608
25,3,2000     ,0.6116,0.0168,-0.4604,0.8518
25,3,2001     ,0.3225,-0.4695,-2.3513,-1.9859
25,3,2002     ,2.4152,0.1502,0.5949,-0.2132
25,3,2003     ,-0.1185,0.0483,0.1829,1.6815
25,3,2004     ,0.5215,0.0584,0.3130,1.2704
25,3,2005,-99.9,-99.9,-99.9,-99.9
25,3,2006     ,-1.0003,-0.9737,-0.0148,1.6681
25,3,2007,-99.9,-99.9,-99.9,-99.9
25,3,2008,-99.9,0.1376,0.7289,-99.9
25,3,2009     ,1.5803,0.8955,1.9033,0.9839
25,3,2010,-99.9,-0.1305,-0.1450,-0.6987
25,3,2011,-99.9,1.1931,0.8958,0.8051
25,3,2012     ,-2.1875,-0.6222,-0.5227,0.0032
25,3,2013     ,-0.7581,0.2573,0.5067,1.6571
# Species,Quarter,Year, Age_0, Age_1, Age_2, Age_3
25,4,1974     ,0.0209,0.0970,0.5539,1.6116
25,4,1975     ,0.2862,-0.5352,0.3020,2.0755
25,4,1976     ,0.0310,-0.1553,0.5085,2.5920
25,4,1977     ,0.2000,0.1076,-0.0930,0.8446
25,4,1978     ,-0.7703,0.0280,-0.3146,0.4019
25,4,1979     ,-1.3907,-0.3393,-0.0808,0.7069
25,4,1980     ,-0.7926,-0.0102,0.1288,0.7401
25,4,1981     ,2.9528,0.1092,-0.4038,-0.8807
25,4,1982     ,-1.2377,0.1299,-1.3766,-99.9
25,4,1983     ,-0.1856,0.1622,-0.1067,-0.8323
25,4,1984     ,0.0965,-0.1721,0.0222,-99.9
25,4,1985     ,-0.8735,0.7702,-1.0686,-99.9
25,4,1986     ,1.3875,0.6509,-1.5459,-99.9
25,4,1987     ,-0.6371,0.3732,-0.0536,-1.7063
25,4,1988     ,1.4809,0.9196,0.3414,-99.9
25,4,1989     ,1.8685,0.3513,-0.3377,-1.9948
25,4,1990     ,-0.3225,-0.0967,-1.3885,-2.0006
25,4,1991     ,0.5937,-0.7365,-0.7331,-1.5532
25,4,1992     ,0.2063,0.2921,-0.6731,-3.1538
25,4,1993     ,0.1427,-0.3458,-0.6358,-4.1796
25,4,1994     ,0.5214,-0.0719,-1.0705,-99.9
25,4,1995     ,1.1413,0.4032,-1.4834,-2.6084
25,4,1996     ,1.2417,-0.1832,-1.0664,-5.2551
25,4,1997     ,0.5808,0.4427,-0.4660,-1.8099
25,4,1998     ,-0.1576,0.5446,-1.0042,-1.7926
25,4,1999     ,0.2160,-0.5306,-0.2894,-2.3187
25,4,2000     ,-0.1082,1.2584,-0.4744,-1.9949
25,4,2001     ,0.6925,0.4267,0.4521,-3.7955
25,4,2002     ,0.2047,0.0618,0.9911,-1.6355
25,4,2003     ,-4.1168,-1.0355,0.6585,0.8802
25,4,2004     ,-0.1335,0.8630,0.8591,-1.6726
25,4,2005,-99.9,-99.9,-99.9,-99.9
25,4,2006     ,0.5383,1.2379,-0.1661,-2.1910
25,4,2007,-99.9,-99.9,-99.9,-99.9
25,4,2008     ,2.3317,1.1403,-0.5598,-99.9
25,4,2009     ,-2.2183,-0.4300,-1.2654,-3.7972
25,4,2010     ,-1.3421,-0.4772,-0.7947,-6.5301
25,4,2011     ,-2.1484,0.6147,0.8069,-5.9710
25,4,2012     ,1.3683,3.3247,3.3350,0.2592
25,4,2013     ,-0.6142,0.7702,0.9860,0.4823
# Species,Quarter,Year, Age_0, Age_1, Age_2, Age_3
26,1,1974     ,0.0885,0.2672,0.7247
26,1,1975     ,1.0476,-0.4238,-0.2737
26,1,1976     ,-0.2996,1.3957,0.5194
26,1,1977     ,1.2023,-1.6379,-0.9765
26,1,1978     ,-0.0071,1.6795,-0.1064
26,1,1979     ,0.1102,0.9343,-0.0663
26,1,1980     ,0.9625,-1.3559,0.1478
26,1,1981     ,0.8616,0.2649,-1.2104
26,1,1982     ,2.0360,0.4997,0.1165
26,1,1983     ,-0.5063,0.2093,-1.7423
26,1,1984     ,-0.4416,-1.7577,-99.9
26,1,1985     ,0.5402,-1.7367,-0.8876
26,1,1986     ,-0.7934,-0.6789,-0.4418
26,1,1987     ,-2.9236,-1.1180,-99.9
26,1,1988     ,2.1443,-0.8065,0.5050
26,1,1989     ,2.4832,1.4043,-99.9
26,1,1990     ,-0.3931,-0.9511,-0.0844
26,1,1991,-99.9,-99.9,-99.9
26,1,1992,-99.9,-99.9,-99.9
26,1,1993     ,1.1334,1.1456,-0.1379
26,1,1994     ,1.1099,1.1464,1.7790
26,1,1995     ,1.0107,0.7722,0.0831
26,1,1996     ,2.7154,1.6652,0.8942
26,1,1997     ,0.8521,0.4876,-0.4014
26,1,1998     ,0.0849,-0.6458,0.0612
26,1,1999     ,1.5941,0.8380,1.6670
26,1,2000     ,1.7821,1.2084,2.9974
26,1,2001     ,1.8226,2.2714,2.3938
26,1,2002     ,-2.0723,-1.9329,-2.1822
26,1,2003     ,1.1078,0.4658,0.3193
26,1,2004     ,-2.7608,-4.0781,-3.9027
26,1,2005     ,-0.6882,-1.2291,-1.6558
26,1,2006     ,2.8473,-0.3950,-0.0250
26,1,2007     ,-1.1763,-1.1629,-2.7786
26,1,2008     ,-0.2707,-2.2771,-1.7211
26,1,2009     ,-2.3910,-3.1044,-3.5030
26,1,2010     ,2.2556,1.0579,2.0598
26,1,2011     ,1.4834,1.6784,1.1325
26,1,2012     ,-1.9337,-2.6376,-3.0958
26,1,2013     ,1.8776,0.7749,-0.2543
# Species,Quarter,Year, Age_0, Age_1, Age_2, Age_3
26,2,1974     ,0.8795,0.3953,0.5464
26,2,1975     ,1.1893,-0.9964,-0.3821
26,2,1976     ,0.0505,1.8041,1.0044
26,2,1977     ,1.6535,-1.2118,-0.6212
26,2,1978     ,0.4927,2.0142,0.1797
26,2,1979     ,0.5410,1.1641,0.2360
26,2,1980     ,1.3171,-0.5956,0.5661
26,2,1981     ,0.8730,-0.1461,0.5797
26,2,1982     ,0.9866,-0.3289,-0.7309
26,2,1983     ,-1.1307,-0.0835,-2.3235
26,2,1984     ,-0.1416,-1.4481,-99.9
26,2,1985     ,-0.8132,-3.1108,-2.2960
26,2,1986     ,-0.7366,-0.6542,-0.4314
26,2,1987     ,-1.2444,0.6966,-99.9
26,2,1988     ,2.0515,-0.8727,0.7687
26,2,1989,-99.9,-99.9,-99.9
26,2,1990     ,-0.7059,-0.9251,0.0328
26,2,1991,-99.9,-99.9,-99.9
26,2,1992     ,2.4118,0.1766,0.6404
26,2,1993     ,1.7388,1.7636,0.6351
26,2,1994     ,2.3633,2.3346,2.1661
26,2,1995     ,1.2342,1.0000,0.6331
26,2,1996     ,1.9299,0.8749,0.1864
26,2,1997     ,0.9636,0.9451,-0.2262
26,2,1998     ,-0.1917,-1.1131,-0.6110
26,2,1999     ,1.2341,0.5938,1.4472
26,2,2000     ,0.3628,0.2226,2.4476
26,2,2001     ,-0.6697,-0.4477,-0.6450
26,2,2002,-99.9,-99.9,-99.9
26,2,2003     ,-0.3398,-1.0353,-1.1724
26,2,2004     ,-2.2982,-3.6239,-3.4772
26,2,2005     ,-0.4548,-1.0315,-1.5215
26,2,2006     ,0.2635,-3.0505,-2.6889
26,2,2007,-99.9,-99.9,-99.9
26,2,2008,-99.9,-99.9,-99.9
26,2,2009     ,-0.4331,-1.1584,-1.5711
26,2,2010     ,1.8498,0.4080,1.7366
26,2,2011     ,0.9521,0.9854,0.3767
26,2,2012     ,0.6504,-0.0871,-0.5709
26,2,2013     ,-1.0775,-2.0837,-3.0315
# Species,Quarter,Year, Age_0, Age_1, Age_2, Age_3
26,3,1974,-99.9,-0.4726,0.2683,-0.1673
26,3,1975,-99.9,0.0408,0.8309,-0.2460
26,3,1976,-99.9,0.4182,-0.8717,-0.9447
26,3,1977,-99.9,-1.0736,0.7248,-0.0271
26,3,1978,-99.9,1.3167,-1.8410,-1.4466
26,3,1979,-99.9,0.3849,-1.1332,0.1208
26,3,1980,-99.9,-1.5125,1.2294,2.7342
26,3,1981,-99.9,0.6083,0.1900,-0.6827
26,3,1982,-99.9,1.0753,-0.8168,-2.1855
26,3,1983,-99.9,0.6680,0.6398,1.0137
26,3,1984,-99.9,0.8120,0.3996,-1.4007
26,3,1985,-99.9,-0.7380,1.3478,0.3940
26,3,1986,-99.9,-2.9103,-1.4988,0.6860
26,3,1987,-99.9,0.4924,0.5599,-1.8308
26,3,1988,-99.9,1.7636,3.0877,0.1647
26,3,1989,-99.9,1.8606,4.5855,-2.5991
26,3,1990,-99.9,-0.3353,0.4192,1.4652
26,3,1991,-99.9,-0.3765,2.4284,0.4949
26,3,1992,-99.9,1.9662,1.0546,2.2360
26,3,1993,-99.9,-0.5383,2.0304,0.6670
26,3,1994,-99.9,1.3438,-0.7152,-0.9028
26,3,1995,-99.9,0.9833,0.0643,1.0762
26,3,1996,-99.9,-2.2152,-0.7195,0.4298
26,3,1997,-99.9,-0.5115,0.1191,-0.4090
26,3,1998,-99.9,-0.3721,0.1185,0.1835
26,3,1999,-99.9,1.0183,-0.5314,0.1686
26,3,2000,-99.9,0.5088,-0.3346,-0.4413
26,3,2001,-99.9,-0.5075,-0.5713,-0.9747
26,3,2002,-99.9,0.0786,-0.8174,-0.4970
26,3,2003,-99.9,0.0053,-0.1674,0.6820
26,3,2004,-99.9,-0.0037,0.0663,0.3016
26,3,2005,-99.9,0.9099,-0.4808,0.6140
26,3,2006,-99.9,-0.3478,-0.6649,1.0409
26,3,2007,-99.9,-1.6240,-0.7245,-0.8286
26,3,2008,-99.9,-2.1586,0.3236,1.2619
26,3,2009,-99.9,-0.0173,-1.0895,-1.0729
26,3,2010,-99.9,-1.1123,-1.5851,-2.5808
26,3,2011,-99.9,-1.2458,-0.4527,-0.4463
26,3,2012,-99.9,-0.1816,-0.6749,-1.2559
26,3,2013,-99.9,0.9555,-0.0133,-0.0796
# Species,Quarter,Year, Age_0, Age_1, Age_2, Age_3
26,4,1974,-99.9,-0.4634,-0.4564,-0.9803
26,4,1975,-99.9,0.0701,0.5847,1.0175
26,4,1976,-99.9,-0.0745,0.3007,0.0833
26,4,1977,-99.9,-0.8508,0.4967,0.4499
26,4,1978,-99.9,0.2870,0.1355,0.0972
26,4,1979,-99.9,-0.7182,0.6548,-0.2250
26,4,1980,-99.9,-1.5112,1.6025,2.9544
26,4,1981,-99.9,-0.6115,1.6598,0.7934
26,4,1982,-99.9,0.8416,1.1939,0.9877
26,4,1983,-99.9,0.0303,0.3727,0.5989
26,4,1984,-99.9,0.6695,0.5375,-1.0528
26,4,1985,-99.9,-0.6674,1.4189,0.2873
26,4,1986,-99.9,-2.0179,-0.2742,1.7194
26,4,1987,-99.9,1.0364,1.7870,-1.8195
26,4,1988,-99.9,-2.7342,-1.1228,-2.7432
26,4,1989,-99.9,-1.8033,0.3270,-6.1258
26,4,1990,-99.9,-0.4836,0.6115,1.4740
26,4,1991,-99.9,-0.0063,1.1254,-0.7194
26,4,1992,-99.9,-0.4579,-1.3474,-0.2609
26,4,1993,-99.9,-0.2753,0.6541,-1.2140
26,4,1994,-99.9,-0.7432,0.1336,0.5267
26,4,1995,-99.9,-0.1105,0.2852,1.4415
26,4,1996,-99.9,-0.9675,0.7773,1.8485
26,4,1997,-99.9,-0.1109,0.7716,0.3055
26,4,1998,-99.9,-0.5498,0.1800,1.0713
26,4,1999,-99.9,-1.3093,-0.9131,-1.4618
26,4,2000,-99.9,-2.2403,-1.5072,-1.2116
26,4,2001,-99.9,-0.2070,0.4212,-0.0128
26,4,2002,-99.9,-0.3332,0.3826,1.3353
26,4,2003,-99.9,0.5739,0.6933,1.1932
26,4,2004,-99.9,0.1832,-0.3972,0.1918
26,4,2005,-99.9,0.0613,-0.8203,-0.4886
26,4,2006,-99.9,-0.9223,-0.8894,0.3132
26,4,2007,-99.9,-0.3012,0.7568,0.0876
26,4,2008,-99.9,-1.0550,0.2118,1.2200
26,4,2009,-99.9,0.1041,-0.2780,0.1974
26,4,2010,-99.9,-0.5937,0.1305,2.3970
26,4,2011,-99.9,-0.3508,0.4665,0.7764
26,4,2012,-99.9,0.0677,0.0840,-0.3173
26,4,2013,-99.9,0.5240,-0.2175,0.4324
# Species,Quarter,Year, Age_0, Age_1, Age_2, Age_3, Age_4, Age_5, Age_6, Age_7, Age_8, Age_9, Age_10
18,9,1974,-99.9,0.3749,0.0029,-0.1239,0.0059,0.0623,-0.0563,0.1289,0.0166,0.3089,0.2630
18,9,1975,-99.9,-0.0261,-0.0897,-0.0567,0.0370,0.1297,0.0050,-0.0648,0.0815,0.2298,-0.2846
18,9,1976,-99.9,0.7106,0.3296,-0.0760,-0.0003,-0.0650,-0.0047,-0.0287,-0.5183,-0.2131,-0.5337
18,9,1977,-99.9,0.6424,0.2602,-0.2673,-0.2374,-0.0532,0.1065,-0.0825,-0.0237,1.0971,0.1500
18,9,1978,-99.9,-1.1836,0.2115,-0.2369,-0.1349,0.2629,0.0291,0.2086,-0.2986,-0.0873,-0.0611
18,9,1979,-99.9,1.3283,-0.0500,0.0940,-0.1767,0.1267,-0.0177,0.1683,0.3034,-0.0697,-0.2788
18,9,1980,-99.9,1.5106,0.0132,0.0969,-0.1030,-0.0152,-0.0901,0.3875,0.2430,0.4408,-0.3403
18,9,1981,-99.9,0.3706,0.2257,0.1298,-0.0028,-0.1607,-0.0167,0.0848,0.0120,0.0606,-0.1022
18,9,1982,-99.9,-0.0380,-0.0438,0.2944,0.0642,0.0483,0.0317,0.2654,0.0422,0.3608,-0.1728
18,9,1983,-99.9,-0.5157,0.0272,0.2844,0.0585,0.0030,0.0625,-0.1773,0.4485,0.1180,0.3223
18,9,1984,-99.9,0.9338,0.0229,0.1125,0.0287,-0.0409,-0.0001,0.0277,-0.0358,0.3702,0.4342
18,9,1985,-99.9,0.0424,0.0657,0.0292,0.0191,-0.0313,-0.0921,-0.0525,0.0634,-0.2088,0.3859
18,9,1986,-99.9,0.8988,-0.1704,-0.0477,0.0469,0.0416,0.0066,-0.0477,0.0418,0.0195,0.2321
18,9,1987,-99.9,-0.9221,0.1784,-0.0164,-0.0241,-0.1247,0.0523,0.1003,0.0524,-0.0456,0.3492
18,9,1988,-99.9,-0.9690,-0.0595,0.1808,0.1937,-0.1343,0.0164,-0.2461,-0.1632,-0.1649,0.1184
18,9,1989,-99.9,0.2618,-0.2153,0.0652,0.0406,0.1760,-0.0413,0.0575,0.0205,-0.0563,0.0217
18,9,1990,-99.9,-0.4399,0.1727,0.0231,0.0232,-0.1653,0.0560,-0.1911,-0.4076,0.2472,-0.1124
18,9,1991,-99.9,-0.2534,-0.2503,-0.0459,0.1259,0.0388,0.0116,0.7685,0.0525,-0.0335,-0.5941
18,9,1992,-99.9,0.0592,-0.1131,-0.0534,0.0494,0.0900,-0.0234,-0.1663,0.2929,-0.2125,0.2868
18,9,1993,-99.9,0.0877,0.1727,-0.0641,0.0759,-0.2597,-0.0582,-0.1075,-0.4743,0.0263,-0.2908
18,9,1994,-99.9,1.6849,0.0957,-0.1148,-0.0304,-0.0229,-0.1461,0.0518,-0.2409,-0.5631,0.3597
18,9,1995,-99.9,0.3609,0.4285,-0.0407,-0.2068,-0.2158,0.0497,-0.1972,-0.0849,-0.5261,-0.2915
18,9,1996,-99.9,-0.6705,0.1042,-0.1074,-0.2473,-0.1957,0.1668,0.5609,0.2395,0.9097,-0.4255
18,9,1997,-99.9,0.2056,0.0060,-0.0110,-0.1242,-0.0367,0.0011,0.3874,0.4026,-0.5078,0.7106
18,9,1998,-99.9,-0.4222,0.2810,-0.0115,-0.0995,-0.2064,0.0105,-0.1517,-0.0975,0.1418,0.0577
18,9,1999,-99.9,-0.0316,-0.3752,0.1883,0.0388,-0.0949,-0.1059,0.6283,0.2282,0.1861,0.4176
18,9,2000,-99.9,-0.1986,-0.1844,0.0857,-0.0457,0.0859,0.0259,-0.1672,0.2532,-0.0418,0.0891
18,9,2001,-99.9,-0.6505,0.2243,-0.0586,0.1619,-0.2088,-0.1876,0.1936,-0.2134,0.7442,0.3161
18,9,2002,-99.9,0.0537,-0.5396,-0.0130,0.2479,0.2005,-0.1381,-0.0136,0.2964,0.1434,0.3309
18,9,2003,-99.9,-0.0046,0.2372,0.0194,-0.1541,-0.0146,-0.0188,-0.6235,-0.0104,0.1221,0.0243
18,9,2004,-99.9,-0.1872,-0.2418,0.0708,0.3204,-0.1666,-0.1106,0.5399,-0.4810,0.4457,-0.2783
18,9,2005,-99.9,0.1873,-0.0990,-0.0884,0.0694,0.0685,0.1006,-0.1351,0.2942,-0.4466,-0.5022
18,9,2006,-99.9,0.1136,-0.0316,0.0717,0.1101,-0.0841,0.0302,-0.0067,0.1500,0.2992,-1.1945
18,9,2007,-99.9,0.3812,0.0509,0.0669,0.2159,0.0352,-0.2792,-0.2741,-0.1525,-0.1229,-0.8265
18,9,2008,-99.9,-0.4147,-0.0984,0.0251,-0.2192,0.0062,0.1619,-0.1537,0.2733,-0.0551,0.3044
18,9,2009,-99.9,-0.3574,-0.1381,-0.1178,-0.0581,0.1042,0.0811,0.1411,-0.0466,0.7842,0.1621
18,9,2010,-99.9,-0.4998,-0.2099,0.1085,0.0030,-0.0358,0.1861,-0.0341,-0.1058,-0.3367,-0.0530
18,9,2011,-99.9,-0.4021,-0.1154,-0.1489,-0.0073,0.0596,0.2202,0.0208,-0.2526,-0.4604,0.4140
18,9,2012,-99.9,-0.1289,-0.0835,0.0454,0.1240,0.0442,0.1209,-0.2287,-0.5349,-1.1713,-0.2707
18,9,2013,-99.9,0.0532,0.0492,0.2234,0.0917,0.1413,-0.1458,0.0816,-0.7124,-0.8325,-1.4414
# Species,Quarter,Year, Age_0, Age_1, Age_2, Age_3, Age_4, Age_5, Age_6, Age_7, Age_8
19,9,1974     ,-0.4760,0.8702,0.4921,0.0704,-0.0737,-0.9116,0.3551,-0.3247,-0.0176
19,9,1975     ,-0.6261,0.2998,0.4880,-0.0677,-0.2579,-0.0248,0.6986,-0.4066,-0.2146
19,9,1976     ,0.0123,-0.4025,0.6091,0.1480,-0.2954,-0.2734,-0.1346,-0.2812,0.2619
19,9,1977     ,0.4609,0.8743,0.0267,-0.0584,-0.3213,-0.1722,0.0260,-0.0281,0.7083
19,9,1978     ,0.5800,-0.2183,-0.0031,-0.0530,-0.0757,-0.3847,-0.0818,0.5903,0.4432
19,9,1979     ,0.4757,0.2410,0.1957,0.1595,0.1131,0.0311,-0.2592,-0.0330,-0.0407
19,9,1980     ,0.3121,-0.8649,-0.1429,0.0381,0.1308,0.5557,-0.0632,0.1573,0.1947
19,9,1981     ,0.6395,-0.2945,-0.3233,0.0081,0.1270,0.2861,0.2848,0.5027,-0.1200
19,9,1982     ,-0.1959,0.1575,-0.0333,0.0705,0.1193,0.2136,0.0760,0.1943,-0.1696
19,9,1983     ,1.4012,0.1545,0.1861,0.2043,0.1248,0.1446,-0.2114,-0.1978,-0.0222
19,9,1984     ,-0.3882,-0.0567,0.0635,0.1034,0.1397,0.3746,0.0517,0.1129,-0.4998
19,9,1985     ,-0.1912,0.0325,-0.6569,-0.0950,0.0440,0.2733,0.3566,0.3859,0.1816
19,9,1986     ,-0.3241,0.2235,-0.1756,-0.1839,0.1376,0.0394,-0.2985,0.2683,-0.5261
19,9,1987     ,-1.1948,-0.6374,-0.2602,-0.0920,0.1265,-0.0102,0.1120,-0.0612,0.0842
19,9,1988     ,0.2552,0.6578,-0.0864,-0.1823,0.1566,0.2133,-0.1905,0.0835,-0.6756
19,9,1989     ,-1.0535,-0.6226,-0.2153,-0.2278,-0.1216,0.2700,-0.0544,-0.1019,0.3870
19,9,1990     ,0.3568,0.1516,0.0288,0.0433,0.1117,0.3715,-0.4736,-0.2154,-0.3222
19,9,1991     ,3.0256,-0.5502,0.0774,-0.3575,-0.1237,0.1769,-0.1081,-0.0531,0.1179
19,9,1992     ,1.4025,0.2441,-0.0724,-0.0866,-0.1757,-0.1175,0.1498,0.5023,-0.5402
19,9,1993     ,2.1420,-0.2253,-0.1494,-0.0685,-0.1808,-0.0678,-0.2326,-0.3345,0.3278
19,9,1994     ,1.2728,-0.2087,-0.3036,-0.0490,-0.0553,0.1032,0.3851,0.0343,-0.0600
19,9,1995     ,3.4717,-0.2503,-0.2653,0.0235,-0.1357,-0.0931,0.1647,0.3836,0.2303
19,9,1996     ,1.5333,-0.3181,-0.2269,-0.0080,0.0150,0.0151,-0.0394,0.0283,0.2234
19,9,1997     ,-0.6806,-0.0516,-0.0439,0.1239,0.0315,0.1764,-0.1338,-0.2652,-0.1268
19,9,1998     ,0.4002,0.1487,-0.0353,-0.1004,0.0316,0.1220,0.2233,0.1200,-0.2633
19,9,1999     ,0.0996,0.2136,0.0806,0.0759,0.0342,-0.0647,-0.0094,-0.1844,-0.0950
19,9,2000     ,-3.6244,-0.9591,-0.2995,-0.0548,-0.0590,0.0472,0.1132,0.3725,0.1658
19,9,2001     ,-1.0305,-0.8798,-0.5679,-0.3997,-0.1459,0.2577,0.2693,0.1937,0.4575
19,9,2002     ,1.8416,-0.5505,-0.3945,0.0949,-0.0059,-0.0916,-0.1111,0.2109,0.0340
19,9,2003     ,1.0811,1.2098,0.4911,0.0126,0.0555,-0.0600,-0.3585,-0.6208,-0.4790
19,9,2004     ,0.7030,0.7006,0.2509,-0.2666,0.0415,0.1869,0.3150,-0.0234,-0.5782
19,9,2005     ,0.1456,0.4606,0.6417,-0.0487,-0.3679,-0.0209,0.0663,0.0578,-0.2004
19,9,2006     ,-0.2036,0.4682,0.0828,0.2229,-0.0941,-0.0711,0.3462,0.0617,-0.1377
19,9,2007     ,0.0206,0.8887,-0.0786,0.0465,0.0039,-0.1895,0.0845,0.3427,0.2264
19,9,2008     ,-1.4372,-0.0593,-0.0659,0.0631,0.0781,-0.0371,-0.0553,0.3232,0.2919
19,9,2009     ,-1.8435,-1.1612,0.1177,-0.1438,0.1199,0.0639,-0.1300,-0.1007,0.6284
19,9,2010     ,-2.9826,-0.8835,0.2221,-0.3203,-0.2289,0.0429,0.2765,-0.4601,0.5866
19,9,2011     ,-3.3803,-0.3859,0.4052,0.0338,-0.1407,-0.2508,-0.0050,0.1795,-0.6558
19,9,2012     ,-1.4175,0.2464,-0.3000,-0.0721,0.1862,-0.2177,0.1842,0.2277,-0.0658
19,9,2013     ,-0.6894,0.5227,-0.0772,0.1350,0.0927,0.3318,-0.2080,-0.2495,-0.3580
# Species,Quarter,Year, Age_0, Age_1, Age_2, Age_3, Age_4, Age_5, Age_6, Age_7, Age_8, Age_9, Age_10
20,9,1974     ,-0.1986,0.8338,0.2456,-0.1167,0.0645,-0.0785,0.1000,0.1371,-0.3475,-0.1052,-0.1529
20,9,1975     ,-0.6289,0.4537,0.3096,-0.1124,0.0834,0.0701,0.2954,0.1166,-0.2320,0.4997,0.3208
20,9,1976     ,0.1719,0.5547,-0.0631,0.1889,-0.2226,0.3504,0.2999,-0.0869,-0.8504,-0.2345,-0.1648
20,9,1977     ,-0.9869,0.7081,0.2471,-0.1041,0.0524,0.3557,0.0701,0.1903,0.6909,-0.4668,-0.5217
20,9,1978     ,-0.3489,-0.1656,0.2457,-0.1520,0.2597,-0.0608,0.3641,0.0738,0.4342,1.3954,0.0243
20,9,1979     ,0.1906,-0.5553,0.1777,0.0014,-0.0977,0.3270,-0.2617,0.0336,-0.1574,0.0751,0.0201
20,9,1980     ,0.1307,-0.6384,0.0626,0.1035,0.0729,-0.0688,0.4002,-0.3698,0.2390,-0.3049,0.4876
20,9,1981     ,0.8103,-0.3439,-0.3026,0.3288,0.1067,-0.1254,-0.1523,0.4842,-0.7246,0.8936,-0.2712
20,9,1982     ,0.6443,-0.2199,-0.2025,0.2388,0.1541,-0.2241,-0.2234,0.7955,0.2043,-0.8897,-0.2819
20,9,1983     ,0.5552,-0.1532,-0.1479,0.1259,0.2099,-0.0145,-0.1876,-0.5319,0.5841,-0.2471,0.0771
20,9,1984     ,-0.4007,-0.0989,-0.1902,-0.0668,0.2074,0.1430,-0.2690,-0.2399,-0.6843,0.2941,-0.2333
20,9,1985     ,1.0359,0.3701,-0.1748,0.0711,0.0289,0.0569,0.2355,-0.3297,-0.3170,-0.4163,0.5048
20,9,1986     ,-0.9290,-0.0197,0.1058,0.1522,0.1475,-0.1457,-0.2583,-0.2017,-0.5824,-0.0150,0.7508
20,9,1987     ,-0.7104,-0.4279,0.2605,-0.1819,-0.0402,-0.1870,0.0151,0.3857,0.2431,0.1556,0.8743
20,9,1988     ,0.0283,-0.1993,-0.0924,0.0144,-0.0996,0.1504,0.0001,-0.3359,0.3632,0.5084,0.0303
20,9,1989     ,-0.3714,0.1921,-0.0123,0.0735,-0.2494,-0.0926,0.2300,0.2150,-0.2871,0.7629,0.7964
20,9,1990     ,-1.0146,0.3604,0.4773,-0.1363,0.0863,-0.4422,-0.1368,-0.0375,0.2432,-0.2113,-0.2270
20,9,1991     ,0.7325,0.1848,0.2332,-0.0671,-0.3466,0.1530,-0.3914,0.4321,0.3913,0.8565,0.0781
20,9,1992     ,1.2310,-0.0345,0.2767,0.1840,-0.0217,-0.0459,0.5473,0.0313,0.9360,0.6606,1.3445
20,9,1993     ,1.4385,-0.0275,0.0625,0.0870,-0.0663,-0.1287,0.2739,0.4141,-0.0413,1.4291,1.0629
20,9,1994     ,-0.3854,-0.1084,-0.1034,-0.1734,0.0647,0.0746,-0.0038,0.8456,0.5608,0.6187,0.9054
20,9,1995     ,1.6232,-0.2298,-0.0340,0.0388,-0.0709,0.1603,0.0951,-0.1150,1.1746,0.1525,0.0735
20,9,1996     ,1.3236,-0.9918,-0.2008,-0.0485,0.0027,-0.0459,0.3923,1.2108,0.0190,1.2957,-0.1532
20,9,1997     ,0.3627,0.2302,-0.1405,-0.0464,-0.1214,0.2507,0.0094,0.2521,0.3272,-0.2581,0.3171
20,9,1998     ,0.3775,0.0070,0.1633,-0.2757,0.2146,0.0058,-0.1158,-0.3081,-0.1733,0.4516,0.1533
20,9,1999     ,-0.8654,0.0443,-0.0849,-0.1728,-0.1589,0.2270,0.0053,-0.0962,-0.1617,-0.9914,-0.4430
20,9,2000     ,-1.6680,-1.0931,0.1229,-0.0569,-0.1300,-0.1238,0.0564,-0.0811,-0.6660,-1.1252,-1.1036
20,9,2001     ,-0.6996,-0.5572,-0.5973,0.0427,0.0222,-0.0185,0.4474,-0.0966,0.4558,-0.4539,-0.1859
20,9,2002     ,1.6793,0.8330,-0.5010,-0.3386,-0.1460,0.0126,0.1393,0.6686,0.1721,1.7992,-0.3224
20,9,2003     ,0.0726,0.0792,0.1719,-0.3176,-0.0770,-0.0004,0.1266,-0.1424,0.3065,-0.3642,0.6659
20,9,2004     ,-0.2460,0.5026,0.1985,-0.2931,-0.0926,0.2500,-0.2548,-0.6296,-1.1743,-0.5515,-0.8572
20,9,2005     ,-1.6178,0.2268,0.1844,-0.1267,-0.2896,0.2419,0.4501,-0.7578,-0.7901,-1.4628,-1.6427
20,9,2006     ,-1.6752,-0.7465,0.0563,-0.1510,-0.2010,0.1806,0.0707,0.0844,-1.4462,-1.4733,-2.0112
20,9,2007     ,-1.4035,-0.8099,-0.4770,0.0567,-0.0072,0.1777,0.3828,0.2936,-0.3562,-1.1387,-1.8977
20,9,2008     ,0.4221,-0.0505,-0.0488,-0.4041,0.0912,0.0747,0.4662,0.3216,0.0260,-0.0974,-2.0125
20,9,2009     ,-0.1649,0.1722,-0.2438,-0.0540,0.3143,-0.0465,-0.0285,0.1636,0.1240,-0.9517,-0.9616
20,9,2010     ,0.6232,0.4439,0.0763,0.0280,-0.1952,0.2077,-0.2724,-0.2847,-0.6674,-0.4971,-1.7732
20,9,2011     ,0.9973,-0.2891,-0.7108,0.0769,0.1441,0.3322,0.2085,-0.1257,-0.3312,-0.8469,-2.6122
20,9,2012     ,-0.1409,0.4130,-0.2426,0.0190,-0.0269,0.0141,-0.0243,0.2017,-0.5592,0.2351,-0.8966
20,9,2013     ,-0.1105,0.7300,0.2764,-0.1205,0.4967,-0.2909,-0.2881,-0.6103,-0.1325,-1.6484,-3.0402
# Species,Quarter,Year, Age_0, Age_1, Age_2, Age_3, Age_4, Age_5, Age_6, Age_7, Age_8, Age_9, Age_10
21,9,1974,-99.9,-99.9,-99.9,0.7594,0.0796,-0.2384,-0.0981,-0.0007,-0.0898,-0.0723,-0.0656
21,9,1975,-99.9,-99.9,-99.9,0.1628,-0.1162,-0.3822,-0.2139,0.0465,0.1259,-0.0434,0.1285
21,9,1976,-99.9,-99.9,-99.9,0.8682,0.2951,-0.0414,-0.0976,-0.1664,-0.1858,-0.2691,0.0188
21,9,1977,-99.9,-99.9,-99.9,-0.5500,-0.2472,-0.0975,-0.0010,0.0952,0.3945,0.0354,0.0160
21,9,1978,-99.9,-99.9,-99.9,0.5805,0.1683,0.0742,-0.2450,-0.3286,0.0585,0.0068,0.2446
21,9,1979,-99.9,-99.9,-99.9,-0.3399,-0.1335,0.1116,0.1123,0.2739,-0.0611,-0.0154,0.0608
21,9,1980,-99.9,-99.9,-99.9,-0.0891,-0.5891,0.0807,0.2040,0.1997,-0.0807,-0.0198,0.3177
21,9,1981,-99.9,-99.9,-99.9,-0.5479,-0.5961,-0.3040,0.0010,0.2329,0.4369,-0.0277,0.7572
21,9,1982,-99.9,-99.9,-99.9,-0.1927,0.0886,0.3497,0.3553,0.1543,0.1140,-0.2269,0.1800
21,9,1983,-99.9,-99.9,-99.9,-0.5523,-0.6720,0.2440,0.3916,0.5859,0.2359,0.0836,-0.2323
21,9,1984,-99.9,-99.9,-99.9,0.5336,0.0201,-0.0019,0.5946,0.1025,0.1744,-0.4508,-0.5954
21,9,1985,-99.9,-99.9,-99.9,0.7592,0.4048,0.0529,-0.1706,-0.1362,-0.0408,-0.3651,-0.2233
21,9,1986,-99.9,-99.9,-99.9,-0.6531,0.5533,-0.0410,-0.0935,-0.1205,-0.2025,0.0498,0.0038
21,9,1987,-99.9,-99.9,-99.9,-0.5216,0.4630,-0.0523,-0.4467,-0.1285,0.1939,0.2325,0.2699
21,9,1988,-99.9,-99.9,-99.9,-0.3870,-0.3295,0.4993,-0.3944,-0.1013,0.2295,0.4332,0.0943
21,9,1989,-99.9,-99.9,-99.9,-0.1601,0.0291,0.1510,0.4067,-0.3205,-0.0702,0.0932,-0.0001
21,9,1990,-99.9,-99.9,-99.9,0.4205,0.1190,0.1171,0.1212,-0.0661,-0.1477,-0.2699,-0.1041
21,9,1991,-99.9,-99.9,-99.9,0.1774,0.3977,0.1161,-0.1558,-0.1071,-0.3408,-0.2026,0.1314
21,9,1992,-99.9,-99.9,-99.9,0.4330,0.6097,0.5722,0.2042,-0.2543,-0.3087,-0.3893,-0.1396
21,9,1993,-99.9,-99.9,-99.9,0.4971,-0.3212,-0.4846,-0.3421,-0.1763,0.1518,0.2304,0.1845
21,9,1994,-99.9,-99.9,-99.9,0.3825,0.3761,-0.1005,-0.2021,-0.4214,-0.4789,0.0600,0.5359
21,9,1995,-99.9,-99.9,-99.9,-0.5319,-0.0552,-0.4805,-0.6367,0.1276,-0.1378,0.5773,0.5086
21,9,1996,-99.9,-99.9,-99.9,-0.4154,-0.4005,-0.2192,0.1024,0.2378,-0.1919,-0.1976,0.6314
21,9,1997,-99.9,-99.9,-99.9,-0.0934,-0.0524,-0.0346,-0.1849,0.0519,0.2136,-0.1314,0.4976
21,9,1998,-99.9,-99.9,-99.9,0.3364,0.0763,-0.0050,0.0923,-0.0925,-0.0543,0.2793,0.0399
21,9,1999,-99.9,-99.9,-99.9,-0.6917,-0.1475,-0.0661,-0.1267,0.0093,0.4268,0.0801,0.3814
21,9,2000,-99.9,-99.9,-99.9,-0.3221,-0.3187,-0.0266,0.2934,-0.1454,-0.0811,0.1434,-0.0438
21,9,2001,-99.9,-99.9,-99.9,-0.0788,0.2231,0.3135,-0.0926,-0.1920,0.1127,0.0310,-0.6164
21,9,2002,-99.9,-99.9,-99.9,-0.0443,-0.0536,-0.6656,-0.2912,-0.2483,-0.1347,0.3776,-0.0050
21,9,2003,-99.9,-99.9,-99.9,-0.0613,-0.4691,-0.2174,-0.1278,0.1952,0.0790,0.2295,-0.2580
21,9,2004,-99.9,-99.9,-99.9,-0.4210,-0.2087,-0.2524,0.0236,0.1048,0.4665,0.5593,-0.5035
21,9,2005,-99.9,-99.9,-99.9,-0.0771,-0.1896,0.0150,0.3883,0.3513,0.3656,0.3917,-0.9289
21,9,2006,-99.9,-99.9,-99.9,0.5327,-0.0932,-0.1839,-0.0267,0.3269,0.1557,0.1960,-0.1890
21,9,2007,-99.9,-99.9,-99.9,0.8238,-0.0737,-0.0207,0.1874,0.1896,0.3590,-0.2634,-0.3468
21,9,2008,-99.9,-99.9,-99.9,0.3992,0.4154,-0.0828,0.2518,0.0468,0.1104,-0.0257,-0.3709
21,9,2009,-99.9,-99.9,-99.9,0.2004,-0.1639,-0.0759,-0.1401,0.0473,0.1670,0.0073,-0.1203
21,9,2010,-99.9,-99.9,-99.9,-0.7098,-0.3999,-0.3594,-0.1996,0.1485,-0.1235,0.4114,0.3646
21,9,2011,-99.9,-99.9,-99.9,0.2765,-0.2835,-0.5632,-0.2057,-0.5409,0.0262,0.0635,0.6977
21,9,2012,-99.9,-99.9,-99.9,-0.2824,0.0950,0.0782,0.1067,-0.0728,-0.4431,-0.2093,0.4845
21,9,2013,-99.9,-99.9,-99.9,-0.2189,0.5376,-0.4359,-0.0079,-0.0241,0.1241,-0.2861,0.3035
# Species,Quarter,Year, Age_0, Age_1, Age_2, Age_3, Age_4, Age_5, Age_6, Age_7
22,9,1974     ,-0.0008,0.3895,-0.1218,-0.5364,0.1150,0.2681,0.0249,0.0093
22,9,1975     ,-0.5359,0.3937,0.1645,-0.3423,-0.0917,0.2512,-0.1821,0.0265
22,9,1976     ,0.0220,-1.0203,0.3469,0.2816,0.3317,0.2324,-0.4022,-0.1741
22,9,1977     ,0.5140,0.2483,-0.8548,0.4795,0.2071,0.2133,-0.1708,-0.2790
22,9,1978     ,-0.0043,0.9480,-0.7351,-0.1677,-0.0714,-0.2352,-0.3053,0.5649
22,9,1979     ,0.1404,0.6008,0.0036,-0.2812,0.3723,-0.5771,-0.7815,0.6365
22,9,1980     ,-0.8132,-0.7007,0.5969,0.2588,0.3944,1.0148,-1.0999,-0.2007
22,9,1981     ,0.1153,-0.6697,-0.0072,-0.6814,-0.7789,0.4115,0.6806,0.5995
22,9,1982     ,0.4585,-0.3913,0.0834,0.5457,-0.1789,-0.4122,-0.2069,0.0840
22,9,1983     ,1.4720,0.1958,-0.1302,-0.1745,-0.0817,-0.3465,-0.3881,0.1135
22,9,1984     ,0.5456,-0.2879,-0.1916,-0.0672,0.0575,0.0973,-0.1204,0.1743
22,9,1985     ,-0.6571,0.0977,-0.1892,0.1874,0.0818,0.0354,-0.1265,-0.0114
22,9,1986     ,-0.8721,0.1286,0.0149,0.1056,-0.0084,-0.0961,0.1449,0.0690
22,9,1987     ,0.2370,0.2734,0.0575,0.0269,0.1355,0.0975,0.0286,-0.2551
22,9,1988     ,-0.1259,0.7405,-0.2029,-0.0684,-0.0205,0.1656,0.0204,-0.1566
22,9,1989     ,0.0728,0.4658,-0.0796,0.0001,0.2891,0.1775,0.1755,-0.0858
22,9,1990     ,-0.5757,0.6936,-0.0842,-0.1685,0.1427,0.2828,-0.1209,-0.0926
22,9,1991     ,-0.0923,0.2614,0.2318,-0.1734,-0.1442,0.1141,0.1015,-0.4772
22,9,1992     ,0.5971,0.0365,0.0909,-0.4151,-0.3551,-0.1747,0.1513,-0.0605
22,9,1993     ,0.3657,-0.1363,-0.1491,-0.2048,-0.3466,-0.3044,-0.1407,-0.0725
22,9,1994     ,0.0656,-0.5794,0.1512,0.0157,0.2696,-0.2118,-0.0594,-0.0542
22,9,1995     ,0.4613,-0.4667,-0.0720,0.0680,-0.0272,0.0181,-0.1384,-0.0467
22,9,1996     ,-0.1769,0.1441,-0.0301,0.2819,-0.1465,0.0719,-0.2385,-0.5580
22,9,1997     ,-1.0823,-1.2898,0.0001,0.2683,0.2932,0.1431,0.1558,-0.1456
22,9,1998     ,-1.2535,0.6095,0.0879,-0.1445,-0.3066,-0.3743,-0.3074,-0.9279
22,9,1999     ,-0.2259,-0.0930,0.3441,0.4050,-0.0960,-0.2606,-0.3063,-0.6807
22,9,2000     ,-0.1168,-0.0523,0.3491,0.0193,0.0816,-0.1405,-0.2577,-0.7060
22,9,2001     ,-0.3895,0.1747,-0.2883,0.4218,0.0131,-0.0194,-0.1525,-0.4812
22,9,2002     ,-0.2389,-0.4186,0.1543,0.0869,0.2933,-0.2253,0.0435,-0.1238
22,9,2003     ,-0.4600,0.2240,-0.2677,0.0167,0.0326,0.2892,-0.1055,-0.1079
22,9,2004     ,0.0049,-0.3383,-0.2038,-0.1185,0.2400,0.2022,0.4204,0.0498
22,9,2005     ,0.4602,0.4748,-0.0993,-0.2529,-0.1306,0.2427,0.2763,0.1847
22,9,2006     ,0.3434,-0.2034,-0.0282,0.0759,0.1541,0.1504,0.3820,0.1461
22,9,2007     ,-0.0342,-0.1637,-0.1845,0.2472,0.4128,0.2480,0.4036,0.2484
22,9,2008     ,0.5991,-0.1385,0.2760,-0.0323,-0.0101,0.2584,0.0797,0.0862
22,9,2009     ,0.6852,0.1571,0.2481,-0.3513,-0.0402,-0.0946,-0.0571,0.2074
22,9,2010     ,0.4793,0.1758,0.2788,-0.0305,-0.2148,-0.1024,-0.1682,-0.0633
22,9,2011     ,0.8778,-0.3166,0.1057,0.0820,-0.0882,-0.0844,-0.0734,0.0294
22,9,2012     ,0.1228,0.0202,-0.0580,0.1268,0.0436,-0.0871,-0.0451,0.1080
22,9,2013     ,-0.6736,-0.0805,-0.2404,-0.1873,-0.0531,0.1776,0.2957,0.3337
# Species,Quarter,Year, Age_0, Age_1, Age_2, Age_3, Age_4, Age_5, Age_6, Age_7, Age_8, Age_9, Age_10
27,9,1974,-99.9,-0.0907,-0.1368,-0.0886,-0.0407,0.1642,-0.0408,0.0035,0.0601,0.0169,0.0638
27,9,1975,-99.9,0.2969,-0.0708,-0.0607,-0.1371,0.0239,0.0954,0.0480,0.0462,-0.0274,0.0626
27,9,1976,-99.9,0.4617,-0.0360,-0.0812,-0.0405,-0.1903,0.0034,0.1732,0.0921,0.0116,0.0700
27,9,1977,-99.9,0.3693,-0.0075,-0.0338,-0.0472,0.2948,-0.0202,0.0671,-0.0914,-0.0294,-0.1319
27,9,1978,-99.9,0.5068,0.0381,-0.0613,-0.0533,0.0157,0.1140,0.3063,0.0159,-0.3056,-0.1588
27,9,1979,-99.9,0.3551,0.1006,-0.0536,-0.1370,-0.0233,0.1342,0.0727,0.0578,-0.0541,-0.1518
27,9,1980,-99.9,0.0376,-0.0361,0.1960,0.0366,-0.0924,0.0464,0.1041,-0.2081,0.0255,-0.1660
27,9,1981,-99.9,-0.4250,0.0768,0.0473,-0.0685,-0.0477,-0.0750,0.1277,0.0318,-0.2995,0.1381
27,9,1982,-99.9,-0.1078,-0.0592,0.2015,0.0082,-0.1300,-0.1413,0.0901,-0.0282,-0.1581,0.0952
27,9,1983,-99.9,-0.1583,0.0476,-0.0299,0.1309,-0.0614,-0.1162,-0.0548,0.0387,-0.0897,0.0794
27,9,1984,-99.9,0.0465,0.0238,0.0456,-0.0197,-0.0832,-0.0726,-0.0452,0.0520,0.1000,-0.0118
27,9,1985,-99.9,0.0600,-0.0675,-0.0936,0.2113,-0.0594,-0.1255,0.0982,-0.0179,-0.0580,0.1492
27,9,1986,-99.9,-0.0043,0.0149,-0.0811,-0.0510,-0.0110,0.2302,-0.0707,-0.0128,0.0045,0.1898
27,9,1987,-99.9,-0.3428,0.1440,0.0045,0.0083,0.1882,-0.0438,0.3317,-0.2574,-0.1650,0.1396
27,9,1988,-99.9,-0.3865,0.0459,0.0048,-0.0942,-0.0417,0.0491,0.0227,0.0978,-0.0489,0.3669
27,9,1989,-99.9,-0.4253,-0.0023,0.0165,0.0069,0.0227,0.0029,0.1112,-0.1184,-0.1732,0.3434
27,9,1990,-99.9,0.0357,-0.0314,0.0616,0.0720,0.2644,0.0998,-0.0220,-0.2301,-0.3231,0.0462
27,9,1991,-99.9,0.1906,-0.0502,-0.0039,-0.0741,0.0383,0.0772,0.1192,-0.0799,-0.1429,-0.0311
27,9,1992,-99.9,0.0126,-0.2270,-0.1357,-0.1200,0.0058,0.0217,-0.0339,-0.0134,0.0572,0.3186
27,9,1993,-99.9,0.2305,-0.2740,-0.1344,-0.1534,0.0789,-0.0480,0.0542,-0.2737,0.0619,0.4088
27,9,1994,-99.9,-0.2128,-0.1693,-0.0924,-0.0647,-0.0977,-0.0399,0.1882,-0.0469,-0.3697,0.3456
27,9,1995,-99.9,-0.0613,-0.2178,0.1762,0.1403,0.0976,0.0813,0.2359,-0.2864,-0.2790,-0.3538
27,9,1996,-99.9,-0.2729,0.1540,-0.0198,0.0330,-0.0798,-0.1596,0.2770,-0.0397,-0.3013,-0.0519
27,9,1997,-99.9,-1.4254,0.5460,0.4652,-0.0750,0.0748,-0.1134,-0.1014,-0.1569,-0.1396,-0.1020
27,9,1998,-99.9,-0.5557,-0.3585,0.6129,0.4157,0.0109,-0.1330,-0.0244,-0.2024,-0.0438,0.0127
27,9,1999,-99.9,-0.1648,-0.4929,-0.1962,0.3994,-0.1383,0.0661,0.0301,-0.0694,0.0459,0.2799
27,9,2000,-99.9,-0.2510,-0.2580,-0.4564,0.2433,-0.2210,0.0667,0.2093,0.1274,0.0016,0.3521
27,9,2001,-99.9,-1.1659,0.0820,0.3548,0.2757,0.3663,-0.4873,-0.0527,-0.1354,-0.0930,0.3667
27,9,2002,-99.9,0.0245,-0.0456,-0.1799,-0.1585,0.1331,0.0819,0.2047,-0.1409,0.2693,0.4554
27,9,2003,-99.9,-0.2117,-0.0482,0.0171,-0.0722,0.1255,0.2500,0.5688,-0.1208,-0.3863,0.1596
27,9,2004,-99.9,0.4296,0.3367,-0.0866,0.1052,-0.0847,0.2883,0.2370,-0.0891,-0.5198,-0.1828
27,9,2005,-99.9,0.0140,0.0023,-0.1592,-0.2937,0.1352,0.3110,0.3250,0.1701,-0.2631,-0.2401
27,9,2006,-99.9,0.9318,0.2469,-0.0207,-0.1478,-0.2334,-0.1038,0.2574,0.1550,0.1472,-0.3034
27,9,2007,-99.9,-0.4266,0.3600,0.1292,-0.3843,-0.0105,0.0802,-0.0465,0.5372,-0.5060,-0.0559
27,9,2008,-99.9,0.4587,0.1276,-0.0723,-0.1037,-0.1697,-0.1432,0.5488,0.2401,-0.4363,-0.2410
27,9,2009,-99.9,0.6720,0.1367,-0.1512,-0.0890,0.0016,0.0138,0.0346,0.3725,-0.3075,-0.4144
27,9,2010,-99.9,0.6268,0.1106,-0.2036,-0.1230,-0.1353,0.0055,0.2082,0.0223,-0.2807,-0.0202
27,9,2011,-99.9,-0.0204,-0.2763,-0.2005,0.0960,0.0698,-0.0338,-0.1118,0.3869,-0.1080,-0.0892
27,9,2012,-99.9,0.4090,0.1852,0.2205,0.1080,0.0958,0.0507,-0.0877,-0.3041,-0.1079,-0.3586
27,9,2013,-99.9,0.5611,0.1762,-0.0006,0.0362,-0.0104,0.1264,-0.0071,-0.2721,-0.1190,-0.0507
# Species,Quarter,Year, Age_0, Age_1, Age_2, Age_3, Age_4, Age_5, Age_6, Age_7, Age_8, Age_9, Age_10
28,9,1974,-99.9,-99.9,-0.1355,0.0627,0.0761,-0.0321,0.0746,0.1189,-0.1200,-0.0107,-0.1468
28,9,1975,-99.9,-99.9,0.3803,-0.0739,0.1052,-0.0428,-0.0031,-0.0647,0.0300,0.0903,-0.0824
28,9,1976,-99.9,-99.9,-0.6343,0.0843,-0.0679,0.1330,-0.1039,0.1222,0.1139,-0.1878,0.0837
28,9,1977,-99.9,-99.9,0.4639,0.0764,0.1606,0.1802,-0.1835,-0.4149,0.1016,-0.1308,0.1828
28,9,1978,-99.9,-99.9,0.1501,-0.0641,-0.2230,-0.1035,-0.0065,0.2770,0.4454,-0.2310,-0.0375
28,9,1979,-99.9,-99.9,0.0667,0.1265,0.0322,-0.0457,-0.1432,-0.1042,0.0288,0.0234,0.0241
28,9,1980,-99.9,-99.9,-0.5978,-0.0605,-0.0503,0.1015,-0.1223,0.2309,0.1550,-0.2965,0.1134
28,9,1981,-99.9,-99.9,0.2582,-0.1553,0.0066,0.0409,0.0648,0.2137,-0.1995,0.0237,-0.0675
28,9,1982,-99.9,-99.9,-0.0287,0.0559,-0.1580,0.1000,0.0464,-0.0667,0.1459,-0.2154,0.0685
28,9,1983,-99.9,-99.9,0.3762,-0.0535,0.0586,-0.2751,-0.0945,-0.0011,-0.0456,0.2428,0.0590
28,9,1984,-99.9,-99.9,0.1109,-0.0018,-0.0506,-0.0241,0.4791,0.1065,-0.2340,-0.2768,-0.0646
28,9,1985,-99.9,-99.9,0.1992,0.0027,0.0412,0.0820,-0.1469,0.0938,-0.1209,-0.1412,0.0624
28,9,1986,-99.9,-99.9,-0.6630,-0.2647,-0.2099,-0.0562,0.1914,0.1413,-0.1056,0.0325,0.4648
28,9,1987,-99.9,-99.9,0.2003,-0.1113,-0.0223,-0.0386,-0.0232,-0.0227,-0.0355,0.3419,0.0943
28,9,1988,-99.9,-99.9,0.1447,0.1420,0.2017,0.1453,0.1075,0.0463,-0.1044,-0.0973,-0.2924
28,9,1989,-99.9,-99.9,-0.4365,0.0724,0.2402,0.0437,-0.0064,0.0490,-0.1778,-0.1197,-0.1153
28,9,1990,-99.9,-99.9,-0.1203,-0.0802,0.0322,-0.0487,0.1486,-0.0249,0.0349,-0.1666,-0.0394
28,9,1991,-99.9,-99.9,-0.8203,-0.0450,-0.1011,0.1880,-0.3449,0.0951,0.0631,-0.0008,0.1184
28,9,1992,-99.9,-99.9,-0.4276,-0.1646,-0.0877,-0.1402,-0.0475,0.2095,-0.1599,0.0698,0.2316
28,9,1993,-99.9,-99.9,-0.1166,-0.1776,-0.1876,0.3423,0.0696,0.0983,-0.2268,-0.1267,0.0670
28,9,1994,-99.9,-99.9,-0.3556,-0.1453,0.0215,-0.0214,0.2282,0.0630,-0.4727,0.1129,0.2281
28,9,1995,-99.9,-99.9,0.5262,-0.0618,0.1344,0.0533,-0.0747,0.0391,0.1407,-0.2150,-0.1238
28,9,1996,-99.9,-99.9,0.0426,-0.0355,0.1528,-0.3101,0.1234,0.0283,-0.3341,-0.0815,0.2468
28,9,1997,-99.9,-99.9,-0.4222,-0.0121,-0.0411,0.0422,0.1150,0.0957,0.2801,-0.4019,0.0242
28,9,1998,-99.9,-99.9,0.2910,-0.0049,0.0578,0.0337,-0.0221,-0.0040,0.3915,0.1761,-0.2221
28,9,1999,-99.9,-99.9,-0.1055,0.1466,0.0199,0.0908,-0.0071,-0.1102,-0.0555,0.3431,-0.0350
28,9,2000,-99.9,-99.9,0.0140,0.0350,0.0428,-0.1917,-0.0237,0.3379,0.0692,-0.2107,0.1924
28,9,2001,-99.9,-99.9,0.3646,-0.0135,0.1768,0.0303,-0.0069,-0.1253,0.0914,-0.0535,-0.0493
28,9,2002,-99.9,-99.9,0.2381,0.1358,-0.0495,0.0944,-0.0301,0.1079,0.2548,-0.3237,-0.2290
28,9,2003,-99.9,-99.9,0.1843,0.1710,-0.1167,-0.0655,0.1741,-0.2075,0.2364,-0.6368,0.3939
28,9,2004,-99.9,-99.9,0.3194,0.0625,0.0314,-0.1476,-0.2239,-0.4855,-0.4789,0.8626,0.3148
28,9,2005,-99.9,-99.9,0.1074,0.1220,-0.0738,-0.1559,-0.0764,0.1076,-0.3342,-0.1484,0.4218
28,9,2006,-99.9,-99.9,0.5406,0.0834,-0.1301,-0.1665,-0.1307,-0.0223,0.1820,-0.0162,0.0663
28,9,2007,-99.9,-99.9,0.4480,0.0492,-0.0171,-0.0077,-0.1219,-0.0914,-0.2259,0.3812,0.0683
28,9,2008,-99.9,-99.9,-0.0695,-0.0535,-0.0368,-0.0378,-0.0184,-0.0168,0.0051,0.0842,0.0890
28,9,2009,-99.9,-99.9,0.2714,-0.2393,-0.1718,-0.1671,-0.0432,0.1300,-0.1347,0.0593,0.4076
28,9,2010,-99.9,-99.9,0.0175,-0.0910,-0.1449,-0.2583,-0.0825,0.0196,-0.0269,0.1372,0.2891
28,9,2011,-99.9,-99.9,-0.2985,0.1402,-0.0341,0.1098,-0.1356,0.1681,-0.0024,-0.3551,0.0099
28,9,2012,-99.9,-99.9,-0.6368,-0.0288,-0.1049,-0.1493,-0.1000,0.0120,0.2276,-0.0032,0.1735
28,9,2013,-99.9,-99.9,0.0466,0.2663,0.0387,-0.2154,-0.2265,0.2948,0.0218,-0.1366,-0.0613