# F status quo
# Cod        
 0.000861 0.040611 0.093072 0.085783 0.095280 0.092933 0.086813 0.086813 0.086813 0.086813
 0.003788 0.064940 0.091587 0.084414 0.088502 0.086321 0.080637 0.080637 0.080637 0.080637
 0.000000 0.018254 0.060367 0.065019 0.059927 0.053076 0.051768 0.048359 0.048359 0.048359 0.048359
 0.000000 0.043051 0.045733 0.041256 0.038024 0.031973 0.031185 0.029132 0.029132 0.029132 0.029132
# Whiting    
 0.004289 0.022001 0.047214 0.063026 0.074301 0.079883 0.089501 0.089501
 0.011489 0.022988 0.030544 0.040773 0.048067 0.051678 0.057900 0.057900
 0.001460 0.009319 0.017956 0.023768 0.031728 0.037404 0.040214 0.045056 0.045056
 0.000180 0.013237 0.024665 0.026887 0.035892 0.042312 0.045491 0.050969 0.050969
# Haddock    
 0.003272 0.029008 0.045766 0.050478 0.047589 0.043723 0.043258 0.043258 0.043258 0.043258
 0.006697 0.030539 0.048181 0.053142 0.050101 0.046030 0.045541 0.045541 0.045541 0.045541
 0.000949 0.010997 0.026913 0.042460 0.046833 0.044152 0.040565 0.040134 0.040134 0.040134 0.040134
 0.001096 0.009513 0.020144 0.031782 0.035054 0.033048 0.030363 0.030041 0.030041 0.030041 0.030041
# Saithe     
 0.000000 0.000000 0.011252 0.100337 0.147213 0.133443 0.140608 0.137053 0.137053 0.137053
 0.000000 0.000000 0.031899 0.076130 0.111697 0.101248 0.106685 0.103988 0.103988 0.103988
 0.000000 0.000000 0.000000 0.045939 0.076656 0.112469 0.101948 0.107422 0.104706 0.104706 0.104706
 0.000000 0.000000 0.000000 0.025808 0.043854 0.064341 0.058323 0.061455 0.059901 0.059901 0.059901
# Herring    
 0.013203 0.025875 0.039456 0.051729 0.063828 0.063828 0.063828
 0.010949 0.021457 0.032719 0.042897 0.052931 0.052931 0.052931
 0.039944 0.023669 0.046386 0.070731 0.092734 0.114424 0.114424 0.114424
 0.011239 0.020127 0.039444 0.060146 0.078855 0.097299 0.097299 0.097299
# N. sandeel 
 0.000000 0.000000 0.000000 0.000000
 0.245379 0.204201 0.171630 0.171630
 0.000000 0.000000 0.000000 0.000000 0.000000
 0.000000 0.000000 0.000000 0.000000 0.000000
# S. sandeel 
 0.000000 0.000000 0.000000 0.000000
 0.220306 0.551844 0.552632 0.552632
 0.000136 0.032835 0.039036 0.039091 0.039091
 0.000000 0.000000 0.000000 0.000000 0.000000
# Nor. pout  
 0.005620 0.012947 0.009666
 0.006783 0.015628 0.013130
 0.000215 0.025398 0.058514 0.011875
 0.003384 0.034376 0.079197 0.079197
# Sprat      
 0.003288 0.006078 0.006078
 0.000609 0.001126 0.001126
 0.000000 0.067971 0.125654 0.125654
 0.000000 0.185298 0.342548 0.342548
# Plaice     
 0.011299 0.054550 0.060192 0.066714 0.065414 0.061881 0.051725 0.051725 0.051725 0.051725
 0.008765 0.048250 0.053240 0.059009 0.057859 0.054735 0.045751 0.045751 0.045751 0.045751
 0.000000 0.010560 0.043947 0.048493 0.053747 0.052699 0.049854 0.041671 0.041671 0.041671 0.041671
 0.000000 0.026399 0.038415 0.042389 0.046981 0.046066 0.043578 0.036426 0.036426 0.036426 0.036426
# Sole       
 0.000000 0.022659 0.060322 0.075012 0.076796 0.070748 0.063060 0.063060 0.063060 0.063060
 0.000000 0.020932 0.055726 0.069297 0.070945 0.065358 0.058255 0.058255 0.058255 0.058255
 0.000000 0.000000 0.019638 0.052279 0.065011 0.066556 0.061315 0.054652 0.054652 0.054652 0.054652
 0.000000 0.000000 0.017983 0.047875 0.059533 0.060949 0.056149 0.050047 0.050047 0.050047 0.050047
