# log(Survey observed CPUE) - log(expected CPUE):
######################################################
# Species: 18
# No. of fleets: 5
# Fleet no.: 1
# First and last year: 1977,1991
# First and last age: 1,6
# Species, Fleet, Year, , ,Age_1 ,Age_2 ,Age_3 ,Age_4 ,Age_5 ,Age_6
      18,1,1977       ,0.1027,0.1259,0.6114,0.4041,-0.4621,-2.1361
18,1,1978       ,-0.3443,0.3561,0.0545,0.5152,-0.0409,0.0340
18,1,1979       ,-0.3542,-0.0148,-0.1545,-0.2498,0.4035,-0.0208
18,1,1980       ,-0.0295,0.1232,-0.0207,-0.1568,-0.2215,-0.5747
18,1,1981       ,-0.6761,0.4964,-0.1438,-0.3660,0.2134,1.4705
18,1,1982       ,-0.3376,-0.1011,0.5394,0.0719,0.6251,0.6614
18,1,1983       ,-0.4400,0.6373,0.5024,0.5464,0.4849,1.1113
18,1,1984       ,0.3165,0.2590,0.2818,0.4719,-0.1390,0.1437
18,1,1985       ,-1.1005,0.5545,0.1758,0.1597,0.7443,0.8217
18,1,1986       ,-0.2989,-0.4927,0.2919,-0.0150,-0.4387,-1.1661
18,1,1987       ,-0.4132,0.4412,-0.4341,0.2082,0.3318,-2.3758
18,1,1988       ,-0.7004,0.2241,0.2394,-2.3705,0.8867,-0.0072
18,1,1989       ,-0.1404,0.0941,0.5012,0.1984,0.1879,-0.0771
18,1,1990       ,-0.7133,0.3186,0.1865,-0.5346,-0.3773,-1.1283
18,1,1991       ,-0.6593,-0.1727,-0.1223,-0.2908,-0.8574,-0.2000
# Fleet no.: 2
# First and last year: 1983,2014
# First and last age: 1,5
# Species, Fleet, Year, , ,Age_1 ,Age_2 ,Age_3 ,Age_4 ,Age_5
      18,2,1983       ,-1.0629,-0.1815,-0.3955,-0.5037,-0.1244
18,2,1984       ,-0.3040,-0.1608,-0.5875,-0.3323,-0.1713
18,2,1985       ,-2.1202,-0.1001,-0.1437,0.4117,0.4872
18,2,1986       ,-0.2915,-0.5271,-0.2092,0.5258,0.4336
18,2,1987       ,-0.2306,0.3820,-0.3749,-0.2704,0.1899
18,2,1988       ,-0.3583,-0.3408,-0.2162,-0.0831,-0.0498
18,2,1989       ,0.1514,-0.1601,0.2376,-0.0339,0.4705
18,2,1990       ,-0.3854,0.1979,-0.3979,-0.1887,0.0556
18,2,1991       ,-0.9555,-0.1870,-0.0519,0.1537,0.2450
18,2,1992       ,0.4476,-0.3914,-0.6323,-0.3666,-0.0136
18,2,1993       ,0.9352,0.5480,-0.2393,0.0452,0.2678
18,2,1994       ,0.3636,-0.4362,-0.7749,-0.0493,0.6592
18,2,1995       ,0.5914,0.7412,-0.1165,-0.3540,0.0376
18,2,1996       ,-0.2925,0.0698,-0.0315,-0.2518,0.1561
18,2,1997       ,1.2091,0.1488,-0.4690,-0.4149,0.4163
18,2,1998       ,0.0037,0.5883,-0.3542,-0.0974,0.0342
18,2,1999       ,-0.3080,-0.4883,0.1874,0.0113,0.3342
18,2,2000       ,0.0673,0.0325,-0.4474,0.2404,0.6623
18,2,2001       ,0.2642,-0.0265,-0.2903,-0.1565,-0.1286
18,2,2002       ,1.2693,0.1291,-0.0655,0.0540,0.3957
18,2,2003       ,-0.9998,-0.0955,-0.4229,0.0021,0.8460
18,2,2004       ,1.3494,0.2079,-0.1931,-0.0519,0.3449
18,2,2005       ,0.2622,-0.1391,-0.1650,0.2330,0.4081
18,2,2006       ,0.6147,-0.3731,-0.1192,-0.0101,0.0035
18,2,2007       ,0.3682,0.2063,0.0621,-0.1718,0.9989
18,2,2008       ,0.2795,-0.3309,-0.1537,0.3930,0.7089
18,2,2009       ,-0.2333,0.0649,-0.3109,-0.2123,0.5839
18,2,2010       ,0.4970,0.2012,0.0387,0.0790,0.0714
18,2,2011       ,-0.7521,0.2481,-0.2004,0.0234,0.4683
18,2,2012       ,0.1483,0.0290,0.2233,0.1501,0.2639
18,2,2013       ,-0.4702,0.0906,-0.1796,-0.2349,0.3043
18,2,2014       ,-0.0577,0.0530,-0.3585,-0.3773,-0.3697
# Fleet no.: 3
# First and last year: 1981,1996
# First and last age: 0,0
# Species, Fleet, Year, , ,Age_0
      18,3,1981       ,-0.8456
18,3,1982       ,-0.8248
18,3,1983       ,0.2828
18,3,1984       ,-1.9353
18,3,1985       ,0.2612
18,3,1986       ,-0.5666
18,3,1987       ,-0.7327
18,3,1988       ,0.4822
18,3,1989       ,-0.8020
18,3,1990       ,0.1631
18,3,1991       ,0.7215
18,3,1992       ,0.6229
18,3,1993       ,1.2836
18,3,1994       ,0.6148
18,3,1995       ,0.2754
18,3,1996       ,0.9995
# Fleet no.: 4
# First and last year: 1975,1991
# First and last age: 0,0
# Species, Fleet, Year, , ,Age_0
      18,4,1975       ,-0.6027
18,4,1976       ,0.4657
18,4,1977       ,-0.5443
18,4,1978       ,0.0574
18,4,1979       ,0.6970
18,4,1980       ,-0.6626
18,4,1981       ,-0.5271
18,4,1982       ,-0.6000
18,4,1983       ,0.3717
18,4,1984       ,-0.9150
18,4,1985       ,0.8648
18,4,1986       ,-0.2183
18,4,1987       ,-0.0507
18,4,1988       ,0.8029
18,4,1989       ,-0.1981
18,4,1990       ,-0.1175
18,4,1991       ,1.1767
# Fleet no.: 5
# First and last year: 1992,2000
# First and last age: 0,0
# Species, Fleet, Year, , ,Age_0
      18,5,1992       ,-0.1971
18,5,1993       ,0.8725
18,5,1994       ,0.0787
18,5,1995       ,-0.0074
18,5,1996       ,0.9138
18,5,1997       ,-1.0694
18,5,1998       ,-0.4670
18,5,1999       ,-0.0185
18,5,2000       ,-0.1057
######################################################
# Species: 19
# No. of fleets: 3
# Fleet no.: 1
# First and last year: 1978,1988
# First and last age: 1,5
# Species, Fleet, Year, , ,Age_1 ,Age_2 ,Age_3 ,Age_4 ,Age_5
      19,1,1978       ,-0.1406,-0.3060,-0.6143,-0.9166,-0.3441
19,1,1979       ,-0.1962,-0.6894,-0.1229,-0.4717,-1.1563
19,1,1980       ,0.1332,-0.1959,-0.2951,-0.4982,-0.5604
19,1,1981       ,-0.3606,-0.2064,0.2239,-0.1402,-0.2322
19,1,1982       ,-0.5900,0.1467,0.2371,0.1534,-0.4255
19,1,1983       ,-0.6161,-0.4529,0.4575,0.0664,0.5242
19,1,1984       ,0.3224,0.0229,0.2407,0.2718,0.1792
19,1,1985       ,0.3220,0.1231,0.0590,-0.1353,0.1547
19,1,1986       ,0.1199,0.3413,0.4936,0.4510,0.0536
19,1,1987       ,0.5449,0.3631,0.2708,0.3027,-0.0136
19,1,1988       ,0.4613,0.8533,0.7866,0.5360,0.4641
# Fleet no.: 2
# First and last year: 1989,2014
# First and last age: 1,5
# Species, Fleet, Year, , ,Age_1 ,Age_2 ,Age_3 ,Age_4 ,Age_5
      19,2,1989       ,0.1527,0.1670,0.2616,0.0804,-0.0038
19,2,1990       ,-0.1420,-0.2895,0.1097,-0.0252,-0.4207
19,2,1991       ,0.5076,0.4096,0.0361,0.2152,0.3519
19,2,1992       ,0.6247,0.3027,0.2861,-0.0741,-0.3121
19,2,1993       ,0.5890,0.1382,0.1553,-0.0570,0.0852
19,2,1994       ,0.2752,0.1581,0.0434,-0.0702,-0.5369
19,2,1995       ,0.3245,-0.1356,0.1586,-0.0382,-0.5992
19,2,1996       ,0.2588,0.0480,0.1502,-0.1207,0.1338
19,2,1997       ,0.2552,0.0949,-0.1331,-0.2706,-0.3727
19,2,1998       ,0.4142,-0.3215,-0.0846,-0.3627,-0.6601
19,2,1999       ,0.1965,0.0102,-0.0424,-0.0404,-0.1895
19,2,2000       ,0.3500,-0.0222,0.2325,-0.1997,-0.4451
19,2,2001       ,0.2562,0.0576,0.3935,0.7040,0.7119
19,2,2002       ,0.0832,-0.3420,-0.0136,-0.3823,0.0163
19,2,2003       ,-0.4291,-0.3708,0.0228,0.0529,0.1565
19,2,2004       ,-0.1875,-0.3872,-0.1716,-0.0732,-0.1545
19,2,2005       ,-0.7861,-0.3114,-0.2852,-0.4574,-0.1950
19,2,2006       ,-0.1376,-0.3957,-0.2704,-0.4032,-0.4103
19,2,2007       ,-1.1128,-0.1973,-0.1653,-0.3468,-0.3548
19,2,2008       ,-0.2312,0.2081,-0.1213,-0.4129,-0.2994
19,2,2009       ,-0.2370,-0.0295,0.3764,-0.1207,-0.0836
19,2,2010       ,0.2719,-0.2331,0.6437,1.1918,0.7908
19,2,2011       ,-0.6265,0.1212,0.2139,0.4176,0.4186
19,2,2012       ,0.1023,0.4802,-0.1149,-0.2321,0.1274
19,2,2013       ,-0.7034,-0.0579,0.5131,0.3827,-0.0141
19,2,2014       ,-0.0688,0.8981,0.4648,0.1098,0.1335
# Fleet no.: 3
# First and last year: 1991,2013
# First and last age: 0,5
# Species, Fleet, Year, , ,Age_0 ,Age_1 ,Age_2 ,Age_3 ,Age_4 ,Age_5
      19,3,1991       ,-0.1408,0.0741,-0.2312,-0.8259,-0.3239,-0.5079
19,3,1992       ,0.4727,0.0634,0.2713,-0.0293,-0.0577,0.5264
19,3,1993       ,0.1506,-0.0830,-0.1012,-0.2063,-0.4817,-0.0687
19,3,1994       ,-0.1503,0.0663,-0.0297,0.1110,-0.2552,-0.3106
19,3,1995       ,0.0903,0.0428,0.2220,0.2307,-0.0586,-0.2350
19,3,1996       ,0.0192,0.3158,0.3081,0.4054,0.1396,-0.0336
19,3,1997       ,1.0814,0.1759,0.2162,0.2897,-0.1485,0.0504
19,3,1998       ,0.9164,-0.1741,0.3441,-0.1638,-0.0720,-0.0990
19,3,1999       ,0.7680,0.7576,0.3607,0.2962,0.0879,-0.1464
19,3,2000       ,0.6823,0.3193,0.4120,0.2089,-0.0352,-0.0806
19,3,2001       ,1.0872,0.0781,0.0102,0.0040,-0.1075,-0.2083
19,3,2002       ,-0.8125,0.2869,-0.0061,-0.0225,-0.2320,-0.5481
19,3,2003       ,-0.6383,0.3162,0.3566,0.2005,0.1107,-0.1411
19,3,2004       ,0.0949,-0.2469,-0.0764,-0.3894,-0.0819,0.0503
19,3,2005       ,-1.2216,-0.4111,0.2545,0.2060,0.0919,0.3369
19,3,2006       ,-0.9319,-0.3056,0.0221,0.1867,0.1255,0.3130
19,3,2007       ,-0.0732,-0.8078,-0.2293,0.0794,0.0707,0.6275
19,3,2008       ,0.2150,-0.0671,-0.0161,-0.0463,-0.0163,-0.0237
19,3,2009       ,0.2499,0.5262,1.0425,0.3183,-0.1042,0.3541
19,3,2010       ,-0.4017,-0.4759,0.0948,-0.0917,-0.0176,0.0481
19,3,2011       ,-1.0685,-0.0140,0.0275,-0.2874,-0.5965,0.0983
19,3,2012       ,-0.1008,0.1474,0.2040,-0.0952,-0.3693,-0.2620
19,3,2013       ,-0.2884,-0.5842,-0.2045,-0.0232,-0.4322,-0.5836
######################################################
# Species: 20
# No. of fleets: 2
# Fleet no.: 1
# First and last year: 1974,2014
# First and last age: 1,5
# Species, Fleet, Year, , ,Age_1 ,Age_2 ,Age_3 ,Age_4 ,Age_5
      20,1,1974       ,-0.1404,-0.5608,-0.6699,-0.9951,-0.6195
20,1,1975       ,-0.8234,-0.6538,-1.0847,-0.9224,-0.9095
20,1,1976       ,-0.8040,-1.1513,0.1365,0.0980,-0.2496
20,1,1977       ,-0.7183,-0.6510,-1.1753,-0.8357,-1.0204
20,1,1978       ,-0.5166,-0.3176,-0.1247,-0.4214,-0.0758
20,1,1979       ,-0.6564,-0.1812,0.3269,-0.0845,-0.4430
20,1,1980       ,-0.6889,-0.3334,0.2409,0.1237,0.1393
20,1,1981       ,-0.7254,-0.6102,0.0247,0.3635,0.3669
20,1,1982       ,-0.5504,0.0806,0.0875,0.1164,0.1392
20,1,1983       ,-0.3988,-0.0366,0.1926,-0.1323,-0.4613
20,1,1984       ,0.0526,-0.0563,-0.0452,-0.0179,-0.7567
20,1,1985       ,-0.2809,0.0426,0.3675,-0.1162,-0.5562
20,1,1986       ,0.5304,0.3463,0.1393,-0.2006,-0.5077
20,1,1987       ,0.1628,0.2559,-0.2513,-0.2564,-0.3303
20,1,1988       ,0.0788,0.1003,0.1746,-0.1627,-0.3356
20,1,1989       ,0.7866,0.5175,0.4220,-0.2724,-0.5998
20,1,1990       ,0.4785,0.7258,0.5648,0.0547,-0.6312
20,1,1991       ,0.6853,0.2608,0.0968,-0.2082,-0.3822
20,1,1992       ,1.0198,0.2102,-0.6757,-0.7190,-0.7255
20,1,1993       ,0.6495,0.4911,0.4560,-0.1186,-0.5368
20,1,1994       ,-0.0073,-0.0070,-0.1277,-0.1357,-0.5146
20,1,1995       ,0.2406,0.1213,0.0324,-0.2854,-0.3157
20,1,1996       ,-0.1377,0.0142,-0.0222,-0.1321,-0.2254
20,1,1997       ,0.8872,0.5711,0.5108,0.2348,0.0528
20,1,1998       ,0.4207,0.3980,0.2695,0.1727,0.2726
20,1,1999       ,0.4737,0.3629,0.1954,0.6647,0.2737
20,1,2000       ,0.6684,-0.0410,-0.0729,-0.0368,0.7380
20,1,2001       ,0.8061,0.3297,0.4156,0.0587,0.3379
20,1,2002       ,0.0502,0.3871,0.6839,-0.1177,0.7377
20,1,2003       ,0.0194,-0.1015,0.5161,0.6861,0.2049
20,1,2004       ,-0.4236,0.2745,0.4585,0.8678,0.8782
20,1,2005       ,-0.1371,0.0983,0.1276,-0.0796,0.5096
20,1,2006       ,0.3663,0.0123,0.0796,-0.4561,-0.0721
20,1,2007       ,-0.4510,0.5798,0.6160,0.4982,-0.4058
20,1,2008       ,-0.5862,-0.1377,-0.0163,0.5515,-0.9234
20,1,2009       ,0.1266,0.5305,0.5869,0.0069,-0.6287
20,1,2010       ,0.4267,0.0933,0.4504,0.4970,0.1983
20,1,2011       ,-0.0998,0.4592,1.0447,0.3604,0.9839
20,1,2012       ,-0.6424,0.3802,0.4193,0.0550,0.0846
20,1,2013       ,-0.1413,0.0867,0.3981,-0.4825,-0.5713
# Fleet no.: 2
# First and last year: 1991,2013
# First and last age: 0,5
# Species, Fleet, Year, , ,Age_0 ,Age_1 ,Age_2 ,Age_3 ,Age_4 ,Age_5
      20,2,1991       ,-0.0422,-0.3224,-0.8016,-1.2755,-1.5009,-1.2743
20,2,1992       ,0.9334,0.3911,0.2816,-0.4157,-0.6129,-0.5292
20,2,1993       ,0.3980,-0.0929,-0.1667,-0.1538,-0.6103,-0.8223
20,2,1994       ,0.1160,-0.1131,0.0391,-0.4604,-0.3389,-1.1728
20,2,1995       ,-0.0853,-0.0289,0.0844,0.1466,-0.6504,-0.1542
20,2,1996       ,0.1587,-0.0398,0.0423,-0.0191,-0.1412,-0.5320
20,2,1997       ,-0.7396,-0.0607,0.1041,0.0255,-0.4154,-0.3621
20,2,1998       ,0.2431,0.1406,0.0684,0.3085,-0.0564,-0.0815
20,2,1999       ,1.1259,0.3400,0.2351,0.0612,0.2703,-0.1764
20,2,2000       ,0.5683,0.2181,-0.0814,0.0688,0.0960,0.6540
20,2,2001       ,-1.0575,-0.1298,0.1993,0.6732,0.2529,0.3479
20,2,2002       ,-0.3555,-0.1076,0.1855,0.4633,0.5541,0.3105
20,2,2003       ,-0.4235,-0.0453,0.1100,0.7705,0.7639,0.0067
20,2,2004       ,0.1894,-0.1685,0.1204,-0.3618,0.5600,0.7070
20,2,2005       ,0.1512,0.0313,0.3481,-0.1071,0.2912,0.4052
20,2,2006       ,-0.3427,-0.2488,0.0034,-0.1596,-0.6627,0.1864
20,2,2007       ,-0.3340,-0.0342,0.2167,-0.0778,0.0253,-0.8792
20,2,2008       ,0.3707,-0.1433,0.2341,0.0818,-0.0682,-0.1500
20,2,2009       ,0.5850,0.0316,0.4351,0.0129,-0.1936,-0.6946
20,2,2010       ,-0.7622,-0.0075,0.3445,0.1733,0.0573,-0.1245
20,2,2011       ,-0.3023,0.3135,0.1075,0.1385,-0.3123,-0.2851
20,2,2012       ,-0.3998,0.1388,0.3851,-0.2930,-0.6529,-0.7731
20,2,2013       ,0.0050,-0.0623,-0.5155,-1.1263,0.1155,-2.4980
######################################################
# Species: 21
# No. of fleets: 6
# Fleet no.: 1
# First and last year: 1990,2013
# First and last age: 3,9
# Species, Fleet, Year, , ,Age_3 ,Age_4 ,Age_5 ,Age_6 ,Age_7 ,Age_8 ,Age_9
      21,1,1990       ,0.5717,0.1987,-0.0507,0.2486,0.4874,-0.5900,-0.5646
21,1,1991       ,-0.3354,0.4349,0.0641,0.8007,0.4837,0.0619,-0.5698
21,1,1992       ,-0.2294,0.0977,0.2119,0.2702,-0.5161,-1.0445,-1.0283
21,1,1993       ,0.6915,-0.0336,-0.0167,-0.0075,-1.6228,-1.2429,-0.8817
21,1,1994       ,0.0888,0.1408,0.0910,0.8949,-0.1716,-1.2375,-1.5835
21,1,1995       ,-0.2961,-0.3740,-0.5587,0.1961,-0.0738,0.2069,0.5302
21,1,1996       ,-0.8619,-0.4995,-0.2546,0.7660,0.2431,-0.3222,0.5347
21,1,1997       ,-0.7505,-0.3695,-0.0220,0.0713,-0.1260,-0.6557,0.0596
21,1,1998       ,-0.3122,-0.4901,0.0332,0.8690,-0.6324,-0.8245,-0.5326
21,1,1999       ,-1.0081,-0.4473,0.0236,0.6149,0.1819,-0.7735,-0.7224
21,1,2000       ,-0.0981,-0.1613,0.4095,1.5016,0.7615,0.6051,0.7076
21,1,2001       ,-0.7971,0.0410,0.7332,1.0093,0.2719,-0.4794,-0.3317
21,1,2002       ,0.3504,0.4517,-0.1520,1.1907,0.6234,0.3652,0.0365
21,1,2003       ,0.0247,-0.1533,-0.1914,0.0785,0.5421,0.5455,0.7649
21,1,2004       ,-0.2634,-0.2887,-0.1856,0.5974,0.3114,-0.3793,0.4250
21,1,2005       ,-0.4069,0.0904,0.2394,1.1070,0.8373,-0.3606,-0.1962
21,1,2006       ,1.4593,0.4295,-0.3055,-0.2560,0.2771,-0.8877,-0.5946
21,1,2007       ,1.5199,0.0271,0.3535,0.1283,-0.4304,-3.6926,-99.9
21,1,2008       ,0.4386,0.0861,-0.8518,1.0447,0.4635,-0.7806,-0.5948
21,1,2009       ,-0.1912,0.2139,0.2770,1.6358,-0.3288,0.5685,-0.0330
21,1,2010       ,-0.2603,-0.0260,0.1692,0.4038,-0.4666,0.1231,0.2088
21,1,2011       ,1.0852,0.0173,-0.0502,0.5176,-0.3583,0.1234,-0.2136
21,1,2012       ,-0.6647,0.2845,0.3483,1.7557,0.2594,-1.6436,1.4648
21,1,2013       ,0.2452,0.3297,-0.3149,0.0645,-0.0356,-0.3716,-0.6836
# Fleet no.: 2
# First and last year: 1980,1992
# First and last age: 3,9
# Species, Fleet, Year, , ,Age_3 ,Age_4 ,Age_5 ,Age_6 ,Age_7 ,Age_8 ,Age_9
      21,2,1980       ,-1.5328,-0.6773,-0.5299,0.5912,0.4955,0.5850,-0.0100
21,2,1981       ,-3.6063,-1.1811,-0.3733,-0.1624,0.4190,0.5398,-0.0527
21,2,1982       ,0.3494,0.0536,0.1592,0.6391,-0.4168,-0.5527,-3.0121
21,2,1983       ,0.0980,-0.5028,0.5162,1.0581,1.5387,0.6746,0.5902
21,2,1984       ,1.4602,-0.0861,-0.5619,0.7559,0.2199,0.4901,-0.2501
21,2,1985       ,1.1833,0.5532,0.0759,-0.0356,-0.4978,-1.4573,-1.4418
21,2,1986       ,-0.6283,0.8950,-0.1800,-0.3681,-0.4583,-1.2360,-1.3844
21,2,1987       ,-0.0851,0.7889,-0.0673,-0.7016,-0.0938,0.3438,0.6768
21,2,1988       ,0.6949,-0.3780,0.0777,-1.0418,-0.0014,0.0178,1.1669
21,2,1989       ,-0.3280,-0.2000,-0.3290,0.2333,0.5915,0.7830,0.6520
21,2,1990       ,0.3223,-0.1974,0.3537,0.9628,0.3101,0.2667,-0.5395
21,2,1991       ,1.8041,0.4746,-0.0094,-0.0766,-0.2850,-1.4192,-0.2318
21,2,1992       ,0.2685,0.4574,0.8679,0.8838,0.3686,0.0362,-0.1639
# Fleet no.: 3
# First and last year: 1993,2013
# First and last age: 3,9
# Species, Fleet, Year, , ,Age_3 ,Age_4 ,Age_5 ,Age_6 ,Age_7 ,Age_8 ,Age_9
      21,3,1993       ,1.5023,0.2351,0.1951,0.0837,0.3327,0.3060,0.6323
21,3,1994       ,0.8754,1.1553,0.3697,-0.6977,-0.6573,-0.9820,0.3825
21,3,1995       ,-0.0317,0.8297,0.3158,-0.8926,0.6825,0.2402,0.8599
21,3,1996       ,0.4105,0.0879,0.1690,-0.1013,0.0986,-0.7926,-1.9193
21,3,1997       ,-0.0578,-0.0997,-0.0160,-0.5420,-0.3859,-0.3843,-0.9074
21,3,1998       ,0.3789,0.3849,0.4134,0.0213,0.1071,0.0425,0.4317
21,3,1999       ,-0.7035,0.1926,0.4833,-0.0305,0.3953,1.1174,0.5223
21,3,2000       ,-1.0784,-0.6582,0.4137,0.5967,0.1874,0.3257,0.4717
21,3,2001       ,0.5474,0.3985,0.3558,-0.6343,-0.4712,-0.3736,-0.6283
21,3,2002       ,0.0537,-0.0391,-0.4446,-0.5352,-0.4920,-0.0949,0.4435
21,3,2003       ,-0.5373,-0.7212,-0.1735,-0.2807,0.1834,-0.1397,-0.0209
21,3,2004       ,-0.9622,-0.8296,-0.3953,-0.2447,0.0748,0.4964,0.4971
21,3,2005       ,-1.0340,-0.5358,-0.2236,0.1268,0.2912,0.2939,0.3669
21,3,2006       ,-0.2121,-0.6810,-0.1275,-0.0552,0.6173,0.4575,0.2584
21,3,2007       ,0.1109,-0.5229,-0.3934,0.0492,0.0930,0.4737,-0.3402
21,3,2008       ,0.6104,0.7534,0.2188,0.0879,-0.0977,-0.0572,-0.1143
21,3,2009       ,0.0788,0.0654,0.3975,-0.5560,0.3742,0.3665,0.1260
21,3,2010       ,-1.3093,-0.4697,0.0441,0.2920,0.9082,0.4575,1.0681
21,3,2011       ,0.5926,0.4073,-0.5298,0.0580,-0.5692,0.4931,0.7957
21,3,2012       ,0.8184,-0.9787,0.0747,-0.5119,-0.4317,-0.4206,-1.2772
21,3,2013       ,-0.0531,1.0259,-1.1473,-0.2628,-0.0520,-0.2712,-0.3623
# Fleet no.: 4
# First and last year: 1995,2013
# First and last age: 3,9
# Species, Fleet, Year, , ,Age_3 ,Age_4 ,Age_5 ,Age_6 ,Age_7 ,Age_8 ,Age_9
      21,4,1995       ,-0.3918,0.3063,-0.1983,0.2066,-0.2527,-0.5223,-0.2349
21,4,1996       ,-0.3099,-0.2506,-0.0409,-0.0097,0.3737,0.7312,0.7900
21,4,1997       ,-0.2830,0.0788,-0.0587,-0.5991,-0.5617,-0.3124,-0.4821
21,4,1998       ,0.2637,-0.0967,-0.3084,0.0750,-0.0921,-0.3317,-0.1848
21,4,1999       ,-1.0753,-0.1253,-0.0349,0.2118,0.2917,-0.4388,-0.5776
21,4,2000       ,0.3409,0.3019,0.1839,0.5988,-0.0392,0.2730,-0.0328
21,4,2001       ,0.1385,0.1973,0.5097,0.2029,0.4453,0.6701,0.2077
21,4,2002       ,-0.1409,0.2867,0.0551,0.3410,-0.6762,-0.4415,-0.1696
21,4,2003       ,-0.1339,-0.6034,-0.0564,-0.3195,-0.1738,-0.6856,-0.5878
21,4,2004       ,-0.2434,0.1958,-0.1647,-0.1649,-0.4607,-0.0351,-0.2514
21,4,2005       ,-0.4237,-0.8124,0.1571,0.4529,0.2244,0.2742,-0.0101
21,4,2006       ,0.5921,-0.1881,-0.3720,0.0568,0.2936,0.0718,0.5945
21,4,2007       ,0.8709,-0.0628,0.2801,0.0502,-0.0326,0.2156,-0.2086
21,4,2008       ,0.4958,0.9185,-0.1728,0.4179,0.0412,-0.1081,0.1199
21,4,2009       ,0.1010,-0.3833,-0.1231,-0.3362,-0.0470,0.3141,0.4880
21,4,2010       ,0.4951,0.2137,-0.2172,-0.2812,-0.7344,-0.3594,0.3999
21,4,2011       ,0.8546,0.1269,0.2497,-0.0013,-0.0389,-0.1123,0.0910
21,4,2012       ,-0.9994,-0.1088,0.5626,0.1637,-0.0056,-0.0519,-0.1201
21,4,2013       ,-0.1512,0.0055,-0.2509,0.6707,0.4398,0.3516,-0.0651
# Fleet no.: 5
# First and last year: 1995,2013
# First and last age: 3,6
# Species, Fleet, Year, , ,Age_3 ,Age_4 ,Age_5 ,Age_6
      21,5,1995       ,-0.0396,-1.1482,-1.9151,-2.7686
21,5,1996       ,-0.2185,-0.2995,-0.0612,0.2782
21,5,1997       ,-0.4986,-0.2341,0.1926,-0.0799
21,5,1998       ,-0.1013,0.5053,0.2149,0.0298
21,5,1999       ,-0.6664,0.5391,0.6505,-0.1829
21,5,2000       ,0.3824,1.1602,0.7761,0.6381
21,5,2001       ,0.3047,0.3803,0.1411,0.0260
21,5,2002       ,0.6406,1.3731,0.5151,-0.5874
21,5,2003       ,0.8378,1.1463,0.6272,-0.1877
21,5,2004       ,0.3790,0.5941,0.4728,-0.6773
21,5,2005       ,0.1286,0.6342,0.6831,-0.1124
21,5,2006       ,0.2786,0.5255,0.0493,0.0125
21,5,2007       ,1.2014,0.0102,0.4760,-0.9651
21,5,2008       ,-0.8653,-0.0100,-0.4888,-0.1101
21,5,2009  ,-99.9,-99.9,-99.9,-99.9
21,5,2010       ,0.1717,1.1842,1.2058,0.2833
21,5,2011       ,0.3350,1.0835,0.1651,0.5865
21,5,2012       ,-1.8486,-2.0030,-1.5281,-2.0207
21,5,2013       ,-0.4217,-0.2920,-0.6029,-0.8849
# Fleet no.: 6
# First and last year: 1991,2013
# First and last age: 3,5
# Species, Fleet, Year, , ,Age_3 ,Age_4 ,Age_5
      21,6,1991       ,-0.8781,-1.5374,-2.4102
21,6,1992       ,-1.4625,-0.1774,-0.4928
21,6,1993       ,0.3247,-0.1328,-0.1732
21,6,1994       ,-1.4026,-0.9569,-0.4612
21,6,1995       ,0.1933,-0.2107,-0.0847
21,6,1996       ,-0.3176,-0.2335,-0.1872
21,6,1997       ,-0.6660,-0.2289,0.5660
21,6,1998       ,-1.0284,-0.3725,-0.5097
21,6,1999       ,-1.1339,-0.2849,0.0825
21,6,2000       ,-0.2868,0.5084,-0.2200
21,6,2001       ,0.7264,0.4269,0.2406
21,6,2002       ,0.2291,0.7994,-0.4827
21,6,2003       ,1.2068,1.2166,1.0729
21,6,2004       ,0.0799,0.3253,-0.2514
21,6,2005       ,0.0596,0.5426,0.5444
21,6,2006       ,1.3297,1.4384,0.2765
21,6,2007       ,1.9986,0.8212,1.0416
21,6,2008       ,0.0329,0.3888,-0.3881
21,6,2009       ,-0.7418,-0.4326,-1.2555
21,6,2010       ,-1.4432,-0.8351,-1.0348
21,6,2011       ,0.5660,0.6423,-0.0032
21,6,2012       ,1.0123,0.1936,0.1812
21,6,2013       ,1.6015,1.5871,0.4611
######################################################
# Species: 22
# No. of fleets: 3
# Fleet no.: 1
# First and last year: 1989,2013
# First and last age: 1,7
# Species, Fleet, Year, , ,Age_1 ,Age_2 ,Age_3 ,Age_4 ,Age_5 ,Age_6 ,Age_7
      22,1,1989  ,-99.9,-0.2971,-0.2090,-0.1654,-0.1624,-0.1795,-0.5206
22,1,1990  ,-99.9,-0.0324,-0.0095,0.2678,0.2671,0.1952,0.0529
22,1,1991  ,-99.9,-0.0877,-0.2923,-0.0125,0.2483,0.0787,-0.0682
22,1,1992  ,-99.9,0.2708,-0.2744,-0.0993,0.0478,0.4394,0.0856
22,1,1993  ,-99.9,0.1109,0.0009,0.0396,0.2232,0.3947,0.2244
22,1,1994  ,-99.9,-0.1350,-0.4221,-0.4772,0.1442,0.2998,0.3148
22,1,1995  ,-99.9,0.0417,0.0039,0.1341,0.0345,0.2621,-0.0029
22,1,1996  ,-99.9,0.3884,0.3340,0.1714,0.2099,-0.2879,0.5586
22,1,1997       ,-0.0697,0.4550,0.3455,0.2187,0.1341,0.3653,0.2022
22,1,1998       ,-0.1775,-0.0486,-0.0800,0.2484,0.3135,0.2788,0.3127
22,1,1999       ,0.0309,-0.0418,0.1265,-0.2671,-0.2554,-0.0957,-0.0313
22,1,2000       ,0.4761,0.0141,-0.1126,0.2351,0.1671,0.2808,0.2872
22,1,2001       ,-0.2951,0.1845,0.2890,-0.0350,0.1360,-0.0483,-0.2395
22,1,2002       ,-0.1707,-0.1304,0.0507,-0.0253,-0.1579,0.1557,-0.0620
22,1,2003       ,-0.0371,0.1469,-0.2915,-0.1454,-0.2941,-0.1652,-0.0144
22,1,2004       ,-0.0855,-0.4615,-0.2510,-0.1499,-0.1314,-0.5155,-0.0650
22,1,2005       ,-0.7743,-0.3972,-0.0316,-0.1779,-0.1699,-0.3411,-0.7853
22,1,2006       ,0.4060,0.0526,-0.0028,0.0033,0.1166,-0.1851,-0.5972
22,1,2007       ,0.1449,0.0310,-0.3367,-0.2545,-0.4096,-0.4461,-0.9179
22,1,2008       ,-0.5554,-0.1049,-0.1113,-0.0358,0.1957,0.0537,0.1634
22,1,2009       ,-0.2199,0.3228,0.0591,-0.1400,0.1400,0.5347,0.4163
22,1,2010       ,0.6258,0.0612,0.2082,0.3826,0.4285,0.7408,0.9262
22,1,2011       ,0.3373,-0.2832,-0.2695,-0.0932,-0.1277,0.1657,0.5638
22,1,2012       ,0.3287,0.0475,-0.0730,-0.2287,-0.2516,-0.2239,-0.3026
22,1,2013       ,0.0355,-0.1077,-0.1061,0.0780,0.1698,-0.0543,0.0932
# Fleet no.: 2
# First and last year: 1984,2014
# First and last age: 1,5
# Species, Fleet, Year, , ,Age_1 ,Age_2 ,Age_3 ,Age_4 ,Age_5
      22,2,1984       ,-0.3549,-1.1049,-0.3986,-0.2199,-0.2633
22,2,1985       ,-0.0393,0.4488,0.5909,-0.1621,0.4478
22,2,1986       ,-0.2861,0.6674,0.7673,0.0857,0.2148
22,2,1987       ,-0.1788,0.3350,0.0115,-0.1087,0.2819
22,2,1988       ,0.3113,1.5630,1.3653,-0.0541,-0.3212
22,2,1989       ,0.2665,0.4051,0.2816,-0.1351,-1.2830
22,2,1990       ,-0.3595,0.2437,0.3936,0.6628,0.2500
22,2,1991       ,-0.0991,0.8209,0.7602,0.7434,0.6457
22,2,1992       ,-0.1272,0.3683,0.6959,-0.2047,0.4746
22,2,1993       ,0.2204,1.0224,0.9411,-0.0219,0.7334
22,2,1994       ,-0.1390,1.1050,1.1428,0.7036,0.8865
22,2,1995       ,-0.1782,1.2691,0.9479,0.1614,-0.8507
22,2,1996       ,0.1010,-0.4931,-1.1836,-1.5625,-0.5051
22,2,1997       ,0.6000,0.2179,0.3890,-0.5046,-0.2037
22,2,1998       ,0.5761,0.2129,-0.4156,-1.1739,-0.7590
22,2,1999       ,-0.4557,0.2806,0.8187,0.2378,0.0250
22,2,2000       ,-0.1131,-0.8408,-0.1775,-0.1350,-1.6426
22,2,2001       ,0.1226,0.0411,0.9500,0.1551,-0.1290
22,2,2002       ,-0.5284,-0.1930,-0.4951,-1.3672,-1.0481
22,2,2003       ,0.1442,-0.1370,0.7022,0.3219,-0.0942
22,2,2004       ,-0.3282,-0.2424,0.2144,-0.1737,0.0875
22,2,2005       ,-0.4718,-0.4489,0.5683,0.0646,0.5444
22,2,2006       ,-0.1960,1.3370,1.2270,0.8142,0.5344
22,2,2007       ,0.0140,-1.7309,-2.0192,-2.0490,-0.4460
22,2,2008       ,0.1395,-0.3725,0.3617,0.9007,1.8805
22,2,2009       ,0.5158,-1.1624,-1.7974,-1.7182,-0.0690
22,2,2010       ,-0.4420,-2.1445,-1.6523,-0.6596,0.7356
22,2,2011       ,0.5249,-0.4208,1.2365,1.1960,2.0392
22,2,2012       ,0.0483,-0.5159,-0.2807,-0.6995,-0.0990
22,2,2013       ,0.1149,-0.5386,0.0843,0.0294,-0.0494
22,2,2014       ,0.5978,0.0075,-1.2843,-1.5691,-0.3214
# Fleet no.: 3
# First and last year: 1992,2014
# First and last age: 0,0
# Species, Fleet, Year, , ,Age_0
      22,3,1992       ,0.5081
22,3,1993       ,0.5020
22,3,1994       ,0.1757
22,3,1995       ,0.2745
22,3,1996       ,-0.0385
22,3,1997       ,0.8207
22,3,1998       ,-0.0996
22,3,1999       ,0.3453
22,3,2000       ,0.2882
22,3,2001       ,-0.3226
22,3,2002       ,0.2344
22,3,2003       ,-0.3012
22,3,2004       ,-0.5760
22,3,2005       ,0.0510
22,3,2006       ,0.2381
22,3,2007       ,-0.7416
22,3,2008       ,-0.8897
22,3,2009       ,0.1443
22,3,2010       ,-0.0636
22,3,2011       ,0.0914
22,3,2012       ,-0.1804
22,3,2013       ,-0.4604
######################################################
# Species: 23
# No. of fleets: 5
# Fleet no.: 1
# First and last year: 1976,1998
# First and last age: 1,3
# Species, Fleet, Year, , ,Age_1 ,Age_2 ,Age_3
      23,1,1976       ,-0.3645,-0.2355,-0.4162
23,1,1977       ,0.0074,-0.4184,0.0787
23,1,1978       ,-0.0259,-0.0039,0.8217
23,1,1979       ,-0.8852,0.0447,-0.4068
23,1,1980       ,-0.4078,0.5440,0.1027
23,1,1981       ,-0.2756,0.2684,0.3800
23,1,1982       ,-0.4863,0.5562,0.2673
23,1,1983       ,0.0152,-0.2517,-1.1024
23,1,1984       ,0.6201,-0.2749,-1.1772
23,1,1985       ,0.0870,0.5871,0.6591
23,1,1986       ,0.4648,0.1523,-1.9048
23,1,1987       ,-0.1255,0.3075,-0.9541
23,1,1988       ,0.1364,1.0282,-0.4579
23,1,1989       ,0.3947,-0.4000,0.2477
23,1,1990       ,0.4808,-0.0373,0.8118
23,1,1991       ,0.6239,-0.1895,-0.1229
23,1,1992       ,-0.3245,-0.0799,0.1517
23,1,1993       ,-0.0593,-0.8177,-0.4095
23,1,1994       ,0.1933,0.1209,1.2158
23,1,1995       ,0.2100,-0.4985,0.0291
23,1,1996       ,0.0257,-0.1753,-0.2067
23,1,1997       ,-0.1906,-0.4714,0.7523
23,1,1998       ,-0.1140,0.5225,0.6862
# Fleet no.: 2
# First and last year: 1976,2004
# First and last age: 0,0
# Species, Fleet, Year, , ,Age_0
      23,2,1976       ,0.0232
23,2,1977       ,-0.8793
23,2,1978       ,0.5380
23,2,1979       ,0.6696
23,2,1980       ,0.1276
23,2,1981       ,0.1240
23,2,1982       ,1.6407
23,2,1983       ,1.2397
23,2,1984       ,-1.7479
23,2,1985       ,-1.5085
23,2,1986       ,-0.7358
23,2,1987       ,-2.2429
23,2,1988       ,0.1053
23,2,1989       ,-0.5211
23,2,1990       ,0.3590
23,2,1991       ,0.3756
23,2,1992       ,0.7660
23,2,1993       ,0.8488
23,2,1994       ,-2.9683
23,2,1995       ,-0.0381
23,2,1996       ,0.0387
23,2,1997       ,-0.2979
23,2,1998       ,1.7094
23,2,1999       ,0.6452
23,2,2000       ,-2.0420
23,2,2001       ,2.0735
23,2,2002       ,-0.6557
23,2,2003       ,1.1604
23,2,2004       ,1.1925
# Fleet no.: 3
# First and last year: 2004,2013
# First and last age: 0,1
# Species, Fleet, Year, , ,Age_0 ,Age_1
      23,3,2004       ,-0.4319,-1.0400
23,3,2005       ,0.2909,0.1857
23,3,2006       ,0.7664,-0.4722
23,3,2007       ,0.0636,0.3752
23,3,2008       ,0.4450,0.7936
23,3,2009       ,-0.5657,1.7610
23,3,2010       ,-1.0963,-0.2450
23,3,2011       ,-0.7061,0.1985
23,3,2012       ,1.2342,-1.1313
23,3,2013       ,-0.0000,-0.4255
# Fleet no.: 4
# First and last year: 1999,2013
# First and last age: 0,2
# Species, Fleet, Year, , ,Age_0 ,Age_1 ,Age_2
      23,4,1999       ,0.1451,0.4168,1.2940
23,4,2000       ,0.2859,1.6562,0.9283
23,4,2001       ,-1.6125,1.6845,2.2260
23,4,2002       ,0.7794,0.4395,2.0254
23,4,2003       ,1.4274,-99.9,-99.9
23,4,2004  ,-99.9,-99.9,-99.9
23,4,2005  ,-99.9,-99.9,-99.9
23,4,2006  ,-99.9,-99.9,-99.9
23,4,2007  ,-99.9,-99.9,-99.9
23,4,2008       ,-1.8068,-2.8610,-2.1187
23,4,2009       ,0.5757,-1.0926,-1.6749
23,4,2010       ,0.9668,-0.1443,-1.4648
23,4,2011       ,0.8857,0.4764,-0.4040
23,4,2012       ,-0.3650,0.7265,-0.8456
23,4,2013       ,-1.2816,-1.3021,0.0344
# Fleet no.: 5
# First and last year: 1999,2013
# First and last age: 1,3
# Species, Fleet, Year, , ,Age_1 ,Age_2 ,Age_3
      23,5,1999       ,-0.3871,0.4330,-0.0011
23,5,2000       ,-0.3437,0.1559,0.0606
23,5,2001       ,-0.4648,-0.6033,-0.2427
23,5,2002       ,0.5840,0.2045,0.0703
23,5,2003       ,-0.4524,0.6032,-0.0690
23,5,2004       ,0.6491,0.7265,0.1202
23,5,2005       ,1.2623,0.0586,0.2800
23,5,2006       ,0.5810,-0.2565,-0.2318
23,5,2007       ,0.7182,-0.4916,-0.4646
23,5,2008       ,0.1912,0.4667,0.4890
23,5,2009       ,-0.0585,-0.8668,-1.5747
23,5,2010       ,-1.0974,-1.1619,0.0615
23,5,2011       ,-0.2760,-0.0281,-0.0132
23,5,2012       ,-1.1812,0.3600,0.4096
23,5,2013       ,0.2753,1.6282,-0.1226
######################################################
# Species: 24
# No. of fleets: 4
# Fleet no.: 1
# First and last year: 1982,1998
# First and last age: 1,4
# Species, Fleet, Year, , ,Age_1 ,Age_2 ,Age_3 ,Age_4
      24,1,1982       ,0.2962,0.0268,0.1311,0.8871
24,1,1983       ,-0.6966,0.5791,-0.0664,-0.2972
24,1,1984       ,0.3048,-0.1461,1.0937,0.3359
24,1,1985       ,-0.6561,0.6017,1.7145,-0.9884
24,1,1986       ,-0.0919,0.1601,-0.6576,-1.5665
24,1,1987       ,-0.5928,-0.1763,-0.3102,-1.5319
24,1,1988       ,-1.1625,0.0934,0.1898,0.8128
24,1,1989       ,0.1449,-0.0640,-0.8924,-0.1243
24,1,1990       ,0.0190,-0.0313,1.0955,-0.2387
24,1,1991       ,0.2381,0.3147,-0.5283,0.7849
24,1,1992       ,0.6404,-0.4224,-0.9725,-0.3633
24,1,1993       ,-0.2975,0.1403,0.3677,0.6315
24,1,1994       ,0.7857,0.2158,0.0796,0.2530
24,1,1995       ,0.2940,-0.9019,0.1749,-0.3197
24,1,1996       ,0.3884,-0.0668,0.4178,0.4654
24,1,1997       ,0.1984,-0.2120,-0.5575,-0.4425
24,1,1998       ,0.1877,-0.1110,0.4168,0.0054
# Fleet no.: 2
# First and last year: 1999,2013
# First and last age: 1,4
# Species, Fleet, Year, , ,Age_1 ,Age_2 ,Age_3 ,Age_4
      24,2,1999       ,0.7462,0.0692,-0.1068,-0.5019
24,2,2000       ,0.1799,-0.4800,-0.4849,-0.9011
24,2,2001       ,0.5032,-0.2625,-0.2014,0.3715
24,2,2002       ,0.1272,0.0874,-0.3151,-0.1538
24,2,2003       ,-0.0874,-0.2762,-0.3995,-0.0930
24,2,2004       ,0.0449,-0.7066,-0.4502,0.2670
24,2,2005       ,0.4014,-0.0200,0.2547,-0.3105
24,2,2006       ,0.5704,-0.0827,-0.1877,0.1667
24,2,2007       ,0.5132,0.6070,0.3386,0.6078
24,2,2008       ,0.1448,0.1925,0.1705,0.4589
24,2,2009       ,0.3846,0.5031,0.6519,0.2911
24,2,2010       ,-0.4332,-0.3597,-0.1209,-0.2689
24,2,2011       ,-1.5943,-0.0667,-0.1628,-0.8160
24,2,2012       ,-1.4609,-0.3311,0.5035,0.1421
24,2,2013       ,-0.0400,1.1265,0.9841,0.2662
# Fleet no.: 3
# First and last year: 2004,2013
# First and last age: 0,1
# Species, Fleet, Year, , ,Age_0 ,Age_1
      24,3,2004       ,0.6210,-0.2324
24,3,2005       ,0.8615,-0.8262
24,3,2006       ,0.7283,0.0452
24,3,2007       ,0.7193,-0.7451
24,3,2008       ,-0.5444,-0.2567
24,3,2009       ,-0.0952,-0.5270
24,3,2010       ,-0.1261,0.3511
24,3,2011       ,0.2249,1.9478
24,3,2012       ,0.4961,0.4699
24,3,2013       ,-2.8855,-0.2266
# Fleet no.: 4
# First and last year: 1999,2013
# First and last age: 1,4
# Species, Fleet, Year, , ,Age_1 ,Age_2 ,Age_3 ,Age_4
      24,4,1999       ,-0.8875,-0.9887,-0.3572,0.7894
24,4,2000       ,-0.0737,-0.1815,0.9742,1.0569
24,4,2001       ,-1.6163,0.3904,-0.2969,1.6821
24,4,2002       ,0.3371,-1.3061,-0.3429,0.8849
24,4,2003       ,-1.0489,0.2249,-0.2293,0.5228
24,4,2004       ,0.7360,0.6196,-0.6265,0.0256
24,4,2005       ,1.0595,0.8461,1.3045,0.9827
24,4,2006       ,0.6874,0.4340,-0.1179,0.6919
24,4,2007       ,0.6505,0.4846,0.4646,-0.5028
24,4,2008       ,0.5593,-0.0383,-0.4080,-0.3814
24,4,2009       ,0.5115,0.7933,-1.0261,-3.2543
24,4,2010       ,-0.0131,-0.5175,0.7599,0.9451
24,4,2011       ,-0.5650,-0.8563,0.2795,-0.3516
24,4,2012       ,-0.3030,-0.0195,-1.3970,-0.4113
24,4,2013       ,-0.0338,0.1150,0.5488,-2.2099
######################################################
# Species: 25
# No. of fleets: 4
# Fleet no.: 1
# First and last year: 1982,1991
# First and last age: 0,3
# Species, Fleet, Year, , ,Age_0 ,Age_1 ,Age_2 ,Age_3
      25,1,1982       ,1.5073,0.7020,-0.8759,1.8814
25,1,1983       ,1.5668,-0.0950,-0.5894,-1.0929
25,1,1984       ,-0.5507,0.6788,0.0561,0.4443
25,1,1985       ,-0.6693,0.5626,0.1777,-2.2236
25,1,1986       ,-1.2395,0.0629,0.2369,2.1741
25,1,1987       ,-1.5560,-0.7105,-0.3128,-1.9677
25,1,1988       ,-1.6844,-1.0504,-0.7202,0.8065
25,1,1989       ,0.8358,0.1725,1.8480,-0.3167
25,1,1990       ,1.2555,0.1659,-0.5198,1.2704
25,1,1991       ,0.5345,-0.4888,0.6995,-0.9758
# Fleet no.: 2
# First and last year: 1992,2013
# First and last age: 0,2
# Species, Fleet, Year, , ,Age_0 ,Age_1 ,Age_2
      25,2,1992       ,0.1980,0.7557,1.4404
25,2,1993       ,0.9633,0.7268,1.6311
25,2,1994       ,0.3026,-0.1188,-0.3931
25,2,1995       ,0.8876,0.1024,0.6310
25,2,1996       ,-0.1250,-0.4191,-0.8977
25,2,1997       ,-0.2958,0.2937,0.0578
25,2,1998       ,-0.1498,-0.9544,-0.9237
25,2,1999       ,0.4722,-0.0082,-0.4444
25,2,2000       ,-0.1619,0.5064,-0.9139
25,2,2001       ,0.0949,-0.3522,0.0852
25,2,2002       ,1.4870,-0.0250,-0.9612
25,2,2003       ,-0.9369,-0.4312,-0.7069
25,2,2004       ,-1.1074,0.1712,-0.1656
25,2,2005       ,0.8808,0.0850,0.3966
25,2,2006       ,-0.5225,0.2283,0.4291
25,2,2007       ,-0.0248,-0.4105,0.3386
25,2,2008       ,-1.0763,-0.4381,0.0409
25,2,2009       ,0.5709,0.3924,0.0954
25,2,2010       ,-1.8570,0.0992,-0.1374
25,2,2011       ,-0.4609,0.0069,0.6332
25,2,2012       ,-0.1272,-0.1013,0.3987
25,2,2013       ,0.9883,-0.1090,-0.6341
# Fleet no.: 3
# First and last year: 1974,2014
# First and last age: 1,3
# Species, Fleet, Year, , ,Age_1 ,Age_2 ,Age_3
      25,3,1974       ,1.0707,0.1920,-99.9
25,3,1975       ,-0.0395,0.9136,-99.9
25,3,1976       ,-0.4367,-0.4477,-99.9
25,3,1977       ,-0.2869,-0.7750,-99.9
25,3,1978       ,-0.2632,0.0207,-99.9
25,3,1979       ,-0.3862,-0.4869,-99.9
25,3,1980       ,-0.2695,-0.3598,-99.9
25,3,1981       ,-0.4061,-0.7511,-99.9
25,3,1982       ,-0.0515,0.0962,-99.9
25,3,1983       ,-0.5816,-0.2152,-0.5764
25,3,1984       ,-0.0463,-0.3431,0.3104
25,3,1985       ,0.0866,0.3356,0.2575
25,3,1986       ,0.0936,-0.0413,-0.7385
25,3,1987       ,0.1406,-0.0360,0.6567
25,3,1988       ,-1.7342,-0.0047,-1.2452
25,3,1989       ,-0.1252,0.0677,0.5209
25,3,1990       ,-0.2566,-0.0266,0.4047
25,3,1991       ,0.0998,0.1582,0.5922
25,3,1992       ,0.6317,0.1212,-0.3608
25,3,1993       ,0.4666,0.7501,0.8225
25,3,1994       ,0.1846,-0.4546,-0.5357
25,3,1995       ,0.1874,0.2603,0.1236
25,3,1996       ,-0.8368,0.0558,0.7396
25,3,1997       ,1.0599,0.4498,0.3910
25,3,1998       ,-0.0300,1.0317,0.4073
25,3,1999       ,0.4710,0.2029,0.5975
25,3,2000       ,0.9785,0.5192,-0.1525
25,3,2001       ,-0.2038,0.4290,0.0789
25,3,2002       ,-0.2222,0.2769,0.7481
25,3,2003       ,-0.0458,-0.1777,0.1768
25,3,2004       ,0.5094,-0.0490,-0.9301
25,3,2005       ,-0.3752,-0.3567,-0.4678
25,3,2006       ,0.6375,-0.8168,-0.0488
25,3,2007       ,-0.3266,0.0259,-0.9026
25,3,2008       ,0.0860,-0.4122,0.1402
25,3,2009       ,0.5844,0.4476,-0.0805
25,3,2010       ,0.4918,-0.2939,-0.7296
25,3,2011       ,-0.4927,0.3552,-0.2459
25,3,2012       ,0.0436,-0.1334,0.4208
25,3,2013       ,0.2459,0.1613,0.2042
25,3,2014       ,-0.6531,-0.6893,-0.5786
# Fleet no.: 4
# First and last year: 1998,2013
# First and last age: 1,3
# Species, Fleet, Year, , ,Age_1 ,Age_2 ,Age_3
      25,4,1998       ,0.4237,-1.2763,1.0037
25,4,1999       ,0.1387,0.8779,-1.2860
25,4,2000       ,-1.0663,1.2537,0.1907
25,4,2001       ,-1.1222,-1.5538,0.5317
25,4,2002       ,-0.1417,0.3244,-1.5382
25,4,2003       ,0.0449,-0.1785,0.0602
25,4,2004       ,-0.0070,0.2255,0.2976
25,4,2005       ,0.9496,0.3427,0.5447
25,4,2006       ,-0.8936,0.8834,0.3865
25,4,2007       ,0.6415,-0.2230,1.4337
25,4,2008       ,0.0091,-0.0382,-0.1073
25,4,2009       ,-0.0015,-0.1833,-0.5152
25,4,2010       ,-1.1195,0.2734,0.4458
25,4,2011       ,1.9780,-2.5647,0.2494
25,4,2012       ,0.1664,0.4886,-1.3820
25,4,2013  ,-99.9,1.3484,-0.3154
######################################################
# Species: 26
# No. of fleets: 3
# Fleet no.: 1
# First and last year: 1975,2014
# First and last age: 1,3
# Species, Fleet, Year, , ,Age_1 ,Age_2 ,Age_3
      26,1,1975  ,-99.9,-0.1273,0.0591
26,1,1976  ,-99.9,-1.5070,0.1683
26,1,1977  ,-99.9,-0.0978,0.6753
26,1,1978  ,-99.9,-0.6887,-0.0712
26,1,1979  ,-99.9,-1.4986,0.5811
26,1,1980  ,-99.9,-0.9607,-1.2367
26,1,1981  ,-99.9,0.2259,0.0053
26,1,1982  ,-99.9,-0.1222,0.3266
26,1,1983       ,-0.6107,0.2333,0.6863
26,1,1984       ,-0.5930,0.9699,0.2035
26,1,1985       ,-0.6428,-0.2233,0.0546
26,1,1986       ,-1.7669,-1.5377,-1.0185
26,1,1987       ,-0.5239,-0.5221,-0.6616
26,1,1988       ,-1.1149,0.6492,0.3764
26,1,1989       ,1.0756,0.5176,0.6884
26,1,1990       ,-0.8641,-0.2635,-0.3257
26,1,1991       ,-0.3337,-0.7257,-1.0881
26,1,1992       ,0.5372,-0.4099,0.0048
26,1,1993       ,-0.2848,0.4451,-0.5419
26,1,1994       ,0.1077,0.2461,-0.1624
26,1,1995       ,-0.1488,-0.4412,-0.6494
26,1,1996       ,-0.6008,-0.4332,-0.7013
26,1,1997       ,-0.2932,0.0193,0.3749
26,1,1998       ,0.1801,0.8296,0.6030
26,1,1999       ,0.6009,-0.0563,-0.2351
26,1,2000       ,0.0698,-0.2275,1.0032
26,1,2001       ,0.0713,0.5370,0.3622
26,1,2002       ,-0.0028,0.4944,-0.0286
26,1,2003       ,0.7612,-0.2021,-0.1969
26,1,2004       ,0.9387,0.2798,0.8531
26,1,2005       ,0.6453,-0.0501,-0.0910
26,1,2006       ,-0.5266,0.0583,0.3224
26,1,2007       ,0.3188,1.2759,0.0534
26,1,2008       ,0.9068,0.4022,0.0760
26,1,2009       ,0.8987,-0.0657,-1.0233
26,1,2010       ,0.6026,0.3056,-0.1012
26,1,2011       ,-0.5867,0.2786,0.7189
26,1,2012       ,0.8866,1.0550,0.4927
26,1,2013       ,0.1965,1.0313,0.5664
26,1,2014       ,0.0959,0.3066,-1.1233
# Fleet no.: 2
# First and last year: 2003,2013
# First and last age: 1,3
# Species, Fleet, Year, , ,Age_1 ,Age_2 ,Age_3
      26,2,2003       ,0.1771,-0.1732,0.3241
26,2,2004       ,0.5229,0.1036,0.2109
26,2,2005       ,0.5132,-0.4257,0.3211
26,2,2006       ,0.0582,0.1184,0.1020
26,2,2007       ,0.4280,-0.0627,-0.0064
26,2,2008       ,-0.0393,0.0313,-0.3214
26,2,2009       ,0.2029,0.9897,0.4246
26,2,2010       ,-0.5732,-0.4444,-0.6384
26,2,2011       ,-0.3835,-0.0862,-0.5636
26,2,2012       ,-0.2181,0.2034,0.2579
26,2,2013       ,-0.6882,-0.2542,-0.1109
# Fleet no.: 3
# First and last year: 1991,2013
# First and last age: 1,3
# Species, Fleet, Year, , ,Age_1 ,Age_2 ,Age_3
      26,3,1991       ,-2.3432,-1.3203,-0.4046
26,3,1992       ,0.8743,0.7627,1.0568
26,3,1993       ,-0.8778,0.9725,0.7079
26,3,1994       ,-1.0088,-1.2399,-0.0061
26,3,1995       ,-1.0998,0.1162,1.7091
26,3,1996       ,-0.8381,-0.0231,0.7781
26,3,1997       ,0.5310,0.2971,-0.3821
26,3,1998       ,-0.2442,-0.2554,-0.2354
26,3,1999       ,0.5339,-0.2397,-1.2532
26,3,2000       ,-0.3361,0.0496,-0.4377
26,3,2001       ,0.0813,0.2842,-0.4774
26,3,2002       ,0.5148,0.8072,0.6324
26,3,2003       ,-0.3451,-0.5851,-2.5857
26,3,2004       ,0.6949,0.3526,1.0823
26,3,2005       ,0.5228,-0.6315,-1.2562
26,3,2006       ,-0.0461,-0.2159,0.0769
26,3,2007       ,-0.1997,0.2528,-0.2704
26,3,2008       ,0.2413,-0.2478,-0.0868
26,3,2009       ,0.8240,0.6666,0.6558
26,3,2010       ,0.2027,-0.0519,-0.4029
26,3,2011       ,1.0632,0.4940,0.6263
26,3,2012       ,0.3188,0.6590,0.0345
26,3,2013       ,0.9362,0.3483,-0.8138
######################################################
# Species: 27
# No. of fleets: 3
# Fleet no.: 1
# First and last year: 1985,1995
# First and last age: 1,9
# Species, Fleet, Year, , ,Age_1 ,Age_2 ,Age_3 ,Age_4 ,Age_5 ,Age_6 ,Age_7 ,Age_8 ,Age_9
      27,1,1985       ,-1.1469,-0.0204,-0.2471,0.5359,-0.2020,0.0447,-0.1998,-0.4575,-0.7341
27,1,1986       ,-0.4281,-0.5901,0.1670,0.7734,0.2032,-0.6912,-0.2284,-0.4841,-0.7101
27,1,1987       ,-0.7206,0.3352,-0.4808,0.2644,-0.0560,-0.9149,-0.5445,-0.7938,-0.5455
27,1,1988       ,0.4276,-0.5001,0.3947,0.7527,0.5167,-0.1403,-0.5705,-1.9008,-0.3836
27,1,1989       ,0.4257,0.3002,-0.3664,1.4751,1.0004,0.0154,-0.4901,0.3703,-0.0276
27,1,1990       ,-0.3813,-0.1917,0.2825,1.5957,0.0315,-0.3618,-0.8741,0.2763,-0.0888
27,1,1991       ,0.1909,-0.0038,-0.2335,0.9074,0.5496,0.8004,-0.8646,-0.1757,-0.5280
27,1,1992       ,0.5531,0.2507,-0.2189,0.4875,0.4580,0.9482,-0.0471,0.1847,-0.9025
27,1,1993       ,0.4286,0.8702,0.6994,0.9683,-0.3485,0.0572,0.0664,-0.3131,0.0541
27,1,1994       ,0.4851,0.0965,0.2356,1.3712,0.6654,-0.1818,0.4210,1.1661,0.1413
27,1,1995       ,0.1660,-0.5467,-0.2325,1.1248,-0.0949,0.2291,-0.1013,1.3349,0.3185
# Fleet no.: 2
# First and last year: 1996,2013
# First and last age: 1,9
# Species, Fleet, Year, , ,Age_1 ,Age_2 ,Age_3 ,Age_4 ,Age_5 ,Age_6 ,Age_7 ,Age_8 ,Age_9
      27,2,1996       ,0.2887,0.6172,-0.0581,-0.6165,-0.6618,-0.6076,-0.9507,-0.8467,-1.2943
27,2,1997       ,0.1117,-0.4790,-0.4253,-0.5160,-0.3955,-0.4211,-1.1446,-0.0118,-0.3739
27,2,1998       ,0.0467,0.1622,0.2552,-0.4091,-0.0325,0.1144,-0.0799,0.2630,-0.1428
27,2,1999       ,0.1318,-0.0238,0.3922,-0.3904,-0.3505,0.6123,0.1973,0.4475,0.0789
27,2,2000       ,-0.0957,-0.2491,-0.1473,-0.4165,-0.3389,-0.1167,0.7701,1.0506,-0.1282
27,2,2001       ,0.0982,-0.2785,-0.3416,-0.4168,-0.4458,-0.4978,-0.3668,0.5290,1.3396
27,2,2002       ,0.0395,-0.1772,-0.4732,-0.3372,-0.0693,-0.2265,-0.0441,0.6042,1.2093
27,2,2003       ,-0.0838,0.0241,0.1355,-0.0693,0.2447,0.3862,0.4230,0.6807,1.3520
27,2,2004       ,-0.2871,0.0595,0.1306,0.3730,0.0069,0.4037,0.3886,0.9141,0.7084
27,2,2005       ,-0.1107,-0.3741,-0.0324,-0.2326,-0.1598,1.0879,0.4563,0.0274,1.5919
27,2,2006       ,-0.3313,0.0855,-0.1372,0.3526,0.0061,0.2115,1.1779,0.4589,0.9445
27,2,2007       ,0.0591,0.0786,0.1239,0.2174,0.2929,0.6189,0.7822,1.7250,0.1626
27,2,2008       ,-0.1451,0.1683,0.3084,0.2982,0.5235,0.9428,1.2178,1.5093,2.7183
27,2,2009       ,0.3503,0.0985,0.0980,0.1264,0.3043,0.4686,0.6660,1.3792,1.3695
27,2,2010       ,-0.0540,-0.0735,0.0320,0.0388,0.3897,0.1062,1.1197,1.0495,1.5394
27,2,2011       ,0.0399,0.2663,0.1280,-0.1384,0.2647,0.6263,0.3115,1.1897,0.3625
27,2,2012       ,-0.0893,0.0552,0.1547,-0.1832,-0.1460,-0.0691,0.2265,0.1396,1.1946
27,2,2013       ,0.0311,0.0399,-0.1434,-0.2524,-0.1073,-0.1841,-0.1433,0.0461,0.3317
# Fleet no.: 3
# First and last year: 1974,2013
# First and last age: 1,5
# Species, Fleet, Year, , ,Age_1 ,Age_2 ,Age_3 ,Age_4 ,Age_5
      27,3,1974       ,-0.5212,0.6217,1.8826,0.3734,-0.1318
27,3,1975       ,-0.3985,0.2270,2.7916,-0.3016,-1.3346
27,3,1976       ,-0.4945,-0.6441,0.6476,-0.2951,-2.0753
27,3,1977       ,-0.0598,-0.0840,1.6854,0.8652,0.1968
27,3,1978       ,-0.1902,0.8609,0.2490,-0.2924,-1.1378
27,3,1979       ,0.2416,0.8774,1.5385,0.2060,-1.6612
27,3,1980       ,0.9734,1.1306,0.6212,0.0681,-1.0051
27,3,1981       ,0.1932,1.2011,1.1045,-1.2721,-1.0032
27,3,1982       ,0.5173,0.5528,1.2523,-0.4351,-2.1322
27,3,1983       ,0.1741,0.3182,-0.2363,-0.9087,-2.4143
27,3,1984       ,0.5022,0.4082,1.3463,-1.3006,-2.6743
27,3,1985       ,-0.3218,0.7082,1.2549,0.0054,-1.5361
27,3,1986       ,0.0145,-0.1862,1.0115,-0.3959,-1.6513
27,3,1987       ,-0.2243,0.4516,0.8206,0.0516,-1.1916
27,3,1988       ,-0.0870,0.4371,2.3841,1.7330,0.0350
27,3,1989       ,0.2194,0.6728,2.0727,2.5641,0.9745
27,3,1990       ,0.0243,0.0975,1.6778,1.1026,0.4515
27,3,1991       ,0.9707,0.6036,1.2773,1.3556,0.0141
27,3,1992       ,0.9178,0.9752,1.8424,1.1947,0.3814
27,3,1993       ,0.6899,0.7529,1.1842,-0.4855,-0.3005
27,3,1994       ,0.5828,0.6146,1.1588,-0.5835,-1.1060
27,3,1995       ,0.2009,0.0362,0.8395,-0.2449,-0.4876
27,3,1996       ,0.1992,0.7564,2.0266,-0.4627,-0.1241
27,3,1997       ,0.4604,0.0744,0.6763,-0.6413,-1.5199
27,3,1998       ,0.4300,0.8033,3.1314,-0.6825,-0.8485
27,3,1999       ,0.6082,0.7357,2.9489,2.5008,-0.8198
27,3,2000       ,0.0912,-0.5847,1.1083,1.1073,-0.8122
27,3,2001       ,-0.1008,-0.4865,0.4120,0.3819,1.6601
27,3,2002       ,-0.1704,-0.9526,0.0589,-0.3953,0.3952
27,3,2003  ,-99.9,-99.9,-99.9,-99.9,-99.9
27,3,2004       ,-0.2613,-0.6402,0.7736,-0.3144,-0.5011
27,3,2005       ,-0.3135,-1.1851,-0.1082,0.4527,-1.3928
27,3,2006       ,-0.0941,-0.8107,0.0358,-0.3621,-0.6964
27,3,2007       ,-0.4833,-0.5457,-0.5434,-1.3137,-1.8547
27,3,2008       ,-0.3076,-0.9238,0.5202,0.2516,-1.1780
27,3,2009       ,-0.3483,-1.1250,-0.1001,-1.5055,-1.4543
27,3,2010       ,-0.8053,-1.3095,0.0264,-1.8537,-2.3955
27,3,2011       ,-0.7297,-2.0247,-0.6112,-1.5121,-1.3450
27,3,2012       ,-1.3465,-1.4668,-0.1058,-1.5585,-2.0456
27,3,2013       ,-0.7529,-0.9478,0.3477,-0.2395,-1.1386
######################################################
# Species: 28
# No. of fleets: 3
# Fleet no.: 1
# First and last year: 1997,2013
# First and last age: 2,9
# Species, Fleet, Year, , ,Age_2 ,Age_3 ,Age_4 ,Age_5 ,Age_6 ,Age_7 ,Age_8 ,Age_9
      28,1,1997       ,-0.7394,-0.2060,-0.1390,0.0255,0.1767,-0.5678,0.2425,-1.4383
28,1,1998       ,0.0780,-0.5435,0.0752,-0.2808,-0.2942,-0.2015,-0.7913,-0.7998
28,1,1999       ,-0.5190,-0.1724,-0.3725,0.0849,-0.2853,-0.6744,-0.2008,-0.4531
28,1,2000       ,-0.0248,0.1753,-0.0591,-0.0680,0.0447,0.1744,0.1734,-0.1784
28,1,2001       ,0.1407,-0.2932,0.4041,0.3181,-0.2361,-0.2835,-0.2696,-0.3049
28,1,2002       ,0.1581,0.0596,0.0506,0.3464,0.2122,0.0142,0.1813,-0.4526
28,1,2003       ,0.1339,0.0045,0.2086,0.0009,0.3749,-0.0085,0.0728,-0.9500
28,1,2004       ,0.2460,0.1055,0.1355,0.1165,-0.2505,-0.3682,-0.5922,0.2647
28,1,2005       ,0.0236,0.1540,0.2980,0.4624,-0.1021,0.1451,-0.5489,0.1551
28,1,2006       ,0.3650,0.0860,0.1330,0.1931,-0.0935,-0.0819,0.3073,0.1094
28,1,2007       ,0.5081,0.0193,0.2759,0.2203,0.0768,-0.5054,-0.5452,-0.5052
28,1,2008       ,0.0269,0.1566,0.1593,0.3400,0.0957,0.0204,-0.1748,-0.2996
28,1,2009       ,0.5146,-0.0618,0.3449,0.2116,0.3368,0.2747,-0.1165,-0.8823
28,1,2010       ,0.1617,0.1339,0.1966,0.3181,0.1377,0.3919,0.0646,0.3259
28,1,2011       ,-0.3086,0.2054,0.2679,0.3174,0.0722,-0.0926,0.0691,-0.6637
28,1,2012       ,-0.6150,0.0315,0.1407,0.1373,-0.2365,0.1900,-0.4565,-0.2524
28,1,2013       ,-0.1497,0.1453,0.1953,-0.1016,-0.1587,-0.1431,-0.3063,-0.4760
# Fleet no.: 2
# First and last year: 1985,2013
# First and last age: 1,9
# Species, Fleet, Year, , ,Age_1 ,Age_2 ,Age_3 ,Age_4 ,Age_5 ,Age_6 ,Age_7 ,Age_8 ,Age_9
      28,2,1985       ,-0.5651,-0.0586,-0.2080,0.5247,0.2647,0.0345,-0.1717,-1.9361,-2.9876
28,2,1986       ,-0.9983,-0.5607,-0.3628,-0.0028,0.3244,-0.4414,0.0921,-0.5779,-0.1059
28,2,1987       ,-0.2865,-0.1493,-0.4483,0.1086,0.2469,-0.0271,0.4629,-0.3672,-0.5459
28,2,1988       ,0.1862,0.5885,-0.5665,0.4097,-0.7202,-0.5054,0.0049,0.1602,-1.2967
28,2,1989       ,-0.4819,0.2606,0.5753,1.2463,0.6462,-0.1013,0.5060,-2.8029,-0.0771
28,2,1990       ,0.2503,0.7826,0.1436,0.2135,0.5450,1.3327,0.3547,0.2329,-0.7225
28,2,1991       ,-0.9502,0.2505,0.5390,0.2200,-0.8776,-0.8938,-0.5783,-0.0659,-1.3869
28,2,1992       ,0.4581,1.0298,0.2700,0.8559,0.1425,-0.6186,-0.0912,0.2202,-0.2919
28,2,1993       ,-0.4227,0.0805,-0.7290,0.9701,1.8480,1.5544,-1.3447,-0.1448,0.4370
28,2,1994       ,0.0977,-0.0255,0.3928,-1.7263,0.5093,-1.0557,0.3966,-1.6380,-2.8320
28,2,1995       ,0.8386,0.4749,0.9161,0.4268,0.1064,0.5477,0.9120,0.7530,0.4769
28,2,1996       ,-0.6028,-0.1555,0.1570,1.1288,0.5856,0.8226,0.5872,-0.1744,0.4486
28,2,1997       ,1.6486,-0.0972,0.0527,0.7201,1.1468,-0.4038,0.4545,-1.0312,0.4120
28,2,1998       ,0.1420,0.1231,0.0599,0.6520,-0.7310,-1.8611,0.4062,-1.7646,-2.7522
28,2,1999       ,0.0433,0.4980,0.6770,0.3545,1.9309,1.5468,1.5816,1.5603,-1.5562
28,2,2000       ,-0.0532,-0.3281,0.1023,-0.2409,0.3842,0.1319,0.6521,-1.1516,0.8728
28,2,2001       ,0.0061,-0.1527,-0.2775,0.5949,-0.1833,-0.0632,-0.4496,0.5995,-1.2894
28,2,2002       ,-0.1702,-0.3636,-0.1493,0.2157,-0.1069,-0.0749,-0.2123,0.8222,-0.9855
28,2,2003       ,0.0149,-0.6387,0.1692,0.4986,0.0551,-0.0417,0.4732,-1.4356,0.2169
28,2,2004       ,-0.3214,-0.5902,-0.6114,0.1867,0.2470,-0.3417,-0.3614,-0.3772,-1.3221
28,2,2005       ,-0.0941,-0.2504,-0.1259,-0.2462,-0.4242,-0.3247,-0.0994,-0.1280,-2.9373
28,2,2006       ,-0.4508,-0.6898,-1.7102,0.0120,-0.5240,0.1894,-0.3295,-2.2147,-1.4131
28,2,2007       ,-0.1189,-0.0510,-0.1346,0.2913,-0.1447,0.2349,-0.7984,-2.0478,-2.1637
28,2,2008       ,0.5114,0.3275,0.4789,1.0103,-0.0283,0.3412,-0.1807,-0.3714,0.1339
28,2,2009       ,0.1894,-0.3418,0.1621,0.7645,-0.0612,-0.0414,0.8425,-0.6208,-2.1062
28,2,2010       ,0.8500,0.0530,-0.2488,0.1032,0.0255,-0.0340,0.4916,-2.6350,-1.1755
28,2,2011       ,0.2612,-0.0496,0.0299,0.3379,0.6663,0.1643,-1.9197,-2.2212,1.1861
28,2,2012       ,0.0318,0.1378,0.1922,0.2883,0.4402,0.0153,-0.6960,-0.2548,-2.3308
28,2,2013       ,-0.0135,-0.1041,0.6544,0.7596,0.0215,-0.5223,-0.5131,-1.4253,-0.7913
# Fleet no.: 3
# First and last year: 1974,2013
# First and last age: 1,4
# Species, Fleet, Year, , ,Age_1 ,Age_2 ,Age_3 ,Age_4
      28,3,1974       ,0.1664,-0.5863,-0.4126,-99.9
28,3,1975       ,-0.5571,0.3966,0.1664,-1.0107
28,3,1976       ,-0.4066,-1.2975,0.5067,-1.0531
28,3,1977       ,0.3600,0.2115,0.4443,-0.5533
28,3,1978       ,0.4813,0.5771,0.7088,-0.1974
28,3,1979       ,-1.0749,0.3789,0.5479,0.0843
28,3,1980       ,0.4184,0.1023,0.5354,-0.3467
28,3,1981       ,0.2069,0.5347,1.0036,-0.4563
28,3,1982       ,0.7547,0.2744,0.2375,-0.2075
28,3,1983       ,-0.0852,0.3438,-0.4627,-0.7480
28,3,1984       ,0.5318,-99.9,0.6458,-0.1534
28,3,1985       ,0.7088,0.5362,-0.0287,-0.4196
28,3,1986       ,0.2797,-0.0881,-0.2082,-0.8683
28,3,1987       ,0.3762,0.1499,-0.5277,-0.6214
28,3,1988       ,0.1223,0.4280,0.4429,0.4381
28,3,1989       ,0.2978,0.5273,0.8061,-0.5698
28,3,1990       ,-0.3957,0.5695,0.1851,0.6933
28,3,1991       ,-0.1809,0.6922,1.1695,0.4286
28,3,1992       ,0.4021,-1.1367,0.1243,0.8367
28,3,1993       ,-0.0778,0.4442,0.3439,0.2747
28,3,1994       ,-0.4281,0.1967,0.5831,-1.6772
28,3,1995       ,-0.2512,-0.2767,0.3696,0.4603
28,3,1996       ,-1.5681,-0.3416,-0.7338,-0.1523
28,3,1997       ,0.7847,-0.6727,0.5559,-0.0025
28,3,1998       ,0.6501,0.8415,0.7481,0.7149
28,3,1999       ,-0.0002,0.4433,0.3784,-1.1407
28,3,2000       ,-0.3018,-1.3251,0.1703,-0.1805
28,3,2001       ,-0.1656,0.0074,-0.0400,-0.6106
28,3,2002       ,0.7451,0.1154,0.2189,-99.9
28,3,2003  ,-99.9,-99.9,-99.9,-99.9
28,3,2004       ,0.4981,0.3453,0.4172,0.5061
28,3,2005       ,-0.4327,-0.4047,0.1611,-99.9
28,3,2006       ,-0.3485,-0.8085,-0.9008,-0.6128
28,3,2007       ,-0.3593,-0.2416,-0.7102,0.1797
28,3,2008       ,-0.0447,-0.3610,0.0448,-99.9
28,3,2009       ,0.0165,-0.1486,-0.4613,-0.5508
28,3,2010       ,-0.2462,-0.8883,-0.4511,-0.2863
28,3,2011       ,-0.8438,-0.1672,0.2718,0.5561
28,3,2012  ,-99.9,-99.9,-99.9,-99.9
28,3,2013       ,-0.0325,0.6280,0.5733,-0.1773
