Area Pred.no Prey.no vulnerability
1 18 2.1142e+00
1 19 6.9809e-01
1 20 1.6531e+01
1 22 3.0213e-02
1 23 1.8121e-02
1 24 1.6205e-02
1 25 3.7150e-02
1 26 8.0823e-02
2 19 2.1252e+00
2 20 4.5964e+00
2 22 1.7852e+00
2 23 1.9436e+00
2 24 1.5215e+00
2 26 3.1392e+00
3 18 3.5309e-02
3 19 8.1846e-02
3 20 3.6429e-02
3 22 1.0538e-03
3 23 1.0000e-03
3 24 1.0000e-03
3 25 4.4306e-03
3 26 4.4139e-03
4 18 4.2194e+01
4 19 1.3452e+01
4 20 1.5946e+01
4 22 8.0999e-01
4 23 9.9805e-01
4 24 8.6174e-01
4 26 6.6448e+00
5 18 5.2286e+00
5 19 3.4700e+00
5 20 3.9353e+00
5 22 8.7151e-02
5 23 7.1288e-01
5 24 6.3262e-01
5 25 2.9292e-01
5 26 4.6716e-01
6 18 1.7536e+01
6 22 1.4428e+00
6 23 4.4252e-01
6 24 4.0063e-01
6 26 5.4016e+00
7 22 2.0061e+00
7 23 6.4801e-01
7 24 5.3578e-01
7 26 4.4850e-01
8 19 6.1683e-02
8 22 2.8119e+00
8 23 2.2810e-01
8 24 1.9685e-01
8 25 2.3872e-02
8 26 1.0221e+00
9 18 5.1516e+01
9 19 8.0671e+00
9 23 1.0113e+00
9 24 5.7779e-01
9 25 1.1582e+00
10 18 6.6132e+00
10 19 1.3485e+00
10 20 1.4247e+00
10 22 2.5677e-01
10 23 1.2710e-01
10 24 1.9170e-01
10 25 2.0435e-01
10 26 3.2129e-01
11 22 4.1659e-01
11 23 3.7568e-01
11 24 3.4793e-01
11 25 5.5707e-01
11 26 9.7754e-01
12 22 3.9957e+00
12 23 3.7727e-01
12 24 8.0151e-01
12 25 4.7491e-01
12 26 2.0876e+00
13 23 1.7573e+00
13 25 5.5248e+00
14 19 1.5831e+00
14 22 6.5595e-02
14 23 2.7939e-02
14 26 6.0817e-02
15 18 3.1283e+00
15 19 3.7147e-01
15 20 6.4456e-01
15 22 1.3413e-02
15 23 2.7953e+00
15 25 6.2582e-02
16 18 7.6346e+00
16 19 5.2561e+00
16 22 1.5225e-01
16 23 9.4217e-02
16 24 7.2774e-02
16 25 9.7419e-02
17 19 5.3204e+00
17 22 1.7891e-01
17 25 7.3590e-01
18 18 3.7075e+00
18 19 1.2297e+00
18 20 2.1867e+00
18 22 2.9520e-01
18 23 1.9142e-01
18 24 1.1530e-01
18 25 5.6429e-01
18 26 5.4308e-01
19 18 3.3444e+00
19 19 1.5521e+00
19 20 2.3475e+00
19 22 3.5025e-01
19 23 1.4497e-01
19 24 8.1397e-02
19 25 5.7839e-01
19 26 6.7871e-01
20 23 4.9399e+00
20 25 3.2278e+00
21 19 1.6459e+00
21 20 3.7167e+00
21 22 8.9453e-01
21 23 7.7716e-01
21 25 3.5180e+00
